[{"Plan": {"Node Type": "Aggregate", "Strategy": "Plain", "Partial Mode": "Simple", "Parallel Aware": false, "Startup Cost": 58953.31, "Total Cost": 58953.32, "Plan Rows": 1, "Plan Width": 8, "Actual Startup Time": 48.995, "Actual Total Time": 49.008, "Actual Rows": 1, "Actual Loops": 1, "Output": ["count(*)"], "Plans": [{"Node Type": "Hash Join", "Parent Relationship": "Outer", "Parallel Aware": false, "Join Type": "Inner", "Startup Cost": 2997.24, "Total Cost": 20341.45, "Plan Rows": 15444741, "Plan Width": 0, "Actual Startup Time": 48.98, "Actual Total Time": 48.991, "Actual Rows": 0, "Actual Loops": 1, "Inner Unique": false, "Hash Cond": "(ph.userid = u.id)", "Plans": [{"Node Type": "Nested Loop", "Parent Relationship": "Outer", "Parallel Aware": false, "Join Type": "Inner", "Startup Cost": 0.29, "Total Cost": 4972.53, "Plan Rows": 220433, "Plan Width": 8, "Actual Startup Time": 48.978, "Actual Total Time": 48.982, "Actual Rows": 0, "Actual Loops": 1, "Output": ["ph.userid", "b.userid"], "Inner Unique": false, "Plans": [{"Node Type": "Seq Scan", "Parent Relationship": "Outer", "Parallel Aware": false, "Relation Name": "posthistory", "Schema": "public", "Alias": "ph", "Startup Cost": 0.0, "Total Cost": 2572.93, "Plan Rows": 5880, "Plan Width": 4, "Actual Startup Time": 2.061, "Actual Total Time": 46.696, "Actual Rows": 5913, "Actual Loops": 1, "Output": ["ph.id", "ph.posthistorytypeid", "ph.postid", "ph.creationdate", "ph.userid"], "Filter": "(ph.posthistorytypeid = 25)", "Rows Removed by Filter": 124081}, {"Node Type": "Index Only Scan", "Parent Relationship": "Inner", "Parallel Aware": false, "Scan Direction": "Forward", "Index Name": "idx_badges_userid", "Relation Name": "badges", "Schema": "public", "Alias": "b", "Startup Cost": 0.29, "Total Cost": 0.38, "Plan Rows": 3, "Plan Width": 4, "Actual Startup Time": 0.0, "Actual Total Time": 0.0, "Actual Rows": 0, "Actual Loops": 5913, "Output": ["b.userid"], "Index Cond": "(b.userid = ph.userid)", "Rows Removed by Index Recheck": 0, "Heap Fetches": 0}]}, {"Node Type": "Hash", "Parent Relationship": "Inner", "Parallel Aware": false, "Startup Cost": 2030.98, "Total Cost": 2030.98, "Plan Rows": 77278, "Plan Width": 8, "Actual Startup Time": 0.0, "Actual Total Time": 0.0, "Actual Rows": 0, "Actual Loops": 0, "Output": ["c.userid", "u.id"], "Plans": [{"Node Type": "Hash Join", "Parent Relationship": "Outer", "Parallel Aware": false, "Join Type": "Inner", "Startup Cost": 446.04, "Total Cost": 2030.98, "Plan Rows": 77278, "Plan Width": 8, "Actual Startup Time": 0.0, "Actual Total Time": 0.0, "Actual Rows": 0, "Actual Loops": 0, "Output": ["c.userid", "u.id"], "Inner Unique": true, "Hash Cond": "(c.userid = u.id)", "Plans": [{"Node Type": "Seq Scan", "Parent Relationship": "Outer", "Parallel Aware": false, "Relation Name": "comments", "Schema": "public", "Alias": "c", "Startup Cost": 0.0, "Total Cost": 1376.57, "Plan Rows": 79357, "Plan Width": 4, "Actual Startup Time": 0.0, "Actual Total Time": 0.0, "Actual Rows": 0, "Actual Loops": 0, "Output": ["c.id", "c.postid", "c.score", "c.creationdate", "c.userid"]}, {"Node Type": "Hash", "Parent Relationship": "Inner", "Parallel Aware": false, "Startup Cost": 259.35, "Total Cost": 259.35, "Plan Rows": 14935, "Plan Width": 4, "Actual Startup Time": 0.0, "Actual Total Time": 0.0, "Actual Rows": 0, "Actual Loops": 0, "Output": ["u.id"], "Plans": [{"Node Type": "Seq Scan", "Parent Relationship": "Outer", "Parallel Aware": false, "Relation Name": "users", "Schema": "public", "Alias": "u", "Startup Cost": 0.0, "Total Cost": 259.35, "Plan Rows": 14935, "Plan Width": 4, "Actual Startup Time": 0.0, "Actual Total Time": 0.0, "Actual Rows": 0, "Actual Loops": 0, "Output": ["u.id"]}]}]}]}]}]}, "Planning Time": 4.119, "Triggers": [], "Execution Time": 49.167}]#####[{"Plan": {"Node Type": "Aggregate", "Strategy": "Plain", "Partial Mode": "Simple", "Parallel Aware": false, "Startup Cost": 393033.32, "Total Cost": 393033.33, "Plan Rows": 1, "Plan Width": 8, "Actual Startup Time": 46.0, "Actual Total Time": 46.011, "Actual Rows": 1, "Actual Loops": 1, "Output": ["count(*)"], "Plans": [{"Node Type": "Hash Join", "Parent Relationship": "Outer", "Parallel Aware": false, "Join Type": "Inner", "Startup Cost": 4097.16, "Total Cost": 6914.79, "Plan Rows": 154447413, "Plan Width": 0, "Actual Startup Time": 45.984, "Actual Total Time": 45.994, "Actual Rows": 0, "Actual Loops": 1, "Inner Unique": false, "Hash Cond": "(c.userid = u.id)", "Plans": [{"Node Type": "Seq Scan", "Parent Relationship": "Outer", "Parallel Aware": false, "Relation Name": "comments", "Schema": "public", "Alias": "c", "Startup Cost": 0.0, "Total Cost": 1376.57, "Plan Rows": 79357, "Plan Width": 4, "Actual Startup Time": 0.024, "Actual Total Time": 0.026, "Actual Rows": 1, "Actual Loops": 1, "Output": ["c.id", "c.postid", "c.score", "c.creationdate", "c.userid"]}, {"Node Type": "Hash", "Parent Relationship": "Inner", "Parallel Aware": false, "Startup Cost": 3844.89, "Total Cost": 3844.89, "Plan Rows": 20182, "Plan Width": 12, "Actual Startup Time": 45.691, "Actual Total Time": 45.697, "Actual Rows": 0, "Actual Loops": 1, "Output": ["ph.userid", "b.userid", "u.id"], "Hash Buckets": 32768, "Original Hash Buckets": 32768, "Hash Batches": 1, "Original Hash Batches": 1, "Peak Memory Usage": 256, "Plans": [{"Node Type": "Hash Join", "Parent Relationship": "Outer", "Parallel Aware": false, "Join Type": "Inner", "Startup Cost": 3101.7, "Total Cost": 3844.89, "Plan Rows": 20182, "Plan Width": 12, "Actual Startup Time": 45.69, "Actual Total Time": 45.696, "Actual Rows": 0, "Actual Loops": 1, "Output": ["ph.userid", "b.userid", "u.id"], "Inner Unique": false, "Hash Cond": "(b.userid = u.id)", "Plans": [{"Node Type": "Seq Scan", "Parent Relationship": "Outer", "Parallel Aware": false, "Relation Name": "badges", "Schema": "public", "Alias": "b", "Startup Cost": 0.0, "Total Cost": 503.24, "Plan Rows": 32624, "Plan Width": 4, "Actual Startup Time": 0.014, "Actual Total Time": 0.014, "Actual Rows": 1, "Actual Loops": 1, "Output": ["b.id", "b.userid", "b.date"]}, {"Node Type": "Hash", "Parent Relationship": "Inner", "Parallel Aware": false, "Startup Cost": 3034.4, "Total Cost": 3034.4, "Plan Rows": 5384, "Plan Width": 8, "Actual Startup Time": 45.623, "Actual Total Time": 45.628, "Actual Rows": 0, "Actual Loops": 1, "Output": ["ph.userid", "u.id"], "Hash Buckets": 8192, "Original Hash Buckets": 8192, "Hash Batches": 1, "Original Hash Batches": 1, "Peak Memory Usage": 64, "Plans": [{"Node Type": "Hash Join", "Parent Relationship": "Outer", "Parallel Aware": false, "Join Type": "Inner", "Startup Cost": 446.04, "Total Cost": 3034.4, "Plan Rows": 5384, "Plan Width": 8, "Actual Startup Time": 45.622, "Actual Total Time": 45.626, "Actual Rows": 0, "Actual Loops": 1, "Output": ["ph.userid", "u.id"], "Inner Unique": true, "Hash Cond": "(ph.userid = u.id)", "Plans": [{"Node Type": "Seq Scan", "Parent Relationship": "Outer", "Parallel Aware": false, "Relation Name": "posthistory", "Schema": "public", "Alias": "ph", "Startup Cost": 0.0, "Total Cost": 2572.93, "Plan Rows": 5880, "Plan Width": 4, "Actual Startup Time": 5.843, "Actual Total Time": 26.284, "Actual Rows": 5913, "Actual Loops": 1, "Output": ["ph.id", "ph.posthistorytypeid", "ph.postid", "ph.creationdate", "ph.userid"], "Filter": "(ph.posthistorytypeid = 25)", "Rows Removed by Filter": 124081}, {"Node Type": "Hash", "Parent Relationship": "Inner", "Parallel Aware": false, "Startup Cost": 259.35, "Total Cost": 259.35, "Plan Rows": 14935, "Plan Width": 4, "Actual Startup Time": 18.594, "Actual Total Time": 18.596, "Actual Rows": 14935, "Actual Loops": 1, "Output": ["u.id"], "Hash Buckets": 16384, "Original Hash Buckets": 16384, "Hash Batches": 1, "Original Hash Batches": 1, "Peak Memory Usage": 654, "Plans": [{"Node Type": "Seq Scan", "Parent Relationship": "Outer", "Parallel Aware": false, "Relation Name": "users", "Schema": "public", "Alias": "u", "Startup Cost": 0.0, "Total Cost": 259.35, "Plan Rows": 14935, "Plan Width": 4, "Actual Startup Time": 0.021, "Actual Total Time": 12.441, "Actual Rows": 14935, "Actual Loops": 1, "Output": ["u.id"]}]}]}]}]}]}]}]}, "Planning Time": 4.116, "Triggers": [], "Execution Time": 46.323}]#####[{"Plan": {"Node Type": "Aggregate", "Strategy": "Plain", "Partial Mode": "Simple", "Parallel Aware": false, "Startup Cost": 391653.49, "Total Cost": 391653.5, "Plan Rows": 1, "Plan Width": 8, "Actual Startup Time": 18.244, "Actual Total Time": 18.254, "Actual Rows": 1, "Actual Loops": 1, "Output": ["count(*)"], "Plans": [{"Node Type": "Nested Loop", "Parent Relationship": "Outer", "Parallel Aware": false, "Join Type": "Inner", "Startup Cost": 3101.99, "Total Cost": 5534.96, "Plan Rows": 154447413, "Plan Width": 0, "Actual Startup Time": 18.231, "Actual Total Time": 18.241, "Actual Rows": 0, "Actual Loops": 1, "Inner Unique": false, "Plans": [{"Node Type": "Hash Join", "Parent Relationship": "Outer", "Parallel Aware": false, "Join Type": "Inner", "Startup Cost": 3101.7, "Total Cost": 3844.89, "Plan Rows": 2018, "Plan Width": 12, "Actual Startup Time": 18.23, "Actual Total Time": 18.238, "Actual Rows": 0, "Actual Loops": 1, "Output": ["ph.userid", "b.userid", "u.id"], "Inner Unique": false, "Hash Cond": "(b.userid = u.id)", "Plans": [{"Node Type": "Seq Scan", "Parent Relationship": "Outer", "Parallel Aware": false, "Relation Name": "badges", "Schema": "public", "Alias": "b", "Startup Cost": 0.0, "Total Cost": 503.24, "Plan Rows": 32624, "Plan Width": 4, "Actual Startup Time": 0.015, "Actual Total Time": 0.019, "Actual Rows": 1, "Actual Loops": 1, "Output": ["b.id", "b.userid", "b.date"]}, {"Node Type": "Hash", "Parent Relationship": "Inner", "Parallel Aware": false, "Startup Cost": 3034.4, "Total Cost": 3034.4, "Plan Rows": 5384, "Plan Width": 8, "Actual Startup Time": 18.155, "Actual Total Time": 18.16, "Actual Rows": 0, "Actual Loops": 1, "Output": ["ph.userid", "u.id"], "Hash Buckets": 8192, "Original Hash Buckets": 8192, "Hash Batches": 1, "Original Hash Batches": 1, "Peak Memory Usage": 64, "Plans": [{"Node Type": "Hash Join", "Parent Relationship": "Outer", "Parallel Aware": false, "Join Type": "Inner", "Startup Cost": 446.04, "Total Cost": 3034.4, "Plan Rows": 5384, "Plan Width": 8, "Actual Startup Time": 18.154, "Actual Total Time": 18.158, "Actual Rows": 0, "Actual Loops": 1, "Output": ["ph.userid", "u.id"], "Inner Unique": true, "Hash Cond": "(ph.userid = u.id)", "Plans": [{"Node Type": "Seq Scan", "Parent Relationship": "Outer", "Parallel Aware": false, "Relation Name": "posthistory", "Schema": "public", "Alias": "ph", "Startup Cost": 0.0, "Total Cost": 2572.93, "Plan Rows": 5880, "Plan Width": 4, "Actual Startup Time": 1.736, "Actual Total Time": 13.271, "Actual Rows": 5913, "Actual Loops": 1, "Output": ["ph.id", "ph.posthistorytypeid", "ph.postid", "ph.creationdate", "ph.userid"], "Filter": "(ph.posthistorytypeid = 25)", "Rows Removed by Filter": 124081}, {"Node Type": "Hash", "Parent Relationship": "Inner", "Parallel Aware": false, "Startup Cost": 259.35, "Total Cost": 259.35, "Plan Rows": 14935, "Plan Width": 4, "Actual Startup Time": 4.496, "Actual Total Time": 4.498, "Actual Rows": 14935, "Actual Loops": 1, "Output": ["u.id"], "Hash Buckets": 16384, "Original Hash Buckets": 16384, "Hash Batches": 1, "Original Hash Batches": 1, "Peak Memory Usage": 654, "Plans": [{"Node Type": "Seq Scan", "Parent Relationship": "Outer", "Parallel Aware": false, "Relation Name": "users", "Schema": "public", "Alias": "u", "Startup Cost": 0.0, "Total Cost": 259.35, "Plan Rows": 14935, "Plan Width": 4, "Actual Startup Time": 0.012, "Actual Total Time": 2.527, "Actual Rows": 14935, "Actual Loops": 1, "Output": ["u.id"]}]}]}]}]}, {"Node Type": "Index Only Scan", "Parent Relationship": "Inner", "Parallel Aware": false, "Scan Direction": "Forward", "Index Name": "idx_comments_userid", "Relation Name": "comments", "Schema": "public", "Alias": "c", "Startup Cost": 0.29, "Total Cost": 0.65, "Plan Rows": 19, "Plan Width": 4, "Actual Startup Time": 0.0, "Actual Total Time": 0.0, "Actual Rows": 0, "Actual Loops": 0, "Output": ["c.userid"], "Index Cond": "(c.userid = u.id)", "Rows Removed by Index Recheck": 0, "Heap Fetches": 0}]}]}, "Planning Time": 4.127, "Triggers": [], "Execution Time": 18.433}]
[{"Plan": {"Node Type": "Aggregate", "Strategy": "Plain", "Partial Mode": "Simple", "Parallel Aware": false, "Startup Cost": 61901.56, "Total Cost": 61901.57, "Plan Rows": 1, "Plan Width": 8, "Actual Startup Time": 627951.294, "Actual Total Time": 627951.304, "Actual Rows": 1, "Actual Loops": 1, "Output": ["count(*)"], "Plans": [{"Node Type": "Nested Loop", "Parent Relationship": "Outer", "Parallel Aware": false, "Join Type": "Inner", "Startup Cost": 1679.39, "Total Cost": 57235.14, "Plan Rows": 1866571, "Plan Width": 0, "Actual Startup Time": 15.648, "Actual Total Time": 549244.964, "Actual Rows": 1853325008, "Actual Loops": 1, "Inner Unique": false, "Plans": [{"Node Type": "Hash Join", "Parent Relationship": "Outer", "Parallel Aware": false, "Join Type": "Inner", "Startup Cost": 1679.1, "Total Cost": 2860.54, "Plan Rows": 51508, "Plan Width": 12, "Actual Startup Time": 15.608, "Actual Total Time": 362.799, "Actual Rows": 1019250, "Actual Loops": 1, "Output": ["p.owneruserid", "u.id", "b.userid"], "Inner Unique": false, "Hash Cond": "(b.userid = u.id)", "Plans": [{"Node Type": "Seq Scan", "Parent Relationship": "Outer", "Parallel Aware": false, "Relation Name": "badges", "Schema": "public", "Alias": "b", "Startup Cost": 0.0, "Total Cost": 503.24, "Plan Rows": 32624, "Plan Width": 4, "Actual Startup Time": 0.025, "Actual Total Time": 7.425, "Actual Rows": 32624, "Actual Loops": 1, "Output": ["b.id", "b.userid", "b.date"]}, {"Node Type": "Hash", "Parent Relationship": "Inner", "Parallel Aware": false, "Startup Cost": 1384.35, "Total Cost": 1384.35, "Plan Rows": 23580, "Plan Width": 8, "Actual Startup Time": 15.477, "Actual Total Time": 15.482, "Actual Rows": 23625, "Actual Loops": 1, "Output": ["p.owneruserid", "u.id"], "Hash Buckets": 32768, "Original Hash Buckets": 32768, "Hash Batches": 1, "Original Hash Batches": 1, "Peak Memory Usage": 1179, "Plans": [{"Node Type": "Hash Join", "Parent Relationship": "Outer", "Parallel Aware": false, "Join Type": "Inner", "Startup Cost": 446.04, "Total Cost": 1384.35, "Plan Rows": 23580, "Plan Width": 8, "Actual Startup Time": 3.424, "Actual Total Time": 12.939, "Actual Rows": 23625, "Actual Loops": 1, "Output": ["p.owneruserid", "u.id"], "Inner Unique": true, "Hash Cond": "(p.owneruserid = u.id)", "Plans": [{"Node Type": "Seq Scan", "Parent Relationship": "Outer", "Parallel Aware": false, "Relation Name": "posts", "Schema": "public", "Alias": "p", "Startup Cost": 0.0, "Total Cost": 874.79, "Plan Rows": 24190, "Plan Width": 4, "Actual Startup Time": 0.029, "Actual Total Time": 5.702, "Actual Rows": 24165, "Actual Loops": 1, "Output": ["p.id", "p.posttypeid", "p.creationdate", "p.score", "p.viewcount", "p.owneruserid", "p.answercount", "p.commentcount", "p.favoritecount", "p.lasteditoruserid"], "Filter": "(p.posttypeid = 2)", "Rows Removed by Filter": 17018}, {"Node Type": "Hash", "Parent Relationship": "Inner", "Parallel Aware": false, "Startup Cost": 259.35, "Total Cost": 259.35, "Plan Rows": 14935, "Plan Width": 4, "Actual Startup Time": 3.344, "Actual Total Time": 3.346, "Actual Rows": 14935, "Actual Loops": 1, "Output": ["u.id"], "Hash Buckets": 16384, "Original Hash Buckets": 16384, "Hash Batches": 1, "Original Hash Batches": 1, "Peak Memory Usage": 654, "Plans": [{"Node Type": "Seq Scan", "Parent Relationship": "Outer", "Parallel Aware": false, "Relation Name": "users", "Schema": "public", "Alias": "u", "Startup Cost": 0.0, "Total Cost": 259.35, "Plan Rows": 14935, "Plan Width": 4, "Actual Startup Time": 0.014, "Actual Total Time": 1.989, "Actual Rows": 14935, "Actual Loops": 1, "Output": ["u.id"]}]}]}]}]}, {"Node Type": "Index Scan", "Parent Relationship": "Inner", "Parallel Aware": false, "Scan Direction": "Forward", "Index Name": "idx_posthistory_userid", "Relation Name": "posthistory", "Schema": "public", "Alias": "ph", "Startup Cost": 0.29, "Total Cost": 0.88, "Plan Rows": 18, "Plan Width": 4, "Actual Startup Time": 0.003, "Actual Total Time": 0.424, "Actual Rows": 1818, "Actual Loops": 1019250, "Output": ["ph.id", "ph.posthistorytypeid", "ph.postid", "ph.creationdate", "ph.userid"], "Index Cond": "(ph.userid = b.userid)", "Rows Removed by Index Recheck": 0, "Filter": "((ph.creationdate >= '2009-09-27 18:08:19'::timestamp without time zone) AND (ph.creationdate <= '2012-12-10 08:22:43'::timestamp without time zone))", "Rows Removed by Filter": 112}]}]}, "Planning Time": 1.697, "Triggers": [], "Execution Time": 627951.449}]#####[{"Plan": {"Node Type": "Aggregate", "Strategy": "Plain", "Partial Mode": "Simple", "Parallel Aware": false, "Startup Cost": 77996.75, "Total Cost": 77996.76, "Plan Rows": 1, "Plan Width": 8, "Actual Startup Time": 349575.476, "Actual Total Time": 349575.712, "Actual Rows": 1, "Actual Loops": 1, "Output": ["count(*)"], "Plans": [{"Node Type": "Hash Join", "Parent Relationship": "Outer", "Parallel Aware": false, "Join Type": "Inner", "Startup Cost": 7227.6, "Total Cost": 73347.17, "Plan Rows": 1859832, "Plan Width": 0, "Actual Startup Time": 60.062, "Actual Total Time": 230225.761, "Actual Rows": 2921101858, "Actual Loops": 1, "Inner Unique": false, "Hash Cond": "(b.userid = u.id)", "Plans": [{"Node Type": "Nested Loop", "Parent Relationship": "Outer", "Parallel Aware": false, "Join Type": "Inner", "Startup Cost": 0.29, "Total Cost": 16121.75, "Plan Rows": 1021016, "Plan Width": 8, "Actual Startup Time": 0.048, "Actual Total Time": 786.341, "Actual Rows": 1857048, "Actual Loops": 1, "Output": ["p.owneruserid", "b.userid"], "Inner Unique": false, "Plans": [{"Node Type": "Seq Scan", "Parent Relationship": "Outer", "Parallel Aware": false, "Relation Name": "posts", "Schema": "public", "Alias": "p", "Startup Cost": 0.0, "Total Cost": 1398.15, "Plan Rows": 35879, "Plan Width": 4, "Actual Startup Time": 0.035, "Actual Total Time": 46.629, "Actual Rows": 35977, "Actual Loops": 1, "Output": ["p.id", "p.posttypeid", "p.creationdate", "p.score", "p.viewcount", "p.owneruserid", "p.answercount", "p.commentcount", "p.favoritecount", "p.lasteditoruserid"], "Filter": "(p.posttypeid = 2)", "Rows Removed by Filter": 29715}, {"Node Type": "Index Only Scan", "Parent Relationship": "Inner", "Parallel Aware": false, "Scan Direction": "Forward", "Index Name": "idx_badges_userid", "Relation Name": "badges", "Schema": "public", "Alias": "b", "Startup Cost": 0.29, "Total Cost": 0.37, "Plan Rows": 4, "Plan Width": 4, "Actual Startup Time": 0.006, "Actual Total Time": 0.015, "Actual Rows": 52, "Actual Loops": 35977, "Output": ["b.userid"], "Index Cond": "(b.userid = p.owneruserid)", "Rows Removed by Index Recheck": 0, "Heap Fetches": 0}]}, {"Node Type": "Hash", "Parent Relationship": "Inner", "Parallel Aware": false, "Startup Cost": 5882.16, "Total Cost": 5882.16, "Plan Rows": 107612, "Plan Width": 8, "Actual Startup Time": 59.615, "Actual Total Time": 59.847, "Actual Rows": 107983, "Actual Loops": 1, "Output": ["ph.userid", "u.id"], "Hash Buckets": 131072, "Original Hash Buckets": 131072, "Hash Batches": 1, "Original Hash Batches": 1, "Peak Memory Usage": 5243, "Plans": [{"Node Type": "Hash Join", "Parent Relationship": "Outer", "Parallel Aware": false, "Join Type": "Inner", "Startup Cost": 774.88, "Total Cost": 5882.16, "Plan Rows": 107612, "Plan Width": 8, "Actual Startup Time": 6.083, "Actual Total Time": 48.245, "Actual Rows": 107983, "Actual Loops": 1, "Output": ["ph.userid", "u.id"], "Inner Unique": true, "Hash Cond": "(ph.userid = u.id)", "Plans": [{"Node Type": "Seq Scan", "Parent Relationship": "Outer", "Parallel Aware": false, "Relation Name": "posthistory", "Schema": "public", "Alias": "ph", "Startup Cost": 0.0, "Total Cost": 4800.17, "Plan Rows": 116978, "Plan Width": 4, "Actual Startup Time": 0.018, "Actual Total Time": 25.657, "Actual Rows": 118271, "Actual Loops": 1, "Output": ["ph.id", "ph.posthistorytypeid", "ph.postid", "ph.creationdate", "ph.userid"], "Filter": "((ph.creationdate >= '2009-09-27 18:08:19'::timestamp without time zone) AND (ph.creationdate <= '2012-12-10 08:22:43'::timestamp without time zone))", "Rows Removed by Filter": 97007}, {"Node Type": "Hash", "Parent Relationship": "Inner", "Parallel Aware": false, "Startup Cost": 450.5, "Total Cost": 450.5, "Plan Rows": 25950, "Plan Width": 4, "Actual Startup Time": 5.957, "Actual Total Time": 5.959, "Actual Rows": 25950, "Actual Loops": 1, "Output": ["u.id"], "Hash Buckets": 32768, "Original Hash Buckets": 32768, "Hash Batches": 1, "Original Hash Batches": 1, "Peak Memory Usage": 1169, "Plans": [{"Node Type": "Seq Scan", "Parent Relationship": "Outer", "Parallel Aware": false, "Relation Name": "users", "Schema": "public", "Alias": "u", "Startup Cost": 0.0, "Total Cost": 450.5, "Plan Rows": 25950, "Plan Width": 4, "Actual Startup Time": 0.013, "Actual Total Time": 3.26, "Actual Rows": 25950, "Actual Loops": 1, "Output": ["u.id"]}]}]}]}]}]}, "Planning Time": 1.527, "Triggers": [], "Execution Time": 349576.14}]#####[{"Plan": {"Node Type": "Aggregate", "Strategy": "Plain", "Partial Mode": "Simple", "Parallel Aware": false, "Startup Cost": 181566.17, "Total Cost": 181566.18, "Plan Rows": 1, "Plan Width": 8, "Actual Startup Time": 692136.884, "Actual Total Time": 692136.887, "Actual Rows": 1, "Actual Loops": 1, "Output": ["count(*)"], "Plans": [{"Node Type": "Nested Loop", "Parent Relationship": "Outer", "Parallel Aware": false, "Join Type": "Inner", "Startup Cost": 3.77, "Total Cost": 134901.89, "Plan Rows": 18665710, "Plan Width": 0, "Actual Startup Time": 0.871, "Actual Total Time": 608040.712, "Actual Rows": 1853325008, "Actual Loops": 1, "Inner Unique": false, "Plans": [{"Node Type": "Merge Join", "Parent Relationship": "Outer", "Parallel Aware": false, "Join Type": "Inner", "Startup Cost": 3.47, "Total Cost": 80527.29, "Plan Rows": 51508, "Plan Width": 12, "Actual Startup Time": 0.823, "Actual Total Time": 504.101, "Actual Rows": 1019250, "Actual Loops": 1, "Output": ["p.owneruserid", "u.id", "b.userid"], "Inner Unique": false, "Merge Cond": "(b.userid = u.id)", "Plans": [{"Node Type": "Index Only Scan", "Parent Relationship": "Outer", "Parallel Aware": false, "Scan Direction": "Forward", "Index Name": "idx_badges_userid", "Relation Name": "badges", "Schema": "public", "Alias": "b", "Startup Cost": 0.29, "Total Cost": 713.65, "Plan Rows": 32624, "Plan Width": 4, "Actual Startup Time": 0.036, "Actual Total Time": 7.493, "Actual Rows": 32624, "Actual Loops": 1, "Output": ["b.userid"], "Heap Fetches": 0}, {"Node Type": "Materialize", "Parent Relationship": "Inner", "Parallel Aware": false, "Startup Cost": 0.57, "Total Cost": 8476.05, "Plan Rows": 2358000, "Plan Width": 8, "Actual Startup Time": 0.78, "Actual Total Time": 232.073, "Actual Rows": 1019437, "Actual Loops": 1, "Output": ["p.owneruserid", "u.id"], "Plans": [{"Node Type": "Merge Join", "Parent Relationship": "Outer", "Parallel Aware": false, "Join Type": "Inner", "Startup Cost": 0.57, "Total Cost": 2581.05, "Plan Rows": 2358000, "Plan Width": 8, "Actual Startup Time": 0.774, "Actual Total Time": 53.813, "Actual Rows": 23625, "Actual Loops": 1, "Output": ["p.owneruserid", "u.id"], "Inner Unique": true, "Merge Cond": "(p.owneruserid = u.id)", "Plans": [{"Node Type": "Index Scan", "Parent Relationship": "Outer", "Parallel Aware": false, "Scan Direction": "Forward", "Index Name": "idx_posts_owneruserid", "Relation Name": "posts", "Schema": "public", "Alias": "p", "Startup Cost": 0.29, "Total Cost": 1904.15, "Plan Rows": 24190, "Plan Width": 4, "Actual Startup Time": 0.724, "Actual Total Time": 45.797, "Actual Rows": 23635, "Actual Loops": 1, "Output": ["p.id", "p.posttypeid", "p.creationdate", "p.score", "p.viewcount", "p.owneruserid", "p.answercount", "p.commentcount", "p.favoritecount", "p.lasteditoruserid"], "Filter": "(p.posttypeid = 2)", "Rows Removed by Filter": 16506}, {"Node Type": "Index Only Scan", "Parent Relationship": "Inner", "Parallel Aware": false, "Scan Direction": "Forward", "Index Name": "users_pkey", "Relation Name": "users", "Schema": "public", "Alias": "u", "Startup Cost": 0.29, "Total Cost": 396.31, "Plan Rows": 14935, "Plan Width": 4, "Actual Startup Time": 0.044, "Actual Total Time": 1.897, "Actual Rows": 14935, "Actual Loops": 1, "Output": ["u.id"], "Heap Fetches": 0}]}]}]}, {"Node Type": "Index Scan", "Parent Relationship": "Inner", "Parallel Aware": false, "Scan Direction": "Forward", "Index Name": "idx_posthistory_userid", "Relation Name": "posthistory", "Schema": "public", "Alias": "ph", "Startup Cost": 0.29, "Total Cost": 0.88, "Plan Rows": 18, "Plan Width": 4, "Actual Startup Time": 0.003, "Actual Total Time": 0.481, "Actual Rows": 1818, "Actual Loops": 1019250, "Output": ["ph.id", "ph.posthistorytypeid", "ph.postid", "ph.creationdate", "ph.userid"], "Index Cond": "(ph.userid = b.userid)", "Rows Removed by Index Recheck": 0, "Filter": "((ph.creationdate >= '2009-09-27 18:08:19'::timestamp without time zone) AND (ph.creationdate <= '2012-12-10 08:22:43'::timestamp without time zone))", "Rows Removed by Filter": 112}]}]}, "Planning Time": 1.537, "Triggers": [], "Execution Time": 692137.129}]
[{"Plan": {"Node Type": "Aggregate", "Strategy": "Plain", "Partial Mode": "Simple", "Parallel Aware": false, "Startup Cost": 12363.5, "Total Cost": 12363.51, "Plan Rows": 1, "Plan Width": 8, "Actual Startup Time": 180.282, "Actual Total Time": 180.295, "Actual Rows": 1, "Actual Loops": 1, "Output": ["count(*)"], "Plans": [{"Node Type": "Hash Join", "Parent Relationship": "Outer", "Parallel Aware": false, "Join Type": "Inner", "Startup Cost": 10455.49, "Total Cost": 12122.77, "Plan Rows": 96290, "Plan Width": 0, "Actual Startup Time": 104.699, "Actual Total Time": 160.344, "Actual Rows": 360068, "Actual Loops": 1, "Inner Unique": false, "Hash Cond": "(b.userid = u.id)", "Plans": [{"Node Type": "Seq Scan", "Parent Relationship": "Outer", "Parallel Aware": false, "Relation Name": "badges", "Schema": "public", "Alias": "b", "Startup Cost": 0.0, "Total Cost": 584.8, "Plan Rows": 31717, "Plan Width": 4, "Actual Startup Time": 0.24, "Actual Total Time": 7.07, "Actual Rows": 31681, "Actual Loops": 1, "Output": ["b.id", "b.userid", "b.date"], "Filter": "(b.date >= '2010-07-29 20:04:10'::timestamp without time zone)", "Rows Removed by Filter": 943}, {"Node Type": "Hash", "Parent Relationship": "Inner", "Parallel Aware": false, "Startup Cost": 9981.69, "Total Cost": 9981.69, "Plan Rows": 37904, "Plan Width": 8, "Actual Startup Time": 101.224, "Actual Total Time": 101.233, "Actual Rows": 42733, "Actual Loops": 1, "Output": ["p.owneruserid", "u.id"], "Hash Buckets": 65536, "Original Hash Buckets": 65536, "Hash Batches": 1, "Original Hash Batches": 1, "Peak Memory Usage": 2182, "Plans": [{"Node Type": "Hash Join", "Parent Relationship": "Outer", "Parallel Aware": false, "Join Type": "Inner", "Startup Cost": 7334.02, "Total Cost": 9981.69, "Plan Rows": 37904, "Plan Width": 8, "Actual Startup Time": 66.737, "Actual Total Time": 93.523, "Actual Rows": 42733, "Actual Loops": 1, "Output": ["p.owneruserid", "u.id"], "Inner Unique": false, "Hash Cond": "(c.postid = p.id)", "Plans": [{"Node Type": "Seq Scan", "Parent Relationship": "Outer", "Parallel Aware": false, "Relation Name": "comments", "Schema": "public", "Alias": "c", "Startup Cost": 0.0, "Total Cost": 1773.36, "Plan Rows": 79249, "Plan Width": 4, "Actual Startup Time": 0.02, "Actual Total Time": 15.3, "Actual Rows": 79338, "Actual Loops": 1, "Output": ["c.id", "c.postid", "c.score", "c.creationdate", "c.userid"], "Filter": "((c.creationdate >= '2009-04-12 07:48:50'::timestamp without time zone) AND (c.creationdate <= '2014-09-12 14:48:38'::timestamp without time zone))", "Rows Removed by Filter": 19}, {"Node Type": "Hash", "Parent Relationship": "Inner", "Parallel Aware": false, "Startup Cost": 7087.82, "Total Cost": 7087.82, "Plan Rows": 19696, "Plan Width": 20, "Actual Startup Time": 62.352, "Actual Total Time": 62.359, "Actual Rows": 15634, "Actual Loops": 1, "Output": ["p.owneruserid", "p.id", "ph.postid", "v.postid", "u.id"], "Hash Buckets": 32768, "Original Hash Buckets": 32768, "Hash Batches": 1, "Original Hash Batches": 1, "Peak Memory Usage": 1050, "Plans": [{"Node Type": "Nested Loop", "Parent Relationship": "Outer", "Parallel Aware": false, "Join Type": "Inner", "Startup Cost": 1601.16, "Total Cost": 7087.82, "Plan Rows": 19696, "Plan Width": 20, "Actual Startup Time": 21.761, "Actual Total Time": 58.771, "Actual Rows": 15634, "Actual Loops": 1, "Output": ["p.owneruserid", "p.id", "ph.postid", "v.postid", "u.id"], "Inner Unique": false, "Join Filter": "(p.id = v.postid)", "Rows Removed by Join Filter": 0, "Plans": [{"Node Type": "Hash Join", "Parent Relationship": "Outer", "Parallel Aware": false, "Join Type": "Inner", "Startup Cost": 1600.87, "Total Cost": 4624.46, "Plan Rows": 4939, "Plan Width": 16, "Actual Startup Time": 21.121, "Actual Total Time": 45.81, "Actual Rows": 3305, "Actual Loops": 1, "Output": ["p.owneruserid", "p.id", "ph.postid", "u.id"], "Inner Unique": true, "Hash Cond": "(p.owneruserid = u.id)", "Plans": [{"Node Type": "Hash Join", "Parent Relationship": "Outer", "Parallel Aware": false, "Join Type": "Inner", "Startup Cost": 1168.29, "Total Cost": 4173.61, "Plan Rows": 6961, "Plan Width": 12, "Actual Startup Time": 9.618, "Actual Total Time": 38.222, "Actual Rows": 7078, "Actual Loops": 1, "Output": ["p.owneruserid", "p.id", "ph.postid"], "Inner Unique": true, "Hash Cond": "(ph.postid = p.id)", "Plans": [{"Node Type": "Seq Scan", "Parent Relationship": "Outer", "Parallel Aware": false, "Relation Name": "posthistory", "Schema": "public", "Alias": "ph", "Startup Cost": 0.0, "Total Cost": 2897.91, "Plan Rows": 40914, "Plan Width": 4, "Actual Startup Time": 0.018, "Actual Total Time": 21.088, "Actual Rows": 41183, "Actual Loops": 1, "Output": ["ph.id", "ph.posthistorytypeid", "ph.postid", "ph.creationdate", "ph.userid"], "Filter": "((ph.creationdate <= '2014-08-30 17:38:38'::timestamp without time zone) AND (ph.posthistorytypeid = 2))", "Rows Removed by Filter": 88811}, {"Node Type": "Hash", "Parent Relationship": "Inner", "Parallel Aware": false, "Startup Cost": 1080.7, "Total Cost": 1080.7, "Plan Rows": 7007, "Plan Width": 8, "Actual Startup Time": 9.55, "Actual Total Time": 9.551, "Actual Rows": 7078, "Actual Loops": 1, "Output": ["p.owneruserid", "p.id"], "Hash Buckets": 8192, "Original Hash Buckets": 8192, "Hash Batches": 1, "Original Hash Batches": 1, "Peak Memory Usage": 340, "Plans": [{"Node Type": "Seq Scan", "Parent Relationship": "Outer", "Parallel Aware": false, "Relation Name": "posts", "Schema": "public", "Alias": "p", "Startup Cost": 0.0, "Total Cost": 1080.7, "Plan Rows": 7007, "Plan Width": 8, "Actual Startup Time": 0.017, "Actual Total Time": 8.36, "Actual Rows": 7078, "Actual Loops": 1, "Output": ["p.owneruserid", "p.id"], "Filter": "((p.commentcount >= 0) AND (p.commentcount <= 15) AND (p.favoritecount <= 10))", "Rows Removed by Filter": 34105}]}]}, {"Node Type": "Hash", "Parent Relationship": "Inner", "Parallel Aware": false, "Startup Cost": 296.69, "Total Cost": 296.69, "Plan Rows": 10871, "Plan Width": 4, "Actual Startup Time": 5.471, "Actual Total Time": 5.472, "Actual Rows": 10870, "Actual Loops": 1, "Output": ["u.id"], "Hash Buckets": 16384, "Original Hash Buckets": 16384, "Hash Batches": 1, "Original Hash Batches": 1, "Peak Memory Usage": 511, "Plans": [{"Node Type": "Seq Scan", "Parent Relationship": "Outer", "Parallel Aware": false, "Relation Name": "users", "Schema": "public", "Alias": "u", "Startup Cost": 0.0, "Total Cost": 296.69, "Plan Rows": 10871, "Plan Width": 4, "Actual Startup Time": 0.882, "Actual Total Time": 3.48, "Actual Rows": 10870, "Actual Loops": 1, "Output": ["u.id"], "Filter": "(u.creationdate >= '2011-08-18 14:53:56'::timestamp without time zone)", "Rows Removed by Filter": 4065}]}]}, {"Node Type": "Index Only Scan", "Parent Relationship": "Inner", "Parallel Aware": false, "Scan Direction": "Forward", "Index Name": "idx_votes_postid", "Relation Name": "votes", "Schema": "public", "Alias": "v", "Startup Cost": 0.29, "Total Cost": 0.42, "Plan Rows": 6, "Plan Width": 4, "Actual Startup Time": 0.003, "Actual Total Time": 0.003, "Actual Rows": 5, "Actual Loops": 3305, "Output": ["v.postid"], "Index Cond": "(v.postid = ph.postid)", "Rows Removed by Index Recheck": 0, "Heap Fetches": 0}]}]}]}]}]}]}, "Planning Time": 6.819, "Triggers": [], "Execution Time": 180.663}]#####[{"Plan": {"Node Type": "Aggregate", "Strategy": "Plain", "Partial Mode": "Simple", "Parallel Aware": false, "Startup Cost": 15563.83, "Total Cost": 15563.84, "Plan Rows": 1, "Plan Width": 8, "Actual Startup Time": 150.91, "Actual Total Time": 150.922, "Actual Rows": 1, "Actual Loops": 1, "Output": ["count(*)"], "Plans": [{"Node Type": "Hash Join", "Parent Relationship": "Outer", "Parallel Aware": false, "Join Type": "Inner", "Startup Cost": 8021.79, "Total Cost": 13156.56, "Plan Rows": 962909, "Plan Width": 0, "Actual Startup Time": 78.749, "Actual Total Time": 136.711, "Actual Rows": 360068, "Actual Loops": 1, "Inner Unique": false, "Hash Cond": "(p.owneruserid = u.id)", "Plans": [{"Node Type": "Hash Join", "Parent Relationship": "Outer", "Parallel Aware": false, "Join Type": "Inner", "Startup Cost": 6632.56, "Total Cost": 10695.28, "Plan Rows": 53422, "Plan Width": 4, "Actual Startup Time": 48.181, "Actual Total Time": 87.571, "Actual Rows": 103054, "Actual Loops": 1, "Output": ["p.owneruserid"], "Inner Unique": false, "Hash Cond": "(v.postid = p.id)", "Plans": [{"Node Type": "Seq Scan", "Parent Relationship": "Outer", "Parallel Aware": false, "Relation Name": "votes", "Schema": "public", "Alias": "v", "Startup Cost": 0.0, "Total Cost": 2707.33, "Plan Rows": 164233, "Plan Width": 4, "Actual Startup Time": 0.014, "Actual Total Time": 10.647, "Actual Rows": 164233, "Actual Loops": 1, "Output": ["v.id", "v.postid", "v.votetypeid", "v.creationdate", "v.userid", "v.bountyamount"]}, {"Node Type": "Hash", "Parent Relationship": "Inner", "Parallel Aware": false, "Startup Cost": 6465.11, "Total Cost": 6465.11, "Plan Rows": 13396, "Plan Width": 16, "Actual Startup Time": 48.093, "Actual Total Time": 48.099, "Actual Rows": 15649, "Actual Loops": 1, "Output": ["c.postid", "p.owneruserid", "p.id", "ph.postid"], "Hash Buckets": 16384, "Original Hash Buckets": 16384, "Hash Batches": 1, "Original Hash Batches": 1, "Peak Memory Usage": 860, "Plans": [{"Node Type": "Hash Join", "Parent Relationship": "Outer", "Parallel Aware": false, "Join Type": "Inner", "Startup Cost": 4260.62, "Total Cost": 6465.11, "Plan Rows": 13396, "Plan Width": 16, "Actual Startup Time": 27.44, "Actual Total Time": 45.824, "Actual Rows": 15649, "Actual Loops": 1, "Output": ["c.postid", "p.owneruserid", "p.id", "ph.postid"], "Inner Unique": false, "Hash Cond": "(c.postid = p.id)", "Plans": [{"Node Type": "Seq Scan", "Parent Relationship": "Outer", "Parallel Aware": false, "Relation Name": "comments", "Schema": "public", "Alias": "c", "Startup Cost": 0.0, "Total Cost": 1773.36, "Plan Rows": 79249, "Plan Width": 4, "Actual Startup Time": 0.009, "Actual Total Time": 10.682, "Actual Rows": 79338, "Actual Loops": 1, "Output": ["c.id", "c.postid", "c.score", "c.creationdate", "c.userid"], "Filter": "((c.creationdate >= '2009-04-12 07:48:50'::timestamp without time zone) AND (c.creationdate <= '2014-09-12 14:48:38'::timestamp without time zone))", "Rows Removed by Filter": 19}, {"Node Type": "Hash", "Parent Relationship": "Inner", "Parallel Aware": false, "Startup Cost": 4173.61, "Total Cost": 4173.61, "Plan Rows": 6961, "Plan Width": 12, "Actual Startup Time": 27.391, "Actual Total Time": 27.396, "Actual Rows": 7078, "Actual Loops": 1, "Output": ["p.owneruserid", "p.id", "ph.postid"], "Hash Buckets": 8192, "Original Hash Buckets": 8192, "Hash Batches": 1, "Original Hash Batches": 1, "Peak Memory Usage": 368, "Plans": [{"Node Type": "Hash Join", "Parent Relationship": "Outer", "Parallel Aware": false, "Join Type": "Inner", "Startup Cost": 1168.29, "Total Cost": 4173.61, "Plan Rows": 6961, "Plan Width": 12, "Actual Startup Time": 6.914, "Actual Total Time": 26.195, "Actual Rows": 7078, "Actual Loops": 1, "Output": ["p.owneruserid", "p.id", "ph.postid"], "Inner Unique": true, "Hash Cond": "(ph.postid = p.id)", "Plans": [{"Node Type": "Seq Scan", "Parent Relationship": "Outer", "Parallel Aware": false, "Relation Name": "posthistory", "Schema": "public", "Alias": "ph", "Startup Cost": 0.0, "Total Cost": 2897.91, "Plan Rows": 40914, "Plan Width": 4, "Actual Startup Time": 0.013, "Actual Total Time": 14.897, "Actual Rows": 41183, "Actual Loops": 1, "Output": ["ph.id", "ph.posthistorytypeid", "ph.postid", "ph.creationdate", "ph.userid"], "Filter": "((ph.creationdate <= '2014-08-30 17:38:38'::timestamp without time zone) AND (ph.posthistorytypeid = 2))", "Rows Removed by Filter": 88811}, {"Node Type": "Hash", "Parent Relationship": "Inner", "Parallel Aware": false, "Startup Cost": 1080.7, "Total Cost": 1080.7, "Plan Rows": 7007, "Plan Width": 8, "Actual Startup Time": 6.865, "Actual Total Time": 6.867, "Actual Rows": 7078, "Actual Loops": 1, "Output": ["p.owneruserid", "p.id"], "Hash Buckets": 8192, "Original Hash Buckets": 8192, "Hash Batches": 1, "Original Hash Batches": 1, "Peak Memory Usage": 340, "Plans": [{"Node Type": "Seq Scan", "Parent Relationship": "Outer", "Parallel Aware": false, "Relation Name": "posts", "Schema": "public", "Alias": "p", "Startup Cost": 0.0, "Total Cost": 1080.7, "Plan Rows": 7007, "Plan Width": 8, "Actual Startup Time": 0.013, "Actual Total Time": 6.022, "Actual Rows": 7078, "Actual Loops": 1, "Output": ["p.owneruserid", "p.id"], "Filter": "((p.commentcount >= 0) AND (p.commentcount <= 15) AND (p.favoritecount <= 10))", "Rows Removed by Filter": 34105}]}]}]}]}]}]}, {"Node Type": "Hash", "Parent Relationship": "Inner", "Parallel Aware": false, "Startup Cost": 1100.65, "Total Cost": 1100.65, "Plan Rows": 23086, "Plan Width": 8, "Actual Startup Time": 18.075, "Actual Total Time": 18.078, "Actual Rows": 16912, "Actual Loops": 1, "Output": ["b.userid", "u.id"], "Hash Buckets": 32768, "Original Hash Buckets": 32768, "Hash Batches": 1, "Original Hash Batches": 1, "Peak Memory Usage": 917, "Plans": [{"Node Type": "Hash Join", "Parent Relationship": "Outer", "Parallel Aware": false, "Join Type": "Inner", "Startup Cost": 432.58, "Total Cost": 1100.65, "Plan Rows": 23086, "Plan Width": 8, "Actual Startup Time": 8.335, "Actual Total Time": 15.454, "Actual Rows": 16912, "Actual Loops": 1, "Output": ["b.userid", "u.id"], "Inner Unique": true, "Hash Cond": "(b.userid = u.id)", "Plans": [{"Node Type": "Seq Scan", "Parent Relationship": "Outer", "Parallel Aware": false, "Relation Name": "badges", "Schema": "public", "Alias": "b", "Startup Cost": 0.0, "Total Cost": 584.8, "Plan Rows": 31717, "Plan Width": 4, "Actual Startup Time": 0.178, "Actual Total Time": 5.277, "Actual Rows": 31681, "Actual Loops": 1, "Output": ["b.id", "b.userid", "b.date"], "Filter": "(b.date >= '2010-07-29 20:04:10'::timestamp without time zone)", "Rows Removed by Filter": 943}, {"Node Type": "Hash", "Parent Relationship": "Inner", "Parallel Aware": false, "Startup Cost": 296.69, "Total Cost": 296.69, "Plan Rows": 10871, "Plan Width": 4, "Actual Startup Time": 5.313, "Actual Total Time": 5.314, "Actual Rows": 10870, "Actual Loops": 1, "Output": ["u.id"], "Hash Buckets": 16384, "Original Hash Buckets": 16384, "Hash Batches": 1, "Original Hash Batches": 1, "Peak Memory Usage": 511, "Plans": [{"Node Type": "Seq Scan", "Parent Relationship": "Outer", "Parallel Aware": false, "Relation Name": "users", "Schema": "public", "Alias": "u", "Startup Cost": 0.0, "Total Cost": 296.69, "Plan Rows": 10871, "Plan Width": 4, "Actual Startup Time": 0.644, "Actual Total Time": 3.231, "Actual Rows": 10870, "Actual Loops": 1, "Output": ["u.id"], "Filter": "(u.creationdate >= '2011-08-18 14:53:56'::timestamp without time zone)", "Rows Removed by Filter": 4065}]}]}]}]}]}, "Planning Time": 3.624, "Triggers": [], "Execution Time": 151.149}]#####[{"Plan": {"Node Type": "Aggregate", "Strategy": "Plain", "Partial Mode": "Simple", "Parallel Aware": false, "Startup Cost": 11491.58, "Total Cost": 11491.59, "Plan Rows": 1, "Plan Width": 8, "Actual Startup Time": 178.385, "Actual Total Time": 178.396, "Actual Rows": 1, "Actual Loops": 1, "Output": ["count(*)"], "Plans": [{"Node Type": "Nested Loop", "Parent Relationship": "Outer", "Parallel Aware": false, "Join Type": "Inner", "Startup Cost": 7002.76, "Total Cost": 9084.31, "Plan Rows": 962909, "Plan Width": 0, "Actual Startup Time": 59.477, "Actual Total Time": 163.835, "Actual Rows": 360068, "Actual Loops": 1, "Inner Unique": false, "Join Filter": "(p.id = v.postid)", "Rows Removed by Join Filter": 0, "Plans": [{"Node Type": "Hash Join", "Parent Relationship": "Outer", "Parallel Aware": false, "Join Type": "Inner", "Startup Cost": 7002.47, "Total Cost": 7908.05, "Plan Rows": 2414, "Plan Width": 12, "Actual Startup Time": 59.449, "Actual Total Time": 70.064, "Actual Rows": 50667, "Actual Loops": 1, "Output": ["c.postid", "p.id", "ph.postid"], "Inner Unique": false, "Hash Cond": "(b.userid = u.id)", "Plans": [{"Node Type": "Seq Scan", "Parent Relationship": "Outer", "Parallel Aware": false, "Relation Name": "badges", "Schema": "public", "Alias": "b", "Startup Cost": 0.0, "Total Cost": 584.8, "Plan Rows": 31717, "Plan Width": 4, "Actual Startup Time": 0.258, "Actual Total Time": 4.054, "Actual Rows": 31681, "Actual Loops": 1, "Output": ["b.id", "b.userid", "b.date"], "Filter": "(b.date >= '2010-07-29 20:04:10'::timestamp without time zone)", "Rows Removed by Filter": 943}, {"Node Type": "Hash", "Parent Relationship": "Inner", "Parallel Aware": false, "Startup Cost": 6883.65, "Total Cost": 6883.65, "Plan Rows": 9505, "Plan Width": 20, "Actual Startup Time": 57.451, "Actual Total Time": 57.459, "Actual Rows": 7713, "Actual Loops": 1, "Output": ["c.postid", "p.owneruserid", "p.id", "ph.postid", "u.id"], "Hash Buckets": 16384, "Original Hash Buckets": 16384, "Hash Batches": 1, "Original Hash Batches": 1, "Peak Memory Usage": 520, "Plans": [{"Node Type": "Hash Join", "Parent Relationship": "Outer", "Parallel Aware": false, "Join Type": "Inner", "Startup Cost": 3737.27, "Total Cost": 6883.65, "Plan Rows": 9505, "Plan Width": 20, "Actual Startup Time": 41.684, "Actual Total Time": 56.272, "Actual Rows": 7713, "Actual Loops": 1, "Output": ["c.postid", "p.owneruserid", "p.id", "ph.postid", "u.id"], "Inner Unique": false, "Hash Cond": "(ph.postid = p.id)", "Plans": [{"Node Type": "Seq Scan", "Parent Relationship": "Outer", "Parallel Aware": false, "Relation Name": "posthistory", "Schema": "public", "Alias": "ph", "Startup Cost": 0.0, "Total Cost": 2897.91, "Plan Rows": 40914, "Plan Width": 4, "Actual Startup Time": 0.021, "Actual Total Time": 14.884, "Actual Rows": 41183, "Actual Loops": 1, "Output": ["ph.id", "ph.posthistorytypeid", "ph.postid", "ph.creationdate", "ph.userid"], "Filter": "((ph.creationdate <= '2014-08-30 17:38:38'::timestamp without time zone) AND (ph.posthistorytypeid = 2))", "Rows Removed by Filter": 88811}, {"Node Type": "Hash", "Parent Relationship": "Inner", "Parallel Aware": false, "Startup Cost": 3617.68, "Total Cost": 3617.68, "Plan Rows": 9567, "Plan Width": 16, "Actual Startup Time": 36.65, "Actual Total Time": 36.656, "Actual Rows": 7713, "Actual Loops": 1, "Output": ["c.postid", "p.owneruserid", "p.id", "u.id"], "Hash Buckets": 16384, "Original Hash Buckets": 16384, "Hash Batches": 1, "Original Hash Batches": 1, "Peak Memory Usage": 490, "Plans": [{"Node Type": "Hash Join", "Parent Relationship": "Outer", "Parallel Aware": false, "Join Type": "Inner", "Startup Cost": 1600.87, "Total Cost": 3617.68, "Plan Rows": 9567, "Plan Width": 16, "Actual Startup Time": 20.136, "Actual Total Time": 35.525, "Actual Rows": 7713, "Actual Loops": 1, "Output": ["c.postid", "p.owneruserid", "p.id", "u.id"], "Inner Unique": true, "Hash Cond": "(p.owneruserid = u.id)", "Plans": [{"Node Type": "Hash Join", "Parent Relationship": "Outer", "Parallel Aware": false, "Join Type": "Inner", "Startup Cost": 1168.29, "Total Cost": 3149.7, "Plan Rows": 13484, "Plan Width": 12, "Actual Startup Time": 9.423, "Actual Total Time": 28.16, "Actual Rows": 15649, "Actual Loops": 1, "Output": ["c.postid", "p.owneruserid", "p.id"], "Inner Unique": true, "Hash Cond": "(c.postid = p.id)", "Plans": [{"Node Type": "Seq Scan", "Parent Relationship": "Outer", "Parallel Aware": false, "Relation Name": "comments", "Schema": "public", "Alias": "c", "Startup Cost": 0.0, "Total Cost": 1773.36, "Plan Rows": 79249, "Plan Width": 4, "Actual Startup Time": 0.015, "Actual Total Time": 11.352, "Actual Rows": 79338, "Actual Loops": 1, "Output": ["c.id", "c.postid", "c.score", "c.creationdate", "c.userid"], "Filter": "((c.creationdate >= '2009-04-12 07:48:50'::timestamp without time zone) AND (c.creationdate <= '2014-09-12 14:48:38'::timestamp without time zone))", "Rows Removed by Filter": 19}, {"Node Type": "Hash", "Parent Relationship": "Inner", "Parallel Aware": false, "Startup Cost": 1080.7, "Total Cost": 1080.7, "Plan Rows": 7007, "Plan Width": 8, "Actual Startup Time": 9.357, "Actual Total Time": 9.358, "Actual Rows": 7078, "Actual Loops": 1, "Output": ["p.owneruserid", "p.id"], "Hash Buckets": 8192, "Original Hash Buckets": 8192, "Hash Batches": 1, "Original Hash Batches": 1, "Peak Memory Usage": 340, "Plans": [{"Node Type": "Seq Scan", "Parent Relationship": "Outer", "Parallel Aware": false, "Relation Name": "posts", "Schema": "public", "Alias": "p", "Startup Cost": 0.0, "Total Cost": 1080.7, "Plan Rows": 7007, "Plan Width": 8, "Actual Startup Time": 0.02, "Actual Total Time": 8.183, "Actual Rows": 7078, "Actual Loops": 1, "Output": ["p.owneruserid", "p.id"], "Filter": "((p.commentcount >= 0) AND (p.commentcount <= 15) AND (p.favoritecount <= 10))", "Rows Removed by Filter": 34105}]}]}, {"Node Type": "Hash", "Parent Relationship": "Inner", "Parallel Aware": false, "Startup Cost": 296.69, "Total Cost": 296.69, "Plan Rows": 10871, "Plan Width": 4, "Actual Startup Time": 5.211, "Actual Total Time": 5.211, "Actual Rows": 10870, "Actual Loops": 1, "Output": ["u.id"], "Hash Buckets": 16384, "Original Hash Buckets": 16384, "Hash Batches": 1, "Original Hash Batches": 1, "Peak Memory Usage": 511, "Plans": [{"Node Type": "Seq Scan", "Parent Relationship": "Outer", "Parallel Aware": false, "Relation Name": "users", "Schema": "public", "Alias": "u", "Startup Cost": 0.0, "Total Cost": 296.69, "Plan Rows": 10871, "Plan Width": 4, "Actual Startup Time": 0.884, "Actual Total Time": 3.318, "Actual Rows": 10870, "Actual Loops": 1, "Output": ["u.id"], "Filter": "(u.creationdate >= '2011-08-18 14:53:56'::timestamp without time zone)", "Rows Removed by Filter": 4065}]}]}]}]}]}]}, {"Node Type": "Index Only Scan", "Parent Relationship": "Inner", "Parallel Aware": false, "Scan Direction": "Forward", "Index Name": "idx_votes_postid", "Relation Name": "votes", "Schema": "public", "Alias": "v", "Startup Cost": 0.29, "Total Cost": 0.41, "Plan Rows": 6, "Plan Width": 4, "Actual Startup Time": 0.001, "Actual Total Time": 0.001, "Actual Rows": 7, "Actual Loops": 50667, "Output": ["v.postid"], "Index Cond": "(v.postid = c.postid)", "Rows Removed by Index Recheck": 0, "Heap Fetches": 0}]}]}, "Planning Time": 5.275, "Triggers": [], "Execution Time": 178.692}]
[{"Plan": {"Node Type": "Aggregate", "Strategy": "Plain", "Partial Mode": "Simple", "Parallel Aware": false, "Startup Cost": 3873.48, "Total Cost": 3873.49, "Plan Rows": 1, "Plan Width": 8, "Actual Startup Time": 36.194, "Actual Total Time": 36.202, "Actual Rows": 1, "Actual Loops": 1, "Output": ["count(*)"], "Plans": [{"Node Type": "Hash Join", "Parent Relationship": "Outer", "Parallel Aware": false, "Join Type": "Inner", "Startup Cost": 1834.64, "Total Cost": 3638.1, "Plan Rows": 94152, "Plan Width": 0, "Actual Startup Time": 18.317, "Actual Total Time": 35.082, "Actual Rows": 27495, "Actual Loops": 1, "Inner Unique": false, "Hash Cond": "(c.userid = u.id)", "Plans": [{"Node Type": "Seq Scan", "Parent Relationship": "Outer", "Parallel Aware": false, "Relation Name": "comments", "Schema": "public", "Alias": "c", "Startup Cost": 0.0, "Total Cost": 1376.57, "Plan Rows": 79357, "Plan Width": 4, "Actual Startup Time": 0.024, "Actual Total Time": 5.25, "Actual Rows": 79357, "Actual Loops": 1, "Output": ["c.id", "c.postid", "c.score", "c.creationdate", "c.userid"]}, {"Node Type": "Hash", "Parent Relationship": "Inner", "Parallel Aware": false, "Startup Cost": 1803.4, "Total Cost": 1803.4, "Plan Rows": 2499, "Plan Width": 8, "Actual Startup Time": 18.207, "Actual Total Time": 18.212, "Actual Rows": 4022, "Actual Loops": 1, "Output": ["p.owneruserid", "u.id"], "Hash Buckets": 4096, "Original Hash Buckets": 4096, "Hash Batches": 1, "Original Hash Batches": 1, "Peak Memory Usage": 190, "Plans": [{"Node Type": "Hash Join", "Parent Relationship": "Outer", "Parallel Aware": false, "Join Type": "Inner", "Startup Cost": 509.62, "Total Cost": 1803.4, "Plan Rows": 2499, "Plan Width": 8, "Actual Startup Time": 7.833, "Actual Total Time": 17.449, "Actual Rows": 4022, "Actual Loops": 1, "Output": ["p.owneruserid", "u.id"], "Inner Unique": true, "Hash Cond": "(p.owneruserid = u.id)", "Plans": [{"Node Type": "Seq Scan", "Parent Relationship": "Outer", "Parallel Aware": false, "Relation Name": "posts", "Schema": "public", "Alias": "p", "Startup Cost": 0.0, "Total Cost": 1286.62, "Plan Rows": 2726, "Plan Width": 4, "Actual Startup Time": 0.452, "Actual Total Time": 8.435, "Actual Rows": 6775, "Actual Loops": 1, "Output": ["p.id", "p.posttypeid", "p.creationdate", "p.score", "p.viewcount", "p.owneruserid", "p.answercount", "p.commentcount", "p.favoritecount", "p.lasteditoruserid"], "Filter": "((p.viewcount >= 0) AND (p.commentcount >= 0) AND (p.commentcount <= 7) AND (p.favoritecount >= 0) AND (p.creationdate >= '2010-08-09 03:57:50'::timestamp without time zone))", "Rows Removed by Filter": 34408}, {"Node Type": "Hash", "Parent Relationship": "Inner", "Parallel Aware": false, "Startup Cost": 334.02, "Total Cost": 334.02, "Plan Rows": 14048, "Plan Width": 4, "Actual Startup Time": 7.253, "Actual Total Time": 7.254, "Actual Rows": 14048, "Actual Loops": 1, "Output": ["u.id"], "Hash Buckets": 16384, "Original Hash Buckets": 16384, "Hash Batches": 1, "Original Hash Batches": 1, "Peak Memory Usage": 622, "Plans": [{"Node Type": "Seq Scan", "Parent Relationship": "Outer", "Parallel Aware": false, "Relation Name": "users", "Schema": "public", "Alias": "u", "Startup Cost": 0.0, "Total Cost": 334.02, "Plan Rows": 14048, "Plan Width": 4, "Actual Startup Time": 0.021, "Actual Total Time": 4.356, "Actual Rows": 14048, "Actual Loops": 1, "Output": ["u.id"], "Filter": "((u.upvotes >= 0) AND (u.upvotes <= 20))", "Rows Removed by Filter": 887}]}]}]}]}]}, "Planning Time": 2.431, "Triggers": [], "Execution Time": 36.368}]#####[{"Plan": {"Node Type": "Aggregate", "Strategy": "Plain", "Partial Mode": "Simple", "Parallel Aware": false, "Startup Cost": 4366.11, "Total Cost": 4366.12, "Plan Rows": 1, "Plan Width": 8, "Actual Startup Time": 34.4, "Actual Total Time": 34.406, "Actual Rows": 1, "Actual Loops": 1, "Output": ["count(*)"], "Plans": [{"Node Type": "Nested Loop", "Parent Relationship": "Outer", "Parallel Aware": false, "Join Type": "Inner", "Startup Cost": 509.92, "Total Cost": 2012.29, "Plan Rows": 941528, "Plan Width": 0, "Actual Startup Time": 11.514, "Actual Total Time": 32.719, "Actual Rows": 27495, "Actual Loops": 1, "Inner Unique": false, "Plans": [{"Node Type": "Hash Join", "Parent Relationship": "Outer", "Parallel Aware": false, "Join Type": "Inner", "Startup Cost": 509.62, "Total Cost": 1803.4, "Plan Rows": 249, "Plan Width": 8, "Actual Startup Time": 6.733, "Actual Total Time": 15.855, "Actual Rows": 4022, "Actual Loops": 1, "Output": ["p.owneruserid", "u.id"], "Inner Unique": true, "Hash Cond": "(p.owneruserid = u.id)", "Plans": [{"Node Type": "Seq Scan", "Parent Relationship": "Outer", "Parallel Aware": false, "Relation Name": "posts", "Schema": "public", "Alias": "p", "Startup Cost": 0.0, "Total Cost": 1286.62, "Plan Rows": 2726, "Plan Width": 4, "Actual Startup Time": 0.3, "Actual Total Time": 7.576, "Actual Rows": 6775, "Actual Loops": 1, "Output": ["p.id", "p.posttypeid", "p.creationdate", "p.score", "p.viewcount", "p.owneruserid", "p.answercount", "p.commentcount", "p.favoritecount", "p.lasteditoruserid"], "Filter": "((p.viewcount >= 0) AND (p.commentcount >= 0) AND (p.commentcount <= 7) AND (p.favoritecount >= 0) AND (p.creationdate >= '2010-08-09 03:57:50'::timestamp without time zone))", "Rows Removed by Filter": 34408}, {"Node Type": "Hash", "Parent Relationship": "Inner", "Parallel Aware": false, "Startup Cost": 334.02, "Total Cost": 334.02, "Plan Rows": 14048, "Plan Width": 4, "Actual Startup Time": 6.316, "Actual Total Time": 6.317, "Actual Rows": 14048, "Actual Loops": 1, "Output": ["u.id"], "Hash Buckets": 16384, "Original Hash Buckets": 16384, "Hash Batches": 1, "Original Hash Batches": 1, "Peak Memory Usage": 622, "Plans": [{"Node Type": "Seq Scan", "Parent Relationship": "Outer", "Parallel Aware": false, "Relation Name": "users", "Schema": "public", "Alias": "u", "Startup Cost": 0.0, "Total Cost": 334.02, "Plan Rows": 14048, "Plan Width": 4, "Actual Startup Time": 0.015, "Actual Total Time": 3.858, "Actual Rows": 14048, "Actual Loops": 1, "Output": ["u.id"], "Filter": "((u.upvotes >= 0) AND (u.upvotes <= 20))", "Rows Removed by Filter": 887}]}]}, {"Node Type": "Index Only Scan", "Parent Relationship": "Inner", "Parallel Aware": false, "Scan Direction": "Forward", "Index Name": "idx_comments_userid", "Relation Name": "comments", "Schema": "public", "Alias": "c", "Startup Cost": 0.29, "Total Cost": 0.65, "Plan Rows": 19, "Plan Width": 4, "Actual Startup Time": 0.003, "Actual Total Time": 0.004, "Actual Rows": 7, "Actual Loops": 4022, "Output": ["c.userid"], "Index Cond": "(c.userid = u.id)", "Rows Removed by Index Recheck": 0, "Heap Fetches": 0}]}]}, "Planning Time": 1.011, "Triggers": [], "Execution Time": 34.535}]
[{"Plan": {"Node Type": "Aggregate", "Strategy": "Plain", "Partial Mode": "Simple", "Parallel Aware": false, "Startup Cost": 2570.81, "Total Cost": 2570.82, "Plan Rows": 1, "Plan Width": 8, "Actual Startup Time": 20.536, "Actual Total Time": 20.545, "Actual Rows": 1, "Actual Loops": 1, "Output": ["count(*)"], "Plans": [{"Node Type": "Hash Join", "Parent Relationship": "Outer", "Parallel Aware": false, "Join Type": "Inner", "Startup Cost": 1814.9, "Total Cost": 2569.53, "Plan Rows": 512, "Plan Width": 0, "Actual Startup Time": 15.442, "Actual Total Time": 20.464, "Actual Rows": 1648, "Actual Loops": 1, "Inner Unique": false, "Hash Cond": "(b.userid = u.id)", "Plans": [{"Node Type": "Seq Scan", "Parent Relationship": "Outer", "Parallel Aware": false, "Relation Name": "badges", "Schema": "public", "Alias": "b", "Startup Cost": 0.0, "Total Cost": 584.8, "Plan Rows": 31632, "Plan Width": 4, "Actual Startup Time": 0.111, "Actual Total Time": 3.395, "Actual Rows": 31635, "Actual Loops": 1, "Output": ["b.id", "b.userid", "b.date"], "Filter": "(b.date >= '2010-08-01 11:24:55'::timestamp without time zone)", "Rows Removed by Filter": 989}, {"Node Type": "Hash", "Parent Relationship": "Inner", "Parallel Aware": false, "Startup Cost": 1784.68, "Total Cost": 1784.68, "Plan Rows": 2418, "Plan Width": 8, "Actual Startup Time": 15.284, "Actual Total Time": 15.29, "Actual Rows": 597, "Actual Loops": 1, "Output": ["p.owneruserid", "u.id"], "Hash Buckets": 4096, "Original Hash Buckets": 4096, "Hash Batches": 1, "Original Hash Batches": 1, "Peak Memory Usage": 56, "Plans": [{"Node Type": "Hash Join", "Parent Relationship": "Outer", "Parallel Aware": false, "Join Type": "Inner", "Startup Cost": 1659.63, "Total Cost": 1784.68, "Plan Rows": 2418, "Plan Width": 8, "Actual Startup Time": 14.227, "Actual Total Time": 15.195, "Actual Rows": 597, "Actual Loops": 1, "Output": ["p.owneruserid", "u.id"], "Inner Unique": false, "Hash Cond": "(pl.relatedpostid = p.id)", "Plans": [{"Node Type": "Seq Scan", "Parent Relationship": "Outer", "Parallel Aware": false, "Relation Name": "postlinks", "Schema": "public", "Alias": "pl", "Startup Cost": 0.0, "Total Cost": 86.5, "Plan Rows": 3833, "Plan Width": 4, "Actual Startup Time": 0.009, "Actual Total Time": 0.539, "Actual Rows": 3833, "Actual Loops": 1, "Output": ["pl.id", "pl.creationdate", "pl.postid", "pl.relatedpostid", "pl.linktypeid"], "Filter": "((pl.creationdate <= '2014-07-25 09:28:48'::timestamp without time zone) AND (pl.linktypeid = 1))", "Rows Removed by Filter": 0}, {"Node Type": "Hash", "Parent Relationship": "Inner", "Parallel Aware": false, "Startup Cost": 1334.83, "Total Cost": 1334.83, "Plan Rows": 25984, "Plan Width": 12, "Actual Startup Time": 14.112, "Actual Total Time": 14.116, "Actual Rows": 6731, "Actual Loops": 1, "Output": ["p.id", "p.owneruserid", "u.id"], "Hash Buckets": 32768, "Original Hash Buckets": 32768, "Hash Batches": 1, "Original Hash Batches": 1, "Peak Memory Usage": 546, "Plans": [{"Node Type": "Hash Join", "Parent Relationship": "Outer", "Parallel Aware": false, "Join Type": "Inner", "Startup Cost": 454.86, "Total Cost": 1334.83, "Plan Rows": 25984, "Plan Width": 12, "Actual Startup Time": 3.731, "Actual Total Time": 12.866, "Actual Rows": 6731, "Actual Loops": 1, "Output": ["p.id", "p.owneruserid", "u.id"], "Inner Unique": true, "Hash Cond": "(p.owneruserid = u.id)", "Plans": [{"Node Type": "Seq Scan", "Parent Relationship": "Outer", "Parallel Aware": false, "Relation Name": "posts", "Schema": "public", "Alias": "p", "Startup Cost": 0.0, "Total Cost": 771.83, "Plan Rows": 41183, "Plan Width": 8, "Actual Startup Time": 0.01, "Actual Total Time": 2.851, "Actual Rows": 41183, "Actual Loops": 1, "Output": ["p.id", "p.posttypeid", "p.creationdate", "p.score", "p.viewcount", "p.owneruserid", "p.answercount", "p.commentcount", "p.favoritecount", "p.lasteditoruserid"]}, {"Node Type": "Hash", "Parent Relationship": "Inner", "Parallel Aware": false, "Startup Cost": 334.02, "Total Cost": 334.02, "Plan Rows": 9667, "Plan Width": 4, "Actual Startup Time": 3.655, "Actual Total Time": 3.657, "Actual Rows": 10044, "Actual Loops": 1, "Output": ["u.id"], "Hash Buckets": 16384, "Original Hash Buckets": 16384, "Hash Batches": 1, "Original Hash Batches": 1, "Peak Memory Usage": 482, "Plans": [{"Node Type": "Seq Scan", "Parent Relationship": "Outer", "Parallel Aware": false, "Relation Name": "users", "Schema": "public", "Alias": "u", "Startup Cost": 0.0, "Total Cost": 334.02, "Plan Rows": 9667, "Plan Width": 4, "Actual Startup Time": 0.01, "Actual Total Time": 2.459, "Actual Rows": 10044, "Actual Loops": 1, "Output": ["u.id"], "Filter": "((u.downvotes <= 0) AND (u.upvotes = 0))", "Rows Removed by Filter": 4891}]}]}]}]}]}]}]}, "Planning Time": 1.81, "Triggers": [], "Execution Time": 20.666}]#####[{"Plan": {"Node Type": "Aggregate", "Strategy": "Plain", "Partial Mode": "Simple", "Parallel Aware": false, "Startup Cost": 1895.72, "Total Cost": 1895.73, "Plan Rows": 1, "Plan Width": 8, "Actual Startup Time": 18.144, "Actual Total Time": 18.151, "Actual Rows": 1, "Actual Loops": 1, "Output": ["count(*)"], "Plans": [{"Node Type": "Nested Loop", "Parent Relationship": "Outer", "Parallel Aware": false, "Join Type": "Inner", "Startup Cost": 1659.92, "Total Cost": 1882.92, "Plan Rows": 5121, "Plan Width": 0, "Actual Startup Time": 14.461, "Actual Total Time": 18.055, "Actual Rows": 1648, "Actual Loops": 1, "Inner Unique": false, "Join Filter": "(u.id = b.userid)", "Rows Removed by Join Filter": 0, "Plans": [{"Node Type": "Hash Join", "Parent Relationship": "Outer", "Parallel Aware": false, "Join Type": "Inner", "Startup Cost": 1659.63, "Total Cost": 1784.68, "Plan Rows": 241, "Plan Width": 8, "Actual Startup Time": 14.421, "Actual Total Time": 15.499, "Actual Rows": 597, "Actual Loops": 1, "Output": ["p.owneruserid", "u.id"], "Inner Unique": false, "Hash Cond": "(pl.relatedpostid = p.id)", "Plans": [{"Node Type": "Seq Scan", "Parent Relationship": "Outer", "Parallel Aware": false, "Relation Name": "postlinks", "Schema": "public", "Alias": "pl", "Startup Cost": 0.0, "Total Cost": 86.5, "Plan Rows": 3833, "Plan Width": 4, "Actual Startup Time": 0.01, "Actual Total Time": 0.604, "Actual Rows": 3833, "Actual Loops": 1, "Output": ["pl.id", "pl.creationdate", "pl.postid", "pl.relatedpostid", "pl.linktypeid"], "Filter": "((pl.creationdate <= '2014-07-25 09:28:48'::timestamp without time zone) AND (pl.linktypeid = 1))", "Rows Removed by Filter": 0}, {"Node Type": "Hash", "Parent Relationship": "Inner", "Parallel Aware": false, "Startup Cost": 1334.83, "Total Cost": 1334.83, "Plan Rows": 25984, "Plan Width": 12, "Actual Startup Time": 14.248, "Actual Total Time": 14.252, "Actual Rows": 6731, "Actual Loops": 1, "Output": ["p.id", "p.owneruserid", "u.id"], "Hash Buckets": 32768, "Original Hash Buckets": 32768, "Hash Batches": 1, "Original Hash Batches": 1, "Peak Memory Usage": 546, "Plans": [{"Node Type": "Hash Join", "Parent Relationship": "Outer", "Parallel Aware": false, "Join Type": "Inner", "Startup Cost": 454.86, "Total Cost": 1334.83, "Plan Rows": 25984, "Plan Width": 12, "Actual Startup Time": 3.436, "Actual Total Time": 13.002, "Actual Rows": 6731, "Actual Loops": 1, "Output": ["p.id", "p.owneruserid", "u.id"], "Inner Unique": true, "Hash Cond": "(p.owneruserid = u.id)", "Plans": [{"Node Type": "Seq Scan", "Parent Relationship": "Outer", "Parallel Aware": false, "Relation Name": "posts", "Schema": "public", "Alias": "p", "Startup Cost": 0.0, "Total Cost": 771.83, "Plan Rows": 41183, "Plan Width": 8, "Actual Startup Time": 0.01, "Actual Total Time": 3.042, "Actual Rows": 41183, "Actual Loops": 1, "Output": ["p.id", "p.posttypeid", "p.creationdate", "p.score", "p.viewcount", "p.owneruserid", "p.answercount", "p.commentcount", "p.favoritecount", "p.lasteditoruserid"]}, {"Node Type": "Hash", "Parent Relationship": "Inner", "Parallel Aware": false, "Startup Cost": 334.02, "Total Cost": 334.02, "Plan Rows": 9667, "Plan Width": 4, "Actual Startup Time": 3.368, "Actual Total Time": 3.369, "Actual Rows": 10044, "Actual Loops": 1, "Output": ["u.id"], "Hash Buckets": 16384, "Original Hash Buckets": 16384, "Hash Batches": 1, "Original Hash Batches": 1, "Peak Memory Usage": 482, "Plans": [{"Node Type": "Seq Scan", "Parent Relationship": "Outer", "Parallel Aware": false, "Relation Name": "users", "Schema": "public", "Alias": "u", "Startup Cost": 0.0, "Total Cost": 334.02, "Plan Rows": 9667, "Plan Width": 4, "Actual Startup Time": 0.01, "Actual Total Time": 2.286, "Actual Rows": 10044, "Actual Loops": 1, "Output": ["u.id"], "Filter": "((u.downvotes <= 0) AND (u.upvotes = 0))", "Rows Removed by Filter": 4891}]}]}]}]}, {"Node Type": "Index Scan", "Parent Relationship": "Inner", "Parallel Aware": false, "Scan Direction": "Forward", "Index Name": "idx_badges_userid", "Relation Name": "badges", "Schema": "public", "Alias": "b", "Startup Cost": 0.29, "Total Cost": 0.37, "Plan Rows": 3, "Plan Width": 4, "Actual Startup Time": 0.002, "Actual Total Time": 0.004, "Actual Rows": 3, "Actual Loops": 597, "Output": ["b.id", "b.userid", "b.date"], "Index Cond": "(b.userid = p.owneruserid)", "Rows Removed by Index Recheck": 0, "Filter": "(b.date >= '2010-08-01 11:24:55'::timestamp without time zone)", "Rows Removed by Filter": 0}]}]}, "Planning Time": 3.505, "Triggers": [], "Execution Time": 18.278}]#####[{"Plan": {"Node Type": "Aggregate", "Strategy": "Plain", "Partial Mode": "Simple", "Parallel Aware": false, "Startup Cost": 2845.01, "Total Cost": 2845.02, "Plan Rows": 1, "Plan Width": 8, "Actual Startup Time": 29.297, "Actual Total Time": 29.305, "Actual Rows": 1, "Actual Loops": 1, "Output": ["count(*)"], "Plans": [{"Node Type": "Hash Join", "Parent Relationship": "Outer", "Parallel Aware": false, "Join Type": "Inner", "Startup Cost": 2665.26, "Total Cost": 2832.2, "Plan Rows": 5121, "Plan Width": 0, "Actual Startup Time": 27.196, "Actual Total Time": 29.227, "Actual Rows": 1648, "Actual Loops": 1, "Inner Unique": false, "Hash Cond": "(p.owneruserid = u.id)", "Plans": [{"Node Type": "Hash Join", "Parent Relationship": "Outer", "Parallel Aware": false, "Join Type": "Inner", "Startup Cost": 1286.62, "Total Cost": 1383.17, "Plan Rows": 3833, "Plan Width": 4, "Actual Startup Time": 12.013, "Actual Total Time": 13.489, "Actual Rows": 3833, "Actual Loops": 1, "Output": ["p.owneruserid"], "Inner Unique": true, "Hash Cond": "(pl.relatedpostid = p.id)", "Plans": [{"Node Type": "Seq Scan", "Parent Relationship": "Outer", "Parallel Aware": false, "Relation Name": "postlinks", "Schema": "public", "Alias": "pl", "Startup Cost": 0.0, "Total Cost": 86.5, "Plan Rows": 3833, "Plan Width": 4, "Actual Startup Time": 0.012, "Actual Total Time": 0.645, "Actual Rows": 3833, "Actual Loops": 1, "Output": ["pl.id", "pl.creationdate", "pl.postid", "pl.relatedpostid", "pl.linktypeid"], "Filter": "((pl.creationdate <= '2014-07-25 09:28:48'::timestamp without time zone) AND (pl.linktypeid = 1))", "Rows Removed by Filter": 0}, {"Node Type": "Hash", "Parent Relationship": "Inner", "Parallel Aware": false, "Startup Cost": 771.83, "Total Cost": 771.83, "Plan Rows": 41183, "Plan Width": 8, "Actual Startup Time": 11.798, "Actual Total Time": 11.799, "Actual Rows": 41183, "Actual Loops": 1, "Output": ["p.id", "p.owneruserid"], "Hash Buckets": 65536, "Original Hash Buckets": 65536, "Hash Batches": 1, "Original Hash Batches": 1, "Peak Memory Usage": 2117, "Plans": [{"Node Type": "Seq Scan", "Parent Relationship": "Outer", "Parallel Aware": false, "Relation Name": "posts", "Schema": "public", "Alias": "p", "Startup Cost": 0.0, "Total Cost": 771.83, "Plan Rows": 41183, "Plan Width": 8, "Actual Startup Time": 0.011, "Actual Total Time": 6.508, "Actual Rows": 41183, "Actual Loops": 1, "Output": ["p.id", "p.owneruserid"]}]}]}, {"Node Type": "Hash", "Parent Relationship": "Inner", "Parallel Aware": false, "Startup Cost": 1122.72, "Total Cost": 1122.72, "Plan Rows": 20474, "Plan Width": 8, "Actual Startup Time": 15.022, "Actual Total Time": 15.024, "Actual Rows": 8468, "Actual Loops": 1, "Output": ["u.id", "b.userid"], "Hash Buckets": 32768, "Original Hash Buckets": 32768, "Hash Batches": 1, "Original Hash Batches": 1, "Peak Memory Usage": 587, "Plans": [{"Node Type": "Hash Join", "Parent Relationship": "Outer", "Parallel Aware": false, "Join Type": "Inner", "Startup Cost": 454.86, "Total Cost": 1122.72, "Plan Rows": 20474, "Plan Width": 8, "Actual Startup Time": 5.095, "Actual Total Time": 13.508, "Actual Rows": 8468, "Actual Loops": 1, "Output": ["u.id", "b.userid"], "Inner Unique": true, "Hash Cond": "(b.userid = u.id)", "Plans": [{"Node Type": "Seq Scan", "Parent Relationship": "Outer", "Parallel Aware": false, "Relation Name": "badges", "Schema": "public", "Alias": "b", "Startup Cost": 0.0, "Total Cost": 584.8, "Plan Rows": 31632, "Plan Width": 4, "Actual Startup Time": 0.139, "Actual Total Time": 4.683, "Actual Rows": 31635, "Actual Loops": 1, "Output": ["b.id", "b.userid", "b.date"], "Filter": "(b.date >= '2010-08-01 11:24:55'::timestamp without time zone)", "Rows Removed by Filter": 989}, {"Node Type": "Hash", "Parent Relationship": "Inner", "Parallel Aware": false, "Startup Cost": 334.02, "Total Cost": 334.02, "Plan Rows": 9667, "Plan Width": 4, "Actual Startup Time": 4.887, "Actual Total Time": 4.888, "Actual Rows": 10044, "Actual Loops": 1, "Output": ["u.id"], "Hash Buckets": 16384, "Original Hash Buckets": 16384, "Hash Batches": 1, "Original Hash Batches": 1, "Peak Memory Usage": 482, "Plans": [{"Node Type": "Seq Scan", "Parent Relationship": "Outer", "Parallel Aware": false, "Relation Name": "users", "Schema": "public", "Alias": "u", "Startup Cost": 0.0, "Total Cost": 334.02, "Plan Rows": 9667, "Plan Width": 4, "Actual Startup Time": 0.011, "Actual Total Time": 3.234, "Actual Rows": 10044, "Actual Loops": 1, "Output": ["u.id"], "Filter": "((u.downvotes <= 0) AND (u.upvotes = 0))", "Rows Removed by Filter": 4891}]}]}]}]}]}, "Planning Time": 3.705, "Triggers": [], "Execution Time": 29.484}]
[{"Plan": {"Node Type": "Aggregate", "Strategy": "Plain", "Partial Mode": "Simple", "Parallel Aware": false, "Startup Cost": 4042.26, "Total Cost": 4042.27, "Plan Rows": 1, "Plan Width": 8, "Actual Startup Time": 121.016, "Actual Total Time": 121.022, "Actual Rows": 1, "Actual Loops": 1, "Output": ["count(*)"], "Plans": [{"Node Type": "Nested Loop", "Parent Relationship": "Outer", "Parallel Aware": false, "Join Type": "Inner", "Startup Cost": 1171.6, "Total Cost": 4039.37, "Plan Rows": 1159, "Plan Width": 0, "Actual Startup Time": 13.423, "Actual Total Time": 114.004, "Actual Rows": 146512, "Actual Loops": 1, "Inner Unique": false, "Join Filter": "(p.id = ph.postid)", "Rows Removed by Join Filter": 0, "Plans": [{"Node Type": "Nested Loop", "Parent Relationship": "Outer", "Parallel Aware": false, "Join Type": "Inner", "Startup Cost": 1171.3, "Total Cost": 2359.6, "Plan Rows": 3674, "Plan Width": 16, "Actual Startup Time": 13.279, "Actual Total Time": 47.13, "Actual Rows": 21873, "Actual Loops": 1, "Output": ["c.postid", "p.id", "pl.postid", "v.postid"], "Inner Unique": false, "Join Filter": "(p.id = v.postid)", "Rows Removed by Join Filter": 0, "Plans": [{"Node Type": "Nested Loop", "Parent Relationship": "Outer", "Parallel Aware": false, "Join Type": "Inner", "Startup Cost": 1171.01, "Total Cost": 1747.58, "Plan Rows": 1123, "Plan Width": 12, "Actual Startup Time": 12.938, "Actual Total Time": 21.555, "Actual Rows": 4973, "Actual Loops": 1, "Output": ["c.postid", "p.id", "pl.postid"], "Inner Unique": false, "Plans": [{"Node Type": "Hash Join", "Parent Relationship": "Outer", "Parallel Aware": false, "Join Type": "Inner", "Startup Cost": 1170.72, "Total Cost": 1256.58, "Plan Rows": 597, "Plan Width": 8, "Actual Startup Time": 12.885, "Actual Total Time": 14.526, "Actual Rows": 1647, "Actual Loops": 1, "Output": ["p.id", "pl.postid"], "Inner Unique": true, "Hash Cond": "(pl.postid = p.id)", "Plans": [{"Node Type": "Seq Scan", "Parent Relationship": "Outer", "Parallel Aware": false, "Relation Name": "postlinks", "Schema": "public", "Alias": "pl", "Startup Cost": 0.0, "Total Cost": 76.91, "Plan Rows": 3412, "Plan Width": 4, "Actual Startup Time": 0.123, "Actual Total Time": 0.749, "Actual Rows": 3408, "Actual Loops": 1, "Output": ["pl.id", "pl.creationdate", "pl.postid", "pl.relatedpostid", "pl.linktypeid"], "Filter": "(pl.creationdate >= '2011-03-22 09:17:06'::timestamp without time zone)", "Rows Removed by Filter": 425}, {"Node Type": "Hash", "Parent Relationship": "Inner", "Parallel Aware": false, "Startup Cost": 1080.7, "Total Cost": 1080.7, "Plan Rows": 7201, "Plan Width": 4, "Actual Startup Time": 12.629, "Actual Total Time": 12.63, "Actual Rows": 7037, "Actual Loops": 1, "Output": ["p.id"], "Hash Buckets": 8192, "Original Hash Buckets": 8192, "Hash Batches": 1, "Original Hash Batches": 1, "Peak Memory Usage": 312, "Plans": [{"Node Type": "Seq Scan", "Parent Relationship": "Outer", "Parallel Aware": false, "Relation Name": "posts", "Schema": "public", "Alias": "p", "Startup Cost": 0.0, "Total Cost": 1080.7, "Plan Rows": 7201, "Plan Width": 4, "Actual Startup Time": 0.028, "Actual Total Time": 11.062, "Actual Rows": 7037, "Actual Loops": 1, "Output": ["p.id"], "Filter": "((p.score <= 17) AND (p.favoritecount >= 0) AND (p.creationdate <= '2014-09-10 20:04:07'::timestamp without time zone))", "Rows Removed by Filter": 34146}]}]}, {"Node Type": "Index Scan", "Parent Relationship": "Inner", "Parallel Aware": false, "Scan Direction": "Forward", "Index Name": "idx_comments_postid", "Relation Name": "comments", "Schema": "public", "Alias": "c", "Startup Cost": 0.29, "Total Cost": 0.78, "Plan Rows": 4, "Plan Width": 4, "Actual Startup Time": 0.002, "Actual Total Time": 0.004, "Actual Rows": 3, "Actual Loops": 1647, "Output": ["c.id", "c.postid", "c.score", "c.creationdate", "c.userid"], "Index Cond": "(c.postid = p.id)", "Rows Removed by Index Recheck": 0, "Filter": "((c.creationdate >= '2010-08-18 18:42:14'::timestamp without time zone) AND (c.creationdate <= '2014-09-02 21:45:21'::timestamp without time zone))", "Rows Removed by Filter": 0}]}, {"Node Type": "Index Scan", "Parent Relationship": "Inner", "Parallel Aware": false, "Scan Direction": "Forward", "Index Name": "idx_votes_postid", "Relation Name": "votes", "Schema": "public", "Alias": "v", "Startup Cost": 0.29, "Total Cost": 0.48, "Plan Rows": 5, "Plan Width": 4, "Actual Startup Time": 0.002, "Actual Total Time": 0.005, "Actual Rows": 4, "Actual Loops": 4973, "Output": ["v.id", "v.postid", "v.votetypeid", "v.creationdate", "v.userid", "v.bountyamount"], "Index Cond": "(v.postid = c.postid)", "Rows Removed by Index Recheck": 0, "Filter": "(v.votetypeid = 2)", "Rows Removed by Filter": 2}]}, {"Node Type": "Index Scan", "Parent Relationship": "Inner", "Parallel Aware": false, "Scan Direction": "Forward", "Index Name": "idx_posthistory_postid", "Relation Name": "posthistory", "Schema": "public", "Alias": "ph", "Startup Cost": 0.29, "Total Cost": 0.41, "Plan Rows": 4, "Plan Width": 4, "Actual Startup Time": 0.001, "Actual Total Time": 0.002, "Actual Rows": 7, "Actual Loops": 21873, "Output": ["ph.id", "ph.posthistorytypeid", "ph.postid", "ph.creationdate", "ph.userid"], "Index Cond": "(ph.postid = v.postid)", "Rows Removed by Index Recheck": 0, "Filter": "(ph.creationdate <= '2014-08-03 15:42:03'::timestamp without time zone)", "Rows Removed by Filter": 0}]}]}, "Planning Time": 5.09, "Triggers": [], "Execution Time": 121.234}]#####[{"Plan": {"Node Type": "Aggregate", "Strategy": "Plain", "Partial Mode": "Simple", "Parallel Aware": false, "Startup Cost": 2502.05, "Total Cost": 2502.06, "Plan Rows": 1, "Plan Width": 8, "Actual Startup Time": 137.46, "Actual Total Time": 137.467, "Actual Rows": 1, "Actual Loops": 1, "Output": ["count(*)"], "Plans": [{"Node Type": "Nested Loop", "Parent Relationship": "Outer", "Parallel Aware": false, "Join Type": "Inner", "Startup Cost": 1171.6, "Total Cost": 2473.06, "Plan Rows": 11595, "Plan Width": 0, "Actual Startup Time": 9.288, "Actual Total Time": 130.27, "Actual Rows": 146512, "Actual Loops": 1, "Inner Unique": false, "Join Filter": "(p.id = v.postid)", "Rows Removed by Join Filter": 0, "Plans": [{"Node Type": "Nested Loop", "Parent Relationship": "Outer", "Parallel Aware": false, "Join Type": "Inner", "Startup Cost": 1171.3, "Total Cost": 2289.78, "Plan Rows": 354, "Plan Width": 16, "Actual Startup Time": 9.268, "Actual Total Time": 37.536, "Actual Rows": 32005, "Actual Loops": 1, "Output": ["c.postid", "p.id", "pl.postid", "ph.postid"], "Inner Unique": false, "Join Filter": "(p.id = ph.postid)", "Rows Removed by Join Filter": 0, "Plans": [{"Node Type": "Nested Loop", "Parent Relationship": "Outer", "Parallel Aware": false, "Join Type": "Inner", "Startup Cost": 1171.01, "Total Cost": 1747.58, "Plan Rows": 1123, "Plan Width": 12, "Actual Startup Time": 9.244, "Actual Total Time": 17.78, "Actual Rows": 4973, "Actual Loops": 1, "Output": ["c.postid", "p.id", "pl.postid"], "Inner Unique": false, "Plans": [{"Node Type": "Hash Join", "Parent Relationship": "Outer", "Parallel Aware": false, "Join Type": "Inner", "Startup Cost": 1170.72, "Total Cost": 1256.58, "Plan Rows": 597, "Plan Width": 8, "Actual Startup Time": 9.207, "Actual Total Time": 10.774, "Actual Rows": 1647, "Actual Loops": 1, "Output": ["p.id", "pl.postid"], "Inner Unique": true, "Hash Cond": "(pl.postid = p.id)", "Plans": [{"Node Type": "Seq Scan", "Parent Relationship": "Outer", "Parallel Aware": false, "Relation Name": "postlinks", "Schema": "public", "Alias": "pl", "Startup Cost": 0.0, "Total Cost": 76.91, "Plan Rows": 3412, "Plan Width": 4, "Actual Startup Time": 0.095, "Actual Total Time": 0.705, "Actual Rows": 3408, "Actual Loops": 1, "Output": ["pl.id", "pl.creationdate", "pl.postid", "pl.relatedpostid", "pl.linktypeid"], "Filter": "(pl.creationdate >= '2011-03-22 09:17:06'::timestamp without time zone)", "Rows Removed by Filter": 425}, {"Node Type": "Hash", "Parent Relationship": "Inner", "Parallel Aware": false, "Startup Cost": 1080.7, "Total Cost": 1080.7, "Plan Rows": 7201, "Plan Width": 4, "Actual Startup Time": 9.018, "Actual Total Time": 9.019, "Actual Rows": 7037, "Actual Loops": 1, "Output": ["p.id"], "Hash Buckets": 8192, "Original Hash Buckets": 8192, "Hash Batches": 1, "Original Hash Batches": 1, "Peak Memory Usage": 312, "Plans": [{"Node Type": "Seq Scan", "Parent Relationship": "Outer", "Parallel Aware": false, "Relation Name": "posts", "Schema": "public", "Alias": "p", "Startup Cost": 0.0, "Total Cost": 1080.7, "Plan Rows": 7201, "Plan Width": 4, "Actual Startup Time": 0.018, "Actual Total Time": 7.9, "Actual Rows": 7037, "Actual Loops": 1, "Output": ["p.id"], "Filter": "((p.score <= 17) AND (p.favoritecount >= 0) AND (p.creationdate <= '2014-09-10 20:04:07'::timestamp without time zone))", "Rows Removed by Filter": 34146}]}]}, {"Node Type": "Index Scan", "Parent Relationship": "Inner", "Parallel Aware": false, "Scan Direction": "Forward", "Index Name": "idx_comments_postid", "Relation Name": "comments", "Schema": "public", "Alias": "c", "Startup Cost": 0.29, "Total Cost": 0.78, "Plan Rows": 4, "Plan Width": 4, "Actual Startup Time": 0.002, "Actual Total Time": 0.004, "Actual Rows": 3, "Actual Loops": 1647, "Output": ["c.id", "c.postid", "c.score", "c.creationdate", "c.userid"], "Index Cond": "(c.postid = p.id)", "Rows Removed by Index Recheck": 0, "Filter": "((c.creationdate >= '2010-08-18 18:42:14'::timestamp without time zone) AND (c.creationdate <= '2014-09-02 21:45:21'::timestamp without time zone))", "Rows Removed by Filter": 0}]}, {"Node Type": "Index Scan", "Parent Relationship": "Inner", "Parallel Aware": false, "Scan Direction": "Forward", "Index Name": "idx_posthistory_postid", "Relation Name": "posthistory", "Schema": "public", "Alias": "ph", "Startup Cost": 0.29, "Total Cost": 0.43, "Plan Rows": 4, "Plan Width": 4, "Actual Startup Time": 0.002, "Actual Total Time": 0.003, "Actual Rows": 6, "Actual Loops": 4973, "Output": ["ph.id", "ph.posthistorytypeid", "ph.postid", "ph.creationdate", "ph.userid"], "Index Cond": "(ph.postid = c.postid)", "Rows Removed by Index Recheck": 0, "Filter": "(ph.creationdate <= '2014-08-03 15:42:03'::timestamp without time zone)", "Rows Removed by Filter": 0}]}, {"Node Type": "Index Scan", "Parent Relationship": "Inner", "Parallel Aware": false, "Scan Direction": "Forward", "Index Name": "idx_votes_postid", "Relation Name": "votes", "Schema": "public", "Alias": "v", "Startup Cost": 0.29, "Total Cost": 0.46, "Plan Rows": 5, "Plan Width": 4, "Actual Startup Time": 0.001, "Actual Total Time": 0.002, "Actual Rows": 5, "Actual Loops": 32005, "Output": ["v.id", "v.postid", "v.votetypeid", "v.creationdate", "v.userid", "v.bountyamount"], "Index Cond": "(v.postid = ph.postid)", "Rows Removed by Index Recheck": 0, "Filter": "(v.votetypeid = 2)", "Rows Removed by Filter": 2}]}]}, "Planning Time": 3.797, "Triggers": [], "Execution Time": 137.624}]#####[{"Plan": {"Node Type": "Aggregate", "Strategy": "Plain", "Partial Mode": "Simple", "Parallel Aware": false, "Startup Cost": 13013.4, "Total Cost": 13013.41, "Plan Rows": 1, "Plan Width": 8, "Actual Startup Time": 125.524, "Actual Total Time": 125.534, "Actual Rows": 1, "Actual Loops": 1, "Output": ["count(*)"], "Plans": [{"Node Type": "Hash Join", "Parent Relationship": "Outer", "Parallel Aware": false, "Join Type": "Inner", "Startup Cost": 7622.2, "Total Cost": 12984.41, "Plan Rows": 11595, "Plan Width": 0, "Actual Startup Time": 80.108, "Actual Total Time": 120.045, "Actual Rows": 146512, "Actual Loops": 1, "Inner Unique": false, "Hash Cond": "(pl.postid = p.id)", "Plans": [{"Node Type": "Hash Join", "Parent Relationship": "Outer", "Parallel Aware": false, "Join Type": "Inner", "Startup Cost": 119.56, "Total Cost": 5105.99, "Plan Rows": 18430, "Plan Width": 8, "Actual Startup Time": 1.658, "Actual Total Time": 29.935, "Actual Rows": 13980, "Actual Loops": 1, "Output": ["pl.postid", "v.postid"], "Inner Unique": false, "Hash Cond": "(v.postid = pl.postid)", "Plans": [{"Node Type": "Seq Scan", "Parent Relationship": "Outer", "Parallel Aware": false, "Relation Name": "votes", "Schema": "public", "Alias": "v", "Startup Cost": 0.0, "Total Cost": 3117.91, "Plan Rows": 134737, "Plan Width": 4, "Actual Startup Time": 0.022, "Actual Total Time": 17.678, "Actual Rows": 134683, "Actual Loops": 1, "Output": ["v.id", "v.postid", "v.votetypeid", "v.creationdate", "v.userid", "v.bountyamount"], "Filter": "(v.votetypeid = 2)", "Rows Removed by Filter": 29550}, {"Node Type": "Hash", "Parent Relationship": "Inner", "Parallel Aware": false, "Startup Cost": 76.91, "Total Cost": 76.91, "Plan Rows": 3412, "Plan Width": 4, "Actual Startup Time": 1.565, "Actual Total Time": 1.566, "Actual Rows": 3408, "Actual Loops": 1, "Output": ["pl.postid"], "Hash Buckets": 4096, "Original Hash Buckets": 4096, "Hash Batches": 1, "Original Hash Batches": 1, "Peak Memory Usage": 152, "Plans": [{"Node Type": "Seq Scan", "Parent Relationship": "Outer", "Parallel Aware": false, "Relation Name": "postlinks", "Schema": "public", "Alias": "pl", "Startup Cost": 0.0, "Total Cost": 76.91, "Plan Rows": 3412, "Plan Width": 4, "Actual Startup Time": 0.08, "Actual Total Time": 0.941, "Actual Rows": 3408, "Actual Loops": 1, "Output": ["pl.postid"], "Filter": "(pl.creationdate >= '2011-03-22 09:17:06'::timestamp without time zone)", "Rows Removed by Filter": 425}]}]}, {"Node Type": "Hash", "Parent Relationship": "Inner", "Parallel Aware": false, "Startup Cost": 6967.79, "Total Cost": 6967.79, "Plan Rows": 42788, "Plan Width": 12, "Actual Startup Time": 78.122, "Actual Total Time": 78.126, "Actual Rows": 95548, "Actual Loops": 1, "Output": ["c.postid", "p.id", "ph.postid"], "Hash Buckets": 131072, "Original Hash Buckets": 65536, "Hash Batches": 1, "Original Hash Batches": 1, "Peak Memory Usage": 5130, "Plans": [{"Node Type": "Hash Join", "Parent Relationship": "Outer", "Parallel Aware": false, "Join Type": "Inner", "Startup Cost": 3317.08, "Total Cost": 6967.79, "Plan Rows": 42788, "Plan Width": 12, "Actual Startup Time": 29.97, "Actual Total Time": 65.984, "Actual Rows": 95548, "Actual Loops": 1, "Output": ["c.postid", "p.id", "ph.postid"], "Inner Unique": false, "Hash Cond": "(ph.postid = p.id)", "Plans": [{"Node Type": "Seq Scan", "Parent Relationship": "Outer", "Parallel Aware": false, "Relation Name": "posthistory", "Schema": "public", "Alias": "ph", "Startup Cost": 0.0, "Total Cost": 2572.93, "Plan Rows": 129981, "Plan Width": 4, "Actual Startup Time": 0.019, "Actual Total Time": 16.795, "Actual Rows": 129994, "Actual Loops": 1, "Output": ["ph.id", "ph.posthistorytypeid", "ph.postid", "ph.creationdate", "ph.userid"], "Filter": "(ph.creationdate <= '2014-08-03 15:42:03'::timestamp without time zone)", "Rows Removed by Filter": 0}, {"Node Type": "Hash", "Parent Relationship": "Inner", "Parallel Aware": false, "Startup Cost": 3147.62, "Total Cost": 3147.62, "Plan Rows": 13557, "Plan Width": 8, "Actual Startup Time": 29.86, "Actual Total Time": 29.863, "Actual Rows": 15392, "Actual Loops": 1, "Output": ["c.postid", "p.id"], "Hash Buckets": 16384, "Original Hash Buckets": 16384, "Hash Batches": 1, "Original Hash Batches": 1, "Peak Memory Usage": 730, "Plans": [{"Node Type": "Hash Join", "Parent Relationship": "Outer", "Parallel Aware": false, "Join Type": "Inner", "Startup Cost": 1170.72, "Total Cost": 3147.62, "Plan Rows": 13557, "Plan Width": 8, "Actual Startup Time": 9.576, "Actual Total Time": 27.817, "Actual Rows": 15392, "Actual Loops": 1, "Output": ["c.postid", "p.id"], "Inner Unique": true, "Hash Cond": "(c.postid = p.id)", "Plans": [{"Node Type": "Seq Scan", "Parent Relationship": "Outer", "Parallel Aware": false, "Relation Name": "comments", "Schema": "public", "Alias": "c", "Startup Cost": 0.0, "Total Cost": 1773.36, "Plan Rows": 77534, "Plan Width": 4, "Actual Startup Time": 0.337, "Actual Total Time": 11.408, "Actual Rows": 77602, "Actual Loops": 1, "Output": ["c.id", "c.postid", "c.score", "c.creationdate", "c.userid"], "Filter": "((c.creationdate >= '2010-08-18 18:42:14'::timestamp without time zone) AND (c.creationdate <= '2014-09-02 21:45:21'::timestamp without time zone))", "Rows Removed by Filter": 1755}, {"Node Type": "Hash", "Parent Relationship": "Inner", "Parallel Aware": false, "Startup Cost": 1080.7, "Total Cost": 1080.7, "Plan Rows": 7201, "Plan Width": 4, "Actual Startup Time": 9.175, "Actual Total Time": 9.176, "Actual Rows": 7037, "Actual Loops": 1, "Output": ["p.id"], "Hash Buckets": 8192, "Original Hash Buckets": 8192, "Hash Batches": 1, "Original Hash Batches": 1, "Peak Memory Usage": 312, "Plans": [{"Node Type": "Seq Scan", "Parent Relationship": "Outer", "Parallel Aware": false, "Relation Name": "posts", "Schema": "public", "Alias": "p", "Startup Cost": 0.0, "Total Cost": 1080.7, "Plan Rows": 7201, "Plan Width": 4, "Actual Startup Time": 0.034, "Actual Total Time": 8.043, "Actual Rows": 7037, "Actual Loops": 1, "Output": ["p.id"], "Filter": "((p.score <= 17) AND (p.favoritecount >= 0) AND (p.creationdate <= '2014-09-10 20:04:07'::timestamp without time zone))", "Rows Removed by Filter": 34146}]}]}]}]}]}]}]}, "Planning Time": 3.182, "Triggers": [], "Execution Time": 125.807}]
[{"Plan": {"Node Type": "Aggregate", "Strategy": "Plain", "Partial Mode": "Simple", "Parallel Aware": false, "Startup Cost": 9194.18, "Total Cost": 9194.19, "Plan Rows": 1, "Plan Width": 8, "Actual Startup Time": 255.023, "Actual Total Time": 255.034, "Actual Rows": 1, "Actual Loops": 1, "Output": ["count(*)"], "Plans": [{"Node Type": "Hash Join", "Parent Relationship": "Outer", "Parallel Aware": false, "Join Type": "Inner", "Startup Cost": 4307.11, "Total Cost": 9166.06, "Plan Rows": 11251, "Plan Width": 0, "Actual Startup Time": 131.152, "Actual Total Time": 252.889, "Actual Rows": 29353, "Actual Loops": 1, "Inner Unique": false, "Hash Cond": "(v.postid = p.id)", "Plans": [{"Node Type": "Seq Scan", "Parent Relationship": "Outer", "Parallel Aware": false, "Relation Name": "votes", "Schema": "public", "Alias": "v", "Startup Cost": 0.0, "Total Cost": 3117.91, "Plan Rows": 164220, "Plan Width": 4, "Actual Startup Time": 0.029, "Actual Total Time": 82.753, "Actual Rows": 164233, "Actual Loops": 1, "Output": ["v.id", "v.postid", "v.votetypeid", "v.creationdate", "v.userid", "v.bountyamount"], "Filter": "(v.creationdate <= '2014-09-10 00:00:00'::timestamp without time zone)", "Rows Removed by Filter": 0}, {"Node Type": "Hash", "Parent Relationship": "Inner", "Parallel Aware": false, "Startup Cost": 3954.38, "Total Cost": 3954.38, "Plan Rows": 28218, "Plan Width": 8, "Actual Startup Time": 130.69, "Actual Total Time": 130.696, "Actual Rows": 7074, "Actual Loops": 1, "Output": ["c.postid", "p.id"], "Hash Buckets": 32768, "Original Hash Buckets": 32768, "Hash Batches": 1, "Original Hash Batches": 1, "Peak Memory Usage": 533, "Plans": [{"Node Type": "Hash Join", "Parent Relationship": "Outer", "Parallel Aware": false, "Join Type": "Inner", "Startup Cost": 1676.06, "Total Cost": 3954.38, "Plan Rows": 28218, "Plan Width": 8, "Actual Startup Time": 57.658, "Actual Total Time": 128.425, "Actual Rows": 7074, "Actual Loops": 1, "Output": ["c.postid", "p.id"], "Inner Unique": false, "Hash Cond": "(c.postid = p.id)", "Plans": [{"Node Type": "Seq Scan", "Parent Relationship": "Outer", "Parallel Aware": false, "Relation Name": "comments", "Schema": "public", "Alias": "c", "Startup Cost": 0.0, "Total Cost": 1773.36, "Plan Rows": 59413, "Plan Width": 4, "Actual Startup Time": 0.209, "Actual Total Time": 41.745, "Actual Rows": 60129, "Actual Loops": 1, "Output": ["c.id", "c.postid", "c.score", "c.creationdate", "c.userid"], "Filter": "((c.creationdate >= '2010-07-20 05:53:59'::timestamp without time zone) AND (c.score = 0))", "Rows Removed by Filter": 19228}, {"Node Type": "Hash", "Parent Relationship": "Inner", "Parallel Aware": false, "Startup Cost": 1431.57, "Total Cost": 1431.57, "Plan Rows": 19559, "Plan Width": 4, "Actual Startup Time": 57.125, "Actual Total Time": 57.13, "Actual Rows": 3408, "Actual Loops": 1, "Output": ["p.id"], "Hash Buckets": 32768, "Original Hash Buckets": 32768, "Hash Batches": 1, "Original Hash Batches": 1, "Peak Memory Usage": 376, "Plans": [{"Node Type": "Hash Join", "Parent Relationship": "Outer", "Parallel Aware": false, "Join Type": "Inner", "Startup Cost": 551.62, "Total Cost": 1431.57, "Plan Rows": 19559, "Plan Width": 4, "Actual Startup Time": 11.215, "Actual Total Time": 56.038, "Actual Rows": 3408, "Actual Loops": 1, "Output": ["p.id"], "Inner Unique": true, "Hash Cond": "(p.lasteditoruserid = u.id)", "Plans": [{"Node Type": "Seq Scan", "Parent Relationship": "Outer", "Parallel Aware": false, "Relation Name": "posts", "Schema": "public", "Alias": "p", "Startup Cost": 0.0, "Total Cost": 771.83, "Plan Rows": 41183, "Plan Width": 8, "Actual Startup Time": 0.022, "Actual Total Time": 17.303, "Actual Rows": 41183, "Actual Loops": 1, "Output": ["p.id", "p.posttypeid", "p.creationdate", "p.score", "p.viewcount", "p.owneruserid", "p.answercount", "p.commentcount", "p.favoritecount", "p.lasteditoruserid"]}, {"Node Type": "Hash", "Parent Relationship": "Inner", "Parallel Aware": false, "Startup Cost": 371.36, "Total Cost": 371.36, "Plan Rows": 14421, "Plan Width": 4, "Actual Startup Time": 11.028, "Actual Total Time": 11.03, "Actual Rows": 14421, "Actual Loops": 1, "Output": ["u.id"], "Hash Buckets": 16384, "Original Hash Buckets": 16384, "Hash Batches": 1, "Original Hash Batches": 1, "Peak Memory Usage": 635, "Plans": [{"Node Type": "Seq Scan", "Parent Relationship": "Outer", "Parallel Aware": false, "Relation Name": "users", "Schema": "public", "Alias": "u", "Startup Cost": 0.0, "Total Cost": 371.36, "Plan Rows": 14421, "Plan Width": 4, "Actual Startup Time": 0.027, "Actual Total Time": 6.325, "Actual Rows": 14421, "Actual Loops": 1, "Output": ["u.id"], "Filter": "((u.reputation >= 1) AND (u.views >= 0) AND (u.views <= 64))", "Rows Removed by Filter": 514}]}]}]}]}]}]}]}, "Planning Time": 3.277, "Triggers": [], "Execution Time": 255.291}]#####[{"Plan": {"Node Type": "Aggregate", "Strategy": "Plain", "Partial Mode": "Simple", "Parallel Aware": false, "Startup Cost": 5866.39, "Total Cost": 5866.4, "Plan Rows": 1, "Plan Width": 8, "Actual Startup Time": 62.302, "Actual Total Time": 62.31, "Actual Rows": 1, "Actual Loops": 1, "Output": ["count(*)"], "Plans": [{"Node Type": "Nested Loop", "Parent Relationship": "Outer", "Parallel Aware": false, "Join Type": "Inner", "Startup Cost": 1676.35, "Total Cost": 5585.09, "Plan Rows": 112519, "Plan Width": 0, "Actual Startup Time": 20.984, "Actual Total Time": 60.902, "Actual Rows": 29353, "Actual Loops": 1, "Inner Unique": false, "Join Filter": "(p.id = v.postid)", "Rows Removed by Join Filter": 0, "Plans": [{"Node Type": "Hash Join", "Parent Relationship": "Outer", "Parallel Aware": false, "Join Type": "Inner", "Startup Cost": 1676.06, "Total Cost": 3954.38, "Plan Rows": 2821, "Plan Width": 8, "Actual Startup Time": 20.671, "Actual Total Time": 36.077, "Actual Rows": 7074, "Actual Loops": 1, "Output": ["c.postid", "p.id"], "Inner Unique": false, "Hash Cond": "(c.postid = p.id)", "Plans": [{"Node Type": "Seq Scan", "Parent Relationship": "Outer", "Parallel Aware": false, "Relation Name": "comments", "Schema": "public", "Alias": "c", "Startup Cost": 0.0, "Total Cost": 1773.36, "Plan Rows": 59413, "Plan Width": 4, "Actual Startup Time": 0.037, "Actual Total Time": 9.777, "Actual Rows": 60129, "Actual Loops": 1, "Output": ["c.id", "c.postid", "c.score", "c.creationdate", "c.userid"], "Filter": "((c.creationdate >= '2010-07-20 05:53:59'::timestamp without time zone) AND (c.score = 0))", "Rows Removed by Filter": 19228}, {"Node Type": "Hash", "Parent Relationship": "Inner", "Parallel Aware": false, "Startup Cost": 1431.57, "Total Cost": 1431.57, "Plan Rows": 19559, "Plan Width": 4, "Actual Startup Time": 20.398, "Actual Total Time": 20.403, "Actual Rows": 3408, "Actual Loops": 1, "Output": ["p.id"], "Hash Buckets": 32768, "Original Hash Buckets": 32768, "Hash Batches": 1, "Original Hash Batches": 1, "Peak Memory Usage": 376, "Plans": [{"Node Type": "Hash Join", "Parent Relationship": "Outer", "Parallel Aware": false, "Join Type": "Inner", "Startup Cost": 551.62, "Total Cost": 1431.57, "Plan Rows": 19559, "Plan Width": 4, "Actual Startup Time": 7.789, "Actual Total Time": 19.661, "Actual Rows": 3408, "Actual Loops": 1, "Output": ["p.id"], "Inner Unique": true, "Hash Cond": "(p.lasteditoruserid = u.id)", "Plans": [{"Node Type": "Seq Scan", "Parent Relationship": "Outer", "Parallel Aware": false, "Relation Name": "posts", "Schema": "public", "Alias": "p", "Startup Cost": 0.0, "Total Cost": 771.83, "Plan Rows": 41183, "Plan Width": 8, "Actual Startup Time": 0.017, "Actual Total Time": 4.065, "Actual Rows": 41183, "Actual Loops": 1, "Output": ["p.id", "p.posttypeid", "p.creationdate", "p.score", "p.viewcount", "p.owneruserid", "p.answercount", "p.commentcount", "p.favoritecount", "p.lasteditoruserid"]}, {"Node Type": "Hash", "Parent Relationship": "Inner", "Parallel Aware": false, "Startup Cost": 371.36, "Total Cost": 371.36, "Plan Rows": 14421, "Plan Width": 4, "Actual Startup Time": 7.665, "Actual Total Time": 7.666, "Actual Rows": 14421, "Actual Loops": 1, "Output": ["u.id"], "Hash Buckets": 16384, "Original Hash Buckets": 16384, "Hash Batches": 1, "Original Hash Batches": 1, "Peak Memory Usage": 635, "Plans": [{"Node Type": "Seq Scan", "Parent Relationship": "Outer", "Parallel Aware": false, "Relation Name": "users", "Schema": "public", "Alias": "u", "Startup Cost": 0.0, "Total Cost": 371.36, "Plan Rows": 14421, "Plan Width": 4, "Actual Startup Time": 0.018, "Actual Total Time": 4.553, "Actual Rows": 14421, "Actual Loops": 1, "Output": ["u.id"], "Filter": "((u.reputation >= 1) AND (u.views >= 0) AND (u.views <= 64))", "Rows Removed by Filter": 514}]}]}]}]}, {"Node Type": "Index Scan", "Parent Relationship": "Inner", "Parallel Aware": false, "Scan Direction": "Forward", "Index Name": "idx_votes_postid", "Relation Name": "votes", "Schema": "public", "Alias": "v", "Startup Cost": 0.29, "Total Cost": 0.5, "Plan Rows": 6, "Plan Width": 4, "Actual Startup Time": 0.002, "Actual Total Time": 0.003, "Actual Rows": 4, "Actual Loops": 7074, "Output": ["v.id", "v.postid", "v.votetypeid", "v.creationdate", "v.userid", "v.bountyamount"], "Index Cond": "(v.postid = c.postid)", "Rows Removed by Index Recheck": 0, "Filter": "(v.creationdate <= '2014-09-10 00:00:00'::timestamp without time zone)", "Rows Removed by Filter": 0}]}]}, "Planning Time": 3.406, "Triggers": [], "Execution Time": 62.509}]#####[{"Plan": {"Node Type": "Aggregate", "Strategy": "Plain", "Partial Mode": "Simple", "Parallel Aware": false, "Startup Cost": 20262.99, "Total Cost": 20263.0, "Plan Rows": 1, "Plan Width": 8, "Actual Startup Time": 184.641, "Actual Total Time": 184.649, "Actual Rows": 1, "Actual Loops": 1, "Output": ["count(*)"], "Plans": [{"Node Type": "Hash Join", "Parent Relationship": "Outer", "Parallel Aware": false, "Join Type": "Inner", "Startup Cost": 1677.04, "Total Cost": 19981.69, "Plan Rows": 112519, "Plan Width": 0, "Actual Startup Time": 16.453, "Actual Total Time": 183.346, "Actual Rows": 29353, "Actual Loops": 1, "Inner Unique": false, "Hash Cond": "(c.postid = p.id)", "Plans": [{"Node Type": "Merge Join", "Parent Relationship": "Outer", "Parallel Aware": false, "Join Type": "Inner", "Startup Cost": 0.99, "Total Cost": 15045.53, "Plan Rows": 383574, "Plan Width": 8, "Actual Startup Time": 0.781, "Actual Total Time": 150.441, "Actual Rows": 275075, "Actual Loops": 1, "Output": ["c.postid", "v.postid"], "Inner Unique": false, "Merge Cond": "(c.postid = v.postid)", "Plans": [{"Node Type": "Index Scan", "Parent Relationship": "Outer", "Parallel Aware": false, "Scan Direction": "Forward", "Index Name": "idx_comments_postid", "Relation Name": "comments", "Schema": "public", "Alias": "c", "Startup Cost": 0.29, "Total Cost": 2852.52, "Plan Rows": 59413, "Plan Width": 4, "Actual Startup Time": 0.061, "Actual Total Time": 25.136, "Actual Rows": 60129, "Actual Loops": 1, "Output": ["c.id", "c.postid", "c.score", "c.creationdate", "c.userid"], "Filter": "((c.creationdate >= '2010-07-20 05:53:59'::timestamp without time zone) AND (c.score = 0))", "Rows Removed by Filter": 19228}, {"Node Type": "Materialize", "Parent Relationship": "Inner", "Parallel Aware": false, "Startup Cost": 0.29, "Total Cost": 6709.44, "Plan Rows": 164220, "Plan Width": 4, "Actual Startup Time": 0.027, "Actual Total Time": 87.877, "Actual Rows": 343311, "Actual Loops": 1, "Output": ["v.id", "v.postid", "v.votetypeid", "v.creationdate", "v.userid", "v.bountyamount"], "Plans": [{"Node Type": "Index Scan", "Parent Relationship": "Outer", "Parallel Aware": false, "Scan Direction": "Forward", "Index Name": "idx_votes_postid", "Relation Name": "votes", "Schema": "public", "Alias": "v", "Startup Cost": 0.29, "Total Cost": 6298.89, "Plan Rows": 164220, "Plan Width": 4, "Actual Startup Time": 0.022, "Actual Total Time": 64.155, "Actual Rows": 164118, "Actual Loops": 1, "Output": ["v.id", "v.postid", "v.votetypeid", "v.creationdate", "v.userid", "v.bountyamount"], "Filter": "(v.creationdate <= '2014-09-10 00:00:00'::timestamp without time zone)", "Rows Removed by Filter": 0}]}]}, {"Node Type": "Hash", "Parent Relationship": "Inner", "Parallel Aware": false, "Startup Cost": 1431.57, "Total Cost": 1431.57, "Plan Rows": 19559, "Plan Width": 4, "Actual Startup Time": 14.575, "Actual Total Time": 14.579, "Actual Rows": 3408, "Actual Loops": 1, "Output": ["p.id"], "Hash Buckets": 32768, "Original Hash Buckets": 32768, "Hash Batches": 1, "Original Hash Batches": 1, "Peak Memory Usage": 376, "Plans": [{"Node Type": "Hash Join", "Parent Relationship": "Outer", "Parallel Aware": false, "Join Type": "Inner", "Startup Cost": 551.62, "Total Cost": 1431.57, "Plan Rows": 19559, "Plan Width": 4, "Actual Startup Time": 5.245, "Actual Total Time": 13.923, "Actual Rows": 3408, "Actual Loops": 1, "Output": ["p.id"], "Inner Unique": true, "Hash Cond": "(p.lasteditoruserid = u.id)", "Plans": [{"Node Type": "Seq Scan", "Parent Relationship": "Outer", "Parallel Aware": false, "Relation Name": "posts", "Schema": "public", "Alias": "p", "Startup Cost": 0.0, "Total Cost": 771.83, "Plan Rows": 41183, "Plan Width": 8, "Actual Startup Time": 0.012, "Actual Total Time": 2.844, "Actual Rows": 41183, "Actual Loops": 1, "Output": ["p.id", "p.posttypeid", "p.creationdate", "p.score", "p.viewcount", "p.owneruserid", "p.answercount", "p.commentcount", "p.favoritecount", "p.lasteditoruserid"]}, {"Node Type": "Hash", "Parent Relationship": "Inner", "Parallel Aware": false, "Startup Cost": 371.36, "Total Cost": 371.36, "Plan Rows": 14421, "Plan Width": 4, "Actual Startup Time": 5.158, "Actual Total Time": 5.159, "Actual Rows": 14421, "Actual Loops": 1, "Output": ["u.id"], "Hash Buckets": 16384, "Original Hash Buckets": 16384, "Hash Batches": 1, "Original Hash Batches": 1, "Peak Memory Usage": 635, "Plans": [{"Node Type": "Seq Scan", "Parent Relationship": "Outer", "Parallel Aware": false, "Relation Name": "users", "Schema": "public", "Alias": "u", "Startup Cost": 0.0, "Total Cost": 371.36, "Plan Rows": 14421, "Plan Width": 4, "Actual Startup Time": 0.012, "Actual Total Time": 3.08, "Actual Rows": 14421, "Actual Loops": 1, "Output": ["u.id"], "Filter": "((u.reputation >= 1) AND (u.views >= 0) AND (u.views <= 64))", "Rows Removed by Filter": 514}]}]}]}]}]}, "Planning Time": 3.434, "Triggers": [], "Execution Time": 184.82}]
[{"Plan": {"Node Type": "Aggregate", "Strategy": "Plain", "Partial Mode": "Simple", "Parallel Aware": false, "Startup Cost": 2090767.69, "Total Cost": 2090767.7, "Plan Rows": 1, "Plan Width": 8, "Actual Startup Time": 20.286, "Actual Total Time": 20.293, "Actual Rows": 1, "Actual Loops": 1, "Output": ["count(*)"], "Plans": [{"Node Type": "Merge Join", "Parent Relationship": "Outer", "Parallel Aware": false, "Join Type": "Inner", "Startup Cost": 12.42, "Total Cost": 351203.36, "Plan Rows": 695825735, "Plan Width": 0, "Actual Startup Time": 20.274, "Actual Total Time": 20.28, "Actual Rows": 0, "Actual Loops": 1, "Inner Unique": false, "Merge Cond": "(u.id = p.lasteditoruserid)", "Plans": [{"Node Type": "Merge Join", "Parent Relationship": "Outer", "Parallel Aware": false, "Join Type": "Inner", "Startup Cost": 0.79, "Total Cost": 4742.65, "Plan Rows": 54596, "Plan Width": 8, "Actual Startup Time": 0.801, "Actual Total Time": 0.805, "Actual Rows": 1, "Actual Loops": 1, "Output": ["c.userid", "u.id"], "Inner Unique": true, "Merge Cond": "(c.userid = u.id)", "Plans": [{"Node Type": "Index Scan", "Parent Relationship": "Outer", "Parallel Aware": false, "Scan Direction": "Forward", "Index Name": "idx_comments_userid", "Relation Name": "comments", "Schema": "public", "Alias": "c", "Startup Cost": 0.29, "Total Cost": 3562.4, "Plan Rows": 60002, "Plan Width": 4, "Actual Startup Time": 0.029, "Actual Total Time": 0.752, "Actual Rows": 256, "Actual Loops": 1, "Output": ["c.id", "c.postid", "c.score", "c.creationdate", "c.userid"], "Filter": "(c.score = 0)", "Rows Removed by Filter": 127}, {"Node Type": "Index Scan", "Parent Relationship": "Inner", "Parallel Aware": false, "Scan Direction": "Forward", "Index Name": "users_pkey", "Relation Name": "users", "Schema": "public", "Alias": "u", "Startup Cost": 0.29, "Total Cost": 546.65, "Plan Rows": 13955, "Plan Width": 4, "Actual Startup Time": 0.022, "Actual Total Time": 0.025, "Actual Rows": 4, "Actual Loops": 1, "Output": ["u.id", "u.reputation", "u.creationdate", "u.views", "u.upvotes", "u.downvotes"], "Filter": "(u.upvotes <= 17)", "Rows Removed by Filter": 6}]}, {"Node Type": "Materialize", "Parent Relationship": "Inner", "Parallel Aware": false, "Startup Cost": 11.64, "Total Cost": 82974.24, "Plan Rows": 13170526, "Plan Width": 12, "Actual Startup Time": 19.472, "Actual Total Time": 19.474, "Actual Rows": 0, "Actual Loops": 1, "Output": ["p.lasteditoruserid", "ph.userid", "b.userid"], "Plans": [{"Node Type": "Nested Loop", "Parent Relationship": "Outer", "Parallel Aware": false, "Join Type": "Inner", "Startup Cost": 11.64, "Total Cost": 50047.93, "Plan Rows": 13170526, "Plan Width": 12, "Actual Startup Time": 19.467, "Actual Total Time": 19.468, "Actual Rows": 0, "Actual Loops": 1, "Output": ["p.lasteditoruserid", "ph.userid", "b.userid"], "Inner Unique": false, "Join Filter": "(p.lasteditoruserid = ph.userid)", "Rows Removed by Join Filter": 0, "Plans": [{"Node Type": "Merge Join", "Parent Relationship": "Outer", "Parallel Aware": false, "Join Type": "Inner", "Startup Cost": 11.35, "Total Cost": 2743.8, "Plan Rows": 52522, "Plan Width": 8, "Actual Startup Time": 19.466, "Actual Total Time": 19.467, "Actual Rows": 0, "Actual Loops": 1, "Output": ["p.lasteditoruserid", "b.userid"], "Inner Unique": false, "Merge Cond": "(p.lasteditoruserid = b.userid)", "Plans": [{"Node Type": "Index Scan", "Parent Relationship": "Outer", "Parallel Aware": false, "Scan Direction": "Forward", "Index Name": "idx_posts_lasteditoruserid", "Relation Name": "posts", "Schema": "public", "Alias": "p", "Startup Cost": 0.29, "Total Cost": 2554.39, "Plan Rows": 1425, "Plan Width": 4, "Actual Startup Time": 19.465, "Actual Total Time": 19.465, "Actual Rows": 0, "Actual Loops": 1, "Output": ["p.id", "p.posttypeid", "p.creationdate", "p.score", "p.viewcount", "p.owneruserid", "p.answercount", "p.commentcount", "p.favoritecount", "p.lasteditoruserid"], "Filter": "((p.viewcount >= 0) AND (p.viewcount <= 2291) AND (p.favoritecount >= 0) AND (p.favoritecount <= 7) AND (p.posttypeid = 2))", "Rows Removed by Filter": 41183}, {"Node Type": "Materialize", "Parent Relationship": "Inner", "Parallel Aware": false, "Startup Cost": 0.29, "Total Cost": 795.21, "Plan Rows": 32624, "Plan Width": 4, "Actual Startup Time": 0.0, "Actual Total Time": 0.0, "Actual Rows": 0, "Actual Loops": 0, "Output": ["b.userid"], "Plans": [{"Node Type": "Index Only Scan", "Parent Relationship": "Outer", "Parallel Aware": false, "Scan Direction": "Forward", "Index Name": "idx_badges_userid", "Relation Name": "badges", "Schema": "public", "Alias": "b", "Startup Cost": 0.29, "Total Cost": 713.65, "Plan Rows": 32624, "Plan Width": 4, "Actual Startup Time": 0.0, "Actual Total Time": 0.0, "Actual Rows": 0, "Actual Loops": 0, "Output": ["b.userid"], "Heap Fetches": 0}]}]}, {"Node Type": "Index Scan", "Parent Relationship": "Inner", "Parallel Aware": false, "Scan Direction": "Forward", "Index Name": "idx_posthistory_userid", "Relation Name": "posthistory", "Schema": "public", "Alias": "ph", "Startup Cost": 0.29, "Total Cost": 0.83, "Plan Rows": 6, "Plan Width": 4, "Actual Startup Time": 0.0, "Actual Total Time": 0.0, "Actual Rows": 0, "Actual Loops": 0, "Output": ["ph.id", "ph.posthistorytypeid", "ph.postid", "ph.creationdate", "ph.userid"], "Index Cond": "(ph.userid = b.userid)", "Rows Removed by Index Recheck": 0, "Filter": "(ph.posthistorytypeid = 2)", "Rows Removed by Filter": 0}]}]}]}]}, "Planning Time": 2.568, "Triggers": [], "Execution Time": 20.525}]#####[{"Plan": {"Node Type": "Aggregate", "Strategy": "Plain", "Partial Mode": "Simple", "Parallel Aware": false, "Startup Cost": 17437540.19, "Total Cost": 17437540.2, "Plan Rows": 1, "Plan Width": 8, "Actual Startup Time": 14.162, "Actual Total Time": 14.17, "Actual Rows": 1, "Actual Loops": 1, "Output": ["count(*)"], "Plans": [{"Node Type": "Hash Join", "Parent Relationship": "Outer", "Parallel Aware": false, "Join Type": "Inner", "Startup Cost": 13265.45, "Total Cost": 41896.81, "Plan Rows": 6958257351, "Plan Width": 0, "Actual Startup Time": 14.15, "Actual Total Time": 14.158, "Actual Rows": 0, "Actual Loops": 1, "Inner Unique": false, "Hash Cond": "(c.userid = u.id)", "Plans": [{"Node Type": "Seq Scan", "Parent Relationship": "Outer", "Parallel Aware": false, "Relation Name": "comments", "Schema": "public", "Alias": "c", "Startup Cost": 0.0, "Total Cost": 1574.96, "Plan Rows": 60002, "Plan Width": 4, "Actual Startup Time": 0.028, "Actual Total Time": 0.03, "Actual Rows": 1, "Actual Loops": 1, "Output": ["c.id", "c.postid", "c.score", "c.creationdate", "c.userid"], "Filter": "(c.score = 0)", "Rows Removed by Filter": 1}, {"Node Type": "Hash", "Parent Relationship": "Inner", "Parallel Aware": false, "Startup Cost": 5699.13, "Total Cost": 5699.13, "Plan Rows": 605306, "Plan Width": 16, "Actual Startup Time": 8.538, "Actual Total Time": 8.543, "Actual Rows": 0, "Actual Loops": 1, "Output": ["p.lasteditoruserid", "ph.userid", "b.userid", "u.id"], "Hash Buckets": 1048576, "Original Hash Buckets": 1048576, "Hash Batches": 1, "Original Hash Batches": 1, "Peak Memory Usage": 8192, "Plans": [{"Node Type": "Hash Join", "Parent Relationship": "Outer", "Parallel Aware": false, "Join Type": "Inner", "Startup Cost": 2316.08, "Total Cost": 5699.13, "Plan Rows": 605306, "Plan Width": 16, "Actual Startup Time": 8.538, "Actual Total Time": 8.542, "Actual Rows": 0, "Actual Loops": 1, "Output": ["p.lasteditoruserid", "ph.userid", "b.userid", "u.id"], "Inner Unique": false, "Hash Cond": "(ph.userid = u.id)", "Plans": [{"Node Type": "Seq Scan", "Parent Relationship": "Outer", "Parallel Aware": false, "Relation Name": "posthistory", "Schema": "public", "Alias": "ph", "Startup Cost": 0.0, "Total Cost": 2572.93, "Plan Rows": 40918, "Plan Width": 4, "Actual Startup Time": 0.023, "Actual Total Time": 0.024, "Actual Rows": 1, "Actual Loops": 1, "Output": ["ph.id", "ph.posthistorytypeid", "ph.postid", "ph.creationdate", "ph.userid"], "Filter": "(ph.posthistorytypeid = 2)", "Rows Removed by Filter": 0}, {"Node Type": "Hash", "Parent Relationship": "Inner", "Parallel Aware": false, "Startup Cost": 2014.35, "Total Cost": 2014.35, "Plan Rows": 24139, "Plan Width": 12, "Actual Startup Time": 8.355, "Actual Total Time": 8.359, "Actual Rows": 0, "Actual Loops": 1, "Output": ["p.lasteditoruserid", "b.userid", "u.id"], "Hash Buckets": 32768, "Original Hash Buckets": 32768, "Hash Batches": 1, "Original Hash Batches": 1, "Peak Memory Usage": 256, "Plans": [{"Node Type": "Nested Loop", "Parent Relationship": "Outer", "Parallel Aware": false, "Join Type": "Inner", "Startup Cost": 471.41, "Total Cost": 2014.35, "Plan Rows": 24139, "Plan Width": 12, "Actual Startup Time": 8.354, "Actual Total Time": 8.358, "Actual Rows": 0, "Actual Loops": 1, "Output": ["p.lasteditoruserid", "b.userid", "u.id"], "Inner Unique": false, "Plans": [{"Node Type": "Hash Join", "Parent Relationship": "Outer", "Parallel Aware": false, "Join Type": "Inner", "Startup Cost": 471.12, "Total Cost": 1761.48, "Plan Rows": 655, "Plan Width": 8, "Actual Startup Time": 8.353, "Actual Total Time": 8.356, "Actual Rows": 0, "Actual Loops": 1, "Output": ["p.lasteditoruserid", "u.id"], "Inner Unique": true, "Hash Cond": "(p.lasteditoruserid = u.id)", "Plans": [{"Node Type": "Seq Scan", "Parent Relationship": "Outer", "Parallel Aware": false, "Relation Name": "posts", "Schema": "public", "Alias": "p", "Startup Cost": 0.0, "Total Cost": 1286.62, "Plan Rows": 1425, "Plan Width": 4, "Actual Startup Time": 8.353, "Actual Total Time": 8.353, "Actual Rows": 0, "Actual Loops": 1, "Output": ["p.id", "p.posttypeid", "p.creationdate", "p.score", "p.viewcount", "p.owneruserid", "p.answercount", "p.commentcount", "p.favoritecount", "p.lasteditoruserid"], "Filter": "((p.viewcount >= 0) AND (p.viewcount <= 2291) AND (p.favoritecount >= 0) AND (p.favoritecount <= 7) AND (p.posttypeid = 2))", "Rows Removed by Filter": 41183}, {"Node Type": "Hash", "Parent Relationship": "Inner", "Parallel Aware": false, "Startup Cost": 296.69, "Total Cost": 296.69, "Plan Rows": 13955, "Plan Width": 4, "Actual Startup Time": 0.0, "Actual Total Time": 0.0, "Actual Rows": 0, "Actual Loops": 0, "Output": ["u.id"], "Plans": [{"Node Type": "Seq Scan", "Parent Relationship": "Outer", "Parallel Aware": false, "Relation Name": "users", "Schema": "public", "Alias": "u", "Startup Cost": 0.0, "Total Cost": 296.69, "Plan Rows": 13955, "Plan Width": 4, "Actual Startup Time": 0.0, "Actual Total Time": 0.0, "Actual Rows": 0, "Actual Loops": 0, "Output": ["u.id"], "Filter": "(u.upvotes <= 17)", "Rows Removed by Filter": 0}]}]}, {"Node Type": "Index Only Scan", "Parent Relationship": "Inner", "Parallel Aware": false, "Scan Direction": "Forward", "Index Name": "idx_badges_userid", "Relation Name": "badges", "Schema": "public", "Alias": "b", "Startup Cost": 0.29, "Total Cost": 0.36, "Plan Rows": 3, "Plan Width": 4, "Actual Startup Time": 0.0, "Actual Total Time": 0.0, "Actual Rows": 0, "Actual Loops": 0, "Output": ["b.userid"], "Index Cond": "(b.userid = u.id)", "Rows Removed by Index Recheck": 0, "Heap Fetches": 0}]}]}]}]}]}]}, "Planning Time": 7.045, "Triggers": [], "Execution Time": 15.017}]#####[{"Plan": {"Node Type": "Aggregate", "Strategy": "Plain", "Partial Mode": "Simple", "Parallel Aware": false, "Startup Cost": 17446284.68, "Total Cost": 17446284.69, "Plan Rows": 1, "Plan Width": 8, "Actual Startup Time": 16.074, "Actual Total Time": 16.083, "Actual Rows": 1, "Actual Loops": 1, "Output": ["count(*)"], "Plans": [{"Node Type": "Merge Join", "Parent Relationship": "Outer", "Parallel Aware": false, "Join Type": "Inner", "Startup Cost": 5805.41, "Total Cost": 50641.3, "Plan Rows": 6958257351, "Plan Width": 0, "Actual Startup Time": 16.06, "Actual Total Time": 16.069, "Actual Rows": 0, "Actual Loops": 1, "Inner Unique": false, "Merge Cond": "(p.lasteditoruserid = u.id)", "Plans": [{"Node Type": "Merge Join", "Parent Relationship": "Outer", "Parallel Aware": false, "Join Type": "Inner", "Startup Cost": 11.35, "Total Cost": 2743.8, "Plan Rows": 52522, "Plan Width": 8, "Actual Startup Time": 16.06, "Actual Total Time": 16.064, "Actual Rows": 0, "Actual Loops": 1, "Output": ["p.lasteditoruserid", "b.userid"], "Inner Unique": false, "Merge Cond": "(p.lasteditoruserid = b.userid)", "Plans": [{"Node Type": "Index Scan", "Parent Relationship": "Outer", "Parallel Aware": false, "Scan Direction": "Forward", "Index Name": "idx_posts_lasteditoruserid", "Relation Name": "posts", "Schema": "public", "Alias": "p", "Startup Cost": 0.29, "Total Cost": 2554.39, "Plan Rows": 1425, "Plan Width": 4, "Actual Startup Time": 16.059, "Actual Total Time": 16.061, "Actual Rows": 0, "Actual Loops": 1, "Output": ["p.id", "p.posttypeid", "p.creationdate", "p.score", "p.viewcount", "p.owneruserid", "p.answercount", "p.commentcount", "p.favoritecount", "p.lasteditoruserid"], "Filter": "((p.viewcount >= 0) AND (p.viewcount <= 2291) AND (p.favoritecount >= 0) AND (p.favoritecount <= 7) AND (p.posttypeid = 2))", "Rows Removed by Filter": 41183}, {"Node Type": "Materialize", "Parent Relationship": "Inner", "Parallel Aware": false, "Startup Cost": 0.29, "Total Cost": 795.21, "Plan Rows": 32624, "Plan Width": 4, "Actual Startup Time": 0.0, "Actual Total Time": 0.0, "Actual Rows": 0, "Actual Loops": 0, "Output": ["b.userid"], "Plans": [{"Node Type": "Index Only Scan", "Parent Relationship": "Outer", "Parallel Aware": false, "Scan Direction": "Forward", "Index Name": "idx_badges_userid", "Relation Name": "badges", "Schema": "public", "Alias": "b", "Startup Cost": 0.29, "Total Cost": 713.65, "Plan Rows": 32624, "Plan Width": 4, "Actual Startup Time": 0.0, "Actual Total Time": 0.0, "Actual Rows": 0, "Actual Loops": 0, "Output": ["b.userid"], "Heap Fetches": 0}]}]}, {"Node Type": "Materialize", "Parent Relationship": "Inner", "Parallel Aware": false, "Startup Cost": 5794.07, "Total Cost": 15101.26, "Plan Rows": 1455308, "Plan Width": 12, "Actual Startup Time": 0.0, "Actual Total Time": 0.0, "Actual Rows": 0, "Actual Loops": 0, "Output": ["c.userid", "ph.userid", "u.id"], "Plans": [{"Node Type": "Merge Join", "Parent Relationship": "Outer", "Parallel Aware": false, "Join Type": "Inner", "Startup Cost": 5794.07, "Total Cost": 11462.99, "Plan Rows": 1455308, "Plan Width": 12, "Actual Startup Time": 0.0, "Actual Total Time": 0.0, "Actual Rows": 0, "Actual Loops": 0, "Output": ["c.userid", "ph.userid", "u.id"], "Inner Unique": false, "Merge Cond": "(c.userid = u.id)", "Plans": [{"Node Type": "Index Scan", "Parent Relationship": "Outer", "Parallel Aware": false, "Scan Direction": "Forward", "Index Name": "idx_comments_userid", "Relation Name": "comments", "Schema": "public", "Alias": "c", "Startup Cost": 0.29, "Total Cost": 3562.4, "Plan Rows": 60002, "Plan Width": 4, "Actual Startup Time": 0.0, "Actual Total Time": 0.0, "Actual Rows": 0, "Actual Loops": 0, "Output": ["c.id", "c.postid", "c.score", "c.creationdate", "c.userid"], "Filter": "(c.score = 0)", "Rows Removed by Filter": 0}, {"Node Type": "Sort", "Parent Relationship": "Inner", "Parallel Aware": false, "Startup Cost": 5793.63, "Total Cost": 5881.14, "Plan Rows": 35006, "Plan Width": 8, "Actual Startup Time": 0.0, "Actual Total Time": 0.0, "Actual Rows": 0, "Actual Loops": 0, "Output": ["ph.userid", "u.id"], "Sort Key": ["ph.userid"], "Plans": [{"Node Type": "Hash Join", "Parent Relationship": "Outer", "Parallel Aware": false, "Join Type": "Inner", "Startup Cost": 471.12, "Total Cost": 3151.49, "Plan Rows": 35006, "Plan Width": 8, "Actual Startup Time": 0.0, "Actual Total Time": 0.0, "Actual Rows": 0, "Actual Loops": 0, "Output": ["ph.userid", "u.id"], "Inner Unique": true, "Hash Cond": "(ph.userid = u.id)", "Plans": [{"Node Type": "Seq Scan", "Parent Relationship": "Outer", "Parallel Aware": false, "Relation Name": "posthistory", "Schema": "public", "Alias": "ph", "Startup Cost": 0.0, "Total Cost": 2572.93, "Plan Rows": 40918, "Plan Width": 4, "Actual Startup Time": 0.0, "Actual Total Time": 0.0, "Actual Rows": 0, "Actual Loops": 0, "Output": ["ph.id", "ph.posthistorytypeid", "ph.postid", "ph.creationdate", "ph.userid"], "Filter": "(ph.posthistorytypeid = 2)", "Rows Removed by Filter": 0}, {"Node Type": "Hash", "Parent Relationship": "Inner", "Parallel Aware": false, "Startup Cost": 296.69, "Total Cost": 296.69, "Plan Rows": 13955, "Plan Width": 4, "Actual Startup Time": 0.0, "Actual Total Time": 0.0, "Actual Rows": 0, "Actual Loops": 0, "Output": ["u.id"], "Plans": [{"Node Type": "Seq Scan", "Parent Relationship": "Outer", "Parallel Aware": false, "Relation Name": "users", "Schema": "public", "Alias": "u", "Startup Cost": 0.0, "Total Cost": 296.69, "Plan Rows": 13955, "Plan Width": 4, "Actual Startup Time": 0.0, "Actual Total Time": 0.0, "Actual Rows": 0, "Actual Loops": 0, "Output": ["u.id"], "Filter": "(u.upvotes <= 17)", "Rows Removed by Filter": 0}]}]}]}]}]}]}]}, "Planning Time": 7.077, "Triggers": [], "Execution Time": 16.35}]
[{"Plan": {"Node Type": "Aggregate", "Strategy": "Plain", "Partial Mode": "Simple", "Parallel Aware": false, "Startup Cost": 3207.55, "Total Cost": 3207.56, "Plan Rows": 1, "Plan Width": 8, "Actual Startup Time": 30.366, "Actual Total Time": 30.373, "Actual Rows": 1, "Actual Loops": 1, "Output": ["count(*)"], "Plans": [{"Node Type": "Nested Loop", "Parent Relationship": "Outer", "Parallel Aware": false, "Join Type": "Inner", "Startup Cost": 1492.78, "Total Cost": 3204.52, "Plan Rows": 1209, "Plan Width": 0, "Actual Startup Time": 13.554, "Actual Total Time": 29.011, "Actual Rows": 22701, "Actual Loops": 1, "Inner Unique": false, "Plans": [{"Node Type": "Hash Join", "Parent Relationship": "Outer", "Parallel Aware": false, "Join Type": "Inner", "Startup Cost": 1492.48, "Total Cost": 1579.46, "Plan Rows": 3833, "Plan Width": 8, "Actual Startup Time": 13.218, "Actual Total Time": 16.08, "Actual Rows": 3833, "Actual Loops": 1, "Output": ["p.id", "pl.postid"], "Inner Unique": true, "Hash Cond": "(pl.postid = p.id)", "Plans": [{"Node Type": "Seq Scan", "Parent Relationship": "Outer", "Parallel Aware": false, "Relation Name": "postlinks", "Schema": "public", "Alias": "pl", "Startup Cost": 0.0, "Total Cost": 76.91, "Plan Rows": 3833, "Plan Width": 4, "Actual Startup Time": 0.011, "Actual Total Time": 1.2, "Actual Rows": 3833, "Actual Loops": 1, "Output": ["pl.id", "pl.creationdate", "pl.postid", "pl.relatedpostid", "pl.linktypeid"], "Filter": "(pl.linktypeid = 1)", "Rows Removed by Filter": 0}, {"Node Type": "Hash", "Parent Relationship": "Inner", "Parallel Aware": false, "Startup Cost": 977.75, "Total Cost": 977.75, "Plan Rows": 41179, "Plan Width": 4, "Actual Startup Time": 12.994, "Actual Total Time": 12.995, "Actual Rows": 41183, "Actual Loops": 1, "Output": ["p.id"], "Hash Buckets": 65536, "Original Hash Buckets": 65536, "Hash Batches": 1, "Original Hash Batches": 1, "Peak Memory Usage": 1960, "Plans": [{"Node Type": "Seq Scan", "Parent Relationship": "Outer", "Parallel Aware": false, "Relation Name": "posts", "Schema": "public", "Alias": "p", "Startup Cost": 0.0, "Total Cost": 977.75, "Plan Rows": 41179, "Plan Width": 4, "Actual Startup Time": 0.014, "Actual Total Time": 7.677, "Actual Rows": 41183, "Actual Loops": 1, "Output": ["p.id"], "Filter": "((p.commentcount >= 0) AND (p.creationdate <= '2014-08-21 21:10:55'::timestamp without time zone))", "Rows Removed by Filter": 0}]}]}, {"Node Type": "Index Only Scan", "Parent Relationship": "Inner", "Parallel Aware": false, "Scan Direction": "Forward", "Index Name": "idx_posthistory_postid", "Relation Name": "posthistory", "Schema": "public", "Alias": "ph", "Startup Cost": 0.29, "Total Cost": 0.38, "Plan Rows": 4, "Plan Width": 4, "Actual Startup Time": 0.002, "Actual Total Time": 0.003, "Actual Rows": 6, "Actual Loops": 3833, "Output": ["ph.postid"], "Index Cond": "(ph.postid = p.id)", "Rows Removed by Index Recheck": 0, "Heap Fetches": 0}]}]}, "Planning Time": 4.008, "Triggers": [], "Execution Time": 30.533}]#####[{"Plan": {"Node Type": "Aggregate", "Strategy": "Plain", "Partial Mode": "Simple", "Parallel Aware": false, "Startup Cost": 8278.57, "Total Cost": 8278.58, "Plan Rows": 1, "Plan Width": 8, "Actual Startup Time": 34.806, "Actual Total Time": 34.812, "Actual Rows": 1, "Actual Loops": 1, "Output": ["count(*)"], "Plans": [{"Node Type": "Hash Join", "Parent Relationship": "Outer", "Parallel Aware": false, "Join Type": "Inner", "Startup Cost": 1492.78, "Total Cost": 8248.32, "Plan Rows": 12099, "Plan Width": 0, "Actual Startup Time": 21.197, "Actual Total Time": 33.735, "Actual Rows": 22701, "Actual Loops": 1, "Inner Unique": true, "Hash Cond": "(pl.postid = p.id)", "Plans": [{"Node Type": "Nested Loop", "Parent Relationship": "Outer", "Parallel Aware": false, "Join Type": "Inner", "Startup Cost": 0.29, "Total Cost": 2503.7, "Plan Rows": 1619700, "Plan Width": 8, "Actual Startup Time": 0.073, "Actual Total Time": 9.289, "Actual Rows": 22701, "Actual Loops": 1, "Output": ["pl.postid", "ph.postid"], "Inner Unique": false, "Plans": [{"Node Type": "Seq Scan", "Parent Relationship": "Outer", "Parallel Aware": false, "Relation Name": "postlinks", "Schema": "public", "Alias": "pl", "Startup Cost": 0.0, "Total Cost": 76.91, "Plan Rows": 3833, "Plan Width": 4, "Actual Startup Time": 0.026, "Actual Total Time": 0.683, "Actual Rows": 3833, "Actual Loops": 1, "Output": ["pl.id", "pl.creationdate", "pl.postid", "pl.relatedpostid", "pl.linktypeid"], "Filter": "(pl.linktypeid = 1)", "Rows Removed by Filter": 0}, {"Node Type": "Index Only Scan", "Parent Relationship": "Inner", "Parallel Aware": false, "Scan Direction": "Forward", "Index Name": "idx_posthistory_postid", "Relation Name": "posthistory", "Schema": "public", "Alias": "ph", "Startup Cost": 0.29, "Total Cost": 0.59, "Plan Rows": 4, "Plan Width": 4, "Actual Startup Time": 0.001, "Actual Total Time": 0.002, "Actual Rows": 6, "Actual Loops": 3833, "Output": ["ph.postid"], "Index Cond": "(ph.postid = pl.postid)", "Rows Removed by Index Recheck": 0, "Heap Fetches": 0}]}, {"Node Type": "Hash", "Parent Relationship": "Inner", "Parallel Aware": false, "Startup Cost": 977.75, "Total Cost": 977.75, "Plan Rows": 41179, "Plan Width": 4, "Actual Startup Time": 20.64, "Actual Total Time": 20.641, "Actual Rows": 41183, "Actual Loops": 1, "Output": ["p.id"], "Hash Buckets": 65536, "Original Hash Buckets": 65536, "Hash Batches": 1, "Original Hash Batches": 1, "Peak Memory Usage": 1960, "Plans": [{"Node Type": "Seq Scan", "Parent Relationship": "Outer", "Parallel Aware": false, "Relation Name": "posts", "Schema": "public", "Alias": "p", "Startup Cost": 0.0, "Total Cost": 977.75, "Plan Rows": 41179, "Plan Width": 4, "Actual Startup Time": 0.033, "Actual Total Time": 12.072, "Actual Rows": 41183, "Actual Loops": 1, "Output": ["p.id"], "Filter": "((p.commentcount >= 0) AND (p.creationdate <= '2014-08-21 21:10:55'::timestamp without time zone))", "Rows Removed by Filter": 0}]}]}]}, "Planning Time": 2.452, "Triggers": [], "Execution Time": 35.005}]
[{"Plan": {"Node Type": "Aggregate", "Strategy": "Plain", "Partial Mode": "Simple", "Parallel Aware": false, "Startup Cost": 1039.88, "Total Cost": 1039.89, "Plan Rows": 1, "Plan Width": 8, "Actual Startup Time": 91.386, "Actual Total Time": 91.39, "Actual Rows": 1, "Actual Loops": 1, "Output": ["count(*)"], "Plans": [{"Node Type": "Nested Loop", "Parent Relationship": "Outer", "Parallel Aware": false, "Join Type": "Inner", "Startup Cost": 338.06, "Total Cost": 1031.39, "Plan Rows": 3394, "Plan Width": 0, "Actual Startup Time": 80.309, "Actual Total Time": 91.37, "Actual Rows": 157, "Actual Loops": 1, "Inner Unique": false, "Join Filter": "(u.id = ph.userid)", "Rows Removed by Join Filter": 0, "Plans": [{"Node Type": "Merge Join", "Parent Relationship": "Outer", "Parallel Aware": false, "Join Type": "Inner", "Startup Cost": 337.77, "Total Cost": 864.6, "Plan Rows": 179, "Plan Width": 12, "Actual Startup Time": 80.263, "Actual Total Time": 91.209, "Actual Rows": 21, "Actual Loops": 1, "Output": ["v.userid", "u.id", "b.userid"], "Inner Unique": true, "Merge Cond": "(v.userid = u.id)", "Plans": [{"Node Type": "Merge Join", "Parent Relationship": "Outer", "Parallel Aware": false, "Join Type": "Inner", "Startup Cost": 1.14, "Total Cost": 4934.08, "Plan Rows": 248754, "Plan Width": 8, "Actual Startup Time": 0.175, "Actual Total Time": 76.642, "Actual Rows": 351326, "Actual Loops": 1, "Output": ["v.userid", "b.userid"], "Inner Unique": false, "Merge Cond": "(b.userid = v.userid)", "Plans": [{"Node Type": "Index Scan", "Parent Relationship": "Outer", "Parallel Aware": false, "Scan Direction": "Forward", "Index Name": "idx_badges_userid", "Relation Name": "badges", "Schema": "public", "Alias": "b", "Startup Cost": 0.29, "Total Cost": 1260.24, "Plan Rows": 31900, "Plan Width": 4, "Actual Startup Time": 0.03, "Actual Total Time": 12.735, "Actual Rows": 31933, "Actual Loops": 1, "Output": ["b.id", "b.userid", "b.date"], "Filter": "(b.date >= '2010-07-26 20:58:42'::timestamp without time zone)", "Rows Removed by Filter": 624}, {"Node Type": "Materialize", "Parent Relationship": "Inner", "Parallel Aware": false, "Startup Cost": 0.29, "Total Cost": 6725.23, "Plan Rows": 162032, "Plan Width": 4, "Actual Startup Time": 0.027, "Actual Total Time": 26.289, "Actual Rows": 352431, "Actual Loops": 1, "Output": ["v.id", "v.postid", "v.votetypeid", "v.creationdate", "v.userid", "v.bountyamount"], "Plans": [{"Node Type": "Index Scan", "Parent Relationship": "Outer", "Parallel Aware": false, "Scan Direction": "Forward", "Index Name": "idx_votes_userid", "Relation Name": "votes", "Schema": "public", "Alias": "v", "Startup Cost": 0.29, "Total Cost": 6320.15, "Plan Rows": 162032, "Plan Width": 4, "Actual Startup Time": 0.022, "Actual Total Time": 12.737, "Actual Rows": 15466, "Actual Loops": 1, "Output": ["v.id", "v.postid", "v.votetypeid", "v.creationdate", "v.userid", "v.bountyamount"], "Filter": "(v.creationdate >= '2010-07-23 00:00:00'::timestamp without time zone)", "Rows Removed by Filter": 111}]}]}, {"Node Type": "Sort", "Parent Relationship": "Inner", "Parallel Aware": false, "Startup Cost": 336.63, "Total Cost": 336.84, "Plan Rows": 82, "Plan Width": 4, "Actual Startup Time": 1.541, "Actual Total Time": 1.552, "Actual Rows": 95, "Actual Loops": 1, "Output": ["u.id"], "Sort Key": ["u.id"], "Sort Method": "quicksort", "Sort Space Used": 29, "Sort Space Type": "Memory", "Plans": [{"Node Type": "Seq Scan", "Parent Relationship": "Outer", "Parallel Aware": false, "Relation Name": "users", "Schema": "public", "Alias": "u", "Startup Cost": 0.0, "Total Cost": 334.02, "Plan Rows": 82, "Plan Width": 4, "Actual Startup Time": 0.252, "Actual Total Time": 1.499, "Actual Rows": 95, "Actual Loops": 1, "Output": ["u.id"], "Filter": "((u.creationdate >= '2011-03-20 18:45:06'::timestamp without time zone) AND (u.reputation = 8))", "Rows Removed by Filter": 14840}]}]}, {"Node Type": "Index Scan", "Parent Relationship": "Inner", "Parallel Aware": false, "Scan Direction": "Forward", "Index Name": "idx_posthistory_userid", "Relation Name": "posthistory", "Schema": "public", "Alias": "ph", "Startup Cost": 0.29, "Total Cost": 0.72, "Plan Rows": 17, "Plan Width": 4, "Actual Startup Time": 0.005, "Actual Total Time": 0.007, "Actual Rows": 7, "Actual Loops": 21, "Output": ["ph.id", "ph.posthistorytypeid", "ph.postid", "ph.creationdate", "ph.userid"], "Index Cond": "(ph.userid = v.userid)", "Rows Removed by Index Recheck": 0, "Filter": "(ph.creationdate >= '2011-02-10 17:53:56'::timestamp without time zone)", "Rows Removed by Filter": 0}]}]}, "Planning Time": 1.582, "Triggers": [], "Execution Time": 91.506}]#####[{"Plan": {"Node Type": "Aggregate", "Strategy": "Plain", "Partial Mode": "Simple", "Parallel Aware": false, "Startup Cost": 3695.91, "Total Cost": 3695.92, "Plan Rows": 1, "Plan Width": 8, "Actual Startup Time": 17.053, "Actual Total Time": 17.057, "Actual Rows": 1, "Actual Loops": 1, "Output": ["count(*)"], "Plans": [{"Node Type": "Merge Join", "Parent Relationship": "Outer", "Parallel Aware": false, "Join Type": "Inner", "Startup Cost": 1.16, "Total Cost": 3611.05, "Plan Rows": 33942, "Plan Width": 0, "Actual Startup Time": 12.338, "Actual Total Time": 17.036, "Actual Rows": 157, "Actual Loops": 1, "Inner Unique": false, "Merge Cond": "(u.id = v.userid)", "Plans": [{"Node Type": "Nested Loop", "Parent Relationship": "Outer", "Parallel Aware": false, "Join Type": "Inner", "Startup Cost": 0.86, "Total Cost": 1427.73, "Plan Rows": 121300, "Plan Width": 12, "Actual Startup Time": 0.501, "Actual Total Time": 4.404, "Actual Rows": 839, "Actual Loops": 1, "Output": ["ph.userid", "u.id", "b.userid"], "Inner Unique": false, "Join Filter": "(u.id = ph.userid)", "Rows Removed by Join Filter": 0, "Plans": [{"Node Type": "Nested Loop", "Parent Relationship": "Outer", "Parallel Aware": false, "Join Type": "Inner", "Startup Cost": 0.57, "Total Cost": 1245.53, "Plan Rows": 175, "Plan Width": 8, "Actual Startup Time": 0.482, "Actual Total Time": 3.342, "Actual Rows": 197, "Actual Loops": 1, "Output": ["u.id", "b.userid"], "Inner Unique": false, "Plans": [{"Node Type": "Index Scan", "Parent Relationship": "Outer", "Parallel Aware": false, "Scan Direction": "Forward", "Index Name": "users_pkey", "Relation Name": "users", "Schema": "public", "Alias": "u", "Startup Cost": 0.29, "Total Cost": 583.99, "Plan Rows": 82, "Plan Width": 4, "Actual Startup Time": 0.457, "Actual Total Time": 2.594, "Actual Rows": 95, "Actual Loops": 1, "Output": ["u.id", "u.reputation", "u.creationdate", "u.views", "u.upvotes", "u.downvotes"], "Filter": "((u.creationdate >= '2011-03-20 18:45:06'::timestamp without time zone) AND (u.reputation = 8))", "Rows Removed by Filter": 14840}, {"Node Type": "Index Scan", "Parent Relationship": "Inner", "Parallel Aware": false, "Scan Direction": "Forward", "Index Name": "idx_badges_userid", "Relation Name": "badges", "Schema": "public", "Alias": "b", "Startup Cost": 0.29, "Total Cost": 8.04, "Plan Rows": 3, "Plan Width": 4, "Actual Startup Time": 0.006, "Actual Total Time": 0.007, "Actual Rows": 2, "Actual Loops": 95, "Output": ["b.id", "b.userid", "b.date"], "Index Cond": "(b.userid = u.id)", "Rows Removed by Index Recheck": 0, "Filter": "(b.date >= '2010-07-26 20:58:42'::timestamp without time zone)", "Rows Removed by Filter": 0}]}, {"Node Type": "Index Scan", "Parent Relationship": "Inner", "Parallel Aware": false, "Scan Direction": "Forward", "Index Name": "idx_posthistory_userid", "Relation Name": "posthistory", "Schema": "public", "Alias": "ph", "Startup Cost": 0.29, "Total Cost": 0.83, "Plan Rows": 17, "Plan Width": 4, "Actual Startup Time": 0.004, "Actual Total Time": 0.005, "Actual Rows": 4, "Actual Loops": 197, "Output": ["ph.id", "ph.posthistorytypeid", "ph.postid", "ph.creationdate", "ph.userid"], "Index Cond": "(ph.userid = b.userid)", "Rows Removed by Index Recheck": 0, "Filter": "(ph.creationdate >= '2011-02-10 17:53:56'::timestamp without time zone)", "Rows Removed by Filter": 0}]}, {"Node Type": "Index Scan", "Parent Relationship": "Inner", "Parallel Aware": false, "Scan Direction": "Forward", "Index Name": "idx_votes_userid", "Relation Name": "votes", "Schema": "public", "Alias": "v", "Startup Cost": 0.29, "Total Cost": 6320.15, "Plan Rows": 162032, "Plan Width": 4, "Actual Startup Time": 0.019, "Actual Total Time": 11.723, "Actual Rows": 15617, "Actual Loops": 1, "Output": ["v.id", "v.postid", "v.votetypeid", "v.creationdate", "v.userid", "v.bountyamount"], "Filter": "(v.creationdate >= '2010-07-23 00:00:00'::timestamp without time zone)", "Rows Removed by Filter": 111}]}]}, "Planning Time": 1.763, "Triggers": [], "Execution Time": 17.163}]#####[{"Plan": {"Node Type": "Aggregate", "Strategy": "Plain", "Partial Mode": "Simple", "Parallel Aware": false, "Startup Cost": 2356.42, "Total Cost": 2356.43, "Plan Rows": 1, "Plan Width": 8, "Actual Startup Time": 15.577, "Actual Total Time": 15.58, "Actual Rows": 1, "Actual Loops": 1, "Output": ["count(*)"], "Plans": [{"Node Type": "Nested Loop", "Parent Relationship": "Outer", "Parallel Aware": false, "Join Type": "Inner", "Startup Cost": 1.16, "Total Cost": 2271.56, "Plan Rows": 33942, "Plan Width": 0, "Actual Startup Time": 11.874, "Actual Total Time": 15.56, "Actual Rows": 157, "Actual Loops": 1, "Inner Unique": false, "Join Filter": "(u.id = ph.userid)", "Rows Removed by Join Filter": 0, "Plans": [{"Node Type": "Merge Join", "Parent Relationship": "Outer", "Parallel Aware": false, "Join Type": "Inner", "Startup Cost": 0.87, "Total Cost": 2104.77, "Plan Rows": 179, "Plan Width": 12, "Actual Startup Time": 11.853, "Actual Total Time": 15.439, "Actual Rows": 21, "Actual Loops": 1, "Output": ["v.userid", "u.id", "b.userid"], "Inner Unique": false, "Merge Cond": "(u.id = v.userid)", "Plans": [{"Node Type": "Nested Loop", "Parent Relationship": "Outer", "Parallel Aware": false, "Join Type": "Inner", "Startup Cost": 0.57, "Total Cost": 1245.53, "Plan Rows": 17500, "Plan Width": 8, "Actual Startup Time": 0.478, "Actual Total Time": 3.195, "Actual Rows": 197, "Actual Loops": 1, "Output": ["u.id", "b.userid"], "Inner Unique": false, "Plans": [{"Node Type": "Index Scan", "Parent Relationship": "Outer", "Parallel Aware": false, "Scan Direction": "Forward", "Index Name": "users_pkey", "Relation Name": "users", "Schema": "public", "Alias": "u", "Startup Cost": 0.29, "Total Cost": 583.99, "Plan Rows": 82, "Plan Width": 4, "Actual Startup Time": 0.451, "Actual Total Time": 2.485, "Actual Rows": 95, "Actual Loops": 1, "Output": ["u.id", "u.reputation", "u.creationdate", "u.views", "u.upvotes", "u.downvotes"], "Filter": "((u.creationdate >= '2011-03-20 18:45:06'::timestamp without time zone) AND (u.reputation = 8))", "Rows Removed by Filter": 14840}, {"Node Type": "Index Scan", "Parent Relationship": "Inner", "Parallel Aware": false, "Scan Direction": "Forward", "Index Name": "idx_badges_userid", "Relation Name": "badges", "Schema": "public", "Alias": "b", "Startup Cost": 0.29, "Total Cost": 8.04, "Plan Rows": 3, "Plan Width": 4, "Actual Startup Time": 0.005, "Actual Total Time": 0.007, "Actual Rows": 2, "Actual Loops": 95, "Output": ["b.id", "b.userid", "b.date"], "Index Cond": "(b.userid = u.id)", "Rows Removed by Index Recheck": 0, "Filter": "(b.date >= '2010-07-26 20:58:42'::timestamp without time zone)", "Rows Removed by Filter": 0}]}, {"Node Type": "Index Scan", "Parent Relationship": "Inner", "Parallel Aware": false, "Scan Direction": "Forward", "Index Name": "idx_votes_userid", "Relation Name": "votes", "Schema": "public", "Alias": "v", "Startup Cost": 0.29, "Total Cost": 6320.15, "Plan Rows": 162032, "Plan Width": 4, "Actual Startup Time": 0.019, "Actual Total Time": 11.386, "Actual Rows": 15481, "Actual Loops": 1, "Output": ["v.id", "v.postid", "v.votetypeid", "v.creationdate", "v.userid", "v.bountyamount"], "Filter": "(v.creationdate >= '2010-07-23 00:00:00'::timestamp without time zone)", "Rows Removed by Filter": 111}]}, {"Node Type": "Index Scan", "Parent Relationship": "Inner", "Parallel Aware": false, "Scan Direction": "Forward", "Index Name": "idx_posthistory_userid", "Relation Name": "posthistory", "Schema": "public", "Alias": "ph", "Startup Cost": 0.29, "Total Cost": 0.72, "Plan Rows": 17, "Plan Width": 4, "Actual Startup Time": 0.003, "Actual Total Time": 0.005, "Actual Rows": 7, "Actual Loops": 21, "Output": ["ph.id", "ph.posthistorytypeid", "ph.postid", "ph.creationdate", "ph.userid"], "Index Cond": "(ph.userid = v.userid)", "Rows Removed by Index Recheck": 0, "Filter": "(ph.creationdate >= '2011-02-10 17:53:56'::timestamp without time zone)", "Rows Removed by Filter": 0}]}]}, "Planning Time": 4.076, "Triggers": [], "Execution Time": 15.705}]
[{"Plan": {"Node Type": "Aggregate", "Strategy": "Plain", "Partial Mode": "Simple", "Parallel Aware": false, "Startup Cost": 115513.34, "Total Cost": 115513.35, "Plan Rows": 1, "Plan Width": 8, "Actual Startup Time": 10.698, "Actual Total Time": 10.706, "Actual Rows": 1, "Actual Loops": 1, "Output": ["count(*)"], "Plans": [{"Node Type": "Merge Join", "Parent Relationship": "Outer", "Parallel Aware": false, "Join Type": "Inner", "Startup Cost": 7047.96, "Total Cost": 28664.84, "Plan Rows": 34739403, "Plan Width": 0, "Actual Startup Time": 10.689, "Actual Total Time": 10.697, "Actual Rows": 0, "Actual Loops": 1, "Inner Unique": false, "Merge Cond": "(v.userid = u.id)", "Plans": [{"Node Type": "Merge Join", "Parent Relationship": "Outer", "Parallel Aware": false, "Join Type": "Inner", "Startup Cost": 2357.41, "Total Cost": 7250.66, "Plan Rows": 284321, "Plan Width": 8, "Actual Startup Time": 10.689, "Actual Total Time": 10.692, "Actual Rows": 0, "Actual Loops": 1, "Output": ["c.userid", "v.userid"], "Inner Unique": false, "Merge Cond": "(v.userid = c.userid)", "Plans": [{"Node Type": "Index Scan", "Parent Relationship": "Outer", "Parallel Aware": false, "Scan Direction": "Forward", "Index Name": "idx_votes_userid", "Relation Name": "votes", "Schema": "public", "Alias": "v", "Startup Cost": 0.29, "Total Cost": 6320.15, "Plan Rows": 134737, "Plan Width": 4, "Actual Startup Time": 10.687, "Actual Total Time": 10.689, "Actual Rows": 1, "Actual Loops": 1, "Output": ["v.id", "v.postid", "v.votetypeid", "v.creationdate", "v.userid", "v.bountyamount"], "Filter": "(v.votetypeid = 2)", "Rows Removed by Filter": 15605}, {"Node Type": "Sort", "Parent Relationship": "Inner", "Parallel Aware": false, "Startup Cost": 2356.28, "Total Cost": 2385.22, "Plan Rows": 11576, "Plan Width": 4, "Actual Startup Time": 0.0, "Actual Total Time": 0.0, "Actual Rows": 0, "Actual Loops": 0, "Output": ["c.userid"], "Sort Key": ["c.userid"], "Plans": [{"Node Type": "Seq Scan", "Parent Relationship": "Outer", "Parallel Aware": false, "Relation Name": "comments", "Schema": "public", "Alias": "c", "Startup Cost": 0.0, "Total Cost": 1574.96, "Plan Rows": 11576, "Plan Width": 4, "Actual Startup Time": 0.0, "Actual Total Time": 0.0, "Actual Rows": 0, "Actual Loops": 0, "Output": ["c.userid"], "Filter": "(c.score = 1)", "Rows Removed by Filter": 0}]}]}, {"Node Type": "Materialize", "Parent Relationship": "Inner", "Parallel Aware": false, "Startup Cost": 4690.55, "Total Cost": 8375.94, "Plan Rows": 710425, "Plan Width": 12, "Actual Startup Time": 0.0, "Actual Total Time": 0.0, "Actual Rows": 0, "Actual Loops": 0, "Output": ["ph.userid", "b.userid", "u.id"], "Plans": [{"Node Type": "Merge Join", "Parent Relationship": "Outer", "Parallel Aware": false, "Join Type": "Inner", "Startup Cost": 4690.55, "Total Cost": 6599.88, "Plan Rows": 710425, "Plan Width": 12, "Actual Startup Time": 0.0, "Actual Total Time": 0.0, "Actual Rows": 0, "Actual Loops": 0, "Output": ["ph.userid", "b.userid", "u.id"], "Inner Unique": false, "Merge Cond": "(b.userid = u.id)", "Plans": [{"Node Type": "Index Scan", "Parent Relationship": "Outer", "Parallel Aware": false, "Scan Direction": "Forward", "Index Name": "idx_badges_userid", "Relation Name": "badges", "Schema": "public", "Alias": "b", "Startup Cost": 0.29, "Total Cost": 1260.24, "Plan Rows": 32621, "Plan Width": 4, "Actual Startup Time": 0.0, "Actual Total Time": 0.0, "Actual Rows": 0, "Actual Loops": 0, "Output": ["b.id", "b.userid", "b.date"], "Filter": "(b.date <= '2014-09-11 20:15:50'::timestamp without time zone)", "Rows Removed by Filter": 0}, {"Node Type": "Sort", "Parent Relationship": "Inner", "Parallel Aware": false, "Startup Cost": 4690.24, "Total Cost": 4733.62, "Plan Rows": 17353, "Plan Width": 8, "Actual Startup Time": 0.0, "Actual Total Time": 0.0, "Actual Rows": 0, "Actual Loops": 0, "Output": ["ph.userid", "u.id"], "Sort Key": ["ph.userid"], "Plans": [{"Node Type": "Hash Join", "Parent Relationship": "Outer", "Parallel Aware": false, "Join Type": "Inner", "Startup Cost": 495.71, "Total Cost": 3468.33, "Plan Rows": 17353, "Plan Width": 8, "Actual Startup Time": 0.0, "Actual Total Time": 0.0, "Actual Rows": 0, "Actual Loops": 0, "Output": ["ph.userid", "u.id"], "Inner Unique": true, "Hash Cond": "(ph.userid = u.id)", "Plans": [{"Node Type": "Seq Scan", "Parent Relationship": "Outer", "Parallel Aware": false, "Relation Name": "posthistory", "Schema": "public", "Alias": "ph", "Startup Cost": 0.0, "Total Cost": 2897.91, "Plan Rows": 28453, "Plan Width": 4, "Actual Startup Time": 0.0, "Actual Total Time": 0.0, "Actual Rows": 0, "Actual Loops": 0, "Output": ["ph.id", "ph.posthistorytypeid", "ph.postid", "ph.creationdate", "ph.userid"], "Filter": "((ph.creationdate <= '2014-08-17 22:57:13'::timestamp without time zone) AND (ph.posthistorytypeid = 5))", "Rows Removed by Filter": 0}, {"Node Type": "Hash", "Parent Relationship": "Inner", "Parallel Aware": false, "Startup Cost": 371.36, "Total Cost": 371.36, "Plan Rows": 9948, "Plan Width": 4, "Actual Startup Time": 0.0, "Actual Total Time": 0.0, "Actual Rows": 0, "Actual Loops": 0, "Output": ["u.id"], "Plans": [{"Node Type": "Seq Scan", "Parent Relationship": "Outer", "Parallel Aware": false, "Relation Name": "users", "Schema": "public", "Alias": "u", "Startup Cost": 0.0, "Total Cost": 371.36, "Plan Rows": 9948, "Plan Width": 4, "Actual Startup Time": 0.0, "Actual Total Time": 0.0, "Actual Rows": 0, "Actual Loops": 0, "Output": ["u.id"], "Filter": "((u.views >= 0) AND (u.views <= 260) AND (u.upvotes = 0))", "Rows Removed by Filter": 0}]}]}]}]}]}]}]}, "Planning Time": 2.766, "Triggers": [], "Execution Time": 10.856}]#####[{"Plan": {"Node Type": "Aggregate", "Strategy": "Plain", "Partial Mode": "Simple", "Parallel Aware": false, "Startup Cost": 884914.58, "Total Cost": 884914.59, "Plan Rows": 1, "Plan Width": 8, "Actual Startup Time": 11.653, "Actual Total Time": 11.661, "Actual Rows": 1, "Actual Loops": 1, "Output": ["count(*)"], "Plans": [{"Node Type": "Hash Join", "Parent Relationship": "Outer", "Parallel Aware": false, "Join Type": "Inner", "Startup Cost": 7772.35, "Total Cost": 16429.49, "Plan Rows": 347394035, "Plan Width": 0, "Actual Startup Time": 11.645, "Actual Total Time": 11.653, "Actual Rows": 0, "Actual Loops": 1, "Inner Unique": false, "Hash Cond": "(ph.userid = u.id)", "Plans": [{"Node Type": "Seq Scan", "Parent Relationship": "Outer", "Parallel Aware": false, "Relation Name": "posthistory", "Schema": "public", "Alias": "ph", "Startup Cost": 0.0, "Total Cost": 2897.91, "Plan Rows": 28453, "Plan Width": 4, "Actual Startup Time": 0.017, "Actual Total Time": 0.019, "Actual Rows": 1, "Actual Loops": 1, "Output": ["ph.id", "ph.posthistorytypeid", "ph.postid", "ph.creationdate", "ph.userid"], "Filter": "((ph.creationdate <= '2014-08-17 22:57:13'::timestamp without time zone) AND (ph.posthistorytypeid = 5))", "Rows Removed by Filter": 38}, {"Node Type": "Hash", "Parent Relationship": "Inner", "Parallel Aware": false, "Startup Cost": 4511.8, "Total Cost": 4511.8, "Plan Rows": 260844, "Plan Width": 16, "Actual Startup Time": 10.859, "Actual Total Time": 10.864, "Actual Rows": 0, "Actual Loops": 1, "Output": ["c.userid", "b.userid", "v.userid", "u.id"], "Hash Buckets": 262144, "Original Hash Buckets": 262144, "Hash Batches": 1, "Original Hash Batches": 1, "Peak Memory Usage": 2048, "Plans": [{"Node Type": "Hash Join", "Parent Relationship": "Outer", "Parallel Aware": false, "Join Type": "Inner", "Startup Cost": 3372.85, "Total Cost": 4511.8, "Plan Rows": 260844, "Plan Width": 16, "Actual Startup Time": 10.859, "Actual Total Time": 10.864, "Actual Rows": 0, "Actual Loops": 1, "Output": ["c.userid", "b.userid", "v.userid", "u.id"], "Inner Unique": false, "Hash Cond": "(b.userid = u.id)", "Plans": [{"Node Type": "Seq Scan", "Parent Relationship": "Outer", "Parallel Aware": false, "Relation Name": "badges", "Schema": "public", "Alias": "b", "Startup Cost": 0.0, "Total Cost": 584.8, "Plan Rows": 32621, "Plan Width": 4, "Actual Startup Time": 0.011, "Actual Total Time": 0.011, "Actual Rows": 1, "Actual Loops": 1, "Output": ["b.id", "b.userid", "b.date"], "Filter": "(b.date <= '2014-09-11 20:15:50'::timestamp without time zone)", "Rows Removed by Filter": 0}, {"Node Type": "Hash", "Parent Relationship": "Inner", "Parallel Aware": false, "Startup Cost": 3149.06, "Total Cost": 3149.06, "Plan Rows": 17903, "Plan Width": 12, "Actual Startup Time": 10.75, "Actual Total Time": 10.754, "Actual Rows": 0, "Actual Loops": 1, "Output": ["c.userid", "v.userid", "u.id"], "Hash Buckets": 32768, "Original Hash Buckets": 32768, "Hash Batches": 1, "Original Hash Batches": 1, "Peak Memory Usage": 256, "Plans": [{"Node Type": "Hash Join", "Parent Relationship": "Outer", "Parallel Aware": false, "Join Type": "Inner", "Startup Cost": 1466.65, "Total Cost": 3149.06, "Plan Rows": 17903, "Plan Width": 12, "Actual Startup Time": 10.75, "Actual Total Time": 10.754, "Actual Rows": 0, "Actual Loops": 1, "Output": ["c.userid", "v.userid", "u.id"], "Inner Unique": false, "Hash Cond": "(c.userid = u.id)", "Plans": [{"Node Type": "Seq Scan", "Parent Relationship": "Outer", "Parallel Aware": false, "Relation Name": "comments", "Schema": "public", "Alias": "c", "Startup Cost": 0.0, "Total Cost": 1574.96, "Plan Rows": 11576, "Plan Width": 4, "Actual Startup Time": 0.01, "Actual Total Time": 0.01, "Actual Rows": 1, "Actual Loops": 1, "Output": ["c.id", "c.postid", "c.score", "c.creationdate", "c.userid"], "Filter": "(c.score = 1)", "Rows Removed by Filter": 4}, {"Node Type": "Hash", "Parent Relationship": "Inner", "Parallel Aware": false, "Startup Cost": 1360.6, "Total Cost": 1360.6, "Plan Rows": 8484, "Plan Width": 8, "Actual Startup Time": 10.69, "Actual Total Time": 10.691, "Actual Rows": 0, "Actual Loops": 1, "Output": ["v.userid", "u.id"], "Hash Buckets": 16384, "Original Hash Buckets": 16384, "Hash Batches": 1, "Original Hash Batches": 1, "Peak Memory Usage": 128, "Plans": [{"Node Type": "Merge Join", "Parent Relationship": "Outer", "Parallel Aware": false, "Join Type": "Inner", "Startup Cost": 0.58, "Total Cost": 1360.6, "Plan Rows": 8484, "Plan Width": 8, "Actual Startup Time": 10.689, "Actual Total Time": 10.69, "Actual Rows": 0, "Actual Loops": 1, "Output": ["v.userid", "u.id"], "Inner Unique": true, "Merge Cond": "(v.userid = u.id)", "Plans": [{"Node Type": "Index Scan", "Parent Relationship": "Outer", "Parallel Aware": false, "Scan Direction": "Forward", "Index Name": "idx_votes_userid", "Relation Name": "votes", "Schema": "public", "Alias": "v", "Startup Cost": 0.29, "Total Cost": 6320.15, "Plan Rows": 134737, "Plan Width": 4, "Actual Startup Time": 10.687, "Actual Total Time": 10.687, "Actual Rows": 1, "Actual Loops": 1, "Output": ["v.id", "v.postid", "v.votetypeid", "v.creationdate", "v.userid", "v.bountyamount"], "Filter": "(v.votetypeid = 2)", "Rows Removed by Filter": 15605}, {"Node Type": "Index Scan", "Parent Relationship": "Inner", "Parallel Aware": false, "Scan Direction": "Forward", "Index Name": "users_pkey", "Relation Name": "users", "Schema": "public", "Alias": "u", "Startup Cost": 0.29, "Total Cost": 621.32, "Plan Rows": 9948, "Plan Width": 4, "Actual Startup Time": 0.0, "Actual Total Time": 0.0, "Actual Rows": 0, "Actual Loops": 0, "Output": ["u.id", "u.reputation", "u.creationdate", "u.views", "u.upvotes", "u.downvotes"], "Filter": "((u.views >= 0) AND (u.views <= 260) AND (u.upvotes = 0))", "Rows Removed by Filter": 0}]}]}]}]}]}]}]}]}, "Planning Time": 7.405, "Triggers": [], "Execution Time": 11.972}]#####[{"Plan": {"Node Type": "Aggregate", "Strategy": "Plain", "Partial Mode": "Simple", "Parallel Aware": false, "Startup Cost": 879495.46, "Total Cost": 879495.47, "Plan Rows": 1, "Plan Width": 8, "Actual Startup Time": 35.917, "Actual Total Time": 35.926, "Actual Rows": 1, "Actual Loops": 1, "Output": ["count(*)"], "Plans": [{"Node Type": "Merge Join", "Parent Relationship": "Outer", "Parallel Aware": false, "Join Type": "Inner", "Startup Cost": 7047.96, "Total Cost": 11010.38, "Plan Rows": 347394035, "Plan Width": 0, "Actual Startup Time": 35.908, "Actual Total Time": 35.916, "Actual Rows": 0, "Actual Loops": 1, "Inner Unique": false, "Merge Cond": "(u.id = v.userid)", "Plans": [{"Node Type": "Merge Join", "Parent Relationship": "Outer", "Parallel Aware": false, "Join Type": "Inner", "Startup Cost": 4690.55, "Total Cost": 6599.88, "Plan Rows": 71042, "Plan Width": 12, "Actual Startup Time": 26.161, "Actual Total Time": 26.168, "Actual Rows": 1, "Actual Loops": 1, "Output": ["ph.userid", "b.userid", "u.id"], "Inner Unique": false, "Merge Cond": "(b.userid = u.id)", "Plans": [{"Node Type": "Index Scan", "Parent Relationship": "Outer", "Parallel Aware": false, "Scan Direction": "Forward", "Index Name": "idx_badges_userid", "Relation Name": "badges", "Schema": "public", "Alias": "b", "Startup Cost": 0.29, "Total Cost": 1260.24, "Plan Rows": 32621, "Plan Width": 4, "Actual Startup Time": 0.036, "Actual Total Time": 1.163, "Actual Rows": 1197, "Actual Loops": 1, "Output": ["b.id", "b.userid", "b.date"], "Filter": "(b.date <= '2014-09-11 20:15:50'::timestamp without time zone)", "Rows Removed by Filter": 0}, {"Node Type": "Sort", "Parent Relationship": "Inner", "Parallel Aware": false, "Startup Cost": 4690.24, "Total Cost": 4733.62, "Plan Rows": 17353, "Plan Width": 8, "Actual Startup Time": 24.945, "Actual Total Time": 24.949, "Actual Rows": 1, "Actual Loops": 1, "Output": ["ph.userid", "u.id"], "Sort Key": ["ph.userid"], "Sort Method": "quicksort", "Sort Space Used": 130, "Sort Space Type": "Memory", "Plans": [{"Node Type": "Hash Join", "Parent Relationship": "Outer", "Parallel Aware": false, "Join Type": "Inner", "Startup Cost": 495.71, "Total Cost": 3468.33, "Plan Rows": 17353, "Plan Width": 8, "Actual Startup Time": 6.228, "Actual Total Time": 24.548, "Actual Rows": 1732, "Actual Loops": 1, "Output": ["ph.userid", "u.id"], "Inner Unique": true, "Hash Cond": "(ph.userid = u.id)", "Plans": [{"Node Type": "Seq Scan", "Parent Relationship": "Outer", "Parallel Aware": false, "Relation Name": "posthistory", "Schema": "public", "Alias": "ph", "Startup Cost": 0.0, "Total Cost": 2897.91, "Plan Rows": 28453, "Plan Width": 4, "Actual Startup Time": 0.023, "Actual Total Time": 15.865, "Actual Rows": 28443, "Actual Loops": 1, "Output": ["ph.id", "ph.posthistorytypeid", "ph.postid", "ph.creationdate", "ph.userid"], "Filter": "((ph.creationdate <= '2014-08-17 22:57:13'::timestamp without time zone) AND (ph.posthistorytypeid = 5))", "Rows Removed by Filter": 101551}, {"Node Type": "Hash", "Parent Relationship": "Inner", "Parallel Aware": false, "Startup Cost": 371.36, "Total Cost": 371.36, "Plan Rows": 9948, "Plan Width": 4, "Actual Startup Time": 5.629, "Actual Total Time": 5.63, "Actual Rows": 10050, "Actual Loops": 1, "Output": ["u.id"], "Hash Buckets": 16384, "Original Hash Buckets": 16384, "Hash Batches": 1, "Original Hash Batches": 1, "Peak Memory Usage": 482, "Plans": [{"Node Type": "Seq Scan", "Parent Relationship": "Outer", "Parallel Aware": false, "Relation Name": "users", "Schema": "public", "Alias": "u", "Startup Cost": 0.0, "Total Cost": 371.36, "Plan Rows": 9948, "Plan Width": 4, "Actual Startup Time": 0.016, "Actual Total Time": 3.776, "Actual Rows": 10050, "Actual Loops": 1, "Output": ["u.id"], "Filter": "((u.views >= 0) AND (u.views <= 260) AND (u.upvotes = 0))", "Rows Removed by Filter": 4885}]}]}]}]}, {"Node Type": "Materialize", "Parent Relationship": "Inner", "Parallel Aware": false, "Startup Cost": 2357.41, "Total Cost": 7961.46, "Plan Rows": 284321, "Plan Width": 8, "Actual Startup Time": 9.745, "Actual Total Time": 9.746, "Actual Rows": 0, "Actual Loops": 1, "Output": ["c.userid", "v.userid"], "Plans": [{"Node Type": "Merge Join", "Parent Relationship": "Outer", "Parallel Aware": false, "Join Type": "Inner", "Startup Cost": 2357.41, "Total Cost": 7250.66, "Plan Rows": 284321, "Plan Width": 8, "Actual Startup Time": 9.743, "Actual Total Time": 9.744, "Actual Rows": 0, "Actual Loops": 1, "Output": ["c.userid", "v.userid"], "Inner Unique": false, "Merge Cond": "(v.userid = c.userid)", "Plans": [{"Node Type": "Index Scan", "Parent Relationship": "Outer", "Parallel Aware": false, "Scan Direction": "Forward", "Index Name": "idx_votes_userid", "Relation Name": "votes", "Schema": "public", "Alias": "v", "Startup Cost": 0.29, "Total Cost": 6320.15, "Plan Rows": 134737, "Plan Width": 4, "Actual Startup Time": 9.741, "Actual Total Time": 9.741, "Actual Rows": 1, "Actual Loops": 1, "Output": ["v.id", "v.postid", "v.votetypeid", "v.creationdate", "v.userid", "v.bountyamount"], "Filter": "(v.votetypeid = 2)", "Rows Removed by Filter": 15605}, {"Node Type": "Sort", "Parent Relationship": "Inner", "Parallel Aware": false, "Startup Cost": 2356.28, "Total Cost": 2385.22, "Plan Rows": 11576, "Plan Width": 4, "Actual Startup Time": 0.0, "Actual Total Time": 0.0, "Actual Rows": 0, "Actual Loops": 0, "Output": ["c.userid"], "Sort Key": ["c.userid"], "Plans": [{"Node Type": "Seq Scan", "Parent Relationship": "Outer", "Parallel Aware": false, "Relation Name": "comments", "Schema": "public", "Alias": "c", "Startup Cost": 0.0, "Total Cost": 1574.96, "Plan Rows": 11576, "Plan Width": 4, "Actual Startup Time": 0.0, "Actual Total Time": 0.0, "Actual Rows": 0, "Actual Loops": 0, "Output": ["c.userid"], "Filter": "(c.score = 1)", "Rows Removed by Filter": 0}]}]}]}]}]}, "Planning Time": 4.895, "Triggers": [], "Execution Time": 36.18}]
[{"Plan": {"Node Type": "Aggregate", "Strategy": "Plain", "Partial Mode": "Simple", "Parallel Aware": false, "Startup Cost": 6026.42, "Total Cost": 6026.43, "Plan Rows": 1, "Plan Width": 8, "Actual Startup Time": 61.031, "Actual Total Time": 61.041, "Actual Rows": 1, "Actual Loops": 1, "Output": ["count(*)"], "Plans": [{"Node Type": "Hash Join", "Parent Relationship": "Outer", "Parallel Aware": false, "Join Type": "Inner", "Startup Cost": 3968.04, "Total Cost": 6021.3, "Plan Rows": 2045, "Plan Width": 0, "Actual Startup Time": 34.296, "Actual Total Time": 59.561, "Actual Rows": 39069, "Actual Loops": 1, "Inner Unique": false, "Hash Cond": "(c.postid = p.id)", "Plans": [{"Node Type": "Hash Join", "Parent Relationship": "Outer", "Parallel Aware": false, "Join Type": "Inner", "Startup Cost": 541.29, "Total Cost": 2126.23, "Plan Rows": 70339, "Plan Width": 4, "Actual Startup Time": 6.174, "Actual Total Time": 24.39, "Actual Rows": 50431, "Actual Loops": 1, "Output": ["c.postid"], "Inner Unique": true, "Hash Cond": "(c.userid = u.id)", "Plans": [{"Node Type": "Seq Scan", "Parent Relationship": "Outer", "Parallel Aware": false, "Relation Name": "comments", "Schema": "public", "Alias": "c", "Startup Cost": 0.0, "Total Cost": 1376.57, "Plan Rows": 79357, "Plan Width": 8, "Actual Startup Time": 0.017, "Actual Total Time": 5.432, "Actual Rows": 79357, "Actual Loops": 1, "Output": ["c.id", "c.postid", "c.score", "c.creationdate", "c.userid"]}, {"Node Type": "Hash", "Parent Relationship": "Inner", "Parallel Aware": false, "Startup Cost": 371.36, "Total Cost": 371.36, "Plan Rows": 13594, "Plan Width": 4, "Actual Startup Time": 4.759, "Actual Total Time": 4.76, "Actual Rows": 13596, "Actual Loops": 1, "Output": ["u.id"], "Hash Buckets": 16384, "Original Hash Buckets": 16384, "Hash Batches": 1, "Original Hash Batches": 1, "Peak Memory Usage": 606, "Plans": [{"Node Type": "Seq Scan", "Parent Relationship": "Outer", "Parallel Aware": false, "Relation Name": "users", "Schema": "public", "Alias": "u", "Startup Cost": 0.0, "Total Cost": 371.36, "Plan Rows": 13594, "Plan Width": 4, "Actual Startup Time": 0.211, "Actual Total Time": 2.919, "Actual Rows": 13596, "Actual Loops": 1, "Output": ["u.id"], "Filter": "((u.reputation >= 1) AND (u.upvotes >= 0) AND (u.creationdate >= '2010-11-15 16:53:42'::timestamp without time zone))", "Rows Removed by Filter": 1339}]}]}, {"Node Type": "Hash", "Parent Relationship": "Inner", "Parallel Aware": false, "Startup Cost": 3277.06, "Total Cost": 3277.06, "Plan Rows": 11976, "Plan Width": 12, "Actual Startup Time": 27.982, "Actual Total Time": 27.986, "Actual Rows": 22941, "Actual Loops": 1, "Output": ["p.id", "pl.relatedpostid", "ph.postid"], "Hash Buckets": 32768, "Original Hash Buckets": 16384, "Hash Batches": 1, "Original Hash Batches": 1, "Peak Memory Usage": 1242, "Plans": [{"Node Type": "Nested Loop", "Parent Relationship": "Outer", "Parallel Aware": false, "Join Type": "Inner", "Startup Cost": 1590.61, "Total Cost": 3277.06, "Plan Rows": 11976, "Plan Width": 12, "Actual Startup Time": 14.319, "Actual Total Time": 24.851, "Actual Rows": 22941, "Actual Loops": 1, "Output": ["p.id", "pl.relatedpostid", "ph.postid"], "Inner Unique": false, "Plans": [{"Node Type": "Hash Join", "Parent Relationship": "Outer", "Parallel Aware": false, "Join Type": "Inner", "Startup Cost": 1590.32, "Total Cost": 1667.71, "Plan Rows": 3794, "Plan Width": 8, "Actual Startup Time": 14.281, "Actual Total Time": 16.033, "Actual Rows": 3712, "Actual Loops": 1, "Output": ["p.id", "pl.relatedpostid"], "Inner Unique": true, "Hash Cond": "(pl.relatedpostid = p.id)", "Plans": [{"Node Type": "Seq Scan", "Parent Relationship": "Outer", "Parallel Aware": false, "Relation Name": "postlinks", "Schema": "public", "Alias": "pl", "Startup Cost": 0.0, "Total Cost": 67.33, "Plan Rows": 3833, "Plan Width": 4, "Actual Startup Time": 0.01, "Actual Total Time": 0.297, "Actual Rows": 3833, "Actual Loops": 1, "Output": ["pl.id", "pl.creationdate", "pl.postid", "pl.relatedpostid", "pl.linktypeid"]}, {"Node Type": "Hash", "Parent Relationship": "Inner", "Parallel Aware": false, "Startup Cost": 1080.7, "Total Cost": 1080.7, "Plan Rows": 40769, "Plan Width": 4, "Actual Startup Time": 14.014, "Actual Total Time": 14.015, "Actual Rows": 40988, "Actual Loops": 1, "Output": ["p.id"], "Hash Buckets": 65536, "Original Hash Buckets": 65536, "Hash Batches": 1, "Original Hash Batches": 1, "Peak Memory Usage": 1953, "Plans": [{"Node Type": "Seq Scan", "Parent Relationship": "Outer", "Parallel Aware": false, "Relation Name": "posts", "Schema": "public", "Alias": "p", "Startup Cost": 0.0, "Total Cost": 1080.7, "Plan Rows": 40769, "Plan Width": 4, "Actual Startup Time": 0.043, "Actual Total Time": 8.149, "Actual Rows": 40988, "Actual Loops": 1, "Output": ["p.id"], "Filter": "((p.commentcount >= 0) AND (p.creationdate >= '2010-07-20 00:20:51'::timestamp without time zone) AND (p.creationdate <= '2014-09-07 03:30:57'::timestamp without time zone))", "Rows Removed by Filter": 195}]}]}, {"Node Type": "Index Only Scan", "Parent Relationship": "Inner", "Parallel Aware": false, "Scan Direction": "Forward", "Index Name": "idx_posthistory_postid", "Relation Name": "posthistory", "Schema": "public", "Alias": "ph", "Startup Cost": 0.29, "Total Cost": 0.38, "Plan Rows": 4, "Plan Width": 4, "Actual Startup Time": 0.001, "Actual Total Time": 0.002, "Actual Rows": 6, "Actual Loops": 3712, "Output": ["ph.postid"], "Index Cond": "(ph.postid = p.id)", "Rows Removed by Index Recheck": 0, "Heap Fetches": 0}]}]}]}]}, "Planning Time": 2.01, "Triggers": [], "Execution Time": 61.337}]#####[{"Plan": {"Node Type": "Aggregate", "Strategy": "Plain", "Partial Mode": "Simple", "Parallel Aware": false, "Startup Cost": 4348.95, "Total Cost": 4348.96, "Plan Rows": 1, "Plan Width": 8, "Actual Startup Time": 169.508, "Actual Total Time": 169.518, "Actual Rows": 1, "Actual Loops": 1, "Output": ["count(*)"], "Plans": [{"Node Type": "Nested Loop", "Parent Relationship": "Outer", "Parallel Aware": false, "Join Type": "Inner", "Startup Cost": 2132.19, "Total Cost": 4297.81, "Plan Rows": 20457, "Plan Width": 0, "Actual Startup Time": 82.161, "Actual Total Time": 166.95, "Actual Rows": 39069, "Actual Loops": 1, "Inner Unique": false, "Join Filter": "(p.id = ph.postid)", "Rows Removed by Join Filter": 0, "Plans": [{"Node Type": "Hash Join", "Parent Relationship": "Outer", "Parallel Aware": false, "Join Type": "Inner", "Startup Cost": 2131.89, "Total Cost": 4023.29, "Plan Rows": 648, "Plan Width": 12, "Actual Startup Time": 82.107, "Actual Total Time": 136.996, "Actual Rows": 5729, "Actual Loops": 1, "Output": ["c.postid", "p.id", "pl.relatedpostid"], "Inner Unique": true, "Hash Cond": "(c.userid = u.id)", "Plans": [{"Node Type": "Nested Loop", "Parent Relationship": "Outer", "Parallel Aware": false, "Join Type": "Inner", "Startup Cost": 1590.61, "Total Cost": 3462.81, "Plan Rows": 7312, "Plan Width": 16, "Actual Startup Time": 60.648, "Actual Total Time": 112.748, "Actual Rows": 10469, "Actual Loops": 1, "Output": ["c.postid", "c.userid", "p.id", "pl.relatedpostid"], "Inner Unique": false, "Plans": [{"Node Type": "Hash Join", "Parent Relationship": "Outer", "Parallel Aware": false, "Join Type": "Inner", "Startup Cost": 1590.32, "Total Cost": 1667.71, "Plan Rows": 3794, "Plan Width": 8, "Actual Startup Time": 60.591, "Actual Total Time": 63.615, "Actual Rows": 3712, "Actual Loops": 1, "Output": ["p.id", "pl.relatedpostid"], "Inner Unique": true, "Hash Cond": "(pl.relatedpostid = p.id)", "Plans": [{"Node Type": "Seq Scan", "Parent Relationship": "Outer", "Parallel Aware": false, "Relation Name": "postlinks", "Schema": "public", "Alias": "pl", "Startup Cost": 0.0, "Total Cost": 67.33, "Plan Rows": 3833, "Plan Width": 4, "Actual Startup Time": 0.026, "Actual Total Time": 0.603, "Actual Rows": 3833, "Actual Loops": 1, "Output": ["pl.id", "pl.creationdate", "pl.postid", "pl.relatedpostid", "pl.linktypeid"]}, {"Node Type": "Hash", "Parent Relationship": "Inner", "Parallel Aware": false, "Startup Cost": 1080.7, "Total Cost": 1080.7, "Plan Rows": 40769, "Plan Width": 4, "Actual Startup Time": 60.179, "Actual Total Time": 60.18, "Actual Rows": 40988, "Actual Loops": 1, "Output": ["p.id"], "Hash Buckets": 65536, "Original Hash Buckets": 65536, "Hash Batches": 1, "Original Hash Batches": 1, "Peak Memory Usage": 1953, "Plans": [{"Node Type": "Seq Scan", "Parent Relationship": "Outer", "Parallel Aware": false, "Relation Name": "posts", "Schema": "public", "Alias": "p", "Startup Cost": 0.0, "Total Cost": 1080.7, "Plan Rows": 40769, "Plan Width": 4, "Actual Startup Time": 0.079, "Actual Total Time": 43.746, "Actual Rows": 40988, "Actual Loops": 1, "Output": ["p.id"], "Filter": "((p.commentcount >= 0) AND (p.creationdate >= '2010-07-20 00:20:51'::timestamp without time zone) AND (p.creationdate <= '2014-09-07 03:30:57'::timestamp without time zone))", "Rows Removed by Filter": 195}]}]}, {"Node Type": "Index Scan", "Parent Relationship": "Inner", "Parallel Aware": false, "Scan Direction": "Forward", "Index Name": "idx_comments_postid", "Relation Name": "comments", "Schema": "public", "Alias": "c", "Startup Cost": 0.29, "Total Cost": 0.43, "Plan Rows": 4, "Plan Width": 8, "Actual Startup Time": 0.006, "Actual Total Time": 0.008, "Actual Rows": 3, "Actual Loops": 3712, "Output": ["c.id", "c.postid", "c.score", "c.creationdate", "c.userid"], "Index Cond": "(c.postid = p.id)", "Rows Removed by Index Recheck": 0}]}, {"Node Type": "Hash", "Parent Relationship": "Inner", "Parallel Aware": false, "Startup Cost": 371.36, "Total Cost": 371.36, "Plan Rows": 13594, "Plan Width": 4, "Actual Startup Time": 21.279, "Actual Total Time": 21.28, "Actual Rows": 13596, "Actual Loops": 1, "Output": ["u.id"], "Hash Buckets": 16384, "Original Hash Buckets": 16384, "Hash Batches": 1, "Original Hash Batches": 1, "Peak Memory Usage": 606, "Plans": [{"Node Type": "Seq Scan", "Parent Relationship": "Outer", "Parallel Aware": false, "Relation Name": "users", "Schema": "public", "Alias": "u", "Startup Cost": 0.0, "Total Cost": 371.36, "Plan Rows": 13594, "Plan Width": 4, "Actual Startup Time": 0.257, "Actual Total Time": 4.267, "Actual Rows": 13596, "Actual Loops": 1, "Output": ["u.id"], "Filter": "((u.reputation >= 1) AND (u.upvotes >= 0) AND (u.creationdate >= '2010-11-15 16:53:42'::timestamp without time zone))", "Rows Removed by Filter": 1339}]}]}, {"Node Type": "Index Only Scan", "Parent Relationship": "Inner", "Parallel Aware": false, "Scan Direction": "Forward", "Index Name": "idx_posthistory_postid", "Relation Name": "posthistory", "Schema": "public", "Alias": "ph", "Startup Cost": 0.29, "Total Cost": 0.37, "Plan Rows": 4, "Plan Width": 4, "Actual Startup Time": 0.004, "Actual Total Time": 0.004, "Actual Rows": 7, "Actual Loops": 5729, "Output": ["ph.postid"], "Index Cond": "(ph.postid = c.postid)", "Rows Removed by Index Recheck": 0, "Heap Fetches": 0}]}]}, "Planning Time": 2.019, "Triggers": [], "Execution Time": 169.765}]#####[{"Plan": {"Node Type": "Aggregate", "Strategy": "Plain", "Partial Mode": "Simple", "Parallel Aware": false, "Startup Cost": 4425.52, "Total Cost": 4425.53, "Plan Rows": 1, "Plan Width": 8, "Actual Startup Time": 61.569, "Actual Total Time": 61.577, "Actual Rows": 1, "Actual Loops": 1, "Output": ["count(*)"], "Plans": [{"Node Type": "Hash Join", "Parent Relationship": "Outer", "Parallel Aware": false, "Join Type": "Inner", "Startup Cost": 2132.19, "Total Cost": 4374.38, "Plan Rows": 20457, "Plan Width": 0, "Actual Startup Time": 17.781, "Actual Total Time": 59.875, "Actual Rows": 39069, "Actual Loops": 1, "Inner Unique": true, "Hash Cond": "(c.userid = u.id)", "Plans": [{"Node Type": "Nested Loop", "Parent Relationship": "Outer", "Parallel Aware": false, "Join Type": "Inner", "Startup Cost": 1590.9, "Total Cost": 3772.49, "Plan Rows": 23080, "Plan Width": 4, "Actual Startup Time": 13.394, "Actual Total Time": 48.78, "Actual Rows": 69889, "Actual Loops": 1, "Output": ["c.userid"], "Inner Unique": false, "Join Filter": "(p.id = ph.postid)", "Rows Removed by Join Filter": 0, "Plans": [{"Node Type": "Nested Loop", "Parent Relationship": "Outer", "Parallel Aware": false, "Join Type": "Inner", "Startup Cost": 1590.61, "Total Cost": 3462.81, "Plan Rows": 731, "Plan Width": 16, "Actual Startup Time": 13.37, "Actual Total Time": 28.163, "Actual Rows": 10469, "Actual Loops": 1, "Output": ["c.postid", "c.userid", "p.id", "pl.relatedpostid"], "Inner Unique": false, "Plans": [{"Node Type": "Hash Join", "Parent Relationship": "Outer", "Parallel Aware": false, "Join Type": "Inner", "Startup Cost": 1590.32, "Total Cost": 1667.71, "Plan Rows": 3794, "Plan Width": 8, "Actual Startup Time": 13.344, "Actual Total Time": 15.298, "Actual Rows": 3712, "Actual Loops": 1, "Output": ["p.id", "pl.relatedpostid"], "Inner Unique": true, "Hash Cond": "(pl.relatedpostid = p.id)", "Plans": [{"Node Type": "Seq Scan", "Parent Relationship": "Outer", "Parallel Aware": false, "Relation Name": "postlinks", "Schema": "public", "Alias": "pl", "Startup Cost": 0.0, "Total Cost": 67.33, "Plan Rows": 3833, "Plan Width": 4, "Actual Startup Time": 0.009, "Actual Total Time": 0.332, "Actual Rows": 3833, "Actual Loops": 1, "Output": ["pl.id", "pl.creationdate", "pl.postid", "pl.relatedpostid", "pl.linktypeid"]}, {"Node Type": "Hash", "Parent Relationship": "Inner", "Parallel Aware": false, "Startup Cost": 1080.7, "Total Cost": 1080.7, "Plan Rows": 40769, "Plan Width": 4, "Actual Startup Time": 13.115, "Actual Total Time": 13.116, "Actual Rows": 40988, "Actual Loops": 1, "Output": ["p.id"], "Hash Buckets": 65536, "Original Hash Buckets": 65536, "Hash Batches": 1, "Original Hash Batches": 1, "Peak Memory Usage": 1953, "Plans": [{"Node Type": "Seq Scan", "Parent Relationship": "Outer", "Parallel Aware": false, "Relation Name": "posts", "Schema": "public", "Alias": "p", "Startup Cost": 0.0, "Total Cost": 1080.7, "Plan Rows": 40769, "Plan Width": 4, "Actual Startup Time": 0.04, "Actual Total Time": 7.787, "Actual Rows": 40988, "Actual Loops": 1, "Output": ["p.id"], "Filter": "((p.commentcount >= 0) AND (p.creationdate >= '2010-07-20 00:20:51'::timestamp without time zone) AND (p.creationdate <= '2014-09-07 03:30:57'::timestamp without time zone))", "Rows Removed by Filter": 195}]}]}, {"Node Type": "Index Scan", "Parent Relationship": "Inner", "Parallel Aware": false, "Scan Direction": "Forward", "Index Name": "idx_comments_postid", "Relation Name": "comments", "Schema": "public", "Alias": "c", "Startup Cost": 0.29, "Total Cost": 0.43, "Plan Rows": 4, "Plan Width": 8, "Actual Startup Time": 0.002, "Actual Total Time": 0.003, "Actual Rows": 3, "Actual Loops": 3712, "Output": ["c.id", "c.postid", "c.score", "c.creationdate", "c.userid"], "Index Cond": "(c.postid = p.id)", "Rows Removed by Index Recheck": 0}]}, {"Node Type": "Index Only Scan", "Parent Relationship": "Inner", "Parallel Aware": false, "Scan Direction": "Forward", "Index Name": "idx_posthistory_postid", "Relation Name": "posthistory", "Schema": "public", "Alias": "ph", "Startup Cost": 0.29, "Total Cost": 0.37, "Plan Rows": 4, "Plan Width": 4, "Actual Startup Time": 0.001, "Actual Total Time": 0.001, "Actual Rows": 7, "Actual Loops": 10469, "Output": ["ph.postid"], "Index Cond": "(ph.postid = c.postid)", "Rows Removed by Index Recheck": 0, "Heap Fetches": 0}]}, {"Node Type": "Hash", "Parent Relationship": "Inner", "Parallel Aware": false, "Startup Cost": 371.36, "Total Cost": 371.36, "Plan Rows": 13594, "Plan Width": 4, "Actual Startup Time": 4.253, "Actual Total Time": 4.254, "Actual Rows": 13596, "Actual Loops": 1, "Output": ["u.id"], "Hash Buckets": 16384, "Original Hash Buckets": 16384, "Hash Batches": 1, "Original Hash Batches": 1, "Peak Memory Usage": 606, "Plans": [{"Node Type": "Seq Scan", "Parent Relationship": "Outer", "Parallel Aware": false, "Relation Name": "users", "Schema": "public", "Alias": "u", "Startup Cost": 0.0, "Total Cost": 371.36, "Plan Rows": 13594, "Plan Width": 4, "Actual Startup Time": 0.189, "Actual Total Time": 2.666, "Actual Rows": 13596, "Actual Loops": 1, "Output": ["u.id"], "Filter": "((u.reputation >= 1) AND (u.upvotes >= 0) AND (u.creationdate >= '2010-11-15 16:53:42'::timestamp without time zone))", "Rows Removed by Filter": 1339}]}]}]}, "Planning Time": 3.411, "Triggers": [], "Execution Time": 61.768}]
[{"Plan": {"Node Type": "Aggregate", "Strategy": "Plain", "Partial Mode": "Simple", "Parallel Aware": false, "Startup Cost": 491048.81, "Total Cost": 491048.82, "Plan Rows": 1, "Plan Width": 8, "Actual Startup Time": 102.616, "Actual Total Time": 102.619, "Actual Rows": 1, "Actual Loops": 1, "Output": ["count(*)"], "Plans": [{"Node Type": "Merge Join", "Parent Relationship": "Outer", "Parallel Aware": false, "Join Type": "Inner", "Startup Cost": 11.18, "Total Cost": 148819.23, "Plan Rows": 136891832, "Plan Width": 0, "Actual Startup Time": 22.05, "Actual Total Time": 99.176, "Actual Rows": 89917, "Actual Loops": 1, "Inner Unique": false, "Merge Cond": "(c.userid = u.id)", "Plans": [{"Node Type": "Index Scan", "Parent Relationship": "Outer", "Parallel Aware": false, "Scan Direction": "Forward", "Index Name": "idx_comments_userid", "Relation Name": "comments", "Schema": "public", "Alias": "c", "Startup Cost": 0.29, "Total Cost": 3562.4, "Plan Rows": 60002, "Plan Width": 4, "Actual Startup Time": 0.044, "Actual Total Time": 34.613, "Actual Rows": 58538, "Actual Loops": 1, "Output": ["c.id", "c.postid", "c.score", "c.creationdate", "c.userid"], "Filter": "(c.score = 0)", "Rows Removed by Filter": 18614}, {"Node Type": "Materialize", "Parent Relationship": "Inner", "Parallel Aware": false, "Startup Cost": 0.95, "Total Cost": 12276.93, "Plan Rows": 2365915, "Plan Width": 12, "Actual Startup Time": 7.027, "Actual Total Time": 51.731, "Actual Rows": 98690, "Actual Loops": 1, "Output": ["ph.userid", "b.userid", "u.id"], "Plans": [{"Node Type": "Merge Join", "Parent Relationship": "Outer", "Parallel Aware": false, "Join Type": "Inner", "Startup Cost": 0.95, "Total Cost": 6362.14, "Plan Rows": 2365915, "Plan Width": 12, "Actual Startup Time": 7.021, "Actual Total Time": 45.131, "Actual Rows": 29310, "Actual Loops": 1, "Output": ["ph.userid", "b.userid", "u.id"], "Inner Unique": false, "Merge Cond": "(u.id = ph.userid)", "Plans": [{"Node Type": "Merge Join", "Parent Relationship": "Outer", "Parallel Aware": false, "Join Type": "Inner", "Startup Cost": 0.65, "Total Cost": 2185.09, "Plan Rows": 17298, "Plan Width": 8, "Actual Startup Time": 0.155, "Actual Total Time": 22.063, "Actual Rows": 7746, "Actual Loops": 1, "Output": ["b.userid", "u.id"], "Inner Unique": true, "Merge Cond": "(b.userid = u.id)", "Plans": [{"Node Type": "Index Scan", "Parent Relationship": "Outer", "Parallel Aware": false, "Scan Direction": "Forward", "Index Name": "idx_badges_userid", "Relation Name": "badges", "Schema": "public", "Alias": "b", "Startup Cost": 0.29, "Total Cost": 1260.24, "Plan Rows": 31052, "Plan Width": 4, "Actual Startup Time": 0.064, "Actual Total Time": 15.637, "Actual Rows": 31043, "Actual Loops": 1, "Output": ["b.id", "b.userid", "b.date"], "Filter": "(b.date >= '2010-08-25 13:16:07'::timestamp without time zone)", "Rows Removed by Filter": 1581}, {"Node Type": "Index Scan", "Parent Relationship": "Inner", "Parallel Aware": false, "Scan Direction": "Forward", "Index Name": "users_pkey", "Relation Name": "users", "Schema": "public", "Alias": "u", "Startup Cost": 0.29, "Total Cost": 658.66, "Plan Rows": 8320, "Plan Width": 4, "Actual Startup Time": 0.036, "Actual Total Time": 3.848, "Actual Rows": 9819, "Actual Loops": 1, "Output": ["u.id", "u.reputation", "u.creationdate", "u.views", "u.upvotes", "u.downvotes"], "Filter": "((u.reputation >= 1) AND (u.reputation <= 135) AND (u.downvotes <= 0) AND (u.upvotes = 0))", "Rows Removed by Filter": 5116}]}, {"Node Type": "Index Only Scan", "Parent Relationship": "Inner", "Parallel Aware": false, "Scan Direction": "Forward", "Index Name": "idx_posthistory_userid", "Relation Name": "posthistory", "Schema": "public", "Alias": "ph", "Startup Cost": 0.29, "Total Cost": 2502.2, "Plan Rows": 129994, "Plan Width": 4, "Actual Startup Time": 0.027, "Actual Total Time": 15.173, "Actual Rows": 131959, "Actual Loops": 1, "Output": ["ph.userid"], "Heap Fetches": 0}]}]}]}]}, "Planning Time": 4.303, "Triggers": [], "Execution Time": 102.858}]#####[{"Plan": {"Node Type": "Aggregate", "Strategy": "Plain", "Partial Mode": "Simple", "Parallel Aware": false, "Startup Cost": 3444006.05, "Total Cost": 3444006.06, "Plan Rows": 1, "Plan Width": 8, "Actual Startup Time": 66.135, "Actual Total Time": 66.144, "Actual Rows": 1, "Actual Loops": 1, "Output": ["count(*)"], "Plans": [{"Node Type": "Hash Join", "Parent Relationship": "Outer", "Parallel Aware": false, "Join Type": "Inner", "Startup Cost": 8629.1, "Total Cost": 21710.24, "Plan Rows": 1368918323, "Plan Width": 0, "Actual Startup Time": 42.072, "Actual Total Time": 62.617, "Actual Rows": 89917, "Actual Loops": 1, "Inner Unique": false, "Hash Cond": "(c.userid = u.id)", "Plans": [{"Node Type": "Seq Scan", "Parent Relationship": "Outer", "Parallel Aware": false, "Relation Name": "comments", "Schema": "public", "Alias": "c", "Startup Cost": 0.0, "Total Cost": 1574.96, "Plan Rows": 60002, "Plan Width": 4, "Actual Startup Time": 0.017, "Actual Total Time": 9.35, "Actual Rows": 60206, "Actual Loops": 1, "Output": ["c.id", "c.postid", "c.score", "c.creationdate", "c.userid"], "Filter": "(c.score = 0)", "Rows Removed by Filter": 19151}, {"Node Type": "Hash", "Parent Relationship": "Inner", "Parallel Aware": false, "Startup Cost": 5671.71, "Total Cost": 5671.71, "Plan Rows": 236591, "Plan Width": 12, "Actual Startup Time": 41.037, "Actual Total Time": 41.043, "Actual Rows": 29310, "Actual Loops": 1, "Output": ["ph.userid", "b.userid", "u.id"], "Hash Buckets": 262144, "Original Hash Buckets": 262144, "Hash Batches": 1, "Original Hash Batches": 1, "Peak Memory Usage": 3308, "Plans": [{"Node Type": "Hash Join", "Parent Relationship": "Outer", "Parallel Aware": false, "Join Type": "Inner", "Startup Cost": 1395.26, "Total Cost": 5671.71, "Plan Rows": 236591, "Plan Width": 12, "Actual Startup Time": 12.829, "Actual Total Time": 37.25, "Actual Rows": 29310, "Actual Loops": 1, "Output": ["ph.userid", "b.userid", "u.id"], "Inner Unique": false, "Hash Cond": "(ph.userid = u.id)", "Plans": [{"Node Type": "Seq Scan", "Parent Relationship": "Outer", "Parallel Aware": false, "Relation Name": "posthistory", "Schema": "public", "Alias": "ph", "Startup Cost": 0.0, "Total Cost": 2247.94, "Plan Rows": 129994, "Plan Width": 4, "Actual Startup Time": 0.011, "Actual Total Time": 8.265, "Actual Rows": 129994, "Actual Loops": 1, "Output": ["ph.id", "ph.posthistorytypeid", "ph.postid", "ph.creationdate", "ph.userid"]}, {"Node Type": "Hash", "Parent Relationship": "Inner", "Parallel Aware": false, "Startup Cost": 1179.03, "Total Cost": 1179.03, "Plan Rows": 17298, "Plan Width": 8, "Actual Startup Time": 12.561, "Actual Total Time": 12.565, "Actual Rows": 7746, "Actual Loops": 1, "Output": ["b.userid", "u.id"], "Hash Buckets": 32768, "Original Hash Buckets": 32768, "Hash Batches": 1, "Original Hash Batches": 1, "Peak Memory Usage": 559, "Plans": [{"Node Type": "Hash Join", "Parent Relationship": "Outer", "Parallel Aware": false, "Join Type": "Inner", "Startup Cost": 512.7, "Total Cost": 1179.03, "Plan Rows": 17298, "Plan Width": 8, "Actual Startup Time": 4.287, "Actual Total Time": 11.278, "Actual Rows": 7746, "Actual Loops": 1, "Output": ["b.userid", "u.id"], "Inner Unique": true, "Hash Cond": "(b.userid = u.id)", "Plans": [{"Node Type": "Seq Scan", "Parent Relationship": "Outer", "Parallel Aware": false, "Relation Name": "badges", "Schema": "public", "Alias": "b", "Startup Cost": 0.0, "Total Cost": 584.8, "Plan Rows": 31052, "Plan Width": 4, "Actual Startup Time": 0.203, "Actual Total Time": 4.013, "Actual Rows": 31043, "Actual Loops": 1, "Output": ["b.id", "b.userid", "b.date"], "Filter": "(b.date >= '2010-08-25 13:16:07'::timestamp without time zone)", "Rows Removed by Filter": 1581}, {"Node Type": "Hash", "Parent Relationship": "Inner", "Parallel Aware": false, "Startup Cost": 408.7, "Total Cost": 408.7, "Plan Rows": 8320, "Plan Width": 4, "Actual Startup Time": 4.013, "Actual Total Time": 4.014, "Actual Rows": 9819, "Actual Loops": 1, "Output": ["u.id"], "Hash Buckets": 16384, "Original Hash Buckets": 16384, "Hash Batches": 1, "Original Hash Batches": 1, "Peak Memory Usage": 474, "Plans": [{"Node Type": "Seq Scan", "Parent Relationship": "Outer", "Parallel Aware": false, "Relation Name": "users", "Schema": "public", "Alias": "u", "Startup Cost": 0.0, "Total Cost": 408.7, "Plan Rows": 8320, "Plan Width": 4, "Actual Startup Time": 0.013, "Actual Total Time": 2.742, "Actual Rows": 9819, "Actual Loops": 1, "Output": ["u.id"], "Filter": "((u.reputation >= 1) AND (u.reputation <= 135) AND (u.downvotes <= 0) AND (u.upvotes = 0))", "Rows Removed by Filter": 5116}]}]}]}]}]}]}]}, "Planning Time": 3.14, "Triggers": [], "Execution Time": 66.439}]#####[{"Plan": {"Node Type": "Aggregate", "Strategy": "Plain", "Partial Mode": "Simple", "Parallel Aware": false, "Startup Cost": 3579595.32, "Total Cost": 3579595.33, "Plan Rows": 1, "Plan Width": 8, "Actual Startup Time": 1058.957, "Actual Total Time": 1058.964, "Actual Rows": 1, "Actual Loops": 1, "Output": ["count(*)"], "Plans": [{"Node Type": "Hash Join", "Parent Relationship": "Outer", "Parallel Aware": false, "Join Type": "Inner", "Startup Cost": 2652.38, "Total Cost": 157299.52, "Plan Rows": 1368918323, "Plan Width": 0, "Actual Startup Time": 21.283, "Actual Total Time": 1055.089, "Actual Rows": 89917, "Actual Loops": 1, "Inner Unique": false, "Hash Cond": "(ph.userid = u.id)", "Plans": [{"Node Type": "Nested Loop", "Parent Relationship": "Outer", "Parallel Aware": false, "Join Type": "Inner", "Startup Cost": 0.29, "Total Cost": 27298.11, "Plan Rows": 4638476, "Plan Width": 8, "Actual Startup Time": 0.255, "Actual Total Time": 710.61, "Actual Rows": 4973935, "Actual Loops": 1, "Output": ["ph.userid", "b.userid"], "Inner Unique": false, "Plans": [{"Node Type": "Seq Scan", "Parent Relationship": "Outer", "Parallel Aware": false, "Relation Name": "badges", "Schema": "public", "Alias": "b", "Startup Cost": 0.0, "Total Cost": 584.8, "Plan Rows": 31052, "Plan Width": 4, "Actual Startup Time": 0.23, "Actual Total Time": 5.455, "Actual Rows": 31043, "Actual Loops": 1, "Output": ["b.id", "b.userid", "b.date"], "Filter": "(b.date >= '2010-08-25 13:16:07'::timestamp without time zone)", "Rows Removed by Filter": 1581}, {"Node Type": "Index Only Scan", "Parent Relationship": "Inner", "Parallel Aware": false, "Scan Direction": "Forward", "Index Name": "idx_posthistory_userid", "Relation Name": "posthistory", "Schema": "public", "Alias": "ph", "Startup Cost": 0.29, "Total Cost": 0.66, "Plan Rows": 20, "Plan Width": 4, "Actual Startup Time": 0.002, "Actual Total Time": 0.012, "Actual Rows": 160, "Actual Loops": 31043, "Output": ["ph.userid"], "Index Cond": "(ph.userid = b.userid)", "Rows Removed by Index Recheck": 0, "Heap Fetches": 0}]}, {"Node Type": "Hash", "Parent Relationship": "Inner", "Parallel Aware": false, "Startup Cost": 2245.21, "Total Cost": 2245.21, "Plan Rows": 32550, "Plan Width": 8, "Actual Startup Time": 20.76, "Actual Total Time": 20.764, "Actual Rows": 5684, "Actual Loops": 1, "Output": ["c.userid", "u.id"], "Hash Buckets": 32768, "Original Hash Buckets": 32768, "Hash Batches": 1, "Original Hash Batches": 1, "Peak Memory Usage": 479, "Plans": [{"Node Type": "Hash Join", "Parent Relationship": "Outer", "Parallel Aware": false, "Join Type": "Inner", "Startup Cost": 512.7, "Total Cost": 2245.21, "Plan Rows": 32550, "Plan Width": 8, "Actual Startup Time": 4.905, "Actual Total Time": 19.912, "Actual Rows": 5684, "Actual Loops": 1, "Output": ["c.userid", "u.id"], "Inner Unique": true, "Hash Cond": "(c.userid = u.id)", "Plans": [{"Node Type": "Seq Scan", "Parent Relationship": "Outer", "Parallel Aware": false, "Relation Name": "comments", "Schema": "public", "Alias": "c", "Startup Cost": 0.0, "Total Cost": 1574.96, "Plan Rows": 60002, "Plan Width": 4, "Actual Startup Time": 0.014, "Actual Total Time": 9.686, "Actual Rows": 60206, "Actual Loops": 1, "Output": ["c.id", "c.postid", "c.score", "c.creationdate", "c.userid"], "Filter": "(c.score = 0)", "Rows Removed by Filter": 19151}, {"Node Type": "Hash", "Parent Relationship": "Inner", "Parallel Aware": false, "Startup Cost": 408.7, "Total Cost": 408.7, "Plan Rows": 8320, "Plan Width": 4, "Actual Startup Time": 4.806, "Actual Total Time": 4.807, "Actual Rows": 9819, "Actual Loops": 1, "Output": ["u.id"], "Hash Buckets": 16384, "Original Hash Buckets": 16384, "Hash Batches": 1, "Original Hash Batches": 1, "Peak Memory Usage": 474, "Plans": [{"Node Type": "Seq Scan", "Parent Relationship": "Outer", "Parallel Aware": false, "Relation Name": "users", "Schema": "public", "Alias": "u", "Startup Cost": 0.0, "Total Cost": 408.7, "Plan Rows": 8320, "Plan Width": 4, "Actual Startup Time": 0.014, "Actual Total Time": 3.29, "Actual Rows": 9819, "Actual Loops": 1, "Output": ["u.id"], "Filter": "((u.reputation >= 1) AND (u.reputation <= 135) AND (u.downvotes <= 0) AND (u.upvotes = 0))", "Rows Removed by Filter": 5116}]}]}]}]}]}, "Planning Time": 2.346, "Triggers": [], "Execution Time": 1059.14}]
[{"Plan": {"Node Type": "Aggregate", "Strategy": "Plain", "Partial Mode": "Simple", "Parallel Aware": false, "Startup Cost": 4423.94, "Total Cost": 4423.95, "Plan Rows": 1, "Plan Width": 8, "Actual Startup Time": 30.167, "Actual Total Time": 30.175, "Actual Rows": 1, "Actual Loops": 1, "Output": ["count(*)"], "Plans": [{"Node Type": "Hash Join", "Parent Relationship": "Outer", "Parallel Aware": false, "Join Type": "Inner", "Startup Cost": 1796.17, "Total Cost": 3808.47, "Plan Rows": 246188, "Plan Width": 0, "Actual Startup Time": 12.328, "Actual Total Time": 28.884, "Actual Rows": 32144, "Actual Loops": 1, "Inner Unique": false, "Hash Cond": "(c.userid = u.id)", "Plans": [{"Node Type": "Seq Scan", "Parent Relationship": "Outer", "Parallel Aware": false, "Relation Name": "comments", "Schema": "public", "Alias": "c", "Startup Cost": 0.0, "Total Cost": 1376.57, "Plan Rows": 79357, "Plan Width": 4, "Actual Startup Time": 0.009, "Actual Total Time": 5.082, "Actual Rows": 79357, "Actual Loops": 1, "Output": ["c.id", "c.postid", "c.score", "c.creationdate", "c.userid"]}, {"Node Type": "Hash", "Parent Relationship": "Inner", "Parallel Aware": false, "Startup Cost": 1714.48, "Total Cost": 1714.48, "Plan Rows": 6535, "Plan Width": 8, "Actual Startup Time": 12.267, "Actual Total Time": 12.271, "Actual Rows": 4368, "Actual Loops": 1, "Output": ["p.owneruserid", "u.id"], "Hash Buckets": 8192, "Original Hash Buckets": 8192, "Hash Batches": 1, "Original Hash Batches": 1, "Peak Memory Usage": 235, "Plans": [{"Node Type": "Hash Join", "Parent Relationship": "Outer", "Parallel Aware": false, "Join Type": "Inner", "Startup Cost": 512.4, "Total Cost": 1714.48, "Plan Rows": 6535, "Plan Width": 8, "Actual Startup Time": 4.257, "Actual Total Time": 11.626, "Actual Rows": 4368, "Actual Loops": 1, "Output": ["p.owneruserid", "u.id"], "Inner Unique": true, "Hash Cond": "(p.owneruserid = u.id)", "Plans": [{"Node Type": "Seq Scan", "Parent Relationship": "Outer", "Parallel Aware": false, "Relation Name": "posts", "Schema": "public", "Alias": "p", "Startup Cost": 0.0, "Total Cost": 1183.66, "Plan Rows": 7017, "Plan Width": 4, "Actual Startup Time": 0.106, "Actual Total Time": 6.198, "Actual Rows": 7105, "Actual Loops": 1, "Output": ["p.id", "p.posttypeid", "p.creationdate", "p.score", "p.viewcount", "p.owneruserid", "p.answercount", "p.commentcount", "p.favoritecount", "p.lasteditoruserid"], "Filter": "((p.commentcount <= 15) AND (p.favoritecount <= 14) AND (p.creationdate >= '2010-07-25 18:02:06'::timestamp without time zone) AND (p.creationdate <= '2014-09-08 23:43:41'::timestamp without time zone))", "Rows Removed by Filter": 34078}, {"Node Type": "Hash", "Parent Relationship": "Inner", "Parallel Aware": false, "Startup Cost": 334.02, "Total Cost": 334.02, "Plan Rows": 14270, "Plan Width": 4, "Actual Startup Time": 4.085, "Actual Total Time": 4.086, "Actual Rows": 14271, "Actual Loops": 1, "Output": ["u.id"], "Hash Buckets": 16384, "Original Hash Buckets": 16384, "Hash Batches": 1, "Original Hash Batches": 1, "Peak Memory Usage": 630, "Plans": [{"Node Type": "Seq Scan", "Parent Relationship": "Outer", "Parallel Aware": false, "Relation Name": "users", "Schema": "public", "Alias": "u", "Startup Cost": 0.0, "Total Cost": 334.02, "Plan Rows": 14270, "Plan Width": 4, "Actual Startup Time": 0.01, "Actual Total Time": 2.508, "Actual Rows": 14271, "Actual Loops": 1, "Output": ["u.id"], "Filter": "((u.reputation <= 373) AND (u.upvotes >= 0))", "Rows Removed by Filter": 664}]}]}]}]}]}, "Planning Time": 1.06, "Triggers": [], "Execution Time": 30.269}]#####[{"Plan": {"Node Type": "Aggregate", "Strategy": "Plain", "Partial Mode": "Simple", "Parallel Aware": false, "Startup Cost": 8416.77, "Total Cost": 8416.78, "Plan Rows": 1, "Plan Width": 8, "Actual Startup Time": 21.517, "Actual Total Time": 21.523, "Actual Rows": 1, "Actual Loops": 1, "Output": ["count(*)"], "Plans": [{"Node Type": "Nested Loop", "Parent Relationship": "Outer", "Parallel Aware": false, "Join Type": "Inner", "Startup Cost": 512.69, "Total Cost": 2262.05, "Plan Rows": 2461889, "Plan Width": 0, "Actual Startup Time": 4.085, "Actual Total Time": 20.178, "Actual Rows": 32144, "Actual Loops": 1, "Inner Unique": false, "Plans": [{"Node Type": "Hash Join", "Parent Relationship": "Outer", "Parallel Aware": false, "Join Type": "Inner", "Startup Cost": 512.4, "Total Cost": 1714.48, "Plan Rows": 653, "Plan Width": 8, "Actual Startup Time": 4.057, "Actual Total Time": 11.56, "Actual Rows": 4368, "Actual Loops": 1, "Output": ["p.owneruserid", "u.id"], "Inner Unique": true, "Hash Cond": "(p.owneruserid = u.id)", "Plans": [{"Node Type": "Seq Scan", "Parent Relationship": "Outer", "Parallel Aware": false, "Relation Name": "posts", "Schema": "public", "Alias": "p", "Startup Cost": 0.0, "Total Cost": 1183.66, "Plan Rows": 7017, "Plan Width": 4, "Actual Startup Time": 0.113, "Actual Total Time": 6.17, "Actual Rows": 7105, "Actual Loops": 1, "Output": ["p.id", "p.posttypeid", "p.creationdate", "p.score", "p.viewcount", "p.owneruserid", "p.answercount", "p.commentcount", "p.favoritecount", "p.lasteditoruserid"], "Filter": "((p.commentcount <= 15) AND (p.favoritecount <= 14) AND (p.creationdate >= '2010-07-25 18:02:06'::timestamp without time zone) AND (p.creationdate <= '2014-09-08 23:43:41'::timestamp without time zone))", "Rows Removed by Filter": 34078}, {"Node Type": "Hash", "Parent Relationship": "Inner", "Parallel Aware": false, "Startup Cost": 334.02, "Total Cost": 334.02, "Plan Rows": 14270, "Plan Width": 4, "Actual Startup Time": 3.848, "Actual Total Time": 3.848, "Actual Rows": 14271, "Actual Loops": 1, "Output": ["u.id"], "Hash Buckets": 16384, "Original Hash Buckets": 16384, "Hash Batches": 1, "Original Hash Batches": 1, "Peak Memory Usage": 630, "Plans": [{"Node Type": "Seq Scan", "Parent Relationship": "Outer", "Parallel Aware": false, "Relation Name": "users", "Schema": "public", "Alias": "u", "Startup Cost": 0.0, "Total Cost": 334.02, "Plan Rows": 14270, "Plan Width": 4, "Actual Startup Time": 0.009, "Actual Total Time": 2.382, "Actual Rows": 14271, "Actual Loops": 1, "Output": ["u.id"], "Filter": "((u.reputation <= 373) AND (u.upvotes >= 0))", "Rows Removed by Filter": 664}]}]}, {"Node Type": "Index Only Scan", "Parent Relationship": "Inner", "Parallel Aware": false, "Scan Direction": "Forward", "Index Name": "idx_comments_userid", "Relation Name": "comments", "Schema": "public", "Alias": "c", "Startup Cost": 0.29, "Total Cost": 0.65, "Plan Rows": 19, "Plan Width": 4, "Actual Startup Time": 0.001, "Actual Total Time": 0.001, "Actual Rows": 7, "Actual Loops": 4368, "Output": ["c.userid"], "Index Cond": "(c.userid = u.id)", "Rows Removed by Index Recheck": 0, "Heap Fetches": 0}]}]}, "Planning Time": 2.59, "Triggers": [], "Execution Time": 21.613}]
[{"Plan": {"Node Type": "Aggregate", "Strategy": "Plain", "Partial Mode": "Simple", "Parallel Aware": false, "Startup Cost": 7722.73, "Total Cost": 7722.74, "Plan Rows": 1, "Plan Width": 8, "Actual Startup Time": 3695.117, "Actual Total Time": 3695.128, "Actual Rows": 1, "Actual Loops": 1, "Output": ["count(*)"], "Plans": [{"Node Type": "Hash Join", "Parent Relationship": "Outer", "Parallel Aware": false, "Join Type": "Inner", "Startup Cost": 2439.26, "Total Cost": 6392.08, "Plan Rows": 532258, "Plan Width": 0, "Actual Startup Time": 32.571, "Actual Total Time": 2423.195, "Actual Rows": 28333453, "Actual Loops": 1, "Inner Unique": false, "Hash Cond": "(ph.userid = u.id)", "Plans": [{"Node Type": "Seq Scan", "Parent Relationship": "Outer", "Parallel Aware": false, "Relation Name": "posthistory", "Schema": "public", "Alias": "ph", "Startup Cost": 0.0, "Total Cost": 2247.94, "Plan Rows": 129994, "Plan Width": 4, "Actual Startup Time": 0.011, "Actual Total Time": 13.25, "Actual Rows": 129994, "Actual Loops": 1, "Output": ["ph.id", "ph.posthistorytypeid", "ph.postid", "ph.creationdate", "ph.userid"]}, {"Node Type": "Hash", "Parent Relationship": "Inner", "Parallel Aware": false, "Startup Cost": 2273.8, "Total Cost": 2273.8, "Plan Rows": 13237, "Plan Width": 12, "Actual Startup Time": 32.487, "Actual Total Time": 32.494, "Actual Rows": 67893, "Actual Loops": 1, "Output": ["p.owneruserid", "u.id", "b.userid"], "Hash Buckets": 131072, "Original Hash Buckets": 16384, "Hash Batches": 1, "Original Hash Batches": 1, "Peak Memory Usage": 3942, "Plans": [{"Node Type": "Hash Join", "Parent Relationship": "Outer", "Parallel Aware": false, "Join Type": "Inner", "Startup Cost": 1515.85, "Total Cost": 2273.8, "Plan Rows": 13237, "Plan Width": 12, "Actual Startup Time": 11.49, "Actual Total Time": 23.477, "Actual Rows": 67893, "Actual Loops": 1, "Output": ["p.owneruserid", "u.id", "b.userid"], "Inner Unique": false, "Hash Cond": "(b.userid = u.id)", "Plans": [{"Node Type": "Seq Scan", "Parent Relationship": "Outer", "Parallel Aware": false, "Relation Name": "badges", "Schema": "public", "Alias": "b", "Startup Cost": 0.0, "Total Cost": 503.24, "Plan Rows": 32624, "Plan Width": 4, "Actual Startup Time": 0.006, "Actual Total Time": 2.248, "Actual Rows": 32624, "Actual Loops": 1, "Output": ["b.id", "b.userid", "b.date"]}, {"Node Type": "Hash", "Parent Relationship": "Inner", "Parallel Aware": false, "Startup Cost": 1440.1, "Total Cost": 1440.1, "Plan Rows": 6060, "Plan Width": 8, "Actual Startup Time": 11.449, "Actual Total Time": 11.454, "Actual Rows": 6081, "Actual Loops": 1, "Output": ["p.owneruserid", "u.id"], "Hash Buckets": 8192, "Original Hash Buckets": 8192, "Hash Batches": 1, "Original Hash Batches": 1, "Peak Memory Usage": 302, "Plans": [{"Node Type": "Hash Join", "Parent Relationship": "Outer", "Parallel Aware": false, "Join Type": "Inner", "Startup Cost": 446.04, "Total Cost": 1440.1, "Plan Rows": 6060, "Plan Width": 8, "Actual Startup Time": 3.582, "Actual Total Time": 10.61, "Actual Rows": 6081, "Actual Loops": 1, "Output": ["p.owneruserid", "u.id"], "Inner Unique": true, "Hash Cond": "(p.owneruserid = u.id)", "Plans": [{"Node Type": "Seq Scan", "Parent Relationship": "Outer", "Parallel Aware": false, "Relation Name": "posts", "Schema": "public", "Alias": "p", "Startup Cost": 0.0, "Total Cost": 977.75, "Plan Rows": 6217, "Plan Width": 4, "Actual Startup Time": 0.013, "Actual Total Time": 5.743, "Actual Rows": 6291, "Actual Loops": 1, "Output": ["p.id", "p.posttypeid", "p.creationdate", "p.score", "p.viewcount", "p.owneruserid", "p.answercount", "p.commentcount", "p.favoritecount", "p.lasteditoruserid"], "Filter": "((p.favoritecount >= 0) AND (p.favoritecount <= 4))", "Rows Removed by Filter": 34892}, {"Node Type": "Hash", "Parent Relationship": "Inner", "Parallel Aware": false, "Startup Cost": 259.35, "Total Cost": 259.35, "Plan Rows": 14935, "Plan Width": 4, "Actual Startup Time": 3.51, "Actual Total Time": 3.512, "Actual Rows": 14935, "Actual Loops": 1, "Output": ["u.id"], "Hash Buckets": 16384, "Original Hash Buckets": 16384, "Hash Batches": 1, "Original Hash Batches": 1, "Peak Memory Usage": 654, "Plans": [{"Node Type": "Seq Scan", "Parent Relationship": "Outer", "Parallel Aware": false, "Relation Name": "users", "Schema": "public", "Alias": "u", "Startup Cost": 0.0, "Total Cost": 259.35, "Plan Rows": 14935, "Plan Width": 4, "Actual Startup Time": 0.01, "Actual Total Time": 1.965, "Actual Rows": 14935, "Actual Loops": 1, "Output": ["u.id"]}]}]}]}]}]}]}]}, "Planning Time": 1.882, "Triggers": [], "Execution Time": 3695.842}]#####[{"Plan": {"Node Type": "Aggregate", "Strategy": "Plain", "Partial Mode": "Simple", "Parallel Aware": false, "Startup Cost": 16743.78, "Total Cost": 16743.79, "Plan Rows": 1, "Plan Width": 8, "Actual Startup Time": 5031.007, "Actual Total Time": 5031.015, "Actual Rows": 1, "Actual Loops": 1, "Output": ["count(*)"], "Plans": [{"Node Type": "Nested Loop", "Parent Relationship": "Outer", "Parallel Aware": false, "Join Type": "Inner", "Startup Cost": 1516.14, "Total Cost": 3437.33, "Plan Rows": 5322581, "Plan Width": 0, "Actual Startup Time": 15.491, "Actual Total Time": 3828.692, "Actual Rows": 28333453, "Actual Loops": 1, "Inner Unique": false, "Plans": [{"Node Type": "Hash Join", "Parent Relationship": "Outer", "Parallel Aware": false, "Join Type": "Inner", "Startup Cost": 1515.85, "Total Cost": 2273.8, "Plan Rows": 1323, "Plan Width": 12, "Actual Startup Time": 15.464, "Actual Total Time": 41.092, "Actual Rows": 67893, "Actual Loops": 1, "Output": ["p.owneruserid", "u.id", "b.userid"], "Inner Unique": false, "Hash Cond": "(b.userid = u.id)", "Plans": [{"Node Type": "Seq Scan", "Parent Relationship": "Outer", "Parallel Aware": false, "Relation Name": "badges", "Schema": "public", "Alias": "b", "Startup Cost": 0.0, "Total Cost": 503.24, "Plan Rows": 32624, "Plan Width": 4, "Actual Startup Time": 0.011, "Actual Total Time": 3.827, "Actual Rows": 32624, "Actual Loops": 1, "Output": ["b.id", "b.userid", "b.date"]}, {"Node Type": "Hash", "Parent Relationship": "Inner", "Parallel Aware": false, "Startup Cost": 1440.1, "Total Cost": 1440.1, "Plan Rows": 6060, "Plan Width": 8, "Actual Startup Time": 15.382, "Actual Total Time": 15.387, "Actual Rows": 6081, "Actual Loops": 1, "Output": ["p.owneruserid", "u.id"], "Hash Buckets": 8192, "Original Hash Buckets": 8192, "Hash Batches": 1, "Original Hash Batches": 1, "Peak Memory Usage": 302, "Plans": [{"Node Type": "Hash Join", "Parent Relationship": "Outer", "Parallel Aware": false, "Join Type": "Inner", "Startup Cost": 446.04, "Total Cost": 1440.1, "Plan Rows": 6060, "Plan Width": 8, "Actual Startup Time": 5.566, "Actual Total Time": 14.329, "Actual Rows": 6081, "Actual Loops": 1, "Output": ["p.owneruserid", "u.id"], "Inner Unique": true, "Hash Cond": "(p.owneruserid = u.id)", "Plans": [{"Node Type": "Seq Scan", "Parent Relationship": "Outer", "Parallel Aware": false, "Relation Name": "posts", "Schema": "public", "Alias": "p", "Startup Cost": 0.0, "Total Cost": 977.75, "Plan Rows": 6217, "Plan Width": 4, "Actual Startup Time": 0.025, "Actual Total Time": 7.157, "Actual Rows": 6291, "Actual Loops": 1, "Output": ["p.id", "p.posttypeid", "p.creationdate", "p.score", "p.viewcount", "p.owneruserid", "p.answercount", "p.commentcount", "p.favoritecount", "p.lasteditoruserid"], "Filter": "((p.favoritecount >= 0) AND (p.favoritecount <= 4))", "Rows Removed by Filter": 34892}, {"Node Type": "Hash", "Parent Relationship": "Inner", "Parallel Aware": false, "Startup Cost": 259.35, "Total Cost": 259.35, "Plan Rows": 14935, "Plan Width": 4, "Actual Startup Time": 5.44, "Actual Total Time": 5.441, "Actual Rows": 14935, "Actual Loops": 1, "Output": ["u.id"], "Hash Buckets": 16384, "Original Hash Buckets": 16384, "Hash Batches": 1, "Original Hash Batches": 1, "Peak Memory Usage": 654, "Plans": [{"Node Type": "Seq Scan", "Parent Relationship": "Outer", "Parallel Aware": false, "Relation Name": "users", "Schema": "public", "Alias": "u", "Startup Cost": 0.0, "Total Cost": 259.35, "Plan Rows": 14935, "Plan Width": 4, "Actual Startup Time": 0.015, "Actual Total Time": 2.917, "Actual Rows": 14935, "Actual Loops": 1, "Output": ["u.id"]}]}]}]}]}, {"Node Type": "Index Only Scan", "Parent Relationship": "Inner", "Parallel Aware": false, "Scan Direction": "Forward", "Index Name": "idx_posthistory_userid", "Relation Name": "posthistory", "Schema": "public", "Alias": "ph", "Startup Cost": 0.29, "Total Cost": 0.68, "Plan Rows": 20, "Plan Width": 4, "Actual Startup Time": 0.002, "Actual Total Time": 0.029, "Actual Rows": 417, "Actual Loops": 67893, "Output": ["ph.userid"], "Index Cond": "(ph.userid = u.id)", "Rows Removed by Index Recheck": 0, "Heap Fetches": 0}]}]}, "Planning Time": 1.525, "Triggers": [], "Execution Time": 5031.205}]#####[{"Plan": {"Node Type": "Aggregate", "Strategy": "Plain", "Partial Mode": "Simple", "Parallel Aware": false, "Startup Cost": 35982.0, "Total Cost": 35982.01, "Plan Rows": 1, "Plan Width": 8, "Actual Startup Time": 3364.1, "Actual Total Time": 3364.108, "Actual Rows": 1, "Actual Loops": 1, "Output": ["count(*)"], "Plans": [{"Node Type": "Hash Join", "Parent Relationship": "Outer", "Parallel Aware": false, "Join Type": "Inner", "Startup Cost": 4523.38, "Total Cost": 22675.54, "Plan Rows": 5322581, "Plan Width": 0, "Actual Startup Time": 57.961, "Actual Total Time": 2254.907, "Actual Rows": 28333453, "Actual Loops": 1, "Inner Unique": false, "Hash Cond": "(p.owneruserid = u.id)", "Plans": [{"Node Type": "Nested Loop", "Parent Relationship": "Outer", "Parallel Aware": false, "Join Type": "Inner", "Startup Cost": 0.29, "Total Cost": 3502.04, "Plan Rows": 162452, "Plan Width": 8, "Actual Startup Time": 0.062, "Actual Total Time": 28.902, "Actual Rows": 67893, "Actual Loops": 1, "Output": ["p.owneruserid", "b.userid"], "Inner Unique": false, "Plans": [{"Node Type": "Seq Scan", "Parent Relationship": "Outer", "Parallel Aware": false, "Relation Name": "posts", "Schema": "public", "Alias": "p", "Startup Cost": 0.0, "Total Cost": 977.75, "Plan Rows": 6217, "Plan Width": 4, "Actual Startup Time": 0.035, "Actual Total Time": 7.22, "Actual Rows": 6291, "Actual Loops": 1, "Output": ["p.id", "p.posttypeid", "p.creationdate", "p.score", "p.viewcount", "p.owneruserid", "p.answercount", "p.commentcount", "p.favoritecount", "p.lasteditoruserid"], "Filter": "((p.favoritecount >= 0) AND (p.favoritecount <= 4))", "Rows Removed by Filter": 34892}, {"Node Type": "Index Only Scan", "Parent Relationship": "Inner", "Parallel Aware": false, "Scan Direction": "Forward", "Index Name": "idx_badges_userid", "Relation Name": "badges", "Schema": "public", "Alias": "b", "Startup Cost": 0.29, "Total Cost": 0.38, "Plan Rows": 3, "Plan Width": 4, "Actual Startup Time": 0.001, "Actual Total Time": 0.002, "Actual Rows": 11, "Actual Loops": 6291, "Output": ["b.userid"], "Index Cond": "(b.userid = p.owneruserid)", "Rows Removed by Index Recheck": 0, "Heap Fetches": 0}]}, {"Node Type": "Hash", "Parent Relationship": "Inner", "Parallel Aware": false, "Startup Cost": 3035.3, "Total Cost": 3035.3, "Plan Rows": 119023, "Plan Width": 8, "Actual Startup Time": 57.015, "Actual Total Time": 57.019, "Actual Rows": 118705, "Actual Loops": 1, "Output": ["ph.userid", "u.id"], "Hash Buckets": 131072, "Original Hash Buckets": 131072, "Hash Batches": 1, "Original Hash Batches": 1, "Peak Memory Usage": 5661, "Plans": [{"Node Type": "Hash Join", "Parent Relationship": "Outer", "Parallel Aware": false, "Join Type": "Inner", "Startup Cost": 446.04, "Total Cost": 3035.3, "Plan Rows": 119023, "Plan Width": 8, "Actual Startup Time": 6.751, "Actual Total Time": 42.643, "Actual Rows": 118705, "Actual Loops": 1, "Output": ["ph.userid", "u.id"], "Inner Unique": true, "Hash Cond": "(ph.userid = u.id)", "Plans": [{"Node Type": "Seq Scan", "Parent Relationship": "Outer", "Parallel Aware": false, "Relation Name": "posthistory", "Schema": "public", "Alias": "ph", "Startup Cost": 0.0, "Total Cost": 2247.94, "Plan Rows": 129994, "Plan Width": 4, "Actual Startup Time": 0.018, "Actual Total Time": 9.298, "Actual Rows": 129994, "Actual Loops": 1, "Output": ["ph.id", "ph.posthistorytypeid", "ph.postid", "ph.creationdate", "ph.userid"]}, {"Node Type": "Hash", "Parent Relationship": "Inner", "Parallel Aware": false, "Startup Cost": 259.35, "Total Cost": 259.35, "Plan Rows": 14935, "Plan Width": 4, "Actual Startup Time": 6.608, "Actual Total Time": 6.609, "Actual Rows": 14935, "Actual Loops": 1, "Output": ["u.id"], "Hash Buckets": 16384, "Original Hash Buckets": 16384, "Hash Batches": 1, "Original Hash Batches": 1, "Peak Memory Usage": 654, "Plans": [{"Node Type": "Seq Scan", "Parent Relationship": "Outer", "Parallel Aware": false, "Relation Name": "users", "Schema": "public", "Alias": "u", "Startup Cost": 0.0, "Total Cost": 259.35, "Plan Rows": 14935, "Plan Width": 4, "Actual Startup Time": 0.021, "Actual Total Time": 3.557, "Actual Rows": 14935, "Actual Loops": 1, "Output": ["u.id"]}]}]}]}]}]}, "Planning Time": 3.948, "Triggers": [], "Execution Time": 3364.459}]
[{"Plan": {"Node Type": "Aggregate", "Strategy": "Plain", "Partial Mode": "Simple", "Parallel Aware": false, "Startup Cost": 6465.4, "Total Cost": 6465.41, "Plan Rows": 1, "Plan Width": 8, "Actual Startup Time": 129.56, "Actual Total Time": 129.571, "Actual Rows": 1, "Actual Loops": 1, "Output": ["count(*)"], "Plans": [{"Node Type": "Hash Join", "Parent Relationship": "Outer", "Parallel Aware": false, "Join Type": "Inner", "Startup Cost": 2775.9, "Total Cost": 6106.0, "Plan Rows": 143762, "Plan Width": 0, "Actual Startup Time": 36.643, "Actual Total Time": 125.424, "Actual Rows": 55994, "Actual Loops": 1, "Inner Unique": false, "Hash Cond": "(ph.userid = u.id)", "Plans": [{"Node Type": "Seq Scan", "Parent Relationship": "Outer", "Parallel Aware": false, "Relation Name": "posthistory", "Schema": "public", "Alias": "ph", "Startup Cost": 0.0, "Total Cost": 2897.91, "Plan Rows": 39270, "Plan Width": 4, "Actual Startup Time": 0.832, "Actual Total Time": 61.091, "Actual Rows": 38956, "Actual Loops": 1, "Output": ["ph.id", "ph.posthistorytypeid", "ph.postid", "ph.creationdate", "ph.userid"], "Filter": "((ph.creationdate >= '2010-09-03 13:50:51'::timestamp without time zone) AND (ph.posthistorytypeid = 2))", "Rows Removed by Filter": 91038}, {"Node Type": "Hash", "Parent Relationship": "Inner", "Parallel Aware": false, "Startup Cost": 2627.97, "Total Cost": 2627.97, "Plan Rows": 11835, "Plan Width": 12, "Actual Startup Time": 35.626, "Actual Total Time": 35.633, "Actual Rows": 12399, "Actual Loops": 1, "Output": ["p.owneruserid", "u.id", "b.userid"], "Hash Buckets": 16384, "Original Hash Buckets": 16384, "Hash Batches": 1, "Original Hash Batches": 1, "Peak Memory Usage": 661, "Plans": [{"Node Type": "Hash Join", "Parent Relationship": "Outer", "Parallel Aware": false, "Join Type": "Inner", "Startup Cost": 1884.04, "Total Cost": 2627.97, "Plan Rows": 11835, "Plan Width": 12, "Actual Startup Time": 17.809, "Actual Total Time": 32.126, "Actual Rows": 12399, "Actual Loops": 1, "Output": ["p.owneruserid", "u.id", "b.userid"], "Inner Unique": false, "Hash Cond": "(b.userid = u.id)", "Plans": [{"Node Type": "Seq Scan", "Parent Relationship": "Outer", "Parallel Aware": false, "Relation Name": "badges", "Schema": "public", "Alias": "b", "Startup Cost": 0.0, "Total Cost": 503.24, "Plan Rows": 32624, "Plan Width": 4, "Actual Startup Time": 0.011, "Actual Total Time": 4.396, "Actual Rows": 32624, "Actual Loops": 1, "Output": ["b.id", "b.userid", "b.date"]}, {"Node Type": "Hash", "Parent Relationship": "Inner", "Parallel Aware": false, "Startup Cost": 1816.31, "Total Cost": 1816.31, "Plan Rows": 5418, "Plan Width": 8, "Actual Startup Time": 17.742, "Actual Total Time": 17.748, "Actual Rows": 3436, "Actual Loops": 1, "Output": ["p.owneruserid", "u.id"], "Hash Buckets": 8192, "Original Hash Buckets": 8192, "Hash Batches": 1, "Original Hash Batches": 1, "Peak Memory Usage": 199, "Plans": [{"Node Type": "Hash Join", "Parent Relationship": "Outer", "Parallel Aware": false, "Join Type": "Inner", "Startup Cost": 616.69, "Total Cost": 1816.31, "Plan Rows": 5418, "Plan Width": 8, "Actual Startup Time": 6.842, "Actual Total Time": 16.905, "Actual Rows": 3436, "Actual Loops": 1, "Output": ["p.owneruserid", "u.id"], "Inner Unique": true, "Hash Cond": "(p.owneruserid = u.id)", "Plans": [{"Node Type": "Seq Scan", "Parent Relationship": "Outer", "Parallel Aware": false, "Relation Name": "posts", "Schema": "public", "Alias": "p", "Startup Cost": 0.0, "Total Cost": 1183.66, "Plan Rows": 6081, "Plan Width": 4, "Actual Startup Time": 0.22, "Actual Total Time": 8.482, "Actual Rows": 6194, "Actual Loops": 1, "Output": ["p.id", "p.posttypeid", "p.creationdate", "p.score", "p.viewcount", "p.owneruserid", "p.answercount", "p.commentcount", "p.favoritecount", "p.lasteditoruserid"], "Filter": "((p.favoritecount >= 0) AND (p.favoritecount <= 4) AND (p.creationdate >= '2010-07-29 18:46:47'::timestamp without time zone) AND (p.creationdate <= '2014-09-01 03:33:04'::timestamp without time zone))", "Rows Removed by Filter": 34989}, {"Node Type": "Hash", "Parent Relationship": "Inner", "Parallel Aware": false, "Startup Cost": 446.04, "Total Cost": 446.04, "Plan Rows": 13652, "Plan Width": 4, "Actual Startup Time": 6.514, "Actual Total Time": 6.516, "Actual Rows": 14038, "Actual Loops": 1, "Output": ["u.id"], "Hash Buckets": 16384, "Original Hash Buckets": 16384, "Hash Batches": 1, "Original Hash Batches": 1, "Peak Memory Usage": 622, "Plans": [{"Node Type": "Seq Scan", "Parent Relationship": "Outer", "Parallel Aware": false, "Relation Name": "users", "Schema": "public", "Alias": "u", "Startup Cost": 0.0, "Total Cost": 446.04, "Plan Rows": 13652, "Plan Width": 4, "Actual Startup Time": 0.015, "Actual Total Time": 3.998, "Actual Rows": 14038, "Actual Loops": 1, "Output": ["u.id"], "Filter": "((u.reputation <= 680) AND (u.views >= 0) AND (u.views <= 34) AND (u.upvotes <= 613) AND (u.creationdate <= '2014-09-03 17:57:23'::timestamp without time zone))", "Rows Removed by Filter": 897}]}]}]}]}]}]}]}, "Planning Time": 1.884, "Triggers": [], "Execution Time": 129.772}]#####[{"Plan": {"Node Type": "Aggregate", "Strategy": "Plain", "Partial Mode": "Simple", "Parallel Aware": false, "Startup Cost": 7346.65, "Total Cost": 7346.66, "Plan Rows": 1, "Plan Width": 8, "Actual Startup Time": 147.245, "Actual Total Time": 147.254, "Actual Rows": 1, "Actual Loops": 1, "Output": ["count(*)"], "Plans": [{"Node Type": "Nested Loop", "Parent Relationship": "Outer", "Parallel Aware": false, "Join Type": "Inner", "Startup Cost": 1884.33, "Total Cost": 3752.59, "Plan Rows": 1437625, "Plan Width": 0, "Actual Startup Time": 35.769, "Actual Total Time": 143.22, "Actual Rows": 55994, "Actual Loops": 1, "Inner Unique": false, "Join Filter": "(u.id = ph.userid)", "Rows Removed by Join Filter": 0, "Plans": [{"Node Type": "Hash Join", "Parent Relationship": "Outer", "Parallel Aware": false, "Join Type": "Inner", "Startup Cost": 1884.04, "Total Cost": 2627.97, "Plan Rows": 1183, "Plan Width": 12, "Actual Startup Time": 35.723, "Actual Total Time": 48.98, "Actual Rows": 12399, "Actual Loops": 1, "Output": ["p.owneruserid", "u.id", "b.userid"], "Inner Unique": false, "Hash Cond": "(b.userid = u.id)", "Plans": [{"Node Type": "Seq Scan", "Parent Relationship": "Outer", "Parallel Aware": false, "Relation Name": "badges", "Schema": "public", "Alias": "b", "Startup Cost": 0.0, "Total Cost": 503.24, "Plan Rows": 32624, "Plan Width": 4, "Actual Startup Time": 0.023, "Actual Total Time": 3.341, "Actual Rows": 32624, "Actual Loops": 1, "Output": ["b.id", "b.userid", "b.date"]}, {"Node Type": "Hash", "Parent Relationship": "Inner", "Parallel Aware": false, "Startup Cost": 1816.31, "Total Cost": 1816.31, "Plan Rows": 5418, "Plan Width": 8, "Actual Startup Time": 35.583, "Actual Total Time": 35.588, "Actual Rows": 3436, "Actual Loops": 1, "Output": ["p.owneruserid", "u.id"], "Hash Buckets": 8192, "Original Hash Buckets": 8192, "Hash Batches": 1, "Original Hash Batches": 1, "Peak Memory Usage": 199, "Plans": [{"Node Type": "Hash Join", "Parent Relationship": "Outer", "Parallel Aware": false, "Join Type": "Inner", "Startup Cost": 616.69, "Total Cost": 1816.31, "Plan Rows": 5418, "Plan Width": 8, "Actual Startup Time": 17.125, "Actual Total Time": 34.738, "Actual Rows": 3436, "Actual Loops": 1, "Output": ["p.owneruserid", "u.id"], "Inner Unique": true, "Hash Cond": "(p.owneruserid = u.id)", "Plans": [{"Node Type": "Seq Scan", "Parent Relationship": "Outer", "Parallel Aware": false, "Relation Name": "posts", "Schema": "public", "Alias": "p", "Startup Cost": 0.0, "Total Cost": 1183.66, "Plan Rows": 6081, "Plan Width": 4, "Actual Startup Time": 0.402, "Actual Total Time": 16.221, "Actual Rows": 6194, "Actual Loops": 1, "Output": ["p.id", "p.posttypeid", "p.creationdate", "p.score", "p.viewcount", "p.owneruserid", "p.answercount", "p.commentcount", "p.favoritecount", "p.lasteditoruserid"], "Filter": "((p.favoritecount >= 0) AND (p.favoritecount <= 4) AND (p.creationdate >= '2010-07-29 18:46:47'::timestamp without time zone) AND (p.creationdate <= '2014-09-01 03:33:04'::timestamp without time zone))", "Rows Removed by Filter": 34989}, {"Node Type": "Hash", "Parent Relationship": "Inner", "Parallel Aware": false, "Startup Cost": 446.04, "Total Cost": 446.04, "Plan Rows": 13652, "Plan Width": 4, "Actual Startup Time": 16.595, "Actual Total Time": 16.596, "Actual Rows": 14038, "Actual Loops": 1, "Output": ["u.id"], "Hash Buckets": 16384, "Original Hash Buckets": 16384, "Hash Batches": 1, "Original Hash Batches": 1, "Peak Memory Usage": 622, "Plans": [{"Node Type": "Seq Scan", "Parent Relationship": "Outer", "Parallel Aware": false, "Relation Name": "users", "Schema": "public", "Alias": "u", "Startup Cost": 0.0, "Total Cost": 446.04, "Plan Rows": 13652, "Plan Width": 4, "Actual Startup Time": 0.027, "Actual Total Time": 13.16, "Actual Rows": 14038, "Actual Loops": 1, "Output": ["u.id"], "Filter": "((u.reputation <= 680) AND (u.views >= 0) AND (u.views <= 34) AND (u.upvotes <= 613) AND (u.creationdate <= '2014-09-03 17:57:23'::timestamp without time zone))", "Rows Removed by Filter": 897}]}]}]}]}, {"Node Type": "Index Scan", "Parent Relationship": "Inner", "Parallel Aware": false, "Scan Direction": "Forward", "Index Name": "idx_posthistory_userid", "Relation Name": "posthistory", "Schema": "public", "Alias": "ph", "Startup Cost": 0.29, "Total Cost": 0.88, "Plan Rows": 6, "Plan Width": 4, "Actual Startup Time": 0.002, "Actual Total Time": 0.007, "Actual Rows": 5, "Actual Loops": 12399, "Output": ["ph.id", "ph.posthistorytypeid", "ph.postid", "ph.creationdate", "ph.userid"], "Index Cond": "(ph.userid = b.userid)", "Rows Removed by Index Recheck": 0, "Filter": "((ph.creationdate >= '2010-09-03 13:50:51'::timestamp without time zone) AND (ph.posthistorytypeid = 2))", "Rows Removed by Filter": 11}]}]}, "Planning Time": 1.637, "Triggers": [], "Execution Time": 147.439}]#####[{"Plan": {"Node Type": "Aggregate", "Strategy": "Plain", "Partial Mode": "Simple", "Parallel Aware": false, "Startup Cost": 15483.33, "Total Cost": 15483.34, "Plan Rows": 1, "Plan Width": 8, "Actual Startup Time": 70.341, "Actual Total Time": 70.348, "Actual Rows": 1, "Actual Loops": 1, "Output": ["count(*)"], "Plans": [{"Node Type": "Hash Join", "Parent Relationship": "Outer", "Parallel Aware": false, "Join Type": "Inner", "Startup Cost": 4028.83, "Total Cost": 11889.27, "Plan Rows": 1437625, "Plan Width": 0, "Actual Startup Time": 39.81, "Actual Total Time": 68.134, "Actual Rows": 55994, "Actual Loops": 1, "Inner Unique": false, "Hash Cond": "(p.owneruserid = u.id)", "Plans": [{"Node Type": "Nested Loop", "Parent Relationship": "Outer", "Parallel Aware": false, "Join Type": "Inner", "Startup Cost": 0.29, "Total Cost": 3657.63, "Plan Rows": 158899, "Plan Width": 8, "Actual Startup Time": 0.603, "Actual Total Time": 20.782, "Actual Rows": 66289, "Actual Loops": 1, "Output": ["p.owneruserid", "b.userid"], "Inner Unique": false, "Plans": [{"Node Type": "Seq Scan", "Parent Relationship": "Outer", "Parallel Aware": false, "Relation Name": "posts", "Schema": "public", "Alias": "p", "Startup Cost": 0.0, "Total Cost": 1183.66, "Plan Rows": 6081, "Plan Width": 4, "Actual Startup Time": 0.534, "Actual Total Time": 6.124, "Actual Rows": 6194, "Actual Loops": 1, "Output": ["p.id", "p.posttypeid", "p.creationdate", "p.score", "p.viewcount", "p.owneruserid", "p.answercount", "p.commentcount", "p.favoritecount", "p.lasteditoruserid"], "Filter": "((p.favoritecount >= 0) AND (p.favoritecount <= 4) AND (p.creationdate >= '2010-07-29 18:46:47'::timestamp without time zone) AND (p.creationdate <= '2014-09-01 03:33:04'::timestamp without time zone))", "Rows Removed by Filter": 34989}, {"Node Type": "Index Only Scan", "Parent Relationship": "Inner", "Parallel Aware": false, "Scan Direction": "Forward", "Index Name": "idx_badges_userid", "Relation Name": "badges", "Schema": "public", "Alias": "b", "Startup Cost": 0.29, "Total Cost": 0.38, "Plan Rows": 3, "Plan Width": 4, "Actual Startup Time": 0.001, "Actual Total Time": 0.002, "Actual Rows": 11, "Actual Loops": 6194, "Output": ["b.userid"], "Index Cond": "(b.userid = p.owneruserid)", "Rows Removed by Index Recheck": 0, "Heap Fetches": 0}]}, {"Node Type": "Hash", "Parent Relationship": "Inner", "Parallel Aware": false, "Startup Cost": 3617.7, "Total Cost": 3617.7, "Plan Rows": 32867, "Plan Width": 8, "Actual Startup Time": 38.566, "Actual Total Time": 38.57, "Actual Rows": 13045, "Actual Loops": 1, "Output": ["ph.userid", "u.id"], "Hash Buckets": 65536, "Original Hash Buckets": 65536, "Hash Batches": 1, "Original Hash Batches": 1, "Peak Memory Usage": 1022, "Plans": [{"Node Type": "Hash Join", "Parent Relationship": "Outer", "Parallel Aware": false, "Join Type": "Inner", "Startup Cost": 616.69, "Total Cost": 3617.7, "Plan Rows": 32867, "Plan Width": 8, "Actual Startup Time": 11.316, "Actual Total Time": 36.008, "Actual Rows": 13045, "Actual Loops": 1, "Output": ["ph.userid", "u.id"], "Inner Unique": true, "Hash Cond": "(ph.userid = u.id)", "Plans": [{"Node Type": "Seq Scan", "Parent Relationship": "Outer", "Parallel Aware": false, "Relation Name": "posthistory", "Schema": "public", "Alias": "ph", "Startup Cost": 0.0, "Total Cost": 2897.91, "Plan Rows": 39270, "Plan Width": 4, "Actual Startup Time": 1.579, "Actual Total Time": 19.682, "Actual Rows": 38956, "Actual Loops": 1, "Output": ["ph.id", "ph.posthistorytypeid", "ph.postid", "ph.creationdate", "ph.userid"], "Filter": "((ph.creationdate >= '2010-09-03 13:50:51'::timestamp without time zone) AND (ph.posthistorytypeid = 2))", "Rows Removed by Filter": 91038}, {"Node Type": "Hash", "Parent Relationship": "Inner", "Parallel Aware": false, "Startup Cost": 446.04, "Total Cost": 446.04, "Plan Rows": 13652, "Plan Width": 4, "Actual Startup Time": 9.571, "Actual Total Time": 9.571, "Actual Rows": 14038, "Actual Loops": 1, "Output": ["u.id"], "Hash Buckets": 16384, "Original Hash Buckets": 16384, "Hash Batches": 1, "Original Hash Batches": 1, "Peak Memory Usage": 622, "Plans": [{"Node Type": "Seq Scan", "Parent Relationship": "Outer", "Parallel Aware": false, "Relation Name": "users", "Schema": "public", "Alias": "u", "Startup Cost": 0.0, "Total Cost": 446.04, "Plan Rows": 13652, "Plan Width": 4, "Actual Startup Time": 0.025, "Actual Total Time": 5.826, "Actual Rows": 14038, "Actual Loops": 1, "Output": ["u.id"], "Filter": "((u.reputation <= 680) AND (u.views >= 0) AND (u.views <= 34) AND (u.upvotes <= 613) AND (u.creationdate <= '2014-09-03 17:57:23'::timestamp without time zone))", "Rows Removed by Filter": 897}]}]}]}]}]}, "Planning Time": 2.385, "Triggers": [], "Execution Time": 70.643}]
[{"Plan": {"Node Type": "Aggregate", "Strategy": "Plain", "Partial Mode": "Simple", "Parallel Aware": false, "Startup Cost": 18015.84, "Total Cost": 18015.85, "Plan Rows": 1, "Plan Width": 8, "Actual Startup Time": 652.231, "Actual Total Time": 652.244, "Actual Rows": 1, "Actual Loops": 1, "Output": ["count(*)"], "Plans": [{"Node Type": "Hash Join", "Parent Relationship": "Outer", "Parallel Aware": false, "Join Type": "Inner", "Startup Cost": 8525.08, "Total Cost": 17280.93, "Plan Rows": 293961, "Plan Width": 0, "Actual Startup Time": 125.591, "Actual Total Time": 506.589, "Actual Rows": 3721831, "Actual Loops": 1, "Inner Unique": false, "Hash Cond": "(p.owneruserid = u.id)", "Plans": [{"Node Type": "Hash Join", "Parent Relationship": "Outer", "Parallel Aware": false, "Join Type": "Inner", "Startup Cost": 6928.73, "Total Cost": 12616.11, "Plan Rows": 122210, "Plan Width": 4, "Actual Startup Time": 103.664, "Actual Total Time": 196.613, "Actual Rows": 667377, "Actual Loops": 1, "Output": ["p.owneruserid"], "Inner Unique": false, "Hash Cond": "(v.postid = p.id)", "Plans": [{"Node Type": "Seq Scan", "Parent Relationship": "Outer", "Parallel Aware": false, "Relation Name": "votes", "Schema": "public", "Alias": "v", "Startup Cost": 0.0, "Total Cost": 3117.91, "Plan Rows": 134737, "Plan Width": 4, "Actual Startup Time": 0.016, "Actual Total Time": 20.664, "Actual Rows": 134683, "Actual Loops": 1, "Output": ["v.id", "v.postid", "v.votetypeid", "v.creationdate", "v.userid", "v.bountyamount"], "Filter": "(v.votetypeid = 2)", "Rows Removed by Filter": 29550}, {"Node Type": "Hash", "Parent Relationship": "Inner", "Parallel Aware": false, "Startup Cost": 6461.81, "Total Cost": 6461.81, "Plan Rows": 37354, "Plan Width": 16, "Actual Startup Time": 103.454, "Actual Total Time": 103.46, "Actual Rows": 196024, "Actual Loops": 1, "Output": ["c.postid", "p.owneruserid", "p.id", "ph.postid"], "Hash Buckets": 262144, "Original Hash Buckets": 65536, "Hash Batches": 1, "Original Hash Batches": 1, "Peak Memory Usage": 11214, "Plans": [{"Node Type": "Hash Join", "Parent Relationship": "Outer", "Parallel Aware": false, "Join Type": "Inner", "Startup Cost": 3190.36, "Total Cost": 6461.81, "Plan Rows": 37354, "Plan Width": 16, "Actual Startup Time": 32.687, "Actual Total Time": 77.94, "Actual Rows": 196024, "Actual Loops": 1, "Output": ["c.postid", "p.owneruserid", "p.id", "ph.postid"], "Inner Unique": false, "Hash Cond": "(ph.postid = p.id)", "Plans": [{"Node Type": "Seq Scan", "Parent Relationship": "Outer", "Parallel Aware": false, "Relation Name": "posthistory", "Schema": "public", "Alias": "ph", "Startup Cost": 0.0, "Total Cost": 2247.94, "Plan Rows": 129994, "Plan Width": 4, "Actual Startup Time": 0.009, "Actual Total Time": 8.378, "Actual Rows": 129994, "Actual Loops": 1, "Output": ["ph.id", "ph.posthistorytypeid", "ph.postid", "ph.creationdate", "ph.userid"]}, {"Node Type": "Hash", "Parent Relationship": "Inner", "Parallel Aware": false, "Startup Cost": 3042.43, "Total Cost": 3042.43, "Plan Rows": 11834, "Plan Width": 12, "Actual Startup Time": 32.615, "Actual Total Time": 32.619, "Actual Rows": 33613, "Actual Loops": 1, "Output": ["c.postid", "p.owneruserid", "p.id"], "Hash Buckets": 65536, "Original Hash Buckets": 16384, "Hash Batches": 1, "Original Hash Batches": 1, "Peak Memory Usage": 1953, "Plans": [{"Node Type": "Hash Join", "Parent Relationship": "Outer", "Parallel Aware": false, "Join Type": "Inner", "Startup Cost": 1261.2, "Total Cost": 3042.43, "Plan Rows": 11834, "Plan Width": 12, "Actual Startup Time": 8.15, "Actual Total Time": 27.709, "Actual Rows": 33613, "Actual Loops": 1, "Output": ["c.postid", "p.owneruserid", "p.id"], "Inner Unique": true, "Hash Cond": "(c.postid = p.id)", "Plans": [{"Node Type": "Seq Scan", "Parent Relationship": "Outer", "Parallel Aware": false, "Relation Name": "comments", "Schema": "public", "Alias": "c", "Startup Cost": 0.0, "Total Cost": 1574.96, "Plan Rows": 78571, "Plan Width": 4, "Actual Startup Time": 0.047, "Actual Total Time": 10.414, "Actual Rows": 78919, "Actual Loops": 1, "Output": ["c.id", "c.postid", "c.score", "c.creationdate", "c.userid"], "Filter": "(c.creationdate >= '2010-07-25 09:15:25'::timestamp without time zone)", "Rows Removed by Filter": 438}, {"Node Type": "Hash", "Parent Relationship": "Inner", "Parallel Aware": false, "Startup Cost": 1183.66, "Total Cost": 1183.66, "Plan Rows": 6203, "Plan Width": 8, "Actual Startup Time": 8.069, "Actual Total Time": 8.07, "Actual Rows": 15603, "Actual Loops": 1, "Output": ["p.owneruserid", "p.id"], "Hash Buckets": 16384, "Original Hash Buckets": 8192, "Hash Batches": 1, "Original Hash Batches": 1, "Peak Memory Usage": 736, "Plans": [{"Node Type": "Seq Scan", "Parent Relationship": "Outer", "Parallel Aware": false, "Relation Name": "posts", "Schema": "public", "Alias": "p", "Startup Cost": 0.0, "Total Cost": 1183.66, "Plan Rows": 6203, "Plan Width": 8, "Actual Startup Time": 0.011, "Actual Total Time": 6.265, "Actual Rows": 15603, "Actual Loops": 1, "Output": ["p.owneruserid", "p.id"], "Filter": "((p.viewcount <= 4414) AND (p.answercount <= 8) AND (p.commentcount >= 0) AND (p.commentcount <= 14))", "Rows Removed by Filter": 25580}]}]}]}]}]}]}, {"Node Type": "Hash", "Parent Relationship": "Inner", "Parallel Aware": false, "Startup Cost": 1211.24, "Total Cost": 1211.24, "Plan Rows": 30809, "Plan Width": 8, "Actual Startup Time": 20.07, "Actual Total Time": 20.073, "Actual Rows": 25125, "Actual Loops": 1, "Output": ["b.userid", "u.id"], "Hash Buckets": 32768, "Original Hash Buckets": 32768, "Hash Batches": 1, "Original Hash Batches": 1, "Peak Memory Usage": 1238, "Plans": [{"Node Type": "Hash Join", "Parent Relationship": "Outer", "Parallel Aware": false, "Join Type": "Inner", "Startup Cost": 622.34, "Total Cost": 1211.24, "Plan Rows": 30809, "Plan Width": 8, "Actual Startup Time": 7.129, "Actual Total Time": 16.461, "Actual Rows": 25125, "Actual Loops": 1, "Output": ["b.userid", "u.id"], "Inner Unique": true, "Hash Cond": "(b.userid = u.id)", "Plans": [{"Node Type": "Seq Scan", "Parent Relationship": "Outer", "Parallel Aware": false, "Relation Name": "badges", "Schema": "public", "Alias": "b", "Startup Cost": 0.0, "Total Cost": 503.24, "Plan Rows": 32624, "Plan Width": 4, "Actual Startup Time": 0.013, "Actual Total Time": 2.768, "Actual Rows": 32624, "Actual Loops": 1, "Output": ["b.id", "b.userid", "b.date"]}, {"Node Type": "Hash", "Parent Relationship": "Inner", "Parallel Aware": false, "Startup Cost": 446.04, "Total Cost": 446.04, "Plan Rows": 14104, "Plan Width": 4, "Actual Startup Time": 6.609, "Actual Total Time": 6.61, "Actual Rows": 14147, "Actual Loops": 1, "Output": ["u.id"], "Hash Buckets": 16384, "Original Hash Buckets": 16384, "Hash Batches": 1, "Original Hash Batches": 1, "Peak Memory Usage": 626, "Plans": [{"Node Type": "Seq Scan", "Parent Relationship": "Outer", "Parallel Aware": false, "Relation Name": "users", "Schema": "public", "Alias": "u", "Startup Cost": 0.0, "Total Cost": 446.04, "Plan Rows": 14104, "Plan Width": 4, "Actual Startup Time": 0.154, "Actual Total Time": 4.187, "Actual Rows": 14147, "Actual Loops": 1, "Output": ["u.id"], "Filter": "((u.reputation >= 1) AND (u.reputation <= 8009) AND (u.downvotes <= 11) AND (u.creationdate >= '2010-08-18 08:13:36'::timestamp without time zone) AND (u.creationdate <= '2014-08-11 17:05:53'::timestamp without time zone))", "Rows Removed by Filter": 788}]}]}]}]}]}, "Planning Time": 6.647, "Triggers": [], "Execution Time": 652.717}]#####[{"Plan": {"Node Type": "Aggregate", "Strategy": "Plain", "Partial Mode": "Simple", "Parallel Aware": false, "Startup Cost": 21454.79, "Total Cost": 21454.8, "Plan Rows": 1, "Plan Width": 8, "Actual Startup Time": 1170.323, "Actual Total Time": 1170.334, "Actual Rows": 1, "Actual Loops": 1, "Output": ["count(*)"], "Plans": [{"Node Type": "Hash Join", "Parent Relationship": "Outer", "Parallel Aware": false, "Join Type": "Inner", "Startup Cost": 13234.47, "Total Cost": 14105.77, "Plan Rows": 2939610, "Plan Width": 0, "Actual Startup Time": 489.504, "Actual Total Time": 971.281, "Actual Rows": 3721831, "Actual Loops": 1, "Inner Unique": false, "Hash Cond": "(b.userid = u.id)", "Plans": [{"Node Type": "Seq Scan", "Parent Relationship": "Outer", "Parallel Aware": false, "Relation Name": "badges", "Schema": "public", "Alias": "b", "Startup Cost": 0.0, "Total Cost": 503.24, "Plan Rows": 32624, "Plan Width": 4, "Actual Startup Time": 0.013, "Actual Total Time": 4.068, "Actual Rows": 32624, "Actual Loops": 1, "Output": ["b.id", "b.userid", "b.date"]}, {"Node Type": "Hash", "Parent Relationship": "Inner", "Parallel Aware": false, "Startup Cost": 13093.85, "Total Cost": 13093.85, "Plan Rows": 11249, "Plan Width": 8, "Actual Startup Time": 488.951, "Actual Total Time": 488.959, "Actual Rows": 511610, "Actual Loops": 1, "Output": ["p.owneruserid", "u.id"], "Hash Buckets": 524288, "Original Hash Buckets": 16384, "Hash Batches": 1, "Original Hash Batches": 1, "Peak Memory Usage": 24081, "Plans": [{"Node Type": "Hash Join", "Parent Relationship": "Outer", "Parallel Aware": false, "Join Type": "Inner", "Startup Cost": 7503.61, "Total Cost": 13093.85, "Plan Rows": 11249, "Plan Width": 8, "Actual Startup Time": 215.016, "Actual Total Time": 378.355, "Actual Rows": 511610, "Actual Loops": 1, "Output": ["p.owneruserid", "u.id"], "Inner Unique": false, "Hash Cond": "(v.postid = p.id)", "Plans": [{"Node Type": "Seq Scan", "Parent Relationship": "Outer", "Parallel Aware": false, "Relation Name": "votes", "Schema": "public", "Alias": "v", "Startup Cost": 0.0, "Total Cost": 3117.91, "Plan Rows": 134737, "Plan Width": 4, "Actual Startup Time": 0.015, "Actual Total Time": 45.996, "Actual Rows": 134683, "Actual Loops": 1, "Output": ["v.id", "v.postid", "v.votetypeid", "v.creationdate", "v.userid", "v.bountyamount"], "Filter": "(v.votetypeid = 2)", "Rows Removed by Filter": 29550}, {"Node Type": "Hash", "Parent Relationship": "Inner", "Parallel Aware": false, "Startup Cost": 7073.8, "Total Cost": 7073.8, "Plan Rows": 34385, "Plan Width": 20, "Actual Startup Time": 213.226, "Actual Total Time": 213.234, "Actual Rows": 166972, "Actual Loops": 1, "Output": ["c.postid", "p.owneruserid", "p.id", "ph.postid", "u.id"], "Hash Buckets": 262144, "Original Hash Buckets": 65536, "Hash Batches": 1, "Original Hash Batches": 1, "Peak Memory Usage": 10528, "Plans": [{"Node Type": "Hash Join", "Parent Relationship": "Outer", "Parallel Aware": false, "Join Type": "Inner", "Startup Cost": 3832.02, "Total Cost": 7073.8, "Plan Rows": 34385, "Plan Width": 20, "Actual Startup Time": 72.813, "Actual Total Time": 166.355, "Actual Rows": 166972, "Actual Loops": 1, "Output": ["c.postid", "p.owneruserid", "p.id", "ph.postid", "u.id"], "Inner Unique": false, "Hash Cond": "(ph.postid = p.id)", "Plans": [{"Node Type": "Seq Scan", "Parent Relationship": "Outer", "Parallel Aware": false, "Relation Name": "posthistory", "Schema": "public", "Alias": "ph", "Startup Cost": 0.0, "Total Cost": 2247.94, "Plan Rows": 129994, "Plan Width": 4, "Actual Startup Time": 0.011, "Actual Total Time": 22.198, "Actual Rows": 129994, "Actual Loops": 1, "Output": ["ph.id", "ph.posthistorytypeid", "ph.postid", "ph.creationdate", "ph.userid"]}, {"Node Type": "Hash", "Parent Relationship": "Inner", "Parallel Aware": false, "Startup Cost": 3695.84, "Total Cost": 3695.84, "Plan Rows": 10894, "Plan Width": 16, "Actual Startup Time": 71.584, "Actual Total Time": 71.589, "Actual Rows": 28573, "Actual Loops": 1, "Output": ["c.postid", "p.owneruserid", "p.id", "u.id"], "Hash Buckets": 32768, "Original Hash Buckets": 16384, "Hash Batches": 1, "Original Hash Batches": 1, "Peak Memory Usage": 1596, "Plans": [{"Node Type": "Hash Join", "Parent Relationship": "Outer", "Parallel Aware": false, "Join Type": "Inner", "Startup Cost": 1883.53, "Total Cost": 3695.84, "Plan Rows": 10894, "Plan Width": 16, "Actual Startup Time": 20.55, "Actual Total Time": 64.372, "Actual Rows": 28573, "Actual Loops": 1, "Output": ["c.postid", "p.owneruserid", "p.id", "u.id"], "Inner Unique": true, "Hash Cond": "(p.owneruserid = u.id)", "Plans": [{"Node Type": "Hash Join", "Parent Relationship": "Outer", "Parallel Aware": false, "Join Type": "Inner", "Startup Cost": 1261.2, "Total Cost": 3042.43, "Plan Rows": 11834, "Plan Width": 12, "Actual Startup Time": 13.258, "Actual Total Time": 48.959, "Actual Rows": 33613, "Actual Loops": 1, "Output": ["c.postid", "p.owneruserid", "p.id"], "Inner Unique": true, "Hash Cond": "(c.postid = p.id)", "Plans": [{"Node Type": "Seq Scan", "Parent Relationship": "Outer", "Parallel Aware": false, "Relation Name": "comments", "Schema": "public", "Alias": "c", "Startup Cost": 0.0, "Total Cost": 1574.96, "Plan Rows": 78571, "Plan Width": 4, "Actual Startup Time": 0.075, "Actual Total Time": 18.92, "Actual Rows": 78919, "Actual Loops": 1, "Output": ["c.id", "c.postid", "c.score", "c.creationdate", "c.userid"], "Filter": "(c.creationdate >= '2010-07-25 09:15:25'::timestamp without time zone)", "Rows Removed by Filter": 438}, {"Node Type": "Hash", "Parent Relationship": "Inner", "Parallel Aware": false, "Startup Cost": 1183.66, "Total Cost": 1183.66, "Plan Rows": 6203, "Plan Width": 8, "Actual Startup Time": 13.13, "Actual Total Time": 13.131, "Actual Rows": 15603, "Actual Loops": 1, "Output": ["p.owneruserid", "p.id"], "Hash Buckets": 16384, "Original Hash Buckets": 8192, "Hash Batches": 1, "Original Hash Batches": 1, "Peak Memory Usage": 736, "Plans": [{"Node Type": "Seq Scan", "Parent Relationship": "Outer", "Parallel Aware": false, "Relation Name": "posts", "Schema": "public", "Alias": "p", "Startup Cost": 0.0, "Total Cost": 1183.66, "Plan Rows": 6203, "Plan Width": 8, "Actual Startup Time": 0.015, "Actual Total Time": 9.986, "Actual Rows": 15603, "Actual Loops": 1, "Output": ["p.owneruserid", "p.id"], "Filter": "((p.viewcount <= 4414) AND (p.answercount <= 8) AND (p.commentcount >= 0) AND (p.commentcount <= 14))", "Rows Removed by Filter": 25580}]}]}, {"Node Type": "Hash", "Parent Relationship": "Inner", "Parallel Aware": false, "Startup Cost": 446.04, "Total Cost": 446.04, "Plan Rows": 14104, "Plan Width": 4, "Actual Startup Time": 6.697, "Actual Total Time": 6.698, "Actual Rows": 14147, "Actual Loops": 1, "Output": ["u.id"], "Hash Buckets": 16384, "Original Hash Buckets": 16384, "Hash Batches": 1, "Original Hash Batches": 1, "Peak Memory Usage": 626, "Plans": [{"Node Type": "Seq Scan", "Parent Relationship": "Outer", "Parallel Aware": false, "Relation Name": "users", "Schema": "public", "Alias": "u", "Startup Cost": 0.0, "Total Cost": 446.04, "Plan Rows": 14104, "Plan Width": 4, "Actual Startup Time": 0.142, "Actual Total Time": 4.156, "Actual Rows": 14147, "Actual Loops": 1, "Output": ["u.id"], "Filter": "((u.reputation >= 1) AND (u.reputation <= 8009) AND (u.downvotes <= 11) AND (u.creationdate >= '2010-08-18 08:13:36'::timestamp without time zone) AND (u.creationdate <= '2014-08-11 17:05:53'::timestamp without time zone))", "Rows Removed by Filter": 788}]}]}]}]}]}]}]}]}]}, "Planning Time": 4.651, "Triggers": [], "Execution Time": 1171.071}]#####[{"Plan": {"Node Type": "Aggregate", "Strategy": "Plain", "Partial Mode": "Simple", "Parallel Aware": false, "Startup Cost": 20374.52, "Total Cost": 20374.53, "Plan Rows": 1, "Plan Width": 8, "Actual Startup Time": 941.432, "Actual Total Time": 941.446, "Actual Rows": 1, "Actual Loops": 1, "Output": ["count(*)"], "Plans": [{"Node Type": "Hash Join", "Parent Relationship": "Outer", "Parallel Aware": false, "Join Type": "Inner", "Startup Cost": 9108.36, "Total Cost": 13025.5, "Plan Rows": 2939610, "Plan Width": 0, "Actual Startup Time": 502.415, "Actual Total Time": 792.536, "Actual Rows": 3721831, "Actual Loops": 1, "Inner Unique": false, "Hash Cond": "(v.postid = p.id)", "Plans": [{"Node Type": "Seq Scan", "Parent Relationship": "Outer", "Parallel Aware": false, "Relation Name": "votes", "Schema": "public", "Alias": "v", "Startup Cost": 0.0, "Total Cost": 3117.91, "Plan Rows": 134737, "Plan Width": 4, "Actual Startup Time": 0.022, "Actual Total Time": 19.812, "Actual Rows": 134683, "Actual Loops": 1, "Output": ["v.id", "v.postid", "v.votetypeid", "v.creationdate", "v.userid", "v.bountyamount"], "Filter": "(v.votetypeid = 2)", "Rows Removed by Filter": 29550}, {"Node Type": "Hash", "Parent Relationship": "Inner", "Parallel Aware": false, "Startup Cost": 8996.05, "Total Cost": 8996.05, "Plan Rows": 8985, "Plan Width": 12, "Actual Startup Time": 501.357, "Actual Total Time": 501.367, "Actual Rows": 991754, "Actual Loops": 1, "Output": ["c.postid", "p.id", "ph.postid"], "Hash Buckets": 1048576, "Original Hash Buckets": 16384, "Hash Batches": 1, "Original Hash Batches": 1, "Peak Memory Usage": 50807, "Plans": [{"Node Type": "Hash Join", "Parent Relationship": "Outer", "Parallel Aware": false, "Join Type": "Inner", "Startup Cost": 4786.71, "Total Cost": 8996.05, "Plan Rows": 8985, "Plan Width": 12, "Actual Startup Time": 54.18, "Actual Total Time": 310.898, "Actual Rows": 991754, "Actual Loops": 1, "Output": ["c.postid", "p.id", "ph.postid"], "Inner Unique": false, "Hash Cond": "(p.owneruserid = u.id)", "Plans": [{"Node Type": "Hash Join", "Parent Relationship": "Outer", "Parallel Aware": false, "Join Type": "Inner", "Startup Cost": 3190.36, "Total Cost": 6461.81, "Plan Rows": 37354, "Plan Width": 16, "Actual Startup Time": 32.427, "Actual Total Time": 141.342, "Actual Rows": 196024, "Actual Loops": 1, "Output": ["c.postid", "p.owneruserid", "p.id", "ph.postid"], "Inner Unique": false, "Hash Cond": "(ph.postid = p.id)", "Plans": [{"Node Type": "Seq Scan", "Parent Relationship": "Outer", "Parallel Aware": false, "Relation Name": "posthistory", "Schema": "public", "Alias": "ph", "Startup Cost": 0.0, "Total Cost": 2247.94, "Plan Rows": 129994, "Plan Width": 4, "Actual Startup Time": 0.013, "Actual Total Time": 25.214, "Actual Rows": 129994, "Actual Loops": 1, "Output": ["ph.id", "ph.posthistorytypeid", "ph.postid", "ph.creationdate", "ph.userid"]}, {"Node Type": "Hash", "Parent Relationship": "Inner", "Parallel Aware": false, "Startup Cost": 3042.43, "Total Cost": 3042.43, "Plan Rows": 11834, "Plan Width": 12, "Actual Startup Time": 32.343, "Actual Total Time": 32.348, "Actual Rows": 33613, "Actual Loops": 1, "Output": ["c.postid", "p.owneruserid", "p.id"], "Hash Buckets": 65536, "Original Hash Buckets": 16384, "Hash Batches": 1, "Original Hash Batches": 1, "Peak Memory Usage": 1953, "Plans": [{"Node Type": "Hash Join", "Parent Relationship": "Outer", "Parallel Aware": false, "Join Type": "Inner", "Startup Cost": 1261.2, "Total Cost": 3042.43, "Plan Rows": 11834, "Plan Width": 12, "Actual Startup Time": 8.125, "Actual Total Time": 27.506, "Actual Rows": 33613, "Actual Loops": 1, "Output": ["c.postid", "p.owneruserid", "p.id"], "Inner Unique": true, "Hash Cond": "(c.postid = p.id)", "Plans": [{"Node Type": "Seq Scan", "Parent Relationship": "Outer", "Parallel Aware": false, "Relation Name": "comments", "Schema": "public", "Alias": "c", "Startup Cost": 0.0, "Total Cost": 1574.96, "Plan Rows": 78571, "Plan Width": 4, "Actual Startup Time": 0.048, "Actual Total Time": 10.258, "Actual Rows": 78919, "Actual Loops": 1, "Output": ["c.id", "c.postid", "c.score", "c.creationdate", "c.userid"], "Filter": "(c.creationdate >= '2010-07-25 09:15:25'::timestamp without time zone)", "Rows Removed by Filter": 438}, {"Node Type": "Hash", "Parent Relationship": "Inner", "Parallel Aware": false, "Startup Cost": 1183.66, "Total Cost": 1183.66, "Plan Rows": 6203, "Plan Width": 8, "Actual Startup Time": 8.04, "Actual Total Time": 8.041, "Actual Rows": 15603, "Actual Loops": 1, "Output": ["p.owneruserid", "p.id"], "Hash Buckets": 16384, "Original Hash Buckets": 8192, "Hash Batches": 1, "Original Hash Batches": 1, "Peak Memory Usage": 736, "Plans": [{"Node Type": "Seq Scan", "Parent Relationship": "Outer", "Parallel Aware": false, "Relation Name": "posts", "Schema": "public", "Alias": "p", "Startup Cost": 0.0, "Total Cost": 1183.66, "Plan Rows": 6203, "Plan Width": 8, "Actual Startup Time": 0.011, "Actual Total Time": 6.212, "Actual Rows": 15603, "Actual Loops": 1, "Output": ["p.owneruserid", "p.id"], "Filter": "((p.viewcount <= 4414) AND (p.answercount <= 8) AND (p.commentcount >= 0) AND (p.commentcount <= 14))", "Rows Removed by Filter": 25580}]}]}]}]}, {"Node Type": "Hash", "Parent Relationship": "Inner", "Parallel Aware": false, "Startup Cost": 1211.24, "Total Cost": 1211.24, "Plan Rows": 30809, "Plan Width": 8, "Actual Startup Time": 20.585, "Actual Total Time": 20.588, "Actual Rows": 25125, "Actual Loops": 1, "Output": ["b.userid", "u.id"], "Hash Buckets": 32768, "Original Hash Buckets": 32768, "Hash Batches": 1, "Original Hash Batches": 1, "Peak Memory Usage": 1238, "Plans": [{"Node Type": "Hash Join", "Parent Relationship": "Outer", "Parallel Aware": false, "Join Type": "Inner", "Startup Cost": 622.34, "Total Cost": 1211.24, "Plan Rows": 30809, "Plan Width": 8, "Actual Startup Time": 7.122, "Actual Total Time": 16.816, "Actual Rows": 25125, "Actual Loops": 1, "Output": ["b.userid", "u.id"], "Inner Unique": true, "Hash Cond": "(b.userid = u.id)", "Plans": [{"Node Type": "Seq Scan", "Parent Relationship": "Outer", "Parallel Aware": false, "Relation Name": "badges", "Schema": "public", "Alias": "b", "Startup Cost": 0.0, "Total Cost": 503.24, "Plan Rows": 32624, "Plan Width": 4, "Actual Startup Time": 0.016, "Actual Total Time": 2.885, "Actual Rows": 32624, "Actual Loops": 1, "Output": ["b.id", "b.userid", "b.date"]}, {"Node Type": "Hash", "Parent Relationship": "Inner", "Parallel Aware": false, "Startup Cost": 446.04, "Total Cost": 446.04, "Plan Rows": 14104, "Plan Width": 4, "Actual Startup Time": 6.603, "Actual Total Time": 6.604, "Actual Rows": 14147, "Actual Loops": 1, "Output": ["u.id"], "Hash Buckets": 16384, "Original Hash Buckets": 16384, "Hash Batches": 1, "Original Hash Batches": 1, "Peak Memory Usage": 626, "Plans": [{"Node Type": "Seq Scan", "Parent Relationship": "Outer", "Parallel Aware": false, "Relation Name": "users", "Schema": "public", "Alias": "u", "Startup Cost": 0.0, "Total Cost": 446.04, "Plan Rows": 14104, "Plan Width": 4, "Actual Startup Time": 0.15, "Actual Total Time": 4.158, "Actual Rows": 14147, "Actual Loops": 1, "Output": ["u.id"], "Filter": "((u.reputation >= 1) AND (u.reputation <= 8009) AND (u.downvotes <= 11) AND (u.creationdate >= '2010-08-18 08:13:36'::timestamp without time zone) AND (u.creationdate <= '2014-08-11 17:05:53'::timestamp without time zone))", "Rows Removed by Filter": 788}]}]}]}]}]}]}]}, "Planning Time": 7.782, "Triggers": [], "Execution Time": 942.455}]
[{"Plan": {"Node Type": "Aggregate", "Strategy": "Plain", "Partial Mode": "Simple", "Parallel Aware": false, "Startup Cost": 4163.48, "Total Cost": 4163.49, "Plan Rows": 1, "Plan Width": 8, "Actual Startup Time": 34.529, "Actual Total Time": 34.538, "Actual Rows": 1, "Actual Loops": 1, "Output": ["count(*)"], "Plans": [{"Node Type": "Hash Join", "Parent Relationship": "Outer", "Parallel Aware": false, "Join Type": "Inner", "Startup Cost": 1690.15, "Total Cost": 3984.96, "Plan Rows": 71406, "Plan Width": 0, "Actual Startup Time": 18.465, "Actual Total Time": 34.281, "Actual Rows": 5280, "Actual Loops": 1, "Inner Unique": false, "Hash Cond": "(c.userid = u.id)", "Plans": [{"Node Type": "Seq Scan", "Parent Relationship": "Outer", "Parallel Aware": false, "Relation Name": "comments", "Schema": "public", "Alias": "c", "Startup Cost": 0.0, "Total Cost": 1971.75, "Plan Rows": 59990, "Plan Width": 4, "Actual Startup Time": 0.027, "Actual Total Time": 11.164, "Actual Rows": 60205, "Actual Loops": 1, "Output": ["c.id", "c.postid", "c.score", "c.creationdate", "c.userid"], "Filter": "((c.creationdate >= '2009-02-02 14:51:49'::timestamp without time zone) AND (c.creationdate <= '2014-09-08 16:59:10'::timestamp without time zone) AND (c.score = 0))", "Rows Removed by Filter": 19152}, {"Node Type": "Hash", "Parent Relationship": "Inner", "Parallel Aware": false, "Startup Cost": 1658.8, "Total Cost": 1658.8, "Plan Rows": 2508, "Plan Width": 8, "Actual Startup Time": 18.244, "Actual Total Time": 18.25, "Actual Rows": 1965, "Actual Loops": 1, "Output": ["p.owneruserid", "u.id"], "Hash Buckets": 4096, "Original Hash Buckets": 4096, "Hash Batches": 1, "Original Hash Batches": 1, "Peak Memory Usage": 109, "Plans": [{"Node Type": "Hash Join", "Parent Relationship": "Outer", "Parallel Aware": false, "Join Type": "Inner", "Startup Cost": 467.77, "Total Cost": 1658.8, "Plan Rows": 2508, "Plan Width": 8, "Actual Startup Time": 8.414, "Actual Total Time": 17.829, "Actual Rows": 1965, "Actual Loops": 1, "Output": ["p.owneruserid", "u.id"], "Inner Unique": true, "Hash Cond": "(p.owneruserid = u.id)", "Plans": [{"Node Type": "Seq Scan", "Parent Relationship": "Outer", "Parallel Aware": false, "Relation Name": "posts", "Schema": "public", "Alias": "p", "Startup Cost": 0.0, "Total Cost": 1183.66, "Plan Rows": 2807, "Plan Width": 4, "Actual Startup Time": 0.399, "Actual Total Time": 8.95, "Actual Rows": 2950, "Actual Loops": 1, "Output": ["p.id", "p.posttypeid", "p.creationdate", "p.score", "p.viewcount", "p.owneruserid", "p.answercount", "p.commentcount", "p.favoritecount", "p.lasteditoruserid"], "Filter": "((p.commentcount <= 14) AND (p.creationdate >= '2010-08-04 08:20:54'::timestamp without time zone) AND (p.creationdate <= '2014-09-03 18:18:02'::timestamp without time zone) AND (p.answercount = 0))", "Rows Removed by Filter": 38233}, {"Node Type": "Hash", "Parent Relationship": "Inner", "Parallel Aware": false, "Startup Cost": 296.69, "Total Cost": 296.69, "Plan Rows": 13687, "Plan Width": 4, "Actual Startup Time": 7.884, "Actual Total Time": 7.885, "Actual Rows": 13687, "Actual Loops": 1, "Output": ["u.id"], "Hash Buckets": 16384, "Original Hash Buckets": 16384, "Hash Batches": 1, "Original Hash Batches": 1, "Peak Memory Usage": 610, "Plans": [{"Node Type": "Seq Scan", "Parent Relationship": "Outer", "Parallel Aware": false, "Relation Name": "users", "Schema": "public", "Alias": "u", "Startup Cost": 0.0, "Total Cost": 296.69, "Plan Rows": 13687, "Plan Width": 4, "Actual Startup Time": 0.02, "Actual Total Time": 4.523, "Actual Rows": 13687, "Actual Loops": 1, "Output": ["u.id"], "Filter": "(u.views <= 23)", "Rows Removed by Filter": 1248}]}]}]}]}]}, "Planning Time": 2.976, "Triggers": [], "Execution Time": 34.703}]#####[{"Plan": {"Node Type": "Aggregate", "Strategy": "Plain", "Partial Mode": "Simple", "Parallel Aware": false, "Startup Cost": 3719.57, "Total Cost": 3719.58, "Plan Rows": 1, "Plan Width": 8, "Actual Startup Time": 18.64, "Actual Total Time": 18.646, "Actual Rows": 1, "Actual Loops": 1, "Output": ["count(*)"], "Plans": [{"Node Type": "Nested Loop", "Parent Relationship": "Outer", "Parallel Aware": false, "Join Type": "Inner", "Startup Cost": 468.07, "Total Cost": 1934.41, "Plan Rows": 714064, "Plan Width": 0, "Actual Startup Time": 4.956, "Actual Total Time": 18.357, "Actual Rows": 5280, "Actual Loops": 1, "Inner Unique": false, "Plans": [{"Node Type": "Hash Join", "Parent Relationship": "Outer", "Parallel Aware": false, "Join Type": "Inner", "Startup Cost": 467.77, "Total Cost": 1658.8, "Plan Rows": 250, "Plan Width": 8, "Actual Startup Time": 4.71, "Actual Total Time": 11.2, "Actual Rows": 1965, "Actual Loops": 1, "Output": ["p.owneruserid", "u.id"], "Inner Unique": true, "Hash Cond": "(p.owneruserid = u.id)", "Plans": [{"Node Type": "Seq Scan", "Parent Relationship": "Outer", "Parallel Aware": false, "Relation Name": "posts", "Schema": "public", "Alias": "p", "Startup Cost": 0.0, "Total Cost": 1183.66, "Plan Rows": 2807, "Plan Width": 4, "Actual Startup Time": 0.227, "Actual Total Time": 5.944, "Actual Rows": 2950, "Actual Loops": 1, "Output": ["p.id", "p.posttypeid", "p.creationdate", "p.score", "p.viewcount", "p.owneruserid", "p.answercount", "p.commentcount", "p.favoritecount", "p.lasteditoruserid"], "Filter": "((p.commentcount <= 14) AND (p.creationdate >= '2010-08-04 08:20:54'::timestamp without time zone) AND (p.creationdate <= '2014-09-03 18:18:02'::timestamp without time zone) AND (p.answercount = 0))", "Rows Removed by Filter": 38233}, {"Node Type": "Hash", "Parent Relationship": "Inner", "Parallel Aware": false, "Startup Cost": 296.69, "Total Cost": 296.69, "Plan Rows": 13687, "Plan Width": 4, "Actual Startup Time": 4.381, "Actual Total Time": 4.383, "Actual Rows": 13687, "Actual Loops": 1, "Output": ["u.id"], "Hash Buckets": 16384, "Original Hash Buckets": 16384, "Hash Batches": 1, "Original Hash Batches": 1, "Peak Memory Usage": 610, "Plans": [{"Node Type": "Seq Scan", "Parent Relationship": "Outer", "Parallel Aware": false, "Relation Name": "users", "Schema": "public", "Alias": "u", "Startup Cost": 0.0, "Total Cost": 296.69, "Plan Rows": 13687, "Plan Width": 4, "Actual Startup Time": 0.012, "Actual Total Time": 2.617, "Actual Rows": 13687, "Actual Loops": 1, "Output": ["u.id"], "Filter": "(u.views <= 23)", "Rows Removed by Filter": 1248}]}]}, {"Node Type": "Index Scan", "Parent Relationship": "Inner", "Parallel Aware": false, "Scan Direction": "Forward", "Index Name": "idx_comments_userid", "Relation Name": "comments", "Schema": "public", "Alias": "c", "Startup Cost": 0.29, "Total Cost": 0.96, "Plan Rows": 14, "Plan Width": 4, "Actual Startup Time": 0.002, "Actual Total Time": 0.003, "Actual Rows": 3, "Actual Loops": 1965, "Output": ["c.id", "c.postid", "c.score", "c.creationdate", "c.userid"], "Index Cond": "(c.userid = u.id)", "Rows Removed by Index Recheck": 0, "Filter": "((c.creationdate >= '2009-02-02 14:51:49'::timestamp without time zone) AND (c.creationdate <= '2014-09-08 16:59:10'::timestamp without time zone) AND (c.score = 0))", "Rows Removed by Filter": 0}]}]}, "Planning Time": 1.619, "Triggers": [], "Execution Time": 18.758}]
[{"Plan": {"Node Type": "Aggregate", "Strategy": "Plain", "Partial Mode": "Simple", "Parallel Aware": false, "Startup Cost": 5450.71, "Total Cost": 5450.72, "Plan Rows": 1, "Plan Width": 8, "Actual Startup Time": 40.331, "Actual Total Time": 40.342, "Actual Rows": 1, "Actual Loops": 1, "Output": ["count(*)"], "Plans": [{"Node Type": "Hash Join", "Parent Relationship": "Outer", "Parallel Aware": false, "Join Type": "Inner", "Startup Cost": 4400.22, "Total Cost": 5324.65, "Plan Rows": 50424, "Plan Width": 0, "Actual Startup Time": 21.9, "Actual Total Time": 35.687, "Actual Rows": 128107, "Actual Loops": 1, "Inner Unique": false, "Hash Cond": "(b.userid = u.id)", "Plans": [{"Node Type": "Seq Scan", "Parent Relationship": "Outer", "Parallel Aware": false, "Relation Name": "badges", "Schema": "public", "Alias": "b", "Startup Cost": 0.0, "Total Cost": 503.24, "Plan Rows": 32624, "Plan Width": 4, "Actual Startup Time": 0.013, "Actual Total Time": 2.194, "Actual Rows": 32624, "Actual Loops": 1, "Output": ["b.id", "b.userid", "b.date"]}, {"Node Type": "Hash", "Parent Relationship": "Inner", "Parallel Aware": false, "Startup Cost": 4229.21, "Total Cost": 4229.21, "Plan Rows": 13681, "Plan Width": 8, "Actual Startup Time": 21.776, "Actual Total Time": 21.784, "Actual Rows": 16534, "Actual Loops": 1, "Output": ["p.lasteditoruserid", "u.id"], "Hash Buckets": 32768, "Original Hash Buckets": 16384, "Hash Batches": 1, "Original Hash Batches": 1, "Peak Memory Usage": 902, "Plans": [{"Node Type": "Nested Loop", "Parent Relationship": "Outer", "Parallel Aware": false, "Join Type": "Inner", "Startup Cost": 1592.67, "Total Cost": 4229.21, "Plan Rows": 13681, "Plan Width": 8, "Actual Startup Time": 13.154, "Actual Total Time": 19.851, "Actual Rows": 16534, "Actual Loops": 1, "Output": ["p.lasteditoruserid", "u.id"], "Inner Unique": false, "Plans": [{"Node Type": "Nested Loop", "Parent Relationship": "Outer", "Parallel Aware": false, "Join Type": "Inner", "Startup Cost": 1592.38, "Total Cost": 2569.97, "Plan Rows": 3431, "Plan Width": 20, "Actual Startup Time": 13.133, "Actual Total Time": 16.259, "Actual Rows": 1080, "Actual Loops": 1, "Output": ["c.postid", "p.id", "p.lasteditoruserid", "pl.relatedpostid", "u.id"], "Inner Unique": false, "Plans": [{"Node Type": "Hash Join", "Parent Relationship": "Outer", "Parallel Aware": false, "Join Type": "Inner", "Startup Cost": 1592.08, "Total Cost": 1710.76, "Plan Rows": 1781, "Plan Width": 16, "Actual Startup Time": 13.087, "Actual Total Time": 14.128, "Actual Rows": 273, "Actual Loops": 1, "Output": ["p.id", "p.lasteditoruserid", "pl.relatedpostid", "u.id"], "Inner Unique": false, "Hash Cond": "(pl.relatedpostid = p.id)", "Plans": [{"Node Type": "Seq Scan", "Parent Relationship": "Outer", "Parallel Aware": false, "Relation Name": "postlinks", "Schema": "public", "Alias": "pl", "Startup Cost": 0.0, "Total Cost": 86.5, "Plan Rows": 3833, "Plan Width": 4, "Actual Startup Time": 0.01, "Actual Total Time": 0.601, "Actual Rows": 3833, "Actual Loops": 1, "Output": ["pl.id", "pl.creationdate", "pl.postid", "pl.relatedpostid", "pl.linktypeid"], "Filter": "((pl.creationdate <= '2014-09-07 21:11:00'::timestamp without time zone) AND (pl.linktypeid = 1))", "Rows Removed by Filter": 0}, {"Node Type": "Hash", "Parent Relationship": "Inner", "Parallel Aware": false, "Startup Cost": 1352.95, "Total Cost": 1352.95, "Plan Rows": 19131, "Plan Width": 12, "Actual Startup Time": 12.969, "Actual Total Time": 12.973, "Actual Rows": 2674, "Actual Loops": 1, "Output": ["p.id", "p.lasteditoruserid", "u.id"], "Hash Buckets": 32768, "Original Hash Buckets": 32768, "Hash Batches": 1, "Original Hash Batches": 1, "Peak Memory Usage": 371, "Plans": [{"Node Type": "Hash Join", "Parent Relationship": "Outer", "Parallel Aware": false, "Join Type": "Inner", "Startup Cost": 473.0, "Total Cost": 1352.95, "Plan Rows": 19131, "Plan Width": 12, "Actual Startup Time": 3.753, "Actual Total Time": 12.413, "Actual Rows": 2674, "Actual Loops": 1, "Output": ["p.id", "p.lasteditoruserid", "u.id"], "Inner Unique": true, "Hash Cond": "(p.lasteditoruserid = u.id)", "Plans": [{"Node Type": "Seq Scan", "Parent Relationship": "Outer", "Parallel Aware": false, "Relation Name": "posts", "Schema": "public", "Alias": "p", "Startup Cost": 0.0, "Total Cost": 771.83, "Plan Rows": 41183, "Plan Width": 8, "Actual Startup Time": 0.009, "Actual Total Time": 2.904, "Actual Rows": 41183, "Actual Loops": 1, "Output": ["p.id", "p.posttypeid", "p.creationdate", "p.score", "p.viewcount", "p.owneruserid", "p.answercount", "p.commentcount", "p.favoritecount", "p.lasteditoruserid"]}, {"Node Type": "Hash", "Parent Relationship": "Inner", "Parallel Aware": false, "Startup Cost": 296.69, "Total Cost": 296.69, "Plan Rows": 14105, "Plan Width": 4, "Actual Startup Time": 3.678, "Actual Total Time": 3.68, "Actual Rows": 14105, "Actual Loops": 1, "Output": ["u.id"], "Hash Buckets": 16384, "Original Hash Buckets": 16384, "Hash Batches": 1, "Original Hash Batches": 1, "Peak Memory Usage": 624, "Plans": [{"Node Type": "Seq Scan", "Parent Relationship": "Outer", "Parallel Aware": false, "Relation Name": "users", "Schema": "public", "Alias": "u", "Startup Cost": 0.0, "Total Cost": 296.69, "Plan Rows": 14105, "Plan Width": 4, "Actual Startup Time": 0.011, "Actual Total Time": 2.211, "Actual Rows": 14105, "Actual Loops": 1, "Output": ["u.id"], "Filter": "(u.views <= 37)", "Rows Removed by Filter": 830}]}]}]}]}, {"Node Type": "Index Scan", "Parent Relationship": "Inner", "Parallel Aware": false, "Scan Direction": "Forward", "Index Name": "idx_comments_postid", "Relation Name": "comments", "Schema": "public", "Alias": "c", "Startup Cost": 0.29, "Total Cost": 0.44, "Plan Rows": 4, "Plan Width": 4, "Actual Startup Time": 0.005, "Actual Total Time": 0.007, "Actual Rows": 4, "Actual Loops": 273, "Output": ["c.id", "c.postid", "c.score", "c.creationdate", "c.userid"], "Index Cond": "(c.postid = p.id)", "Rows Removed by Index Recheck": 0, "Filter": "(c.creationdate <= '2014-09-04 15:22:45'::timestamp without time zone)", "Rows Removed by Filter": 0}]}, {"Node Type": "Index Only Scan", "Parent Relationship": "Inner", "Parallel Aware": false, "Scan Direction": "Forward", "Index Name": "idx_votes_postid", "Relation Name": "votes", "Schema": "public", "Alias": "v", "Startup Cost": 0.29, "Total Cost": 0.42, "Plan Rows": 6, "Plan Width": 4, "Actual Startup Time": 0.001, "Actual Total Time": 0.002, "Actual Rows": 15, "Actual Loops": 1080, "Output": ["v.postid"], "Index Cond": "(v.postid = p.id)", "Rows Removed by Index Recheck": 0, "Heap Fetches": 0}]}]}]}]}, "Planning Time": 4.355, "Triggers": [], "Execution Time": 40.552}]#####[{"Plan": {"Node Type": "Aggregate", "Strategy": "Plain", "Partial Mode": "Simple", "Parallel Aware": false, "Startup Cost": 6013.68, "Total Cost": 6013.69, "Plan Rows": 1, "Plan Width": 8, "Actual Startup Time": 60.292, "Actual Total Time": 60.301, "Actual Rows": 1, "Actual Loops": 1, "Output": ["count(*)"], "Plans": [{"Node Type": "Nested Loop", "Parent Relationship": "Outer", "Parallel Aware": false, "Join Type": "Inner", "Startup Cost": 1592.96, "Total Cost": 4753.07, "Plan Rows": 504242, "Plan Width": 0, "Actual Startup Time": 18.693, "Actual Total Time": 55.286, "Actual Rows": 128107, "Actual Loops": 1, "Inner Unique": false, "Join Filter": "(u.id = b.userid)", "Rows Removed by Join Filter": 0, "Plans": [{"Node Type": "Nested Loop", "Parent Relationship": "Outer", "Parallel Aware": false, "Join Type": "Inner", "Startup Cost": 1592.67, "Total Cost": 4229.21, "Plan Rows": 1368, "Plan Width": 8, "Actual Startup Time": 18.674, "Actual Total Time": 25.962, "Actual Rows": 16534, "Actual Loops": 1, "Output": ["p.lasteditoruserid", "u.id"], "Inner Unique": false, "Plans": [{"Node Type": "Nested Loop", "Parent Relationship": "Outer", "Parallel Aware": false, "Join Type": "Inner", "Startup Cost": 1592.38, "Total Cost": 2569.97, "Plan Rows": 3431, "Plan Width": 20, "Actual Startup Time": 18.643, "Actual Total Time": 21.906, "Actual Rows": 1080, "Actual Loops": 1, "Output": ["c.postid", "p.id", "p.lasteditoruserid", "pl.relatedpostid", "u.id"], "Inner Unique": false, "Plans": [{"Node Type": "Hash Join", "Parent Relationship": "Outer", "Parallel Aware": false, "Join Type": "Inner", "Startup Cost": 1592.08, "Total Cost": 1710.76, "Plan Rows": 1781, "Plan Width": 16, "Actual Startup Time": 18.588, "Actual Total Time": 19.692, "Actual Rows": 273, "Actual Loops": 1, "Output": ["p.id", "p.lasteditoruserid", "pl.relatedpostid", "u.id"], "Inner Unique": false, "Hash Cond": "(pl.relatedpostid = p.id)", "Plans": [{"Node Type": "Seq Scan", "Parent Relationship": "Outer", "Parallel Aware": false, "Relation Name": "postlinks", "Schema": "public", "Alias": "pl", "Startup Cost": 0.0, "Total Cost": 86.5, "Plan Rows": 3833, "Plan Width": 4, "Actual Startup Time": 0.032, "Actual Total Time": 0.652, "Actual Rows": 3833, "Actual Loops": 1, "Output": ["pl.id", "pl.creationdate", "pl.postid", "pl.relatedpostid", "pl.linktypeid"], "Filter": "((pl.creationdate <= '2014-09-07 21:11:00'::timestamp without time zone) AND (pl.linktypeid = 1))", "Rows Removed by Filter": 0}, {"Node Type": "Hash", "Parent Relationship": "Inner", "Parallel Aware": false, "Startup Cost": 1352.95, "Total Cost": 1352.95, "Plan Rows": 19131, "Plan Width": 12, "Actual Startup Time": 18.239, "Actual Total Time": 18.243, "Actual Rows": 2674, "Actual Loops": 1, "Output": ["p.id", "p.lasteditoruserid", "u.id"], "Hash Buckets": 32768, "Original Hash Buckets": 32768, "Hash Batches": 1, "Original Hash Batches": 1, "Peak Memory Usage": 371, "Plans": [{"Node Type": "Hash Join", "Parent Relationship": "Outer", "Parallel Aware": false, "Join Type": "Inner", "Startup Cost": 473.0, "Total Cost": 1352.95, "Plan Rows": 19131, "Plan Width": 12, "Actual Startup Time": 6.397, "Actual Total Time": 17.598, "Actual Rows": 2674, "Actual Loops": 1, "Output": ["p.id", "p.lasteditoruserid", "u.id"], "Inner Unique": true, "Hash Cond": "(p.lasteditoruserid = u.id)", "Plans": [{"Node Type": "Seq Scan", "Parent Relationship": "Outer", "Parallel Aware": false, "Relation Name": "posts", "Schema": "public", "Alias": "p", "Startup Cost": 0.0, "Total Cost": 771.83, "Plan Rows": 41183, "Plan Width": 8, "Actual Startup Time": 0.024, "Actual Total Time": 3.78, "Actual Rows": 41183, "Actual Loops": 1, "Output": ["p.id", "p.posttypeid", "p.creationdate", "p.score", "p.viewcount", "p.owneruserid", "p.answercount", "p.commentcount", "p.favoritecount", "p.lasteditoruserid"]}, {"Node Type": "Hash", "Parent Relationship": "Inner", "Parallel Aware": false, "Startup Cost": 296.69, "Total Cost": 296.69, "Plan Rows": 14105, "Plan Width": 4, "Actual Startup Time": 6.245, "Actual Total Time": 6.246, "Actual Rows": 14105, "Actual Loops": 1, "Output": ["u.id"], "Hash Buckets": 16384, "Original Hash Buckets": 16384, "Hash Batches": 1, "Original Hash Batches": 1, "Peak Memory Usage": 624, "Plans": [{"Node Type": "Seq Scan", "Parent Relationship": "Outer", "Parallel Aware": false, "Relation Name": "users", "Schema": "public", "Alias": "u", "Startup Cost": 0.0, "Total Cost": 296.69, "Plan Rows": 14105, "Plan Width": 4, "Actual Startup Time": 0.022, "Actual Total Time": 3.608, "Actual Rows": 14105, "Actual Loops": 1, "Output": ["u.id"], "Filter": "(u.views <= 37)", "Rows Removed by Filter": 830}]}]}]}]}, {"Node Type": "Index Scan", "Parent Relationship": "Inner", "Parallel Aware": false, "Scan Direction": "Forward", "Index Name": "idx_comments_postid", "Relation Name": "comments", "Schema": "public", "Alias": "c", "Startup Cost": 0.29, "Total Cost": 0.44, "Plan Rows": 4, "Plan Width": 4, "Actual Startup Time": 0.005, "Actual Total Time": 0.008, "Actual Rows": 4, "Actual Loops": 273, "Output": ["c.id", "c.postid", "c.score", "c.creationdate", "c.userid"], "Index Cond": "(c.postid = p.id)", "Rows Removed by Index Recheck": 0, "Filter": "(c.creationdate <= '2014-09-04 15:22:45'::timestamp without time zone)", "Rows Removed by Filter": 0}]}, {"Node Type": "Index Only Scan", "Parent Relationship": "Inner", "Parallel Aware": false, "Scan Direction": "Forward", "Index Name": "idx_votes_postid", "Relation Name": "votes", "Schema": "public", "Alias": "v", "Startup Cost": 0.29, "Total Cost": 0.42, "Plan Rows": 6, "Plan Width": 4, "Actual Startup Time": 0.002, "Actual Total Time": 0.002, "Actual Rows": 15, "Actual Loops": 1080, "Output": ["v.postid"], "Index Cond": "(v.postid = p.id)", "Rows Removed by Index Recheck": 0, "Heap Fetches": 0}]}, {"Node Type": "Index Only Scan", "Parent Relationship": "Inner", "Parallel Aware": false, "Scan Direction": "Forward", "Index Name": "idx_badges_userid", "Relation Name": "badges", "Schema": "public", "Alias": "b", "Startup Cost": 0.29, "Total Cost": 0.35, "Plan Rows": 3, "Plan Width": 4, "Actual Startup Time": 0.001, "Actual Total Time": 0.001, "Actual Rows": 8, "Actual Loops": 16534, "Output": ["b.userid"], "Index Cond": "(b.userid = p.lasteditoruserid)", "Rows Removed by Index Recheck": 0, "Heap Fetches": 0}]}]}, "Planning Time": 2.862, "Triggers": [], "Execution Time": 60.573}]#####[{"Plan": {"Node Type": "Aggregate", "Strategy": "Plain", "Partial Mode": "Simple", "Parallel Aware": false, "Startup Cost": 9046.24, "Total Cost": 9046.25, "Plan Rows": 1, "Plan Width": 8, "Actual Startup Time": 116.833, "Actual Total Time": 116.844, "Actual Rows": 1, "Actual Loops": 1, "Output": ["count(*)"], "Plans": [{"Node Type": "Hash Join", "Parent Relationship": "Outer", "Parallel Aware": false, "Join Type": "Inner", "Startup Cost": 4874.93, "Total Cost": 7785.64, "Plan Rows": 504242, "Plan Width": 0, "Actual Startup Time": 57.765, "Actual Total Time": 111.814, "Actual Rows": 128107, "Actual Loops": 1, "Inner Unique": false, "Hash Cond": "(p.lasteditoruserid = u.id)", "Plans": [{"Node Type": "Hash Join", "Parent Relationship": "Outer", "Parallel Aware": false, "Join Type": "Inner", "Startup Cost": 3427.9, "Total Cost": 5892.5, "Plan Rows": 29451, "Plan Width": 4, "Actual Startup Time": 40.156, "Actual Total Time": 75.173, "Actual Rows": 226810, "Actual Loops": 1, "Output": ["p.lasteditoruserid"], "Inner Unique": false, "Hash Cond": "(c.postid = p.id)", "Plans": [{"Node Type": "Seq Scan", "Parent Relationship": "Outer", "Parallel Aware": false, "Relation Name": "comments", "Schema": "public", "Alias": "c", "Startup Cost": 0.0, "Total Cost": 1574.96, "Plan Rows": 79349, "Plan Width": 4, "Actual Startup Time": 0.014, "Actual Total Time": 10.553, "Actual Rows": 79357, "Actual Loops": 1, "Output": ["c.id", "c.postid", "c.score", "c.creationdate", "c.userid"], "Filter": "(c.creationdate <= '2014-09-04 15:22:45'::timestamp without time zone)", "Rows Removed by Filter": 0}, {"Node Type": "Hash", "Parent Relationship": "Inner", "Parallel Aware": false, "Startup Cost": 3236.82, "Total Cost": 3236.82, "Plan Rows": 15286, "Plan Width": 16, "Actual Startup Time": 40.078, "Actual Total Time": 40.083, "Actual Rows": 71406, "Actual Loops": 1, "Output": ["p.id", "p.lasteditoruserid", "pl.relatedpostid", "v.postid"], "Hash Buckets": 131072, "Original Hash Buckets": 16384, "Hash Batches": 1, "Original Hash Batches": 1, "Peak Memory Usage": 4337, "Plans": [{"Node Type": "Nested Loop", "Parent Relationship": "Outer", "Parallel Aware": false, "Join Type": "Inner", "Startup Cost": 1286.91, "Total Cost": 3236.82, "Plan Rows": 15286, "Plan Width": 16, "Actual Startup Time": 12.784, "Actual Total Time": 30.285, "Actual Rows": 71406, "Actual Loops": 1, "Output": ["p.id", "p.lasteditoruserid", "pl.relatedpostid", "v.postid"], "Inner Unique": false, "Plans": [{"Node Type": "Hash Join", "Parent Relationship": "Outer", "Parallel Aware": false, "Join Type": "Inner", "Startup Cost": 1286.62, "Total Cost": 1383.17, "Plan Rows": 3833, "Plan Width": 12, "Actual Startup Time": 12.753, "Actual Total Time": 14.802, "Actual Rows": 3833, "Actual Loops": 1, "Output": ["p.id", "p.lasteditoruserid", "pl.relatedpostid"], "Inner Unique": true, "Hash Cond": "(pl.relatedpostid = p.id)", "Plans": [{"Node Type": "Seq Scan", "Parent Relationship": "Outer", "Parallel Aware": false, "Relation Name": "postlinks", "Schema": "public", "Alias": "pl", "Startup Cost": 0.0, "Total Cost": 86.5, "Plan Rows": 3833, "Plan Width": 4, "Actual Startup Time": 0.01, "Actual Total Time": 0.8, "Actual Rows": 3833, "Actual Loops": 1, "Output": ["pl.id", "pl.creationdate", "pl.postid", "pl.relatedpostid", "pl.linktypeid"], "Filter": "((pl.creationdate <= '2014-09-07 21:11:00'::timestamp without time zone) AND (pl.linktypeid = 1))", "Rows Removed by Filter": 0}, {"Node Type": "Hash", "Parent Relationship": "Inner", "Parallel Aware": false, "Startup Cost": 771.83, "Total Cost": 771.83, "Plan Rows": 41183, "Plan Width": 8, "Actual Startup Time": 12.556, "Actual Total Time": 12.557, "Actual Rows": 41183, "Actual Loops": 1, "Output": ["p.id", "p.lasteditoruserid"], "Hash Buckets": 65536, "Original Hash Buckets": 65536, "Hash Batches": 1, "Original Hash Batches": 1, "Peak Memory Usage": 2040, "Plans": [{"Node Type": "Seq Scan", "Parent Relationship": "Outer", "Parallel Aware": false, "Relation Name": "posts", "Schema": "public", "Alias": "p", "Startup Cost": 0.0, "Total Cost": 771.83, "Plan Rows": 41183, "Plan Width": 8, "Actual Startup Time": 0.01, "Actual Total Time": 7.085, "Actual Rows": 41183, "Actual Loops": 1, "Output": ["p.id", "p.lasteditoruserid"]}]}]}, {"Node Type": "Index Only Scan", "Parent Relationship": "Inner", "Parallel Aware": false, "Scan Direction": "Forward", "Index Name": "idx_votes_postid", "Relation Name": "votes", "Schema": "public", "Alias": "v", "Startup Cost": 0.29, "Total Cost": 0.42, "Plan Rows": 6, "Plan Width": 4, "Actual Startup Time": 0.002, "Actual Total Time": 0.003, "Actual Rows": 19, "Actual Loops": 3833, "Output": ["v.postid"], "Index Cond": "(v.postid = p.id)", "Rows Removed by Index Recheck": 0, "Heap Fetches": 0}]}]}]}, {"Node Type": "Hash", "Parent Relationship": "Inner", "Parallel Aware": false, "Startup Cost": 1061.9, "Total Cost": 1061.9, "Plan Rows": 30811, "Plan Width": 8, "Actual Startup Time": 17.101, "Actual Total Time": 17.103, "Actual Rows": 20972, "Actual Loops": 1, "Output": ["b.userid", "u.id"], "Hash Buckets": 32768, "Original Hash Buckets": 32768, "Hash Batches": 1, "Original Hash Batches": 1, "Peak Memory Usage": 1076, "Plans": [{"Node Type": "Hash Join", "Parent Relationship": "Outer", "Parallel Aware": false, "Join Type": "Inner", "Startup Cost": 473.0, "Total Cost": 1061.9, "Plan Rows": 30811, "Plan Width": 8, "Actual Startup Time": 4.957, "Actual Total Time": 13.978, "Actual Rows": 20972, "Actual Loops": 1, "Output": ["b.userid", "u.id"], "Inner Unique": true, "Hash Cond": "(b.userid = u.id)", "Plans": [{"Node Type": "Seq Scan", "Parent Relationship": "Outer", "Parallel Aware": false, "Relation Name": "badges", "Schema": "public", "Alias": "b", "Startup Cost": 0.0, "Total Cost": 503.24, "Plan Rows": 32624, "Plan Width": 4, "Actual Startup Time": 0.016, "Actual Total Time": 2.635, "Actual Rows": 32624, "Actual Loops": 1, "Output": ["b.id", "b.userid", "b.date"]}, {"Node Type": "Hash", "Parent Relationship": "Inner", "Parallel Aware": false, "Startup Cost": 296.69, "Total Cost": 296.69, "Plan Rows": 14105, "Plan Width": 4, "Actual Startup Time": 4.848, "Actual Total Time": 4.849, "Actual Rows": 14105, "Actual Loops": 1, "Output": ["u.id"], "Hash Buckets": 16384, "Original Hash Buckets": 16384, "Hash Batches": 1, "Original Hash Batches": 1, "Peak Memory Usage": 624, "Plans": [{"Node Type": "Seq Scan", "Parent Relationship": "Outer", "Parallel Aware": false, "Relation Name": "users", "Schema": "public", "Alias": "u", "Startup Cost": 0.0, "Total Cost": 296.69, "Plan Rows": 14105, "Plan Width": 4, "Actual Startup Time": 0.02, "Actual Total Time": 2.862, "Actual Rows": 14105, "Actual Loops": 1, "Output": ["u.id"], "Filter": "(u.views <= 37)", "Rows Removed by Filter": 830}]}]}]}]}]}, "Planning Time": 6.919, "Triggers": [], "Execution Time": 117.244}]
[{"Plan": {"Node Type": "Aggregate", "Strategy": "Plain", "Partial Mode": "Simple", "Parallel Aware": false, "Startup Cost": 3306.84, "Total Cost": 3306.85, "Plan Rows": 1, "Plan Width": 8, "Actual Startup Time": 39.652, "Actual Total Time": 39.663, "Actual Rows": 1, "Actual Loops": 1, "Output": ["count(*)"], "Plans": [{"Node Type": "Hash Join", "Parent Relationship": "Outer", "Parallel Aware": false, "Join Type": "Inner", "Startup Cost": 2484.05, "Total Cost": 3304.02, "Plan Rows": 1128, "Plan Width": 0, "Actual Startup Time": 22.945, "Actual Total Time": 35.852, "Actual Rows": 95820, "Actual Loops": 1, "Inner Unique": false, "Hash Cond": "(b.userid = u.id)", "Plans": [{"Node Type": "Seq Scan", "Parent Relationship": "Outer", "Parallel Aware": false, "Relation Name": "badges", "Schema": "public", "Alias": "b", "Startup Cost": 0.0, "Total Cost": 584.8, "Plan Rows": 32621, "Plan Width": 4, "Actual Startup Time": 0.029, "Actual Total Time": 4.008, "Actual Rows": 32624, "Actual Loops": 1, "Output": ["b.id", "b.userid", "b.date"], "Filter": "(b.date <= '2014-09-03 10:03:20'::timestamp without time zone)", "Rows Removed by Filter": 0}, {"Node Type": "Hash", "Parent Relationship": "Inner", "Parallel Aware": false, "Startup Cost": 2419.48, "Total Cost": 2419.48, "Plan Rows": 5166, "Plan Width": 8, "Actual Startup Time": 22.811, "Actual Total Time": 22.818, "Actual Rows": 5732, "Actual Loops": 1, "Output": ["p.owneruserid", "u.id"], "Hash Buckets": 8192, "Original Hash Buckets": 8192, "Hash Batches": 1, "Original Hash Batches": 1, "Peak Memory Usage": 288, "Plans": [{"Node Type": "Nested Loop", "Parent Relationship": "Outer", "Parallel Aware": false, "Join Type": "Inner", "Startup Cost": 1276.01, "Total Cost": 2419.48, "Plan Rows": 5166, "Plan Width": 8, "Actual Startup Time": 10.638, "Actual Total Time": 22.035, "Actual Rows": 5732, "Actual Loops": 1, "Output": ["p.owneruserid", "u.id"], "Inner Unique": false, "Plans": [{"Node Type": "Nested Loop", "Parent Relationship": "Outer", "Parallel Aware": false, "Join Type": "Inner", "Startup Cost": 1275.71, "Total Cost": 1846.56, "Plan Rows": 1309, "Plan Width": 16, "Actual Startup Time": 10.592, "Actual Total Time": 17.094, "Actual Rows": 2519, "Actual Loops": 1, "Output": ["pl.relatedpostid", "p.id", "p.owneruserid", "u.id"], "Inner Unique": true, "Plans": [{"Node Type": "Hash Join", "Parent Relationship": "Outer", "Parallel Aware": false, "Join Type": "Inner", "Startup Cost": 1275.43, "Total Cost": 1380.82, "Plan Rows": 1343, "Plan Width": 12, "Actual Startup Time": 10.559, "Actual Total Time": 12.278, "Actual Rows": 2633, "Actual Loops": 1, "Output": ["pl.relatedpostid", "p.id", "p.owneruserid"], "Inner Unique": true, "Hash Cond": "(pl.relatedpostid = p.id)", "Plans": [{"Node Type": "Seq Scan", "Parent Relationship": "Outer", "Parallel Aware": false, "Relation Name": "postlinks", "Schema": "public", "Alias": "pl", "Startup Cost": 0.0, "Total Cost": 96.08, "Plan Rows": 3550, "Plan Width": 4, "Actual Startup Time": 0.068, "Actual Total Time": 0.796, "Actual Rows": 3549, "Actual Loops": 1, "Output": ["pl.id", "pl.creationdate", "pl.postid", "pl.relatedpostid", "pl.linktypeid"], "Filter": "((pl.creationdate >= '2011-01-22 19:55:55'::timestamp without time zone) AND (pl.creationdate <= '2014-05-10 11:16:37'::timestamp without time zone) AND (pl.linktypeid = 1))", "Rows Removed by Filter": 284}, {"Node Type": "Hash", "Parent Relationship": "Inner", "Parallel Aware": false, "Startup Cost": 1080.7, "Total Cost": 1080.7, "Plan Rows": 15578, "Plan Width": 8, "Actual Startup Time": 10.399, "Actual Total Time": 10.4, "Actual Rows": 15533, "Actual Loops": 1, "Output": ["p.id", "p.owneruserid"], "Hash Buckets": 16384, "Original Hash Buckets": 16384, "Hash Batches": 1, "Original Hash Batches": 1, "Peak Memory Usage": 733, "Plans": [{"Node Type": "Seq Scan", "Parent Relationship": "Outer", "Parallel Aware": false, "Relation Name": "posts", "Schema": "public", "Alias": "p", "Startup Cost": 0.0, "Total Cost": 1080.7, "Plan Rows": 15578, "Plan Width": 8, "Actual Startup Time": 0.02, "Actual Total Time": 8.051, "Actual Rows": 15533, "Actual Loops": 1, "Output": ["p.id", "p.owneruserid"], "Filter": "((p.viewcount >= 0) AND (p.viewcount <= 7663) AND (p.commentcount <= 8))", "Rows Removed by Filter": 25650}]}]}, {"Node Type": "Index Scan", "Parent Relationship": "Inner", "Parallel Aware": false, "Scan Direction": "Forward", "Index Name": "users_pkey", "Relation Name": "users", "Schema": "public", "Alias": "u", "Startup Cost": 0.29, "Total Cost": 0.35, "Plan Rows": 1, "Plan Width": 4, "Actual Startup Time": 0.002, "Actual Total Time": 0.002, "Actual Rows": 1, "Actual Loops": 2633, "Output": ["u.id", "u.reputation", "u.creationdate", "u.views", "u.upvotes", "u.downvotes"], "Index Cond": "(u.id = p.owneruserid)", "Rows Removed by Index Recheck": 0, "Filter": "((u.views >= 0) AND (u.upvotes >= 0))", "Rows Removed by Filter": 0}]}, {"Node Type": "Index Only Scan", "Parent Relationship": "Inner", "Parallel Aware": false, "Scan Direction": "Forward", "Index Name": "idx_comments_postid", "Relation Name": "comments", "Schema": "public", "Alias": "c", "Startup Cost": 0.29, "Total Cost": 0.4, "Plan Rows": 4, "Plan Width": 4, "Actual Startup Time": 0.001, "Actual Total Time": 0.002, "Actual Rows": 2, "Actual Loops": 2519, "Output": ["c.postid"], "Index Cond": "(c.postid = p.id)", "Rows Removed by Index Recheck": 0, "Heap Fetches": 0}]}]}]}]}, "Planning Time": 5.162, "Triggers": [], "Execution Time": 39.873}]#####[{"Plan": {"Node Type": "Aggregate", "Strategy": "Plain", "Partial Mode": "Simple", "Parallel Aware": false, "Startup Cost": 2575.34, "Total Cost": 2575.35, "Plan Rows": 1, "Plan Width": 8, "Actual Startup Time": 104.596, "Actual Total Time": 104.603, "Actual Rows": 1, "Actual Loops": 1, "Output": ["count(*)"], "Plans": [{"Node Type": "Nested Loop", "Parent Relationship": "Outer", "Parallel Aware": false, "Join Type": "Inner", "Startup Cost": 1276.29, "Total Cost": 2547.13, "Plan Rows": 11284, "Plan Width": 0, "Actual Startup Time": 16.261, "Actual Total Time": 100.189, "Actual Rows": 95820, "Actual Loops": 1, "Inner Unique": false, "Plans": [{"Node Type": "Nested Loop", "Parent Relationship": "Outer", "Parallel Aware": false, "Join Type": "Inner", "Startup Cost": 1276.0, "Total Cost": 2422.39, "Plan Rows": 285, "Plan Width": 8, "Actual Startup Time": 16.169, "Actual Total Time": 49.757, "Actual Rows": 43075, "Actual Loops": 1, "Output": ["pl.relatedpostid", "p.id"], "Inner Unique": false, "Plans": [{"Node Type": "Nested Loop", "Parent Relationship": "Outer", "Parallel Aware": false, "Join Type": "Inner", "Startup Cost": 1275.71, "Total Cost": 1846.56, "Plan Rows": 1309, "Plan Width": 16, "Actual Startup Time": 16.138, "Actual Total Time": 24.149, "Actual Rows": 2519, "Actual Loops": 1, "Output": ["pl.relatedpostid", "p.id", "p.owneruserid", "u.id"], "Inner Unique": true, "Plans": [{"Node Type": "Hash Join", "Parent Relationship": "Outer", "Parallel Aware": false, "Join Type": "Inner", "Startup Cost": 1275.43, "Total Cost": 1380.82, "Plan Rows": 1343, "Plan Width": 12, "Actual Startup Time": 16.097, "Actual Total Time": 18.29, "Actual Rows": 2633, "Actual Loops": 1, "Output": ["pl.relatedpostid", "p.id", "p.owneruserid"], "Inner Unique": true, "Hash Cond": "(pl.relatedpostid = p.id)", "Plans": [{"Node Type": "Seq Scan", "Parent Relationship": "Outer", "Parallel Aware": false, "Relation Name": "postlinks", "Schema": "public", "Alias": "pl", "Startup Cost": 0.0, "Total Cost": 96.08, "Plan Rows": 3550, "Plan Width": 4, "Actual Startup Time": 0.069, "Actual Total Time": 0.897, "Actual Rows": 3549, "Actual Loops": 1, "Output": ["pl.id", "pl.creationdate", "pl.postid", "pl.relatedpostid", "pl.linktypeid"], "Filter": "((pl.creationdate >= '2011-01-22 19:55:55'::timestamp without time zone) AND (pl.creationdate <= '2014-05-10 11:16:37'::timestamp without time zone) AND (pl.linktypeid = 1))", "Rows Removed by Filter": 284}, {"Node Type": "Hash", "Parent Relationship": "Inner", "Parallel Aware": false, "Startup Cost": 1080.7, "Total Cost": 1080.7, "Plan Rows": 15578, "Plan Width": 8, "Actual Startup Time": 15.888, "Actual Total Time": 15.89, "Actual Rows": 15533, "Actual Loops": 1, "Output": ["p.id", "p.owneruserid"], "Hash Buckets": 16384, "Original Hash Buckets": 16384, "Hash Batches": 1, "Original Hash Batches": 1, "Peak Memory Usage": 733, "Plans": [{"Node Type": "Seq Scan", "Parent Relationship": "Outer", "Parallel Aware": false, "Relation Name": "posts", "Schema": "public", "Alias": "p", "Startup Cost": 0.0, "Total Cost": 1080.7, "Plan Rows": 15578, "Plan Width": 8, "Actual Startup Time": 0.028, "Actual Total Time": 11.921, "Actual Rows": 15533, "Actual Loops": 1, "Output": ["p.id", "p.owneruserid"], "Filter": "((p.viewcount >= 0) AND (p.viewcount <= 7663) AND (p.commentcount <= 8))", "Rows Removed by Filter": 25650}]}]}, {"Node Type": "Index Scan", "Parent Relationship": "Inner", "Parallel Aware": false, "Scan Direction": "Forward", "Index Name": "users_pkey", "Relation Name": "users", "Schema": "public", "Alias": "u", "Startup Cost": 0.29, "Total Cost": 0.35, "Plan Rows": 1, "Plan Width": 4, "Actual Startup Time": 0.002, "Actual Total Time": 0.002, "Actual Rows": 1, "Actual Loops": 2633, "Output": ["u.id", "u.reputation", "u.creationdate", "u.views", "u.upvotes", "u.downvotes"], "Index Cond": "(u.id = p.owneruserid)", "Rows Removed by Index Recheck": 0, "Filter": "((u.views >= 0) AND (u.upvotes >= 0))", "Rows Removed by Filter": 0}]}, {"Node Type": "Index Scan", "Parent Relationship": "Inner", "Parallel Aware": false, "Scan Direction": "Forward", "Index Name": "idx_badges_userid", "Relation Name": "badges", "Schema": "public", "Alias": "b", "Startup Cost": 0.29, "Total Cost": 0.41, "Plan Rows": 3, "Plan Width": 4, "Actual Startup Time": 0.002, "Actual Total Time": 0.009, "Actual Rows": 17, "Actual Loops": 2519, "Output": ["b.id", "b.userid", "b.date"], "Index Cond": "(b.userid = u.id)", "Rows Removed by Index Recheck": 0, "Filter": "(b.date <= '2014-09-03 10:03:20'::timestamp without time zone)", "Rows Removed by Filter": 0}]}, {"Node Type": "Index Only Scan", "Parent Relationship": "Inner", "Parallel Aware": false, "Scan Direction": "Forward", "Index Name": "idx_comments_postid", "Relation Name": "comments", "Schema": "public", "Alias": "c", "Startup Cost": 0.29, "Total Cost": 0.4, "Plan Rows": 4, "Plan Width": 4, "Actual Startup Time": 0.001, "Actual Total Time": 0.001, "Actual Rows": 2, "Actual Loops": 43075, "Output": ["c.postid"], "Index Cond": "(c.postid = p.id)", "Rows Removed by Index Recheck": 0, "Heap Fetches": 0}]}]}, "Planning Time": 5.768, "Triggers": [], "Execution Time": 104.765}]#####[{"Plan": {"Node Type": "Aggregate", "Strategy": "Plain", "Partial Mode": "Simple", "Parallel Aware": false, "Startup Cost": 3735.1, "Total Cost": 3735.11, "Plan Rows": 1, "Plan Width": 8, "Actual Startup Time": 43.381, "Actual Total Time": 43.39, "Actual Rows": 1, "Actual Loops": 1, "Output": ["count(*)"], "Plans": [{"Node Type": "Hash Join", "Parent Relationship": "Outer", "Parallel Aware": false, "Join Type": "Inner", "Startup Cost": 2874.65, "Total Cost": 3706.89, "Plan Rows": 11284, "Plan Width": 0, "Actual Startup Time": 25.935, "Actual Total Time": 39.785, "Actual Rows": 95820, "Actual Loops": 1, "Inner Unique": false, "Hash Cond": "(p.owneruserid = u.id)", "Plans": [{"Node Type": "Nested Loop", "Parent Relationship": "Outer", "Parallel Aware": false, "Join Type": "Inner", "Startup Cost": 1275.72, "Total Cost": 1968.63, "Plan Rows": 5300, "Plan Width": 4, "Actual Startup Time": 8.191, "Actual Total Time": 14.483, "Actual Rows": 5922, "Actual Loops": 1, "Output": ["p.owneruserid"], "Inner Unique": false, "Plans": [{"Node Type": "Hash Join", "Parent Relationship": "Outer", "Parallel Aware": false, "Join Type": "Inner", "Startup Cost": 1275.43, "Total Cost": 1380.82, "Plan Rows": 1343, "Plan Width": 12, "Actual Startup Time": 8.157, "Actual Total Time": 9.801, "Actual Rows": 2633, "Actual Loops": 1, "Output": ["pl.relatedpostid", "p.id", "p.owneruserid"], "Inner Unique": true, "Hash Cond": "(pl.relatedpostid = p.id)", "Plans": [{"Node Type": "Seq Scan", "Parent Relationship": "Outer", "Parallel Aware": false, "Relation Name": "postlinks", "Schema": "public", "Alias": "pl", "Startup Cost": 0.0, "Total Cost": 96.08, "Plan Rows": 3550, "Plan Width": 4, "Actual Startup Time": 0.042, "Actual Total Time": 0.733, "Actual Rows": 3549, "Actual Loops": 1, "Output": ["pl.id", "pl.creationdate", "pl.postid", "pl.relatedpostid", "pl.linktypeid"], "Filter": "((pl.creationdate >= '2011-01-22 19:55:55'::timestamp without time zone) AND (pl.creationdate <= '2014-05-10 11:16:37'::timestamp without time zone) AND (pl.linktypeid = 1))", "Rows Removed by Filter": 284}, {"Node Type": "Hash", "Parent Relationship": "Inner", "Parallel Aware": false, "Startup Cost": 1080.7, "Total Cost": 1080.7, "Plan Rows": 15578, "Plan Width": 8, "Actual Startup Time": 8.048, "Actual Total Time": 8.049, "Actual Rows": 15533, "Actual Loops": 1, "Output": ["p.id", "p.owneruserid"], "Hash Buckets": 16384, "Original Hash Buckets": 16384, "Hash Batches": 1, "Original Hash Batches": 1, "Peak Memory Usage": 733, "Plans": [{"Node Type": "Seq Scan", "Parent Relationship": "Outer", "Parallel Aware": false, "Relation Name": "posts", "Schema": "public", "Alias": "p", "Startup Cost": 0.0, "Total Cost": 1080.7, "Plan Rows": 15578, "Plan Width": 8, "Actual Startup Time": 0.011, "Actual Total Time": 6.204, "Actual Rows": 15533, "Actual Loops": 1, "Output": ["p.id", "p.owneruserid"], "Filter": "((p.viewcount >= 0) AND (p.viewcount <= 7663) AND (p.commentcount <= 8))", "Rows Removed by Filter": 25650}]}]}, {"Node Type": "Index Only Scan", "Parent Relationship": "Inner", "Parallel Aware": false, "Scan Direction": "Forward", "Index Name": "idx_comments_postid", "Relation Name": "comments", "Schema": "public", "Alias": "c", "Startup Cost": 0.29, "Total Cost": 0.4, "Plan Rows": 4, "Plan Width": 4, "Actual Startup Time": 0.001, "Actual Total Time": 0.002, "Actual Rows": 2, "Actual Loops": 2633, "Output": ["c.postid"], "Index Cond": "(c.postid = p.id)", "Rows Removed by Index Recheck": 0, "Heap Fetches": 0}]}, {"Node Type": "Hash", "Parent Relationship": "Inner", "Parallel Aware": false, "Startup Cost": 1191.16, "Total Cost": 1191.16, "Plan Rows": 32621, "Plan Width": 8, "Actual Startup Time": 17.604, "Actual Total Time": 17.606, "Actual Rows": 32624, "Actual Loops": 1, "Output": ["u.id", "b.userid"], "Hash Buckets": 32768, "Original Hash Buckets": 32768, "Hash Batches": 1, "Original Hash Batches": 1, "Peak Memory Usage": 1531, "Plans": [{"Node Type": "Hash Join", "Parent Relationship": "Outer", "Parallel Aware": false, "Join Type": "Inner", "Startup Cost": 520.71, "Total Cost": 1191.16, "Plan Rows": 32621, "Plan Width": 8, "Actual Startup Time": 4.134, "Actual Total Time": 13.629, "Actual Rows": 32624, "Actual Loops": 1, "Output": ["u.id", "b.userid"], "Inner Unique": true, "Hash Cond": "(b.userid = u.id)", "Plans": [{"Node Type": "Seq Scan", "Parent Relationship": "Outer", "Parallel Aware": false, "Relation Name": "badges", "Schema": "public", "Alias": "b", "Startup Cost": 0.0, "Total Cost": 584.8, "Plan Rows": 32621, "Plan Width": 4, "Actual Startup Time": 0.012, "Actual Total Time": 4.352, "Actual Rows": 32624, "Actual Loops": 1, "Output": ["b.id", "b.userid", "b.date"], "Filter": "(b.date <= '2014-09-03 10:03:20'::timestamp without time zone)", "Rows Removed by Filter": 0}, {"Node Type": "Hash", "Parent Relationship": "Inner", "Parallel Aware": false, "Startup Cost": 334.02, "Total Cost": 334.02, "Plan Rows": 14935, "Plan Width": 4, "Actual Startup Time": 4.066, "Actual Total Time": 4.067, "Actual Rows": 14935, "Actual Loops": 1, "Output": ["u.id"], "Hash Buckets": 16384, "Original Hash Buckets": 16384, "Hash Batches": 1, "Original Hash Batches": 1, "Peak Memory Usage": 654, "Plans": [{"Node Type": "Seq Scan", "Parent Relationship": "Outer", "Parallel Aware": false, "Relation Name": "users", "Schema": "public", "Alias": "u", "Startup Cost": 0.0, "Total Cost": 334.02, "Plan Rows": 14935, "Plan Width": 4, "Actual Startup Time": 0.01, "Actual Total Time": 2.433, "Actual Rows": 14935, "Actual Loops": 1, "Output": ["u.id"], "Filter": "((u.views >= 0) AND (u.upvotes >= 0))", "Rows Removed by Filter": 0}]}]}]}]}]}, "Planning Time": 2.627, "Triggers": [], "Execution Time": 43.553}]
[{"Plan": {"Node Type": "Aggregate", "Strategy": "Plain", "Partial Mode": "Simple", "Parallel Aware": false, "Startup Cost": 1592.39, "Total Cost": 1592.4, "Plan Rows": 1, "Plan Width": 8, "Actual Startup Time": 1278.613, "Actual Total Time": 1278.621, "Actual Rows": 1, "Actual Loops": 1, "Output": ["count(*)"], "Plans": [{"Node Type": "Nested Loop", "Parent Relationship": "Outer", "Parallel Aware": false, "Join Type": "Inner", "Startup Cost": 1199.43, "Total Cost": 1588.33, "Plan Rows": 1622, "Plan Width": 0, "Actual Startup Time": 7.392, "Actual Total Time": 1014.984, "Actual Rows": 6554218, "Actual Loops": 1, "Inner Unique": false, "Plans": [{"Node Type": "Nested Loop", "Parent Relationship": "Outer", "Parallel Aware": false, "Join Type": "Inner", "Startup Cost": 1199.14, "Total Cost": 1467.05, "Plan Rows": 311, "Plan Width": 4, "Actual Startup Time": 7.37, "Actual Total Time": 93.968, "Actual Rows": 75792, "Actual Loops": 1, "Output": ["c.userid"], "Inner Unique": false, "Join Filter": "(p.id = v.postid)", "Rows Removed by Join Filter": 0, "Plans": [{"Node Type": "Nested Loop", "Parent Relationship": "Outer", "Parallel Aware": false, "Join Type": "Inner", "Startup Cost": 1198.84, "Total Cost": 1416.44, "Plan Rows": 95, "Plan Width": 20, "Actual Startup Time": 7.348, "Actual Total Time": 27.506, "Actual Rows": 8646, "Actual Loops": 1, "Output": ["c.postid", "c.userid", "p.id", "pl.relatedpostid", "ph.postid"], "Inner Unique": false, "Join Filter": "(p.id = ph.postid)", "Rows Removed by Join Filter": 0, "Plans": [{"Node Type": "Nested Loop", "Parent Relationship": "Outer", "Parallel Aware": false, "Join Type": "Inner", "Startup Cost": 1198.55, "Total Cost": 1401.7, "Plan Rows": 30, "Plan Width": 16, "Actual Startup Time": 7.327, "Actual Total Time": 22.133, "Actual Rows": 1198, "Actual Loops": 1, "Output": ["c.postid", "c.userid", "p.id", "pl.relatedpostid"], "Inner Unique": false, "Join Filter": "(p.id = c.postid)", "Rows Removed by Join Filter": 0, "Plans": [{"Node Type": "Hash Join", "Parent Relationship": "Outer", "Parallel Aware": false, "Join Type": "Inner", "Startup Cost": 1198.26, "Total Cost": 1275.65, "Plan Rows": 109, "Plan Width": 8, "Actual Startup Time": 7.145, "Actual Total Time": 9.455, "Actual Rows": 2753, "Actual Loops": 1, "Output": ["p.id", "pl.relatedpostid"], "Inner Unique": true, "Hash Cond": "(pl.relatedpostid = p.id)", "Plans": [{"Node Type": "Seq Scan", "Parent Relationship": "Outer", "Parallel Aware": false, "Relation Name": "postlinks", "Schema": "public", "Alias": "pl", "Startup Cost": 0.0, "Total Cost": 67.33, "Plan Rows": 3833, "Plan Width": 4, "Actual Startup Time": 0.011, "Actual Total Time": 0.435, "Actual Rows": 3833, "Actual Loops": 1, "Output": ["pl.id", "pl.creationdate", "pl.postid", "pl.relatedpostid", "pl.linktypeid"]}, {"Node Type": "Hash", "Parent Relationship": "Inner", "Parallel Aware": false, "Startup Cost": 1183.66, "Total Cost": 1183.66, "Plan Rows": 1168, "Plan Width": 4, "Actual Startup Time": 7.074, "Actual Total Time": 7.075, "Actual Rows": 7323, "Actual Loops": 1, "Output": ["p.id"], "Hash Buckets": 8192, "Original Hash Buckets": 2048, "Hash Batches": 1, "Original Hash Batches": 1, "Peak Memory Usage": 322, "Plans": [{"Node Type": "Seq Scan", "Parent Relationship": "Outer", "Parallel Aware": false, "Relation Name": "posts", "Schema": "public", "Alias": "p", "Startup Cost": 0.0, "Total Cost": 1183.66, "Plan Rows": 1168, "Plan Width": 4, "Actual Startup Time": 0.014, "Actual Total Time": 6.148, "Actual Rows": 7323, "Actual Loops": 1, "Output": ["p.id"], "Filter": "((p.score >= '-5'::integer) AND (p.answercount <= 7) AND (p.favoritecount >= 0) AND (p.posttypeid = 1))", "Rows Removed by Filter": 33860}]}]}, {"Node Type": "Index Scan", "Parent Relationship": "Inner", "Parallel Aware": false, "Scan Direction": "Forward", "Index Name": "idx_comments_postid", "Relation Name": "comments", "Schema": "public", "Alias": "c", "Startup Cost": 0.29, "Total Cost": 1.14, "Plan Rows": 1, "Plan Width": 8, "Actual Startup Time": 0.004, "Actual Total Time": 0.004, "Actual Rows": 0, "Actual Loops": 2753, "Output": ["c.id", "c.postid", "c.score", "c.creationdate", "c.userid"], "Index Cond": "(c.postid = pl.relatedpostid)", "Rows Removed by Index Recheck": 0, "Filter": "((c.creationdate >= '2010-09-04 15:32:22'::timestamp without time zone) AND (c.creationdate <= '2014-09-01 06:21:53'::timestamp without time zone) AND (c.score = 1))", "Rows Removed by Filter": 2}]}, {"Node Type": "Index Only Scan", "Parent Relationship": "Inner", "Parallel Aware": false, "Scan Direction": "Forward", "Index Name": "idx_posthistory_postid", "Relation Name": "posthistory", "Schema": "public", "Alias": "ph", "Startup Cost": 0.29, "Total Cost": 0.44, "Plan Rows": 4, "Plan Width": 4, "Actual Startup Time": 0.003, "Actual Total Time": 0.003, "Actual Rows": 7, "Actual Loops": 1198, "Output": ["ph.postid"], "Index Cond": "(ph.postid = c.postid)", "Rows Removed by Index Recheck": 0, "Heap Fetches": 0}]}, {"Node Type": "Index Scan", "Parent Relationship": "Inner", "Parallel Aware": false, "Scan Direction": "Forward", "Index Name": "idx_votes_postid", "Relation Name": "votes", "Schema": "public", "Alias": "v", "Startup Cost": 0.29, "Total Cost": 0.47, "Plan Rows": 5, "Plan Width": 4, "Actual Startup Time": 0.002, "Actual Total Time": 0.007, "Actual Rows": 9, "Actual Loops": 8646, "Output": ["v.id", "v.postid", "v.votetypeid", "v.creationdate", "v.userid", "v.bountyamount"], "Index Cond": "(v.postid = ph.postid)", "Rows Removed by Index Recheck": 0, "Filter": "((v.creationdate <= '2014-09-13 00:00:00'::timestamp without time zone) AND (v.votetypeid = 2))", "Rows Removed by Filter": 5}]}, {"Node Type": "Index Only Scan", "Parent Relationship": "Inner", "Parallel Aware": false, "Scan Direction": "Forward", "Index Name": "idx_badges_userid", "Relation Name": "badges", "Schema": "public", "Alias": "b", "Startup Cost": 0.29, "Total Cost": 0.36, "Plan Rows": 3, "Plan Width": 4, "Actual Startup Time": 0.001, "Actual Total Time": 0.007, "Actual Rows": 86, "Actual Loops": 75792, "Output": ["b.userid"], "Index Cond": "(b.userid = c.userid)", "Rows Removed by Index Recheck": 0, "Heap Fetches": 0}]}]}, "Planning Time": 4.548, "Triggers": [], "Execution Time": 1278.738}]#####[{"Plan": {"Node Type": "Aggregate", "Strategy": "Plain", "Partial Mode": "Simple", "Parallel Aware": false, "Startup Cost": 7771.78, "Total Cost": 7771.79, "Plan Rows": 1, "Plan Width": 8, "Actual Startup Time": 1577.839, "Actual Total Time": 1577.844, "Actual Rows": 1, "Actual Loops": 1, "Output": ["count(*)"], "Plans": [{"Node Type": "Merge Join", "Parent Relationship": "Outer", "Parallel Aware": false, "Join Type": "Inner", "Startup Cost": 3970.23, "Total Cost": 7731.21, "Plan Rows": 16227, "Plan Width": 0, "Actual Startup Time": 21.506, "Actual Total Time": 1269.031, "Actual Rows": 6554218, "Actual Loops": 1, "Inner Unique": false, "Merge Cond": "(p.id = pl.relatedpostid)", "Plans": [{"Node Type": "Nested Loop", "Parent Relationship": "Outer", "Parallel Aware": false, "Join Type": "Inner", "Startup Cost": 3969.66, "Total Cost": 4744.74, "Plan Rows": 54263, "Plan Width": 12, "Actual Startup Time": 21.451, "Actual Total Time": 226.045, "Actual Rows": 1086371, "Actual Loops": 1, "Output": ["c.postid", "p.id", "v.postid"], "Inner Unique": false, "Plans": [{"Node Type": "Nested Loop", "Parent Relationship": "Outer", "Parallel Aware": false, "Join Type": "Inner", "Startup Cost": 3969.37, "Total Cost": 4339.17, "Plan Rows": 1040, "Plan Width": 16, "Actual Startup Time": 21.434, "Actual Total Time": 50.028, "Actual Rows": 14691, "Actual Loops": 1, "Output": ["c.postid", "c.userid", "p.id", "v.postid"], "Inner Unique": false, "Join Filter": "(p.id = v.postid)", "Rows Removed by Join Filter": 0, "Plans": [{"Node Type": "Merge Join", "Parent Relationship": "Outer", "Parallel Aware": false, "Join Type": "Inner", "Startup Cost": 3969.08, "Total Cost": 4034.16, "Plan Rows": 318, "Plan Width": 12, "Actual Startup Time": 21.414, "Actual Total Time": 25.129, "Actual Rows": 2720, "Actual Loops": 1, "Output": ["c.postid", "c.userid", "p.id"], "Inner Unique": true, "Merge Cond": "(c.postid = p.id)", "Plans": [{"Node Type": "Sort", "Parent Relationship": "Outer", "Parallel Aware": false, "Startup Cost": 2725.91, "Total Cost": 2753.94, "Plan Rows": 11212, "Plan Width": 8, "Actual Startup Time": 14.749, "Actual Total Time": 15.912, "Actual Rows": 11157, "Actual Loops": 1, "Output": ["c.postid", "c.userid"], "Sort Key": ["c.postid"], "Sort Method": "quicksort", "Sort Space Used": 908, "Sort Space Type": "Memory", "Plans": [{"Node Type": "Seq Scan", "Parent Relationship": "Outer", "Parallel Aware": false, "Relation Name": "comments", "Schema": "public", "Alias": "c", "Startup Cost": 0.0, "Total Cost": 1971.75, "Plan Rows": 11212, "Plan Width": 8, "Actual Startup Time": 0.441, "Actual Total Time": 12.112, "Actual Rows": 11173, "Actual Loops": 1, "Output": ["c.postid", "c.userid"], "Filter": "((c.creationdate >= '2010-09-04 15:32:22'::timestamp without time zone) AND (c.creationdate <= '2014-09-01 06:21:53'::timestamp without time zone) AND (c.score = 1))", "Rows Removed by Filter": 68184}]}, {"Node Type": "Sort", "Parent Relationship": "Inner", "Parallel Aware": false, "Startup Cost": 1243.17, "Total Cost": 1246.09, "Plan Rows": 1168, "Plan Width": 4, "Actual Startup Time": 6.658, "Actual Total Time": 7.289, "Actual Rows": 7311, "Actual Loops": 1, "Output": ["p.id"], "Sort Key": ["p.id"], "Sort Method": "quicksort", "Sort Space Used": 536, "Sort Space Type": "Memory", "Plans": [{"Node Type": "Seq Scan", "Parent Relationship": "Outer", "Parallel Aware": false, "Relation Name": "posts", "Schema": "public", "Alias": "p", "Startup Cost": 0.0, "Total Cost": 1183.66, "Plan Rows": 1168, "Plan Width": 4, "Actual Startup Time": 0.018, "Actual Total Time": 5.85, "Actual Rows": 7323, "Actual Loops": 1, "Output": ["p.id"], "Filter": "((p.score >= '-5'::integer) AND (p.answercount <= 7) AND (p.favoritecount >= 0) AND (p.posttypeid = 1))", "Rows Removed by Filter": 33860}]}]}, {"Node Type": "Index Scan", "Parent Relationship": "Inner", "Parallel Aware": false, "Scan Direction": "Forward", "Index Name": "idx_votes_postid", "Relation Name": "votes", "Schema": "public", "Alias": "v", "Startup Cost": 0.29, "Total Cost": 0.9, "Plan Rows": 5, "Plan Width": 4, "Actual Startup Time": 0.003, "Actual Total Time": 0.008, "Actual Rows": 5, "Actual Loops": 2720, "Output": ["v.id", "v.postid", "v.votetypeid", "v.creationdate", "v.userid", "v.bountyamount"], "Index Cond": "(v.postid = c.postid)", "Rows Removed by Index Recheck": 0, "Filter": "((v.creationdate <= '2014-09-13 00:00:00'::timestamp without time zone) AND (v.votetypeid = 2))", "Rows Removed by Filter": 2}]}, {"Node Type": "Index Only Scan", "Parent Relationship": "Inner", "Parallel Aware": false, "Scan Direction": "Forward", "Index Name": "idx_badges_userid", "Relation Name": "badges", "Schema": "public", "Alias": "b", "Startup Cost": 0.29, "Total Cost": 0.36, "Plan Rows": 3, "Plan Width": 4, "Actual Startup Time": 0.002, "Actual Total Time": 0.007, "Actual Rows": 74, "Actual Loops": 14691, "Output": ["b.userid"], "Index Cond": "(b.userid = c.userid)", "Rows Removed by Index Recheck": 0, "Heap Fetches": 0}]}, {"Node Type": "Materialize", "Parent Relationship": "Inner", "Parallel Aware": false, "Startup Cost": 0.57, "Total Cost": 2569.62, "Plan Rows": 16423, "Plan Width": 8, "Actual Startup Time": 0.027, "Actual Total Time": 315.785, "Actual Rows": 6572894, "Actual Loops": 1, "Output": ["pl.relatedpostid", "ph.postid"], "Plans": [{"Node Type": "Nested Loop", "Parent Relationship": "Outer", "Parallel Aware": false, "Join Type": "Inner", "Startup Cost": 0.57, "Total Cost": 2528.56, "Plan Rows": 16423, "Plan Width": 8, "Actual Startup Time": 0.026, "Actual Total Time": 16.356, "Actual Rows": 23768, "Actual Loops": 1, "Output": ["pl.relatedpostid", "ph.postid"], "Inner Unique": false, "Plans": [{"Node Type": "Index Only Scan", "Parent Relationship": "Outer", "Parallel Aware": false, "Scan Direction": "Forward", "Index Name": "idx_postlinks_relatedpostid", "Relation Name": "postlinks", "Schema": "public", "Alias": "pl", "Startup Cost": 0.28, "Total Cost": 101.78, "Plan Rows": 3833, "Plan Width": 4, "Actual Startup Time": 0.012, "Actual Total Time": 6.106, "Actual Rows": 3833, "Actual Loops": 1, "Output": ["pl.relatedpostid"], "Heap Fetches": 0}, {"Node Type": "Index Only Scan", "Parent Relationship": "Inner", "Parallel Aware": false, "Scan Direction": "Forward", "Index Name": "idx_posthistory_postid", "Relation Name": "posthistory", "Schema": "public", "Alias": "ph", "Startup Cost": 0.29, "Total Cost": 0.59, "Plan Rows": 4, "Plan Width": 4, "Actual Startup Time": 0.002, "Actual Total Time": 0.002, "Actual Rows": 6, "Actual Loops": 3833, "Output": ["ph.postid"], "Index Cond": "(ph.postid = pl.relatedpostid)", "Rows Removed by Index Recheck": 0, "Heap Fetches": 0}]}]}]}]}, "Planning Time": 4.856, "Triggers": [], "Execution Time": 1578.181}]#####[{"Plan": {"Node Type": "Aggregate", "Strategy": "Plain", "Partial Mode": "Simple", "Parallel Aware": false, "Startup Cost": 5170.89, "Total Cost": 5170.9, "Plan Rows": 1, "Plan Width": 8, "Actual Startup Time": 1479.916, "Actual Total Time": 1479.922, "Actual Rows": 1, "Actual Loops": 1, "Output": ["count(*)"], "Plans": [{"Node Type": "Nested Loop", "Parent Relationship": "Outer", "Parallel Aware": false, "Join Type": "Inner", "Startup Cost": 1244.62, "Total Cost": 5130.33, "Plan Rows": 16227, "Plan Width": 0, "Actual Startup Time": 13.561, "Actual Total Time": 1173.701, "Actual Rows": 6554218, "Actual Loops": 1, "Inner Unique": false, "Plans": [{"Node Type": "Merge Join", "Parent Relationship": "Outer", "Parallel Aware": false, "Join Type": "Inner", "Startup Cost": 1244.33, "Total Cost": 5009.04, "Plan Rows": 311, "Plan Width": 4, "Actual Startup Time": 13.544, "Actual Total Time": 106.392, "Actual Rows": 75792, "Actual Loops": 1, "Output": ["c.userid"], "Inner Unique": false, "Merge Cond": "(p.id = ph.postid)", "Plans": [{"Node Type": "Nested Loop", "Parent Relationship": "Outer", "Parallel Aware": false, "Join Type": "Inner", "Startup Cost": 1244.04, "Total Cost": 1516.26, "Plan Rows": 9800, "Plan Width": 20, "Actual Startup Time": 13.515, "Actual Total Time": 71.247, "Actual Rows": 11098, "Actual Loops": 1, "Output": ["c.postid", "c.userid", "p.id", "pl.relatedpostid", "v.postid"], "Inner Unique": false, "Join Filter": "(p.id = v.postid)", "Rows Removed by Join Filter": 0, "Plans": [{"Node Type": "Nested Loop", "Parent Relationship": "Outer", "Parallel Aware": false, "Join Type": "Inner", "Startup Cost": 1243.74, "Total Cost": 1487.49, "Plan Rows": 30, "Plan Width": 16, "Actual Startup Time": 13.497, "Actual Total Time": 35.867, "Actual Rows": 1198, "Actual Loops": 1, "Output": ["c.postid", "c.userid", "p.id", "pl.relatedpostid"], "Inner Unique": false, "Join Filter": "(p.id = c.postid)", "Rows Removed by Join Filter": 0, "Plans": [{"Node Type": "Merge Join", "Parent Relationship": "Outer", "Parallel Aware": false, "Join Type": "Inner", "Startup Cost": 1243.45, "Total Cost": 1361.44, "Plan Rows": 109, "Plan Width": 8, "Actual Startup Time": 13.443, "Actual Total Time": 22.994, "Actual Rows": 2753, "Actual Loops": 1, "Output": ["p.id", "pl.relatedpostid"], "Inner Unique": true, "Merge Cond": "(pl.relatedpostid = p.id)", "Plans": [{"Node Type": "Index Only Scan", "Parent Relationship": "Outer", "Parallel Aware": false, "Scan Direction": "Forward", "Index Name": "idx_postlinks_relatedpostid", "Relation Name": "postlinks", "Schema": "public", "Alias": "pl", "Startup Cost": 0.28, "Total Cost": 101.78, "Plan Rows": 3833, "Plan Width": 4, "Actual Startup Time": 0.024, "Actual Total Time": 0.695, "Actual Rows": 3833, "Actual Loops": 1, "Output": ["pl.relatedpostid"], "Heap Fetches": 0}, {"Node Type": "Sort", "Parent Relationship": "Inner", "Parallel Aware": false, "Startup Cost": 1243.17, "Total Cost": 1246.09, "Plan Rows": 1168, "Plan Width": 4, "Actual Startup Time": 13.414, "Actual Total Time": 13.998, "Actual Rows": 7308, "Actual Loops": 1, "Output": ["p.id"], "Sort Key": ["p.id"], "Sort Method": "quicksort", "Sort Space Used": 536, "Sort Space Type": "Memory", "Plans": [{"Node Type": "Seq Scan", "Parent Relationship": "Outer", "Parallel Aware": false, "Relation Name": "posts", "Schema": "public", "Alias": "p", "Startup Cost": 0.0, "Total Cost": 1183.66, "Plan Rows": 1168, "Plan Width": 4, "Actual Startup Time": 0.021, "Actual Total Time": 12.183, "Actual Rows": 7323, "Actual Loops": 1, "Output": ["p.id"], "Filter": "((p.score >= '-5'::integer) AND (p.answercount <= 7) AND (p.favoritecount >= 0) AND (p.posttypeid = 1))", "Rows Removed by Filter": 33860}]}]}, {"Node Type": "Index Scan", "Parent Relationship": "Inner", "Parallel Aware": false, "Scan Direction": "Forward", "Index Name": "idx_comments_postid", "Relation Name": "comments", "Schema": "public", "Alias": "c", "Startup Cost": 0.29, "Total Cost": 1.14, "Plan Rows": 1, "Plan Width": 8, "Actual Startup Time": 0.004, "Actual Total Time": 0.004, "Actual Rows": 0, "Actual Loops": 2753, "Output": ["c.id", "c.postid", "c.score", "c.creationdate", "c.userid"], "Index Cond": "(c.postid = pl.relatedpostid)", "Rows Removed by Index Recheck": 0, "Filter": "((c.creationdate >= '2010-09-04 15:32:22'::timestamp without time zone) AND (c.creationdate <= '2014-09-01 06:21:53'::timestamp without time zone) AND (c.score = 1))", "Rows Removed by Filter": 2}]}, {"Node Type": "Index Scan", "Parent Relationship": "Inner", "Parallel Aware": false, "Scan Direction": "Forward", "Index Name": "idx_votes_postid", "Relation Name": "votes", "Schema": "public", "Alias": "v", "Startup Cost": 0.29, "Total Cost": 0.9, "Plan Rows": 5, "Plan Width": 4, "Actual Startup Time": 0.004, "Actual Total Time": 0.028, "Actual Rows": 9, "Actual Loops": 1198, "Output": ["v.id", "v.postid", "v.votetypeid", "v.creationdate", "v.userid", "v.bountyamount"], "Index Cond": "(v.postid = c.postid)", "Rows Removed by Index Recheck": 0, "Filter": "((v.creationdate <= '2014-09-13 00:00:00'::timestamp without time zone) AND (v.votetypeid = 2))", "Rows Removed by Filter": 5}]}, {"Node Type": "Index Only Scan", "Parent Relationship": "Inner", "Parallel Aware": false, "Scan Direction": "Forward", "Index Name": "idx_posthistory_postid", "Relation Name": "posthistory", "Schema": "public", "Alias": "ph", "Startup Cost": 0.29, "Total Cost": 2834.2, "Plan Rows": 129994, "Plan Width": 4, "Actual Startup Time": 0.022, "Actual Total Time": 19.319, "Actual Rows": 202375, "Actual Loops": 1, "Output": ["ph.postid"], "Heap Fetches": 0}]}, {"Node Type": "Index Only Scan", "Parent Relationship": "Inner", "Parallel Aware": false, "Scan Direction": "Forward", "Index Name": "idx_badges_userid", "Relation Name": "badges", "Schema": "public", "Alias": "b", "Startup Cost": 0.29, "Total Cost": 0.36, "Plan Rows": 3, "Plan Width": 4, "Actual Startup Time": 0.001, "Actual Total Time": 0.008, "Actual Rows": 86, "Actual Loops": 75792, "Output": ["b.userid"], "Index Cond": "(b.userid = c.userid)", "Rows Removed by Index Recheck": 0, "Heap Fetches": 0}]}]}, "Planning Time": 5.507, "Triggers": [], "Execution Time": 1480.163}]
[{"Plan": {"Node Type": "Aggregate", "Strategy": "Plain", "Partial Mode": "Simple", "Parallel Aware": false, "Startup Cost": 1659.24, "Total Cost": 1659.25, "Plan Rows": 1, "Plan Width": 8, "Actual Startup Time": 17.623, "Actual Total Time": 17.627, "Actual Rows": 1, "Actual Loops": 1, "Output": ["count(*)"], "Plans": [{"Node Type": "Merge Join", "Parent Relationship": "Outer", "Parallel Aware": false, "Join Type": "Inner", "Startup Cost": 0.87, "Total Cost": 1647.83, "Plan Rows": 4566, "Plan Width": 0, "Actual Startup Time": 17.612, "Actual Total Time": 17.615, "Actual Rows": 0, "Actual Loops": 1, "Inner Unique": false, "Merge Cond": "(v.userid = p.owneruserid)", "Plans": [{"Node Type": "Merge Join", "Parent Relationship": "Outer", "Parallel Aware": false, "Join Type": "Inner", "Startup Cost": 0.58, "Total Cost": 1435.75, "Plan Rows": 11291, "Plan Width": 8, "Actual Startup Time": 17.611, "Actual Total Time": 17.614, "Actual Rows": 0, "Actual Loops": 1, "Output": ["v.userid", "u.id"], "Inner Unique": true, "Merge Cond": "(v.userid = u.id)", "Plans": [{"Node Type": "Index Scan", "Parent Relationship": "Outer", "Parallel Aware": false, "Scan Direction": "Forward", "Index Name": "idx_votes_userid", "Relation Name": "votes", "Schema": "public", "Alias": "v", "Startup Cost": 0.29, "Total Cost": 6730.74, "Plan Rows": 133800, "Plan Width": 4, "Actual Startup Time": 17.609, "Actual Total Time": 17.611, "Actual Rows": 1, "Actual Loops": 1, "Output": ["v.id", "v.postid", "v.votetypeid", "v.creationdate", "v.userid", "v.bountyamount"], "Filter": "((v.creationdate >= '2010-07-19 00:00:00'::timestamp without time zone) AND (v.votetypeid = 2))", "Rows Removed by Filter": 15605}, {"Node Type": "Index Scan", "Parent Relationship": "Inner", "Parallel Aware": false, "Scan Direction": "Forward", "Index Name": "users_pkey", "Relation Name": "users", "Schema": "public", "Alias": "u", "Startup Cost": 0.29, "Total Cost": 621.32, "Plan Rows": 13332, "Plan Width": 4, "Actual Startup Time": 0.0, "Actual Total Time": 0.0, "Actual Rows": 0, "Actual Loops": 0, "Output": ["u.id", "u.reputation", "u.creationdate", "u.views", "u.upvotes", "u.downvotes"], "Filter": "((u.upvotes <= 15) AND (u.creationdate <= '2014-08-24 21:12:02'::timestamp without time zone) AND (u.downvotes = 0))", "Rows Removed by Filter": 0}]}, {"Node Type": "Index Only Scan", "Parent Relationship": "Inner", "Parallel Aware": false, "Scan Direction": "Forward", "Index Name": "idx_posts_owneruserid", "Relation Name": "posts", "Schema": "public", "Alias": "p", "Startup Cost": 0.29, "Total Cost": 846.03, "Plan Rows": 41183, "Plan Width": 4, "Actual Startup Time": 0.0, "Actual Total Time": 0.0, "Actual Rows": 0, "Actual Loops": 0, "Output": ["p.owneruserid"], "Heap Fetches": 0}]}]}, "Planning Time": 0.969, "Triggers": [], "Execution Time": 17.793}]#####[{"Plan": {"Node Type": "Aggregate", "Strategy": "Plain", "Partial Mode": "Simple", "Parallel Aware": false, "Startup Cost": 60086.22, "Total Cost": 60086.23, "Plan Rows": 1, "Plan Width": 8, "Actual Startup Time": 14.377, "Actual Total Time": 14.381, "Actual Rows": 1, "Actual Loops": 1, "Output": ["count(*)"], "Plans": [{"Node Type": "Merge Join", "Parent Relationship": "Outer", "Parallel Aware": false, "Join Type": "Inner", "Startup Cost": 0.87, "Total Cost": 59972.05, "Plan Rows": 45667, "Plan Width": 0, "Actual Startup Time": 14.367, "Actual Total Time": 14.371, "Actual Rows": 0, "Actual Loops": 1, "Inner Unique": true, "Merge Cond": "(v.userid = u.id)", "Plans": [{"Node Type": "Merge Join", "Parent Relationship": "Outer", "Parallel Aware": false, "Join Type": "Inner", "Startup Cost": 0.58, "Total Cost": 9097.3, "Plan Rows": 54116600, "Plan Width": 8, "Actual Startup Time": 14.366, "Actual Total Time": 14.37, "Actual Rows": 0, "Actual Loops": 1, "Output": ["v.userid", "p.owneruserid"], "Inner Unique": false, "Merge Cond": "(p.owneruserid = v.userid)", "Plans": [{"Node Type": "Index Only Scan", "Parent Relationship": "Outer", "Parallel Aware": false, "Scan Direction": "Forward", "Index Name": "idx_posts_owneruserid", "Relation Name": "posts", "Schema": "public", "Alias": "p", "Startup Cost": 0.29, "Total Cost": 846.03, "Plan Rows": 41183, "Plan Width": 4, "Actual Startup Time": 0.018, "Actual Total Time": 0.021, "Actual Rows": 1, "Actual Loops": 1, "Output": ["p.owneruserid"], "Heap Fetches": 0}, {"Node Type": "Materialize", "Parent Relationship": "Inner", "Parallel Aware": false, "Startup Cost": 0.29, "Total Cost": 7065.24, "Plan Rows": 133800, "Plan Width": 4, "Actual Startup Time": 14.345, "Actual Total Time": 14.346, "Actual Rows": 1, "Actual Loops": 1, "Output": ["v.id", "v.postid", "v.votetypeid", "v.creationdate", "v.userid", "v.bountyamount"], "Plans": [{"Node Type": "Index Scan", "Parent Relationship": "Outer", "Parallel Aware": false, "Scan Direction": "Forward", "Index Name": "idx_votes_userid", "Relation Name": "votes", "Schema": "public", "Alias": "v", "Startup Cost": 0.29, "Total Cost": 6730.74, "Plan Rows": 133800, "Plan Width": 4, "Actual Startup Time": 14.337, "Actual Total Time": 14.337, "Actual Rows": 1, "Actual Loops": 1, "Output": ["v.id", "v.postid", "v.votetypeid", "v.creationdate", "v.userid", "v.bountyamount"], "Filter": "((v.creationdate >= '2010-07-19 00:00:00'::timestamp without time zone) AND (v.votetypeid = 2))", "Rows Removed by Filter": 15605}]}]}, {"Node Type": "Index Scan", "Parent Relationship": "Inner", "Parallel Aware": false, "Scan Direction": "Forward", "Index Name": "users_pkey", "Relation Name": "users", "Schema": "public", "Alias": "u", "Startup Cost": 0.29, "Total Cost": 621.32, "Plan Rows": 13332, "Plan Width": 4, "Actual Startup Time": 0.0, "Actual Total Time": 0.0, "Actual Rows": 0, "Actual Loops": 0, "Output": ["u.id", "u.reputation", "u.creationdate", "u.views", "u.upvotes", "u.downvotes"], "Filter": "((u.upvotes <= 15) AND (u.creationdate <= '2014-08-24 21:12:02'::timestamp without time zone) AND (u.downvotes = 0))", "Rows Removed by Filter": 0}]}]}, "Planning Time": 2.664, "Triggers": [], "Execution Time": 14.492}]
[{"Plan": {"Node Type": "Aggregate", "Strategy": "Plain", "Partial Mode": "Simple", "Parallel Aware": false, "Startup Cost": 1475.16, "Total Cost": 1475.17, "Plan Rows": 1, "Plan Width": 8, "Actual Startup Time": 1971.084, "Actual Total Time": 1971.088, "Actual Rows": 1, "Actual Loops": 1, "Output": ["count(*)"], "Plans": [{"Node Type": "Merge Join", "Parent Relationship": "Outer", "Parallel Aware": false, "Join Type": "Inner", "Startup Cost": 1.8, "Total Cost": 1465.96, "Plan Rows": 3679, "Plan Width": 0, "Actual Startup Time": 0.614, "Actual Total Time": 1668.769, "Actual Rows": 6643145, "Actual Loops": 1, "Inner Unique": true, "Merge Cond": "(v.userid = u.id)", "Plans": [{"Node Type": "Merge Join", "Parent Relationship": "Outer", "Parallel Aware": false, "Join Type": "Inner", "Startup Cost": 1.52, "Total Cost": 6040.87, "Plan Rows": 389175, "Plan Width": 12, "Actual Startup Time": 0.589, "Actual Total Time": 1078.63, "Actual Rows": 6643145, "Actual Loops": 1, "Output": ["v.userid", "p.owneruserid", "b.userid"], "Inner Unique": false, "Merge Cond": "(b.userid = v.userid)", "Plans": [{"Node Type": "Index Only Scan", "Parent Relationship": "Outer", "Parallel Aware": false, "Scan Direction": "Forward", "Index Name": "idx_badges_userid", "Relation Name": "badges", "Schema": "public", "Alias": "b", "Startup Cost": 0.29, "Total Cost": 713.65, "Plan Rows": 32624, "Plan Width": 4, "Actual Startup Time": 0.02, "Actual Total Time": 2.994, "Actual Rows": 32624, "Actual Loops": 1, "Output": ["b.userid"], "Heap Fetches": 0}, {"Node Type": "Materialize", "Parent Relationship": "Inner", "Parallel Aware": false, "Startup Cost": 0.58, "Total Cost": 6237.55, "Plan Rows": 247873, "Plan Width": 8, "Actual Startup Time": 0.565, "Actual Total Time": 343.219, "Actual Rows": 6643163, "Actual Loops": 1, "Output": ["v.userid", "p.owneruserid"], "Plans": [{"Node Type": "Merge Join", "Parent Relationship": "Outer", "Parallel Aware": false, "Join Type": "Inner", "Startup Cost": 0.58, "Total Cost": 5617.87, "Plan Rows": 247873, "Plan Width": 8, "Actual Startup Time": 0.56, "Actual Total Time": 68.938, "Actual Rows": 141996, "Actual Loops": 1, "Output": ["v.userid", "p.owneruserid"], "Inner Unique": false, "Merge Cond": "(p.owneruserid = v.userid)", "Plans": [{"Node Type": "Index Scan", "Parent Relationship": "Outer", "Parallel Aware": false, "Scan Direction": "Forward", "Index Name": "idx_posts_owneruserid", "Relation Name": "posts", "Schema": "public", "Alias": "p", "Startup Cost": 0.29, "Total Cost": 2007.11, "Plan Rows": 15369, "Plan Width": 4, "Actual Startup Time": 0.456, "Actual Total Time": 29.835, "Actual Rows": 14925, "Actual Loops": 1, "Output": ["p.id", "p.posttypeid", "p.creationdate", "p.score", "p.viewcount", "p.owneruserid", "p.answercount", "p.commentcount", "p.favoritecount", "p.lasteditoruserid"], "Filter": "((p.viewcount <= 3432) AND (p.creationdate <= '2014-09-08 13:59:14'::timestamp without time zone))", "Rows Removed by Filter": 25190}, {"Node Type": "Materialize", "Parent Relationship": "Inner", "Parallel Aware": false, "Startup Cost": 0.29, "Total Cost": 6730.7, "Plan Rows": 164220, "Plan Width": 4, "Actual Startup Time": 0.03, "Actual Total Time": 21.631, "Actual Rows": 145649, "Actual Loops": 1, "Output": ["v.id", "v.postid", "v.votetypeid", "v.creationdate", "v.userid", "v.bountyamount"], "Plans": [{"Node Type": "Index Scan", "Parent Relationship": "Outer", "Parallel Aware": false, "Scan Direction": "Forward", "Index Name": "idx_votes_userid", "Relation Name": "votes", "Schema": "public", "Alias": "v", "Startup Cost": 0.29, "Total Cost": 6320.15, "Plan Rows": 164220, "Plan Width": 4, "Actual Startup Time": 0.024, "Actual Total Time": 15.18, "Actual Rows": 15606, "Actual Loops": 1, "Output": ["v.id", "v.postid", "v.votetypeid", "v.creationdate", "v.userid", "v.bountyamount"], "Filter": "(v.creationdate <= '2014-09-08 00:00:00'::timestamp without time zone)", "Rows Removed by Filter": 0}]}]}]}]}, {"Node Type": "Index Only Scan", "Parent Relationship": "Inner", "Parallel Aware": false, "Scan Direction": "Forward", "Index Name": "users_pkey", "Relation Name": "users", "Schema": "public", "Alias": "u", "Startup Cost": 0.29, "Total Cost": 396.31, "Plan Rows": 14935, "Plan Width": 4, "Actual Startup Time": 0.023, "Actual Total Time": 1.393, "Actual Rows": 14933, "Actual Loops": 1, "Output": ["u.id"], "Heap Fetches": 0}]}]}, "Planning Time": 1.46, "Triggers": [], "Execution Time": 1971.389}]#####[{"Plan": {"Node Type": "Aggregate", "Strategy": "Plain", "Partial Mode": "Simple", "Parallel Aware": false, "Startup Cost": 2885.87, "Total Cost": 2885.88, "Plan Rows": 1, "Plan Width": 8, "Actual Startup Time": 1291.531, "Actual Total Time": 1291.535, "Actual Rows": 1, "Actual Loops": 1, "Output": ["count(*)"], "Plans": [{"Node Type": "Merge Join", "Parent Relationship": "Outer", "Parallel Aware": false, "Join Type": "Inner", "Startup Cost": 1.24, "Total Cost": 2793.9, "Plan Rows": 36790, "Plan Width": 0, "Actual Startup Time": 0.692, "Actual Total Time": 965.809, "Actual Rows": 6643145, "Actual Loops": 1, "Inner Unique": false, "Merge Cond": "(u.id = v.userid)", "Plans": [{"Node Type": "Merge Join", "Parent Relationship": "Outer", "Parallel Aware": false, "Join Type": "Inner", "Startup Cost": 0.66, "Total Cost": 1551.73, "Plan Rows": 32624, "Plan Width": 8, "Actual Startup Time": 0.051, "Actual Total Time": 8.525, "Actual Rows": 32624, "Actual Loops": 1, "Output": ["b.userid", "u.id"], "Inner Unique": true, "Merge Cond": "(b.userid = u.id)", "Plans": [{"Node Type": "Index Only Scan", "Parent Relationship": "Outer", "Parallel Aware": false, "Scan Direction": "Forward", "Index Name": "idx_badges_userid", "Relation Name": "badges", "Schema": "public", "Alias": "b", "Startup Cost": 0.29, "Total Cost": 713.65, "Plan Rows": 32624, "Plan Width": 4, "Actual Startup Time": 0.022, "Actual Total Time": 3.005, "Actual Rows": 32624, "Actual Loops": 1, "Output": ["b.userid"], "Heap Fetches": 0}, {"Node Type": "Index Only Scan", "Parent Relationship": "Inner", "Parallel Aware": false, "Scan Direction": "Forward", "Index Name": "users_pkey", "Relation Name": "users", "Schema": "public", "Alias": "u", "Startup Cost": 0.29, "Total Cost": 396.31, "Plan Rows": 14935, "Plan Width": 4, "Actual Startup Time": 0.024, "Actual Total Time": 1.385, "Actual Rows": 14933, "Actual Loops": 1, "Output": ["u.id"], "Heap Fetches": 0}]}, {"Node Type": "Materialize", "Parent Relationship": "Inner", "Parallel Aware": false, "Startup Cost": 0.58, "Total Cost": 6237.55, "Plan Rows": 247873, "Plan Width": 8, "Actual Startup Time": 0.634, "Actual Total Time": 346.887, "Actual Rows": 6643163, "Actual Loops": 1, "Output": ["v.userid", "p.owneruserid"], "Plans": [{"Node Type": "Merge Join", "Parent Relationship": "Outer", "Parallel Aware": false, "Join Type": "Inner", "Startup Cost": 0.58, "Total Cost": 5617.87, "Plan Rows": 247873, "Plan Width": 8, "Actual Startup Time": 0.628, "Actual Total Time": 70.297, "Actual Rows": 141996, "Actual Loops": 1, "Output": ["v.userid", "p.owneruserid"], "Inner Unique": false, "Merge Cond": "(p.owneruserid = v.userid)", "Plans": [{"Node Type": "Index Scan", "Parent Relationship": "Outer", "Parallel Aware": false, "Scan Direction": "Forward", "Index Name": "idx_posts_owneruserid", "Relation Name": "posts", "Schema": "public", "Alias": "p", "Startup Cost": 0.29, "Total Cost": 2007.11, "Plan Rows": 15369, "Plan Width": 4, "Actual Startup Time": 0.512, "Actual Total Time": 20.275, "Actual Rows": 14925, "Actual Loops": 1, "Output": ["p.id", "p.posttypeid", "p.creationdate", "p.score", "p.viewcount", "p.owneruserid", "p.answercount", "p.commentcount", "p.favoritecount", "p.lasteditoruserid"], "Filter": "((p.viewcount <= 3432) AND (p.creationdate <= '2014-09-08 13:59:14'::timestamp without time zone))", "Rows Removed by Filter": 25190}, {"Node Type": "Materialize", "Parent Relationship": "Inner", "Parallel Aware": false, "Startup Cost": 0.29, "Total Cost": 6730.7, "Plan Rows": 164220, "Plan Width": 4, "Actual Startup Time": 0.034, "Actual Total Time": 24.151, "Actual Rows": 145649, "Actual Loops": 1, "Output": ["v.id", "v.postid", "v.votetypeid", "v.creationdate", "v.userid", "v.bountyamount"], "Plans": [{"Node Type": "Index Scan", "Parent Relationship": "Outer", "Parallel Aware": false, "Scan Direction": "Forward", "Index Name": "idx_votes_userid", "Relation Name": "votes", "Schema": "public", "Alias": "v", "Startup Cost": 0.29, "Total Cost": 6320.15, "Plan Rows": 164220, "Plan Width": 4, "Actual Startup Time": 0.029, "Actual Total Time": 15.377, "Actual Rows": 15606, "Actual Loops": 1, "Output": ["v.id", "v.postid", "v.votetypeid", "v.creationdate", "v.userid", "v.bountyamount"], "Filter": "(v.creationdate <= '2014-09-08 00:00:00'::timestamp without time zone)", "Rows Removed by Filter": 0}]}]}]}]}]}, "Planning Time": 1.491, "Triggers": [], "Execution Time": 1291.855}]#####[{"Plan": {"Node Type": "Aggregate", "Strategy": "Plain", "Partial Mode": "Simple", "Parallel Aware": false, "Startup Cost": 27994.72, "Total Cost": 27994.73, "Plan Rows": 1, "Plan Width": 8, "Actual Startup Time": 1274.761, "Actual Total Time": 1274.765, "Actual Rows": 1, "Actual Loops": 1, "Output": ["count(*)"], "Plans": [{"Node Type": "Merge Join", "Parent Relationship": "Outer", "Parallel Aware": false, "Join Type": "Inner", "Startup Cost": 5.7, "Total Cost": 27902.75, "Plan Rows": 36790, "Plan Width": 0, "Actual Startup Time": 0.489, "Actual Total Time": 979.487, "Actual Rows": 6643145, "Actual Loops": 1, "Inner Unique": false, "Merge Cond": "(u.id = b.userid)", "Plans": [{"Node Type": "Merge Join", "Parent Relationship": "Outer", "Parallel Aware": false, "Join Type": "Inner", "Startup Cost": 0.87, "Total Cost": 26568.42, "Plan Rows": 23432, "Plan Width": 12, "Actual Startup Time": 0.469, "Actual Total Time": 64.202, "Actual Rows": 141996, "Actual Loops": 1, "Output": ["v.userid", "p.owneruserid", "u.id"], "Inner Unique": false, "Merge Cond": "(v.userid = u.id)", "Plans": [{"Node Type": "Index Scan", "Parent Relationship": "Outer", "Parallel Aware": false, "Scan Direction": "Forward", "Index Name": "idx_votes_userid", "Relation Name": "votes", "Schema": "public", "Alias": "v", "Startup Cost": 0.29, "Total Cost": 6320.15, "Plan Rows": 164220, "Plan Width": 4, "Actual Startup Time": 0.023, "Actual Total Time": 15.619, "Actual Rows": 15606, "Actual Loops": 1, "Output": ["v.id", "v.postid", "v.votetypeid", "v.creationdate", "v.userid", "v.bountyamount"], "Filter": "(v.creationdate <= '2014-09-08 00:00:00'::timestamp without time zone)", "Rows Removed by Filter": 0}, {"Node Type": "Materialize", "Parent Relationship": "Inner", "Parallel Aware": false, "Startup Cost": 0.57, "Total Cost": 6319.01, "Plan Rows": 1498100, "Plan Width": 8, "Actual Startup Time": 0.393, "Actual Total Time": 30.892, "Actual Rows": 150826, "Actual Loops": 1, "Output": ["p.owneruserid", "u.id"], "Plans": [{"Node Type": "Merge Join", "Parent Relationship": "Outer", "Parallel Aware": false, "Join Type": "Inner", "Startup Cost": 0.57, "Total Cost": 2573.76, "Plan Rows": 1498100, "Plan Width": 8, "Actual Startup Time": 0.39, "Actual Total Time": 23.52, "Actual Rows": 14921, "Actual Loops": 1, "Output": ["p.owneruserid", "u.id"], "Inner Unique": true, "Merge Cond": "(p.owneruserid = u.id)", "Plans": [{"Node Type": "Index Scan", "Parent Relationship": "Outer", "Parallel Aware": false, "Scan Direction": "Forward", "Index Name": "idx_posts_owneruserid", "Relation Name": "posts", "Schema": "public", "Alias": "p", "Startup Cost": 0.29, "Total Cost": 2007.11, "Plan Rows": 15369, "Plan Width": 4, "Actual Startup Time": 0.366, "Actual Total Time": 19.512, "Actual Rows": 14931, "Actual Loops": 1, "Output": ["p.id", "p.posttypeid", "p.creationdate", "p.score", "p.viewcount", "p.owneruserid", "p.answercount", "p.commentcount", "p.favoritecount", "p.lasteditoruserid"], "Filter": "((p.viewcount <= 3432) AND (p.creationdate <= '2014-09-08 13:59:14'::timestamp without time zone))", "Rows Removed by Filter": 25196}, {"Node Type": "Index Only Scan", "Parent Relationship": "Inner", "Parallel Aware": false, "Scan Direction": "Forward", "Index Name": "users_pkey", "Relation Name": "users", "Schema": "public", "Alias": "u", "Startup Cost": 0.29, "Total Cost": 396.31, "Plan Rows": 14935, "Plan Width": 4, "Actual Startup Time": 0.022, "Actual Total Time": 1.443, "Actual Rows": 14934, "Actual Loops": 1, "Output": ["u.id"], "Heap Fetches": 0}]}]}]}, {"Node Type": "Materialize", "Parent Relationship": "Inner", "Parallel Aware": false, "Startup Cost": 0.29, "Total Cost": 795.21, "Plan Rows": 32624, "Plan Width": 4, "Actual Startup Time": 0.017, "Actual Total Time": 265.839, "Actual Rows": 6663840, "Actual Loops": 1, "Output": ["b.userid"], "Plans": [{"Node Type": "Index Only Scan", "Parent Relationship": "Outer", "Parallel Aware": false, "Scan Direction": "Forward", "Index Name": "idx_badges_userid", "Relation Name": "badges", "Schema": "public", "Alias": "b", "Startup Cost": 0.29, "Total Cost": 713.65, "Plan Rows": 32624, "Plan Width": 4, "Actual Startup Time": 0.015, "Actual Total Time": 2.813, "Actual Rows": 32624, "Actual Loops": 1, "Output": ["b.userid"], "Heap Fetches": 0}]}]}]}, "Planning Time": 2.321, "Triggers": [], "Execution Time": 1274.881}]
[{"Plan": {"Node Type": "Aggregate", "Strategy": "Plain", "Partial Mode": "Simple", "Parallel Aware": false, "Startup Cost": 6250.1, "Total Cost": 6250.11, "Plan Rows": 1, "Plan Width": 8, "Actual Startup Time": 101.63, "Actual Total Time": 101.639, "Actual Rows": 1, "Actual Loops": 1, "Output": ["count(*)"], "Plans": [{"Node Type": "Hash Join", "Parent Relationship": "Outer", "Parallel Aware": false, "Join Type": "Inner", "Startup Cost": 2573.16, "Total Cost": 5724.97, "Plan Rows": 210050, "Plan Width": 0, "Actual Startup Time": 23.982, "Actual Total Time": 82.515, "Actual Rows": 512735, "Actual Loops": 1, "Inner Unique": false, "Hash Cond": "(ph.userid = u.id)", "Plans": [{"Node Type": "Seq Scan", "Parent Relationship": "Outer", "Parallel Aware": false, "Relation Name": "posthistory", "Schema": "public", "Alias": "ph", "Startup Cost": 0.0, "Total Cost": 2247.94, "Plan Rows": 129994, "Plan Width": 4, "Actual Startup Time": 0.01, "Actual Total Time": 8.568, "Actual Rows": 129994, "Actual Loops": 1, "Output": ["ph.id", "ph.posthistorytypeid", "ph.postid", "ph.creationdate", "ph.userid"]}, {"Node Type": "Hash", "Parent Relationship": "Inner", "Parallel Aware": false, "Startup Cost": 2507.84, "Total Cost": 2507.84, "Plan Rows": 5225, "Plan Width": 12, "Actual Startup Time": 23.891, "Actual Total Time": 23.897, "Actual Rows": 18652, "Actual Loops": 1, "Output": ["p.owneruserid", "u.id", "b.userid"], "Hash Buckets": 32768, "Original Hash Buckets": 8192, "Hash Batches": 1, "Original Hash Batches": 1, "Peak Memory Usage": 1058, "Plans": [{"Node Type": "Hash Join", "Parent Relationship": "Outer", "Parallel Aware": false, "Join Type": "Inner", "Startup Cost": 1672.28, "Total Cost": 2507.84, "Plan Rows": 5225, "Plan Width": 12, "Actual Startup Time": 13.915, "Actual Total Time": 21.459, "Actual Rows": 18652, "Actual Loops": 1, "Output": ["p.owneruserid", "u.id", "b.userid"], "Inner Unique": false, "Hash Cond": "(b.userid = u.id)", "Plans": [{"Node Type": "Seq Scan", "Parent Relationship": "Outer", "Parallel Aware": false, "Relation Name": "badges", "Schema": "public", "Alias": "b", "Startup Cost": 0.0, "Total Cost": 666.36, "Plan Rows": 31187, "Plan Width": 4, "Actual Startup Time": 0.154, "Actual Total Time": 4.008, "Actual Rows": 31174, "Actual Loops": 1, "Output": ["b.id", "b.userid", "b.date"], "Filter": "((b.date >= '2010-08-18 08:39:06'::timestamp without time zone) AND (b.date <= '2014-09-05 18:37:48'::timestamp without time zone))", "Rows Removed by Filter": 1450}, {"Node Type": "Hash", "Parent Relationship": "Inner", "Parallel Aware": false, "Startup Cost": 1641.01, "Total Cost": 1641.01, "Plan Rows": 2502, "Plan Width": 8, "Actual Startup Time": 13.741, "Actual Total Time": 13.746, "Actual Rows": 4344, "Actual Loops": 1, "Output": ["p.owneruserid", "u.id"], "Hash Buckets": 8192, "Original Hash Buckets": 4096, "Hash Batches": 1, "Original Hash Batches": 1, "Peak Memory Usage": 234, "Plans": [{"Node Type": "Hash Join", "Parent Relationship": "Outer", "Parallel Aware": false, "Join Type": "Inner", "Startup Cost": 655.98, "Total Cost": 1641.01, "Plan Rows": 2502, "Plan Width": 8, "Actual Startup Time": 5.22, "Actual Total Time": 13.053, "Actual Rows": 4344, "Actual Loops": 1, "Output": ["p.owneruserid", "u.id"], "Inner Unique": true, "Hash Cond": "(p.owneruserid = u.id)", "Plans": [{"Node Type": "Seq Scan", "Parent Relationship": "Outer", "Parallel Aware": false, "Relation Name": "posts", "Schema": "public", "Alias": "p", "Startup Cost": 0.0, "Total Cost": 977.75, "Plan Rows": 2776, "Plan Width": 4, "Actual Startup Time": 0.011, "Actual Total Time": 6.481, "Actual Rows": 7039, "Actual Loops": 1, "Output": ["p.id", "p.posttypeid", "p.creationdate", "p.score", "p.viewcount", "p.owneruserid", "p.answercount", "p.commentcount", "p.favoritecount", "p.lasteditoruserid"], "Filter": "((p.answercount >= 0) AND (p.favoritecount <= 9))", "Rows Removed by Filter": 34144}, {"Node Type": "Hash", "Parent Relationship": "Inner", "Parallel Aware": false, "Startup Cost": 483.38, "Total Cost": 483.38, "Plan Rows": 13808, "Plan Width": 4, "Actual Startup Time": 5.134, "Actual Total Time": 5.136, "Actual Rows": 14183, "Actual Loops": 1, "Output": ["u.id"], "Hash Buckets": 16384, "Original Hash Buckets": 16384, "Hash Batches": 1, "Original Hash Batches": 1, "Peak Memory Usage": 627, "Plans": [{"Node Type": "Seq Scan", "Parent Relationship": "Outer", "Parallel Aware": false, "Relation Name": "users", "Schema": "public", "Alias": "u", "Startup Cost": 0.0, "Total Cost": 483.38, "Plan Rows": 13808, "Plan Width": 4, "Actual Startup Time": 0.017, "Actual Total Time": 3.248, "Actual Rows": 14183, "Actual Loops": 1, "Output": ["u.id"], "Filter": "((u.reputation >= 1) AND (u.reputation <= 457) AND (u.upvotes >= 0) AND (u.upvotes <= 44) AND (u.creationdate >= '2010-07-19 19:48:20'::timestamp without time zone) AND (u.creationdate <= '2014-09-10 23:15:51'::timestamp without time zone))", "Rows Removed by Filter": 752}]}]}]}]}]}]}]}, "Planning Time": 1.491, "Triggers": [], "Execution Time": 101.975}]#####[{"Plan": {"Node Type": "Aggregate", "Strategy": "Plain", "Partial Mode": "Simple", "Parallel Aware": false, "Startup Cost": 8219.75, "Total Cost": 8219.76, "Plan Rows": 1, "Plan Width": 8, "Actual Startup Time": 217.459, "Actual Total Time": 217.475, "Actual Rows": 1, "Actual Loops": 1, "Output": ["count(*)"], "Plans": [{"Node Type": "Nested Loop", "Parent Relationship": "Outer", "Parallel Aware": false, "Join Type": "Inner", "Startup Cost": 1672.57, "Total Cost": 2968.5, "Plan Rows": 2100502, "Plan Width": 0, "Actual Startup Time": 12.01, "Actual Total Time": 183.345, "Actual Rows": 512735, "Actual Loops": 1, "Inner Unique": false, "Plans": [{"Node Type": "Hash Join", "Parent Relationship": "Outer", "Parallel Aware": false, "Join Type": "Inner", "Startup Cost": 1672.28, "Total Cost": 2507.84, "Plan Rows": 522, "Plan Width": 12, "Actual Startup Time": 11.981, "Actual Total Time": 31.02, "Actual Rows": 18652, "Actual Loops": 1, "Output": ["p.owneruserid", "u.id", "b.userid"], "Inner Unique": false, "Hash Cond": "(b.userid = u.id)", "Plans": [{"Node Type": "Seq Scan", "Parent Relationship": "Outer", "Parallel Aware": false, "Relation Name": "badges", "Schema": "public", "Alias": "b", "Startup Cost": 0.0, "Total Cost": 666.36, "Plan Rows": 31187, "Plan Width": 4, "Actual Startup Time": 0.147, "Actual Total Time": 8.784, "Actual Rows": 31174, "Actual Loops": 1, "Output": ["b.id", "b.userid", "b.date"], "Filter": "((b.date >= '2010-08-18 08:39:06'::timestamp without time zone) AND (b.date <= '2014-09-05 18:37:48'::timestamp without time zone))", "Rows Removed by Filter": 1450}, {"Node Type": "Hash", "Parent Relationship": "Inner", "Parallel Aware": false, "Startup Cost": 1641.01, "Total Cost": 1641.01, "Plan Rows": 2502, "Plan Width": 8, "Actual Startup Time": 11.795, "Actual Total Time": 11.805, "Actual Rows": 4344, "Actual Loops": 1, "Output": ["p.owneruserid", "u.id"], "Hash Buckets": 8192, "Original Hash Buckets": 4096, "Hash Batches": 1, "Original Hash Batches": 1, "Peak Memory Usage": 234, "Plans": [{"Node Type": "Hash Join", "Parent Relationship": "Outer", "Parallel Aware": false, "Join Type": "Inner", "Startup Cost": 655.98, "Total Cost": 1641.01, "Plan Rows": 2502, "Plan Width": 8, "Actual Startup Time": 4.296, "Actual Total Time": 11.173, "Actual Rows": 4344, "Actual Loops": 1, "Output": ["p.owneruserid", "u.id"], "Inner Unique": true, "Hash Cond": "(p.owneruserid = u.id)", "Plans": [{"Node Type": "Seq Scan", "Parent Relationship": "Outer", "Parallel Aware": false, "Relation Name": "posts", "Schema": "public", "Alias": "p", "Startup Cost": 0.0, "Total Cost": 977.75, "Plan Rows": 2776, "Plan Width": 4, "Actual Startup Time": 0.012, "Actual Total Time": 5.676, "Actual Rows": 7039, "Actual Loops": 1, "Output": ["p.id", "p.posttypeid", "p.creationdate", "p.score", "p.viewcount", "p.owneruserid", "p.answercount", "p.commentcount", "p.favoritecount", "p.lasteditoruserid"], "Filter": "((p.answercount >= 0) AND (p.favoritecount <= 9))", "Rows Removed by Filter": 34144}, {"Node Type": "Hash", "Parent Relationship": "Inner", "Parallel Aware": false, "Startup Cost": 483.38, "Total Cost": 483.38, "Plan Rows": 13808, "Plan Width": 4, "Actual Startup Time": 4.201, "Actual Total Time": 4.203, "Actual Rows": 14183, "Actual Loops": 1, "Output": ["u.id"], "Hash Buckets": 16384, "Original Hash Buckets": 16384, "Hash Batches": 1, "Original Hash Batches": 1, "Peak Memory Usage": 627, "Plans": [{"Node Type": "Seq Scan", "Parent Relationship": "Outer", "Parallel Aware": false, "Relation Name": "users", "Schema": "public", "Alias": "u", "Startup Cost": 0.0, "Total Cost": 483.38, "Plan Rows": 13808, "Plan Width": 4, "Actual Startup Time": 0.016, "Actual Total Time": 2.683, "Actual Rows": 14183, "Actual Loops": 1, "Output": ["u.id"], "Filter": "((u.reputation >= 1) AND (u.reputation <= 457) AND (u.upvotes >= 0) AND (u.upvotes <= 44) AND (u.creationdate >= '2010-07-19 19:48:20'::timestamp without time zone) AND (u.creationdate <= '2014-09-10 23:15:51'::timestamp without time zone))", "Rows Removed by Filter": 752}]}]}]}]}, {"Node Type": "Index Only Scan", "Parent Relationship": "Inner", "Parallel Aware": false, "Scan Direction": "Forward", "Index Name": "idx_posthistory_userid", "Relation Name": "posthistory", "Schema": "public", "Alias": "ph", "Startup Cost": 0.29, "Total Cost": 0.68, "Plan Rows": 20, "Plan Width": 4, "Actual Startup Time": 0.002, "Actual Total Time": 0.005, "Actual Rows": 27, "Actual Loops": 18652, "Output": ["ph.userid"], "Index Cond": "(ph.userid = u.id)", "Rows Removed by Index Recheck": 0, "Heap Fetches": 0}]}]}, "Planning Time": 2.262, "Triggers": [], "Execution Time": 217.672}]#####[{"Plan": {"Node Type": "Aggregate", "Strategy": "Plain", "Partial Mode": "Simple", "Parallel Aware": false, "Startup Cost": 18697.57, "Total Cost": 18697.58, "Plan Rows": 1, "Plan Width": 8, "Actual Startup Time": 245.2, "Actual Total Time": 245.207, "Actual Rows": 1, "Actual Loops": 1, "Output": ["count(*)"], "Plans": [{"Node Type": "Hash Join", "Parent Relationship": "Outer", "Parallel Aware": false, "Join Type": "Inner", "Startup Cost": 4621.04, "Total Cost": 13446.31, "Plan Rows": 2100502, "Plan Width": 0, "Actual Startup Time": 69.078, "Actual Total Time": 217.884, "Actual Rows": 512735, "Actual Loops": 1, "Inner Unique": false, "Hash Cond": "(p.owneruserid = u.id)", "Plans": [{"Node Type": "Nested Loop", "Parent Relationship": "Outer", "Parallel Aware": false, "Join Type": "Inner", "Startup Cost": 0.29, "Total Cost": 2978.51, "Plan Rows": 69343, "Plan Width": 8, "Actual Startup Time": 0.084, "Actual Total Time": 79.452, "Actual Rows": 78245, "Actual Loops": 1, "Output": ["p.owneruserid", "b.userid"], "Inner Unique": false, "Plans": [{"Node Type": "Seq Scan", "Parent Relationship": "Outer", "Parallel Aware": false, "Relation Name": "posts", "Schema": "public", "Alias": "p", "Startup Cost": 0.0, "Total Cost": 977.75, "Plan Rows": 2776, "Plan Width": 4, "Actual Startup Time": 0.022, "Actual Total Time": 10.081, "Actual Rows": 7039, "Actual Loops": 1, "Output": ["p.id", "p.posttypeid", "p.creationdate", "p.score", "p.viewcount", "p.owneruserid", "p.answercount", "p.commentcount", "p.favoritecount", "p.lasteditoruserid"], "Filter": "((p.answercount >= 0) AND (p.favoritecount <= 9))", "Rows Removed by Filter": 34144}, {"Node Type": "Index Scan", "Parent Relationship": "Inner", "Parallel Aware": false, "Scan Direction": "Forward", "Index Name": "idx_badges_userid", "Relation Name": "badges", "Schema": "public", "Alias": "b", "Startup Cost": 0.29, "Total Cost": 0.69, "Plan Rows": 3, "Plan Width": 4, "Actual Startup Time": 0.002, "Actual Total Time": 0.009, "Actual Rows": 11, "Actual Loops": 7039, "Output": ["b.id", "b.userid", "b.date"], "Index Cond": "(b.userid = p.owneruserid)", "Rows Removed by Index Recheck": 0, "Filter": "((b.date >= '2010-08-18 08:39:06'::timestamp without time zone) AND (b.date <= '2014-09-05 18:37:48'::timestamp without time zone))", "Rows Removed by Filter": 1}]}, {"Node Type": "Hash", "Parent Relationship": "Inner", "Parallel Aware": false, "Startup Cost": 3245.24, "Total Cost": 3245.24, "Plan Rows": 110041, "Plan Width": 8, "Actual Startup Time": 67.818, "Actual Total Time": 67.822, "Actual Rows": 44828, "Actual Loops": 1, "Output": ["ph.userid", "u.id"], "Hash Buckets": 131072, "Original Hash Buckets": 131072, "Hash Batches": 1, "Original Hash Batches": 1, "Peak Memory Usage": 2776, "Plans": [{"Node Type": "Hash Join", "Parent Relationship": "Outer", "Parallel Aware": false, "Join Type": "Inner", "Startup Cost": 655.98, "Total Cost": 3245.24, "Plan Rows": 110041, "Plan Width": 8, "Actual Startup Time": 13.39, "Actual Total Time": 58.613, "Actual Rows": 44828, "Actual Loops": 1, "Output": ["ph.userid", "u.id"], "Inner Unique": true, "Hash Cond": "(ph.userid = u.id)", "Plans": [{"Node Type": "Seq Scan", "Parent Relationship": "Outer", "Parallel Aware": false, "Relation Name": "posthistory", "Schema": "public", "Alias": "ph", "Startup Cost": 0.0, "Total Cost": 2247.94, "Plan Rows": 129994, "Plan Width": 4, "Actual Startup Time": 0.012, "Actual Total Time": 13.544, "Actual Rows": 129994, "Actual Loops": 1, "Output": ["ph.id", "ph.posthistorytypeid", "ph.postid", "ph.creationdate", "ph.userid"]}, {"Node Type": "Hash", "Parent Relationship": "Inner", "Parallel Aware": false, "Startup Cost": 483.38, "Total Cost": 483.38, "Plan Rows": 13808, "Plan Width": 4, "Actual Startup Time": 13.233, "Actual Total Time": 13.234, "Actual Rows": 14183, "Actual Loops": 1, "Output": ["u.id"], "Hash Buckets": 16384, "Original Hash Buckets": 16384, "Hash Batches": 1, "Original Hash Batches": 1, "Peak Memory Usage": 627, "Plans": [{"Node Type": "Seq Scan", "Parent Relationship": "Outer", "Parallel Aware": false, "Relation Name": "users", "Schema": "public", "Alias": "u", "Startup Cost": 0.0, "Total Cost": 483.38, "Plan Rows": 13808, "Plan Width": 4, "Actual Startup Time": 0.027, "Actual Total Time": 10.465, "Actual Rows": 14183, "Actual Loops": 1, "Output": ["u.id"], "Filter": "((u.reputation >= 1) AND (u.reputation <= 457) AND (u.upvotes >= 0) AND (u.upvotes <= 44) AND (u.creationdate >= '2010-07-19 19:48:20'::timestamp without time zone) AND (u.creationdate <= '2014-09-10 23:15:51'::timestamp without time zone))", "Rows Removed by Filter": 752}]}]}]}]}]}, "Planning Time": 1.507, "Triggers": [], "Execution Time": 245.43}]
[{"Plan": {"Node Type": "Aggregate", "Strategy": "Plain", "Partial Mode": "Simple", "Parallel Aware": false, "Startup Cost": 69129.11, "Total Cost": 69129.12, "Plan Rows": 1, "Plan Width": 8, "Actual Startup Time": 4284.181, "Actual Total Time": 4284.185, "Actual Rows": 1, "Actual Loops": 1, "Output": ["count(*)"], "Plans": [{"Node Type": "Merge Join", "Parent Relationship": "Outer", "Parallel Aware": false, "Join Type": "Inner", "Startup Cost": 9.36, "Total Cost": 26345.95, "Plan Rows": 17113264, "Plan Width": 0, "Actual Startup Time": 1.88, "Actual Total Time": 3568.332, "Actual Rows": 17931881, "Actual Loops": 1, "Inner Unique": false, "Merge Cond": "(u.id = v.userid)", "Plans": [{"Node Type": "Merge Join", "Parent Relationship": "Outer", "Parallel Aware": false, "Join Type": "Inner", "Startup Cost": 0.58, "Total Cost": 4337.43, "Plan Rows": 116974, "Plan Width": 8, "Actual Startup Time": 0.032, "Actual Total Time": 21.772, "Actual Rows": 61305, "Actual Loops": 1, "Output": ["ph.userid", "u.id"], "Inner Unique": true, "Merge Cond": "(ph.userid = u.id)", "Plans": [{"Node Type": "Index Only Scan", "Parent Relationship": "Outer", "Parallel Aware": false, "Scan Direction": "Forward", "Index Name": "idx_posthistory_userid", "Relation Name": "posthistory", "Schema": "public", "Alias": "ph", "Startup Cost": 0.29, "Total Cost": 2502.2, "Plan Rows": 129994, "Plan Width": 4, "Actual Startup Time": 0.013, "Actual Total Time": 8.914, "Actual Rows": 118723, "Actual Loops": 1, "Output": ["ph.userid"], "Heap Fetches": 0}, {"Node Type": "Index Scan", "Parent Relationship": "Inner", "Parallel Aware": false, "Scan Direction": "Forward", "Index Name": "users_pkey", "Relation Name": "users", "Schema": "public", "Alias": "u", "Startup Cost": 0.29, "Total Cost": 546.65, "Plan Rows": 14678, "Plan Width": 4, "Actual Startup Time": 0.017, "Actual Total Time": 3.297, "Actual Rows": 14677, "Actual Loops": 1, "Output": ["u.id", "u.reputation", "u.creationdate", "u.views", "u.upvotes", "u.downvotes"], "Filter": "(u.reputation <= 983)", "Rows Removed by Filter": 257}]}, {"Node Type": "Materialize", "Parent Relationship": "Inner", "Parallel Aware": false, "Startup Cost": 8.78, "Total Cost": 43875.43, "Plan Rows": 2298373, "Plan Width": 8, "Actual Startup Time": 0.219, "Actual Total Time": 1651.294, "Actual Rows": 20468883, "Actual Loops": 1, "Output": ["c.userid", "v.userid"], "Plans": [{"Node Type": "Merge Join", "Parent Relationship": "Outer", "Parallel Aware": false, "Join Type": "Inner", "Startup Cost": 8.78, "Total Cost": 38129.5, "Plan Rows": 2298373, "Plan Width": 8, "Actual Startup Time": 0.217, "Actual Total Time": 525.02, "Actual Rows": 2695027, "Actual Loops": 1, "Output": ["c.userid", "v.userid"], "Inner Unique": false, "Merge Cond": "(c.userid = v.userid)", "Plans": [{"Node Type": "Index Scan", "Parent Relationship": "Outer", "Parallel Aware": false, "Scan Direction": "Forward", "Index Name": "idx_comments_userid", "Relation Name": "comments", "Schema": "public", "Alias": "c", "Startup Cost": 0.29, "Total Cost": 3562.4, "Plan Rows": 77314, "Plan Width": 4, "Actual Startup Time": 0.017, "Actual Total Time": 36.907, "Actual Rows": 75429, "Actual Loops": 1, "Output": ["c.id", "c.postid", "c.score", "c.creationdate", "c.userid"], "Filter": "(c.creationdate >= '2010-08-24 16:57:58'::timestamp without time zone)", "Rows Removed by Filter": 1794}, {"Node Type": "Materialize", "Parent Relationship": "Inner", "Parallel Aware": false, "Startup Cost": 0.29, "Total Cost": 7138.43, "Plan Rows": 163079, "Plan Width": 4, "Actual Startup Time": 0.027, "Actual Total Time": 120.159, "Actual Rows": 2697809, "Actual Loops": 1, "Output": ["v.id", "v.postid", "v.votetypeid", "v.creationdate", "v.userid", "v.bountyamount"], "Plans": [{"Node Type": "Index Scan", "Parent Relationship": "Outer", "Parallel Aware": false, "Scan Direction": "Forward", "Index Name": "idx_votes_userid", "Relation Name": "votes", "Schema": "public", "Alias": "v", "Startup Cost": 0.29, "Total Cost": 6730.74, "Plan Rows": 163079, "Plan Width": 4, "Actual Startup Time": 0.025, "Actual Total Time": 15.83, "Actual Rows": 15606, "Actual Loops": 1, "Output": ["v.id", "v.postid", "v.votetypeid", "v.creationdate", "v.userid", "v.bountyamount"], "Filter": "((v.creationdate >= '2010-07-19 00:00:00'::timestamp without time zone) AND (v.creationdate <= '2014-09-10 00:00:00'::timestamp without time zone))", "Rows Removed by Filter": 0}]}]}]}]}]}, "Planning Time": 1.595, "Triggers": [], "Execution Time": 4284.466}]#####[{"Plan": {"Node Type": "Aggregate", "Strategy": "Plain", "Partial Mode": "Simple", "Parallel Aware": false, "Startup Cost": 436763.61, "Total Cost": 436763.62, "Plan Rows": 1, "Plan Width": 8, "Actual Startup Time": 2360.926, "Actual Total Time": 2360.935, "Actual Rows": 1, "Actual Loops": 1, "Output": ["count(*)"], "Plans": [{"Node Type": "Hash Join", "Parent Relationship": "Outer", "Parallel Aware": false, "Join Type": "Inner", "Startup Cost": 4494.88, "Total Cost": 8932.0, "Plan Rows": 171132643, "Plan Width": 0, "Actual Startup Time": 72.487, "Actual Total Time": 1616.167, "Actual Rows": 17931881, "Actual Loops": 1, "Inner Unique": false, "Hash Cond": "(ph.userid = u.id)", "Plans": [{"Node Type": "Seq Scan", "Parent Relationship": "Outer", "Parallel Aware": false, "Relation Name": "posthistory", "Schema": "public", "Alias": "ph", "Startup Cost": 0.0, "Total Cost": 2247.94, "Plan Rows": 129994, "Plan Width": 4, "Actual Startup Time": 0.017, "Actual Total Time": 11.545, "Actual Rows": 129994, "Actual Loops": 1, "Output": ["ph.id", "ph.posthistorytypeid", "ph.postid", "ph.creationdate", "ph.userid"]}, {"Node Type": "Hash", "Parent Relationship": "Inner", "Parallel Aware": false, "Startup Cost": 4227.97, "Total Cost": 4227.97, "Plan Rows": 21353, "Plan Width": 12, "Actual Startup Time": 72.283, "Actual Total Time": 72.289, "Actual Rows": 158186, "Actual Loops": 1, "Output": ["c.userid", "v.userid", "u.id"], "Hash Buckets": 262144, "Original Hash Buckets": 32768, "Hash Batches": 1, "Original Hash Batches": 1, "Peak Memory Usage": 8846, "Plans": [{"Node Type": "Hash Join", "Parent Relationship": "Outer", "Parallel Aware": false, "Join Type": "Inner", "Startup Cost": 1599.31, "Total Cost": 4227.97, "Plan Rows": 21353, "Plan Width": 12, "Actual Startup Time": 23.22, "Actual Total Time": 52.549, "Actual Rows": 158186, "Actual Loops": 1, "Output": ["c.userid", "v.userid", "u.id"], "Inner Unique": false, "Hash Cond": "(c.userid = u.id)", "Plans": [{"Node Type": "Seq Scan", "Parent Relationship": "Outer", "Parallel Aware": false, "Relation Name": "comments", "Schema": "public", "Alias": "c", "Startup Cost": 0.0, "Total Cost": 1574.96, "Plan Rows": 77314, "Plan Width": 4, "Actual Startup Time": 0.394, "Actual Total Time": 10.944, "Actual Rows": 77368, "Actual Loops": 1, "Output": ["c.id", "c.postid", "c.score", "c.creationdate", "c.userid"], "Filter": "(c.creationdate >= '2010-08-24 16:57:58'::timestamp without time zone)", "Rows Removed by Filter": 1989}, {"Node Type": "Hash", "Parent Relationship": "Inner", "Parallel Aware": false, "Startup Cost": 1409.92, "Total Cost": 1409.92, "Plan Rows": 15151, "Plan Width": 8, "Actual Startup Time": 22.728, "Actual Total Time": 22.73, "Actual Rows": 10228, "Actual Loops": 1, "Output": ["v.userid", "u.id"], "Hash Buckets": 16384, "Original Hash Buckets": 16384, "Hash Batches": 1, "Original Hash Batches": 1, "Peak Memory Usage": 528, "Plans": [{"Node Type": "Merge Join", "Parent Relationship": "Outer", "Parallel Aware": false, "Join Type": "Inner", "Startup Cost": 0.58, "Total Cost": 1409.92, "Plan Rows": 15151, "Plan Width": 8, "Actual Startup Time": 0.061, "Actual Total Time": 21.06, "Actual Rows": 10228, "Actual Loops": 1, "Output": ["v.userid", "u.id"], "Inner Unique": true, "Merge Cond": "(v.userid = u.id)", "Plans": [{"Node Type": "Index Scan", "Parent Relationship": "Outer", "Parallel Aware": false, "Scan Direction": "Forward", "Index Name": "idx_votes_userid", "Relation Name": "votes", "Schema": "public", "Alias": "v", "Startup Cost": 0.29, "Total Cost": 6730.74, "Plan Rows": 163079, "Plan Width": 4, "Actual Startup Time": 0.034, "Actual Total Time": 15.222, "Actual Rows": 15606, "Actual Loops": 1, "Output": ["v.id", "v.postid", "v.votetypeid", "v.creationdate", "v.userid", "v.bountyamount"], "Filter": "((v.creationdate >= '2010-07-19 00:00:00'::timestamp without time zone) AND (v.creationdate <= '2014-09-10 00:00:00'::timestamp without time zone))", "Rows Removed by Filter": 0}, {"Node Type": "Index Scan", "Parent Relationship": "Inner", "Parallel Aware": false, "Scan Direction": "Forward", "Index Name": "users_pkey", "Relation Name": "users", "Schema": "public", "Alias": "u", "Startup Cost": 0.29, "Total Cost": 546.65, "Plan Rows": 14678, "Plan Width": 4, "Actual Startup Time": 0.024, "Actual Total Time": 3.196, "Actual Rows": 14677, "Actual Loops": 1, "Output": ["u.id", "u.reputation", "u.creationdate", "u.views", "u.upvotes", "u.downvotes"], "Filter": "(u.reputation <= 983)", "Rows Removed by Filter": 257}]}]}]}]}]}]}, "Planning Time": 4.383, "Triggers": [], "Execution Time": 2361.323}]#####[{"Plan": {"Node Type": "Aggregate", "Strategy": "Plain", "Partial Mode": "Simple", "Parallel Aware": false, "Startup Cost": 433938.61, "Total Cost": 433938.62, "Plan Rows": 1, "Plan Width": 8, "Actual Startup Time": 3171.72, "Actual Total Time": 3171.727, "Actual Rows": 1, "Actual Loops": 1, "Output": ["count(*)"], "Plans": [{"Node Type": "Nested Loop", "Parent Relationship": "Outer", "Parallel Aware": false, "Join Type": "Inner", "Startup Cost": 1599.6, "Total Cost": 6107.0, "Plan Rows": 171132643, "Plan Width": 0, "Actual Startup Time": 20.281, "Actual Total Time": 2430.104, "Actual Rows": 17931881, "Actual Loops": 1, "Inner Unique": false, "Plans": [{"Node Type": "Hash Join", "Parent Relationship": "Outer", "Parallel Aware": false, "Join Type": "Inner", "Startup Cost": 1599.31, "Total Cost": 4227.97, "Plan Rows": 2135, "Plan Width": 12, "Actual Startup Time": 20.256, "Actual Total Time": 59.464, "Actual Rows": 158186, "Actual Loops": 1, "Output": ["c.userid", "v.userid", "u.id"], "Inner Unique": false, "Hash Cond": "(c.userid = u.id)", "Plans": [{"Node Type": "Seq Scan", "Parent Relationship": "Outer", "Parallel Aware": false, "Relation Name": "comments", "Schema": "public", "Alias": "c", "Startup Cost": 0.0, "Total Cost": 1574.96, "Plan Rows": 77314, "Plan Width": 4, "Actual Startup Time": 0.299, "Actual Total Time": 13.237, "Actual Rows": 77368, "Actual Loops": 1, "Output": ["c.id", "c.postid", "c.score", "c.creationdate", "c.userid"], "Filter": "(c.creationdate >= '2010-08-24 16:57:58'::timestamp without time zone)", "Rows Removed by Filter": 1989}, {"Node Type": "Hash", "Parent Relationship": "Inner", "Parallel Aware": false, "Startup Cost": 1409.92, "Total Cost": 1409.92, "Plan Rows": 15151, "Plan Width": 8, "Actual Startup Time": 19.862, "Actual Total Time": 19.864, "Actual Rows": 10228, "Actual Loops": 1, "Output": ["v.userid", "u.id"], "Hash Buckets": 16384, "Original Hash Buckets": 16384, "Hash Batches": 1, "Original Hash Batches": 1, "Peak Memory Usage": 528, "Plans": [{"Node Type": "Merge Join", "Parent Relationship": "Outer", "Parallel Aware": false, "Join Type": "Inner", "Startup Cost": 0.58, "Total Cost": 1409.92, "Plan Rows": 15151, "Plan Width": 8, "Actual Startup Time": 0.045, "Actual Total Time": 18.444, "Actual Rows": 10228, "Actual Loops": 1, "Output": ["v.userid", "u.id"], "Inner Unique": true, "Merge Cond": "(v.userid = u.id)", "Plans": [{"Node Type": "Index Scan", "Parent Relationship": "Outer", "Parallel Aware": false, "Scan Direction": "Forward", "Index Name": "idx_votes_userid", "Relation Name": "votes", "Schema": "public", "Alias": "v", "Startup Cost": 0.29, "Total Cost": 6730.74, "Plan Rows": 163079, "Plan Width": 4, "Actual Startup Time": 0.023, "Actual Total Time": 13.104, "Actual Rows": 15606, "Actual Loops": 1, "Output": ["v.id", "v.postid", "v.votetypeid", "v.creationdate", "v.userid", "v.bountyamount"], "Filter": "((v.creationdate >= '2010-07-19 00:00:00'::timestamp without time zone) AND (v.creationdate <= '2014-09-10 00:00:00'::timestamp without time zone))", "Rows Removed by Filter": 0}, {"Node Type": "Index Scan", "Parent Relationship": "Inner", "Parallel Aware": false, "Scan Direction": "Forward", "Index Name": "users_pkey", "Relation Name": "users", "Schema": "public", "Alias": "u", "Startup Cost": 0.29, "Total Cost": 546.65, "Plan Rows": 14678, "Plan Width": 4, "Actual Startup Time": 0.019, "Actual Total Time": 3.08, "Actual Rows": 14677, "Actual Loops": 1, "Output": ["u.id", "u.reputation", "u.creationdate", "u.views", "u.upvotes", "u.downvotes"], "Filter": "(u.reputation <= 983)", "Rows Removed by Filter": 257}]}]}]}, {"Node Type": "Index Only Scan", "Parent Relationship": "Inner", "Parallel Aware": false, "Scan Direction": "Forward", "Index Name": "idx_posthistory_userid", "Relation Name": "posthistory", "Schema": "public", "Alias": "ph", "Startup Cost": 0.29, "Total Cost": 0.68, "Plan Rows": 20, "Plan Width": 4, "Actual Startup Time": 0.001, "Actual Total Time": 0.008, "Actual Rows": 113, "Actual Loops": 158186, "Output": ["ph.userid"], "Index Cond": "(ph.userid = u.id)", "Rows Removed by Index Recheck": 0, "Heap Fetches": 0}]}]}, "Planning Time": 4.145, "Triggers": [], "Execution Time": 3171.922}]
[{"Plan": {"Node Type": "Aggregate", "Strategy": "Plain", "Partial Mode": "Simple", "Parallel Aware": false, "Startup Cost": 4441.04, "Total Cost": 4441.05, "Plan Rows": 1, "Plan Width": 8, "Actual Startup Time": 187.35, "Actual Total Time": 187.357, "Actual Rows": 1, "Actual Loops": 1, "Output": ["count(*)"], "Plans": [{"Node Type": "Nested Loop", "Parent Relationship": "Outer", "Parallel Aware": false, "Join Type": "Inner", "Startup Cost": 1482.56, "Total Cost": 4439.32, "Plan Rows": 687, "Plan Width": 0, "Actual Startup Time": 42.5, "Actual Total Time": 185.292, "Actual Rows": 24261, "Actual Loops": 1, "Inner Unique": false, "Join Filter": "(p.id = v.postid)", "Rows Removed by Join Filter": 0, "Plans": [{"Node Type": "Nested Loop", "Parent Relationship": "Outer", "Parallel Aware": false, "Join Type": "Inner", "Startup Cost": 1482.26, "Total Cost": 3252.33, "Plan Rows": 2102, "Plan Width": 16, "Actual Startup Time": 42.464, "Actual Total Time": 121.74, "Actual Rows": 7565, "Actual Loops": 1, "Output": ["c.postid", "p.id", "pl.postid", "ph.postid"], "Inner Unique": false, "Join Filter": "(p.id = c.postid)", "Rows Removed by Join Filter": 0, "Plans": [{"Node Type": "Nested Loop", "Parent Relationship": "Outer", "Parallel Aware": false, "Join Type": "Inner", "Startup Cost": 1481.97, "Total Cost": 2559.13, "Plan Rows": 1443, "Plan Width": 12, "Actual Startup Time": 42.314, "Actual Total Time": 77.143, "Actual Rows": 3512, "Actual Loops": 1, "Output": ["p.id", "pl.postid", "ph.postid"], "Inner Unique": false, "Plans": [{"Node Type": "Hash Join", "Parent Relationship": "Outer", "Parallel Aware": false, "Join Type": "Inner", "Startup Cost": 1481.68, "Total Cost": 1568.65, "Plan Rows": 1452, "Plan Width": 8, "Actual Startup Time": 42.261, "Actual Total Time": 45.538, "Actual Rows": 3512, "Actual Loops": 1, "Output": ["p.id", "pl.postid"], "Inner Unique": true, "Hash Cond": "(pl.postid = p.id)", "Plans": [{"Node Type": "Seq Scan", "Parent Relationship": "Outer", "Parallel Aware": false, "Relation Name": "postlinks", "Schema": "public", "Alias": "pl", "Startup Cost": 0.0, "Total Cost": 76.91, "Plan Rows": 3833, "Plan Width": 4, "Actual Startup Time": 0.015, "Actual Total Time": 1.263, "Actual Rows": 3833, "Actual Loops": 1, "Output": ["pl.id", "pl.creationdate", "pl.postid", "pl.relatedpostid", "pl.linktypeid"], "Filter": "(pl.linktypeid = 1)", "Rows Removed by Filter": 0}, {"Node Type": "Hash", "Parent Relationship": "Inner", "Parallel Aware": false, "Startup Cost": 1286.62, "Total Cost": 1286.62, "Plan Rows": 15605, "Plan Width": 4, "Actual Startup Time": 42.133, "Actual Total Time": 42.135, "Actual Rows": 15762, "Actual Loops": 1, "Output": ["p.id"], "Hash Buckets": 16384, "Original Hash Buckets": 16384, "Hash Batches": 1, "Original Hash Batches": 1, "Peak Memory Usage": 683, "Plans": [{"Node Type": "Seq Scan", "Parent Relationship": "Outer", "Parallel Aware": false, "Relation Name": "posts", "Schema": "public", "Alias": "p", "Startup Cost": 0.0, "Total Cost": 1286.62, "Plan Rows": 15605, "Plan Width": 4, "Actual Startup Time": 0.069, "Actual Total Time": 37.586, "Actual Rows": 15762, "Actual Loops": 1, "Output": ["p.id"], "Filter": "((p.score >= 0) AND (p.score <= 17) AND (p.answercount >= 0) AND (p.answercount <= 8) AND (p.creationdate >= '2010-07-20 08:49:13'::timestamp without time zone))", "Rows Removed by Filter": 25421}]}]}, {"Node Type": "Index Scan", "Parent Relationship": "Inner", "Parallel Aware": false, "Scan Direction": "Forward", "Index Name": "idx_posthistory_postid", "Relation Name": "posthistory", "Schema": "public", "Alias": "ph", "Startup Cost": 0.29, "Total Cost": 0.67, "Plan Rows": 1, "Plan Width": 4, "Actual Startup Time": 0.003, "Actual Total Time": 0.009, "Actual Rows": 1, "Actual Loops": 3512, "Output": ["ph.id", "ph.posthistorytypeid", "ph.postid", "ph.creationdate", "ph.userid"], "Index Cond": "(ph.postid = p.id)", "Rows Removed by Index Recheck": 0, "Filter": "(ph.posthistorytypeid = 2)", "Rows Removed by Filter": 5}]}, {"Node Type": "Index Scan", "Parent Relationship": "Inner", "Parallel Aware": false, "Scan Direction": "Forward", "Index Name": "idx_comments_postid", "Relation Name": "comments", "Schema": "public", "Alias": "c", "Startup Cost": 0.29, "Total Cost": 0.44, "Plan Rows": 3, "Plan Width": 4, "Actual Startup Time": 0.007, "Actual Total Time": 0.012, "Actual Rows": 2, "Actual Loops": 3512, "Output": ["c.id", "c.postid", "c.score", "c.creationdate", "c.userid"], "Index Cond": "(c.postid = ph.postid)", "Rows Removed by Index Recheck": 0, "Filter": "(c.score = 0)", "Rows Removed by Filter": 1}]}, {"Node Type": "Index Scan", "Parent Relationship": "Inner", "Parallel Aware": false, "Scan Direction": "Forward", "Index Name": "idx_votes_postid", "Relation Name": "votes", "Schema": "public", "Alias": "v", "Startup Cost": 0.29, "Total Cost": 0.5, "Plan Rows": 5, "Plan Width": 4, "Actual Startup Time": 0.004, "Actual Total Time": 0.008, "Actual Rows": 3, "Actual Loops": 7565, "Output": ["v.id", "v.postid", "v.votetypeid", "v.creationdate", "v.userid", "v.bountyamount"], "Index Cond": "(v.postid = c.postid)", "Rows Removed by Index Recheck": 0, "Filter": "(v.votetypeid = 2)", "Rows Removed by Filter": 1}]}]}, "Planning Time": 2.63, "Triggers": [], "Execution Time": 187.502}]#####[{"Plan": {"Node Type": "Aggregate", "Strategy": "Plain", "Partial Mode": "Simple", "Parallel Aware": false, "Startup Cost": 10117.19, "Total Cost": 10117.2, "Plan Rows": 1, "Plan Width": 8, "Actual Startup Time": 77.659, "Actual Total Time": 77.672, "Actual Rows": 1, "Actual Loops": 1, "Output": ["count(*)"], "Plans": [{"Node Type": "Hash Join", "Parent Relationship": "Outer", "Parallel Aware": false, "Join Type": "Inner", "Startup Cost": 3623.48, "Total Cost": 10100.0, "Plan Rows": 6877, "Plan Width": 0, "Actual Startup Time": 35.972, "Actual Total Time": 76.59, "Actual Rows": 24261, "Actual Loops": 1, "Inner Unique": false, "Hash Cond": "(pl.postid = p.id)", "Plans": [{"Node Type": "Nested Loop", "Parent Relationship": "Outer", "Parallel Aware": false, "Join Type": "Inner", "Startup Cost": 125.12, "Total Cost": 6346.36, "Plan Rows": 27537, "Plan Width": 12, "Actual Startup Time": 1.805, "Actual Total Time": 41.538, "Actual Rows": 17775, "Actual Loops": 1, "Output": ["pl.postid", "ph.postid", "v.postid"], "Inner Unique": false, "Join Filter": "(pl.postid = v.postid)", "Rows Removed by Join Filter": 0, "Plans": [{"Node Type": "Hash Join", "Parent Relationship": "Outer", "Parallel Aware": false, "Join Type": "Inner", "Startup Cost": 124.82, "Total Cost": 3260.2, "Plan Rows": 5098, "Plan Width": 8, "Actual Startup Time": 1.776, "Actual Total Time": 19.705, "Actual Rows": 3833, "Actual Loops": 1, "Output": ["pl.postid", "ph.postid"], "Inner Unique": false, "Hash Cond": "(ph.postid = pl.postid)", "Plans": [{"Node Type": "Seq Scan", "Parent Relationship": "Outer", "Parallel Aware": false, "Relation Name": "posthistory", "Schema": "public", "Alias": "ph", "Startup Cost": 0.0, "Total Cost": 2572.93, "Plan Rows": 40918, "Plan Width": 4, "Actual Startup Time": 0.022, "Actual Total Time": 12.952, "Actual Rows": 41183, "Actual Loops": 1, "Output": ["ph.id", "ph.posthistorytypeid", "ph.postid", "ph.creationdate", "ph.userid"], "Filter": "(ph.posthistorytypeid = 2)", "Rows Removed by Filter": 88811}, {"Node Type": "Hash", "Parent Relationship": "Inner", "Parallel Aware": false, "Startup Cost": 76.91, "Total Cost": 76.91, "Plan Rows": 3833, "Plan Width": 4, "Actual Startup Time": 1.657, "Actual Total Time": 1.658, "Actual Rows": 3833, "Actual Loops": 1, "Output": ["pl.postid"], "Hash Buckets": 4096, "Original Hash Buckets": 4096, "Hash Batches": 1, "Original Hash Batches": 1, "Peak Memory Usage": 167, "Plans": [{"Node Type": "Seq Scan", "Parent Relationship": "Outer", "Parallel Aware": false, "Relation Name": "postlinks", "Schema": "public", "Alias": "pl", "Startup Cost": 0.0, "Total Cost": 76.91, "Plan Rows": 3833, "Plan Width": 4, "Actual Startup Time": 0.015, "Actual Total Time": 0.982, "Actual Rows": 3833, "Actual Loops": 1, "Output": ["pl.postid"], "Filter": "(pl.linktypeid = 1)", "Rows Removed by Filter": 0}]}]}, {"Node Type": "Index Scan", "Parent Relationship": "Inner", "Parallel Aware": false, "Scan Direction": "Forward", "Index Name": "idx_votes_postid", "Relation Name": "votes", "Schema": "public", "Alias": "v", "Startup Cost": 0.29, "Total Cost": 0.54, "Plan Rows": 5, "Plan Width": 4, "Actual Startup Time": 0.002, "Actual Total Time": 0.005, "Actual Rows": 5, "Actual Loops": 3833, "Output": ["v.id", "v.postid", "v.votetypeid", "v.creationdate", "v.userid", "v.bountyamount"], "Index Cond": "(v.postid = ph.postid)", "Rows Removed by Index Recheck": 0, "Filter": "(v.votetypeid = 2)", "Rows Removed by Filter": 2}]}, {"Node Type": "Hash", "Parent Relationship": "Inner", "Parallel Aware": false, "Startup Cost": 3214.16, "Total Cost": 3214.16, "Plan Rows": 22736, "Plan Width": 8, "Actual Startup Time": 31.202, "Actual Total Time": 31.208, "Actual Rows": 25185, "Actual Loops": 1, "Output": ["c.postid", "p.id"], "Hash Buckets": 32768, "Original Hash Buckets": 32768, "Hash Batches": 1, "Original Hash Batches": 1, "Peak Memory Usage": 1240, "Plans": [{"Node Type": "Hash Join", "Parent Relationship": "Outer", "Parallel Aware": false, "Join Type": "Inner", "Startup Cost": 1481.68, "Total Cost": 3214.16, "Plan Rows": 22736, "Plan Width": 8, "Actual Startup Time": 10.307, "Actual Total Time": 27.817, "Actual Rows": 25185, "Actual Loops": 1, "Output": ["c.postid", "p.id"], "Inner Unique": true, "Hash Cond": "(c.postid = p.id)", "Plans": [{"Node Type": "Seq Scan", "Parent Relationship": "Outer", "Parallel Aware": false, "Relation Name": "comments", "Schema": "public", "Alias": "c", "Startup Cost": 0.0, "Total Cost": 1574.96, "Plan Rows": 60002, "Plan Width": 4, "Actual Startup Time": 0.015, "Actual Total Time": 10.021, "Actual Rows": 60206, "Actual Loops": 1, "Output": ["c.id", "c.postid", "c.score", "c.creationdate", "c.userid"], "Filter": "(c.score = 0)", "Rows Removed by Filter": 19151}, {"Node Type": "Hash", "Parent Relationship": "Inner", "Parallel Aware": false, "Startup Cost": 1286.62, "Total Cost": 1286.62, "Plan Rows": 15605, "Plan Width": 4, "Actual Startup Time": 10.184, "Actual Total Time": 10.185, "Actual Rows": 15762, "Actual Loops": 1, "Output": ["p.id"], "Hash Buckets": 16384, "Original Hash Buckets": 16384, "Hash Batches": 1, "Original Hash Batches": 1, "Peak Memory Usage": 683, "Plans": [{"Node Type": "Seq Scan", "Parent Relationship": "Outer", "Parallel Aware": false, "Relation Name": "posts", "Schema": "public", "Alias": "p", "Startup Cost": 0.0, "Total Cost": 1286.62, "Plan Rows": 15605, "Plan Width": 4, "Actual Startup Time": 0.076, "Actual Total Time": 7.991, "Actual Rows": 15762, "Actual Loops": 1, "Output": ["p.id"], "Filter": "((p.score >= 0) AND (p.score <= 17) AND (p.answercount >= 0) AND (p.answercount <= 8) AND (p.creationdate >= '2010-07-20 08:49:13'::timestamp without time zone))", "Rows Removed by Filter": 25421}]}]}]}]}]}, "Planning Time": 2.639, "Triggers": [], "Execution Time": 77.861}]#####[{"Plan": {"Node Type": "Aggregate", "Strategy": "Plain", "Partial Mode": "Simple", "Parallel Aware": false, "Startup Cost": 6677.8, "Total Cost": 6677.81, "Plan Rows": 1, "Plan Width": 8, "Actual Startup Time": 63.011, "Actual Total Time": 63.022, "Actual Rows": 1, "Actual Loops": 1, "Output": ["count(*)"], "Plans": [{"Node Type": "Hash Join", "Parent Relationship": "Outer", "Parallel Aware": false, "Join Type": "Inner", "Startup Cost": 4022.8, "Total Cost": 6660.6, "Plan Rows": 6877, "Plan Width": 0, "Actual Startup Time": 46.47, "Actual Total Time": 62.026, "Actual Rows": 24261, "Actual Loops": 1, "Inner Unique": false, "Hash Cond": "(c.postid = p.id)", "Plans": [{"Node Type": "Seq Scan", "Parent Relationship": "Outer", "Parallel Aware": false, "Relation Name": "comments", "Schema": "public", "Alias": "c", "Startup Cost": 0.0, "Total Cost": 1574.96, "Plan Rows": 60002, "Plan Width": 4, "Actual Startup Time": 0.023, "Actual Total Time": 9.005, "Actual Rows": 60206, "Actual Loops": 1, "Output": ["c.id", "c.postid", "c.score", "c.creationdate", "c.userid"], "Filter": "(c.score = 0)", "Rows Removed by Filter": 19151}, {"Node Type": "Hash", "Parent Relationship": "Inner", "Parallel Aware": false, "Startup Cost": 3432.67, "Total Cost": 3432.67, "Plan Rows": 47210, "Plan Width": 16, "Actual Startup Time": 46.076, "Actual Total Time": 46.084, "Actual Rows": 11265, "Actual Loops": 1, "Output": ["p.id", "pl.postid", "ph.postid", "v.postid"], "Hash Buckets": 65536, "Original Hash Buckets": 65536, "Hash Batches": 1, "Original Hash Batches": 1, "Peak Memory Usage": 1041, "Plans": [{"Node Type": "Nested Loop", "Parent Relationship": "Outer", "Parallel Aware": false, "Join Type": "Inner", "Startup Cost": 1482.27, "Total Cost": 3432.67, "Plan Rows": 47210, "Plan Width": 16, "Actual Startup Time": 10.746, "Actual Total Time": 44.176, "Actual Rows": 11265, "Actual Loops": 1, "Output": ["p.id", "pl.postid", "ph.postid", "v.postid"], "Inner Unique": false, "Join Filter": "(p.id = v.postid)", "Rows Removed by Join Filter": 0, "Plans": [{"Node Type": "Nested Loop", "Parent Relationship": "Outer", "Parallel Aware": false, "Join Type": "Inner", "Startup Cost": 1481.97, "Total Cost": 2559.13, "Plan Rows": 1443, "Plan Width": 12, "Actual Startup Time": 10.719, "Actual Total Time": 26.75, "Actual Rows": 3512, "Actual Loops": 1, "Output": ["p.id", "pl.postid", "ph.postid"], "Inner Unique": false, "Plans": [{"Node Type": "Hash Join", "Parent Relationship": "Outer", "Parallel Aware": false, "Join Type": "Inner", "Startup Cost": 1481.68, "Total Cost": 1568.65, "Plan Rows": 1452, "Plan Width": 8, "Actual Startup Time": 10.689, "Actual Total Time": 12.712, "Actual Rows": 3512, "Actual Loops": 1, "Output": ["p.id", "pl.postid"], "Inner Unique": true, "Hash Cond": "(pl.postid = p.id)", "Plans": [{"Node Type": "Seq Scan", "Parent Relationship": "Outer", "Parallel Aware": false, "Relation Name": "postlinks", "Schema": "public", "Alias": "pl", "Startup Cost": 0.0, "Total Cost": 76.91, "Plan Rows": 3833, "Plan Width": 4, "Actual Startup Time": 0.013, "Actual Total Time": 0.779, "Actual Rows": 3833, "Actual Loops": 1, "Output": ["pl.id", "pl.creationdate", "pl.postid", "pl.relatedpostid", "pl.linktypeid"], "Filter": "(pl.linktypeid = 1)", "Rows Removed by Filter": 0}, {"Node Type": "Hash", "Parent Relationship": "Inner", "Parallel Aware": false, "Startup Cost": 1286.62, "Total Cost": 1286.62, "Plan Rows": 15605, "Plan Width": 4, "Actual Startup Time": 10.606, "Actual Total Time": 10.608, "Actual Rows": 15762, "Actual Loops": 1, "Output": ["p.id"], "Hash Buckets": 16384, "Original Hash Buckets": 16384, "Hash Batches": 1, "Original Hash Batches": 1, "Peak Memory Usage": 683, "Plans": [{"Node Type": "Seq Scan", "Parent Relationship": "Outer", "Parallel Aware": false, "Relation Name": "posts", "Schema": "public", "Alias": "p", "Startup Cost": 0.0, "Total Cost": 1286.62, "Plan Rows": 15605, "Plan Width": 4, "Actual Startup Time": 0.06, "Actual Total Time": 8.269, "Actual Rows": 15762, "Actual Loops": 1, "Output": ["p.id"], "Filter": "((p.score >= 0) AND (p.score <= 17) AND (p.answercount >= 0) AND (p.answercount <= 8) AND (p.creationdate >= '2010-07-20 08:49:13'::timestamp without time zone))", "Rows Removed by Filter": 25421}]}]}, {"Node Type": "Index Scan", "Parent Relationship": "Inner", "Parallel Aware": false, "Scan Direction": "Forward", "Index Name": "idx_posthistory_postid", "Relation Name": "posthistory", "Schema": "public", "Alias": "ph", "Startup Cost": 0.29, "Total Cost": 0.67, "Plan Rows": 1, "Plan Width": 4, "Actual Startup Time": 0.002, "Actual Total Time": 0.004, "Actual Rows": 1, "Actual Loops": 3512, "Output": ["ph.id", "ph.posthistorytypeid", "ph.postid", "ph.creationdate", "ph.userid"], "Index Cond": "(ph.postid = p.id)", "Rows Removed by Index Recheck": 0, "Filter": "(ph.posthistorytypeid = 2)", "Rows Removed by Filter": 5}]}, {"Node Type": "Index Scan", "Parent Relationship": "Inner", "Parallel Aware": false, "Scan Direction": "Forward", "Index Name": "idx_votes_postid", "Relation Name": "votes", "Schema": "public", "Alias": "v", "Startup Cost": 0.29, "Total Cost": 0.54, "Plan Rows": 5, "Plan Width": 4, "Actual Startup Time": 0.002, "Actual Total Time": 0.005, "Actual Rows": 3, "Actual Loops": 3512, "Output": ["v.id", "v.postid", "v.votetypeid", "v.creationdate", "v.userid", "v.bountyamount"], "Index Cond": "(v.postid = ph.postid)", "Rows Removed by Index Recheck": 0, "Filter": "(v.votetypeid = 2)", "Rows Removed by Filter": 1}]}]}]}]}, "Planning Time": 2.598, "Triggers": [], "Execution Time": 63.215}]
[{"Plan": {"Node Type": "Aggregate", "Strategy": "Plain", "Partial Mode": "Simple", "Parallel Aware": false, "Startup Cost": 1542.34, "Total Cost": 1542.35, "Plan Rows": 1, "Plan Width": 8, "Actual Startup Time": 9.547, "Actual Total Time": 9.553, "Actual Rows": 1, "Actual Loops": 1, "Output": ["count(*)"], "Plans": [{"Node Type": "Nested Loop", "Parent Relationship": "Outer", "Parallel Aware": false, "Join Type": "Inner", "Startup Cost": 1392.3, "Total Cost": 1542.33, "Plan Rows": 3, "Plan Width": 0, "Actual Startup Time": 7.692, "Actual Total Time": 9.53, "Actual Rows": 214, "Actual Loops": 1, "Inner Unique": false, "Plans": [{"Node Type": "Nested Loop", "Parent Relationship": "Outer", "Parallel Aware": false, "Join Type": "Inner", "Startup Cost": 1392.01, "Total Cost": 1535.71, "Plan Rows": 15, "Plan Width": 8, "Actual Startup Time": 7.667, "Actual Total Time": 8.773, "Actual Rows": 38, "Actual Loops": 1, "Output": ["p.owneruserid", "u.id"], "Inner Unique": true, "Plans": [{"Node Type": "Hash Join", "Parent Relationship": "Outer", "Parallel Aware": false, "Join Type": "Inner", "Startup Cost": 1391.73, "Total Cost": 1478.7, "Plan Rows": 16, "Plan Width": 4, "Actual Startup Time": 7.631, "Actual Total Time": 8.409, "Actual Rows": 47, "Actual Loops": 1, "Output": ["p.owneruserid"], "Inner Unique": true, "Hash Cond": "(pl.relatedpostid = p.id)", "Plans": [{"Node Type": "Seq Scan", "Parent Relationship": "Outer", "Parallel Aware": false, "Relation Name": "postlinks", "Schema": "public", "Alias": "pl", "Startup Cost": 0.0, "Total Cost": 76.91, "Plan Rows": 3833, "Plan Width": 4, "Actual Startup Time": 0.013, "Actual Total Time": 0.528, "Actual Rows": 3833, "Actual Loops": 1, "Output": ["pl.id", "pl.creationdate", "pl.postid", "pl.relatedpostid", "pl.linktypeid"], "Filter": "(pl.creationdate <= '2014-08-26 13:21:38'::timestamp without time zone)", "Rows Removed by Filter": 0}, {"Node Type": "Hash", "Parent Relationship": "Inner", "Parallel Aware": false, "Startup Cost": 1389.58, "Total Cost": 1389.58, "Plan Rows": 172, "Plan Width": 8, "Actual Startup Time": 7.51, "Actual Total Time": 7.511, "Actual Rows": 693, "Actual Loops": 1, "Output": ["p.id", "p.owneruserid"], "Hash Buckets": 1024, "Original Hash Buckets": 1024, "Hash Batches": 1, "Original Hash Batches": 1, "Peak Memory Usage": 36, "Plans": [{"Node Type": "Seq Scan", "Parent Relationship": "Outer", "Parallel Aware": false, "Relation Name": "posts", "Schema": "public", "Alias": "p", "Startup Cost": 0.0, "Total Cost": 1389.58, "Plan Rows": 172, "Plan Width": 8, "Actual Startup Time": 0.088, "Actual Total Time": 7.383, "Actual Rows": 693, "Actual Loops": 1, "Output": ["p.id", "p.owneruserid"], "Filter": "((p.score >= 0) AND (p.score <= 25) AND (p.viewcount <= 2459) AND (p.favoritecount >= 0) AND (p.favoritecount <= 9) AND (p.answercount = 0))", "Rows Removed by Filter": 40490}]}]}, {"Node Type": "Index Scan", "Parent Relationship": "Inner", "Parallel Aware": false, "Scan Direction": "Forward", "Index Name": "users_pkey", "Relation Name": "users", "Schema": "public", "Alias": "u", "Startup Cost": 0.29, "Total Cost": 3.56, "Plan Rows": 1, "Plan Width": 4, "Actual Startup Time": 0.007, "Actual Total Time": 0.007, "Actual Rows": 1, "Actual Loops": 47, "Output": ["u.id", "u.reputation", "u.creationdate", "u.views", "u.upvotes", "u.downvotes"], "Index Cond": "(u.id = p.owneruserid)", "Rows Removed by Index Recheck": 0, "Filter": "((u.downvotes <= 1) AND (u.creationdate <= '2014-09-04 23:32:27'::timestamp without time zone))", "Rows Removed by Filter": 0}]}, {"Node Type": "Index Scan", "Parent Relationship": "Inner", "Parallel Aware": false, "Scan Direction": "Forward", "Index Name": "idx_badges_userid", "Relation Name": "badges", "Schema": "public", "Alias": "b", "Startup Cost": 0.29, "Total Cost": 0.41, "Plan Rows": 3, "Plan Width": 4, "Actual Startup Time": 0.009, "Actual Total Time": 0.019, "Actual Rows": 6, "Actual Loops": 38, "Output": ["b.id", "b.userid", "b.date"], "Index Cond": "(b.userid = u.id)", "Rows Removed by Index Recheck": 0, "Filter": "(b.date <= '2014-09-11 16:35:44'::timestamp without time zone)", "Rows Removed by Filter": 0}]}]}, "Planning Time": 1.279, "Triggers": [], "Execution Time": 9.664}]#####[{"Plan": {"Node Type": "Aggregate", "Strategy": "Plain", "Partial Mode": "Simple", "Parallel Aware": false, "Startup Cost": 2005.98, "Total Cost": 2005.99, "Plan Rows": 1, "Plan Width": 8, "Actual Startup Time": 13.496, "Actual Total Time": 13.502, "Actual Rows": 1, "Actual Loops": 1, "Output": ["count(*)"], "Plans": [{"Node Type": "Nested Loop", "Parent Relationship": "Outer", "Parallel Aware": false, "Join Type": "Inner", "Startup Cost": 1908.39, "Total Cost": 2005.89, "Plan Rows": 33, "Plan Width": 0, "Actual Startup Time": 11.912, "Actual Total Time": 13.479, "Actual Rows": 214, "Actual Loops": 1, "Inner Unique": false, "Plans": [{"Node Type": "Hash Join", "Parent Relationship": "Outer", "Parallel Aware": false, "Join Type": "Inner", "Startup Cost": 1908.1, "Total Cost": 1999.27, "Plan Rows": 15, "Plan Width": 8, "Actual Startup Time": 11.875, "Actual Total Time": 12.691, "Actual Rows": 38, "Actual Loops": 1, "Output": ["p.owneruserid", "u.id"], "Inner Unique": true, "Hash Cond": "(p.owneruserid = u.id)", "Plans": [{"Node Type": "Hash Join", "Parent Relationship": "Outer", "Parallel Aware": false, "Join Type": "Inner", "Startup Cost": 1391.73, "Total Cost": 1478.7, "Plan Rows": 1600, "Plan Width": 4, "Actual Startup Time": 6.284, "Actual Total Time": 7.081, "Actual Rows": 47, "Actual Loops": 1, "Output": ["p.owneruserid"], "Inner Unique": true, "Hash Cond": "(pl.relatedpostid = p.id)", "Plans": [{"Node Type": "Seq Scan", "Parent Relationship": "Outer", "Parallel Aware": false, "Relation Name": "postlinks", "Schema": "public", "Alias": "pl", "Startup Cost": 0.0, "Total Cost": 76.91, "Plan Rows": 3833, "Plan Width": 4, "Actual Startup Time": 0.032, "Actual Total Time": 0.56, "Actual Rows": 3833, "Actual Loops": 1, "Output": ["pl.id", "pl.creationdate", "pl.postid", "pl.relatedpostid", "pl.linktypeid"], "Filter": "(pl.creationdate <= '2014-08-26 13:21:38'::timestamp without time zone)", "Rows Removed by Filter": 0}, {"Node Type": "Hash", "Parent Relationship": "Inner", "Parallel Aware": false, "Startup Cost": 1389.58, "Total Cost": 1389.58, "Plan Rows": 172, "Plan Width": 8, "Actual Startup Time": 6.186, "Actual Total Time": 6.186, "Actual Rows": 693, "Actual Loops": 1, "Output": ["p.id", "p.owneruserid"], "Hash Buckets": 1024, "Original Hash Buckets": 1024, "Hash Batches": 1, "Original Hash Batches": 1, "Peak Memory Usage": 36, "Plans": [{"Node Type": "Seq Scan", "Parent Relationship": "Outer", "Parallel Aware": false, "Relation Name": "posts", "Schema": "public", "Alias": "p", "Startup Cost": 0.0, "Total Cost": 1389.58, "Plan Rows": 172, "Plan Width": 8, "Actual Startup Time": 0.068, "Actual Total Time": 6.078, "Actual Rows": 693, "Actual Loops": 1, "Output": ["p.id", "p.owneruserid"], "Filter": "((p.score >= 0) AND (p.score <= 25) AND (p.viewcount <= 2459) AND (p.favoritecount >= 0) AND (p.favoritecount <= 9) AND (p.answercount = 0))", "Rows Removed by Filter": 40490}]}]}, {"Node Type": "Hash", "Parent Relationship": "Inner", "Parallel Aware": false, "Startup Cost": 334.02, "Total Cost": 334.02, "Plan Rows": 14588, "Plan Width": 4, "Actual Startup Time": 5.487, "Actual Total Time": 5.487, "Actual Rows": 14589, "Actual Loops": 1, "Output": ["u.id"], "Hash Buckets": 16384, "Original Hash Buckets": 16384, "Hash Batches": 1, "Original Hash Batches": 1, "Peak Memory Usage": 641, "Plans": [{"Node Type": "Seq Scan", "Parent Relationship": "Outer", "Parallel Aware": false, "Relation Name": "users", "Schema": "public", "Alias": "u", "Startup Cost": 0.0, "Total Cost": 334.02, "Plan Rows": 14588, "Plan Width": 4, "Actual Startup Time": 0.019, "Actual Total Time": 3.316, "Actual Rows": 14589, "Actual Loops": 1, "Output": ["u.id"], "Filter": "((u.downvotes <= 1) AND (u.creationdate <= '2014-09-04 23:32:27'::timestamp without time zone))", "Rows Removed by Filter": 346}]}]}, {"Node Type": "Index Scan", "Parent Relationship": "Inner", "Parallel Aware": false, "Scan Direction": "Forward", "Index Name": "idx_badges_userid", "Relation Name": "badges", "Schema": "public", "Alias": "b", "Startup Cost": 0.29, "Total Cost": 0.41, "Plan Rows": 3, "Plan Width": 4, "Actual Startup Time": 0.009, "Actual Total Time": 0.02, "Actual Rows": 6, "Actual Loops": 38, "Output": ["b.id", "b.userid", "b.date"], "Index Cond": "(b.userid = u.id)", "Rows Removed by Index Recheck": 0, "Filter": "(b.date <= '2014-09-11 16:35:44'::timestamp without time zone)", "Rows Removed by Filter": 0}]}]}, "Planning Time": 1.256, "Triggers": [], "Execution Time": 13.629}]#####[{"Plan": {"Node Type": "Aggregate", "Strategy": "Plain", "Partial Mode": "Simple", "Parallel Aware": false, "Startup Cost": 1462.26, "Total Cost": 1462.27, "Plan Rows": 1, "Plan Width": 8, "Actual Startup Time": 100.859, "Actual Total Time": 100.866, "Actual Rows": 1, "Actual Loops": 1, "Output": ["count(*)"], "Plans": [{"Node Type": "Hash Join", "Parent Relationship": "Outer", "Parallel Aware": false, "Join Type": "Inner", "Startup Cost": 1365.77, "Total Cost": 1462.18, "Plan Rows": 33, "Plan Width": 0, "Actual Startup Time": 100.094, "Actual Total Time": 100.846, "Actual Rows": 214, "Actual Loops": 1, "Inner Unique": false, "Hash Cond": "(pl.relatedpostid = p.id)", "Plans": [{"Node Type": "Seq Scan", "Parent Relationship": "Outer", "Parallel Aware": false, "Relation Name": "postlinks", "Schema": "public", "Alias": "pl", "Startup Cost": 0.0, "Total Cost": 76.91, "Plan Rows": 3833, "Plan Width": 4, "Actual Startup Time": 0.012, "Actual Total Time": 0.515, "Actual Rows": 3833, "Actual Loops": 1, "Output": ["pl.id", "pl.creationdate", "pl.postid", "pl.relatedpostid", "pl.linktypeid"], "Filter": "(pl.creationdate <= '2014-08-26 13:21:38'::timestamp without time zone)", "Rows Removed by Filter": 0}, {"Node Type": "Hash", "Parent Relationship": "Inner", "Parallel Aware": false, "Startup Cost": 1361.29, "Total Cost": 1361.29, "Plan Rows": 358, "Plan Width": 4, "Actual Startup Time": 100.011, "Actual Total Time": 100.015, "Actual Rows": 2708, "Actual Loops": 1, "Output": ["p.id"], "Hash Buckets": 4096, "Original Hash Buckets": 1024, "Hash Batches": 1, "Original Hash Batches": 1, "Peak Memory Usage": 128, "Plans": [{"Node Type": "Nested Loop", "Parent Relationship": "Outer", "Parallel Aware": false, "Join Type": "Inner", "Startup Cost": 516.66, "Total Cost": 1361.29, "Plan Rows": 358, "Plan Width": 4, "Actual Startup Time": 5.368, "Actual Total Time": 99.441, "Actual Rows": 2708, "Actual Loops": 1, "Output": ["p.id"], "Inner Unique": false, "Join Filter": "(u.id = p.owneruserid)", "Rows Removed by Join Filter": 0, "Plans": [{"Node Type": "Hash Join", "Parent Relationship": "Outer", "Parallel Aware": false, "Join Type": "Inner", "Startup Cost": 516.38, "Total Cost": 1186.83, "Plan Rows": 318, "Plan Width": 8, "Actual Startup Time": 4.298, "Actual Total Time": 17.123, "Actual Rows": 25650, "Actual Loops": 1, "Output": ["u.id", "b.userid"], "Inner Unique": true, "Hash Cond": "(b.userid = u.id)", "Plans": [{"Node Type": "Seq Scan", "Parent Relationship": "Outer", "Parallel Aware": false, "Relation Name": "badges", "Schema": "public", "Alias": "b", "Startup Cost": 0.0, "Total Cost": 584.8, "Plan Rows": 32621, "Plan Width": 4, "Actual Startup Time": 0.008, "Actual Total Time": 5.372, "Actual Rows": 32624, "Actual Loops": 1, "Output": ["b.id", "b.userid", "b.date"], "Filter": "(b.date <= '2014-09-11 16:35:44'::timestamp without time zone)", "Rows Removed by Filter": 0}, {"Node Type": "Hash", "Parent Relationship": "Inner", "Parallel Aware": false, "Startup Cost": 334.02, "Total Cost": 334.02, "Plan Rows": 14588, "Plan Width": 4, "Actual Startup Time": 4.233, "Actual Total Time": 4.234, "Actual Rows": 14589, "Actual Loops": 1, "Output": ["u.id"], "Hash Buckets": 16384, "Original Hash Buckets": 16384, "Hash Batches": 1, "Original Hash Batches": 1, "Peak Memory Usage": 641, "Plans": [{"Node Type": "Seq Scan", "Parent Relationship": "Outer", "Parallel Aware": false, "Relation Name": "users", "Schema": "public", "Alias": "u", "Startup Cost": 0.0, "Total Cost": 334.02, "Plan Rows": 14588, "Plan Width": 4, "Actual Startup Time": 0.01, "Actual Total Time": 2.589, "Actual Rows": 14589, "Actual Loops": 1, "Output": ["u.id"], "Filter": "((u.downvotes <= 1) AND (u.creationdate <= '2014-09-04 23:32:27'::timestamp without time zone))", "Rows Removed by Filter": 346}]}]}, {"Node Type": "Index Scan", "Parent Relationship": "Inner", "Parallel Aware": false, "Scan Direction": "Forward", "Index Name": "idx_posts_owneruserid", "Relation Name": "posts", "Schema": "public", "Alias": "p", "Startup Cost": 0.29, "Total Cost": 0.54, "Plan Rows": 1, "Plan Width": 8, "Actual Startup Time": 0.003, "Actual Total Time": 0.003, "Actual Rows": 0, "Actual Loops": 25650, "Output": ["p.id", "p.posttypeid", "p.creationdate", "p.score", "p.viewcount", "p.owneruserid", "p.answercount", "p.commentcount", "p.favoritecount", "p.lasteditoruserid"], "Index Cond": "(p.owneruserid = b.userid)", "Rows Removed by Index Recheck": 0, "Filter": "((p.score >= 0) AND (p.score <= 25) AND (p.viewcount <= 2459) AND (p.favoritecount >= 0) AND (p.favoritecount <= 9) AND (p.answercount = 0))", "Rows Removed by Filter": 5}]}]}]}]}, "Planning Time": 1.248, "Triggers": [], "Execution Time": 100.984}]
[{"Plan": {"Node Type": "Aggregate", "Strategy": "Plain", "Partial Mode": "Simple", "Parallel Aware": false, "Startup Cost": 13530.99, "Total Cost": 13531.0, "Plan Rows": 1, "Plan Width": 8, "Actual Startup Time": 1093.783, "Actual Total Time": 1093.794, "Actual Rows": 1, "Actual Loops": 1, "Output": ["count(*)"], "Plans": [{"Node Type": "Hash Join", "Parent Relationship": "Outer", "Parallel Aware": false, "Join Type": "Inner", "Startup Cost": 7307.48, "Total Cost": 13219.41, "Plan Rows": 124631, "Plan Width": 0, "Actual Startup Time": 111.571, "Actual Total Time": 792.593, "Actual Rows": 7099735, "Actual Loops": 1, "Inner Unique": false, "Hash Cond": "(p.owneruserid = u.id)", "Plans": [{"Node Type": "Hash Join", "Parent Relationship": "Outer", "Parallel Aware": false, "Join Type": "Inner", "Startup Cost": 5827.45, "Total Cost": 10452.83, "Plan Rows": 48934, "Plan Width": 4, "Actual Startup Time": 89.94, "Actual Total Time": 171.473, "Actual Rows": 492145, "Actual Loops": 1, "Output": ["p.owneruserid"], "Inner Unique": false, "Hash Cond": "(ph.postid = p.id)", "Plans": [{"Node Type": "Seq Scan", "Parent Relationship": "Outer", "Parallel Aware": false, "Relation Name": "posthistory", "Schema": "public", "Alias": "ph", "Startup Cost": 0.0, "Total Cost": 2897.91, "Plan Rows": 123814, "Plan Width": 4, "Actual Startup Time": 0.614, "Actual Total Time": 22.665, "Actual Rows": 124185, "Actual Loops": 1, "Output": ["ph.id", "ph.posthistorytypeid", "ph.postid", "ph.creationdate", "ph.userid"], "Filter": "((ph.creationdate >= '2010-09-15 18:42:29'::timestamp without time zone) AND (ph.creationdate <= '2014-08-19 11:55:22'::timestamp without time zone))", "Rows Removed by Filter": 5809}, {"Node Type": "Hash", "Parent Relationship": "Inner", "Parallel Aware": false, "Startup Cost": 5624.0, "Total Cost": 5624.0, "Plan Rows": 16276, "Plan Width": 16, "Actual Startup Time": 89.257, "Actual Total Time": 89.262, "Actual Rows": 77233, "Actual Loops": 1, "Output": ["c.postid", "p.owneruserid", "p.id", "v.postid"], "Hash Buckets": 131072, "Original Hash Buckets": 16384, "Hash Batches": 1, "Original Hash Batches": 1, "Peak Memory Usage": 4638, "Plans": [{"Node Type": "Nested Loop", "Parent Relationship": "Outer", "Parallel Aware": false, "Join Type": "Inner", "Startup Cost": 1219.79, "Total Cost": 5624.0, "Plan Rows": 16276, "Plan Width": 16, "Actual Startup Time": 6.897, "Actual Total Time": 77.412, "Actual Rows": 77233, "Actual Loops": 1, "Output": ["c.postid", "p.owneruserid", "p.id", "v.postid"], "Inner Unique": false, "Join Filter": "(p.id = v.postid)", "Rows Removed by Join Filter": 0, "Plans": [{"Node Type": "Hash Join", "Parent Relationship": "Outer", "Parallel Aware": false, "Join Type": "Inner", "Startup Cost": 1219.5, "Total Cost": 3150.35, "Plan Rows": 4177, "Plan Width": 12, "Actual Startup Time": 6.845, "Actual Total Time": 25.946, "Actual Rows": 11651, "Actual Loops": 1, "Output": ["c.postid", "p.owneruserid", "p.id"], "Inner Unique": true, "Hash Cond": "(c.postid = p.id)", "Plans": [{"Node Type": "Seq Scan", "Parent Relationship": "Outer", "Parallel Aware": false, "Relation Name": "comments", "Schema": "public", "Alias": "c", "Startup Cost": 0.0, "Total Cost": 1773.36, "Plan Rows": 59996, "Plan Width": 4, "Actual Startup Time": 0.008, "Actual Total Time": 11.674, "Actual Rows": 60206, "Actual Loops": 1, "Output": ["c.id", "c.postid", "c.score", "c.creationdate", "c.userid"], "Filter": "((c.creationdate <= '2014-09-02 19:10:46'::timestamp without time zone) AND (c.score = 0))", "Rows Removed by Filter": 19151}, {"Node Type": "Hash", "Parent Relationship": "Inner", "Parallel Aware": false, "Startup Cost": 1183.66, "Total Cost": 1183.66, "Plan Rows": 2867, "Plan Width": 8, "Actual Startup Time": 6.812, "Actual Total Time": 6.813, "Actual Rows": 7265, "Actual Loops": 1, "Output": ["p.owneruserid", "p.id"], "Hash Buckets": 8192, "Original Hash Buckets": 4096, "Hash Batches": 1, "Original Hash Batches": 1, "Peak Memory Usage": 347, "Plans": [{"Node Type": "Seq Scan", "Parent Relationship": "Outer", "Parallel Aware": false, "Relation Name": "posts", "Schema": "public", "Alias": "p", "Startup Cost": 0.0, "Total Cost": 1183.66, "Plan Rows": 2867, "Plan Width": 8, "Actual Startup Time": 0.011, "Actual Total Time": 5.903, "Actual Rows": 7265, "Actual Loops": 1, "Output": ["p.owneruserid", "p.id"], "Filter": "((p.commentcount >= 0) AND (p.favoritecount >= 0) AND (p.favoritecount <= 15) AND (p.posttypeid = 1))", "Rows Removed by Filter": 33918}]}]}, {"Node Type": "Index Scan", "Parent Relationship": "Inner", "Parallel Aware": false, "Scan Direction": "Forward", "Index Name": "idx_votes_postid", "Relation Name": "votes", "Schema": "public", "Alias": "v", "Startup Cost": 0.29, "Total Cost": 0.52, "Plan Rows": 6, "Plan Width": 4, "Actual Startup Time": 0.001, "Actual Total Time": 0.004, "Actual Rows": 7, "Actual Loops": 11651, "Output": ["v.id", "v.postid", "v.votetypeid", "v.creationdate", "v.userid", "v.bountyamount"], "Index Cond": "(v.postid = c.postid)", "Rows Removed by Index Recheck": 0, "Filter": "((v.creationdate >= '2010-08-09 00:00:00'::timestamp without time zone) AND (v.creationdate <= '2014-09-08 00:00:00'::timestamp without time zone))", "Rows Removed by Filter": 0}]}]}]}, {"Node Type": "Hash", "Parent Relationship": "Inner", "Parallel Aware": false, "Startup Cost": 1072.26, "Total Cost": 1072.26, "Plan Rows": 32622, "Plan Width": 8, "Actual Startup Time": 21.409, "Actual Total Time": 21.411, "Actual Rows": 32624, "Actual Loops": 1, "Output": ["b.userid", "u.id"], "Hash Buckets": 32768, "Original Hash Buckets": 32768, "Hash Batches": 1, "Original Hash Batches": 1, "Peak Memory Usage": 1531, "Plans": [{"Node Type": "Hash Join", "Parent Relationship": "Outer", "Parallel Aware": false, "Join Type": "Inner", "Startup Cost": 483.36, "Total Cost": 1072.26, "Plan Rows": 32622, "Plan Width": 8, "Actual Startup Time": 6.462, "Actual Total Time": 16.802, "Actual Rows": 32624, "Actual Loops": 1, "Output": ["b.userid", "u.id"], "Inner Unique": true, "Hash Cond": "(b.userid = u.id)", "Plans": [{"Node Type": "Seq Scan", "Parent Relationship": "Outer", "Parallel Aware": false, "Relation Name": "badges", "Schema": "public", "Alias": "b", "Startup Cost": 0.0, "Total Cost": 503.24, "Plan Rows": 32624, "Plan Width": 4, "Actual Startup Time": 0.013, "Actual Total Time": 2.703, "Actual Rows": 32624, "Actual Loops": 1, "Output": ["b.id", "b.userid", "b.date"]}, {"Node Type": "Hash", "Parent Relationship": "Inner", "Parallel Aware": false, "Startup Cost": 296.69, "Total Cost": 296.69, "Plan Rows": 14934, "Plan Width": 4, "Actual Startup Time": 6.363, "Actual Total Time": 6.364, "Actual Rows": 14935, "Actual Loops": 1, "Output": ["u.id"], "Hash Buckets": 16384, "Original Hash Buckets": 16384, "Hash Batches": 1, "Original Hash Batches": 1, "Peak Memory Usage": 654, "Plans": [{"Node Type": "Seq Scan", "Parent Relationship": "Outer", "Parallel Aware": false, "Relation Name": "users", "Schema": "public", "Alias": "u", "Startup Cost": 0.0, "Total Cost": 296.69, "Plan Rows": 14934, "Plan Width": 4, "Actual Startup Time": 0.018, "Actual Total Time": 3.63, "Actual Rows": 14935, "Actual Loops": 1, "Output": ["u.id"], "Filter": "(u.creationdate <= '2014-08-01 17:59:18'::timestamp without time zone)", "Rows Removed by Filter": 0}]}]}]}]}]}, "Planning Time": 2.828, "Triggers": [], "Execution Time": 1094.13}]#####[{"Plan": {"Node Type": "Aggregate", "Strategy": "Plain", "Partial Mode": "Simple", "Parallel Aware": false, "Startup Cost": 14771.99, "Total Cost": 14772.0, "Plan Rows": 1, "Plan Width": 8, "Actual Startup Time": 1151.476, "Actual Total Time": 1151.488, "Actual Rows": 1, "Actual Loops": 1, "Output": ["count(*)"], "Plans": [{"Node Type": "Hash Join", "Parent Relationship": "Outer", "Parallel Aware": false, "Join Type": "Inner", "Startup Cost": 10926.45, "Total Cost": 11656.2, "Plan Rows": 1246314, "Plan Width": 0, "Actual Startup Time": 227.828, "Actual Total Time": 828.094, "Actual Rows": 7099735, "Actual Loops": 1, "Inner Unique": false, "Hash Cond": "(b.userid = u.id)", "Plans": [{"Node Type": "Seq Scan", "Parent Relationship": "Outer", "Parallel Aware": false, "Relation Name": "badges", "Schema": "public", "Alias": "b", "Startup Cost": 0.0, "Total Cost": 503.24, "Plan Rows": 32624, "Plan Width": 4, "Actual Startup Time": 0.015, "Actual Total Time": 3.343, "Actual Rows": 32624, "Actual Loops": 1, "Output": ["b.id", "b.userid", "b.date"]}, {"Node Type": "Hash", "Parent Relationship": "Inner", "Parallel Aware": false, "Startup Cost": 10866.84, "Total Cost": 10866.84, "Plan Rows": 4769, "Plan Width": 8, "Actual Startup Time": 227.718, "Actual Total Time": 227.727, "Actual Rows": 479738, "Actual Loops": 1, "Output": ["p.owneruserid", "u.id"], "Hash Buckets": 524288, "Original Hash Buckets": 8192, "Hash Batches": 1, "Original Hash Batches": 1, "Peak Memory Usage": 22836, "Plans": [{"Node Type": "Hash Join", "Parent Relationship": "Outer", "Parallel Aware": false, "Join Type": "Inner", "Startup Cost": 6253.85, "Total Cost": 10866.84, "Plan Rows": 4769, "Plan Width": 8, "Actual Startup Time": 99.389, "Actual Total Time": 173.19, "Actual Rows": 479738, "Actual Loops": 1, "Output": ["p.owneruserid", "u.id"], "Inner Unique": false, "Hash Cond": "(ph.postid = p.id)", "Plans": [{"Node Type": "Seq Scan", "Parent Relationship": "Outer", "Parallel Aware": false, "Relation Name": "posthistory", "Schema": "public", "Alias": "ph", "Startup Cost": 0.0, "Total Cost": 2897.91, "Plan Rows": 123814, "Plan Width": 4, "Actual Startup Time": 0.996, "Actual Total Time": 18.142, "Actual Rows": 124185, "Actual Loops": 1, "Output": ["ph.id", "ph.posthistorytypeid", "ph.postid", "ph.creationdate", "ph.userid"], "Filter": "((ph.creationdate >= '2010-09-15 18:42:29'::timestamp without time zone) AND (ph.creationdate <= '2014-08-19 11:55:22'::timestamp without time zone))", "Rows Removed by Filter": 5809}, {"Node Type": "Hash", "Parent Relationship": "Inner", "Parallel Aware": false, "Startup Cost": 6055.55, "Total Cost": 6055.55, "Plan Rows": 15864, "Plan Width": 20, "Actual Startup Time": 98.302, "Actual Total Time": 98.309, "Actual Rows": 75221, "Actual Loops": 1, "Output": ["c.postid", "p.owneruserid", "p.id", "v.postid", "u.id"], "Hash Buckets": 131072, "Original Hash Buckets": 16384, "Hash Batches": 1, "Original Hash Batches": 1, "Peak Memory Usage": 4844, "Plans": [{"Node Type": "Nested Loop", "Parent Relationship": "Outer", "Parallel Aware": false, "Join Type": "Inner", "Startup Cost": 1703.15, "Total Cost": 6055.55, "Plan Rows": 15864, "Plan Width": 20, "Actual Startup Time": 13.051, "Actual Total Time": 86.051, "Actual Rows": 75221, "Actual Loops": 1, "Output": ["c.postid", "p.owneruserid", "p.id", "v.postid", "u.id"], "Inner Unique": false, "Join Filter": "(p.id = v.postid)", "Rows Removed by Join Filter": 0, "Plans": [{"Node Type": "Hash Join", "Parent Relationship": "Outer", "Parallel Aware": false, "Join Type": "Inner", "Startup Cost": 1702.86, "Total Cost": 3644.68, "Plan Rows": 4071, "Plan Width": 16, "Actual Startup Time": 13.003, "Actual Total Time": 35.251, "Actual Rows": 11325, "Actual Loops": 1, "Output": ["c.postid", "p.owneruserid", "p.id", "u.id"], "Inner Unique": true, "Hash Cond": "(p.owneruserid = u.id)", "Plans": [{"Node Type": "Hash Join", "Parent Relationship": "Outer", "Parallel Aware": false, "Join Type": "Inner", "Startup Cost": 1219.5, "Total Cost": 3150.35, "Plan Rows": 4177, "Plan Width": 12, "Actual Startup Time": 8.004, "Actual Total Time": 27.597, "Actual Rows": 11651, "Actual Loops": 1, "Output": ["c.postid", "p.owneruserid", "p.id"], "Inner Unique": true, "Hash Cond": "(c.postid = p.id)", "Plans": [{"Node Type": "Seq Scan", "Parent Relationship": "Outer", "Parallel Aware": false, "Relation Name": "comments", "Schema": "public", "Alias": "c", "Startup Cost": 0.0, "Total Cost": 1773.36, "Plan Rows": 59996, "Plan Width": 4, "Actual Startup Time": 0.015, "Actual Total Time": 11.876, "Actual Rows": 60206, "Actual Loops": 1, "Output": ["c.id", "c.postid", "c.score", "c.creationdate", "c.userid"], "Filter": "((c.creationdate <= '2014-09-02 19:10:46'::timestamp without time zone) AND (c.score = 0))", "Rows Removed by Filter": 19151}, {"Node Type": "Hash", "Parent Relationship": "Inner", "Parallel Aware": false, "Startup Cost": 1183.66, "Total Cost": 1183.66, "Plan Rows": 2867, "Plan Width": 8, "Actual Startup Time": 7.959, "Actual Total Time": 7.96, "Actual Rows": 7265, "Actual Loops": 1, "Output": ["p.owneruserid", "p.id"], "Hash Buckets": 8192, "Original Hash Buckets": 4096, "Hash Batches": 1, "Original Hash Batches": 1, "Peak Memory Usage": 347, "Plans": [{"Node Type": "Seq Scan", "Parent Relationship": "Outer", "Parallel Aware": false, "Relation Name": "posts", "Schema": "public", "Alias": "p", "Startup Cost": 0.0, "Total Cost": 1183.66, "Plan Rows": 2867, "Plan Width": 8, "Actual Startup Time": 0.014, "Actual Total Time": 6.927, "Actual Rows": 7265, "Actual Loops": 1, "Output": ["p.owneruserid", "p.id"], "Filter": "((p.commentcount >= 0) AND (p.favoritecount >= 0) AND (p.favoritecount <= 15) AND (p.posttypeid = 1))", "Rows Removed by Filter": 33918}]}]}, {"Node Type": "Hash", "Parent Relationship": "Inner", "Parallel Aware": false, "Startup Cost": 296.69, "Total Cost": 296.69, "Plan Rows": 14934, "Plan Width": 4, "Actual Startup Time": 4.913, "Actual Total Time": 4.914, "Actual Rows": 14935, "Actual Loops": 1, "Output": ["u.id"], "Hash Buckets": 16384, "Original Hash Buckets": 16384, "Hash Batches": 1, "Original Hash Batches": 1, "Peak Memory Usage": 654, "Plans": [{"Node Type": "Seq Scan", "Parent Relationship": "Outer", "Parallel Aware": false, "Relation Name": "users", "Schema": "public", "Alias": "u", "Startup Cost": 0.0, "Total Cost": 296.69, "Plan Rows": 14934, "Plan Width": 4, "Actual Startup Time": 0.014, "Actual Total Time": 2.845, "Actual Rows": 14935, "Actual Loops": 1, "Output": ["u.id"], "Filter": "(u.creationdate <= '2014-08-01 17:59:18'::timestamp without time zone)", "Rows Removed by Filter": 0}]}]}, {"Node Type": "Index Scan", "Parent Relationship": "Inner", "Parallel Aware": false, "Scan Direction": "Forward", "Index Name": "idx_votes_postid", "Relation Name": "votes", "Schema": "public", "Alias": "v", "Startup Cost": 0.29, "Total Cost": 0.52, "Plan Rows": 6, "Plan Width": 4, "Actual Startup Time": 0.001, "Actual Total Time": 0.004, "Actual Rows": 7, "Actual Loops": 11325, "Output": ["v.id", "v.postid", "v.votetypeid", "v.creationdate", "v.userid", "v.bountyamount"], "Index Cond": "(v.postid = c.postid)", "Rows Removed by Index Recheck": 0, "Filter": "((v.creationdate >= '2010-08-09 00:00:00'::timestamp without time zone) AND (v.creationdate <= '2014-09-08 00:00:00'::timestamp without time zone))", "Rows Removed by Filter": 0}]}]}]}]}]}]}, "Planning Time": 2.781, "Triggers": [], "Execution Time": 1152.089}]#####[{"Plan": {"Node Type": "Aggregate", "Strategy": "Plain", "Partial Mode": "Simple", "Parallel Aware": false, "Startup Cost": 11716.1, "Total Cost": 11716.11, "Plan Rows": 1, "Plan Width": 8, "Actual Startup Time": 4141.717, "Actual Total Time": 4141.727, "Actual Rows": 1, "Actual Loops": 1, "Output": ["count(*)"], "Plans": [{"Node Type": "Nested Loop", "Parent Relationship": "Outer", "Parallel Aware": false, "Join Type": "Inner", "Startup Cost": 5875.97, "Total Cost": 8600.31, "Plan Rows": 1246314, "Plan Width": 0, "Actual Startup Time": 82.505, "Actual Total Time": 3784.016, "Actual Rows": 7099735, "Actual Loops": 1, "Inner Unique": false, "Join Filter": "(p.id = v.postid)", "Rows Removed by Join Filter": 0, "Plans": [{"Node Type": "Hash Join", "Parent Relationship": "Outer", "Parallel Aware": false, "Join Type": "Inner", "Startup Cost": 5875.68, "Total Cost": 6850.19, "Plan Rows": 3198, "Plan Width": 12, "Actual Startup Time": 82.462, "Actual Total Time": 229.119, "Actual Rows": 807964, "Actual Loops": 1, "Output": ["c.postid", "p.id", "ph.postid"], "Inner Unique": false, "Hash Cond": "(b.userid = u.id)", "Plans": [{"Node Type": "Seq Scan", "Parent Relationship": "Outer", "Parallel Aware": false, "Relation Name": "badges", "Schema": "public", "Alias": "b", "Startup Cost": 0.0, "Total Cost": 503.24, "Plan Rows": 32624, "Plan Width": 4, "Actual Startup Time": 0.009, "Actual Total Time": 3.742, "Actual Rows": 32624, "Actual Loops": 1, "Output": ["b.id", "b.userid", "b.date"]}, {"Node Type": "Hash", "Parent Relationship": "Inner", "Parallel Aware": false, "Startup Cost": 5722.68, "Total Cost": 5722.68, "Plan Rows": 12240, "Plan Width": 20, "Actual Startup Time": 82.364, "Actual Total Time": 82.371, "Actual Rows": 68616, "Actual Loops": 1, "Output": ["c.postid", "p.owneruserid", "p.id", "ph.postid", "u.id"], "Hash Buckets": 131072, "Original Hash Buckets": 16384, "Hash Batches": 1, "Original Hash Batches": 1, "Peak Memory Usage": 4509, "Plans": [{"Node Type": "Nested Loop", "Parent Relationship": "Outer", "Parallel Aware": false, "Join Type": "Inner", "Startup Cost": 1703.15, "Total Cost": 5722.68, "Plan Rows": 12240, "Plan Width": 20, "Actual Startup Time": 10.848, "Actual Total Time": 71.765, "Actual Rows": 68616, "Actual Loops": 1, "Output": ["c.postid", "p.owneruserid", "p.id", "ph.postid", "u.id"], "Inner Unique": false, "Join Filter": "(p.id = ph.postid)", "Rows Removed by Join Filter": 0, "Plans": [{"Node Type": "Hash Join", "Parent Relationship": "Outer", "Parallel Aware": false, "Join Type": "Inner", "Startup Cost": 1702.86, "Total Cost": 3644.68, "Plan Rows": 4071, "Plan Width": 16, "Actual Startup Time": 10.819, "Actual Total Time": 31.855, "Actual Rows": 11325, "Actual Loops": 1, "Output": ["c.postid", "p.owneruserid", "p.id", "u.id"], "Inner Unique": true, "Hash Cond": "(p.owneruserid = u.id)", "Plans": [{"Node Type": "Hash Join", "Parent Relationship": "Outer", "Parallel Aware": false, "Join Type": "Inner", "Startup Cost": 1219.5, "Total Cost": 3150.35, "Plan Rows": 4177, "Plan Width": 12, "Actual Startup Time": 6.963, "Actual Total Time": 25.496, "Actual Rows": 11651, "Actual Loops": 1, "Output": ["c.postid", "p.owneruserid", "p.id"], "Inner Unique": true, "Hash Cond": "(c.postid = p.id)", "Plans": [{"Node Type": "Seq Scan", "Parent Relationship": "Outer", "Parallel Aware": false, "Relation Name": "comments", "Schema": "public", "Alias": "c", "Startup Cost": 0.0, "Total Cost": 1773.36, "Plan Rows": 59996, "Plan Width": 4, "Actual Startup Time": 0.014, "Actual Total Time": 11.313, "Actual Rows": 60206, "Actual Loops": 1, "Output": ["c.id", "c.postid", "c.score", "c.creationdate", "c.userid"], "Filter": "((c.creationdate <= '2014-09-02 19:10:46'::timestamp without time zone) AND (c.score = 0))", "Rows Removed by Filter": 19151}, {"Node Type": "Hash", "Parent Relationship": "Inner", "Parallel Aware": false, "Startup Cost": 1183.66, "Total Cost": 1183.66, "Plan Rows": 2867, "Plan Width": 8, "Actual Startup Time": 6.924, "Actual Total Time": 6.925, "Actual Rows": 7265, "Actual Loops": 1, "Output": ["p.owneruserid", "p.id"], "Hash Buckets": 8192, "Original Hash Buckets": 4096, "Hash Batches": 1, "Original Hash Batches": 1, "Peak Memory Usage": 347, "Plans": [{"Node Type": "Seq Scan", "Parent Relationship": "Outer", "Parallel Aware": false, "Relation Name": "posts", "Schema": "public", "Alias": "p", "Startup Cost": 0.0, "Total Cost": 1183.66, "Plan Rows": 2867, "Plan Width": 8, "Actual Startup Time": 0.012, "Actual Total Time": 6.02, "Actual Rows": 7265, "Actual Loops": 1, "Output": ["p.owneruserid", "p.id"], "Filter": "((p.commentcount >= 0) AND (p.favoritecount >= 0) AND (p.favoritecount <= 15) AND (p.posttypeid = 1))", "Rows Removed by Filter": 33918}]}]}, {"Node Type": "Hash", "Parent Relationship": "Inner", "Parallel Aware": false, "Startup Cost": 296.69, "Total Cost": 296.69, "Plan Rows": 14934, "Plan Width": 4, "Actual Startup Time": 3.804, "Actual Total Time": 3.805, "Actual Rows": 14935, "Actual Loops": 1, "Output": ["u.id"], "Hash Buckets": 16384, "Original Hash Buckets": 16384, "Hash Batches": 1, "Original Hash Batches": 1, "Peak Memory Usage": 654, "Plans": [{"Node Type": "Seq Scan", "Parent Relationship": "Outer", "Parallel Aware": false, "Relation Name": "users", "Schema": "public", "Alias": "u", "Startup Cost": 0.0, "Total Cost": 296.69, "Plan Rows": 14934, "Plan Width": 4, "Actual Startup Time": 0.013, "Actual Total Time": 2.26, "Actual Rows": 14935, "Actual Loops": 1, "Output": ["u.id"], "Filter": "(u.creationdate <= '2014-08-01 17:59:18'::timestamp without time zone)", "Rows Removed by Filter": 0}]}]}, {"Node Type": "Index Scan", "Parent Relationship": "Inner", "Parallel Aware": false, "Scan Direction": "Forward", "Index Name": "idx_posthistory_postid", "Relation Name": "posthistory", "Schema": "public", "Alias": "ph", "Startup Cost": 0.29, "Total Cost": 0.46, "Plan Rows": 4, "Plan Width": 4, "Actual Startup Time": 0.001, "Actual Total Time": 0.003, "Actual Rows": 6, "Actual Loops": 11325, "Output": ["ph.id", "ph.posthistorytypeid", "ph.postid", "ph.creationdate", "ph.userid"], "Index Cond": "(ph.postid = c.postid)", "Rows Removed by Index Recheck": 0, "Filter": "((ph.creationdate >= '2010-09-15 18:42:29'::timestamp without time zone) AND (ph.creationdate <= '2014-08-19 11:55:22'::timestamp without time zone))", "Rows Removed by Filter": 0}]}]}]}, {"Node Type": "Index Scan", "Parent Relationship": "Inner", "Parallel Aware": false, "Scan Direction": "Forward", "Index Name": "idx_votes_postid", "Relation Name": "votes", "Schema": "public", "Alias": "v", "Startup Cost": 0.29, "Total Cost": 0.47, "Plan Rows": 6, "Plan Width": 4, "Actual Startup Time": 0.001, "Actual Total Time": 0.004, "Actual Rows": 9, "Actual Loops": 807964, "Output": ["v.id", "v.postid", "v.votetypeid", "v.creationdate", "v.userid", "v.bountyamount"], "Index Cond": "(v.postid = ph.postid)", "Rows Removed by Index Recheck": 0, "Filter": "((v.creationdate >= '2010-08-09 00:00:00'::timestamp without time zone) AND (v.creationdate <= '2014-09-08 00:00:00'::timestamp without time zone))", "Rows Removed by Filter": 0}]}]}, "Planning Time": 2.782, "Triggers": [], "Execution Time": 4141.945}]
[{"Plan": {"Node Type": "Aggregate", "Strategy": "Plain", "Partial Mode": "Simple", "Parallel Aware": false, "Startup Cost": 654659.62, "Total Cost": 654659.63, "Plan Rows": 1, "Plan Width": 8, "Actual Startup Time": 2822.38, "Actual Total Time": 2822.388, "Actual Rows": 1, "Actual Loops": 1, "Output": ["count(*)"], "Plans": [{"Node Type": "Hash Join", "Parent Relationship": "Outer", "Parallel Aware": false, "Join Type": "Inner", "Startup Cost": 2880.67, "Total Cost": 190711.66, "Plan Rows": 185579186, "Plan Width": 0, "Actual Startup Time": 31.11, "Actual Total Time": 2739.891, "Actual Rows": 1513822, "Actual Loops": 1, "Inner Unique": false, "Hash Cond": "(ph.userid = u.id)", "Plans": [{"Node Type": "Nested Loop", "Parent Relationship": "Outer", "Parallel Aware": false, "Join Type": "Inner", "Startup Cost": 0.29, "Total Cost": 34043.04, "Plan Rows": 3774196, "Plan Width": 8, "Actual Startup Time": 0.738, "Actual Total Time": 2284.237, "Actual Rows": 3780739, "Actual Loops": 1, "Output": ["ph.userid", "b.userid"], "Inner Unique": false, "Plans": [{"Node Type": "Seq Scan", "Parent Relationship": "Outer", "Parallel Aware": false, "Relation Name": "badges", "Schema": "public", "Alias": "b", "Startup Cost": 0.0, "Total Cost": 584.8, "Plan Rows": 32621, "Plan Width": 4, "Actual Startup Time": 0.023, "Actual Total Time": 8.429, "Actual Rows": 32624, "Actual Loops": 1, "Output": ["b.id", "b.userid", "b.date"], "Filter": "(b.date <= '2014-09-07 12:46:58'::timestamp without time zone)", "Rows Removed by Filter": 0}, {"Node Type": "Index Scan", "Parent Relationship": "Inner", "Parallel Aware": false, "Scan Direction": "Forward", "Index Name": "idx_posthistory_userid", "Relation Name": "posthistory", "Schema": "public", "Alias": "ph", "Startup Cost": 0.29, "Total Cost": 0.88, "Plan Rows": 15, "Plan Width": 4, "Actual Startup Time": 0.016, "Actual Total Time": 0.059, "Actual Rows": 116, "Actual Loops": 32624, "Output": ["ph.id", "ph.posthistorytypeid", "ph.postid", "ph.creationdate", "ph.userid"], "Index Cond": "(ph.userid = b.userid)", "Rows Removed by Index Recheck": 0, "Filter": "((ph.creationdate >= '2011-06-01 08:25:09'::timestamp without time zone) AND (ph.creationdate <= '2014-09-01 00:07:03'::timestamp without time zone))", "Rows Removed by Filter": 44}]}, {"Node Type": "Hash", "Parent Relationship": "Inner", "Parallel Aware": false, "Startup Cost": 2202.47, "Total Cost": 2202.47, "Plan Rows": 54232, "Plan Width": 8, "Actual Startup Time": 29.076, "Actual Total Time": 29.08, "Actual Rows": 16454, "Actual Loops": 1, "Output": ["c.userid", "u.id"], "Hash Buckets": 65536, "Original Hash Buckets": 65536, "Hash Batches": 1, "Original Hash Batches": 1, "Peak Memory Usage": 1155, "Plans": [{"Node Type": "Hash Join", "Parent Relationship": "Outer", "Parallel Aware": false, "Join Type": "Inner", "Startup Cost": 469.96, "Total Cost": 2202.47, "Plan Rows": 54232, "Plan Width": 8, "Actual Startup Time": 7.502, "Actual Total Time": 26.554, "Actual Rows": 16454, "Actual Loops": 1, "Output": ["c.userid", "u.id"], "Inner Unique": true, "Hash Cond": "(c.userid = u.id)", "Plans": [{"Node Type": "Seq Scan", "Parent Relationship": "Outer", "Parallel Aware": false, "Relation Name": "comments", "Schema": "public", "Alias": "c", "Startup Cost": 0.0, "Total Cost": 1574.96, "Plan Rows": 60002, "Plan Width": 4, "Actual Startup Time": 0.023, "Actual Total Time": 11.321, "Actual Rows": 60206, "Actual Loops": 1, "Output": ["c.id", "c.postid", "c.score", "c.creationdate", "c.userid"], "Filter": "(c.score = 0)", "Rows Removed by Filter": 19151}, {"Node Type": "Hash", "Parent Relationship": "Inner", "Parallel Aware": false, "Startup Cost": 296.69, "Total Cost": 296.69, "Plan Rows": 13862, "Plan Width": 4, "Actual Startup Time": 7.346, "Actual Total Time": 7.347, "Actual Rows": 13862, "Actual Loops": 1, "Output": ["u.id"], "Hash Buckets": 16384, "Original Hash Buckets": 16384, "Hash Batches": 1, "Original Hash Batches": 1, "Peak Memory Usage": 616, "Plans": [{"Node Type": "Seq Scan", "Parent Relationship": "Outer", "Parallel Aware": false, "Relation Name": "users", "Schema": "public", "Alias": "u", "Startup Cost": 0.0, "Total Cost": 296.69, "Plan Rows": 13862, "Plan Width": 4, "Actual Startup Time": 0.022, "Actual Total Time": 4.308, "Actual Rows": 13862, "Actual Loops": 1, "Output": ["u.id"], "Filter": "(u.upvotes <= 15)", "Rows Removed by Filter": 1073}]}]}]}]}]}, "Planning Time": 1.575, "Triggers": [], "Execution Time": 2822.618}]#####[{"Plan": {"Node Type": "Aggregate", "Strategy": "Plain", "Partial Mode": "Simple", "Parallel Aware": false, "Startup Cost": 4666276.17, "Total Cost": 4666276.18, "Plan Rows": 1, "Plan Width": 8, "Actual Startup Time": 333.288, "Actual Total Time": 333.309, "Actual Rows": 1, "Actual Loops": 1, "Output": ["count(*)"], "Plans": [{"Node Type": "Hash Join", "Parent Relationship": "Outer", "Parallel Aware": false, "Join Type": "Inner", "Startup Cost": 10798.31, "Total Cost": 26796.51, "Plan Rows": 1855791865, "Plan Width": 0, "Actual Startup Time": 78.521, "Actual Total Time": 249.646, "Actual Rows": 1513822, "Actual Loops": 1, "Inner Unique": false, "Hash Cond": "(c.userid = u.id)", "Plans": [{"Node Type": "Seq Scan", "Parent Relationship": "Outer", "Parallel Aware": false, "Relation Name": "comments", "Schema": "public", "Alias": "c", "Startup Cost": 0.0, "Total Cost": 1574.96, "Plan Rows": 60002, "Plan Width": 4, "Actual Startup Time": 0.03, "Actual Total Time": 13.216, "Actual Rows": 60206, "Actual Loops": 1, "Output": ["c.id", "c.postid", "c.score", "c.creationdate", "c.userid"], "Filter": "(c.score = 0)", "Rows Removed by Filter": 19151}, {"Node Type": "Hash", "Parent Relationship": "Inner", "Parallel Aware": false, "Startup Cost": 6789.08, "Total Cost": 6789.08, "Plan Rows": 320738, "Plan Width": 12, "Actual Startup Time": 75.89, "Actual Total Time": 75.904, "Actual Rows": 130805, "Actual Loops": 1, "Output": ["ph.userid", "b.userid", "u.id"], "Hash Buckets": 524288, "Original Hash Buckets": 524288, "Hash Batches": 1, "Original Hash Batches": 1, "Peak Memory Usage": 9717, "Plans": [{"Node Type": "Hash Join", "Parent Relationship": "Outer", "Parallel Aware": false, "Join Type": "Inner", "Startup Cost": 1518.88, "Total Cost": 6789.08, "Plan Rows": 320738, "Plan Width": 12, "Actual Startup Time": 25.681, "Actual Total Time": 60.189, "Actual Rows": 130805, "Actual Loops": 1, "Output": ["ph.userid", "b.userid", "u.id"], "Inner Unique": false, "Hash Cond": "(ph.userid = u.id)", "Plans": [{"Node Type": "Seq Scan", "Parent Relationship": "Outer", "Parallel Aware": false, "Relation Name": "posthistory", "Schema": "public", "Alias": "ph", "Startup Cost": 0.0, "Total Cost": 2897.91, "Plan Rows": 100685, "Plan Width": 4, "Actual Startup Time": 6.138, "Actual Total Time": 20.576, "Actual Rows": 100934, "Actual Loops": 1, "Output": ["ph.id", "ph.posthistorytypeid", "ph.postid", "ph.creationdate", "ph.userid"], "Filter": "((ph.creationdate >= '2011-06-01 08:25:09'::timestamp without time zone) AND (ph.creationdate <= '2014-09-01 00:07:03'::timestamp without time zone))", "Rows Removed by Filter": 29060}, {"Node Type": "Hash", "Parent Relationship": "Inner", "Parallel Aware": false, "Startup Cost": 1140.41, "Total Cost": 1140.41, "Plan Rows": 30277, "Plan Width": 8, "Actual Startup Time": 19.322, "Actual Total Time": 19.332, "Actual Rows": 20541, "Actual Loops": 1, "Output": ["b.userid", "u.id"], "Hash Buckets": 32768, "Original Hash Buckets": 32768, "Hash Batches": 1, "Original Hash Batches": 1, "Peak Memory Usage": 1059, "Plans": [{"Node Type": "Hash Join", "Parent Relationship": "Outer", "Parallel Aware": false, "Join Type": "Inner", "Startup Cost": 469.96, "Total Cost": 1140.41, "Plan Rows": 30277, "Plan Width": 8, "Actual Startup Time": 6.12, "Actual Total Time": 16.101, "Actual Rows": 20541, "Actual Loops": 1, "Output": ["b.userid", "u.id"], "Inner Unique": true, "Hash Cond": "(b.userid = u.id)", "Plans": [{"Node Type": "Seq Scan", "Parent Relationship": "Outer", "Parallel Aware": false, "Relation Name": "badges", "Schema": "public", "Alias": "b", "Startup Cost": 0.0, "Total Cost": 584.8, "Plan Rows": 32621, "Plan Width": 4, "Actual Startup Time": 0.022, "Actual Total Time": 4.834, "Actual Rows": 32624, "Actual Loops": 1, "Output": ["b.id", "b.userid", "b.date"], "Filter": "(b.date <= '2014-09-07 12:46:58'::timestamp without time zone)", "Rows Removed by Filter": 0}, {"Node Type": "Hash", "Parent Relationship": "Inner", "Parallel Aware": false, "Startup Cost": 296.69, "Total Cost": 296.69, "Plan Rows": 13862, "Plan Width": 4, "Actual Startup Time": 5.982, "Actual Total Time": 5.985, "Actual Rows": 13862, "Actual Loops": 1, "Output": ["u.id"], "Hash Buckets": 16384, "Original Hash Buckets": 16384, "Hash Batches": 1, "Original Hash Batches": 1, "Peak Memory Usage": 616, "Plans": [{"Node Type": "Seq Scan", "Parent Relationship": "Outer", "Parallel Aware": false, "Relation Name": "users", "Schema": "public", "Alias": "u", "Startup Cost": 0.0, "Total Cost": 296.69, "Plan Rows": 13862, "Plan Width": 4, "Actual Startup Time": 0.017, "Actual Total Time": 3.465, "Actual Rows": 13862, "Actual Loops": 1, "Output": ["u.id"], "Filter": "(u.upvotes <= 15)", "Rows Removed by Filter": 1073}]}]}]}]}]}]}]}, "Planning Time": 1.519, "Triggers": [], "Execution Time": 334.345}]#####[{"Plan": {"Node Type": "Aggregate", "Strategy": "Plain", "Partial Mode": "Simple", "Parallel Aware": false, "Startup Cost": 4649559.43, "Total Cost": 4649559.44, "Plan Rows": 1, "Plan Width": 8, "Actual Startup Time": 405.779, "Actual Total Time": 405.795, "Actual Rows": 1, "Actual Loops": 1, "Output": ["count(*)"], "Plans": [{"Node Type": "Hash Join", "Parent Relationship": "Outer", "Parallel Aware": false, "Join Type": "Inner", "Startup Cost": 4932.03, "Total Cost": 10079.77, "Plan Rows": 1855791865, "Plan Width": 0, "Actual Startup Time": 114.235, "Actual Total Time": 326.132, "Actual Rows": 1513822, "Actual Loops": 1, "Inner Unique": false, "Hash Cond": "(ph.userid = u.id)", "Plans": [{"Node Type": "Seq Scan", "Parent Relationship": "Outer", "Parallel Aware": false, "Relation Name": "posthistory", "Schema": "public", "Alias": "ph", "Startup Cost": 0.0, "Total Cost": 2897.91, "Plan Rows": 100685, "Plan Width": 4, "Actual Startup Time": 4.549, "Actual Total Time": 29.344, "Actual Rows": 100934, "Actual Loops": 1, "Output": ["ph.id", "ph.posthistorytypeid", "ph.postid", "ph.creationdate", "ph.userid"], "Filter": "((ph.creationdate >= '2011-06-01 08:25:09'::timestamp without time zone) AND (ph.creationdate <= '2014-09-01 00:07:03'::timestamp without time zone))", "Rows Removed by Filter": 29060}, {"Node Type": "Hash", "Parent Relationship": "Inner", "Parallel Aware": false, "Startup Cost": 4578.37, "Total Cost": 4578.37, "Plan Rows": 28293, "Plan Width": 12, "Actual Startup Time": 109.511, "Actual Total Time": 109.522, "Actual Rows": 74496, "Actual Loops": 1, "Output": ["c.userid", "b.userid", "u.id"], "Hash Buckets": 131072, "Original Hash Buckets": 32768, "Hash Batches": 1, "Original Hash Batches": 1, "Peak Memory Usage": 4225, "Plans": [{"Node Type": "Hash Join", "Parent Relationship": "Outer", "Parallel Aware": false, "Join Type": "Inner", "Startup Cost": 1518.88, "Total Cost": 4578.37, "Plan Rows": 28293, "Plan Width": 12, "Actual Startup Time": 58.314, "Actual Total Time": 94.718, "Actual Rows": 74496, "Actual Loops": 1, "Output": ["c.userid", "b.userid", "u.id"], "Inner Unique": false, "Hash Cond": "(c.userid = u.id)", "Plans": [{"Node Type": "Seq Scan", "Parent Relationship": "Outer", "Parallel Aware": false, "Relation Name": "comments", "Schema": "public", "Alias": "c", "Startup Cost": 0.0, "Total Cost": 1574.96, "Plan Rows": 60002, "Plan Width": 4, "Actual Startup Time": 0.016, "Actual Total Time": 16.829, "Actual Rows": 60206, "Actual Loops": 1, "Output": ["c.id", "c.postid", "c.score", "c.creationdate", "c.userid"], "Filter": "(c.score = 0)", "Rows Removed by Filter": 19151}, {"Node Type": "Hash", "Parent Relationship": "Inner", "Parallel Aware": false, "Startup Cost": 1140.41, "Total Cost": 1140.41, "Plan Rows": 30277, "Plan Width": 8, "Actual Startup Time": 49.616, "Actual Total Time": 49.625, "Actual Rows": 20541, "Actual Loops": 1, "Output": ["b.userid", "u.id"], "Hash Buckets": 32768, "Original Hash Buckets": 32768, "Hash Batches": 1, "Original Hash Batches": 1, "Peak Memory Usage": 1059, "Plans": [{"Node Type": "Hash Join", "Parent Relationship": "Outer", "Parallel Aware": false, "Join Type": "Inner", "Startup Cost": 469.96, "Total Cost": 1140.41, "Plan Rows": 30277, "Plan Width": 8, "Actual Startup Time": 6.658, "Actual Total Time": 45.031, "Actual Rows": 20541, "Actual Loops": 1, "Output": ["b.userid", "u.id"], "Inner Unique": true, "Hash Cond": "(b.userid = u.id)", "Plans": [{"Node Type": "Seq Scan", "Parent Relationship": "Outer", "Parallel Aware": false, "Relation Name": "badges", "Schema": "public", "Alias": "b", "Startup Cost": 0.0, "Total Cost": 584.8, "Plan Rows": 32621, "Plan Width": 4, "Actual Startup Time": 0.028, "Actual Total Time": 21.686, "Actual Rows": 32624, "Actual Loops": 1, "Output": ["b.id", "b.userid", "b.date"], "Filter": "(b.date <= '2014-09-07 12:46:58'::timestamp without time zone)", "Rows Removed by Filter": 0}, {"Node Type": "Hash", "Parent Relationship": "Inner", "Parallel Aware": false, "Startup Cost": 296.69, "Total Cost": 296.69, "Plan Rows": 13862, "Plan Width": 4, "Actual Startup Time": 6.541, "Actual Total Time": 6.542, "Actual Rows": 13862, "Actual Loops": 1, "Output": ["u.id"], "Hash Buckets": 16384, "Original Hash Buckets": 16384, "Hash Batches": 1, "Original Hash Batches": 1, "Peak Memory Usage": 616, "Plans": [{"Node Type": "Seq Scan", "Parent Relationship": "Outer", "Parallel Aware": false, "Relation Name": "users", "Schema": "public", "Alias": "u", "Startup Cost": 0.0, "Total Cost": 296.69, "Plan Rows": 13862, "Plan Width": 4, "Actual Startup Time": 0.013, "Actual Total Time": 4.028, "Actual Rows": 13862, "Actual Loops": 1, "Output": ["u.id"], "Filter": "(u.upvotes <= 15)", "Rows Removed by Filter": 1073}]}]}]}]}]}]}]}, "Planning Time": 1.565, "Triggers": [], "Execution Time": 406.064}]
[{"Plan": {"Node Type": "Aggregate", "Strategy": "Plain", "Partial Mode": "Simple", "Parallel Aware": false, "Startup Cost": 4866.12, "Total Cost": 4866.13, "Plan Rows": 1, "Plan Width": 8, "Actual Startup Time": 38.634, "Actual Total Time": 38.639, "Actual Rows": 1, "Actual Loops": 1, "Output": ["count(*)"], "Plans": [{"Node Type": "Nested Loop", "Parent Relationship": "Outer", "Parallel Aware": false, "Join Type": "Inner", "Startup Cost": 0.88, "Total Cost": 4642.46, "Plan Rows": 89465, "Plan Width": 0, "Actual Startup Time": 5.741, "Actual Total Time": 34.178, "Actual Rows": 100980, "Actual Loops": 1, "Inner Unique": false, "Plans": [{"Node Type": "Nested Loop", "Parent Relationship": "Outer", "Parallel Aware": false, "Join Type": "Inner", "Startup Cost": 0.58, "Total Cost": 2676.6, "Plan Rows": 2371, "Plan Width": 12, "Actual Startup Time": 5.709, "Actual Total Time": 18.762, "Actual Rows": 2244, "Actual Loops": 1, "Output": ["p.owneruserid", "ph.userid", "v.userid"], "Inner Unique": false, "Join Filter": "(ph.userid = p.owneruserid)", "Rows Removed by Join Filter": 0, "Plans": [{"Node Type": "Nested Loop", "Parent Relationship": "Outer", "Parallel Aware": false, "Join Type": "Inner", "Startup Cost": 0.29, "Total Cost": 2648.8, "Plan Rows": 57, "Plan Width": 8, "Actual Startup Time": 5.651, "Actual Total Time": 14.827, "Actual Rows": 204, "Actual Loops": 1, "Output": ["ph.userid", "v.userid"], "Inner Unique": false, "Plans": [{"Node Type": "Seq Scan", "Parent Relationship": "Outer", "Parallel Aware": false, "Relation Name": "posthistory", "Schema": "public", "Alias": "ph", "Startup Cost": 0.0, "Total Cost": 2572.93, "Plan Rows": 2, "Plan Width": 4, "Actual Startup Time": 5.604, "Actual Total Time": 14.378, "Actual Rows": 3, "Actual Loops": 1, "Output": ["ph.id", "ph.posthistorytypeid", "ph.postid", "ph.creationdate", "ph.userid"], "Filter": "(ph.creationdate = '2011-07-14 05:18:38'::timestamp without time zone)", "Rows Removed by Filter": 129991}, {"Node Type": "Index Scan", "Parent Relationship": "Inner", "Parallel Aware": false, "Scan Direction": "Forward", "Index Name": "idx_votes_userid", "Relation Name": "votes", "Schema": "public", "Alias": "v", "Startup Cost": 0.29, "Total Cost": 37.8, "Plan Rows": 14, "Plan Width": 4, "Actual Startup Time": 0.017, "Actual Total Time": 0.139, "Actual Rows": 68, "Actual Loops": 3, "Output": ["v.id", "v.postid", "v.votetypeid", "v.creationdate", "v.userid", "v.bountyamount"], "Index Cond": "(v.userid = ph.userid)", "Rows Removed by Index Recheck": 0, "Filter": "(v.creationdate <= '2014-09-07 00:00:00'::timestamp without time zone)", "Rows Removed by Filter": 0}]}, {"Node Type": "Index Scan", "Parent Relationship": "Inner", "Parallel Aware": false, "Scan Direction": "Forward", "Index Name": "idx_posts_owneruserid", "Relation Name": "posts", "Schema": "public", "Alias": "p", "Startup Cost": 0.29, "Total Cost": 0.45, "Plan Rows": 3, "Plan Width": 4, "Actual Startup Time": 0.003, "Actual Total Time": 0.018, "Actual Rows": 11, "Actual Loops": 204, "Output": ["p.id", "p.posttypeid", "p.creationdate", "p.score", "p.viewcount", "p.owneruserid", "p.answercount", "p.commentcount", "p.favoritecount", "p.lasteditoruserid"], "Index Cond": "(p.owneruserid = v.userid)", "Rows Removed by Index Recheck": 0, "Filter": "((p.score <= 21) AND (p.commentcount >= 0) AND (p.posttypeid = 2))", "Rows Removed by Filter": 31}]}, {"Node Type": "Index Only Scan", "Parent Relationship": "Inner", "Parallel Aware": false, "Scan Direction": "Forward", "Index Name": "idx_comments_userid", "Relation Name": "comments", "Schema": "public", "Alias": "c", "Startup Cost": 0.29, "Total Cost": 0.64, "Plan Rows": 19, "Plan Width": 4, "Actual Startup Time": 0.001, "Actual Total Time": 0.004, "Actual Rows": 45, "Actual Loops": 2244, "Output": ["c.userid"], "Index Cond": "(c.userid = p.owneruserid)", "Rows Removed by Index Recheck": 0, "Heap Fetches": 0}]}]}, "Planning Time": 3.986, "Triggers": [], "Execution Time": 38.815}]#####[{"Plan": {"Node Type": "Aggregate", "Strategy": "Plain", "Partial Mode": "Simple", "Parallel Aware": false, "Startup Cost": 40655.86, "Total Cost": 40655.87, "Plan Rows": 1, "Plan Width": 8, "Actual Startup Time": 418.821, "Actual Total Time": 418.828, "Actual Rows": 1, "Actual Loops": 1, "Output": ["count(*)"], "Plans": [{"Node Type": "Merge Join", "Parent Relationship": "Outer", "Parallel Aware": false, "Join Type": "Inner", "Startup Cost": 2677.56, "Total Cost": 38419.21, "Plan Rows": 894657, "Plan Width": 0, "Actual Startup Time": 393.672, "Actual Total Time": 413.373, "Actual Rows": 100980, "Actual Loops": 1, "Inner Unique": false, "Merge Cond": "(c.userid = p.owneruserid)", "Plans": [{"Node Type": "Sort", "Parent Relationship": "Outer", "Parallel Aware": false, "Startup Cost": 2634.33, "Total Cost": 2636.91, "Plan Rows": 1034, "Plan Width": 8, "Actual Startup Time": 19.772, "Actual Total Time": 19.792, "Actual Rows": 135, "Actual Loops": 1, "Output": ["c.userid", "ph.userid"], "Sort Key": ["c.userid"], "Sort Method": "quicksort", "Sort Space Used": 31, "Sort Space Type": "Memory", "Plans": [{"Node Type": "Nested Loop", "Parent Relationship": "Outer", "Parallel Aware": false, "Join Type": "Inner", "Startup Cost": 0.29, "Total Cost": 2582.56, "Plan Rows": 1034, "Plan Width": 8, "Actual Startup Time": 5.314, "Actual Total Time": 19.727, "Actual Rows": 135, "Actual Loops": 1, "Output": ["c.userid", "ph.userid"], "Inner Unique": false, "Plans": [{"Node Type": "Seq Scan", "Parent Relationship": "Outer", "Parallel Aware": false, "Relation Name": "posthistory", "Schema": "public", "Alias": "ph", "Startup Cost": 0.0, "Total Cost": 2572.93, "Plan Rows": 2, "Plan Width": 4, "Actual Startup Time": 5.279, "Actual Total Time": 19.661, "Actual Rows": 3, "Actual Loops": 1, "Output": ["ph.id", "ph.posthistorytypeid", "ph.postid", "ph.creationdate", "ph.userid"], "Filter": "(ph.creationdate = '2011-07-14 05:18:38'::timestamp without time zone)", "Rows Removed by Filter": 129991}, {"Node Type": "Index Only Scan", "Parent Relationship": "Inner", "Parallel Aware": false, "Scan Direction": "Forward", "Index Name": "idx_comments_userid", "Relation Name": "comments", "Schema": "public", "Alias": "c", "Startup Cost": 0.29, "Total Cost": 4.62, "Plan Rows": 19, "Plan Width": 4, "Actual Startup Time": 0.011, "Actual Total Time": 0.016, "Actual Rows": 45, "Actual Loops": 3, "Output": ["c.userid"], "Index Cond": "(c.userid = ph.userid)", "Rows Removed by Index Recheck": 0, "Heap Fetches": 0}]}]}, {"Node Type": "Materialize", "Parent Relationship": "Inner", "Parallel Aware": false, "Startup Cost": 0.58, "Total Cost": 8735.75, "Plan Rows": 383542, "Plan Width": 8, "Actual Startup Time": 0.42, "Actual Total Time": 310.638, "Actual Rows": 664767, "Actual Loops": 1, "Output": ["p.owneruserid", "v.userid"], "Plans": [{"Node Type": "Merge Join", "Parent Relationship": "Outer", "Parallel Aware": false, "Join Type": "Inner", "Startup Cost": 0.58, "Total Cost": 7776.89, "Plan Rows": 383542, "Plan Width": 8, "Actual Startup Time": 0.413, "Actual Total Time": 174.384, "Actual Rows": 564535, "Actual Loops": 1, "Output": ["p.owneruserid", "v.userid"], "Inner Unique": false, "Merge Cond": "(p.owneruserid = v.userid)", "Plans": [{"Node Type": "Index Scan", "Parent Relationship": "Outer", "Parallel Aware": false, "Scan Direction": "Forward", "Index Name": "idx_posts_owneruserid", "Relation Name": "posts", "Schema": "public", "Alias": "p", "Startup Cost": 0.29, "Total Cost": 2110.07, "Plan Rows": 23781, "Plan Width": 4, "Actual Startup Time": 0.341, "Actual Total Time": 22.675, "Actual Rows": 17592, "Actual Loops": 1, "Output": ["p.id", "p.posttypeid", "p.creationdate", "p.score", "p.viewcount", "p.owneruserid", "p.answercount", "p.commentcount", "p.favoritecount", "p.lasteditoruserid"], "Filter": "((p.score <= 21) AND (p.commentcount >= 0) AND (p.posttypeid = 2))", "Rows Removed by Filter": 9355}, {"Node Type": "Materialize", "Parent Relationship": "Inner", "Parallel Aware": false, "Startup Cost": 0.29, "Total Cost": 6730.7, "Plan Rows": 164220, "Plan Width": 4, "Actual Startup Time": 0.026, "Actual Total Time": 48.696, "Actual Rows": 567183, "Actual Loops": 1, "Output": ["v.id", "v.postid", "v.votetypeid", "v.creationdate", "v.userid", "v.bountyamount"], "Plans": [{"Node Type": "Index Scan", "Parent Relationship": "Outer", "Parallel Aware": false, "Scan Direction": "Forward", "Index Name": "idx_votes_userid", "Relation Name": "votes", "Schema": "public", "Alias": "v", "Startup Cost": 0.29, "Total Cost": 6320.15, "Plan Rows": 164220, "Plan Width": 4, "Actual Startup Time": 0.022, "Actual Total Time": 15.569, "Actual Rows": 11326, "Actual Loops": 1, "Output": ["v.id", "v.postid", "v.votetypeid", "v.creationdate", "v.userid", "v.bountyamount"], "Filter": "(v.creationdate <= '2014-09-07 00:00:00'::timestamp without time zone)", "Rows Removed by Filter": 0}]}]}]}]}]}, "Planning Time": 3.155, "Triggers": [], "Execution Time": 418.994}]#####[{"Plan": {"Node Type": "Aggregate", "Strategy": "Plain", "Partial Mode": "Simple", "Parallel Aware": false, "Startup Cost": 6827.23, "Total Cost": 6827.24, "Plan Rows": 1, "Plan Width": 8, "Actual Startup Time": 38.888, "Actual Total Time": 38.893, "Actual Rows": 1, "Actual Loops": 1, "Output": ["count(*)"], "Plans": [{"Node Type": "Nested Loop", "Parent Relationship": "Outer", "Parallel Aware": false, "Join Type": "Inner", "Startup Cost": 0.88, "Total Cost": 4590.58, "Plan Rows": 894657, "Plan Width": 0, "Actual Startup Time": 6.9, "Actual Total Time": 34.167, "Actual Rows": 100980, "Actual Loops": 1, "Inner Unique": false, "Plans": [{"Node Type": "Nested Loop", "Parent Relationship": "Outer", "Parallel Aware": false, "Join Type": "Inner", "Startup Cost": 0.58, "Total Cost": 2624.72, "Plan Rows": 2371, "Plan Width": 12, "Actual Startup Time": 6.871, "Actual Total Time": 17.57, "Actual Rows": 2244, "Actual Loops": 1, "Output": ["p.owneruserid", "ph.userid", "v.userid"], "Inner Unique": false, "Plans": [{"Node Type": "Nested Loop", "Parent Relationship": "Outer", "Parallel Aware": false, "Join Type": "Inner", "Startup Cost": 0.29, "Total Cost": 2611.86, "Plan Rows": 14, "Plan Width": 8, "Actual Startup Time": 6.83, "Actual Total Time": 16.052, "Actual Rows": 33, "Actual Loops": 1, "Output": ["p.owneruserid", "ph.userid"], "Inner Unique": false, "Plans": [{"Node Type": "Seq Scan", "Parent Relationship": "Outer", "Parallel Aware": false, "Relation Name": "posthistory", "Schema": "public", "Alias": "ph", "Startup Cost": 0.0, "Total Cost": 2572.93, "Plan Rows": 2, "Plan Width": 4, "Actual Startup Time": 6.761, "Actual Total Time": 15.749, "Actual Rows": 3, "Actual Loops": 1, "Output": ["ph.id", "ph.posthistorytypeid", "ph.postid", "ph.creationdate", "ph.userid"], "Filter": "(ph.creationdate = '2011-07-14 05:18:38'::timestamp without time zone)", "Rows Removed by Filter": 129991}, {"Node Type": "Index Scan", "Parent Relationship": "Inner", "Parallel Aware": false, "Scan Direction": "Forward", "Index Name": "idx_posts_owneruserid", "Relation Name": "posts", "Schema": "public", "Alias": "p", "Startup Cost": 0.29, "Total Cost": 19.44, "Plan Rows": 3, "Plan Width": 4, "Actual Startup Time": 0.026, "Actual Total Time": 0.096, "Actual Rows": 11, "Actual Loops": 3, "Output": ["p.id", "p.posttypeid", "p.creationdate", "p.score", "p.viewcount", "p.owneruserid", "p.answercount", "p.commentcount", "p.favoritecount", "p.lasteditoruserid"], "Index Cond": "(p.owneruserid = ph.userid)", "Rows Removed by Index Recheck": 0, "Filter": "((p.score <= 21) AND (p.commentcount >= 0) AND (p.posttypeid = 2))", "Rows Removed by Filter": 31}]}, {"Node Type": "Index Scan", "Parent Relationship": "Inner", "Parallel Aware": false, "Scan Direction": "Forward", "Index Name": "idx_votes_userid", "Relation Name": "votes", "Schema": "public", "Alias": "v", "Startup Cost": 0.29, "Total Cost": 0.78, "Plan Rows": 14, "Plan Width": 4, "Actual Startup Time": 0.003, "Actual Total Time": 0.039, "Actual Rows": 68, "Actual Loops": 33, "Output": ["v.id", "v.postid", "v.votetypeid", "v.creationdate", "v.userid", "v.bountyamount"], "Index Cond": "(v.userid = p.owneruserid)", "Rows Removed by Index Recheck": 0, "Filter": "(v.creationdate <= '2014-09-07 00:00:00'::timestamp without time zone)", "Rows Removed by Filter": 0}]}, {"Node Type": "Index Only Scan", "Parent Relationship": "Inner", "Parallel Aware": false, "Scan Direction": "Forward", "Index Name": "idx_comments_userid", "Relation Name": "comments", "Schema": "public", "Alias": "c", "Startup Cost": 0.29, "Total Cost": 0.64, "Plan Rows": 19, "Plan Width": 4, "Actual Startup Time": 0.001, "Actual Total Time": 0.004, "Actual Rows": 45, "Actual Loops": 2244, "Output": ["c.userid"], "Index Cond": "(c.userid = p.owneruserid)", "Rows Removed by Index Recheck": 0, "Heap Fetches": 0}]}]}, "Planning Time": 2.477, "Triggers": [], "Execution Time": 39.068}]
[{"Plan": {"Node Type": "Aggregate", "Strategy": "Plain", "Partial Mode": "Simple", "Parallel Aware": false, "Startup Cost": 11144.67, "Total Cost": 11144.68, "Plan Rows": 1, "Plan Width": 8, "Actual Startup Time": 250.609, "Actual Total Time": 250.621, "Actual Rows": 1, "Actual Loops": 1, "Output": ["count(*)"], "Plans": [{"Node Type": "Hash Join", "Parent Relationship": "Outer", "Parallel Aware": false, "Join Type": "Inner", "Startup Cost": 9172.56, "Total Cost": 10862.85, "Plan Rows": 112728, "Plan Width": 0, "Actual Startup Time": 227.396, "Actual Total Time": 244.708, "Actual Rows": 160220, "Actual Loops": 1, "Inner Unique": false, "Hash Cond": "(b.userid = u.id)", "Plans": [{"Node Type": "Seq Scan", "Parent Relationship": "Outer", "Parallel Aware": false, "Relation Name": "badges", "Schema": "public", "Alias": "b", "Startup Cost": 0.0, "Total Cost": 503.24, "Plan Rows": 32624, "Plan Width": 4, "Actual Startup Time": 0.02, "Actual Total Time": 2.143, "Actual Rows": 32624, "Actual Loops": 1, "Output": ["b.id", "b.userid", "b.date"]}, {"Node Type": "Hash", "Parent Relationship": "Inner", "Parallel Aware": false, "Startup Cost": 8633.3, "Total Cost": 8633.3, "Plan Rows": 43141, "Plan Width": 8, "Actual Startup Time": 226.882, "Actual Total Time": 226.89, "Actual Rows": 52122, "Actual Loops": 1, "Output": ["p.owneruserid", "u.id"], "Hash Buckets": 65536, "Original Hash Buckets": 65536, "Hash Batches": 1, "Original Hash Batches": 1, "Peak Memory Usage": 2549, "Plans": [{"Node Type": "Hash Join", "Parent Relationship": "Outer", "Parallel Aware": false, "Join Type": "Inner", "Startup Cost": 5466.45, "Total Cost": 8633.3, "Plan Rows": 43141, "Plan Width": 8, "Actual Startup Time": 135.344, "Actual Total Time": 215.233, "Actual Rows": 52122, "Actual Loops": 1, "Output": ["p.owneruserid", "u.id"], "Inner Unique": false, "Hash Cond": "(ph.postid = p.id)", "Plans": [{"Node Type": "Seq Scan", "Parent Relationship": "Outer", "Parallel Aware": false, "Relation Name": "posthistory", "Schema": "public", "Alias": "ph", "Startup Cost": 0.0, "Total Cost": 2247.94, "Plan Rows": 129994, "Plan Width": 4, "Actual Startup Time": 0.014, "Actual Total Time": 33.038, "Actual Rows": 129994, "Actual Loops": 1, "Output": ["ph.id", "ph.posthistorytypeid", "ph.postid", "ph.creationdate", "ph.userid"]}, {"Node Type": "Hash", "Parent Relationship": "Inner", "Parallel Aware": false, "Startup Cost": 5295.6, "Total Cost": 5295.6, "Plan Rows": 13668, "Plan Width": 20, "Actual Startup Time": 134.516, "Actual Total Time": 134.523, "Actual Rows": 7929, "Actual Loops": 1, "Output": ["c.postid", "p.owneruserid", "p.id", "v.postid", "u.id"], "Hash Buckets": 16384, "Original Hash Buckets": 16384, "Hash Batches": 1, "Original Hash Batches": 1, "Peak Memory Usage": 531, "Plans": [{"Node Type": "Nested Loop", "Parent Relationship": "Outer", "Parallel Aware": false, "Join Type": "Inner", "Startup Cost": 1695.23, "Total Cost": 5295.6, "Plan Rows": 13668, "Plan Width": 20, "Actual Startup Time": 38.386, "Actual Total Time": 130.884, "Actual Rows": 7929, "Actual Loops": 1, "Output": ["c.postid", "p.owneruserid", "p.id", "v.postid", "u.id"], "Inner Unique": false, "Plans": [{"Node Type": "Hash Join", "Parent Relationship": "Outer", "Parallel Aware": false, "Join Type": "Inner", "Startup Cost": 1694.93, "Total Cost": 3510.44, "Plan Rows": 3427, "Plan Width": 16, "Actual Startup Time": 38.333, "Actual Total Time": 117.601, "Actual Rows": 2328, "Actual Loops": 1, "Output": ["c.postid", "p.owneruserid", "p.id", "u.id"], "Inner Unique": true, "Hash Cond": "(p.owneruserid = u.id)", "Plans": [{"Node Type": "Hash Join", "Parent Relationship": "Outer", "Parallel Aware": false, "Join Type": "Inner", "Startup Cost": 1177.22, "Total Cost": 2980.96, "Plan Rows": 4485, "Plan Width": 12, "Actual Startup Time": 31.709, "Actual Total Time": 108.149, "Actual Rows": 5770, "Actual Loops": 1, "Output": ["c.postid", "p.owneruserid", "p.id"], "Inner Unique": true, "Hash Cond": "(c.postid = p.id)", "Plans": [{"Node Type": "Seq Scan", "Parent Relationship": "Outer", "Parallel Aware": false, "Relation Name": "comments", "Schema": "public", "Alias": "c", "Startup Cost": 0.0, "Total Cost": 1773.36, "Plan Rows": 11574, "Plan Width": 4, "Actual Startup Time": 0.02, "Actual Total Time": 69.818, "Actual Rows": 11485, "Actual Loops": 1, "Output": ["c.id", "c.postid", "c.score", "c.creationdate", "c.userid"], "Filter": "((c.creationdate <= '2014-09-11 07:27:31'::timestamp without time zone) AND (c.score = 1))", "Rows Removed by Filter": 67872}, {"Node Type": "Hash", "Parent Relationship": "Inner", "Parallel Aware": false, "Startup Cost": 977.75, "Total Cost": 977.75, "Plan Rows": 15958, "Plan Width": 8, "Actual Startup Time": 31.583, "Actual Total Time": 31.584, "Actual Rows": 16001, "Actual Loops": 1, "Output": ["p.owneruserid", "p.id"], "Hash Buckets": 16384, "Original Hash Buckets": 16384, "Hash Batches": 1, "Original Hash Batches": 1, "Peak Memory Usage": 752, "Plans": [{"Node Type": "Seq Scan", "Parent Relationship": "Outer", "Parallel Aware": false, "Relation Name": "posts", "Schema": "public", "Alias": "p", "Startup Cost": 0.0, "Total Cost": 977.75, "Plan Rows": 15958, "Plan Width": 8, "Actual Startup Time": 0.02, "Actual Total Time": 20.361, "Actual Rows": 16001, "Actual Loops": 1, "Output": ["p.owneruserid", "p.id"], "Filter": "((p.viewcount >= 0) AND (p.viewcount <= 6283))", "Rows Removed by Filter": 25182}]}]}, {"Node Type": "Hash", "Parent Relationship": "Inner", "Parallel Aware": false, "Startup Cost": 371.36, "Total Cost": 371.36, "Plan Rows": 11708, "Plan Width": 4, "Actual Startup Time": 6.393, "Actual Total Time": 6.393, "Actual Rows": 11953, "Actual Loops": 1, "Output": ["u.id"], "Hash Buckets": 16384, "Original Hash Buckets": 16384, "Hash Batches": 1, "Original Hash Batches": 1, "Peak Memory Usage": 549, "Plans": [{"Node Type": "Seq Scan", "Parent Relationship": "Outer", "Parallel Aware": false, "Relation Name": "users", "Schema": "public", "Alias": "u", "Startup Cost": 0.0, "Total Cost": 371.36, "Plan Rows": 11708, "Plan Width": 4, "Actual Startup Time": 0.019, "Actual Total Time": 4.057, "Actual Rows": 11953, "Actual Loops": 1, "Output": ["u.id"], "Filter": "((u.views >= 0) AND (u.views <= 104) AND (u.upvotes <= 2))", "Rows Removed by Filter": 2982}]}]}, {"Node Type": "Index Only Scan", "Parent Relationship": "Inner", "Parallel Aware": false, "Scan Direction": "Forward", "Index Name": "idx_votes_postid", "Relation Name": "votes", "Schema": "public", "Alias": "v", "Startup Cost": 0.29, "Total Cost": 0.46, "Plan Rows": 6, "Plan Width": 4, "Actual Startup Time": 0.004, "Actual Total Time": 0.005, "Actual Rows": 3, "Actual Loops": 2328, "Output": ["v.postid"], "Index Cond": "(v.postid = p.id)", "Rows Removed by Index Recheck": 0, "Heap Fetches": 0}]}]}]}]}]}]}, "Planning Time": 2.817, "Triggers": [], "Execution Time": 250.938}]#####[{"Plan": {"Node Type": "Aggregate", "Strategy": "Plain", "Partial Mode": "Simple", "Parallel Aware": false, "Startup Cost": 14309.96, "Total Cost": 14309.97, "Plan Rows": 1, "Plan Width": 8, "Actual Startup Time": 120.621, "Actual Total Time": 120.632, "Actual Rows": 1, "Actual Loops": 1, "Output": ["count(*)"], "Plans": [{"Node Type": "Hash Join", "Parent Relationship": "Outer", "Parallel Aware": false, "Join Type": "Inner", "Startup Cost": 6967.11, "Total Cost": 11491.75, "Plan Rows": 1127284, "Plan Width": 0, "Actual Startup Time": 54.565, "Actual Total Time": 114.564, "Actual Rows": 160220, "Actual Loops": 1, "Inner Unique": false, "Hash Cond": "(p.owneruserid = u.id)", "Plans": [{"Node Type": "Hash Join", "Parent Relationship": "Outer", "Parallel Aware": false, "Join Type": "Inner", "Startup Cost": 5540.81, "Total Cost": 8840.8, "Plan Rows": 56456, "Plan Width": 4, "Actual Startup Time": 34.905, "Actual Total Time": 74.156, "Actual Rows": 181619, "Actual Loops": 1, "Output": ["p.owneruserid"], "Inner Unique": false, "Hash Cond": "(ph.postid = p.id)", "Plans": [{"Node Type": "Seq Scan", "Parent Relationship": "Outer", "Parallel Aware": false, "Relation Name": "posthistory", "Schema": "public", "Alias": "ph", "Startup Cost": 0.0, "Total Cost": 2247.94, "Plan Rows": 129994, "Plan Width": 4, "Actual Startup Time": 0.012, "Actual Total Time": 8.505, "Actual Rows": 129994, "Actual Loops": 1, "Output": ["ph.id", "ph.posthistorytypeid", "ph.postid", "ph.creationdate", "ph.userid"]}, {"Node Type": "Hash", "Parent Relationship": "Inner", "Parallel Aware": false, "Startup Cost": 5317.24, "Total Cost": 5317.24, "Plan Rows": 17886, "Plan Width": 16, "Actual Startup Time": 34.766, "Actual Total Time": 34.772, "Actual Rows": 28107, "Actual Loops": 1, "Output": ["c.postid", "p.owneruserid", "p.id", "v.postid"], "Hash Buckets": 32768, "Original Hash Buckets": 32768, "Hash Batches": 1, "Original Hash Batches": 1, "Peak Memory Usage": 1570, "Plans": [{"Node Type": "Nested Loop", "Parent Relationship": "Outer", "Parallel Aware": false, "Join Type": "Inner", "Startup Cost": 1177.52, "Total Cost": 5317.24, "Plan Rows": 17886, "Plan Width": 16, "Actual Startup Time": 8.269, "Actual Total Time": 30.912, "Actual Rows": 28107, "Actual Loops": 1, "Output": ["c.postid", "p.owneruserid", "p.id", "v.postid"], "Inner Unique": false, "Plans": [{"Node Type": "Hash Join", "Parent Relationship": "Outer", "Parallel Aware": false, "Join Type": "Inner", "Startup Cost": 1177.22, "Total Cost": 2980.96, "Plan Rows": 4485, "Plan Width": 12, "Actual Startup Time": 8.245, "Actual Total Time": 19.787, "Actual Rows": 5770, "Actual Loops": 1, "Output": ["c.postid", "p.owneruserid", "p.id"], "Inner Unique": true, "Hash Cond": "(c.postid = p.id)", "Plans": [{"Node Type": "Seq Scan", "Parent Relationship": "Outer", "Parallel Aware": false, "Relation Name": "comments", "Schema": "public", "Alias": "c", "Startup Cost": 0.0, "Total Cost": 1773.36, "Plan Rows": 11574, "Plan Width": 4, "Actual Startup Time": 0.01, "Actual Total Time": 8.863, "Actual Rows": 11485, "Actual Loops": 1, "Output": ["c.id", "c.postid", "c.score", "c.creationdate", "c.userid"], "Filter": "((c.creationdate <= '2014-09-11 07:27:31'::timestamp without time zone) AND (c.score = 1))", "Rows Removed by Filter": 67872}, {"Node Type": "Hash", "Parent Relationship": "Inner", "Parallel Aware": false, "Startup Cost": 977.75, "Total Cost": 977.75, "Plan Rows": 15958, "Plan Width": 8, "Actual Startup Time": 8.174, "Actual Total Time": 8.176, "Actual Rows": 16001, "Actual Loops": 1, "Output": ["p.owneruserid", "p.id"], "Hash Buckets": 16384, "Original Hash Buckets": 16384, "Hash Batches": 1, "Original Hash Batches": 1, "Peak Memory Usage": 752, "Plans": [{"Node Type": "Seq Scan", "Parent Relationship": "Outer", "Parallel Aware": false, "Relation Name": "posts", "Schema": "public", "Alias": "p", "Startup Cost": 0.0, "Total Cost": 977.75, "Plan Rows": 15958, "Plan Width": 8, "Actual Startup Time": 0.011, "Actual Total Time": 6.193, "Actual Rows": 16001, "Actual Loops": 1, "Output": ["p.owneruserid", "p.id"], "Filter": "((p.viewcount >= 0) AND (p.viewcount <= 6283))", "Rows Removed by Filter": 25182}]}]}, {"Node Type": "Index Only Scan", "Parent Relationship": "Inner", "Parallel Aware": false, "Scan Direction": "Forward", "Index Name": "idx_votes_postid", "Relation Name": "votes", "Schema": "public", "Alias": "v", "Startup Cost": 0.29, "Total Cost": 0.46, "Plan Rows": 6, "Plan Width": 4, "Actual Startup Time": 0.001, "Actual Total Time": 0.001, "Actual Rows": 5, "Actual Loops": 5770, "Output": ["v.postid"], "Index Cond": "(v.postid = p.id)", "Rows Removed by Index Recheck": 0, "Heap Fetches": 0}]}]}]}, {"Node Type": "Hash", "Parent Relationship": "Inner", "Parallel Aware": false, "Startup Cost": 1106.61, "Total Cost": 1106.61, "Plan Rows": 25575, "Plan Width": 8, "Actual Startup Time": 18.853, "Actual Total Time": 18.855, "Actual Rows": 13376, "Actual Loops": 1, "Output": ["b.userid", "u.id"], "Hash Buckets": 32768, "Original Hash Buckets": 32768, "Hash Batches": 1, "Original Hash Batches": 1, "Peak Memory Usage": 779, "Plans": [{"Node Type": "Hash Join", "Parent Relationship": "Outer", "Parallel Aware": false, "Join Type": "Inner", "Startup Cost": 517.71, "Total Cost": 1106.61, "Plan Rows": 25575, "Plan Width": 8, "Actual Startup Time": 6.693, "Actual Total Time": 16.415, "Actual Rows": 13376, "Actual Loops": 1, "Output": ["b.userid", "u.id"], "Inner Unique": true, "Hash Cond": "(b.userid = u.id)", "Plans": [{"Node Type": "Seq Scan", "Parent Relationship": "Outer", "Parallel Aware": false, "Relation Name": "badges", "Schema": "public", "Alias": "b", "Startup Cost": 0.0, "Total Cost": 503.24, "Plan Rows": 32624, "Plan Width": 4, "Actual Startup Time": 0.016, "Actual Total Time": 3.247, "Actual Rows": 32624, "Actual Loops": 1, "Output": ["b.id", "b.userid", "b.date"]}, {"Node Type": "Hash", "Parent Relationship": "Inner", "Parallel Aware": false, "Startup Cost": 371.36, "Total Cost": 371.36, "Plan Rows": 11708, "Plan Width": 4, "Actual Startup Time": 6.548, "Actual Total Time": 6.549, "Actual Rows": 11953, "Actual Loops": 1, "Output": ["u.id"], "Hash Buckets": 16384, "Original Hash Buckets": 16384, "Hash Batches": 1, "Original Hash Batches": 1, "Peak Memory Usage": 549, "Plans": [{"Node Type": "Seq Scan", "Parent Relationship": "Outer", "Parallel Aware": false, "Relation Name": "users", "Schema": "public", "Alias": "u", "Startup Cost": 0.0, "Total Cost": 371.36, "Plan Rows": 11708, "Plan Width": 4, "Actual Startup Time": 0.026, "Actual Total Time": 4.197, "Actual Rows": 11953, "Actual Loops": 1, "Output": ["u.id"], "Filter": "((u.views >= 0) AND (u.views <= 104) AND (u.upvotes <= 2))", "Rows Removed by Filter": 2982}]}]}]}]}]}, "Planning Time": 2.756, "Triggers": [], "Execution Time": 120.942}]#####[{"Plan": {"Node Type": "Aggregate", "Strategy": "Plain", "Partial Mode": "Simple", "Parallel Aware": false, "Startup Cost": 10258.46, "Total Cost": 10258.47, "Plan Rows": 1, "Plan Width": 8, "Actual Startup Time": 109.831, "Actual Total Time": 109.841, "Actual Rows": 1, "Actual Loops": 1, "Output": ["count(*)"], "Plans": [{"Node Type": "Nested Loop", "Parent Relationship": "Outer", "Parallel Aware": false, "Join Type": "Inner", "Startup Cost": 5215.17, "Total Cost": 7440.25, "Plan Rows": 1127284, "Plan Width": 0, "Actual Startup Time": 40.473, "Actual Total Time": 102.599, "Actual Rows": 160220, "Actual Loops": 1, "Inner Unique": false, "Join Filter": "(p.id = v.postid)", "Rows Removed by Join Filter": 0, "Plans": [{"Node Type": "Hash Join", "Parent Relationship": "Outer", "Parallel Aware": false, "Join Type": "Inner", "Startup Cost": 5214.87, "Total Cost": 6076.76, "Plan Rows": 2826, "Plan Width": 12, "Actual Startup Time": 40.453, "Actual Total Time": 50.431, "Actual Rows": 33689, "Actual Loops": 1, "Output": ["c.postid", "p.id", "ph.postid"], "Inner Unique": false, "Hash Cond": "(b.userid = u.id)", "Plans": [{"Node Type": "Seq Scan", "Parent Relationship": "Outer", "Parallel Aware": false, "Relation Name": "badges", "Schema": "public", "Alias": "b", "Startup Cost": 0.0, "Total Cost": 503.24, "Plan Rows": 32624, "Plan Width": 4, "Actual Startup Time": 0.018, "Actual Total Time": 2.189, "Actual Rows": 32624, "Actual Loops": 1, "Output": ["b.id", "b.userid", "b.date"]}, {"Node Type": "Hash", "Parent Relationship": "Inner", "Parallel Aware": false, "Startup Cost": 5079.65, "Total Cost": 5079.65, "Plan Rows": 10818, "Plan Width": 20, "Actual Startup Time": 40.117, "Actual Total Time": 40.124, "Actual Rows": 13664, "Actual Loops": 1, "Output": ["c.postid", "p.owneruserid", "p.id", "ph.postid", "u.id"], "Hash Buckets": 16384, "Original Hash Buckets": 16384, "Hash Batches": 1, "Original Hash Batches": 1, "Peak Memory Usage": 822, "Plans": [{"Node Type": "Nested Loop", "Parent Relationship": "Outer", "Parallel Aware": false, "Join Type": "Inner", "Startup Cost": 1695.22, "Total Cost": 5079.65, "Plan Rows": 10818, "Plan Width": 20, "Actual Startup Time": 19.166, "Actual Total Time": 38.056, "Actual Rows": 13664, "Actual Loops": 1, "Output": ["c.postid", "p.owneruserid", "p.id", "ph.postid", "u.id"], "Inner Unique": false, "Plans": [{"Node Type": "Hash Join", "Parent Relationship": "Outer", "Parallel Aware": false, "Join Type": "Inner", "Startup Cost": 1694.93, "Total Cost": 3510.44, "Plan Rows": 3427, "Plan Width": 16, "Actual Startup Time": 19.134, "Actual Total Time": 32.128, "Actual Rows": 2328, "Actual Loops": 1, "Output": ["c.postid", "p.owneruserid", "p.id", "u.id"], "Inner Unique": true, "Hash Cond": "(p.owneruserid = u.id)", "Plans": [{"Node Type": "Hash Join", "Parent Relationship": "Outer", "Parallel Aware": false, "Join Type": "Inner", "Startup Cost": 1177.22, "Total Cost": 2980.96, "Plan Rows": 4485, "Plan Width": 12, "Actual Startup Time": 11.214, "Actual Total Time": 23.031, "Actual Rows": 5770, "Actual Loops": 1, "Output": ["c.postid", "p.owneruserid", "p.id"], "Inner Unique": true, "Hash Cond": "(c.postid = p.id)", "Plans": [{"Node Type": "Seq Scan", "Parent Relationship": "Outer", "Parallel Aware": false, "Relation Name": "comments", "Schema": "public", "Alias": "c", "Startup Cost": 0.0, "Total Cost": 1773.36, "Plan Rows": 11574, "Plan Width": 4, "Actual Startup Time": 0.018, "Actual Total Time": 9.191, "Actual Rows": 11485, "Actual Loops": 1, "Output": ["c.id", "c.postid", "c.score", "c.creationdate", "c.userid"], "Filter": "((c.creationdate <= '2014-09-11 07:27:31'::timestamp without time zone) AND (c.score = 1))", "Rows Removed by Filter": 67872}, {"Node Type": "Hash", "Parent Relationship": "Inner", "Parallel Aware": false, "Startup Cost": 977.75, "Total Cost": 977.75, "Plan Rows": 15958, "Plan Width": 8, "Actual Startup Time": 11.109, "Actual Total Time": 11.11, "Actual Rows": 16001, "Actual Loops": 1, "Output": ["p.owneruserid", "p.id"], "Hash Buckets": 16384, "Original Hash Buckets": 16384, "Hash Batches": 1, "Original Hash Batches": 1, "Peak Memory Usage": 752, "Plans": [{"Node Type": "Seq Scan", "Parent Relationship": "Outer", "Parallel Aware": false, "Relation Name": "posts", "Schema": "public", "Alias": "p", "Startup Cost": 0.0, "Total Cost": 977.75, "Plan Rows": 15958, "Plan Width": 8, "Actual Startup Time": 0.016, "Actual Total Time": 8.372, "Actual Rows": 16001, "Actual Loops": 1, "Output": ["p.owneruserid", "p.id"], "Filter": "((p.viewcount >= 0) AND (p.viewcount <= 6283))", "Rows Removed by Filter": 25182}]}]}, {"Node Type": "Hash", "Parent Relationship": "Inner", "Parallel Aware": false, "Startup Cost": 371.36, "Total Cost": 371.36, "Plan Rows": 11708, "Plan Width": 4, "Actual Startup Time": 7.738, "Actual Total Time": 7.739, "Actual Rows": 11953, "Actual Loops": 1, "Output": ["u.id"], "Hash Buckets": 16384, "Original Hash Buckets": 16384, "Hash Batches": 1, "Original Hash Batches": 1, "Peak Memory Usage": 549, "Plans": [{"Node Type": "Seq Scan", "Parent Relationship": "Outer", "Parallel Aware": false, "Relation Name": "users", "Schema": "public", "Alias": "u", "Startup Cost": 0.0, "Total Cost": 371.36, "Plan Rows": 11708, "Plan Width": 4, "Actual Startup Time": 0.025, "Actual Total Time": 4.907, "Actual Rows": 11953, "Actual Loops": 1, "Output": ["u.id"], "Filter": "((u.views >= 0) AND (u.views <= 104) AND (u.upvotes <= 2))", "Rows Removed by Filter": 2982}]}]}, {"Node Type": "Index Only Scan", "Parent Relationship": "Inner", "Parallel Aware": false, "Scan Direction": "Forward", "Index Name": "idx_posthistory_postid", "Relation Name": "posthistory", "Schema": "public", "Alias": "ph", "Startup Cost": 0.29, "Total Cost": 0.42, "Plan Rows": 4, "Plan Width": 4, "Actual Startup Time": 0.002, "Actual Total Time": 0.002, "Actual Rows": 6, "Actual Loops": 2328, "Output": ["ph.postid"], "Index Cond": "(ph.postid = p.id)", "Rows Removed by Index Recheck": 0, "Heap Fetches": 0}]}]}]}, {"Node Type": "Index Only Scan", "Parent Relationship": "Inner", "Parallel Aware": false, "Scan Direction": "Forward", "Index Name": "idx_votes_postid", "Relation Name": "votes", "Schema": "public", "Alias": "v", "Startup Cost": 0.29, "Total Cost": 0.41, "Plan Rows": 6, "Plan Width": 4, "Actual Startup Time": 0.001, "Actual Total Time": 0.001, "Actual Rows": 5, "Actual Loops": 33689, "Output": ["v.postid"], "Index Cond": "(v.postid = ph.postid)", "Rows Removed by Index Recheck": 0, "Heap Fetches": 0}]}]}, "Planning Time": 2.816, "Triggers": [], "Execution Time": 110.115}]
[{"Plan": {"Node Type": "Aggregate", "Strategy": "Plain", "Partial Mode": "Simple", "Parallel Aware": false, "Startup Cost": 83.43, "Total Cost": 83.44, "Plan Rows": 1, "Plan Width": 8, "Actual Startup Time": 0.739, "Actual Total Time": 0.743, "Actual Rows": 1, "Actual Loops": 1, "Output": ["count(*)"], "Plans": [{"Node Type": "Nested Loop", "Parent Relationship": "Outer", "Parallel Aware": false, "Join Type": "Inner", "Startup Cost": 1.16, "Total Cost": 83.43, "Plan Rows": 1, "Plan Width": 0, "Actual Startup Time": 0.731, "Actual Total Time": 0.734, "Actual Rows": 0, "Actual Loops": 1, "Inner Unique": false, "Plans": [{"Node Type": "Nested Loop", "Parent Relationship": "Outer", "Parallel Aware": false, "Join Type": "Inner", "Startup Cost": 0.87, "Total Cost": 83.05, "Plan Rows": 1, "Plan Width": 8, "Actual Startup Time": 0.73, "Actual Total Time": 0.734, "Actual Rows": 0, "Actual Loops": 1, "Output": ["p.owneruserid", "u.id"], "Inner Unique": true, "Plans": [{"Node Type": "Nested Loop", "Parent Relationship": "Outer", "Parallel Aware": false, "Join Type": "Inner", "Startup Cost": 0.58, "Total Cost": 82.72, "Plan Rows": 1, "Plan Width": 4, "Actual Startup Time": 0.73, "Actual Total Time": 0.733, "Actual Rows": 0, "Actual Loops": 1, "Output": ["p.owneruserid"], "Inner Unique": true, "Join Filter": "(pl.relatedpostid = p.id)", "Rows Removed by Join Filter": 0, "Plans": [{"Node Type": "Nested Loop", "Parent Relationship": "Outer", "Parallel Aware": false, "Join Type": "Inner", "Startup Cost": 0.29, "Total Cost": 81.31, "Plan Rows": 4, "Plan Width": 8, "Actual Startup Time": 0.73, "Actual Total Time": 0.733, "Actual Rows": 0, "Actual Loops": 1, "Output": ["c.postid", "pl.relatedpostid"], "Inner Unique": false, "Plans": [{"Node Type": "Seq Scan", "Parent Relationship": "Outer", "Parallel Aware": false, "Relation Name": "postlinks", "Schema": "public", "Alias": "pl", "Startup Cost": 0.0, "Total Cost": 76.91, "Plan Rows": 1, "Plan Width": 4, "Actual Startup Time": 0.729, "Actual Total Time": 0.732, "Actual Rows": 0, "Actual Loops": 1, "Output": ["pl.id", "pl.creationdate", "pl.postid", "pl.relatedpostid", "pl.linktypeid"], "Filter": "(pl.linktypeid = 3)", "Rows Removed by Filter": 3833}, {"Node Type": "Index Only Scan", "Parent Relationship": "Inner", "Parallel Aware": false, "Scan Direction": "Forward", "Index Name": "idx_comments_postid", "Relation Name": "comments", "Schema": "public", "Alias": "c", "Startup Cost": 0.29, "Total Cost": 4.36, "Plan Rows": 4, "Plan Width": 4, "Actual Startup Time": 0.0, "Actual Total Time": 0.0, "Actual Rows": 0, "Actual Loops": 0, "Output": ["c.postid"], "Index Cond": "(c.postid = pl.relatedpostid)", "Rows Removed by Index Recheck": 0, "Heap Fetches": 0}]}, {"Node Type": "Index Scan", "Parent Relationship": "Inner", "Parallel Aware": false, "Scan Direction": "Forward", "Index Name": "posts_pkey", "Relation Name": "posts", "Schema": "public", "Alias": "p", "Startup Cost": 0.29, "Total Cost": 0.34, "Plan Rows": 1, "Plan Width": 8, "Actual Startup Time": 0.0, "Actual Total Time": 0.0, "Actual Rows": 0, "Actual Loops": 0, "Output": ["p.id", "p.posttypeid", "p.creationdate", "p.score", "p.viewcount", "p.owneruserid", "p.answercount", "p.commentcount", "p.favoritecount", "p.lasteditoruserid"], "Index Cond": "(p.id = c.postid)", "Rows Removed by Index Recheck": 0, "Filter": "((p.commentcount >= 0) AND (p.commentcount <= 13) AND (p.favoritecount >= 0))", "Rows Removed by Filter": 0}]}, {"Node Type": "Index Only Scan", "Parent Relationship": "Inner", "Parallel Aware": false, "Scan Direction": "Forward", "Index Name": "users_pkey", "Relation Name": "users", "Schema": "public", "Alias": "u", "Startup Cost": 0.29, "Total Cost": 0.33, "Plan Rows": 1, "Plan Width": 4, "Actual Startup Time": 0.0, "Actual Total Time": 0.0, "Actual Rows": 0, "Actual Loops": 0, "Output": ["u.id"], "Index Cond": "(u.id = p.owneruserid)", "Rows Removed by Index Recheck": 0, "Heap Fetches": 0}]}, {"Node Type": "Index Only Scan", "Parent Relationship": "Inner", "Parallel Aware": false, "Scan Direction": "Forward", "Index Name": "idx_badges_userid", "Relation Name": "badges", "Schema": "public", "Alias": "b", "Startup Cost": 0.29, "Total Cost": 0.35, "Plan Rows": 3, "Plan Width": 4, "Actual Startup Time": 0.0, "Actual Total Time": 0.0, "Actual Rows": 0, "Actual Loops": 0, "Output": ["b.userid"], "Index Cond": "(b.userid = u.id)", "Rows Removed by Index Recheck": 0, "Heap Fetches": 0}]}]}, "Planning Time": 1.883, "Triggers": [], "Execution Time": 0.915}]#####[{"Plan": {"Node Type": "Aggregate", "Strategy": "Plain", "Partial Mode": "Simple", "Parallel Aware": false, "Startup Cost": 83.43, "Total Cost": 83.44, "Plan Rows": 1, "Plan Width": 8, "Actual Startup Time": 1.0, "Actual Total Time": 1.004, "Actual Rows": 1, "Actual Loops": 1, "Output": ["count(*)"], "Plans": [{"Node Type": "Nested Loop", "Parent Relationship": "Outer", "Parallel Aware": false, "Join Type": "Inner", "Startup Cost": 1.16, "Total Cost": 83.43, "Plan Rows": 2, "Plan Width": 0, "Actual Startup Time": 0.992, "Actual Total Time": 0.995, "Actual Rows": 0, "Actual Loops": 1, "Inner Unique": true, "Plans": [{"Node Type": "Nested Loop", "Parent Relationship": "Outer", "Parallel Aware": false, "Join Type": "Inner", "Startup Cost": 0.87, "Total Cost": 83.12, "Plan Rows": 1, "Plan Width": 8, "Actual Startup Time": 0.992, "Actual Total Time": 0.995, "Actual Rows": 0, "Actual Loops": 1, "Output": ["p.owneruserid", "b.userid"], "Inner Unique": false, "Plans": [{"Node Type": "Nested Loop", "Parent Relationship": "Outer", "Parallel Aware": false, "Join Type": "Inner", "Startup Cost": 0.58, "Total Cost": 82.72, "Plan Rows": 1, "Plan Width": 4, "Actual Startup Time": 0.991, "Actual Total Time": 0.994, "Actual Rows": 0, "Actual Loops": 1, "Output": ["p.owneruserid"], "Inner Unique": true, "Join Filter": "(pl.relatedpostid = p.id)", "Rows Removed by Join Filter": 0, "Plans": [{"Node Type": "Nested Loop", "Parent Relationship": "Outer", "Parallel Aware": false, "Join Type": "Inner", "Startup Cost": 0.29, "Total Cost": 81.31, "Plan Rows": 4, "Plan Width": 8, "Actual Startup Time": 0.991, "Actual Total Time": 0.994, "Actual Rows": 0, "Actual Loops": 1, "Output": ["c.postid", "pl.relatedpostid"], "Inner Unique": false, "Plans": [{"Node Type": "Seq Scan", "Parent Relationship": "Outer", "Parallel Aware": false, "Relation Name": "postlinks", "Schema": "public", "Alias": "pl", "Startup Cost": 0.0, "Total Cost": 76.91, "Plan Rows": 1, "Plan Width": 4, "Actual Startup Time": 0.991, "Actual Total Time": 0.993, "Actual Rows": 0, "Actual Loops": 1, "Output": ["pl.id", "pl.creationdate", "pl.postid", "pl.relatedpostid", "pl.linktypeid"], "Filter": "(pl.linktypeid = 3)", "Rows Removed by Filter": 3833}, {"Node Type": "Index Only Scan", "Parent Relationship": "Inner", "Parallel Aware": false, "Scan Direction": "Forward", "Index Name": "idx_comments_postid", "Relation Name": "comments", "Schema": "public", "Alias": "c", "Startup Cost": 0.29, "Total Cost": 4.36, "Plan Rows": 4, "Plan Width": 4, "Actual Startup Time": 0.0, "Actual Total Time": 0.0, "Actual Rows": 0, "Actual Loops": 0, "Output": ["c.postid"], "Index Cond": "(c.postid = pl.relatedpostid)", "Rows Removed by Index Recheck": 0, "Heap Fetches": 0}]}, {"Node Type": "Index Scan", "Parent Relationship": "Inner", "Parallel Aware": false, "Scan Direction": "Forward", "Index Name": "posts_pkey", "Relation Name": "posts", "Schema": "public", "Alias": "p", "Startup Cost": 0.29, "Total Cost": 0.34, "Plan Rows": 1, "Plan Width": 8, "Actual Startup Time": 0.0, "Actual Total Time": 0.0, "Actual Rows": 0, "Actual Loops": 0, "Output": ["p.id", "p.posttypeid", "p.creationdate", "p.score", "p.viewcount", "p.owneruserid", "p.answercount", "p.commentcount", "p.favoritecount", "p.lasteditoruserid"], "Index Cond": "(p.id = c.postid)", "Rows Removed by Index Recheck": 0, "Filter": "((p.commentcount >= 0) AND (p.commentcount <= 13) AND (p.favoritecount >= 0))", "Rows Removed by Filter": 0}]}, {"Node Type": "Index Only Scan", "Parent Relationship": "Inner", "Parallel Aware": false, "Scan Direction": "Forward", "Index Name": "idx_badges_userid", "Relation Name": "badges", "Schema": "public", "Alias": "b", "Startup Cost": 0.29, "Total Cost": 0.37, "Plan Rows": 3, "Plan Width": 4, "Actual Startup Time": 0.0, "Actual Total Time": 0.0, "Actual Rows": 0, "Actual Loops": 0, "Output": ["b.userid"], "Index Cond": "(b.userid = p.owneruserid)", "Rows Removed by Index Recheck": 0, "Heap Fetches": 0}]}, {"Node Type": "Index Only Scan", "Parent Relationship": "Inner", "Parallel Aware": false, "Scan Direction": "Forward", "Index Name": "users_pkey", "Relation Name": "users", "Schema": "public", "Alias": "u", "Startup Cost": 0.29, "Total Cost": 0.31, "Plan Rows": 1, "Plan Width": 4, "Actual Startup Time": 0.0, "Actual Total Time": 0.0, "Actual Rows": 0, "Actual Loops": 0, "Output": ["u.id"], "Index Cond": "(u.id = b.userid)", "Rows Removed by Index Recheck": 0, "Heap Fetches": 0}]}]}, "Planning Time": 2.497, "Triggers": [], "Execution Time": 1.236}]#####[{"Plan": {"Node Type": "Aggregate", "Strategy": "Plain", "Partial Mode": "Simple", "Parallel Aware": false, "Startup Cost": 118.69, "Total Cost": 118.7, "Plan Rows": 1, "Plan Width": 8, "Actual Startup Time": 1.01, "Actual Total Time": 1.015, "Actual Rows": 1, "Actual Loops": 1, "Output": ["count(*)"], "Plans": [{"Node Type": "Nested Loop", "Parent Relationship": "Outer", "Parallel Aware": false, "Join Type": "Inner", "Startup Cost": 1.15, "Total Cost": 118.68, "Plan Rows": 2, "Plan Width": 0, "Actual Startup Time": 1.001, "Actual Total Time": 1.005, "Actual Rows": 0, "Actual Loops": 1, "Inner Unique": false, "Plans": [{"Node Type": "Nested Loop", "Parent Relationship": "Outer", "Parallel Aware": false, "Join Type": "Inner", "Startup Cost": 0.87, "Total Cost": 118.3, "Plan Rows": 1, "Plan Width": 8, "Actual Startup Time": 1.0, "Actual Total Time": 1.005, "Actual Rows": 0, "Actual Loops": 1, "Output": ["p.owneruserid", "u.id"], "Inner Unique": false, "Plans": [{"Node Type": "Nested Loop", "Parent Relationship": "Outer", "Parallel Aware": false, "Join Type": "Inner", "Startup Cost": 0.57, "Total Cost": 117.82, "Plan Rows": 1, "Plan Width": 16, "Actual Startup Time": 1.0, "Actual Total Time": 1.004, "Actual Rows": 0, "Actual Loops": 1, "Output": ["pl.relatedpostid", "p.id", "p.owneruserid", "u.id"], "Inner Unique": true, "Plans": [{"Node Type": "Nested Loop", "Parent Relationship": "Outer", "Parallel Aware": false, "Join Type": "Inner", "Startup Cost": 0.29, "Total Cost": 85.23, "Plan Rows": 100, "Plan Width": 12, "Actual Startup Time": 1.0, "Actual Total Time": 1.004, "Actual Rows": 0, "Actual Loops": 1, "Output": ["pl.relatedpostid", "p.id", "p.owneruserid"], "Inner Unique": true, "Plans": [{"Node Type": "Seq Scan", "Parent Relationship": "Outer", "Parallel Aware": false, "Relation Name": "postlinks", "Schema": "public", "Alias": "pl", "Startup Cost": 0.0, "Total Cost": 76.91, "Plan Rows": 1, "Plan Width": 4, "Actual Startup Time": 0.999, "Actual Total Time": 1.002, "Actual Rows": 0, "Actual Loops": 1, "Output": ["pl.id", "pl.creationdate", "pl.postid", "pl.relatedpostid", "pl.linktypeid"], "Filter": "(pl.linktypeid = 3)", "Rows Removed by Filter": 3833}, {"Node Type": "Index Scan", "Parent Relationship": "Inner", "Parallel Aware": false, "Scan Direction": "Forward", "Index Name": "posts_pkey", "Relation Name": "posts", "Schema": "public", "Alias": "p", "Startup Cost": 0.29, "Total Cost": 8.31, "Plan Rows": 1, "Plan Width": 8, "Actual Startup Time": 0.0, "Actual Total Time": 0.0, "Actual Rows": 0, "Actual Loops": 0, "Output": ["p.id", "p.posttypeid", "p.creationdate", "p.score", "p.viewcount", "p.owneruserid", "p.answercount", "p.commentcount", "p.favoritecount", "p.lasteditoruserid"], "Index Cond": "(p.id = pl.relatedpostid)", "Rows Removed by Index Recheck": 0, "Filter": "((p.commentcount >= 0) AND (p.commentcount <= 13) AND (p.favoritecount >= 0))", "Rows Removed by Filter": 0}]}, {"Node Type": "Index Only Scan", "Parent Relationship": "Inner", "Parallel Aware": false, "Scan Direction": "Forward", "Index Name": "users_pkey", "Relation Name": "users", "Schema": "public", "Alias": "u", "Startup Cost": 0.29, "Total Cost": 0.33, "Plan Rows": 1, "Plan Width": 4, "Actual Startup Time": 0.0, "Actual Total Time": 0.0, "Actual Rows": 0, "Actual Loops": 0, "Output": ["u.id"], "Index Cond": "(u.id = p.owneruserid)", "Rows Removed by Index Recheck": 0, "Heap Fetches": 0}]}, {"Node Type": "Index Only Scan", "Parent Relationship": "Inner", "Parallel Aware": false, "Scan Direction": "Forward", "Index Name": "idx_comments_postid", "Relation Name": "comments", "Schema": "public", "Alias": "c", "Startup Cost": 0.29, "Total Cost": 0.44, "Plan Rows": 4, "Plan Width": 4, "Actual Startup Time": 0.0, "Actual Total Time": 0.0, "Actual Rows": 0, "Actual Loops": 0, "Output": ["c.postid"], "Index Cond": "(c.postid = p.id)", "Rows Removed by Index Recheck": 0, "Heap Fetches": 0}]}, {"Node Type": "Index Only Scan", "Parent Relationship": "Inner", "Parallel Aware": false, "Scan Direction": "Forward", "Index Name": "idx_badges_userid", "Relation Name": "badges", "Schema": "public", "Alias": "b", "Startup Cost": 0.29, "Total Cost": 0.35, "Plan Rows": 3, "Plan Width": 4, "Actual Startup Time": 0.0, "Actual Total Time": 0.0, "Actual Rows": 0, "Actual Loops": 0, "Output": ["b.userid"], "Index Cond": "(b.userid = u.id)", "Rows Removed by Index Recheck": 0, "Heap Fetches": 0}]}]}, "Planning Time": 2.386, "Triggers": [], "Execution Time": 1.258}]
[{"Plan": {"Node Type": "Aggregate", "Strategy": "Plain", "Partial Mode": "Simple", "Parallel Aware": false, "Startup Cost": 7146.42, "Total Cost": 7146.43, "Plan Rows": 1, "Plan Width": 8, "Actual Startup Time": 11.22, "Actual Total Time": 11.234, "Actual Rows": 1, "Actual Loops": 1, "Output": ["count(*)"], "Plans": [{"Node Type": "Merge Join", "Parent Relationship": "Outer", "Parallel Aware": false, "Join Type": "Inner", "Startup Cost": 2017.61, "Total Cost": 6256.68, "Plan Rows": 355898, "Plan Width": 0, "Actual Startup Time": 11.211, "Actual Total Time": 11.224, "Actual Rows": 0, "Actual Loops": 1, "Inner Unique": false, "Merge Cond": "(u.id = ph.userid)", "Plans": [{"Node Type": "Merge Join", "Parent Relationship": "Outer", "Parallel Aware": false, "Join Type": "Inner", "Startup Cost": 2017.31, "Total Cost": 2944.83, "Plan Rows": 8851, "Plan Width": 12, "Actual Startup Time": 11.21, "Actual Total Time": 11.222, "Actual Rows": 0, "Actual Loops": 1, "Output": ["p.owneruserid", "u.id", "b.userid"], "Inner Unique": false, "Merge Cond": "(b.userid = u.id)", "Plans": [{"Node Type": "Index Only Scan", "Parent Relationship": "Outer", "Parallel Aware": false, "Scan Direction": "Forward", "Index Name": "idx_badges_userid", "Relation Name": "badges", "Schema": "public", "Alias": "b", "Startup Cost": 0.29, "Total Cost": 713.65, "Plan Rows": 32624, "Plan Width": 4, "Actual Startup Time": 0.038, "Actual Total Time": 0.041, "Actual Rows": 1, "Actual Loops": 1, "Output": ["b.userid"], "Heap Fetches": 0}, {"Node Type": "Sort", "Parent Relationship": "Inner", "Parallel Aware": false, "Startup Cost": 2017.02, "Total Cost": 2027.15, "Plan Rows": 4052, "Plan Width": 8, "Actual Startup Time": 11.169, "Actual Total Time": 11.179, "Actual Rows": 0, "Actual Loops": 1, "Output": ["p.owneruserid", "u.id"], "Sort Key": ["p.owneruserid"], "Sort Method": "quicksort", "Sort Space Used": 25, "Sort Space Type": "Memory", "Plans": [{"Node Type": "Hash Join", "Parent Relationship": "Outer", "Parallel Aware": false, "Join Type": "Inner", "Startup Cost": 476.25, "Total Cost": 1774.21, "Plan Rows": 4052, "Plan Width": 8, "Actual Startup Time": 11.134, "Actual Total Time": 11.143, "Actual Rows": 0, "Actual Loops": 1, "Output": ["p.owneruserid", "u.id"], "Inner Unique": true, "Hash Cond": "(p.owneruserid = u.id)", "Plans": [{"Node Type": "Seq Scan", "Parent Relationship": "Outer", "Parallel Aware": false, "Relation Name": "posts", "Schema": "public", "Alias": "p", "Startup Cost": 0.0, "Total Cost": 1286.62, "Plan Rows": 4322, "Plan Width": 4, "Actual Startup Time": 11.133, "Actual Total Time": 11.133, "Actual Rows": 0, "Actual Loops": 1, "Output": ["p.id", "p.posttypeid", "p.creationdate", "p.score", "p.viewcount", "p.owneruserid", "p.answercount", "p.commentcount", "p.favoritecount", "p.lasteditoruserid"], "Filter": "((p.score >= '-2'::integer) AND (p.score <= 60) AND (p.favoritecount >= 0) AND (p.creationdate <= '2014-09-14 01:27:54'::timestamp without time zone) AND (p.posttypeid = 2))", "Rows Removed by Filter": 41183}, {"Node Type": "Hash", "Parent Relationship": "Inner", "Parallel Aware": false, "Startup Cost": 296.69, "Total Cost": 296.69, "Plan Rows": 14365, "Plan Width": 4, "Actual Startup Time": 0.0, "Actual Total Time": 0.0, "Actual Rows": 0, "Actual Loops": 0, "Output": ["u.id"], "Plans": [{"Node Type": "Seq Scan", "Parent Relationship": "Outer", "Parallel Aware": false, "Relation Name": "users", "Schema": "public", "Alias": "u", "Startup Cost": 0.0, "Total Cost": 296.69, "Plan Rows": 14365, "Plan Width": 4, "Actual Startup Time": 0.0, "Actual Total Time": 0.0, "Actual Rows": 0, "Actual Loops": 0, "Output": ["u.id"], "Filter": "(u.downvotes <= 0)", "Rows Removed by Filter": 0}]}]}]}]}, {"Node Type": "Index Only Scan", "Parent Relationship": "Inner", "Parallel Aware": false, "Scan Direction": "Forward", "Index Name": "idx_posthistory_userid", "Relation Name": "posthistory", "Schema": "public", "Alias": "ph", "Startup Cost": 0.29, "Total Cost": 2502.2, "Plan Rows": 129994, "Plan Width": 4, "Actual Startup Time": 0.0, "Actual Total Time": 0.0, "Actual Rows": 0, "Actual Loops": 0, "Output": ["ph.userid"], "Heap Fetches": 0}]}]}, "Planning Time": 1.558, "Triggers": [], "Execution Time": 11.447}]#####[{"Plan": {"Node Type": "Aggregate", "Strategy": "Plain", "Partial Mode": "Simple", "Parallel Aware": false, "Startup Cost": 12216.05, "Total Cost": 12216.06, "Plan Rows": 1, "Plan Width": 8, "Actual Startup Time": 6.021, "Actual Total Time": 6.028, "Actual Rows": 1, "Actual Loops": 1, "Output": ["count(*)"], "Plans": [{"Node Type": "Nested Loop", "Parent Relationship": "Outer", "Parallel Aware": false, "Join Type": "Inner", "Startup Cost": 1825.16, "Total Cost": 3318.57, "Plan Rows": 3558989, "Plan Width": 0, "Actual Startup Time": 6.012, "Actual Total Time": 6.019, "Actual Rows": 0, "Actual Loops": 1, "Inner Unique": false, "Plans": [{"Node Type": "Hash Join", "Parent Relationship": "Outer", "Parallel Aware": false, "Join Type": "Inner", "Startup Cost": 1824.86, "Total Cost": 2538.95, "Plan Rows": 885, "Plan Width": 12, "Actual Startup Time": 6.012, "Actual Total Time": 6.018, "Actual Rows": 0, "Actual Loops": 1, "Output": ["p.owneruserid", "u.id", "b.userid"], "Inner Unique": false, "Hash Cond": "(b.userid = u.id)", "Plans": [{"Node Type": "Seq Scan", "Parent Relationship": "Outer", "Parallel Aware": false, "Relation Name": "badges", "Schema": "public", "Alias": "b", "Startup Cost": 0.0, "Total Cost": 503.24, "Plan Rows": 32624, "Plan Width": 4, "Actual Startup Time": 0.008, "Actual Total Time": 0.01, "Actual Rows": 1, "Actual Loops": 1, "Output": ["b.id", "b.userid", "b.date"]}, {"Node Type": "Hash", "Parent Relationship": "Inner", "Parallel Aware": false, "Startup Cost": 1774.21, "Total Cost": 1774.21, "Plan Rows": 4052, "Plan Width": 8, "Actual Startup Time": 5.97, "Actual Total Time": 5.974, "Actual Rows": 0, "Actual Loops": 1, "Output": ["p.owneruserid", "u.id"], "Hash Buckets": 4096, "Original Hash Buckets": 4096, "Hash Batches": 1, "Original Hash Batches": 1, "Peak Memory Usage": 32, "Plans": [{"Node Type": "Hash Join", "Parent Relationship": "Outer", "Parallel Aware": false, "Join Type": "Inner", "Startup Cost": 476.25, "Total Cost": 1774.21, "Plan Rows": 4052, "Plan Width": 8, "Actual Startup Time": 5.97, "Actual Total Time": 5.973, "Actual Rows": 0, "Actual Loops": 1, "Output": ["p.owneruserid", "u.id"], "Inner Unique": true, "Hash Cond": "(p.owneruserid = u.id)", "Plans": [{"Node Type": "Seq Scan", "Parent Relationship": "Outer", "Parallel Aware": false, "Relation Name": "posts", "Schema": "public", "Alias": "p", "Startup Cost": 0.0, "Total Cost": 1286.62, "Plan Rows": 4322, "Plan Width": 4, "Actual Startup Time": 5.969, "Actual Total Time": 5.969, "Actual Rows": 0, "Actual Loops": 1, "Output": ["p.id", "p.posttypeid", "p.creationdate", "p.score", "p.viewcount", "p.owneruserid", "p.answercount", "p.commentcount", "p.favoritecount", "p.lasteditoruserid"], "Filter": "((p.score >= '-2'::integer) AND (p.score <= 60) AND (p.favoritecount >= 0) AND (p.creationdate <= '2014-09-14 01:27:54'::timestamp without time zone) AND (p.posttypeid = 2))", "Rows Removed by Filter": 41183}, {"Node Type": "Hash", "Parent Relationship": "Inner", "Parallel Aware": false, "Startup Cost": 296.69, "Total Cost": 296.69, "Plan Rows": 14365, "Plan Width": 4, "Actual Startup Time": 0.0, "Actual Total Time": 0.0, "Actual Rows": 0, "Actual Loops": 0, "Output": ["u.id"], "Plans": [{"Node Type": "Seq Scan", "Parent Relationship": "Outer", "Parallel Aware": false, "Relation Name": "users", "Schema": "public", "Alias": "u", "Startup Cost": 0.0, "Total Cost": 296.69, "Plan Rows": 14365, "Plan Width": 4, "Actual Startup Time": 0.0, "Actual Total Time": 0.0, "Actual Rows": 0, "Actual Loops": 0, "Output": ["u.id"], "Filter": "(u.downvotes <= 0)", "Rows Removed by Filter": 0}]}]}]}]}, {"Node Type": "Index Only Scan", "Parent Relationship": "Inner", "Parallel Aware": false, "Scan Direction": "Forward", "Index Name": "idx_posthistory_userid", "Relation Name": "posthistory", "Schema": "public", "Alias": "ph", "Startup Cost": 0.29, "Total Cost": 0.68, "Plan Rows": 20, "Plan Width": 4, "Actual Startup Time": 0.0, "Actual Total Time": 0.0, "Actual Rows": 0, "Actual Loops": 0, "Output": ["ph.userid"], "Index Cond": "(ph.userid = u.id)", "Rows Removed by Index Recheck": 0, "Heap Fetches": 0}]}]}, "Planning Time": 1.466, "Triggers": [], "Execution Time": 6.114}]#####[{"Plan": {"Node Type": "Aggregate", "Strategy": "Plain", "Partial Mode": "Simple", "Parallel Aware": false, "Startup Cost": 26353.7, "Total Cost": 26353.71, "Plan Rows": 1, "Plan Width": 8, "Actual Startup Time": 5.965, "Actual Total Time": 5.975, "Actual Rows": 1, "Actual Loops": 1, "Output": ["count(*)"], "Plans": [{"Node Type": "Hash Join", "Parent Relationship": "Outer", "Parallel Aware": false, "Join Type": "Inner", "Startup Cost": 4496.8, "Total Cost": 17456.23, "Plan Rows": 3558989, "Plan Width": 0, "Actual Startup Time": 5.956, "Actual Total Time": 5.965, "Actual Rows": 0, "Actual Loops": 1, "Inner Unique": false, "Hash Cond": "(p.owneruserid = u.id)", "Plans": [{"Node Type": "Nested Loop", "Parent Relationship": "Outer", "Parallel Aware": false, "Join Type": "Inner", "Startup Cost": 0.29, "Total Cost": 3109.76, "Plan Rows": 112935, "Plan Width": 8, "Actual Startup Time": 5.955, "Actual Total Time": 5.958, "Actual Rows": 0, "Actual Loops": 1, "Output": ["p.owneruserid", "b.userid"], "Inner Unique": false, "Plans": [{"Node Type": "Seq Scan", "Parent Relationship": "Outer", "Parallel Aware": false, "Relation Name": "posts", "Schema": "public", "Alias": "p", "Startup Cost": 0.0, "Total Cost": 1286.62, "Plan Rows": 4322, "Plan Width": 4, "Actual Startup Time": 5.955, "Actual Total Time": 5.957, "Actual Rows": 0, "Actual Loops": 1, "Output": ["p.id", "p.posttypeid", "p.creationdate", "p.score", "p.viewcount", "p.owneruserid", "p.answercount", "p.commentcount", "p.favoritecount", "p.lasteditoruserid"], "Filter": "((p.score >= '-2'::integer) AND (p.score <= 60) AND (p.favoritecount >= 0) AND (p.creationdate <= '2014-09-14 01:27:54'::timestamp without time zone) AND (p.posttypeid = 2))", "Rows Removed by Filter": 41183}, {"Node Type": "Index Only Scan", "Parent Relationship": "Inner", "Parallel Aware": false, "Scan Direction": "Forward", "Index Name": "idx_badges_userid", "Relation Name": "badges", "Schema": "public", "Alias": "b", "Startup Cost": 0.29, "Total Cost": 0.39, "Plan Rows": 3, "Plan Width": 4, "Actual Startup Time": 0.0, "Actual Total Time": 0.0, "Actual Rows": 0, "Actual Loops": 0, "Output": ["b.userid"], "Index Cond": "(b.userid = p.owneruserid)", "Rows Removed by Index Recheck": 0, "Heap Fetches": 0}]}, {"Node Type": "Hash", "Parent Relationship": "Inner", "Parallel Aware": false, "Startup Cost": 3065.51, "Total Cost": 3065.51, "Plan Rows": 114480, "Plan Width": 8, "Actual Startup Time": 0.0, "Actual Total Time": 0.0, "Actual Rows": 0, "Actual Loops": 0, "Output": ["ph.userid", "u.id"], "Plans": [{"Node Type": "Hash Join", "Parent Relationship": "Outer", "Parallel Aware": false, "Join Type": "Inner", "Startup Cost": 476.25, "Total Cost": 3065.51, "Plan Rows": 114480, "Plan Width": 8, "Actual Startup Time": 0.0, "Actual Total Time": 0.0, "Actual Rows": 0, "Actual Loops": 0, "Output": ["ph.userid", "u.id"], "Inner Unique": true, "Hash Cond": "(ph.userid = u.id)", "Plans": [{"Node Type": "Seq Scan", "Parent Relationship": "Outer", "Parallel Aware": false, "Relation Name": "posthistory", "Schema": "public", "Alias": "ph", "Startup Cost": 0.0, "Total Cost": 2247.94, "Plan Rows": 129994, "Plan Width": 4, "Actual Startup Time": 0.0, "Actual Total Time": 0.0, "Actual Rows": 0, "Actual Loops": 0, "Output": ["ph.id", "ph.posthistorytypeid", "ph.postid", "ph.creationdate", "ph.userid"]}, {"Node Type": "Hash", "Parent Relationship": "Inner", "Parallel Aware": false, "Startup Cost": 296.69, "Total Cost": 296.69, "Plan Rows": 14365, "Plan Width": 4, "Actual Startup Time": 0.0, "Actual Total Time": 0.0, "Actual Rows": 0, "Actual Loops": 0, "Output": ["u.id"], "Plans": [{"Node Type": "Seq Scan", "Parent Relationship": "Outer", "Parallel Aware": false, "Relation Name": "users", "Schema": "public", "Alias": "u", "Startup Cost": 0.0, "Total Cost": 296.69, "Plan Rows": 14365, "Plan Width": 4, "Actual Startup Time": 0.0, "Actual Total Time": 0.0, "Actual Rows": 0, "Actual Loops": 0, "Output": ["u.id"], "Filter": "(u.downvotes <= 0)", "Rows Removed by Filter": 0}]}]}]}]}]}, "Planning Time": 1.462, "Triggers": [], "Execution Time": 6.054}]
[{"Plan": {"Node Type": "Aggregate", "Strategy": "Plain", "Partial Mode": "Simple", "Parallel Aware": false, "Startup Cost": 17494.44, "Total Cost": 17494.45, "Plan Rows": 1, "Plan Width": 8, "Actual Startup Time": 553.85, "Actual Total Time": 553.866, "Actual Rows": 1, "Actual Loops": 1, "Output": ["count(*)"], "Plans": [{"Node Type": "Hash Join", "Parent Relationship": "Outer", "Parallel Aware": false, "Join Type": "Inner", "Startup Cost": 7986.12, "Total Cost": 16698.63, "Plan Rows": 318325, "Plan Width": 0, "Actual Startup Time": 81.007, "Actual Total Time": 441.637, "Actual Rows": 2073976, "Actual Loops": 1, "Inner Unique": false, "Hash Cond": "(p.owneruserid = u.id)", "Plans": [{"Node Type": "Hash Join", "Parent Relationship": "Outer", "Parallel Aware": false, "Join Type": "Inner", "Startup Cost": 6478.82, "Total Cost": 11894.57, "Plan Rows": 127138, "Plan Width": 4, "Actual Startup Time": 61.387, "Actual Total Time": 154.386, "Actual Rows": 388391, "Actual Loops": 1, "Output": ["p.owneruserid"], "Inner Unique": false, "Hash Cond": "(v.postid = p.id)", "Plans": [{"Node Type": "Seq Scan", "Parent Relationship": "Outer", "Parallel Aware": false, "Relation Name": "votes", "Schema": "public", "Alias": "v", "Startup Cost": 0.0, "Total Cost": 2707.33, "Plan Rows": 164233, "Plan Width": 4, "Actual Startup Time": 0.012, "Actual Total Time": 14.333, "Actual Rows": 164233, "Actual Loops": 1, "Output": ["v.id", "v.postid", "v.votetypeid", "v.creationdate", "v.userid", "v.bountyamount"]}, {"Node Type": "Hash", "Parent Relationship": "Inner", "Parallel Aware": false, "Startup Cost": 6080.31, "Total Cost": 6080.31, "Plan Rows": 31881, "Plan Width": 16, "Actual Startup Time": 61.255, "Actual Total Time": 61.264, "Actual Rows": 58744, "Actual Loops": 1, "Output": ["c.postid", "p.owneruserid", "p.id", "ph.postid"], "Hash Buckets": 65536, "Original Hash Buckets": 32768, "Hash Batches": 1, "Original Hash Batches": 1, "Peak Memory Usage": 3260, "Plans": [{"Node Type": "Hash Join", "Parent Relationship": "Outer", "Parallel Aware": false, "Join Type": "Inner", "Startup Cost": 3026.08, "Total Cost": 6080.31, "Plan Rows": 31881, "Plan Width": 16, "Actual Startup Time": 23.223, "Actual Total Time": 53.06, "Actual Rows": 58744, "Actual Loops": 1, "Output": ["c.postid", "p.owneruserid", "p.id", "ph.postid"], "Inner Unique": false, "Hash Cond": "(ph.postid = p.id)", "Plans": [{"Node Type": "Seq Scan", "Parent Relationship": "Outer", "Parallel Aware": false, "Relation Name": "posthistory", "Schema": "public", "Alias": "ph", "Startup Cost": 0.0, "Total Cost": 2247.94, "Plan Rows": 129994, "Plan Width": 4, "Actual Startup Time": 0.008, "Actual Total Time": 8.562, "Actual Rows": 129994, "Actual Loops": 1, "Output": ["ph.id", "ph.posthistorytypeid", "ph.postid", "ph.creationdate", "ph.userid"]}, {"Node Type": "Hash", "Parent Relationship": "Inner", "Parallel Aware": false, "Startup Cost": 2899.83, "Total Cost": 2899.83, "Plan Rows": 10100, "Plan Width": 12, "Actual Startup Time": 23.153, "Actual Total Time": 23.159, "Actual Rows": 9722, "Actual Loops": 1, "Output": ["c.postid", "p.owneruserid", "p.id"], "Hash Buckets": 16384, "Original Hash Buckets": 16384, "Hash Batches": 1, "Original Hash Batches": 1, "Peak Memory Usage": 545, "Plans": [{"Node Type": "Hash Join", "Parent Relationship": "Outer", "Parallel Aware": false, "Join Type": "Inner", "Startup Cost": 1167.35, "Total Cost": 2899.83, "Plan Rows": 10100, "Plan Width": 12, "Actual Startup Time": 6.779, "Actual Total Time": 21.679, "Actual Rows": 9722, "Actual Loops": 1, "Output": ["c.postid", "p.owneruserid", "p.id"], "Inner Unique": true, "Hash Cond": "(c.postid = p.id)", "Plans": [{"Node Type": "Seq Scan", "Parent Relationship": "Outer", "Parallel Aware": false, "Relation Name": "comments", "Schema": "public", "Alias": "c", "Startup Cost": 0.0, "Total Cost": 1574.96, "Plan Rows": 60002, "Plan Width": 4, "Actual Startup Time": 0.01, "Actual Total Time": 9.143, "Actual Rows": 60206, "Actual Loops": 1, "Output": ["c.id", "c.postid", "c.score", "c.creationdate", "c.userid"], "Filter": "(c.score = 0)", "Rows Removed by Filter": 19151}, {"Node Type": "Hash", "Parent Relationship": "Inner", "Parallel Aware": false, "Startup Cost": 1080.7, "Total Cost": 1080.7, "Plan Rows": 6932, "Plan Width": 8, "Actual Startup Time": 6.733, "Actual Total Time": 6.735, "Actual Rows": 7023, "Actual Loops": 1, "Output": ["p.owneruserid", "p.id"], "Hash Buckets": 8192, "Original Hash Buckets": 8192, "Hash Batches": 1, "Original Hash Batches": 1, "Peak Memory Usage": 338, "Plans": [{"Node Type": "Seq Scan", "Parent Relationship": "Outer", "Parallel Aware": false, "Relation Name": "posts", "Schema": "public", "Alias": "p", "Startup Cost": 0.0, "Total Cost": 1080.7, "Plan Rows": 6932, "Plan Width": 8, "Actual Startup Time": 0.013, "Actual Total Time": 5.874, "Actual Rows": 7023, "Actual Loops": 1, "Output": ["p.owneruserid", "p.id"], "Filter": "((p.commentcount <= 9) AND (p.favoritecount <= 14) AND (p.creationdate >= '2010-07-19 19:16:27'::timestamp without time zone))", "Rows Removed by Filter": 34160}]}]}]}]}]}]}, {"Node Type": "Hash", "Parent Relationship": "Inner", "Parallel Aware": false, "Startup Cost": 1106.44, "Total Cost": 1106.44, "Plan Rows": 32069, "Plan Width": 8, "Actual Startup Time": 19.426, "Actual Total Time": 19.429, "Actual Rows": 26041, "Actual Loops": 1, "Output": ["b.userid", "u.id"], "Hash Buckets": 32768, "Original Hash Buckets": 32768, "Hash Batches": 1, "Original Hash Batches": 1, "Peak Memory Usage": 1274, "Plans": [{"Node Type": "Hash Join", "Parent Relationship": "Outer", "Parallel Aware": false, "Join Type": "Inner", "Startup Cost": 517.54, "Total Cost": 1106.44, "Plan Rows": 32069, "Plan Width": 8, "Actual Startup Time": 6.157, "Actual Total Time": 15.636, "Actual Rows": 26041, "Actual Loops": 1, "Output": ["b.userid", "u.id"], "Inner Unique": true, "Hash Cond": "(b.userid = u.id)", "Plans": [{"Node Type": "Seq Scan", "Parent Relationship": "Outer", "Parallel Aware": false, "Relation Name": "badges", "Schema": "public", "Alias": "b", "Startup Cost": 0.0, "Total Cost": 503.24, "Plan Rows": 32624, "Plan Width": 4, "Actual Startup Time": 0.011, "Actual Total Time": 2.602, "Actual Rows": 32624, "Actual Loops": 1, "Output": ["b.id", "b.userid", "b.date"]}, {"Node Type": "Hash", "Parent Relationship": "Inner", "Parallel Aware": false, "Startup Cost": 334.02, "Total Cost": 334.02, "Plan Rows": 14681, "Plan Width": 4, "Actual Startup Time": 6.064, "Actual Total Time": 6.065, "Actual Rows": 14680, "Actual Loops": 1, "Output": ["u.id"], "Hash Buckets": 16384, "Original Hash Buckets": 16384, "Hash Batches": 1, "Original Hash Batches": 1, "Peak Memory Usage": 645, "Plans": [{"Node Type": "Seq Scan", "Parent Relationship": "Outer", "Parallel Aware": false, "Relation Name": "users", "Schema": "public", "Alias": "u", "Startup Cost": 0.0, "Total Cost": 334.02, "Plan Rows": 14681, "Plan Width": 4, "Actual Startup Time": 0.03, "Actual Total Time": 3.443, "Actual Rows": 14680, "Actual Loops": 1, "Output": ["u.id"], "Filter": "((u.reputation >= 1) AND (u.reputation <= 995))", "Rows Removed by Filter": 255}]}]}]}]}]}, "Planning Time": 2.94, "Triggers": [], "Execution Time": 554.229}]#####[{"Plan": {"Node Type": "Aggregate", "Strategy": "Plain", "Partial Mode": "Simple", "Parallel Aware": false, "Startup Cost": 21147.02, "Total Cost": 21147.03, "Plan Rows": 1, "Plan Width": 8, "Actual Startup Time": 461.576, "Actual Total Time": 461.589, "Actual Rows": 1, "Actual Loops": 1, "Output": ["count(*)"], "Plans": [{"Node Type": "Hash Join", "Parent Relationship": "Outer", "Parallel Aware": false, "Join Type": "Inner", "Startup Cost": 12297.2, "Total Cost": 13188.88, "Plan Rows": 3183256, "Plan Width": 0, "Actual Startup Time": 215.395, "Actual Total Time": 384.547, "Actual Rows": 2073976, "Actual Loops": 1, "Inner Unique": false, "Hash Cond": "(b.userid = u.id)", "Plans": [{"Node Type": "Seq Scan", "Parent Relationship": "Outer", "Parallel Aware": false, "Relation Name": "badges", "Schema": "public", "Alias": "b", "Startup Cost": 0.0, "Total Cost": 503.24, "Plan Rows": 32624, "Plan Width": 4, "Actual Startup Time": 0.012, "Actual Total Time": 2.438, "Actual Rows": 32624, "Actual Loops": 1, "Output": ["b.id", "b.userid", "b.date"]}, {"Node Type": "Hash", "Parent Relationship": "Inner", "Parallel Aware": false, "Startup Cost": 12144.92, "Total Cost": 12144.92, "Plan Rows": 12182, "Plan Width": 8, "Actual Startup Time": 215.254, "Actual Total Time": 215.263, "Actual Rows": 287978, "Actual Loops": 1, "Output": ["p.owneruserid", "u.id"], "Hash Buckets": 524288, "Original Hash Buckets": 16384, "Hash Batches": 1, "Original Hash Batches": 1, "Peak Memory Usage": 15346, "Plans": [{"Node Type": "Hash Join", "Parent Relationship": "Outer", "Parallel Aware": false, "Join Type": "Inner", "Startup Cost": 6987.63, "Total Cost": 12144.92, "Plan Rows": 12182, "Plan Width": 8, "Actual Startup Time": 121.828, "Actual Total Time": 182.341, "Actual Rows": 287978, "Actual Loops": 1, "Output": ["p.owneruserid", "u.id"], "Inner Unique": false, "Hash Cond": "(v.postid = p.id)", "Plans": [{"Node Type": "Seq Scan", "Parent Relationship": "Outer", "Parallel Aware": false, "Relation Name": "votes", "Schema": "public", "Alias": "v", "Startup Cost": 0.0, "Total Cost": 2707.33, "Plan Rows": 164233, "Plan Width": 4, "Actual Startup Time": 0.011, "Actual Total Time": 10.502, "Actual Rows": 164233, "Actual Loops": 1, "Output": ["v.id", "v.postid", "v.votetypeid", "v.creationdate", "v.userid", "v.bountyamount"]}, {"Node Type": "Hash", "Parent Relationship": "Inner", "Parallel Aware": false, "Startup Cost": 6605.78, "Total Cost": 6605.78, "Plan Rows": 30548, "Plan Width": 20, "Actual Startup Time": 121.671, "Actual Total Time": 121.679, "Actual Rows": 47693, "Actual Loops": 1, "Output": ["c.postid", "p.owneruserid", "p.id", "ph.postid", "u.id"], "Hash Buckets": 65536, "Original Hash Buckets": 32768, "Hash Batches": 1, "Original Hash Batches": 1, "Peak Memory Usage": 2934, "Plans": [{"Node Type": "Hash Join", "Parent Relationship": "Outer", "Parallel Aware": false, "Join Type": "Inner", "Startup Cost": 3564.87, "Total Cost": 6605.78, "Plan Rows": 30548, "Plan Width": 20, "Actual Startup Time": 86.823, "Actual Total Time": 114.692, "Actual Rows": 47693, "Actual Loops": 1, "Output": ["c.postid", "p.owneruserid", "p.id", "ph.postid", "u.id"], "Inner Unique": false, "Hash Cond": "(ph.postid = p.id)", "Plans": [{"Node Type": "Seq Scan", "Parent Relationship": "Outer", "Parallel Aware": false, "Relation Name": "posthistory", "Schema": "public", "Alias": "ph", "Startup Cost": 0.0, "Total Cost": 2247.94, "Plan Rows": 129994, "Plan Width": 4, "Actual Startup Time": 0.011, "Actual Total Time": 8.18, "Actual Rows": 129994, "Actual Loops": 1, "Output": ["ph.id", "ph.posthistorytypeid", "ph.postid", "ph.creationdate", "ph.userid"]}, {"Node Type": "Hash", "Parent Relationship": "Inner", "Parallel Aware": false, "Startup Cost": 3443.89, "Total Cost": 3443.89, "Plan Rows": 9678, "Plan Width": 16, "Actual Startup Time": 86.735, "Actual Total Time": 86.741, "Actual Rows": 7835, "Actual Loops": 1, "Output": ["c.postid", "p.owneruserid", "p.id", "u.id"], "Hash Buckets": 16384, "Original Hash Buckets": 16384, "Hash Batches": 1, "Original Hash Batches": 1, "Peak Memory Usage": 496, "Plans": [{"Node Type": "Hash Join", "Parent Relationship": "Outer", "Parallel Aware": false, "Join Type": "Inner", "Startup Cost": 1684.89, "Total Cost": 3443.89, "Plan Rows": 9678, "Plan Width": 16, "Actual Startup Time": 57.138, "Actual Total Time": 84.671, "Actual Rows": 7835, "Actual Loops": 1, "Output": ["c.postid", "p.owneruserid", "p.id", "u.id"], "Inner Unique": true, "Hash Cond": "(p.owneruserid = u.id)", "Plans": [{"Node Type": "Hash Join", "Parent Relationship": "Outer", "Parallel Aware": false, "Join Type": "Inner", "Startup Cost": 1167.35, "Total Cost": 2899.83, "Plan Rows": 10100, "Plan Width": 12, "Actual Startup Time": 34.167, "Actual Total Time": 58.8, "Actual Rows": 9722, "Actual Loops": 1, "Output": ["c.postid", "p.owneruserid", "p.id"], "Inner Unique": true, "Hash Cond": "(c.postid = p.id)", "Plans": [{"Node Type": "Seq Scan", "Parent Relationship": "Outer", "Parallel Aware": false, "Relation Name": "comments", "Schema": "public", "Alias": "c", "Startup Cost": 0.0, "Total Cost": 1574.96, "Plan Rows": 60002, "Plan Width": 4, "Actual Startup Time": 0.031, "Actual Total Time": 15.744, "Actual Rows": 60206, "Actual Loops": 1, "Output": ["c.id", "c.postid", "c.score", "c.creationdate", "c.userid"], "Filter": "(c.score = 0)", "Rows Removed by Filter": 19151}, {"Node Type": "Hash", "Parent Relationship": "Inner", "Parallel Aware": false, "Startup Cost": 1080.7, "Total Cost": 1080.7, "Plan Rows": 6932, "Plan Width": 8, "Actual Startup Time": 34.046, "Actual Total Time": 34.048, "Actual Rows": 7023, "Actual Loops": 1, "Output": ["p.owneruserid", "p.id"], "Hash Buckets": 8192, "Original Hash Buckets": 8192, "Hash Batches": 1, "Original Hash Batches": 1, "Peak Memory Usage": 338, "Plans": [{"Node Type": "Seq Scan", "Parent Relationship": "Outer", "Parallel Aware": false, "Relation Name": "posts", "Schema": "public", "Alias": "p", "Startup Cost": 0.0, "Total Cost": 1080.7, "Plan Rows": 6932, "Plan Width": 8, "Actual Startup Time": 0.03, "Actual Total Time": 31.221, "Actual Rows": 7023, "Actual Loops": 1, "Output": ["p.owneruserid", "p.id"], "Filter": "((p.commentcount <= 9) AND (p.favoritecount <= 14) AND (p.creationdate >= '2010-07-19 19:16:27'::timestamp without time zone))", "Rows Removed by Filter": 34160}]}]}, {"Node Type": "Hash", "Parent Relationship": "Inner", "Parallel Aware": false, "Startup Cost": 334.02, "Total Cost": 334.02, "Plan Rows": 14681, "Plan Width": 4, "Actual Startup Time": 22.896, "Actual Total Time": 22.898, "Actual Rows": 14680, "Actual Loops": 1, "Output": ["u.id"], "Hash Buckets": 16384, "Original Hash Buckets": 16384, "Hash Batches": 1, "Original Hash Batches": 1, "Peak Memory Usage": 645, "Plans": [{"Node Type": "Seq Scan", "Parent Relationship": "Outer", "Parallel Aware": false, "Relation Name": "users", "Schema": "public", "Alias": "u", "Startup Cost": 0.0, "Total Cost": 334.02, "Plan Rows": 14681, "Plan Width": 4, "Actual Startup Time": 0.016, "Actual Total Time": 5.592, "Actual Rows": 14680, "Actual Loops": 1, "Output": ["u.id"], "Filter": "((u.reputation >= 1) AND (u.reputation <= 995))", "Rows Removed by Filter": 255}]}]}]}]}]}]}]}]}]}, "Planning Time": 2.821, "Triggers": [], "Execution Time": 462.119}]#####[{"Plan": {"Node Type": "Aggregate", "Strategy": "Plain", "Partial Mode": "Simple", "Parallel Aware": false, "Startup Cost": 20223.58, "Total Cost": 20223.59, "Plan Rows": 1, "Plan Width": 8, "Actual Startup Time": 905.011, "Actual Total Time": 905.02, "Actual Rows": 1, "Actual Loops": 1, "Output": ["count(*)"], "Plans": [{"Node Type": "Nested Loop", "Parent Relationship": "Outer", "Parallel Aware": false, "Join Type": "Inner", "Startup Cost": 4533.68, "Total Cost": 12265.44, "Plan Rows": 3183256, "Plan Width": 0, "Actual Startup Time": 41.371, "Actual Total Time": 803.411, "Actual Rows": 2073976, "Actual Loops": 1, "Inner Unique": false, "Join Filter": "(p.id = v.postid)", "Rows Removed by Join Filter": 0, "Plans": [{"Node Type": "Hash Join", "Parent Relationship": "Outer", "Parallel Aware": false, "Join Type": "Inner", "Startup Cost": 4533.38, "Total Cost": 8414.3, "Plan Rows": 7982, "Plan Width": 12, "Actual Startup Time": 41.347, "Actual Total Time": 134.325, "Actual Rows": 308927, "Actual Loops": 1, "Output": ["c.postid", "p.id", "ph.postid"], "Inner Unique": false, "Hash Cond": "(p.owneruserid = u.id)", "Plans": [{"Node Type": "Hash Join", "Parent Relationship": "Outer", "Parallel Aware": false, "Join Type": "Inner", "Startup Cost": 3026.08, "Total Cost": 6080.31, "Plan Rows": 31881, "Plan Width": 16, "Actual Startup Time": 23.573, "Actual Total Time": 71.854, "Actual Rows": 58744, "Actual Loops": 1, "Output": ["c.postid", "p.owneruserid", "p.id", "ph.postid"], "Inner Unique": false, "Hash Cond": "(ph.postid = p.id)", "Plans": [{"Node Type": "Seq Scan", "Parent Relationship": "Outer", "Parallel Aware": false, "Relation Name": "posthistory", "Schema": "public", "Alias": "ph", "Startup Cost": 0.0, "Total Cost": 2247.94, "Plan Rows": 129994, "Plan Width": 4, "Actual Startup Time": 0.012, "Actual Total Time": 10.897, "Actual Rows": 129994, "Actual Loops": 1, "Output": ["ph.id", "ph.posthistorytypeid", "ph.postid", "ph.creationdate", "ph.userid"]}, {"Node Type": "Hash", "Parent Relationship": "Inner", "Parallel Aware": false, "Startup Cost": 2899.83, "Total Cost": 2899.83, "Plan Rows": 10100, "Plan Width": 12, "Actual Startup Time": 23.484, "Actual Total Time": 23.489, "Actual Rows": 9722, "Actual Loops": 1, "Output": ["c.postid", "p.owneruserid", "p.id"], "Hash Buckets": 16384, "Original Hash Buckets": 16384, "Hash Batches": 1, "Original Hash Batches": 1, "Peak Memory Usage": 545, "Plans": [{"Node Type": "Hash Join", "Parent Relationship": "Outer", "Parallel Aware": false, "Join Type": "Inner", "Startup Cost": 1167.35, "Total Cost": 2899.83, "Plan Rows": 10100, "Plan Width": 12, "Actual Startup Time": 6.947, "Actual Total Time": 21.988, "Actual Rows": 9722, "Actual Loops": 1, "Output": ["c.postid", "p.owneruserid", "p.id"], "Inner Unique": true, "Hash Cond": "(c.postid = p.id)", "Plans": [{"Node Type": "Seq Scan", "Parent Relationship": "Outer", "Parallel Aware": false, "Relation Name": "comments", "Schema": "public", "Alias": "c", "Startup Cost": 0.0, "Total Cost": 1574.96, "Plan Rows": 60002, "Plan Width": 4, "Actual Startup Time": 0.009, "Actual Total Time": 9.435, "Actual Rows": 60206, "Actual Loops": 1, "Output": ["c.id", "c.postid", "c.score", "c.creationdate", "c.userid"], "Filter": "(c.score = 0)", "Rows Removed by Filter": 19151}, {"Node Type": "Hash", "Parent Relationship": "Inner", "Parallel Aware": false, "Startup Cost": 1080.7, "Total Cost": 1080.7, "Plan Rows": 6932, "Plan Width": 8, "Actual Startup Time": 6.9, "Actual Total Time": 6.901, "Actual Rows": 7023, "Actual Loops": 1, "Output": ["p.owneruserid", "p.id"], "Hash Buckets": 8192, "Original Hash Buckets": 8192, "Hash Batches": 1, "Original Hash Batches": 1, "Peak Memory Usage": 338, "Plans": [{"Node Type": "Seq Scan", "Parent Relationship": "Outer", "Parallel Aware": false, "Relation Name": "posts", "Schema": "public", "Alias": "p", "Startup Cost": 0.0, "Total Cost": 1080.7, "Plan Rows": 6932, "Plan Width": 8, "Actual Startup Time": 0.012, "Actual Total Time": 6.024, "Actual Rows": 7023, "Actual Loops": 1, "Output": ["p.owneruserid", "p.id"], "Filter": "((p.commentcount <= 9) AND (p.favoritecount <= 14) AND (p.creationdate >= '2010-07-19 19:16:27'::timestamp without time zone))", "Rows Removed by Filter": 34160}]}]}]}]}, {"Node Type": "Hash", "Parent Relationship": "Inner", "Parallel Aware": false, "Startup Cost": 1106.44, "Total Cost": 1106.44, "Plan Rows": 32069, "Plan Width": 8, "Actual Startup Time": 17.596, "Actual Total Time": 17.598, "Actual Rows": 26041, "Actual Loops": 1, "Output": ["b.userid", "u.id"], "Hash Buckets": 32768, "Original Hash Buckets": 32768, "Hash Batches": 1, "Original Hash Batches": 1, "Peak Memory Usage": 1274, "Plans": [{"Node Type": "Hash Join", "Parent Relationship": "Outer", "Parallel Aware": false, "Join Type": "Inner", "Startup Cost": 517.54, "Total Cost": 1106.44, "Plan Rows": 32069, "Plan Width": 8, "Actual Startup Time": 4.776, "Actual Total Time": 13.938, "Actual Rows": 26041, "Actual Loops": 1, "Output": ["b.userid", "u.id"], "Inner Unique": true, "Hash Cond": "(b.userid = u.id)", "Plans": [{"Node Type": "Seq Scan", "Parent Relationship": "Outer", "Parallel Aware": false, "Relation Name": "badges", "Schema": "public", "Alias": "b", "Startup Cost": 0.0, "Total Cost": 503.24, "Plan Rows": 32624, "Plan Width": 4, "Actual Startup Time": 0.01, "Actual Total Time": 2.578, "Actual Rows": 32624, "Actual Loops": 1, "Output": ["b.id", "b.userid", "b.date"]}, {"Node Type": "Hash", "Parent Relationship": "Inner", "Parallel Aware": false, "Startup Cost": 334.02, "Total Cost": 334.02, "Plan Rows": 14681, "Plan Width": 4, "Actual Startup Time": 4.693, "Actual Total Time": 4.694, "Actual Rows": 14680, "Actual Loops": 1, "Output": ["u.id"], "Hash Buckets": 16384, "Original Hash Buckets": 16384, "Hash Batches": 1, "Original Hash Batches": 1, "Peak Memory Usage": 645, "Plans": [{"Node Type": "Seq Scan", "Parent Relationship": "Outer", "Parallel Aware": false, "Relation Name": "users", "Schema": "public", "Alias": "u", "Startup Cost": 0.0, "Total Cost": 334.02, "Plan Rows": 14681, "Plan Width": 4, "Actual Startup Time": 0.015, "Actual Total Time": 2.783, "Actual Rows": 14680, "Actual Loops": 1, "Output": ["u.id"], "Filter": "((u.reputation >= 1) AND (u.reputation <= 995))", "Rows Removed by Filter": 255}]}]}]}]}, {"Node Type": "Index Only Scan", "Parent Relationship": "Inner", "Parallel Aware": false, "Scan Direction": "Forward", "Index Name": "idx_votes_postid", "Relation Name": "votes", "Schema": "public", "Alias": "v", "Startup Cost": 0.29, "Total Cost": 0.41, "Plan Rows": 6, "Plan Width": 4, "Actual Startup Time": 0.001, "Actual Total Time": 0.001, "Actual Rows": 7, "Actual Loops": 308927, "Output": ["v.postid"], "Index Cond": "(v.postid = ph.postid)", "Rows Removed by Index Recheck": 0, "Heap Fetches": 0}]}]}, "Planning Time": 2.803, "Triggers": [], "Execution Time": 905.238}]
[{"Plan": {"Node Type": "Aggregate", "Strategy": "Plain", "Partial Mode": "Simple", "Parallel Aware": false, "Startup Cost": 2482.88, "Total Cost": 2482.89, "Plan Rows": 1, "Plan Width": 8, "Actual Startup Time": 175.433, "Actual Total Time": 175.436, "Actual Rows": 1, "Actual Loops": 1, "Output": ["count(*)"], "Plans": [{"Node Type": "Merge Join", "Parent Relationship": "Outer", "Parallel Aware": false, "Join Type": "Inner", "Startup Cost": 0.87, "Total Cost": 2467.83, "Plan Rows": 6019, "Plan Width": 0, "Actual Startup Time": 3.605, "Actual Total Time": 174.648, "Actual Rows": 19684, "Actual Loops": 1, "Inner Unique": true, "Merge Cond": "(v.userid = u.id)", "Plans": [{"Node Type": "Merge Join", "Parent Relationship": "Outer", "Parallel Aware": false, "Join Type": "Inner", "Startup Cost": 0.58, "Total Cost": 11515.79, "Plan Rows": 664256, "Plan Width": 8, "Actual Startup Time": 0.094, "Actual Total Time": 135.885, "Actual Rows": 876974, "Actual Loops": 1, "Output": ["v.userid", "p.owneruserid"], "Inner Unique": false, "Merge Cond": "(p.owneruserid = v.userid)", "Plans": [{"Node Type": "Index Scan", "Parent Relationship": "Outer", "Parallel Aware": false, "Scan Direction": "Forward", "Index Name": "idx_posts_owneruserid", "Relation Name": "posts", "Schema": "public", "Alias": "p", "Startup Cost": 0.29, "Total Cost": 1904.15, "Plan Rows": 41183, "Plan Width": 4, "Actual Startup Time": 0.038, "Actual Total Time": 20.522, "Actual Rows": 40115, "Actual Loops": 1, "Output": ["p.id", "p.posttypeid", "p.creationdate", "p.score", "p.viewcount", "p.owneruserid", "p.answercount", "p.commentcount", "p.favoritecount", "p.lasteditoruserid"], "Filter": "(p.commentcount >= 0)", "Rows Removed by Filter": 0}, {"Node Type": "Materialize", "Parent Relationship": "Inner", "Parallel Aware": false, "Startup Cost": 0.29, "Total Cost": 3458.37, "Plan Rows": 164233, "Plan Width": 4, "Actual Startup Time": 0.051, "Actual Total Time": 33.881, "Actual Rows": 879065, "Actual Loops": 1, "Output": ["v.userid"], "Plans": [{"Node Type": "Index Only Scan", "Parent Relationship": "Outer", "Parallel Aware": false, "Scan Direction": "Forward", "Index Name": "idx_votes_userid", "Relation Name": "votes", "Schema": "public", "Alias": "v", "Startup Cost": 0.29, "Total Cost": 3047.79, "Plan Rows": 164233, "Plan Width": 4, "Actual Startup Time": 0.039, "Actual Total Time": 1.291, "Actual Rows": 15606, "Actual Loops": 1, "Output": ["v.userid"], "Heap Fetches": 0}]}]}, {"Node Type": "Index Scan", "Parent Relationship": "Inner", "Parallel Aware": false, "Scan Direction": "Forward", "Index Name": "users_pkey", "Relation Name": "users", "Schema": "public", "Alias": "u", "Startup Cost": 0.29, "Total Cost": 583.99, "Plan Rows": 14316, "Plan Width": 4, "Actual Startup Time": 0.034, "Actual Total Time": 3.452, "Actual Rows": 14315, "Actual Loops": 1, "Output": ["u.id", "u.reputation", "u.creationdate", "u.views", "u.upvotes", "u.downvotes"], "Filter": "((u.upvotes >= 0) AND (u.upvotes <= 34))", "Rows Removed by Filter": 619}]}]}, "Planning Time": 0.966, "Triggers": [], "Execution Time": 175.669}]#####[{"Plan": {"Node Type": "Aggregate", "Strategy": "Plain", "Partial Mode": "Simple", "Parallel Aware": false, "Startup Cost": 1317.33, "Total Cost": 1317.34, "Plan Rows": 1, "Plan Width": 8, "Actual Startup Time": 21.954, "Actual Total Time": 21.957, "Actual Rows": 1, "Actual Loops": 1, "Output": ["count(*)"], "Plans": [{"Node Type": "Nested Loop", "Parent Relationship": "Outer", "Parallel Aware": false, "Join Type": "Inner", "Startup Cost": 0.87, "Total Cost": 1166.85, "Plan Rows": 60192, "Plan Width": 0, "Actual Startup Time": 0.05, "Actual Total Time": 21.033, "Actual Rows": 19684, "Actual Loops": 1, "Inner Unique": false, "Plans": [{"Node Type": "Merge Join", "Parent Relationship": "Outer", "Parallel Aware": false, "Join Type": "Inner", "Startup Cost": 0.58, "Total Cost": 1095.78, "Plan Rows": 148, "Plan Width": 8, "Actual Startup Time": 0.035, "Actual Total Time": 6.153, "Actual Rows": 5544, "Actual Loops": 1, "Output": ["v.userid", "u.id"], "Inner Unique": true, "Merge Cond": "(v.userid = u.id)", "Plans": [{"Node Type": "Index Only Scan", "Parent Relationship": "Outer", "Parallel Aware": false, "Scan Direction": "Forward", "Index Name": "idx_votes_userid", "Relation Name": "votes", "Schema": "public", "Alias": "v", "Startup Cost": 0.29, "Total Cost": 3047.79, "Plan Rows": 164233, "Plan Width": 4, "Actual Startup Time": 0.012, "Actual Total Time": 1.207, "Actual Rows": 15606, "Actual Loops": 1, "Output": ["v.userid"], "Heap Fetches": 0}, {"Node Type": "Index Scan", "Parent Relationship": "Inner", "Parallel Aware": false, "Scan Direction": "Forward", "Index Name": "users_pkey", "Relation Name": "users", "Schema": "public", "Alias": "u", "Startup Cost": 0.29, "Total Cost": 583.99, "Plan Rows": 14316, "Plan Width": 4, "Actual Startup Time": 0.017, "Actual Total Time": 3.279, "Actual Rows": 14315, "Actual Loops": 1, "Output": ["u.id", "u.reputation", "u.creationdate", "u.views", "u.upvotes", "u.downvotes"], "Filter": "((u.upvotes >= 0) AND (u.upvotes <= 34))", "Rows Removed by Filter": 619}]}, {"Node Type": "Index Scan", "Parent Relationship": "Inner", "Parallel Aware": false, "Scan Direction": "Forward", "Index Name": "idx_posts_owneruserid", "Relation Name": "posts", "Schema": "public", "Alias": "p", "Startup Cost": 0.29, "Total Cost": 0.42, "Plan Rows": 6, "Plan Width": 4, "Actual Startup Time": 0.001, "Actual Total Time": 0.002, "Actual Rows": 4, "Actual Loops": 5544, "Output": ["p.id", "p.posttypeid", "p.creationdate", "p.score", "p.viewcount", "p.owneruserid", "p.answercount", "p.commentcount", "p.favoritecount", "p.lasteditoruserid"], "Index Cond": "(p.owneruserid = v.userid)", "Rows Removed by Index Recheck": 0, "Filter": "(p.commentcount >= 0)", "Rows Removed by Filter": 0}]}]}, "Planning Time": 0.946, "Triggers": [], "Execution Time": 22.06}]
[{"Plan": {"Node Type": "Aggregate", "Strategy": "Plain", "Partial Mode": "Simple", "Parallel Aware": false, "Startup Cost": 737.88, "Total Cost": 737.89, "Plan Rows": 1, "Plan Width": 8, "Actual Startup Time": 2566.931, "Actual Total Time": 2566.935, "Actual Rows": 1, "Actual Loops": 1, "Output": ["count(*)"], "Plans": [{"Node Type": "Nested Loop", "Parent Relationship": "Outer", "Parallel Aware": false, "Join Type": "Inner", "Startup Cost": 1.16, "Total Cost": 731.34, "Plan Rows": 2615, "Plan Width": 0, "Actual Startup Time": 0.255, "Actual Total Time": 1949.251, "Actual Rows": 13136268, "Actual Loops": 1, "Inner Unique": false, "Plans": [{"Node Type": "Merge Join", "Parent Relationship": "Outer", "Parallel Aware": false, "Join Type": "Inner", "Startup Cost": 0.87, "Total Cost": 624.93, "Plan Rows": 121, "Plan Width": 12, "Actual Startup Time": 0.235, "Actual Total Time": 81.111, "Actual Rows": 9266, "Actual Loops": 1, "Output": ["v.userid", "u.id", "b.userid"], "Inner Unique": true, "Merge Cond": "(v.userid = u.id)", "Plans": [{"Node Type": "Merge Join", "Parent Relationship": "Outer", "Parallel Aware": false, "Join Type": "Inner", "Startup Cost": 0.58, "Total Cost": 2018.08, "Plan Rows": 915, "Plan Width": 8, "Actual Startup Time": 0.212, "Actual Total Time": 76.298, "Actual Rows": 9266, "Actual Loops": 1, "Output": ["v.userid", "b.userid"], "Inner Unique": false, "Merge Cond": "(v.userid = b.userid)", "Plans": [{"Node Type": "Index Scan", "Parent Relationship": "Outer", "Parallel Aware": false, "Scan Direction": "Forward", "Index Name": "idx_votes_userid", "Relation Name": "votes", "Schema": "public", "Alias": "v", "Startup Cost": 0.29, "Total Cost": 7141.32, "Plan Rows": 598, "Plan Width": 4, "Actual Startup Time": 0.024, "Actual Total Time": 38.933, "Actual Rows": 397, "Actual Loops": 1, "Output": ["v.id", "v.postid", "v.votetypeid", "v.creationdate", "v.userid", "v.bountyamount"], "Filter": "((v.bountyamount <= 150) AND (v.creationdate >= '2010-07-22 00:00:00'::timestamp without time zone) AND (v.creationdate <= '2014-09-12 00:00:00'::timestamp without time zone))", "Rows Removed by Filter": 18048}, {"Node Type": "Index Scan", "Parent Relationship": "Inner", "Parallel Aware": false, "Scan Direction": "Forward", "Index Name": "idx_badges_userid", "Relation Name": "badges", "Schema": "public", "Alias": "b", "Startup Cost": 0.29, "Total Cost": 1260.24, "Plan Rows": 31810, "Plan Width": 4, "Actual Startup Time": 0.031, "Actual Total Time": 33.885, "Actual Rows": 36227, "Actual Loops": 1, "Output": ["b.id", "b.userid", "b.date"], "Filter": "(b.date >= '2010-07-27 13:23:44'::timestamp without time zone)", "Rows Removed by Filter": 838}]}, {"Node Type": "Index Only Scan", "Parent Relationship": "Inner", "Parallel Aware": false, "Scan Direction": "Forward", "Index Name": "users_pkey", "Relation Name": "users", "Schema": "public", "Alias": "u", "Startup Cost": 0.29, "Total Cost": 396.31, "Plan Rows": 14935, "Plan Width": 4, "Actual Startup Time": 0.021, "Actual Total Time": 2.102, "Actual Rows": 14388, "Actual Loops": 1, "Output": ["u.id"], "Heap Fetches": 0}]}, {"Node Type": "Index Only Scan", "Parent Relationship": "Inner", "Parallel Aware": false, "Scan Direction": "Forward", "Index Name": "idx_posthistory_userid", "Relation Name": "posthistory", "Schema": "public", "Alias": "ph", "Startup Cost": 0.29, "Total Cost": 0.68, "Plan Rows": 20, "Plan Width": 4, "Actual Startup Time": 0.004, "Actual Total Time": 0.109, "Actual Rows": 1418, "Actual Loops": 9266, "Output": ["ph.userid"], "Index Cond": "(ph.userid = u.id)", "Rows Removed by Index Recheck": 0, "Heap Fetches": 0}]}]}, "Planning Time": 1.518, "Triggers": [], "Execution Time": 2567.047}]#####[{"Plan": {"Node Type": "Aggregate", "Strategy": "Plain", "Partial Mode": "Simple", "Parallel Aware": false, "Startup Cost": 4269.2, "Total Cost": 4269.21, "Plan Rows": 1, "Plan Width": 8, "Actual Startup Time": 2754.618, "Actual Total Time": 2754.621, "Actual Rows": 1, "Actual Loops": 1, "Output": ["count(*)"], "Plans": [{"Node Type": "Merge Join", "Parent Relationship": "Outer", "Parallel Aware": false, "Join Type": "Inner", "Startup Cost": 1.16, "Total Cost": 4203.81, "Plan Rows": 26153, "Plan Width": 0, "Actual Startup Time": 0.806, "Actual Total Time": 2147.322, "Actual Rows": 13136268, "Actual Loops": 1, "Inner Unique": false, "Merge Cond": "(u.id = ph.userid)", "Plans": [{"Node Type": "Merge Join", "Parent Relationship": "Outer", "Parallel Aware": false, "Join Type": "Inner", "Startup Cost": 0.87, "Total Cost": 624.93, "Plan Rows": 12100, "Plan Width": 12, "Actual Startup Time": 0.368, "Actual Total Time": 45.256, "Actual Rows": 9266, "Actual Loops": 1, "Output": ["v.userid", "u.id", "b.userid"], "Inner Unique": true, "Merge Cond": "(v.userid = u.id)", "Plans": [{"Node Type": "Merge Join", "Parent Relationship": "Outer", "Parallel Aware": false, "Join Type": "Inner", "Startup Cost": 0.58, "Total Cost": 2018.08, "Plan Rows": 915, "Plan Width": 8, "Actual Startup Time": 0.332, "Actual Total Time": 41.577, "Actual Rows": 9266, "Actual Loops": 1, "Output": ["v.userid", "b.userid"], "Inner Unique": false, "Merge Cond": "(v.userid = b.userid)", "Plans": [{"Node Type": "Index Scan", "Parent Relationship": "Outer", "Parallel Aware": false, "Scan Direction": "Forward", "Index Name": "idx_votes_userid", "Relation Name": "votes", "Schema": "public", "Alias": "v", "Startup Cost": 0.29, "Total Cost": 7141.32, "Plan Rows": 598, "Plan Width": 4, "Actual Startup Time": 0.036, "Actual Total Time": 17.125, "Actual Rows": 397, "Actual Loops": 1, "Output": ["v.id", "v.postid", "v.votetypeid", "v.creationdate", "v.userid", "v.bountyamount"], "Filter": "((v.bountyamount <= 150) AND (v.creationdate >= '2010-07-22 00:00:00'::timestamp without time zone) AND (v.creationdate <= '2014-09-12 00:00:00'::timestamp without time zone))", "Rows Removed by Filter": 18048}, {"Node Type": "Index Scan", "Parent Relationship": "Inner", "Parallel Aware": false, "Scan Direction": "Forward", "Index Name": "idx_badges_userid", "Relation Name": "badges", "Schema": "public", "Alias": "b", "Startup Cost": 0.29, "Total Cost": 1260.24, "Plan Rows": 31810, "Plan Width": 4, "Actual Startup Time": 0.041, "Actual Total Time": 21.639, "Actual Rows": 36227, "Actual Loops": 1, "Output": ["b.id", "b.userid", "b.date"], "Filter": "(b.date >= '2010-07-27 13:23:44'::timestamp without time zone)", "Rows Removed by Filter": 838}]}, {"Node Type": "Index Only Scan", "Parent Relationship": "Inner", "Parallel Aware": false, "Scan Direction": "Forward", "Index Name": "users_pkey", "Relation Name": "users", "Schema": "public", "Alias": "u", "Startup Cost": 0.29, "Total Cost": 396.31, "Plan Rows": 14935, "Plan Width": 4, "Actual Startup Time": 0.033, "Actual Total Time": 1.559, "Actual Rows": 14388, "Actual Loops": 1, "Output": ["u.id"], "Heap Fetches": 0}]}, {"Node Type": "Index Only Scan", "Parent Relationship": "Inner", "Parallel Aware": false, "Scan Direction": "Forward", "Index Name": "idx_posthistory_userid", "Relation Name": "posthistory", "Schema": "public", "Alias": "ph", "Startup Cost": 0.29, "Total Cost": 2502.2, "Plan Rows": 129994, "Plan Width": 4, "Actual Startup Time": 0.02, "Actual Total Time": 969.826, "Actual Rows": 13218116, "Actual Loops": 1, "Output": ["ph.userid"], "Heap Fetches": 0}]}]}, "Planning Time": 4.089, "Triggers": [], "Execution Time": 2754.779}]
[{"Plan": {"Node Type": "Aggregate", "Strategy": "Plain", "Partial Mode": "Simple", "Parallel Aware": false, "Startup Cost": 5216.1, "Total Cost": 5216.11, "Plan Rows": 1, "Plan Width": 8, "Actual Startup Time": 46.58, "Actual Total Time": 46.588, "Actual Rows": 1, "Actual Loops": 1, "Output": ["count(*)"], "Plans": [{"Node Type": "Hash Join", "Parent Relationship": "Outer", "Parallel Aware": false, "Join Type": "Inner", "Startup Cost": 1930.98, "Total Cost": 4257.58, "Plan Rows": 383407, "Plan Width": 0, "Actual Startup Time": 19.297, "Actual Total Time": 42.132, "Actual Rows": 111144, "Actual Loops": 1, "Inner Unique": false, "Hash Cond": "(c.userid = u.id)", "Plans": [{"Node Type": "Seq Scan", "Parent Relationship": "Outer", "Parallel Aware": false, "Relation Name": "comments", "Schema": "public", "Alias": "c", "Startup Cost": 0.0, "Total Cost": 1574.96, "Plan Rows": 60002, "Plan Width": 4, "Actual Startup Time": 0.022, "Actual Total Time": 10.067, "Actual Rows": 60206, "Actual Loops": 1, "Output": ["c.id", "c.postid", "c.score", "c.creationdate", "c.userid"], "Filter": "(c.score = 0)", "Rows Removed by Filter": 19151}, {"Node Type": "Hash", "Parent Relationship": "Inner", "Parallel Aware": false, "Startup Cost": 1762.72, "Total Cost": 1762.72, "Plan Rows": 13461, "Plan Width": 8, "Actual Startup Time": 18.488, "Actual Total Time": 18.493, "Actual Rows": 11433, "Actual Loops": 1, "Output": ["p.owneruserid", "u.id"], "Hash Buckets": 16384, "Original Hash Buckets": 16384, "Hash Batches": 1, "Original Hash Batches": 1, "Peak Memory Usage": 575, "Plans": [{"Node Type": "Hash Join", "Parent Relationship": "Outer", "Parallel Aware": false, "Join Type": "Inner", "Startup Cost": 538.58, "Total Cost": 1762.72, "Plan Rows": 13461, "Plan Width": 8, "Actual Startup Time": 6.8, "Actual Total Time": 16.621, "Actual Rows": 11433, "Actual Loops": 1, "Output": ["p.owneruserid", "u.id"], "Inner Unique": true, "Hash Cond": "(p.owneruserid = u.id)", "Plans": [{"Node Type": "Seq Scan", "Parent Relationship": "Outer", "Parallel Aware": false, "Relation Name": "posts", "Schema": "public", "Alias": "p", "Startup Cost": 0.0, "Total Cost": 1183.66, "Plan Rows": 15418, "Plan Width": 4, "Actual Startup Time": 0.629, "Actual Total Time": 7.704, "Actual Rows": 15819, "Actual Loops": 1, "Output": ["p.id", "p.posttypeid", "p.creationdate", "p.score", "p.viewcount", "p.owneruserid", "p.answercount", "p.commentcount", "p.favoritecount", "p.lasteditoruserid"], "Filter": "((p.viewcount >= 0) AND (p.commentcount <= 17) AND (p.creationdate >= '2010-09-16 17:21:56'::timestamp without time zone) AND (p.creationdate <= '2014-08-21 17:32:33'::timestamp without time zone))", "Rows Removed by Filter": 25364}, {"Node Type": "Hash", "Parent Relationship": "Inner", "Parallel Aware": false, "Startup Cost": 371.36, "Total Cost": 371.36, "Plan Rows": 13377, "Plan Width": 4, "Actual Startup Time": 5.987, "Actual Total Time": 5.989, "Actual Rows": 13483, "Actual Loops": 1, "Output": ["u.id"], "Hash Buckets": 16384, "Original Hash Buckets": 16384, "Hash Batches": 1, "Original Hash Batches": 1, "Peak Memory Usage": 603, "Plans": [{"Node Type": "Seq Scan", "Parent Relationship": "Outer", "Parallel Aware": false, "Relation Name": "users", "Schema": "public", "Alias": "u", "Startup Cost": 0.0, "Total Cost": 371.36, "Plan Rows": 13377, "Plan Width": 4, "Actual Startup Time": 0.228, "Actual Total Time": 3.681, "Actual Rows": 13483, "Actual Loops": 1, "Output": ["u.id"], "Filter": "((u.downvotes <= 0) AND (u.creationdate >= '2010-09-30 12:50:43'::timestamp without time zone) AND (u.creationdate <= '2014-08-05 06:23:36'::timestamp without time zone))", "Rows Removed by Filter": 1452}]}]}]}]}]}, "Planning Time": 1.693, "Triggers": [], "Execution Time": 46.727}]#####[{"Plan": {"Node Type": "Aggregate", "Strategy": "Plain", "Partial Mode": "Simple", "Parallel Aware": false, "Startup Cost": 12709.98, "Total Cost": 12709.99, "Plan Rows": 1, "Plan Width": 8, "Actual Startup Time": 79.93, "Actual Total Time": 79.936, "Actual Rows": 1, "Actual Loops": 1, "Output": ["count(*)"], "Plans": [{"Node Type": "Nested Loop", "Parent Relationship": "Outer", "Parallel Aware": false, "Join Type": "Inner", "Startup Cost": 538.87, "Total Cost": 3124.8, "Plan Rows": 3834072, "Plan Width": 0, "Actual Startup Time": 7.969, "Actual Total Time": 74.696, "Actual Rows": 111144, "Actual Loops": 1, "Inner Unique": false, "Plans": [{"Node Type": "Hash Join", "Parent Relationship": "Outer", "Parallel Aware": false, "Join Type": "Inner", "Startup Cost": 538.58, "Total Cost": 1762.72, "Plan Rows": 1346, "Plan Width": 8, "Actual Startup Time": 7.93, "Actual Total Time": 18.525, "Actual Rows": 11433, "Actual Loops": 1, "Output": ["p.owneruserid", "u.id"], "Inner Unique": true, "Hash Cond": "(p.owneruserid = u.id)", "Plans": [{"Node Type": "Seq Scan", "Parent Relationship": "Outer", "Parallel Aware": false, "Relation Name": "posts", "Schema": "public", "Alias": "p", "Startup Cost": 0.0, "Total Cost": 1183.66, "Plan Rows": 15418, "Plan Width": 4, "Actual Startup Time": 0.827, "Actual Total Time": 7.807, "Actual Rows": 15819, "Actual Loops": 1, "Output": ["p.id", "p.posttypeid", "p.creationdate", "p.score", "p.viewcount", "p.owneruserid", "p.answercount", "p.commentcount", "p.favoritecount", "p.lasteditoruserid"], "Filter": "((p.viewcount >= 0) AND (p.commentcount <= 17) AND (p.creationdate >= '2010-09-16 17:21:56'::timestamp without time zone) AND (p.creationdate <= '2014-08-21 17:32:33'::timestamp without time zone))", "Rows Removed by Filter": 25364}, {"Node Type": "Hash", "Parent Relationship": "Inner", "Parallel Aware": false, "Startup Cost": 371.36, "Total Cost": 371.36, "Plan Rows": 13377, "Plan Width": 4, "Actual Startup Time": 6.824, "Actual Total Time": 6.825, "Actual Rows": 13483, "Actual Loops": 1, "Output": ["u.id"], "Hash Buckets": 16384, "Original Hash Buckets": 16384, "Hash Batches": 1, "Original Hash Batches": 1, "Peak Memory Usage": 603, "Plans": [{"Node Type": "Seq Scan", "Parent Relationship": "Outer", "Parallel Aware": false, "Relation Name": "users", "Schema": "public", "Alias": "u", "Startup Cost": 0.0, "Total Cost": 371.36, "Plan Rows": 13377, "Plan Width": 4, "Actual Startup Time": 0.297, "Actual Total Time": 4.211, "Actual Rows": 13483, "Actual Loops": 1, "Output": ["u.id"], "Filter": "((u.downvotes <= 0) AND (u.creationdate >= '2010-09-30 12:50:43'::timestamp without time zone) AND (u.creationdate <= '2014-08-05 06:23:36'::timestamp without time zone))", "Rows Removed by Filter": 1452}]}]}, {"Node Type": "Index Scan", "Parent Relationship": "Inner", "Parallel Aware": false, "Scan Direction": "Forward", "Index Name": "idx_comments_userid", "Relation Name": "comments", "Schema": "public", "Alias": "c", "Startup Cost": 0.29, "Total Cost": 0.87, "Plan Rows": 14, "Plan Width": 4, "Actual Startup Time": 0.001, "Actual Total Time": 0.004, "Actual Rows": 10, "Actual Loops": 11433, "Output": ["c.id", "c.postid", "c.score", "c.creationdate", "c.userid"], "Index Cond": "(c.userid = u.id)", "Rows Removed by Index Recheck": 0, "Filter": "(c.score = 0)", "Rows Removed by Filter": 1}]}]}, "Planning Time": 2.712, "Triggers": [], "Execution Time": 80.101}]
[{"Plan": {"Node Type": "Aggregate", "Strategy": "Plain", "Partial Mode": "Simple", "Parallel Aware": false, "Startup Cost": 1595.97, "Total Cost": 1595.98, "Plan Rows": 1, "Plan Width": 8, "Actual Startup Time": 32.687, "Actual Total Time": 32.69, "Actual Rows": 1, "Actual Loops": 1, "Output": ["count(*)"], "Plans": [{"Node Type": "Nested Loop", "Parent Relationship": "Outer", "Parallel Aware": false, "Join Type": "Inner", "Startup Cost": 1.17, "Total Cost": 1479.57, "Plan Rows": 46558, "Plan Width": 0, "Actual Startup Time": 32.677, "Actual Total Time": 32.681, "Actual Rows": 0, "Actual Loops": 1, "Inner Unique": false, "Join Filter": "(u.id = ph.userid)", "Rows Removed by Join Filter": 0, "Plans": [{"Node Type": "Merge Join", "Parent Relationship": "Outer", "Parallel Aware": false, "Join Type": "Inner", "Startup Cost": 0.87, "Total Cost": 820.23, "Plan Rows": 645, "Plan Width": 12, "Actual Startup Time": 32.677, "Actual Total Time": 32.68, "Actual Rows": 0, "Actual Loops": 1, "Output": ["c.userid", "v.userid", "u.id"], "Inner Unique": true, "Merge Cond": "(v.userid = u.id)", "Plans": [{"Node Type": "Merge Join", "Parent Relationship": "Outer", "Parallel Aware": false, "Join Type": "Inner", "Startup Cost": 0.59, "Total Cost": 2439.23, "Plan Rows": 7464, "Plan Width": 8, "Actual Startup Time": 32.676, "Actual Total Time": 32.679, "Actual Rows": 0, "Actual Loops": 1, "Output": ["c.userid", "v.userid"], "Inner Unique": false, "Merge Cond": "(v.userid = c.userid)", "Plans": [{"Node Type": "Index Scan", "Parent Relationship": "Outer", "Parallel Aware": false, "Scan Direction": "Forward", "Index Name": "idx_votes_userid", "Relation Name": "votes", "Schema": "public", "Alias": "v", "Startup Cost": 0.29, "Total Cost": 6730.74, "Plan Rows": 516, "Plan Width": 4, "Actual Startup Time": 32.675, "Actual Total Time": 32.677, "Actual Rows": 0, "Actual Loops": 1, "Output": ["v.id", "v.postid", "v.votetypeid", "v.creationdate", "v.userid", "v.bountyamount"], "Filter": "((v.bountyamount >= 0) AND (v.votetypeid = 2))", "Rows Removed by Filter": 164233}, {"Node Type": "Index Only Scan", "Parent Relationship": "Inner", "Parallel Aware": false, "Scan Direction": "Forward", "Index Name": "idx_comments_userid", "Relation Name": "comments", "Schema": "public", "Alias": "c", "Startup Cost": 0.29, "Total Cost": 1526.65, "Plan Rows": 79357, "Plan Width": 4, "Actual Startup Time": 0.0, "Actual Total Time": 0.0, "Actual Rows": 0, "Actual Loops": 0, "Output": ["c.userid"], "Heap Fetches": 0}]}, {"Node Type": "Index Scan", "Parent Relationship": "Inner", "Parallel Aware": false, "Scan Direction": "Forward", "Index Name": "users_pkey", "Relation Name": "users", "Schema": "public", "Alias": "u", "Startup Cost": 0.29, "Total Cost": 546.65, "Plan Rows": 13646, "Plan Width": 4, "Actual Startup Time": 0.0, "Actual Total Time": 0.0, "Actual Rows": 0, "Actual Loops": 0, "Output": ["u.id", "u.reputation", "u.creationdate", "u.views", "u.upvotes", "u.downvotes"], "Filter": "(u.creationdate >= '2010-11-10 18:52:33'::timestamp without time zone)", "Rows Removed by Filter": 0}]}, {"Node Type": "Index Scan", "Parent Relationship": "Inner", "Parallel Aware": false, "Scan Direction": "Forward", "Index Name": "idx_posthistory_userid", "Relation Name": "posthistory", "Schema": "public", "Alias": "ph", "Startup Cost": 0.29, "Total Cost": 0.8, "Plan Rows": 18, "Plan Width": 4, "Actual Startup Time": 0.0, "Actual Total Time": 0.0, "Actual Rows": 0, "Actual Loops": 0, "Output": ["ph.id", "ph.posthistorytypeid", "ph.postid", "ph.creationdate", "ph.userid"], "Index Cond": "(ph.userid = c.userid)", "Rows Removed by Index Recheck": 0, "Filter": "((ph.creationdate >= '2010-12-13 23:25:11'::timestamp without time zone) AND (ph.creationdate <= '2014-09-01 16:35:30'::timestamp without time zone))", "Rows Removed by Filter": 0}]}]}, "Planning Time": 1.825, "Triggers": [], "Execution Time": 32.827}]#####[{"Plan": {"Node Type": "Aggregate", "Strategy": "Plain", "Partial Mode": "Simple", "Parallel Aware": false, "Startup Cost": 5023.11, "Total Cost": 5023.12, "Plan Rows": 1, "Plan Width": 8, "Actual Startup Time": 36.779, "Actual Total Time": 36.784, "Actual Rows": 1, "Actual Loops": 1, "Output": ["count(*)"], "Plans": [{"Node Type": "Merge Join", "Parent Relationship": "Outer", "Parallel Aware": false, "Join Type": "Inner", "Startup Cost": 1.38, "Total Cost": 3859.14, "Plan Rows": 465589, "Plan Width": 0, "Actual Startup Time": 36.768, "Actual Total Time": 36.773, "Actual Rows": 0, "Actual Loops": 1, "Inner Unique": false, "Merge Cond": "(u.id = v.userid)", "Plans": [{"Node Type": "Merge Join", "Parent Relationship": "Outer", "Parallel Aware": false, "Join Type": "Inner", "Startup Cost": 0.79, "Total Cost": 2966.7, "Plan Rows": 70608, "Plan Width": 8, "Actual Startup Time": 5.144, "Actual Total Time": 5.147, "Actual Rows": 1, "Actual Loops": 1, "Output": ["c.userid", "u.id"], "Inner Unique": true, "Merge Cond": "(c.userid = u.id)", "Plans": [{"Node Type": "Index Only Scan", "Parent Relationship": "Outer", "Parallel Aware": false, "Scan Direction": "Forward", "Index Name": "idx_comments_userid", "Relation Name": "comments", "Schema": "public", "Alias": "c", "Startup Cost": 0.29, "Total Cost": 1526.65, "Plan Rows": 79357, "Plan Width": 4, "Actual Startup Time": 0.026, "Actual Total Time": 2.968, "Actual Rows": 26565, "Actual Loops": 1, "Output": ["c.userid"], "Heap Fetches": 0}, {"Node Type": "Index Scan", "Parent Relationship": "Inner", "Parallel Aware": false, "Scan Direction": "Forward", "Index Name": "users_pkey", "Relation Name": "users", "Schema": "public", "Alias": "u", "Startup Cost": 0.29, "Total Cost": 546.65, "Plan Rows": 13646, "Plan Width": 4, "Actual Startup Time": 0.387, "Actual Total Time": 0.388, "Actual Rows": 1, "Actual Loops": 1, "Output": ["u.id", "u.reputation", "u.creationdate", "u.views", "u.upvotes", "u.downvotes"], "Filter": "(u.creationdate >= '2010-11-10 18:52:33'::timestamp without time zone)", "Rows Removed by Filter": 1298}]}, {"Node Type": "Materialize", "Parent Relationship": "Inner", "Parallel Aware": false, "Startup Cost": 0.59, "Total Cost": 7046.43, "Plan Rows": 10427, "Plan Width": 8, "Actual Startup Time": 31.624, "Actual Total Time": 31.625, "Actual Rows": 0, "Actual Loops": 1, "Output": ["ph.userid", "v.userid"], "Plans": [{"Node Type": "Merge Join", "Parent Relationship": "Outer", "Parallel Aware": false, "Join Type": "Inner", "Startup Cost": 0.59, "Total Cost": 7020.36, "Plan Rows": 10427, "Plan Width": 8, "Actual Startup Time": 31.619, "Actual Total Time": 31.619, "Actual Rows": 0, "Actual Loops": 1, "Output": ["ph.userid", "v.userid"], "Inner Unique": false, "Merge Cond": "(v.userid = ph.userid)", "Plans": [{"Node Type": "Index Scan", "Parent Relationship": "Outer", "Parallel Aware": false, "Scan Direction": "Forward", "Index Name": "idx_votes_userid", "Relation Name": "votes", "Schema": "public", "Alias": "v", "Startup Cost": 0.29, "Total Cost": 6730.74, "Plan Rows": 516, "Plan Width": 4, "Actual Startup Time": 31.618, "Actual Total Time": 31.618, "Actual Rows": 0, "Actual Loops": 1, "Output": ["v.id", "v.postid", "v.votetypeid", "v.creationdate", "v.userid", "v.bountyamount"], "Filter": "((v.bountyamount >= 0) AND (v.votetypeid = 2))", "Rows Removed by Filter": 164233}, {"Node Type": "Index Scan", "Parent Relationship": "Inner", "Parallel Aware": false, "Scan Direction": "Forward", "Index Name": "idx_posthistory_userid", "Relation Name": "posthistory", "Schema": "public", "Alias": "ph", "Startup Cost": 0.29, "Total Cost": 5983.71, "Plan Rows": 117132, "Plan Width": 4, "Actual Startup Time": 0.0, "Actual Total Time": 0.0, "Actual Rows": 0, "Actual Loops": 0, "Output": ["ph.id", "ph.posthistorytypeid", "ph.postid", "ph.creationdate", "ph.userid"], "Filter": "((ph.creationdate >= '2010-12-13 23:25:11'::timestamp without time zone) AND (ph.creationdate <= '2014-09-01 16:35:30'::timestamp without time zone))", "Rows Removed by Filter": 0}]}]}]}]}, "Planning Time": 1.586, "Triggers": [], "Execution Time": 36.943}]#####[{"Plan": {"Node Type": "Aggregate", "Strategy": "Plain", "Partial Mode": "Simple", "Parallel Aware": false, "Startup Cost": 4589.18, "Total Cost": 4589.19, "Plan Rows": 1, "Plan Width": 8, "Actual Startup Time": 32.588, "Actual Total Time": 32.592, "Actual Rows": 1, "Actual Loops": 1, "Output": ["count(*)"], "Plans": [{"Node Type": "Merge Join", "Parent Relationship": "Outer", "Parallel Aware": false, "Join Type": "Inner", "Startup Cost": 1.59, "Total Cost": 3425.21, "Plan Rows": 465589, "Plan Width": 0, "Actual Startup Time": 32.577, "Actual Total Time": 32.581, "Actual Rows": 0, "Actual Loops": 1, "Inner Unique": false, "Merge Cond": "(u.id = c.userid)", "Plans": [{"Node Type": "Merge Join", "Parent Relationship": "Outer", "Parallel Aware": false, "Join Type": "Inner", "Startup Cost": 0.87, "Total Cost": 1256.63, "Plan Rows": 9010, "Plan Width": 12, "Actual Startup Time": 32.577, "Actual Total Time": 32.58, "Actual Rows": 0, "Actual Loops": 1, "Output": ["ph.userid", "v.userid", "u.id"], "Inner Unique": true, "Merge Cond": "(v.userid = u.id)", "Plans": [{"Node Type": "Merge Join", "Parent Relationship": "Outer", "Parallel Aware": false, "Join Type": "Inner", "Startup Cost": 0.59, "Total Cost": 7020.36, "Plan Rows": 10427, "Plan Width": 8, "Actual Startup Time": 32.576, "Actual Total Time": 32.579, "Actual Rows": 0, "Actual Loops": 1, "Output": ["ph.userid", "v.userid"], "Inner Unique": false, "Merge Cond": "(v.userid = ph.userid)", "Plans": [{"Node Type": "Index Scan", "Parent Relationship": "Outer", "Parallel Aware": false, "Scan Direction": "Forward", "Index Name": "idx_votes_userid", "Relation Name": "votes", "Schema": "public", "Alias": "v", "Startup Cost": 0.29, "Total Cost": 6730.74, "Plan Rows": 516, "Plan Width": 4, "Actual Startup Time": 32.576, "Actual Total Time": 32.578, "Actual Rows": 0, "Actual Loops": 1, "Output": ["v.id", "v.postid", "v.votetypeid", "v.creationdate", "v.userid", "v.bountyamount"], "Filter": "((v.bountyamount >= 0) AND (v.votetypeid = 2))", "Rows Removed by Filter": 164233}, {"Node Type": "Index Scan", "Parent Relationship": "Inner", "Parallel Aware": false, "Scan Direction": "Forward", "Index Name": "idx_posthistory_userid", "Relation Name": "posthistory", "Schema": "public", "Alias": "ph", "Startup Cost": 0.29, "Total Cost": 5983.71, "Plan Rows": 117132, "Plan Width": 4, "Actual Startup Time": 0.0, "Actual Total Time": 0.0, "Actual Rows": 0, "Actual Loops": 0, "Output": ["ph.id", "ph.posthistorytypeid", "ph.postid", "ph.creationdate", "ph.userid"], "Filter": "((ph.creationdate >= '2010-12-13 23:25:11'::timestamp without time zone) AND (ph.creationdate <= '2014-09-01 16:35:30'::timestamp without time zone))", "Rows Removed by Filter": 0}]}, {"Node Type": "Index Scan", "Parent Relationship": "Inner", "Parallel Aware": false, "Scan Direction": "Forward", "Index Name": "users_pkey", "Relation Name": "users", "Schema": "public", "Alias": "u", "Startup Cost": 0.29, "Total Cost": 546.65, "Plan Rows": 13646, "Plan Width": 4, "Actual Startup Time": 0.0, "Actual Total Time": 0.0, "Actual Rows": 0, "Actual Loops": 0, "Output": ["u.id", "u.reputation", "u.creationdate", "u.views", "u.upvotes", "u.downvotes"], "Filter": "(u.creationdate >= '2010-11-10 18:52:33'::timestamp without time zone)", "Rows Removed by Filter": 0}]}, {"Node Type": "Index Only Scan", "Parent Relationship": "Inner", "Parallel Aware": false, "Scan Direction": "Forward", "Index Name": "idx_comments_userid", "Relation Name": "comments", "Schema": "public", "Alias": "c", "Startup Cost": 0.29, "Total Cost": 1526.65, "Plan Rows": 79357, "Plan Width": 4, "Actual Startup Time": 0.0, "Actual Total Time": 0.0, "Actual Rows": 0, "Actual Loops": 0, "Output": ["c.userid"], "Heap Fetches": 0}]}]}, "Planning Time": 1.589, "Triggers": [], "Execution Time": 32.72}]
[{"Plan": {"Node Type": "Aggregate", "Strategy": "Plain", "Partial Mode": "Simple", "Parallel Aware": false, "Startup Cost": 3771.17, "Total Cost": 3771.18, "Plan Rows": 1, "Plan Width": 8, "Actual Startup Time": 9.157, "Actual Total Time": 9.165, "Actual Rows": 1, "Actual Loops": 1, "Output": ["count(*)"], "Plans": [{"Node Type": "Hash Join", "Parent Relationship": "Outer", "Parallel Aware": false, "Join Type": "Inner", "Startup Cost": 1521.09, "Total Cost": 3399.47, "Plan Rows": 148677, "Plan Width": 0, "Actual Startup Time": 9.147, "Actual Total Time": 9.154, "Actual Rows": 0, "Actual Loops": 1, "Inner Unique": false, "Hash Cond": "(c.userid = u.id)", "Plans": [{"Node Type": "Seq Scan", "Parent Relationship": "Outer", "Parallel Aware": false, "Relation Name": "comments", "Schema": "public", "Alias": "c", "Startup Cost": 0.0, "Total Cost": 1376.57, "Plan Rows": 79357, "Plan Width": 4, "Actual Startup Time": 0.014, "Actual Total Time": 0.017, "Actual Rows": 1, "Actual Loops": 1, "Output": ["c.id", "c.postid", "c.score", "c.creationdate", "c.userid"]}, {"Node Type": "Hash", "Parent Relationship": "Inner", "Parallel Aware": false, "Startup Cost": 1471.75, "Total Cost": 1471.75, "Plan Rows": 3947, "Plan Width": 8, "Actual Startup Time": 9.082, "Actual Total Time": 9.086, "Actual Rows": 0, "Actual Loops": 1, "Output": ["p.owneruserid", "u.id"], "Hash Buckets": 4096, "Original Hash Buckets": 4096, "Hash Batches": 1, "Original Hash Batches": 1, "Peak Memory Usage": 32, "Plans": [{"Node Type": "Hash Join", "Parent Relationship": "Outer", "Parallel Aware": false, "Join Type": "Inner", "Startup Cost": 483.38, "Total Cost": 1471.75, "Plan Rows": 3947, "Plan Width": 8, "Actual Startup Time": 9.082, "Actual Total Time": 9.086, "Actual Rows": 0, "Actual Loops": 1, "Output": ["p.owneruserid", "u.id"], "Inner Unique": true, "Hash Cond": "(p.owneruserid = u.id)", "Plans": [{"Node Type": "Seq Scan", "Parent Relationship": "Outer", "Parallel Aware": false, "Relation Name": "posts", "Schema": "public", "Alias": "p", "Startup Cost": 0.0, "Total Cost": 977.75, "Plan Rows": 4049, "Plan Width": 4, "Actual Startup Time": 9.08, "Actual Total Time": 9.08, "Actual Rows": 0, "Actual Loops": 1, "Output": ["p.id", "p.posttypeid", "p.creationdate", "p.score", "p.viewcount", "p.owneruserid", "p.answercount", "p.commentcount", "p.favoritecount", "p.lasteditoruserid"], "Filter": "((p.favoritecount <= 8) AND (p.posttypeid = 2))", "Rows Removed by Filter": 41183}, {"Node Type": "Hash", "Parent Relationship": "Inner", "Parallel Aware": false, "Startup Cost": 296.69, "Total Cost": 296.69, "Plan Rows": 14935, "Plan Width": 4, "Actual Startup Time": 0.0, "Actual Total Time": 0.0, "Actual Rows": 0, "Actual Loops": 0, "Output": ["u.id"], "Plans": [{"Node Type": "Seq Scan", "Parent Relationship": "Outer", "Parallel Aware": false, "Relation Name": "users", "Schema": "public", "Alias": "u", "Startup Cost": 0.0, "Total Cost": 296.69, "Plan Rows": 14935, "Plan Width": 4, "Actual Startup Time": 0.0, "Actual Total Time": 0.0, "Actual Rows": 0, "Actual Loops": 0, "Output": ["u.id"], "Filter": "(u.reputation >= 1)", "Rows Removed by Filter": 0}]}]}]}]}]}, "Planning Time": 0.987, "Triggers": [], "Execution Time": 9.287}]#####[{"Plan": {"Node Type": "Aggregate", "Strategy": "Plain", "Partial Mode": "Simple", "Parallel Aware": false, "Startup Cost": 5518.67, "Total Cost": 5518.68, "Plan Rows": 1, "Plan Width": 8, "Actual Startup Time": 7.673, "Actual Total Time": 7.682, "Actual Rows": 1, "Actual Loops": 1, "Output": ["count(*)"], "Plans": [{"Node Type": "Nested Loop", "Parent Relationship": "Outer", "Parallel Aware": false, "Join Type": "Inner", "Startup Cost": 483.67, "Total Cost": 1801.72, "Plan Rows": 1486777, "Plan Width": 0, "Actual Startup Time": 7.663, "Actual Total Time": 7.671, "Actual Rows": 0, "Actual Loops": 1, "Inner Unique": false, "Plans": [{"Node Type": "Hash Join", "Parent Relationship": "Outer", "Parallel Aware": false, "Join Type": "Inner", "Startup Cost": 483.38, "Total Cost": 1471.75, "Plan Rows": 394, "Plan Width": 8, "Actual Startup Time": 7.662, "Actual Total Time": 7.67, "Actual Rows": 0, "Actual Loops": 1, "Output": ["p.owneruserid", "u.id"], "Inner Unique": true, "Hash Cond": "(p.owneruserid = u.id)", "Plans": [{"Node Type": "Seq Scan", "Parent Relationship": "Outer", "Parallel Aware": false, "Relation Name": "posts", "Schema": "public", "Alias": "p", "Startup Cost": 0.0, "Total Cost": 977.75, "Plan Rows": 4049, "Plan Width": 4, "Actual Startup Time": 7.661, "Actual Total Time": 7.664, "Actual Rows": 0, "Actual Loops": 1, "Output": ["p.id", "p.posttypeid", "p.creationdate", "p.score", "p.viewcount", "p.owneruserid", "p.answercount", "p.commentcount", "p.favoritecount", "p.lasteditoruserid"], "Filter": "((p.favoritecount <= 8) AND (p.posttypeid = 2))", "Rows Removed by Filter": 41183}, {"Node Type": "Hash", "Parent Relationship": "Inner", "Parallel Aware": false, "Startup Cost": 296.69, "Total Cost": 296.69, "Plan Rows": 14935, "Plan Width": 4, "Actual Startup Time": 0.0, "Actual Total Time": 0.0, "Actual Rows": 0, "Actual Loops": 0, "Output": ["u.id"], "Plans": [{"Node Type": "Seq Scan", "Parent Relationship": "Outer", "Parallel Aware": false, "Relation Name": "users", "Schema": "public", "Alias": "u", "Startup Cost": 0.0, "Total Cost": 296.69, "Plan Rows": 14935, "Plan Width": 4, "Actual Startup Time": 0.0, "Actual Total Time": 0.0, "Actual Rows": 0, "Actual Loops": 0, "Output": ["u.id"], "Filter": "(u.reputation >= 1)", "Rows Removed by Filter": 0}]}]}, {"Node Type": "Index Only Scan", "Parent Relationship": "Inner", "Parallel Aware": false, "Scan Direction": "Forward", "Index Name": "idx_comments_userid", "Relation Name": "comments", "Schema": "public", "Alias": "c", "Startup Cost": 0.29, "Total Cost": 0.65, "Plan Rows": 19, "Plan Width": 4, "Actual Startup Time": 0.0, "Actual Total Time": 0.0, "Actual Rows": 0, "Actual Loops": 0, "Output": ["c.userid"], "Index Cond": "(c.userid = u.id)", "Rows Removed by Index Recheck": 0, "Heap Fetches": 0}]}]}, "Planning Time": 0.98, "Triggers": [], "Execution Time": 7.795}]
[{"Plan": {"Node Type": "Aggregate", "Strategy": "Plain", "Partial Mode": "Simple", "Parallel Aware": false, "Startup Cost": 965.03, "Total Cost": 965.04, "Plan Rows": 1, "Plan Width": 8, "Actual Startup Time": 48.384, "Actual Total Time": 48.387, "Actual Rows": 1, "Actual Loops": 1, "Output": ["count(*)"], "Plans": [{"Node Type": "Nested Loop", "Parent Relationship": "Outer", "Parallel Aware": false, "Join Type": "Inner", "Startup Cost": 1.16, "Total Cost": 958.34, "Plan Rows": 2677, "Plan Width": 0, "Actual Startup Time": 2.988, "Actual Total Time": 45.027, "Actual Rows": 78313, "Actual Loops": 1, "Inner Unique": false, "Plans": [{"Node Type": "Merge Join", "Parent Relationship": "Outer", "Parallel Aware": false, "Join Type": "Inner", "Startup Cost": 0.87, "Total Cost": 850.89, "Plan Rows": 122, "Plan Width": 12, "Actual Startup Time": 2.955, "Actual Total Time": 34.193, "Actual Rows": 1636, "Actual Loops": 1, "Output": ["v.userid", "u.id", "b.userid"], "Inner Unique": true, "Merge Cond": "(v.userid = u.id)", "Plans": [{"Node Type": "Merge Join", "Parent Relationship": "Outer", "Parallel Aware": false, "Join Type": "Inner", "Startup Cost": 0.58, "Total Cost": 2024.91, "Plan Rows": 971, "Plan Width": 8, "Actual Startup Time": 0.319, "Actual Total Time": 30.03, "Actual Rows": 9586, "Actual Loops": 1, "Output": ["v.userid", "b.userid"], "Inner Unique": false, "Merge Cond": "(v.userid = b.userid)", "Plans": [{"Node Type": "Index Scan", "Parent Relationship": "Outer", "Parallel Aware": false, "Scan Direction": "Forward", "Index Name": "idx_votes_userid", "Relation Name": "votes", "Schema": "public", "Alias": "v", "Startup Cost": 0.29, "Total Cost": 6320.15, "Plan Rows": 629, "Plan Width": 4, "Actual Startup Time": 0.034, "Actual Total Time": 13.298, "Actual Rows": 406, "Actual Loops": 1, "Output": ["v.id", "v.postid", "v.votetypeid", "v.creationdate", "v.userid", "v.bountyamount"], "Filter": "(v.bountyamount >= 0)", "Rows Removed by Filter": 18039}, {"Node Type": "Index Scan", "Parent Relationship": "Inner", "Parallel Aware": false, "Scan Direction": "Forward", "Index Name": "idx_badges_userid", "Relation Name": "badges", "Schema": "public", "Alias": "b", "Startup Cost": 0.29, "Total Cost": 1341.8, "Plan Rows": 32062, "Plan Width": 4, "Actual Startup Time": 0.037, "Actual Total Time": 14.642, "Actual Rows": 36723, "Actual Loops": 1, "Output": ["b.id", "b.userid", "b.date"], "Filter": "((b.date >= '2010-07-23 12:53:26'::timestamp without time zone) AND (b.date <= '2014-09-13 18:08:30'::timestamp without time zone))", "Rows Removed by Filter": 582}]}, {"Node Type": "Index Scan", "Parent Relationship": "Inner", "Parallel Aware": false, "Scan Direction": "Forward", "Index Name": "users_pkey", "Relation Name": "users", "Schema": "public", "Alias": "u", "Startup Cost": 0.29, "Total Cost": 621.32, "Plan Rows": 14425, "Plan Width": 4, "Actual Startup Time": 0.029, "Actual Total Time": 3.08, "Actual Rows": 13884, "Actual Loops": 1, "Output": ["u.id", "u.reputation", "u.creationdate", "u.views", "u.upvotes", "u.downvotes"], "Filter": "((u.downvotes >= 0) AND (u.upvotes >= 0) AND (u.upvotes <= 44))", "Rows Removed by Filter": 504}]}, {"Node Type": "Index Only Scan", "Parent Relationship": "Inner", "Parallel Aware": false, "Scan Direction": "Forward", "Index Name": "idx_posthistory_userid", "Relation Name": "posthistory", "Schema": "public", "Alias": "ph", "Startup Cost": 0.29, "Total Cost": 0.68, "Plan Rows": 20, "Plan Width": 4, "Actual Startup Time": 0.001, "Actual Total Time": 0.004, "Actual Rows": 48, "Actual Loops": 1636, "Output": ["ph.userid"], "Index Cond": "(ph.userid = u.id)", "Rows Removed by Index Recheck": 0, "Heap Fetches": 0}]}]}, "Planning Time": 1.507, "Triggers": [], "Execution Time": 48.551}]#####[{"Plan": {"Node Type": "Aggregate", "Strategy": "Plain", "Partial Mode": "Simple", "Parallel Aware": false, "Startup Cost": 4504.94, "Total Cost": 4504.95, "Plan Rows": 1, "Plan Width": 8, "Actual Startup Time": 63.219, "Actual Total Time": 63.223, "Actual Rows": 1, "Actual Loops": 1, "Output": ["count(*)"], "Plans": [{"Node Type": "Merge Join", "Parent Relationship": "Outer", "Parallel Aware": false, "Join Type": "Inner", "Startup Cost": 1.16, "Total Cost": 4437.99, "Plan Rows": 26779, "Plan Width": 0, "Actual Startup Time": 3.854, "Actual Total Time": 59.834, "Actual Rows": 78313, "Actual Loops": 1, "Inner Unique": false, "Merge Cond": "(u.id = ph.userid)", "Plans": [{"Node Type": "Merge Join", "Parent Relationship": "Outer", "Parallel Aware": false, "Join Type": "Inner", "Startup Cost": 0.87, "Total Cost": 850.89, "Plan Rows": 12200, "Plan Width": 12, "Actual Startup Time": 3.154, "Actual Total Time": 36.795, "Actual Rows": 1636, "Actual Loops": 1, "Output": ["v.userid", "u.id", "b.userid"], "Inner Unique": true, "Merge Cond": "(v.userid = u.id)", "Plans": [{"Node Type": "Merge Join", "Parent Relationship": "Outer", "Parallel Aware": false, "Join Type": "Inner", "Startup Cost": 0.58, "Total Cost": 2024.91, "Plan Rows": 971, "Plan Width": 8, "Actual Startup Time": 0.31, "Actual Total Time": 32.521, "Actual Rows": 9586, "Actual Loops": 1, "Output": ["v.userid", "b.userid"], "Inner Unique": false, "Merge Cond": "(v.userid = b.userid)", "Plans": [{"Node Type": "Index Scan", "Parent Relationship": "Outer", "Parallel Aware": false, "Scan Direction": "Forward", "Index Name": "idx_votes_userid", "Relation Name": "votes", "Schema": "public", "Alias": "v", "Startup Cost": 0.29, "Total Cost": 6320.15, "Plan Rows": 629, "Plan Width": 4, "Actual Startup Time": 0.035, "Actual Total Time": 14.537, "Actual Rows": 406, "Actual Loops": 1, "Output": ["v.id", "v.postid", "v.votetypeid", "v.creationdate", "v.userid", "v.bountyamount"], "Filter": "(v.bountyamount >= 0)", "Rows Removed by Filter": 18039}, {"Node Type": "Index Scan", "Parent Relationship": "Inner", "Parallel Aware": false, "Scan Direction": "Forward", "Index Name": "idx_badges_userid", "Relation Name": "badges", "Schema": "public", "Alias": "b", "Startup Cost": 0.29, "Total Cost": 1341.8, "Plan Rows": 32062, "Plan Width": 4, "Actual Startup Time": 0.052, "Actual Total Time": 15.817, "Actual Rows": 36723, "Actual Loops": 1, "Output": ["b.id", "b.userid", "b.date"], "Filter": "((b.date >= '2010-07-23 12:53:26'::timestamp without time zone) AND (b.date <= '2014-09-13 18:08:30'::timestamp without time zone))", "Rows Removed by Filter": 582}]}, {"Node Type": "Index Scan", "Parent Relationship": "Inner", "Parallel Aware": false, "Scan Direction": "Forward", "Index Name": "users_pkey", "Relation Name": "users", "Schema": "public", "Alias": "u", "Startup Cost": 0.29, "Total Cost": 621.32, "Plan Rows": 14425, "Plan Width": 4, "Actual Startup Time": 0.025, "Actual Total Time": 3.136, "Actual Rows": 13884, "Actual Loops": 1, "Output": ["u.id", "u.reputation", "u.creationdate", "u.views", "u.upvotes", "u.downvotes"], "Filter": "((u.downvotes >= 0) AND (u.upvotes >= 0) AND (u.upvotes <= 44))", "Rows Removed by Filter": 504}]}, {"Node Type": "Index Only Scan", "Parent Relationship": "Inner", "Parallel Aware": false, "Scan Direction": "Forward", "Index Name": "idx_posthistory_userid", "Relation Name": "posthistory", "Schema": "public", "Alias": "ph", "Startup Cost": 0.29, "Total Cost": 2502.2, "Plan Rows": 129994, "Plan Width": 4, "Actual Startup Time": 0.031, "Actual Total Time": 12.473, "Actual Rows": 191532, "Actual Loops": 1, "Output": ["ph.userid"], "Heap Fetches": 0}]}]}, "Planning Time": 1.478, "Triggers": [], "Execution Time": 63.4}]
[{"Plan": {"Node Type": "Aggregate", "Strategy": "Plain", "Partial Mode": "Simple", "Parallel Aware": false, "Startup Cost": 3714.24, "Total Cost": 3714.25, "Plan Rows": 1, "Plan Width": 8, "Actual Startup Time": 126.947, "Actual Total Time": 126.958, "Actual Rows": 1, "Actual Loops": 1, "Output": ["count(*)"], "Plans": [{"Node Type": "Hash Join", "Parent Relationship": "Outer", "Parallel Aware": false, "Join Type": "Inner", "Startup Cost": 2912.22, "Total Cost": 3711.91, "Plan Rows": 930, "Plan Width": 0, "Actual Startup Time": 107.801, "Actual Total Time": 124.147, "Actual Rows": 45539, "Actual Loops": 1, "Inner Unique": false, "Hash Cond": "(b.userid = u.id)", "Plans": [{"Node Type": "Seq Scan", "Parent Relationship": "Outer", "Parallel Aware": false, "Relation Name": "badges", "Schema": "public", "Alias": "b", "Startup Cost": 0.0, "Total Cost": 584.8, "Plan Rows": 32503, "Plan Width": 4, "Actual Startup Time": 0.033, "Actual Total Time": 6.258, "Actual Rows": 32498, "Actual Loops": 1, "Output": ["b.id", "b.userid", "b.date"], "Filter": "(b.date >= '2010-07-19 20:14:08'::timestamp without time zone)", "Rows Removed by Filter": 126}, {"Node Type": "Hash", "Parent Relationship": "Inner", "Parallel Aware": false, "Startup Cost": 2858.79, "Total Cost": 2858.79, "Plan Rows": 4274, "Plan Width": 8, "Actual Startup Time": 107.677, "Actual Total Time": 107.684, "Actual Rows": 4205, "Actual Loops": 1, "Output": ["p.owneruserid", "u.id"], "Hash Buckets": 8192, "Original Hash Buckets": 8192, "Hash Batches": 1, "Original Hash Batches": 1, "Peak Memory Usage": 229, "Plans": [{"Node Type": "Nested Loop", "Parent Relationship": "Outer", "Parallel Aware": false, "Join Type": "Inner", "Startup Cost": 1385.35, "Total Cost": 2858.79, "Plan Rows": 4274, "Plan Width": 8, "Actual Startup Time": 35.816, "Actual Total Time": 106.414, "Actual Rows": 4205, "Actual Loops": 1, "Output": ["p.owneruserid", "u.id"], "Inner Unique": false, "Plans": [{"Node Type": "Nested Loop", "Parent Relationship": "Outer", "Parallel Aware": false, "Join Type": "Inner", "Startup Cost": 1385.06, "Total Cost": 1989.02, "Plan Rows": 1446, "Plan Width": 16, "Actual Startup Time": 35.773, "Actual Total Time": 59.072, "Actual Rows": 2631, "Actual Loops": 1, "Output": ["pl.relatedpostid", "p.id", "p.owneruserid", "u.id"], "Inner Unique": true, "Plans": [{"Node Type": "Hash Join", "Parent Relationship": "Outer", "Parallel Aware": false, "Join Type": "Inner", "Startup Cost": 1384.77, "Total Cost": 1471.75, "Plan Rows": 1497, "Plan Width": 12, "Actual Startup Time": 35.74, "Actual Total Time": 47.83, "Actual Rows": 3169, "Actual Loops": 1, "Output": ["pl.relatedpostid", "p.id", "p.owneruserid"], "Inner Unique": true, "Hash Cond": "(pl.relatedpostid = p.id)", "Plans": [{"Node Type": "Seq Scan", "Parent Relationship": "Outer", "Parallel Aware": false, "Relation Name": "postlinks", "Schema": "public", "Alias": "pl", "Startup Cost": 0.0, "Total Cost": 76.91, "Plan Rows": 3833, "Plan Width": 4, "Actual Startup Time": 0.012, "Actual Total Time": 9.948, "Actual Rows": 3833, "Actual Loops": 1, "Output": ["pl.id", "pl.creationdate", "pl.postid", "pl.relatedpostid", "pl.linktypeid"], "Filter": "(pl.creationdate <= '2014-09-08 12:56:29'::timestamp without time zone)", "Rows Removed by Filter": 0}, {"Node Type": "Hash", "Parent Relationship": "Inner", "Parallel Aware": false, "Startup Cost": 1183.66, "Total Cost": 1183.66, "Plan Rows": 16089, "Plan Width": 8, "Actual Startup Time": 35.64, "Actual Total Time": 35.642, "Actual Rows": 16086, "Actual Loops": 1, "Output": ["p.id", "p.owneruserid"], "Hash Buckets": 16384, "Original Hash Buckets": 16384, "Hash Batches": 1, "Original Hash Batches": 1, "Peak Memory Usage": 755, "Plans": [{"Node Type": "Seq Scan", "Parent Relationship": "Outer", "Parallel Aware": false, "Relation Name": "posts", "Schema": "public", "Alias": "p", "Startup Cost": 0.0, "Total Cost": 1183.66, "Plan Rows": 16089, "Plan Width": 8, "Actual Startup Time": 0.018, "Actual Total Time": 31.973, "Actual Rows": 16086, "Actual Loops": 1, "Output": ["p.id", "p.owneruserid"], "Filter": "((p.score >= '-4'::integer) AND (p.score <= 35) AND (p.commentcount <= 10) AND (p.posttypeid = 1))", "Rows Removed by Filter": 25097}]}]}, {"Node Type": "Index Scan", "Parent Relationship": "Inner", "Parallel Aware": false, "Scan Direction": "Forward", "Index Name": "users_pkey", "Relation Name": "users", "Schema": "public", "Alias": "u", "Startup Cost": 0.29, "Total Cost": 0.35, "Plan Rows": 1, "Plan Width": 4, "Actual Startup Time": 0.003, "Actual Total Time": 0.003, "Actual Rows": 1, "Actual Loops": 3169, "Output": ["u.id", "u.reputation", "u.creationdate", "u.views", "u.upvotes", "u.downvotes"], "Index Cond": "(u.id = p.owneruserid)", "Rows Removed by Index Recheck": 0, "Filter": "((u.downvotes >= 0) AND (u.downvotes <= 6))", "Rows Removed by Filter": 0}]}, {"Node Type": "Index Scan", "Parent Relationship": "Inner", "Parallel Aware": false, "Scan Direction": "Forward", "Index Name": "idx_comments_postid", "Relation Name": "comments", "Schema": "public", "Alias": "c", "Startup Cost": 0.29, "Total Cost": 0.57, "Plan Rows": 3, "Plan Width": 4, "Actual Startup Time": 0.008, "Actual Total Time": 0.017, "Actual Rows": 2, "Actual Loops": 2631, "Output": ["c.id", "c.postid", "c.score", "c.creationdate", "c.userid"], "Index Cond": "(c.postid = p.id)", "Rows Removed by Index Recheck": 0, "Filter": "((c.creationdate >= '2010-07-27 17:10:56'::timestamp without time zone) AND (c.creationdate <= '2014-09-13 10:58:30'::timestamp without time zone) AND (c.score = 0))", "Rows Removed by Filter": 1}]}]}]}]}, "Planning Time": 1.888, "Triggers": [], "Execution Time": 127.135}]#####[{"Plan": {"Node Type": "Aggregate", "Strategy": "Plain", "Partial Mode": "Simple", "Parallel Aware": false, "Startup Cost": 2838.05, "Total Cost": 2838.06, "Plan Rows": 1, "Plan Width": 8, "Actual Startup Time": 265.512, "Actual Total Time": 265.521, "Actual Rows": 1, "Actual Loops": 1, "Output": ["count(*)"], "Plans": [{"Node Type": "Nested Loop", "Parent Relationship": "Outer", "Parallel Aware": false, "Join Type": "Inner", "Startup Cost": 1385.64, "Total Cost": 2814.8, "Plan Rows": 9301, "Plan Width": 0, "Actual Startup Time": 10.054, "Actual Total Time": 261.534, "Actual Rows": 45539, "Actual Loops": 1, "Inner Unique": false, "Plans": [{"Node Type": "Nested Loop", "Parent Relationship": "Outer", "Parallel Aware": false, "Join Type": "Inner", "Startup Cost": 1385.34, "Total Cost": 2625.93, "Plan Rows": 314, "Plan Width": 8, "Actual Startup Time": 9.78, "Actual Total Time": 80.399, "Actual Rows": 30914, "Actual Loops": 1, "Output": ["pl.relatedpostid", "p.id"], "Inner Unique": false, "Plans": [{"Node Type": "Nested Loop", "Parent Relationship": "Outer", "Parallel Aware": false, "Join Type": "Inner", "Startup Cost": 1385.06, "Total Cost": 1989.02, "Plan Rows": 1446, "Plan Width": 16, "Actual Startup Time": 9.755, "Actual Total Time": 40.724, "Actual Rows": 2631, "Actual Loops": 1, "Output": ["pl.relatedpostid", "p.id", "p.owneruserid", "u.id"], "Inner Unique": true, "Plans": [{"Node Type": "Hash Join", "Parent Relationship": "Outer", "Parallel Aware": false, "Join Type": "Inner", "Startup Cost": 1384.77, "Total Cost": 1471.75, "Plan Rows": 1497, "Plan Width": 12, "Actual Startup Time": 9.721, "Actual Total Time": 13.678, "Actual Rows": 3169, "Actual Loops": 1, "Output": ["pl.relatedpostid", "p.id", "p.owneruserid"], "Inner Unique": true, "Hash Cond": "(pl.relatedpostid = p.id)", "Plans": [{"Node Type": "Seq Scan", "Parent Relationship": "Outer", "Parallel Aware": false, "Relation Name": "postlinks", "Schema": "public", "Alias": "pl", "Startup Cost": 0.0, "Total Cost": 76.91, "Plan Rows": 3833, "Plan Width": 4, "Actual Startup Time": 0.015, "Actual Total Time": 1.333, "Actual Rows": 3833, "Actual Loops": 1, "Output": ["pl.id", "pl.creationdate", "pl.postid", "pl.relatedpostid", "pl.linktypeid"], "Filter": "(pl.creationdate <= '2014-09-08 12:56:29'::timestamp without time zone)", "Rows Removed by Filter": 0}, {"Node Type": "Hash", "Parent Relationship": "Inner", "Parallel Aware": false, "Startup Cost": 1183.66, "Total Cost": 1183.66, "Plan Rows": 16089, "Plan Width": 8, "Actual Startup Time": 9.594, "Actual Total Time": 9.596, "Actual Rows": 16086, "Actual Loops": 1, "Output": ["p.id", "p.owneruserid"], "Hash Buckets": 16384, "Original Hash Buckets": 16384, "Hash Batches": 1, "Original Hash Batches": 1, "Peak Memory Usage": 755, "Plans": [{"Node Type": "Seq Scan", "Parent Relationship": "Outer", "Parallel Aware": false, "Relation Name": "posts", "Schema": "public", "Alias": "p", "Startup Cost": 0.0, "Total Cost": 1183.66, "Plan Rows": 16089, "Plan Width": 8, "Actual Startup Time": 0.018, "Actual Total Time": 7.518, "Actual Rows": 16086, "Actual Loops": 1, "Output": ["p.id", "p.owneruserid"], "Filter": "((p.score >= '-4'::integer) AND (p.score <= 35) AND (p.commentcount <= 10) AND (p.posttypeid = 1))", "Rows Removed by Filter": 25097}]}]}, {"Node Type": "Index Scan", "Parent Relationship": "Inner", "Parallel Aware": false, "Scan Direction": "Forward", "Index Name": "users_pkey", "Relation Name": "users", "Schema": "public", "Alias": "u", "Startup Cost": 0.29, "Total Cost": 0.35, "Plan Rows": 1, "Plan Width": 4, "Actual Startup Time": 0.008, "Actual Total Time": 0.008, "Actual Rows": 1, "Actual Loops": 3169, "Output": ["u.id", "u.reputation", "u.creationdate", "u.views", "u.upvotes", "u.downvotes"], "Index Cond": "(u.id = p.owneruserid)", "Rows Removed by Index Recheck": 0, "Filter": "((u.downvotes >= 0) AND (u.downvotes <= 6))", "Rows Removed by Filter": 0}]}, {"Node Type": "Index Scan", "Parent Relationship": "Inner", "Parallel Aware": false, "Scan Direction": "Forward", "Index Name": "idx_badges_userid", "Relation Name": "badges", "Schema": "public", "Alias": "b", "Startup Cost": 0.29, "Total Cost": 0.41, "Plan Rows": 3, "Plan Width": 4, "Actual Startup Time": 0.004, "Actual Total Time": 0.013, "Actual Rows": 12, "Actual Loops": 2631, "Output": ["b.id", "b.userid", "b.date"], "Index Cond": "(b.userid = u.id)", "Rows Removed by Index Recheck": 0, "Filter": "(b.date >= '2010-07-19 20:14:08'::timestamp without time zone)", "Rows Removed by Filter": 0}]}, {"Node Type": "Index Scan", "Parent Relationship": "Inner", "Parallel Aware": false, "Scan Direction": "Forward", "Index Name": "idx_comments_postid", "Relation Name": "comments", "Schema": "public", "Alias": "c", "Startup Cost": 0.29, "Total Cost": 0.57, "Plan Rows": 3, "Plan Width": 4, "Actual Startup Time": 0.004, "Actual Total Time": 0.005, "Actual Rows": 1, "Actual Loops": 30914, "Output": ["c.id", "c.postid", "c.score", "c.creationdate", "c.userid"], "Index Cond": "(c.postid = p.id)", "Rows Removed by Index Recheck": 0, "Filter": "((c.creationdate >= '2010-07-27 17:10:56'::timestamp without time zone) AND (c.creationdate <= '2014-09-13 10:58:30'::timestamp without time zone) AND (c.score = 0))", "Rows Removed by Filter": 1}]}]}, "Planning Time": 1.854, "Triggers": [], "Execution Time": 265.674}]#####[{"Plan": {"Node Type": "Aggregate", "Strategy": "Plain", "Partial Mode": "Simple", "Parallel Aware": false, "Startup Cost": 4102.46, "Total Cost": 4102.47, "Plan Rows": 1, "Plan Width": 8, "Actual Startup Time": 49.021, "Actual Total Time": 49.03, "Actual Rows": 1, "Actual Loops": 1, "Output": ["count(*)"], "Plans": [{"Node Type": "Hash Join", "Parent Relationship": "Outer", "Parallel Aware": false, "Join Type": "Inner", "Startup Cost": 2976.93, "Total Cost": 4079.21, "Plan Rows": 9301, "Plan Width": 0, "Actual Startup Time": 30.761, "Actual Total Time": 47.198, "Actual Rows": 45539, "Actual Loops": 1, "Inner Unique": false, "Hash Cond": "(p.owneruserid = u.id)", "Plans": [{"Node Type": "Nested Loop", "Parent Relationship": "Outer", "Parallel Aware": false, "Join Type": "Inner", "Startup Cost": 1385.06, "Total Cost": 2372.2, "Plan Rows": 4424, "Plan Width": 4, "Actual Startup Time": 8.846, "Actual Total Time": 21.033, "Actual Rows": 4983, "Actual Loops": 1, "Output": ["p.owneruserid"], "Inner Unique": false, "Plans": [{"Node Type": "Hash Join", "Parent Relationship": "Outer", "Parallel Aware": false, "Join Type": "Inner", "Startup Cost": 1384.77, "Total Cost": 1471.75, "Plan Rows": 1497, "Plan Width": 12, "Actual Startup Time": 8.805, "Actual Total Time": 10.693, "Actual Rows": 3169, "Actual Loops": 1, "Output": ["pl.relatedpostid", "p.id", "p.owneruserid"], "Inner Unique": true, "Hash Cond": "(pl.relatedpostid = p.id)", "Plans": [{"Node Type": "Seq Scan", "Parent Relationship": "Outer", "Parallel Aware": false, "Relation Name": "postlinks", "Schema": "public", "Alias": "pl", "Startup Cost": 0.0, "Total Cost": 76.91, "Plan Rows": 3833, "Plan Width": 4, "Actual Startup Time": 0.013, "Actual Total Time": 0.727, "Actual Rows": 3833, "Actual Loops": 1, "Output": ["pl.id", "pl.creationdate", "pl.postid", "pl.relatedpostid", "pl.linktypeid"], "Filter": "(pl.creationdate <= '2014-09-08 12:56:29'::timestamp without time zone)", "Rows Removed by Filter": 0}, {"Node Type": "Hash", "Parent Relationship": "Inner", "Parallel Aware": false, "Startup Cost": 1183.66, "Total Cost": 1183.66, "Plan Rows": 16089, "Plan Width": 8, "Actual Startup Time": 8.727, "Actual Total Time": 8.728, "Actual Rows": 16086, "Actual Loops": 1, "Output": ["p.id", "p.owneruserid"], "Hash Buckets": 16384, "Original Hash Buckets": 16384, "Hash Batches": 1, "Original Hash Batches": 1, "Peak Memory Usage": 755, "Plans": [{"Node Type": "Seq Scan", "Parent Relationship": "Outer", "Parallel Aware": false, "Relation Name": "posts", "Schema": "public", "Alias": "p", "Startup Cost": 0.0, "Total Cost": 1183.66, "Plan Rows": 16089, "Plan Width": 8, "Actual Startup Time": 0.012, "Actual Total Time": 6.821, "Actual Rows": 16086, "Actual Loops": 1, "Output": ["p.id", "p.owneruserid"], "Filter": "((p.score >= '-4'::integer) AND (p.score <= 35) AND (p.commentcount <= 10) AND (p.posttypeid = 1))", "Rows Removed by Filter": 25097}]}]}, {"Node Type": "Index Scan", "Parent Relationship": "Inner", "Parallel Aware": false, "Scan Direction": "Forward", "Index Name": "idx_comments_postid", "Relation Name": "comments", "Schema": "public", "Alias": "c", "Startup Cost": 0.29, "Total Cost": 0.57, "Plan Rows": 3, "Plan Width": 4, "Actual Startup Time": 0.002, "Actual Total Time": 0.003, "Actual Rows": 2, "Actual Loops": 3169, "Output": ["c.id", "c.postid", "c.score", "c.creationdate", "c.userid"], "Index Cond": "(c.postid = p.id)", "Rows Removed by Index Recheck": 0, "Filter": "((c.creationdate >= '2010-07-27 17:10:56'::timestamp without time zone) AND (c.creationdate <= '2014-09-13 10:58:30'::timestamp without time zone) AND (c.score = 0))", "Rows Removed by Filter": 1}]}, {"Node Type": "Hash", "Parent Relationship": "Inner", "Parallel Aware": false, "Startup Cost": 1189.19, "Total Cost": 1189.19, "Plan Rows": 32214, "Plan Width": 8, "Actual Startup Time": 21.701, "Actual Total Time": 21.703, "Actual Rows": 28273, "Actual Loops": 1, "Output": ["u.id", "b.userid"], "Hash Buckets": 32768, "Original Hash Buckets": 32768, "Hash Batches": 1, "Original Hash Batches": 1, "Peak Memory Usage": 1361, "Plans": [{"Node Type": "Hash Join", "Parent Relationship": "Outer", "Parallel Aware": false, "Join Type": "Inner", "Startup Cost": 519.05, "Total Cost": 1189.19, "Plan Rows": 32214, "Plan Width": 8, "Actual Startup Time": 7.116, "Actual Total Time": 17.608, "Actual Rows": 28273, "Actual Loops": 1, "Output": ["u.id", "b.userid"], "Inner Unique": true, "Hash Cond": "(b.userid = u.id)", "Plans": [{"Node Type": "Seq Scan", "Parent Relationship": "Outer", "Parallel Aware": false, "Relation Name": "badges", "Schema": "public", "Alias": "b", "Startup Cost": 0.0, "Total Cost": 584.8, "Plan Rows": 32503, "Plan Width": 4, "Actual Startup Time": 0.032, "Actual Total Time": 4.873, "Actual Rows": 32498, "Actual Loops": 1, "Output": ["b.id", "b.userid", "b.date"], "Filter": "(b.date >= '2010-07-19 20:14:08'::timestamp without time zone)", "Rows Removed by Filter": 126}, {"Node Type": "Hash", "Parent Relationship": "Inner", "Parallel Aware": false, "Startup Cost": 334.02, "Total Cost": 334.02, "Plan Rows": 14802, "Plan Width": 4, "Actual Startup Time": 6.994, "Actual Total Time": 6.994, "Actual Rows": 14802, "Actual Loops": 1, "Output": ["u.id"], "Hash Buckets": 16384, "Original Hash Buckets": 16384, "Hash Batches": 1, "Original Hash Batches": 1, "Peak Memory Usage": 649, "Plans": [{"Node Type": "Seq Scan", "Parent Relationship": "Outer", "Parallel Aware": false, "Relation Name": "users", "Schema": "public", "Alias": "u", "Startup Cost": 0.0, "Total Cost": 334.02, "Plan Rows": 14802, "Plan Width": 4, "Actual Startup Time": 0.023, "Actual Total Time": 4.145, "Actual Rows": 14802, "Actual Loops": 1, "Output": ["u.id"], "Filter": "((u.downvotes >= 0) AND (u.downvotes <= 6))", "Rows Removed by Filter": 133}]}]}]}]}]}, "Planning Time": 4.752, "Triggers": [], "Execution Time": 49.251}]
[{"Plan": {"Node Type": "Aggregate", "Strategy": "Plain", "Partial Mode": "Simple", "Parallel Aware": false, "Startup Cost": 4277.7, "Total Cost": 4277.71, "Plan Rows": 1, "Plan Width": 8, "Actual Startup Time": 30.856, "Actual Total Time": 30.864, "Actual Rows": 1, "Actual Loops": 1, "Output": ["count(*)"], "Plans": [{"Node Type": "Hash Join", "Parent Relationship": "Outer", "Parallel Aware": false, "Join Type": "Inner", "Startup Cost": 1408.37, "Total Cost": 3514.05, "Plan Rows": 305459, "Plan Width": 0, "Actual Startup Time": 30.846, "Actual Total Time": 30.854, "Actual Rows": 0, "Actual Loops": 1, "Inner Unique": false, "Hash Cond": "(c.userid = u.id)", "Plans": [{"Node Type": "Seq Scan", "Parent Relationship": "Outer", "Parallel Aware": false, "Relation Name": "comments", "Schema": "public", "Alias": "c", "Startup Cost": 0.0, "Total Cost": 1773.36, "Plan Rows": 59996, "Plan Width": 4, "Actual Startup Time": 0.014, "Actual Total Time": 0.017, "Actual Rows": 1, "Actual Loops": 1, "Output": ["c.id", "c.postid", "c.score", "c.creationdate", "c.userid"], "Filter": "((c.creationdate <= '2014-09-04 03:34:57'::timestamp without time zone) AND (c.score = 0))", "Rows Removed by Filter": 1}, {"Node Type": "Hash", "Parent Relationship": "Inner", "Parallel Aware": false, "Startup Cost": 1374.07, "Total Cost": 1374.07, "Plan Rows": 2744, "Plan Width": 16, "Actual Startup Time": 30.804, "Actual Total Time": 30.807, "Actual Rows": 0, "Actual Loops": 1, "Output": ["p.owneruserid", "ph.userid", "v.userid", "u.id"], "Hash Buckets": 4096, "Original Hash Buckets": 4096, "Hash Batches": 1, "Original Hash Batches": 1, "Peak Memory Usage": 32, "Plans": [{"Node Type": "Nested Loop", "Parent Relationship": "Outer", "Parallel Aware": false, "Join Type": "Inner", "Startup Cost": 1.16, "Total Cost": 1374.07, "Plan Rows": 2744, "Plan Width": 16, "Actual Startup Time": 30.803, "Actual Total Time": 30.805, "Actual Rows": 0, "Actual Loops": 1, "Output": ["p.owneruserid", "ph.userid", "v.userid", "u.id"], "Inner Unique": false, "Plans": [{"Node Type": "Nested Loop", "Parent Relationship": "Outer", "Parallel Aware": false, "Join Type": "Inner", "Startup Cost": 0.87, "Total Cost": 1320.26, "Plan Rows": 53, "Plan Width": 12, "Actual Startup Time": 30.803, "Actual Total Time": 30.804, "Actual Rows": 0, "Actual Loops": 1, "Output": ["p.owneruserid", "v.userid", "u.id"], "Inner Unique": false, "Plans": [{"Node Type": "Merge Join", "Parent Relationship": "Outer", "Parallel Aware": false, "Join Type": "Inner", "Startup Cost": 0.58, "Total Cost": 1293.7, "Plan Rows": 46, "Plan Width": 8, "Actual Startup Time": 30.802, "Actual Total Time": 30.803, "Actual Rows": 0, "Actual Loops": 1, "Output": ["v.userid", "u.id"], "Inner Unique": true, "Merge Cond": "(v.userid = u.id)", "Plans": [{"Node Type": "Index Scan", "Parent Relationship": "Outer", "Parallel Aware": false, "Scan Direction": "Forward", "Index Name": "idx_votes_userid", "Relation Name": "votes", "Schema": "public", "Alias": "v", "Startup Cost": 0.29, "Total Cost": 7141.32, "Plan Rows": 489, "Plan Width": 4, "Actual Startup Time": 30.802, "Actual Total Time": 30.802, "Actual Rows": 0, "Actual Loops": 1, "Output": ["v.id", "v.postid", "v.votetypeid", "v.creationdate", "v.userid", "v.bountyamount"], "Filter": "((v.bountyamount >= 0) AND (v.bountyamount <= 100) AND (v.votetypeid = 2))", "Rows Removed by Filter": 164233}, {"Node Type": "Index Scan", "Parent Relationship": "Inner", "Parallel Aware": false, "Scan Direction": "Forward", "Index Name": "users_pkey", "Relation Name": "users", "Schema": "public", "Alias": "u", "Startup Cost": 0.29, "Total Cost": 583.99, "Plan Rows": 14835, "Plan Width": 4, "Actual Startup Time": 0.0, "Actual Total Time": 0.0, "Actual Rows": 0, "Actual Loops": 0, "Output": ["u.id", "u.reputation", "u.creationdate", "u.views", "u.upvotes", "u.downvotes"], "Filter": "((u.views >= 0) AND (u.views <= 363))", "Rows Removed by Filter": 0}]}, {"Node Type": "Index Scan", "Parent Relationship": "Inner", "Parallel Aware": false, "Scan Direction": "Forward", "Index Name": "idx_posts_owneruserid", "Relation Name": "posts", "Schema": "public", "Alias": "p", "Startup Cost": 0.29, "Total Cost": 0.57, "Plan Rows": 1, "Plan Width": 4, "Actual Startup Time": 0.0, "Actual Total Time": 0.0, "Actual Rows": 0, "Actual Loops": 0, "Output": ["p.id", "p.posttypeid", "p.creationdate", "p.score", "p.viewcount", "p.owneruserid", "p.answercount", "p.commentcount", "p.favoritecount", "p.lasteditoruserid"], "Index Cond": "(p.owneruserid = u.id)", "Rows Removed by Index Recheck": 0, "Filter": "((p.answercount >= 0) AND (p.answercount <= 4) AND (p.score = 0) AND (p.posttypeid = 2))", "Rows Removed by Filter": 0}]}, {"Node Type": "Index Scan", "Parent Relationship": "Inner", "Parallel Aware": false, "Scan Direction": "Forward", "Index Name": "idx_posthistory_userid", "Relation Name": "posthistory", "Schema": "public", "Alias": "ph", "Startup Cost": 0.29, "Total Cost": 0.99, "Plan Rows": 3, "Plan Width": 4, "Actual Startup Time": 0.0, "Actual Total Time": 0.0, "Actual Rows": 0, "Actual Loops": 0, "Output": ["ph.id", "ph.posthistorytypeid", "ph.postid", "ph.creationdate", "ph.userid"], "Index Cond": "(ph.userid = u.id)", "Rows Removed by Index Recheck": 0, "Filter": "(ph.posthistorytypeid = 3)", "Rows Removed by Filter": 0}]}]}]}]}, "Planning Time": 2.55, "Triggers": [], "Execution Time": 31.004}]#####[{"Plan": {"Node Type": "Aggregate", "Strategy": "Plain", "Partial Mode": "Simple", "Parallel Aware": false, "Startup Cost": 9295.47, "Total Cost": 9295.48, "Plan Rows": 1, "Plan Width": 8, "Actual Startup Time": 30.381, "Actual Total Time": 30.386, "Actual Rows": 1, "Actual Loops": 1, "Output": ["count(*)"], "Plans": [{"Node Type": "Nested Loop", "Parent Relationship": "Outer", "Parallel Aware": false, "Join Type": "Inner", "Startup Cost": 1.46, "Total Cost": 1658.99, "Plan Rows": 3054594, "Plan Width": 0, "Actual Startup Time": 30.371, "Actual Total Time": 30.376, "Actual Rows": 0, "Actual Loops": 1, "Inner Unique": false, "Plans": [{"Node Type": "Nested Loop", "Parent Relationship": "Outer", "Parallel Aware": false, "Join Type": "Inner", "Startup Cost": 1.16, "Total Cost": 1374.07, "Plan Rows": 274, "Plan Width": 16, "Actual Startup Time": 30.371, "Actual Total Time": 30.376, "Actual Rows": 0, "Actual Loops": 1, "Output": ["p.owneruserid", "ph.userid", "v.userid", "u.id"], "Inner Unique": false, "Plans": [{"Node Type": "Nested Loop", "Parent Relationship": "Outer", "Parallel Aware": false, "Join Type": "Inner", "Startup Cost": 0.87, "Total Cost": 1320.26, "Plan Rows": 53, "Plan Width": 12, "Actual Startup Time": 30.37, "Actual Total Time": 30.375, "Actual Rows": 0, "Actual Loops": 1, "Output": ["p.owneruserid", "v.userid", "u.id"], "Inner Unique": false, "Plans": [{"Node Type": "Merge Join", "Parent Relationship": "Outer", "Parallel Aware": false, "Join Type": "Inner", "Startup Cost": 0.58, "Total Cost": 1293.7, "Plan Rows": 46, "Plan Width": 8, "Actual Startup Time": 30.37, "Actual Total Time": 30.374, "Actual Rows": 0, "Actual Loops": 1, "Output": ["v.userid", "u.id"], "Inner Unique": true, "Merge Cond": "(v.userid = u.id)", "Plans": [{"Node Type": "Index Scan", "Parent Relationship": "Outer", "Parallel Aware": false, "Scan Direction": "Forward", "Index Name": "idx_votes_userid", "Relation Name": "votes", "Schema": "public", "Alias": "v", "Startup Cost": 0.29, "Total Cost": 7141.32, "Plan Rows": 489, "Plan Width": 4, "Actual Startup Time": 30.369, "Actual Total Time": 30.372, "Actual Rows": 0, "Actual Loops": 1, "Output": ["v.id", "v.postid", "v.votetypeid", "v.creationdate", "v.userid", "v.bountyamount"], "Filter": "((v.bountyamount >= 0) AND (v.bountyamount <= 100) AND (v.votetypeid = 2))", "Rows Removed by Filter": 164233}, {"Node Type": "Index Scan", "Parent Relationship": "Inner", "Parallel Aware": false, "Scan Direction": "Forward", "Index Name": "users_pkey", "Relation Name": "users", "Schema": "public", "Alias": "u", "Startup Cost": 0.29, "Total Cost": 583.99, "Plan Rows": 14835, "Plan Width": 4, "Actual Startup Time": 0.0, "Actual Total Time": 0.0, "Actual Rows": 0, "Actual Loops": 0, "Output": ["u.id", "u.reputation", "u.creationdate", "u.views", "u.upvotes", "u.downvotes"], "Filter": "((u.views >= 0) AND (u.views <= 363))", "Rows Removed by Filter": 0}]}, {"Node Type": "Index Scan", "Parent Relationship": "Inner", "Parallel Aware": false, "Scan Direction": "Forward", "Index Name": "idx_posts_owneruserid", "Relation Name": "posts", "Schema": "public", "Alias": "p", "Startup Cost": 0.29, "Total Cost": 0.57, "Plan Rows": 1, "Plan Width": 4, "Actual Startup Time": 0.0, "Actual Total Time": 0.0, "Actual Rows": 0, "Actual Loops": 0, "Output": ["p.id", "p.posttypeid", "p.creationdate", "p.score", "p.viewcount", "p.owneruserid", "p.answercount", "p.commentcount", "p.favoritecount", "p.lasteditoruserid"], "Index Cond": "(p.owneruserid = u.id)", "Rows Removed by Index Recheck": 0, "Filter": "((p.answercount >= 0) AND (p.answercount <= 4) AND (p.score = 0) AND (p.posttypeid = 2))", "Rows Removed by Filter": 0}]}, {"Node Type": "Index Scan", "Parent Relationship": "Inner", "Parallel Aware": false, "Scan Direction": "Forward", "Index Name": "idx_posthistory_userid", "Relation Name": "posthistory", "Schema": "public", "Alias": "ph", "Startup Cost": 0.29, "Total Cost": 0.99, "Plan Rows": 3, "Plan Width": 4, "Actual Startup Time": 0.0, "Actual Total Time": 0.0, "Actual Rows": 0, "Actual Loops": 0, "Output": ["ph.id", "ph.posthistorytypeid", "ph.postid", "ph.creationdate", "ph.userid"], "Index Cond": "(ph.userid = u.id)", "Rows Removed by Index Recheck": 0, "Filter": "(ph.posthistorytypeid = 3)", "Rows Removed by Filter": 0}]}, {"Node Type": "Index Scan", "Parent Relationship": "Inner", "Parallel Aware": false, "Scan Direction": "Forward", "Index Name": "idx_comments_userid", "Relation Name": "comments", "Schema": "public", "Alias": "c", "Startup Cost": 0.29, "Total Cost": 0.9, "Plan Rows": 14, "Plan Width": 4, "Actual Startup Time": 0.0, "Actual Total Time": 0.0, "Actual Rows": 0, "Actual Loops": 0, "Output": ["c.id", "c.postid", "c.score", "c.creationdate", "c.userid"], "Index Cond": "(c.userid = u.id)", "Rows Removed by Index Recheck": 0, "Filter": "((c.creationdate <= '2014-09-04 03:34:57'::timestamp without time zone) AND (c.score = 0))", "Rows Removed by Filter": 0}]}]}, "Planning Time": 6.723, "Triggers": [], "Execution Time": 30.528}]#####[{"Plan": {"Node Type": "Aggregate", "Strategy": "Plain", "Partial Mode": "Simple", "Parallel Aware": false, "Startup Cost": 13094.17, "Total Cost": 13094.18, "Plan Rows": 1, "Plan Width": 8, "Actual Startup Time": 32.83, "Actual Total Time": 32.839, "Actual Rows": 1, "Actual Loops": 1, "Output": ["count(*)"], "Plans": [{"Node Type": "Hash Join", "Parent Relationship": "Outer", "Parallel Aware": false, "Join Type": "Inner", "Startup Cost": 4418.3, "Total Cost": 5457.68, "Plan Rows": 3054594, "Plan Width": 0, "Actual Startup Time": 32.819, "Actual Total Time": 32.827, "Actual Rows": 0, "Actual Loops": 1, "Inner Unique": false, "Hash Cond": "(p.owneruserid = u.id)", "Plans": [{"Node Type": "Nested Loop", "Parent Relationship": "Outer", "Parallel Aware": false, "Join Type": "Inner", "Startup Cost": 1242.54, "Total Cost": 2153.33, "Plan Rows": 2834, "Plan Width": 12, "Actual Startup Time": 32.818, "Actual Total Time": 32.822, "Actual Rows": 0, "Actual Loops": 1, "Output": ["p.owneruserid", "ph.userid", "v.userid"], "Inner Unique": false, "Plans": [{"Node Type": "Merge Join", "Parent Relationship": "Outer", "Parallel Aware": false, "Join Type": "Inner", "Startup Cost": 1242.24, "Total Cost": 1920.4, "Plan Rows": 55, "Plan Width": 8, "Actual Startup Time": 32.817, "Actual Total Time": 32.82, "Actual Rows": 0, "Actual Loops": 1, "Output": ["p.owneruserid", "v.userid"], "Inner Unique": false, "Merge Cond": "(v.userid = p.owneruserid)", "Plans": [{"Node Type": "Index Scan", "Parent Relationship": "Outer", "Parallel Aware": false, "Scan Direction": "Forward", "Index Name": "idx_votes_userid", "Relation Name": "votes", "Schema": "public", "Alias": "v", "Startup Cost": 0.29, "Total Cost": 7141.32, "Plan Rows": 489, "Plan Width": 4, "Actual Startup Time": 32.816, "Actual Total Time": 32.818, "Actual Rows": 0, "Actual Loops": 1, "Output": ["v.id", "v.postid", "v.votetypeid", "v.creationdate", "v.userid", "v.bountyamount"], "Filter": "((v.bountyamount >= 0) AND (v.bountyamount <= 100) AND (v.votetypeid = 2))", "Rows Removed by Filter": 164233}, {"Node Type": "Sort", "Parent Relationship": "Inner", "Parallel Aware": false, "Startup Cost": 1241.95, "Total Cost": 1244.82, "Plan Rows": 1147, "Plan Width": 4, "Actual Startup Time": 0.0, "Actual Total Time": 0.0, "Actual Rows": 0, "Actual Loops": 0, "Output": ["p.owneruserid"], "Sort Key": ["p.owneruserid"], "Plans": [{"Node Type": "Seq Scan", "Parent Relationship": "Outer", "Parallel Aware": false, "Relation Name": "posts", "Schema": "public", "Alias": "p", "Startup Cost": 0.0, "Total Cost": 1183.66, "Plan Rows": 1147, "Plan Width": 4, "Actual Startup Time": 0.0, "Actual Total Time": 0.0, "Actual Rows": 0, "Actual Loops": 0, "Output": ["p.owneruserid"], "Filter": "((p.answercount >= 0) AND (p.answercount <= 4) AND (p.score = 0) AND (p.posttypeid = 2))", "Rows Removed by Filter": 0}]}]}, {"Node Type": "Index Scan", "Parent Relationship": "Inner", "Parallel Aware": false, "Scan Direction": "Forward", "Index Name": "idx_posthistory_userid", "Relation Name": "posthistory", "Schema": "public", "Alias": "ph", "Startup Cost": 0.29, "Total Cost": 4.21, "Plan Rows": 3, "Plan Width": 4, "Actual Startup Time": 0.0, "Actual Total Time": 0.0, "Actual Rows": 0, "Actual Loops": 0, "Output": ["ph.id", "ph.posthistorytypeid", "ph.postid", "ph.creationdate", "ph.userid"], "Index Cond": "(ph.userid = p.owneruserid)", "Rows Removed by Index Recheck": 0, "Filter": "(ph.posthistorytypeid = 3)", "Rows Removed by Filter": 0}]}, {"Node Type": "Hash", "Parent Relationship": "Inner", "Parallel Aware": false, "Startup Cost": 2450.35, "Total Cost": 2450.35, "Plan Rows": 58033, "Plan Width": 8, "Actual Startup Time": 0.0, "Actual Total Time": 0.0, "Actual Rows": 0, "Actual Loops": 0, "Output": ["c.userid", "u.id"], "Plans": [{"Node Type": "Hash Join", "Parent Relationship": "Outer", "Parallel Aware": false, "Join Type": "Inner", "Startup Cost": 519.46, "Total Cost": 2450.35, "Plan Rows": 58033, "Plan Width": 8, "Actual Startup Time": 0.0, "Actual Total Time": 0.0, "Actual Rows": 0, "Actual Loops": 0, "Output": ["c.userid", "u.id"], "Inner Unique": true, "Hash Cond": "(c.userid = u.id)", "Plans": [{"Node Type": "Seq Scan", "Parent Relationship": "Outer", "Parallel Aware": false, "Relation Name": "comments", "Schema": "public", "Alias": "c", "Startup Cost": 0.0, "Total Cost": 1773.36, "Plan Rows": 59996, "Plan Width": 4, "Actual Startup Time": 0.0, "Actual Total Time": 0.0, "Actual Rows": 0, "Actual Loops": 0, "Output": ["c.id", "c.postid", "c.score", "c.creationdate", "c.userid"], "Filter": "((c.creationdate <= '2014-09-04 03:34:57'::timestamp without time zone) AND (c.score = 0))", "Rows Removed by Filter": 0}, {"Node Type": "Hash", "Parent Relationship": "Inner", "Parallel Aware": false, "Startup Cost": 334.02, "Total Cost": 334.02, "Plan Rows": 14835, "Plan Width": 4, "Actual Startup Time": 0.0, "Actual Total Time": 0.0, "Actual Rows": 0, "Actual Loops": 0, "Output": ["u.id"], "Plans": [{"Node Type": "Seq Scan", "Parent Relationship": "Outer", "Parallel Aware": false, "Relation Name": "users", "Schema": "public", "Alias": "u", "Startup Cost": 0.0, "Total Cost": 334.02, "Plan Rows": 14835, "Plan Width": 4, "Actual Startup Time": 0.0, "Actual Total Time": 0.0, "Actual Rows": 0, "Actual Loops": 0, "Output": ["u.id"], "Filter": "((u.views >= 0) AND (u.views <= 363))", "Rows Removed by Filter": 0}]}]}]}]}]}, "Planning Time": 4.1, "Triggers": [], "Execution Time": 33.031}]
[{"Plan": {"Node Type": "Aggregate", "Strategy": "Plain", "Partial Mode": "Simple", "Parallel Aware": false, "Startup Cost": 190864.42, "Total Cost": 190864.43, "Plan Rows": 1, "Plan Width": 8, "Actual Startup Time": 248.913, "Actual Total Time": 248.922, "Actual Rows": 1, "Actual Loops": 1, "Output": ["count(*)"], "Plans": [{"Node Type": "Hash Join", "Parent Relationship": "Outer", "Parallel Aware": false, "Join Type": "Inner", "Startup Cost": 16675.38, "Total Cost": 58922.29, "Plan Rows": 52776850, "Plan Width": 0, "Actual Startup Time": 47.728, "Actual Total Time": 179.322, "Actual Rows": 1626607, "Actual Loops": 1, "Inner Unique": false, "Hash Cond": "(c.userid = u.id)", "Plans": [{"Node Type": "Seq Scan", "Parent Relationship": "Outer", "Parallel Aware": false, "Relation Name": "comments", "Schema": "public", "Alias": "c", "Startup Cost": 0.0, "Total Cost": 1773.36, "Plan Rows": 57167, "Plan Width": 4, "Actual Startup Time": 0.623, "Actual Total Time": 11.376, "Actual Rows": 57443, "Actual Loops": 1, "Output": ["c.id", "c.postid", "c.score", "c.creationdate", "c.userid"], "Filter": "((c.creationdate >= '2010-10-02 18:27:20'::timestamp without time zone) AND (c.score = 0))", "Rows Removed by Filter": 21914}, {"Node Type": "Hash", "Parent Relationship": "Inner", "Parallel Aware": false, "Startup Cost": 4708.09, "Total Cost": 4708.09, "Plan Rows": 957383, "Plan Width": 12, "Actual Startup Time": 43.688, "Actual Total Time": 43.694, "Actual Rows": 67390, "Actual Loops": 1, "Output": ["ph.userid", "b.userid", "u.id"], "Hash Buckets": 1048576, "Original Hash Buckets": 1048576, "Hash Batches": 1, "Original Hash Batches": 1, "Peak Memory Usage": 11088, "Plans": [{"Node Type": "Hash Join", "Parent Relationship": "Outer", "Parallel Aware": false, "Join Type": "Inner", "Startup Cost": 3483.88, "Total Cost": 4708.09, "Plan Rows": 957383, "Plan Width": 12, "Actual Startup Time": 22.904, "Actual Total Time": 35.535, "Actual Rows": 67390, "Actual Loops": 1, "Output": ["ph.userid", "b.userid", "u.id"], "Inner Unique": false, "Hash Cond": "(b.userid = u.id)", "Plans": [{"Node Type": "Seq Scan", "Parent Relationship": "Outer", "Parallel Aware": false, "Relation Name": "badges", "Schema": "public", "Alias": "b", "Startup Cost": 0.0, "Total Cost": 503.24, "Plan Rows": 32624, "Plan Width": 4, "Actual Startup Time": 0.016, "Actual Total Time": 2.356, "Actual Rows": 32624, "Actual Loops": 1, "Output": ["b.id", "b.userid", "b.date"]}, {"Node Type": "Hash", "Parent Relationship": "Inner", "Parallel Aware": false, "Startup Cost": 3164.66, "Total Cost": 3164.66, "Plan Rows": 25538, "Plan Width": 8, "Actual Startup Time": 22.767, "Actual Total Time": 22.772, "Actual Rows": 8473, "Actual Loops": 1, "Output": ["ph.userid", "u.id"], "Hash Buckets": 32768, "Original Hash Buckets": 32768, "Hash Batches": 1, "Original Hash Batches": 1, "Peak Memory Usage": 587, "Plans": [{"Node Type": "Hash Join", "Parent Relationship": "Outer", "Parallel Aware": false, "Join Type": "Inner", "Startup Cost": 517.01, "Total Cost": 3164.66, "Plan Rows": 25538, "Plan Width": 8, "Actual Startup Time": 4.123, "Actual Total Time": 21.475, "Actual Rows": 8473, "Actual Loops": 1, "Output": ["ph.userid", "u.id"], "Inner Unique": true, "Hash Cond": "(ph.userid = u.id)", "Plans": [{"Node Type": "Seq Scan", "Parent Relationship": "Outer", "Parallel Aware": false, "Relation Name": "posthistory", "Schema": "public", "Alias": "ph", "Startup Cost": 0.0, "Total Cost": 2572.93, "Plan Rows": 28456, "Plan Width": 4, "Actual Startup Time": 0.016, "Actual Total Time": 13.613, "Actual Rows": 28443, "Actual Loops": 1, "Output": ["ph.id", "ph.posthistorytypeid", "ph.postid", "ph.creationdate", "ph.userid"], "Filter": "(ph.posthistorytypeid = 5)", "Rows Removed by Filter": 101551}, {"Node Type": "Hash", "Parent Relationship": "Inner", "Parallel Aware": false, "Startup Cost": 334.02, "Total Cost": 334.02, "Plan Rows": 14639, "Plan Width": 4, "Actual Startup Time": 4.052, "Actual Total Time": 4.053, "Actual Rows": 14639, "Actual Loops": 1, "Output": ["u.id"], "Hash Buckets": 16384, "Original Hash Buckets": 16384, "Hash Batches": 1, "Original Hash Batches": 1, "Peak Memory Usage": 643, "Plans": [{"Node Type": "Seq Scan", "Parent Relationship": "Outer", "Parallel Aware": false, "Relation Name": "users", "Schema": "public", "Alias": "u", "Startup Cost": 0.0, "Total Cost": 334.02, "Plan Rows": 14639, "Plan Width": 4, "Actual Startup Time": 0.012, "Actual Total Time": 2.521, "Actual Rows": 14639, "Actual Loops": 1, "Output": ["u.id"], "Filter": "((u.upvotes >= 0) AND (u.upvotes <= 86))", "Rows Removed by Filter": 296}]}]}]}]}]}]}]}, "Planning Time": 4.017, "Triggers": [], "Execution Time": 249.541}]#####[{"Plan": {"Node Type": "Aggregate", "Strategy": "Plain", "Partial Mode": "Simple", "Parallel Aware": false, "Startup Cost": 1379556.15, "Total Cost": 1379556.16, "Plan Rows": 1, "Plan Width": 8, "Actual Startup Time": 843.843, "Actual Total Time": 843.85, "Actual Rows": 1, "Actual Loops": 1, "Output": ["count(*)"], "Plans": [{"Node Type": "Hash Join", "Parent Relationship": "Outer", "Parallel Aware": false, "Join Type": "Inner", "Startup Cost": 3122.84, "Total Cost": 60134.89, "Plan Rows": 527768504, "Plan Width": 0, "Actual Startup Time": 26.939, "Actual Total Time": 748.502, "Actual Rows": 1626607, "Actual Loops": 1, "Inner Unique": false, "Hash Cond": "(ph.userid = u.id)", "Plans": [{"Node Type": "Nested Loop", "Parent Relationship": "Outer", "Parallel Aware": false, "Join Type": "Inner", "Startup Cost": 0.29, "Total Cost": 13325.65, "Plan Rows": 1066777, "Plan Width": 8, "Actual Startup Time": 0.035, "Actual Total Time": 406.673, "Actual Rows": 1778109, "Actual Loops": 1, "Output": ["ph.userid", "b.userid"], "Inner Unique": false, "Plans": [{"Node Type": "Seq Scan", "Parent Relationship": "Outer", "Parallel Aware": false, "Relation Name": "posthistory", "Schema": "public", "Alias": "ph", "Startup Cost": 0.0, "Total Cost": 2572.93, "Plan Rows": 28456, "Plan Width": 4, "Actual Startup Time": 0.019, "Actual Total Time": 19.175, "Actual Rows": 28443, "Actual Loops": 1, "Output": ["ph.id", "ph.posthistorytypeid", "ph.postid", "ph.creationdate", "ph.userid"], "Filter": "(ph.posthistorytypeid = 5)", "Rows Removed by Filter": 101551}, {"Node Type": "Index Only Scan", "Parent Relationship": "Inner", "Parallel Aware": false, "Scan Direction": "Forward", "Index Name": "idx_badges_userid", "Relation Name": "badges", "Schema": "public", "Alias": "b", "Startup Cost": 0.29, "Total Cost": 0.35, "Plan Rows": 3, "Plan Width": 4, "Actual Startup Time": 0.001, "Actual Total Time": 0.007, "Actual Rows": 63, "Actual Loops": 28443, "Output": ["b.userid"], "Index Cond": "(b.userid = ph.userid)", "Rows Removed by Index Recheck": 0, "Heap Fetches": 0}]}, {"Node Type": "Hash", "Parent Relationship": "Inner", "Parallel Aware": false, "Startup Cost": 2440.48, "Total Cost": 2440.48, "Plan Rows": 54566, "Plan Width": 8, "Actual Startup Time": 26.653, "Actual Total Time": 26.657, "Actual Rows": 24433, "Actual Loops": 1, "Output": ["c.userid", "u.id"], "Hash Buckets": 65536, "Original Hash Buckets": 65536, "Hash Batches": 1, "Original Hash Batches": 1, "Peak Memory Usage": 1467, "Plans": [{"Node Type": "Hash Join", "Parent Relationship": "Outer", "Parallel Aware": false, "Join Type": "Inner", "Startup Cost": 517.01, "Total Cost": 2440.48, "Plan Rows": 54566, "Plan Width": 8, "Actual Startup Time": 5.283, "Actual Total Time": 23.346, "Actual Rows": 24433, "Actual Loops": 1, "Output": ["c.userid", "u.id"], "Inner Unique": true, "Hash Cond": "(c.userid = u.id)", "Plans": [{"Node Type": "Seq Scan", "Parent Relationship": "Outer", "Parallel Aware": false, "Relation Name": "comments", "Schema": "public", "Alias": "c", "Startup Cost": 0.0, "Total Cost": 1773.36, "Plan Rows": 57167, "Plan Width": 4, "Actual Startup Time": 0.533, "Actual Total Time": 11.322, "Actual Rows": 57443, "Actual Loops": 1, "Output": ["c.id", "c.postid", "c.score", "c.creationdate", "c.userid"], "Filter": "((c.creationdate >= '2010-10-02 18:27:20'::timestamp without time zone) AND (c.score = 0))", "Rows Removed by Filter": 21914}, {"Node Type": "Hash", "Parent Relationship": "Inner", "Parallel Aware": false, "Startup Cost": 334.02, "Total Cost": 334.02, "Plan Rows": 14639, "Plan Width": 4, "Actual Startup Time": 4.678, "Actual Total Time": 4.679, "Actual Rows": 14639, "Actual Loops": 1, "Output": ["u.id"], "Hash Buckets": 16384, "Original Hash Buckets": 16384, "Hash Batches": 1, "Original Hash Batches": 1, "Peak Memory Usage": 643, "Plans": [{"Node Type": "Seq Scan", "Parent Relationship": "Outer", "Parallel Aware": false, "Relation Name": "users", "Schema": "public", "Alias": "u", "Startup Cost": 0.0, "Total Cost": 334.02, "Plan Rows": 14639, "Plan Width": 4, "Actual Startup Time": 0.014, "Actual Total Time": 2.773, "Actual Rows": 14639, "Actual Loops": 1, "Output": ["u.id"], "Filter": "((u.upvotes >= 0) AND (u.upvotes <= 86))", "Rows Removed by Filter": 296}]}]}]}]}]}, "Planning Time": 3.467, "Triggers": [], "Execution Time": 844.034}]#####[{"Plan": {"Node Type": "Aggregate", "Strategy": "Plain", "Partial Mode": "Simple", "Parallel Aware": false, "Startup Cost": 1464280.48, "Total Cost": 1464280.49, "Plan Rows": 1, "Plan Width": 8, "Actual Startup Time": 283.418, "Actual Total Time": 283.426, "Actual Rows": 1, "Actual Loops": 1, "Output": ["count(*)"], "Plans": [{"Node Type": "Hash Join", "Parent Relationship": "Outer", "Parallel Aware": false, "Join Type": "Inner", "Startup Cost": 102612.31, "Total Cost": 144859.22, "Plan Rows": 527768504, "Plan Width": 0, "Actual Startup Time": 84.337, "Actual Total Time": 211.612, "Actual Rows": 1626607, "Actual Loops": 1, "Inner Unique": false, "Hash Cond": "(c.userid = u.id)", "Plans": [{"Node Type": "Seq Scan", "Parent Relationship": "Outer", "Parallel Aware": false, "Relation Name": "comments", "Schema": "public", "Alias": "c", "Startup Cost": 0.0, "Total Cost": 1773.36, "Plan Rows": 57167, "Plan Width": 4, "Actual Startup Time": 1.017, "Actual Total Time": 11.169, "Actual Rows": 57443, "Actual Loops": 1, "Output": ["c.id", "c.postid", "c.score", "c.creationdate", "c.userid"], "Filter": "((c.creationdate >= '2010-10-02 18:27:20'::timestamp without time zone) AND (c.score = 0))", "Rows Removed by Filter": 21914}, {"Node Type": "Hash", "Parent Relationship": "Inner", "Parallel Aware": false, "Startup Cost": 90645.02, "Total Cost": 90645.02, "Plan Rows": 957383, "Plan Width": 12, "Actual Startup Time": 77.189, "Actual Total Time": 77.192, "Actual Rows": 67390, "Actual Loops": 1, "Output": ["ph.userid", "b.userid", "u.id"], "Hash Buckets": 1048576, "Original Hash Buckets": 1048576, "Hash Batches": 1, "Original Hash Batches": 1, "Peak Memory Usage": 11088, "Plans": [{"Node Type": "Merge Join", "Parent Relationship": "Outer", "Parallel Aware": false, "Join Type": "Inner", "Startup Cost": 0.95, "Total Cost": 90645.02, "Plan Rows": 957383, "Plan Width": 12, "Actual Startup Time": 4.588, "Actual Total Time": 68.273, "Actual Rows": 67390, "Actual Loops": 1, "Output": ["ph.userid", "b.userid", "u.id"], "Inner Unique": false, "Merge Cond": "(ph.userid = u.id)", "Plans": [{"Node Type": "Index Scan", "Parent Relationship": "Outer", "Parallel Aware": false, "Scan Direction": "Forward", "Index Name": "idx_posthistory_userid", "Relation Name": "posthistory", "Schema": "public", "Alias": "ph", "Startup Cost": 0.29, "Total Cost": 5658.72, "Plan Rows": 28456, "Plan Width": 4, "Actual Startup Time": 0.058, "Actual Total Time": 41.744, "Actual Rows": 27857, "Actual Loops": 1, "Output": ["ph.id", "ph.posthistorytypeid", "ph.postid", "ph.creationdate", "ph.userid"], "Filter": "(ph.posthistorytypeid = 5)", "Rows Removed by Filter": 90875}, {"Node Type": "Materialize", "Parent Relationship": "Inner", "Parallel Aware": false, "Startup Cost": 0.66, "Total Cost": 9725.02, "Plan Rows": 3197700, "Plan Width": 8, "Actual Startup Time": 0.062, "Actual Total Time": 16.146, "Actual Rows": 79719, "Actual Loops": 1, "Output": ["b.userid", "u.id"], "Plans": [{"Node Type": "Merge Join", "Parent Relationship": "Outer", "Parallel Aware": false, "Join Type": "Inner", "Startup Cost": 0.66, "Total Cost": 1730.77, "Plan Rows": 3197700, "Plan Width": 8, "Actual Startup Time": 0.058, "Actual Total Time": 10.389, "Actual Rows": 25910, "Actual Loops": 1, "Output": ["b.userid", "u.id"], "Inner Unique": true, "Merge Cond": "(b.userid = u.id)", "Plans": [{"Node Type": "Index Only Scan", "Parent Relationship": "Outer", "Parallel Aware": false, "Scan Direction": "Forward", "Index Name": "idx_badges_userid", "Relation Name": "badges", "Schema": "public", "Alias": "b", "Startup Cost": 0.29, "Total Cost": 713.65, "Plan Rows": 32624, "Plan Width": 4, "Actual Startup Time": 0.029, "Actual Total Time": 2.839, "Actual Rows": 32624, "Actual Loops": 1, "Output": ["b.userid"], "Heap Fetches": 0}, {"Node Type": "Index Scan", "Parent Relationship": "Inner", "Parallel Aware": false, "Scan Direction": "Forward", "Index Name": "users_pkey", "Relation Name": "users", "Schema": "public", "Alias": "u", "Startup Cost": 0.29, "Total Cost": 583.99, "Plan Rows": 14639, "Plan Width": 4, "Actual Startup Time": 0.026, "Actual Total Time": 3.696, "Actual Rows": 14637, "Actual Loops": 1, "Output": ["u.id", "u.reputation", "u.creationdate", "u.views", "u.upvotes", "u.downvotes"], "Filter": "((u.upvotes >= 0) AND (u.upvotes <= 86))", "Rows Removed by Filter": 296}]}]}]}]}]}]}, "Planning Time": 2.165, "Triggers": [], "Execution Time": 284.173}]
[{"Plan": {"Node Type": "Aggregate", "Strategy": "Plain", "Partial Mode": "Simple", "Parallel Aware": false, "Startup Cost": 2628.14, "Total Cost": 2628.15, "Plan Rows": 1, "Plan Width": 8, "Actual Startup Time": 18.728, "Actual Total Time": 18.736, "Actual Rows": 1, "Actual Loops": 1, "Output": ["count(*)"], "Plans": [{"Node Type": "Nested Loop", "Parent Relationship": "Outer", "Parallel Aware": false, "Join Type": "Inner", "Startup Cost": 1863.91, "Total Cost": 2627.92, "Plan Rows": 89, "Plan Width": 0, "Actual Startup Time": 18.72, "Actual Total Time": 18.727, "Actual Rows": 0, "Actual Loops": 1, "Inner Unique": false, "Join Filter": "(u.id = b.userid)", "Rows Removed by Join Filter": 0, "Plans": [{"Node Type": "Nested Loop", "Parent Relationship": "Outer", "Parallel Aware": false, "Join Type": "Inner", "Startup Cost": 1863.62, "Total Cost": 2618.72, "Plan Rows": 24, "Plan Width": 8, "Actual Startup Time": 18.719, "Actual Total Time": 18.726, "Actual Rows": 0, "Actual Loops": 1, "Output": ["p.lasteditoruserid", "u.id"], "Inner Unique": false, "Plans": [{"Node Type": "Nested Loop", "Parent Relationship": "Outer", "Parallel Aware": false, "Join Type": "Inner", "Startup Cost": 1863.33, "Total Cost": 2611.09, "Plan Rows": 16, "Plan Width": 20, "Actual Startup Time": 18.719, "Actual Total Time": 18.725, "Actual Rows": 0, "Actual Loops": 1, "Output": ["p.id", "p.lasteditoruserid", "pl.relatedpostid", "v.postid", "u.id"], "Inner Unique": false, "Plans": [{"Node Type": "Hash Join", "Parent Relationship": "Outer", "Parallel Aware": false, "Join Type": "Inner", "Startup Cost": 1863.03, "Total Cost": 1971.98, "Plan Rows": 1111, "Plan Width": 16, "Actual Startup Time": 16.621, "Actual Total Time": 17.293, "Actual Rows": 87, "Actual Loops": 1, "Output": ["p.id", "p.lasteditoruserid", "pl.relatedpostid", "u.id"], "Inner Unique": false, "Hash Cond": "(pl.relatedpostid = p.id)", "Plans": [{"Node Type": "Seq Scan", "Parent Relationship": "Outer", "Parallel Aware": false, "Relation Name": "postlinks", "Schema": "public", "Alias": "pl", "Startup Cost": 0.0, "Total Cost": 86.5, "Plan Rows": 3024, "Plan Width": 4, "Actual Startup Time": 0.14, "Actual Total Time": 0.529, "Actual Rows": 3022, "Actual Loops": 1, "Output": ["pl.id", "pl.creationdate", "pl.postid", "pl.relatedpostid", "pl.linktypeid"], "Filter": "((pl.creationdate >= '2011-08-08 16:04:39'::timestamp without time zone) AND (pl.linktypeid = 1))", "Rows Removed by Filter": 811}, {"Node Type": "Hash", "Parent Relationship": "Inner", "Parallel Aware": false, "Startup Cost": 1673.84, "Total Cost": 1673.84, "Plan Rows": 15135, "Plan Width": 12, "Actual Startup Time": 16.355, "Actual Total Time": 16.359, "Actual Rows": 1447, "Actual Loops": 1, "Output": ["p.id", "p.lasteditoruserid", "u.id"], "Hash Buckets": 16384, "Original Hash Buckets": 16384, "Hash Batches": 1, "Original Hash Batches": 1, "Peak Memory Usage": 191, "Plans": [{"Node Type": "Hash Join", "Parent Relationship": "Outer", "Parallel Aware": false, "Join Type": "Inner", "Startup Cost": 594.55, "Total Cost": 1673.84, "Plan Rows": 15135, "Plan Width": 12, "Actual Startup Time": 5.868, "Actual Total Time": 16.05, "Actual Rows": 1447, "Actual Loops": 1, "Output": ["p.id", "p.lasteditoruserid", "u.id"], "Inner Unique": true, "Hash Cond": "(p.lasteditoruserid = u.id)", "Plans": [{"Node Type": "Seq Scan", "Parent Relationship": "Outer", "Parallel Aware": false, "Relation Name": "posts", "Schema": "public", "Alias": "p", "Startup Cost": 0.0, "Total Cost": 977.75, "Plan Rows": 38681, "Plan Width": 8, "Actual Startup Time": 0.018, "Actual Total Time": 6.608, "Actual Rows": 38675, "Actual Loops": 1, "Output": ["p.id", "p.posttypeid", "p.creationdate", "p.score", "p.viewcount", "p.owneruserid", "p.answercount", "p.commentcount", "p.favoritecount", "p.lasteditoruserid"], "Filter": "((p.score >= 0) AND (p.score <= 12))", "Rows Removed by Filter": 2508}, {"Node Type": "Hash", "Parent Relationship": "Inner", "Parallel Aware": false, "Startup Cost": 446.04, "Total Cost": 446.04, "Plan Rows": 11881, "Plan Width": 4, "Actual Startup Time": 5.756, "Actual Total Time": 5.756, "Actual Rows": 13035, "Actual Loops": 1, "Output": ["u.id"], "Hash Buckets": 16384, "Original Hash Buckets": 16384, "Hash Batches": 1, "Original Hash Batches": 1, "Peak Memory Usage": 587, "Plans": [{"Node Type": "Seq Scan", "Parent Relationship": "Outer", "Parallel Aware": false, "Relation Name": "users", "Schema": "public", "Alias": "u", "Startup Cost": 0.0, "Total Cost": 446.04, "Plan Rows": 11881, "Plan Width": 4, "Actual Startup Time": 0.014, "Actual Total Time": 3.714, "Actual Rows": 13035, "Actual Loops": 1, "Output": ["u.id"], "Filter": "((u.reputation <= 163) AND (u.views >= 0) AND (u.views <= 20) AND (u.upvotes <= 78) AND (u.creationdate <= '2014-09-10 10:12:17'::timestamp without time zone))", "Rows Removed by Filter": 1900}]}]}]}]}, {"Node Type": "Index Scan", "Parent Relationship": "Inner", "Parallel Aware": false, "Scan Direction": "Forward", "Index Name": "idx_votes_postid", "Relation Name": "votes", "Schema": "public", "Alias": "v", "Startup Cost": 0.29, "Total Cost": 0.57, "Plan Rows": 1, "Plan Width": 4, "Actual Startup Time": 0.016, "Actual Total Time": 0.016, "Actual Rows": 0, "Actual Loops": 87, "Output": ["v.id", "v.postid", "v.votetypeid", "v.creationdate", "v.userid", "v.bountyamount"], "Index Cond": "(v.postid = p.id)", "Rows Removed by Index Recheck": 0, "Filter": "((v.bountyamount >= 0) AND (v.bountyamount <= 300))", "Rows Removed by Filter": 5}]}, {"Node Type": "Index Scan", "Parent Relationship": "Inner", "Parallel Aware": false, "Scan Direction": "Forward", "Index Name": "idx_comments_postid", "Relation Name": "comments", "Schema": "public", "Alias": "c", "Startup Cost": 0.29, "Total Cost": 0.45, "Plan Rows": 3, "Plan Width": 4, "Actual Startup Time": 0.0, "Actual Total Time": 0.0, "Actual Rows": 0, "Actual Loops": 0, "Output": ["c.id", "c.postid", "c.score", "c.creationdate", "c.userid"], "Index Cond": "(c.postid = p.id)", "Rows Removed by Index Recheck": 0, "Filter": "(c.score = 0)", "Rows Removed by Filter": 0}]}, {"Node Type": "Index Only Scan", "Parent Relationship": "Inner", "Parallel Aware": false, "Scan Direction": "Forward", "Index Name": "idx_badges_userid", "Relation Name": "badges", "Schema": "public", "Alias": "b", "Startup Cost": 0.29, "Total Cost": 0.35, "Plan Rows": 3, "Plan Width": 4, "Actual Startup Time": 0.0, "Actual Total Time": 0.0, "Actual Rows": 0, "Actual Loops": 0, "Output": ["b.userid"], "Index Cond": "(b.userid = p.lasteditoruserid)", "Rows Removed by Index Recheck": 0, "Heap Fetches": 0}]}]}, "Planning Time": 2.881, "Triggers": [], "Execution Time": 18.911}]#####[{"Plan": {"Node Type": "Aggregate", "Strategy": "Plain", "Partial Mode": "Simple", "Parallel Aware": false, "Startup Cost": 3328.97, "Total Cost": 3328.98, "Plan Rows": 1, "Plan Width": 8, "Actual Startup Time": 25.216, "Actual Total Time": 25.225, "Actual Rows": 1, "Actual Loops": 1, "Output": ["count(*)"], "Plans": [{"Node Type": "Hash Join", "Parent Relationship": "Outer", "Parallel Aware": false, "Join Type": "Inner", "Startup Cost": 2648.72, "Total Cost": 3326.73, "Plan Rows": 894, "Plan Width": 0, "Actual Startup Time": 25.206, "Actual Total Time": 25.215, "Actual Rows": 0, "Actual Loops": 1, "Inner Unique": false, "Hash Cond": "(b.userid = u.id)", "Plans": [{"Node Type": "Seq Scan", "Parent Relationship": "Outer", "Parallel Aware": false, "Relation Name": "badges", "Schema": "public", "Alias": "b", "Startup Cost": 0.0, "Total Cost": 503.24, "Plan Rows": 32624, "Plan Width": 4, "Actual Startup Time": 0.014, "Actual Total Time": 0.017, "Actual Rows": 1, "Actual Loops": 1, "Output": ["b.id", "b.userid", "b.date"]}, {"Node Type": "Hash", "Parent Relationship": "Inner", "Parallel Aware": false, "Startup Cost": 2618.72, "Total Cost": 2618.72, "Plan Rows": 2400, "Plan Width": 8, "Actual Startup Time": 25.118, "Actual Total Time": 25.125, "Actual Rows": 0, "Actual Loops": 1, "Output": ["p.lasteditoruserid", "u.id"], "Hash Buckets": 4096, "Original Hash Buckets": 4096, "Hash Batches": 1, "Original Hash Batches": 1, "Peak Memory Usage": 32, "Plans": [{"Node Type": "Nested Loop", "Parent Relationship": "Outer", "Parallel Aware": false, "Join Type": "Inner", "Startup Cost": 1863.62, "Total Cost": 2618.72, "Plan Rows": 2400, "Plan Width": 8, "Actual Startup Time": 25.118, "Actual Total Time": 25.124, "Actual Rows": 0, "Actual Loops": 1, "Output": ["p.lasteditoruserid", "u.id"], "Inner Unique": false, "Plans": [{"Node Type": "Nested Loop", "Parent Relationship": "Outer", "Parallel Aware": false, "Join Type": "Inner", "Startup Cost": 1863.33, "Total Cost": 2611.09, "Plan Rows": 16, "Plan Width": 20, "Actual Startup Time": 25.117, "Actual Total Time": 25.123, "Actual Rows": 0, "Actual Loops": 1, "Output": ["p.id", "p.lasteditoruserid", "pl.relatedpostid", "v.postid", "u.id"], "Inner Unique": false, "Plans": [{"Node Type": "Hash Join", "Parent Relationship": "Outer", "Parallel Aware": false, "Join Type": "Inner", "Startup Cost": 1863.03, "Total Cost": 1971.98, "Plan Rows": 1111, "Plan Width": 16, "Actual Startup Time": 22.266, "Actual Total Time": 23.37, "Actual Rows": 87, "Actual Loops": 1, "Output": ["p.id", "p.lasteditoruserid", "pl.relatedpostid", "u.id"], "Inner Unique": false, "Hash Cond": "(pl.relatedpostid = p.id)", "Plans": [{"Node Type": "Seq Scan", "Parent Relationship": "Outer", "Parallel Aware": false, "Relation Name": "postlinks", "Schema": "public", "Alias": "pl", "Startup Cost": 0.0, "Total Cost": 86.5, "Plan Rows": 3024, "Plan Width": 4, "Actual Startup Time": 0.146, "Actual Total Time": 0.835, "Actual Rows": 3022, "Actual Loops": 1, "Output": ["pl.id", "pl.creationdate", "pl.postid", "pl.relatedpostid", "pl.linktypeid"], "Filter": "((pl.creationdate >= '2011-08-08 16:04:39'::timestamp without time zone) AND (pl.linktypeid = 1))", "Rows Removed by Filter": 811}, {"Node Type": "Hash", "Parent Relationship": "Inner", "Parallel Aware": false, "Startup Cost": 1673.84, "Total Cost": 1673.84, "Plan Rows": 15135, "Plan Width": 12, "Actual Startup Time": 22.044, "Actual Total Time": 22.049, "Actual Rows": 1447, "Actual Loops": 1, "Output": ["p.id", "p.lasteditoruserid", "u.id"], "Hash Buckets": 16384, "Original Hash Buckets": 16384, "Hash Batches": 1, "Original Hash Batches": 1, "Peak Memory Usage": 191, "Plans": [{"Node Type": "Hash Join", "Parent Relationship": "Outer", "Parallel Aware": false, "Join Type": "Inner", "Startup Cost": 594.55, "Total Cost": 1673.84, "Plan Rows": 15135, "Plan Width": 12, "Actual Startup Time": 6.503, "Actual Total Time": 21.614, "Actual Rows": 1447, "Actual Loops": 1, "Output": ["p.id", "p.lasteditoruserid", "u.id"], "Inner Unique": true, "Hash Cond": "(p.lasteditoruserid = u.id)", "Plans": [{"Node Type": "Seq Scan", "Parent Relationship": "Outer", "Parallel Aware": false, "Relation Name": "posts", "Schema": "public", "Alias": "p", "Startup Cost": 0.0, "Total Cost": 977.75, "Plan Rows": 38681, "Plan Width": 8, "Actual Startup Time": 0.014, "Actual Total Time": 9.548, "Actual Rows": 38675, "Actual Loops": 1, "Output": ["p.id", "p.posttypeid", "p.creationdate", "p.score", "p.viewcount", "p.owneruserid", "p.answercount", "p.commentcount", "p.favoritecount", "p.lasteditoruserid"], "Filter": "((p.score >= 0) AND (p.score <= 12))", "Rows Removed by Filter": 2508}, {"Node Type": "Hash", "Parent Relationship": "Inner", "Parallel Aware": false, "Startup Cost": 446.04, "Total Cost": 446.04, "Plan Rows": 11881, "Plan Width": 4, "Actual Startup Time": 6.403, "Actual Total Time": 6.404, "Actual Rows": 13035, "Actual Loops": 1, "Output": ["u.id"], "Hash Buckets": 16384, "Original Hash Buckets": 16384, "Hash Batches": 1, "Original Hash Batches": 1, "Peak Memory Usage": 587, "Plans": [{"Node Type": "Seq Scan", "Parent Relationship": "Outer", "Parallel Aware": false, "Relation Name": "users", "Schema": "public", "Alias": "u", "Startup Cost": 0.0, "Total Cost": 446.04, "Plan Rows": 11881, "Plan Width": 4, "Actual Startup Time": 0.016, "Actual Total Time": 4.04, "Actual Rows": 13035, "Actual Loops": 1, "Output": ["u.id"], "Filter": "((u.reputation <= 163) AND (u.views >= 0) AND (u.views <= 20) AND (u.upvotes <= 78) AND (u.creationdate <= '2014-09-10 10:12:17'::timestamp without time zone))", "Rows Removed by Filter": 1900}]}]}]}]}, {"Node Type": "Index Scan", "Parent Relationship": "Inner", "Parallel Aware": false, "Scan Direction": "Forward", "Index Name": "idx_votes_postid", "Relation Name": "votes", "Schema": "public", "Alias": "v", "Startup Cost": 0.29, "Total Cost": 0.57, "Plan Rows": 1, "Plan Width": 4, "Actual Startup Time": 0.02, "Actual Total Time": 0.02, "Actual Rows": 0, "Actual Loops": 87, "Output": ["v.id", "v.postid", "v.votetypeid", "v.creationdate", "v.userid", "v.bountyamount"], "Index Cond": "(v.postid = p.id)", "Rows Removed by Index Recheck": 0, "Filter": "((v.bountyamount >= 0) AND (v.bountyamount <= 300))", "Rows Removed by Filter": 5}]}, {"Node Type": "Index Scan", "Parent Relationship": "Inner", "Parallel Aware": false, "Scan Direction": "Forward", "Index Name": "idx_comments_postid", "Relation Name": "comments", "Schema": "public", "Alias": "c", "Startup Cost": 0.29, "Total Cost": 0.45, "Plan Rows": 3, "Plan Width": 4, "Actual Startup Time": 0.0, "Actual Total Time": 0.0, "Actual Rows": 0, "Actual Loops": 0, "Output": ["c.id", "c.postid", "c.score", "c.creationdate", "c.userid"], "Index Cond": "(c.postid = p.id)", "Rows Removed by Index Recheck": 0, "Filter": "(c.score = 0)", "Rows Removed by Filter": 0}]}]}]}]}, "Planning Time": 2.891, "Triggers": [], "Execution Time": 25.416}]#####[{"Plan": {"Node Type": "Aggregate", "Strategy": "Plain", "Partial Mode": "Simple", "Parallel Aware": false, "Startup Cost": 2598.59, "Total Cost": 2598.6, "Plan Rows": 1, "Plan Width": 8, "Actual Startup Time": 21.087, "Actual Total Time": 21.095, "Actual Rows": 1, "Actual Loops": 1, "Output": ["count(*)"], "Plans": [{"Node Type": "Nested Loop", "Parent Relationship": "Outer", "Parallel Aware": false, "Join Type": "Inner", "Startup Cost": 1863.91, "Total Cost": 2596.35, "Plan Rows": 894, "Plan Width": 0, "Actual Startup Time": 21.079, "Actual Total Time": 21.086, "Actual Rows": 0, "Actual Loops": 1, "Inner Unique": false, "Join Filter": "(u.id = b.userid)", "Rows Removed by Join Filter": 0, "Plans": [{"Node Type": "Nested Loop", "Parent Relationship": "Outer", "Parallel Aware": false, "Join Type": "Inner", "Startup Cost": 1863.62, "Total Cost": 2587.15, "Plan Rows": 24, "Plan Width": 8, "Actual Startup Time": 21.078, "Actual Total Time": 21.085, "Actual Rows": 0, "Actual Loops": 1, "Output": ["p.lasteditoruserid", "u.id"], "Inner Unique": false, "Join Filter": "(p.id = v.postid)", "Rows Removed by Join Filter": 0, "Plans": [{"Node Type": "Nested Loop", "Parent Relationship": "Outer", "Parallel Aware": false, "Join Type": "Inner", "Startup Cost": 1863.32, "Total Cost": 2501.87, "Plan Rows": 161, "Plan Width": 20, "Actual Startup Time": 18.344, "Actual Total Time": 19.792, "Actual Rows": 188, "Actual Loops": 1, "Output": ["c.postid", "p.id", "p.lasteditoruserid", "pl.relatedpostid", "u.id"], "Inner Unique": false, "Plans": [{"Node Type": "Hash Join", "Parent Relationship": "Outer", "Parallel Aware": false, "Join Type": "Inner", "Startup Cost": 1863.03, "Total Cost": 1971.98, "Plan Rows": 1111, "Plan Width": 16, "Actual Startup Time": 18.296, "Actual Total Time": 18.95, "Actual Rows": 87, "Actual Loops": 1, "Output": ["p.id", "p.lasteditoruserid", "pl.relatedpostid", "u.id"], "Inner Unique": false, "Hash Cond": "(pl.relatedpostid = p.id)", "Plans": [{"Node Type": "Seq Scan", "Parent Relationship": "Outer", "Parallel Aware": false, "Relation Name": "postlinks", "Schema": "public", "Alias": "pl", "Startup Cost": 0.0, "Total Cost": 86.5, "Plan Rows": 3024, "Plan Width": 4, "Actual Startup Time": 0.159, "Actual Total Time": 0.534, "Actual Rows": 3022, "Actual Loops": 1, "Output": ["pl.id", "pl.creationdate", "pl.postid", "pl.relatedpostid", "pl.linktypeid"], "Filter": "((pl.creationdate >= '2011-08-08 16:04:39'::timestamp without time zone) AND (pl.linktypeid = 1))", "Rows Removed by Filter": 811}, {"Node Type": "Hash", "Parent Relationship": "Inner", "Parallel Aware": false, "Startup Cost": 1673.84, "Total Cost": 1673.84, "Plan Rows": 15135, "Plan Width": 12, "Actual Startup Time": 17.998, "Actual Total Time": 18.002, "Actual Rows": 1447, "Actual Loops": 1, "Output": ["p.id", "p.lasteditoruserid", "u.id"], "Hash Buckets": 16384, "Original Hash Buckets": 16384, "Hash Batches": 1, "Original Hash Batches": 1, "Peak Memory Usage": 191, "Plans": [{"Node Type": "Hash Join", "Parent Relationship": "Outer", "Parallel Aware": false, "Join Type": "Inner", "Startup Cost": 594.55, "Total Cost": 1673.84, "Plan Rows": 15135, "Plan Width": 12, "Actual Startup Time": 6.674, "Actual Total Time": 17.671, "Actual Rows": 1447, "Actual Loops": 1, "Output": ["p.id", "p.lasteditoruserid", "u.id"], "Inner Unique": true, "Hash Cond": "(p.lasteditoruserid = u.id)", "Plans": [{"Node Type": "Seq Scan", "Parent Relationship": "Outer", "Parallel Aware": false, "Relation Name": "posts", "Schema": "public", "Alias": "p", "Startup Cost": 0.0, "Total Cost": 977.75, "Plan Rows": 38681, "Plan Width": 8, "Actual Startup Time": 0.019, "Actual Total Time": 7.026, "Actual Rows": 38675, "Actual Loops": 1, "Output": ["p.id", "p.posttypeid", "p.creationdate", "p.score", "p.viewcount", "p.owneruserid", "p.answercount", "p.commentcount", "p.favoritecount", "p.lasteditoruserid"], "Filter": "((p.score >= 0) AND (p.score <= 12))", "Rows Removed by Filter": 2508}, {"Node Type": "Hash", "Parent Relationship": "Inner", "Parallel Aware": false, "Startup Cost": 446.04, "Total Cost": 446.04, "Plan Rows": 11881, "Plan Width": 4, "Actual Startup Time": 6.556, "Actual Total Time": 6.557, "Actual Rows": 13035, "Actual Loops": 1, "Output": ["u.id"], "Hash Buckets": 16384, "Original Hash Buckets": 16384, "Hash Batches": 1, "Original Hash Batches": 1, "Peak Memory Usage": 587, "Plans": [{"Node Type": "Seq Scan", "Parent Relationship": "Outer", "Parallel Aware": false, "Relation Name": "users", "Schema": "public", "Alias": "u", "Startup Cost": 0.0, "Total Cost": 446.04, "Plan Rows": 11881, "Plan Width": 4, "Actual Startup Time": 0.017, "Actual Total Time": 4.165, "Actual Rows": 13035, "Actual Loops": 1, "Output": ["u.id"], "Filter": "((u.reputation <= 163) AND (u.views >= 0) AND (u.views <= 20) AND (u.upvotes <= 78) AND (u.creationdate <= '2014-09-10 10:12:17'::timestamp without time zone))", "Rows Removed by Filter": 1900}]}]}]}]}, {"Node Type": "Index Scan", "Parent Relationship": "Inner", "Parallel Aware": false, "Scan Direction": "Forward", "Index Name": "idx_comments_postid", "Relation Name": "comments", "Schema": "public", "Alias": "c", "Startup Cost": 0.29, "Total Cost": 0.45, "Plan Rows": 3, "Plan Width": 4, "Actual Startup Time": 0.008, "Actual Total Time": 0.009, "Actual Rows": 2, "Actual Loops": 87, "Output": ["c.id", "c.postid", "c.score", "c.creationdate", "c.userid"], "Index Cond": "(c.postid = p.id)", "Rows Removed by Index Recheck": 0, "Filter": "(c.score = 0)", "Rows Removed by Filter": 1}]}, {"Node Type": "Index Scan", "Parent Relationship": "Inner", "Parallel Aware": false, "Scan Direction": "Forward", "Index Name": "idx_votes_postid", "Relation Name": "votes", "Schema": "public", "Alias": "v", "Startup Cost": 0.29, "Total Cost": 0.52, "Plan Rows": 1, "Plan Width": 4, "Actual Startup Time": 0.007, "Actual Total Time": 0.007, "Actual Rows": 0, "Actual Loops": 188, "Output": ["v.id", "v.postid", "v.votetypeid", "v.creationdate", "v.userid", "v.bountyamount"], "Index Cond": "(v.postid = c.postid)", "Rows Removed by Index Recheck": 0, "Filter": "((v.bountyamount >= 0) AND (v.bountyamount <= 300))", "Rows Removed by Filter": 5}]}, {"Node Type": "Index Only Scan", "Parent Relationship": "Inner", "Parallel Aware": false, "Scan Direction": "Forward", "Index Name": "idx_badges_userid", "Relation Name": "badges", "Schema": "public", "Alias": "b", "Startup Cost": 0.29, "Total Cost": 0.35, "Plan Rows": 3, "Plan Width": 4, "Actual Startup Time": 0.0, "Actual Total Time": 0.0, "Actual Rows": 0, "Actual Loops": 0, "Output": ["b.userid"], "Index Cond": "(b.userid = p.lasteditoruserid)", "Rows Removed by Index Recheck": 0, "Heap Fetches": 0}]}]}, "Planning Time": 2.878, "Triggers": [], "Execution Time": 21.301}]
[{"Plan": {"Node Type": "Aggregate", "Strategy": "Plain", "Partial Mode": "Simple", "Parallel Aware": false, "Startup Cost": 3580.09, "Total Cost": 3580.1, "Plan Rows": 1, "Plan Width": 8, "Actual Startup Time": 23.988, "Actual Total Time": 23.996, "Actual Rows": 1, "Actual Loops": 1, "Output": ["count(*)"], "Plans": [{"Node Type": "Hash Join", "Parent Relationship": "Outer", "Parallel Aware": false, "Join Type": "Inner", "Startup Cost": 2769.01, "Total Cost": 3575.57, "Plan Rows": 1809, "Plan Width": 0, "Actual Startup Time": 23.425, "Actual Total Time": 23.984, "Actual Rows": 1, "Actual Loops": 1, "Inner Unique": false, "Hash Cond": "(b.userid = u.id)", "Plans": [{"Node Type": "Seq Scan", "Parent Relationship": "Outer", "Parallel Aware": false, "Relation Name": "badges", "Schema": "public", "Alias": "b", "Startup Cost": 0.0, "Total Cost": 503.24, "Plan Rows": 32624, "Plan Width": 4, "Actual Startup Time": 0.013, "Actual Total Time": 2.104, "Actual Rows": 32624, "Actual Loops": 1, "Output": ["b.id", "b.userid", "b.date"]}, {"Node Type": "Hash", "Parent Relationship": "Inner", "Parallel Aware": false, "Startup Cost": 2665.45, "Total Cost": 2665.45, "Plan Rows": 8285, "Plan Width": 8, "Actual Startup Time": 19.055, "Actual Total Time": 19.06, "Actual Rows": 1, "Actual Loops": 1, "Output": ["p.owneruserid", "u.id"], "Hash Buckets": 16384, "Original Hash Buckets": 16384, "Hash Batches": 1, "Original Hash Batches": 1, "Peak Memory Usage": 129, "Plans": [{"Node Type": "Nested Loop", "Parent Relationship": "Outer", "Parallel Aware": false, "Join Type": "Inner", "Startup Cost": 1690.04, "Total Cost": 2665.45, "Plan Rows": 8285, "Plan Width": 8, "Actual Startup Time": 18.95, "Actual Total Time": 19.051, "Actual Rows": 1, "Actual Loops": 1, "Output": ["p.owneruserid", "u.id"], "Inner Unique": false, "Plans": [{"Node Type": "Hash Join", "Parent Relationship": "Outer", "Parallel Aware": false, "Join Type": "Inner", "Startup Cost": 1689.75, "Total Cost": 1773.05, "Plan Rows": 2099, "Plan Width": 16, "Actual Startup Time": 18.918, "Actual Total Time": 19.018, "Actual Rows": 1, "Actual Loops": 1, "Output": ["pl.relatedpostid", "p.id", "p.owneruserid", "u.id"], "Inner Unique": true, "Hash Cond": "(p.owneruserid = u.id)", "Plans": [{"Node Type": "Hash Join", "Parent Relationship": "Outer", "Parallel Aware": false, "Join Type": "Inner", "Startup Cost": 1177.16, "Total Cost": 1254.55, "Plan Rows": 2251, "Plan Width": 12, "Actual Startup Time": 11.817, "Actual Total Time": 12.451, "Actual Rows": 4, "Actual Loops": 1, "Output": ["pl.relatedpostid", "p.id", "p.owneruserid"], "Inner Unique": true, "Hash Cond": "(pl.relatedpostid = p.id)", "Plans": [{"Node Type": "Seq Scan", "Parent Relationship": "Outer", "Parallel Aware": false, "Relation Name": "postlinks", "Schema": "public", "Alias": "pl", "Startup Cost": 0.0, "Total Cost": 67.33, "Plan Rows": 3833, "Plan Width": 4, "Actual Startup Time": 0.012, "Actual Total Time": 0.308, "Actual Rows": 3833, "Actual Loops": 1, "Output": ["pl.id", "pl.creationdate", "pl.postid", "pl.relatedpostid", "pl.linktypeid"]}, {"Node Type": "Hash", "Parent Relationship": "Inner", "Parallel Aware": false, "Startup Cost": 874.79, "Total Cost": 874.79, "Plan Rows": 24190, "Plan Width": 8, "Actual Startup Time": 11.347, "Actual Total Time": 11.348, "Actual Rows": 24165, "Actual Loops": 1, "Output": ["p.id", "p.owneruserid"], "Hash Buckets": 32768, "Original Hash Buckets": 32768, "Hash Batches": 1, "Original Hash Batches": 1, "Peak Memory Usage": 1198, "Plans": [{"Node Type": "Seq Scan", "Parent Relationship": "Outer", "Parallel Aware": false, "Relation Name": "posts", "Schema": "public", "Alias": "p", "Startup Cost": 0.0, "Total Cost": 874.79, "Plan Rows": 24190, "Plan Width": 8, "Actual Startup Time": 0.021, "Actual Total Time": 7.626, "Actual Rows": 24165, "Actual Loops": 1, "Output": ["p.id", "p.owneruserid"], "Filter": "(p.posttypeid = 2)", "Rows Removed by Filter": 17018}]}]}, {"Node Type": "Hash", "Parent Relationship": "Inner", "Parallel Aware": false, "Startup Cost": 334.02, "Total Cost": 334.02, "Plan Rows": 14285, "Plan Width": 4, "Actual Startup Time": 6.485, "Actual Total Time": 6.486, "Actual Rows": 14357, "Actual Loops": 1, "Output": ["u.id"], "Hash Buckets": 16384, "Original Hash Buckets": 16384, "Hash Batches": 1, "Original Hash Batches": 1, "Peak Memory Usage": 633, "Plans": [{"Node Type": "Seq Scan", "Parent Relationship": "Outer", "Parallel Aware": false, "Relation Name": "users", "Schema": "public", "Alias": "u", "Startup Cost": 0.0, "Total Cost": 334.02, "Plan Rows": 14285, "Plan Width": 4, "Actual Startup Time": 0.019, "Actual Total Time": 3.899, "Actual Rows": 14357, "Actual Loops": 1, "Output": ["u.id"], "Filter": "((u.views <= 462) AND (u.downvotes = 0))", "Rows Removed by Filter": 578}]}]}, {"Node Type": "Index Only Scan", "Parent Relationship": "Inner", "Parallel Aware": false, "Scan Direction": "Forward", "Index Name": "idx_comments_postid", "Relation Name": "comments", "Schema": "public", "Alias": "c", "Startup Cost": 0.29, "Total Cost": 0.39, "Plan Rows": 4, "Plan Width": 4, "Actual Startup Time": 0.027, "Actual Total Time": 0.028, "Actual Rows": 1, "Actual Loops": 1, "Output": ["c.postid"], "Index Cond": "(c.postid = p.id)", "Rows Removed by Index Recheck": 0, "Heap Fetches": 0}]}]}]}]}, "Planning Time": 4.042, "Triggers": [], "Execution Time": 24.232}]#####[{"Plan": {"Node Type": "Aggregate", "Strategy": "Plain", "Partial Mode": "Simple", "Parallel Aware": false, "Startup Cost": 2710.68, "Total Cost": 2710.69, "Plan Rows": 1, "Plan Width": 8, "Actual Startup Time": 20.435, "Actual Total Time": 20.443, "Actual Rows": 1, "Actual Loops": 1, "Output": ["count(*)"], "Plans": [{"Node Type": "Nested Loop", "Parent Relationship": "Outer", "Parallel Aware": false, "Join Type": "Inner", "Startup Cost": 1799.58, "Total Cost": 2665.44, "Plan Rows": 18098, "Plan Width": 0, "Actual Startup Time": 19.885, "Actual Total Time": 20.435, "Actual Rows": 1, "Actual Loops": 1, "Inner Unique": false, "Plans": [{"Node Type": "Hash Join", "Parent Relationship": "Outer", "Parallel Aware": false, "Join Type": "Inner", "Startup Cost": 1799.29, "Total Cost": 2470.72, "Plan Rows": 458, "Plan Width": 8, "Actual Startup Time": 19.848, "Actual Total Time": 20.397, "Actual Rows": 1, "Actual Loops": 1, "Output": ["pl.relatedpostid", "p.id"], "Inner Unique": false, "Hash Cond": "(b.userid = u.id)", "Plans": [{"Node Type": "Seq Scan", "Parent Relationship": "Outer", "Parallel Aware": false, "Relation Name": "badges", "Schema": "public", "Alias": "b", "Startup Cost": 0.0, "Total Cost": 503.24, "Plan Rows": 32624, "Plan Width": 4, "Actual Startup Time": 0.011, "Actual Total Time": 2.043, "Actual Rows": 32624, "Actual Loops": 1, "Output": ["b.id", "b.userid", "b.date"]}, {"Node Type": "Hash", "Parent Relationship": "Inner", "Parallel Aware": false, "Startup Cost": 1773.05, "Total Cost": 1773.05, "Plan Rows": 2099, "Plan Width": 16, "Actual Startup Time": 15.857, "Actual Total Time": 15.862, "Actual Rows": 1, "Actual Loops": 1, "Output": ["pl.relatedpostid", "p.id", "p.owneruserid", "u.id"], "Hash Buckets": 4096, "Original Hash Buckets": 4096, "Hash Batches": 1, "Original Hash Batches": 1, "Peak Memory Usage": 33, "Plans": [{"Node Type": "Hash Join", "Parent Relationship": "Outer", "Parallel Aware": false, "Join Type": "Inner", "Startup Cost": 1689.75, "Total Cost": 1773.05, "Plan Rows": 2099, "Plan Width": 16, "Actual Startup Time": 15.777, "Actual Total Time": 15.859, "Actual Rows": 1, "Actual Loops": 1, "Output": ["pl.relatedpostid", "p.id", "p.owneruserid", "u.id"], "Inner Unique": true, "Hash Cond": "(p.owneruserid = u.id)", "Plans": [{"Node Type": "Hash Join", "Parent Relationship": "Outer", "Parallel Aware": false, "Join Type": "Inner", "Startup Cost": 1177.16, "Total Cost": 1254.55, "Plan Rows": 2251, "Plan Width": 12, "Actual Startup Time": 10.456, "Actual Total Time": 10.979, "Actual Rows": 4, "Actual Loops": 1, "Output": ["pl.relatedpostid", "p.id", "p.owneruserid"], "Inner Unique": true, "Hash Cond": "(pl.relatedpostid = p.id)", "Plans": [{"Node Type": "Seq Scan", "Parent Relationship": "Outer", "Parallel Aware": false, "Relation Name": "postlinks", "Schema": "public", "Alias": "pl", "Startup Cost": 0.0, "Total Cost": 67.33, "Plan Rows": 3833, "Plan Width": 4, "Actual Startup Time": 0.011, "Actual Total Time": 0.254, "Actual Rows": 3833, "Actual Loops": 1, "Output": ["pl.id", "pl.creationdate", "pl.postid", "pl.relatedpostid", "pl.linktypeid"]}, {"Node Type": "Hash", "Parent Relationship": "Inner", "Parallel Aware": false, "Startup Cost": 874.79, "Total Cost": 874.79, "Plan Rows": 24190, "Plan Width": 8, "Actual Startup Time": 10.044, "Actual Total Time": 10.045, "Actual Rows": 24165, "Actual Loops": 1, "Output": ["p.id", "p.owneruserid"], "Hash Buckets": 32768, "Original Hash Buckets": 32768, "Hash Batches": 1, "Original Hash Batches": 1, "Peak Memory Usage": 1198, "Plans": [{"Node Type": "Seq Scan", "Parent Relationship": "Outer", "Parallel Aware": false, "Relation Name": "posts", "Schema": "public", "Alias": "p", "Startup Cost": 0.0, "Total Cost": 874.79, "Plan Rows": 24190, "Plan Width": 8, "Actual Startup Time": 0.02, "Actual Total Time": 6.729, "Actual Rows": 24165, "Actual Loops": 1, "Output": ["p.id", "p.owneruserid"], "Filter": "(p.posttypeid = 2)", "Rows Removed by Filter": 17018}]}]}, {"Node Type": "Hash", "Parent Relationship": "Inner", "Parallel Aware": false, "Startup Cost": 334.02, "Total Cost": 334.02, "Plan Rows": 14285, "Plan Width": 4, "Actual Startup Time": 4.813, "Actual Total Time": 4.813, "Actual Rows": 14357, "Actual Loops": 1, "Output": ["u.id"], "Hash Buckets": 16384, "Original Hash Buckets": 16384, "Hash Batches": 1, "Original Hash Batches": 1, "Peak Memory Usage": 633, "Plans": [{"Node Type": "Seq Scan", "Parent Relationship": "Outer", "Parallel Aware": false, "Relation Name": "users", "Schema": "public", "Alias": "u", "Startup Cost": 0.0, "Total Cost": 334.02, "Plan Rows": 14285, "Plan Width": 4, "Actual Startup Time": 0.014, "Actual Total Time": 2.928, "Actual Rows": 14357, "Actual Loops": 1, "Output": ["u.id"], "Filter": "((u.views <= 462) AND (u.downvotes = 0))", "Rows Removed by Filter": 578}]}]}]}]}, {"Node Type": "Index Only Scan", "Parent Relationship": "Inner", "Parallel Aware": false, "Scan Direction": "Forward", "Index Name": "idx_comments_postid", "Relation Name": "comments", "Schema": "public", "Alias": "c", "Startup Cost": 0.29, "Total Cost": 0.39, "Plan Rows": 4, "Plan Width": 4, "Actual Startup Time": 0.032, "Actual Total Time": 0.032, "Actual Rows": 1, "Actual Loops": 1, "Output": ["c.postid"], "Index Cond": "(c.postid = p.id)", "Rows Removed by Index Recheck": 0, "Heap Fetches": 0}]}]}, "Planning Time": 3.33, "Triggers": [], "Execution Time": 20.641}]#####[{"Plan": {"Node Type": "Aggregate", "Strategy": "Plain", "Partial Mode": "Simple", "Parallel Aware": false, "Startup Cost": 3973.76, "Total Cost": 3973.77, "Plan Rows": 1, "Plan Width": 8, "Actual Startup Time": 25.594, "Actual Total Time": 25.602, "Actual Rows": 1, "Actual Loops": 1, "Output": ["count(*)"], "Plans": [{"Node Type": "Hash Join", "Parent Relationship": "Outer", "Parallel Aware": false, "Join Type": "Inner", "Startup Cost": 2668.99, "Total Cost": 3928.51, "Plan Rows": 18098, "Plan Width": 0, "Actual Startup Time": 25.504, "Actual Total Time": 25.592, "Actual Rows": 1, "Actual Loops": 1, "Inner Unique": false, "Hash Cond": "(p.owneruserid = u.id)", "Plans": [{"Node Type": "Nested Loop", "Parent Relationship": "Outer", "Parallel Aware": false, "Join Type": "Inner", "Startup Cost": 1177.45, "Total Cost": 2211.58, "Plan Rows": 8886, "Plan Width": 4, "Actual Startup Time": 9.756, "Actual Total Time": 10.36, "Actual Rows": 12, "Actual Loops": 1, "Output": ["p.owneruserid"], "Inner Unique": false, "Plans": [{"Node Type": "Hash Join", "Parent Relationship": "Outer", "Parallel Aware": false, "Join Type": "Inner", "Startup Cost": 1177.16, "Total Cost": 1254.55, "Plan Rows": 2251, "Plan Width": 12, "Actual Startup Time": 9.73, "Actual Total Time": 10.304, "Actual Rows": 4, "Actual Loops": 1, "Output": ["pl.relatedpostid", "p.id", "p.owneruserid"], "Inner Unique": true, "Hash Cond": "(pl.relatedpostid = p.id)", "Plans": [{"Node Type": "Seq Scan", "Parent Relationship": "Outer", "Parallel Aware": false, "Relation Name": "postlinks", "Schema": "public", "Alias": "pl", "Startup Cost": 0.0, "Total Cost": 67.33, "Plan Rows": 3833, "Plan Width": 4, "Actual Startup Time": 0.011, "Actual Total Time": 0.276, "Actual Rows": 3833, "Actual Loops": 1, "Output": ["pl.id", "pl.creationdate", "pl.postid", "pl.relatedpostid", "pl.linktypeid"]}, {"Node Type": "Hash", "Parent Relationship": "Inner", "Parallel Aware": false, "Startup Cost": 874.79, "Total Cost": 874.79, "Plan Rows": 24190, "Plan Width": 8, "Actual Startup Time": 9.337, "Actual Total Time": 9.338, "Actual Rows": 24165, "Actual Loops": 1, "Output": ["p.id", "p.owneruserid"], "Hash Buckets": 32768, "Original Hash Buckets": 32768, "Hash Batches": 1, "Original Hash Batches": 1, "Peak Memory Usage": 1198, "Plans": [{"Node Type": "Seq Scan", "Parent Relationship": "Outer", "Parallel Aware": false, "Relation Name": "posts", "Schema": "public", "Alias": "p", "Startup Cost": 0.0, "Total Cost": 874.79, "Plan Rows": 24190, "Plan Width": 8, "Actual Startup Time": 0.014, "Actual Total Time": 6.238, "Actual Rows": 24165, "Actual Loops": 1, "Output": ["p.id", "p.owneruserid"], "Filter": "(p.posttypeid = 2)", "Rows Removed by Filter": 17018}]}]}, {"Node Type": "Index Only Scan", "Parent Relationship": "Inner", "Parallel Aware": false, "Scan Direction": "Forward", "Index Name": "idx_comments_postid", "Relation Name": "comments", "Schema": "public", "Alias": "c", "Startup Cost": 0.29, "Total Cost": 0.39, "Plan Rows": 4, "Plan Width": 4, "Actual Startup Time": 0.012, "Actual Total Time": 0.012, "Actual Rows": 3, "Actual Loops": 4, "Output": ["c.postid"], "Index Cond": "(c.postid = p.id)", "Rows Removed by Index Recheck": 0, "Heap Fetches": 0}]}, {"Node Type": "Hash", "Parent Relationship": "Inner", "Parallel Aware": false, "Startup Cost": 1101.49, "Total Cost": 1101.49, "Plan Rows": 31204, "Plan Width": 8, "Actual Startup Time": 15.093, "Actual Total Time": 15.096, "Actual Rows": 23578, "Actual Loops": 1, "Output": ["u.id", "b.userid"], "Hash Buckets": 32768, "Original Hash Buckets": 32768, "Hash Batches": 1, "Original Hash Batches": 1, "Peak Memory Usage": 1178, "Plans": [{"Node Type": "Hash Join", "Parent Relationship": "Outer", "Parallel Aware": false, "Join Type": "Inner", "Startup Cost": 512.59, "Total Cost": 1101.49, "Plan Rows": 31204, "Plan Width": 8, "Actual Startup Time": 3.904, "Actual Total Time": 11.991, "Actual Rows": 23578, "Actual Loops": 1, "Output": ["u.id", "b.userid"], "Inner Unique": true, "Hash Cond": "(b.userid = u.id)", "Plans": [{"Node Type": "Seq Scan", "Parent Relationship": "Outer", "Parallel Aware": false, "Relation Name": "badges", "Schema": "public", "Alias": "b", "Startup Cost": 0.0, "Total Cost": 503.24, "Plan Rows": 32624, "Plan Width": 4, "Actual Startup Time": 0.008, "Actual Total Time": 2.265, "Actual Rows": 32624, "Actual Loops": 1, "Output": ["b.id", "b.userid", "b.date"]}, {"Node Type": "Hash", "Parent Relationship": "Inner", "Parallel Aware": false, "Startup Cost": 334.02, "Total Cost": 334.02, "Plan Rows": 14285, "Plan Width": 4, "Actual Startup Time": 3.835, "Actual Total Time": 3.836, "Actual Rows": 14357, "Actual Loops": 1, "Output": ["u.id"], "Hash Buckets": 16384, "Original Hash Buckets": 16384, "Hash Batches": 1, "Original Hash Batches": 1, "Peak Memory Usage": 633, "Plans": [{"Node Type": "Seq Scan", "Parent Relationship": "Outer", "Parallel Aware": false, "Relation Name": "users", "Schema": "public", "Alias": "u", "Startup Cost": 0.0, "Total Cost": 334.02, "Plan Rows": 14285, "Plan Width": 4, "Actual Startup Time": 0.011, "Actual Total Time": 2.337, "Actual Rows": 14357, "Actual Loops": 1, "Output": ["u.id"], "Filter": "((u.views <= 462) AND (u.downvotes = 0))", "Rows Removed by Filter": 578}]}]}]}]}]}, "Planning Time": 2.883, "Triggers": [], "Execution Time": 25.806}]
[{"Plan": {"Node Type": "Aggregate", "Strategy": "Plain", "Partial Mode": "Simple", "Parallel Aware": false, "Startup Cost": 1736.42, "Total Cost": 1736.43, "Plan Rows": 1, "Plan Width": 8, "Actual Startup Time": 1807.767, "Actual Total Time": 1807.772, "Actual Rows": 1, "Actual Loops": 1, "Output": ["count(*)"], "Plans": [{"Node Type": "Merge Join", "Parent Relationship": "Outer", "Parallel Aware": false, "Join Type": "Inner", "Startup Cost": 1.82, "Total Cost": 1728.02, "Plan Rows": 3360, "Plan Width": 0, "Actual Startup Time": 1343.967, "Actual Total Time": 1804.029, "Actual Rows": 56029, "Actual Loops": 1, "Inner Unique": true, "Merge Cond": "(v.userid = u.id)", "Plans": [{"Node Type": "Merge Join", "Parent Relationship": "Outer", "Parallel Aware": false, "Join Type": "Inner", "Startup Cost": 1.54, "Total Cost": 6365.19, "Plan Rows": 415567, "Plan Width": 12, "Actual Startup Time": 1.293, "Actual Total Time": 1423.489, "Actual Rows": 7643856, "Actual Loops": 1, "Output": ["v.userid", "p.owneruserid", "b.userid"], "Inner Unique": false, "Merge Cond": "(b.userid = v.userid)", "Plans": [{"Node Type": "Index Only Scan", "Parent Relationship": "Outer", "Parallel Aware": false, "Scan Direction": "Forward", "Index Name": "idx_badges_userid", "Relation Name": "badges", "Schema": "public", "Alias": "b", "Startup Cost": 0.29, "Total Cost": 713.65, "Plan Rows": 32624, "Plan Width": 4, "Actual Startup Time": 0.054, "Actual Total Time": 4.726, "Actual Rows": 32624, "Actual Loops": 1, "Output": ["b.userid"], "Heap Fetches": 0}, {"Node Type": "Materialize", "Parent Relationship": "Inner", "Parallel Aware": false, "Startup Cost": 0.58, "Total Cost": 6327.88, "Plan Rows": 264683, "Plan Width": 8, "Actual Startup Time": 1.234, "Actual Total Time": 443.338, "Actual Rows": 7643874, "Actual Loops": 1, "Output": ["v.userid", "p.owneruserid"], "Plans": [{"Node Type": "Merge Join", "Parent Relationship": "Outer", "Parallel Aware": false, "Join Type": "Inner", "Startup Cost": 0.58, "Total Cost": 5666.17, "Plan Rows": 264683, "Plan Width": 8, "Actual Startup Time": 1.224, "Actual Total Time": 88.81, "Actual Rows": 157563, "Actual Loops": 1, "Output": ["v.userid", "p.owneruserid"], "Inner Unique": false, "Merge Cond": "(p.owneruserid = v.userid)", "Plans": [{"Node Type": "Index Scan", "Parent Relationship": "Outer", "Parallel Aware": false, "Scan Direction": "Forward", "Index Name": "idx_posts_owneruserid", "Relation Name": "posts", "Schema": "public", "Alias": "p", "Startup Cost": 0.29, "Total Cost": 2110.07, "Plan Rows": 16410, "Plan Width": 4, "Actual Startup Time": 1.137, "Actual Total Time": 54.243, "Actual Rows": 15923, "Actual Loops": 1, "Output": ["p.id", "p.posttypeid", "p.creationdate", "p.score", "p.viewcount", "p.owneruserid", "p.answercount", "p.commentcount", "p.favoritecount", "p.lasteditoruserid"], "Filter": "((p.viewcount >= 0) AND (p.commentcount <= 17) AND (p.creationdate <= '2014-08-29 21:38:13'::timestamp without time zone))", "Rows Removed by Filter": 24192}, {"Node Type": "Materialize", "Parent Relationship": "Inner", "Parallel Aware": false, "Startup Cost": 0.29, "Total Cost": 3458.37, "Plan Rows": 164233, "Plan Width": 4, "Actual Startup Time": 0.072, "Actual Total Time": 12.742, "Actual Rows": 161089, "Actual Loops": 1, "Output": ["v.userid"], "Plans": [{"Node Type": "Index Only Scan", "Parent Relationship": "Outer", "Parallel Aware": false, "Scan Direction": "Forward", "Index Name": "idx_votes_userid", "Relation Name": "votes", "Schema": "public", "Alias": "v", "Startup Cost": 0.29, "Total Cost": 3047.79, "Plan Rows": 164233, "Plan Width": 4, "Actual Startup Time": 0.058, "Actual Total Time": 2.182, "Actual Rows": 15606, "Actual Loops": 1, "Output": ["v.userid"], "Heap Fetches": 0}]}]}]}]}, {"Node Type": "Index Scan", "Parent Relationship": "Inner", "Parallel Aware": false, "Scan Direction": "Forward", "Index Name": "users_pkey", "Relation Name": "users", "Schema": "public", "Alias": "u", "Startup Cost": 0.29, "Total Cost": 658.66, "Plan Rows": 12777, "Plan Width": 4, "Actual Startup Time": 0.849, "Actual Total Time": 15.125, "Actual Rows": 12956, "Actual Loops": 1, "Output": ["u.id", "u.reputation", "u.creationdate", "u.views", "u.upvotes", "u.downvotes"], "Filter": "((u.views <= 36) AND (u.downvotes >= 0) AND (u.creationdate >= '2010-11-21 21:06:31'::timestamp without time zone) AND (u.creationdate <= '2014-09-03 13:37:38'::timestamp without time zone))", "Rows Removed by Filter": 1979}]}]}, "Planning Time": 3.987, "Triggers": [], "Execution Time": 1808.541}]#####[{"Plan": {"Node Type": "Aggregate", "Strategy": "Plain", "Partial Mode": "Simple", "Parallel Aware": false, "Startup Cost": 3042.22, "Total Cost": 3042.23, "Plan Rows": 1, "Plan Width": 8, "Actual Startup Time": 111.657, "Actual Total Time": 111.662, "Actual Rows": 1, "Actual Loops": 1, "Output": ["count(*)"], "Plans": [{"Node Type": "Merge Join", "Parent Relationship": "Outer", "Parallel Aware": false, "Join Type": "Inner", "Startup Cost": 1.27, "Total Cost": 2958.2, "Plan Rows": 33609, "Plan Width": 0, "Actual Startup Time": 58.805, "Actual Total Time": 108.993, "Actual Rows": 56029, "Actual Loops": 1, "Inner Unique": false, "Merge Cond": "(u.id = v.userid)", "Plans": [{"Node Type": "Merge Join", "Parent Relationship": "Outer", "Parallel Aware": false, "Join Type": "Inner", "Startup Cost": 0.68, "Total Cost": 1759.56, "Plan Rows": 27910, "Plan Width": 8, "Actual Startup Time": 3.681, "Actual Total Time": 11.837, "Actual Rows": 18149, "Actual Loops": 1, "Output": ["b.userid", "u.id"], "Inner Unique": true, "Merge Cond": "(b.userid = u.id)", "Plans": [{"Node Type": "Index Only Scan", "Parent Relationship": "Outer", "Parallel Aware": false, "Scan Direction": "Forward", "Index Name": "idx_badges_userid", "Relation Name": "badges", "Schema": "public", "Alias": "b", "Startup Cost": 0.29, "Total Cost": 713.65, "Plan Rows": 32624, "Plan Width": 4, "Actual Startup Time": 0.034, "Actual Total Time": 3.976, "Actual Rows": 32624, "Actual Loops": 1, "Output": ["b.userid"], "Heap Fetches": 0}, {"Node Type": "Index Scan", "Parent Relationship": "Inner", "Parallel Aware": false, "Scan Direction": "Forward", "Index Name": "users_pkey", "Relation Name": "users", "Schema": "public", "Alias": "u", "Startup Cost": 0.29, "Total Cost": 658.66, "Plan Rows": 12777, "Plan Width": 4, "Actual Startup Time": 0.85, "Actual Total Time": 4.023, "Actual Rows": 12956, "Actual Loops": 1, "Output": ["u.id", "u.reputation", "u.creationdate", "u.views", "u.upvotes", "u.downvotes"], "Filter": "((u.views <= 36) AND (u.downvotes >= 0) AND (u.creationdate >= '2010-11-21 21:06:31'::timestamp without time zone) AND (u.creationdate <= '2014-09-03 13:37:38'::timestamp without time zone))", "Rows Removed by Filter": 1979}]}, {"Node Type": "Materialize", "Parent Relationship": "Inner", "Parallel Aware": false, "Startup Cost": 0.58, "Total Cost": 6327.88, "Plan Rows": 264683, "Plan Width": 8, "Actual Startup Time": 0.751, "Actual Total Time": 67.593, "Actual Rows": 205469, "Actual Loops": 1, "Output": ["v.userid", "p.owneruserid"], "Plans": [{"Node Type": "Merge Join", "Parent Relationship": "Outer", "Parallel Aware": false, "Join Type": "Inner", "Startup Cost": 0.58, "Total Cost": 5666.17, "Plan Rows": 264683, "Plan Width": 8, "Actual Startup Time": 0.746, "Actual Total Time": 44.989, "Actual Rows": 157298, "Actual Loops": 1, "Output": ["v.userid", "p.owneruserid"], "Inner Unique": false, "Merge Cond": "(p.owneruserid = v.userid)", "Plans": [{"Node Type": "Index Scan", "Parent Relationship": "Outer", "Parallel Aware": false, "Scan Direction": "Forward", "Index Name": "idx_posts_owneruserid", "Relation Name": "posts", "Schema": "public", "Alias": "p", "Startup Cost": 0.29, "Total Cost": 2110.07, "Plan Rows": 16410, "Plan Width": 4, "Actual Startup Time": 0.677, "Actual Total Time": 19.7, "Actual Rows": 15891, "Actual Loops": 1, "Output": ["p.id", "p.posttypeid", "p.creationdate", "p.score", "p.viewcount", "p.owneruserid", "p.answercount", "p.commentcount", "p.favoritecount", "p.lasteditoruserid"], "Filter": "((p.viewcount >= 0) AND (p.commentcount <= 17) AND (p.creationdate <= '2014-08-29 21:38:13'::timestamp without time zone))", "Rows Removed by Filter": 24163}, {"Node Type": "Materialize", "Parent Relationship": "Inner", "Parallel Aware": false, "Startup Cost": 0.29, "Total Cost": 3458.37, "Plan Rows": 164233, "Plan Width": 4, "Actual Startup Time": 0.053, "Actual Total Time": 8.789, "Actual Rows": 160820, "Actual Loops": 1, "Output": ["v.userid"], "Plans": [{"Node Type": "Index Only Scan", "Parent Relationship": "Outer", "Parallel Aware": false, "Scan Direction": "Forward", "Index Name": "idx_votes_userid", "Relation Name": "votes", "Schema": "public", "Alias": "v", "Startup Cost": 0.29, "Total Cost": 3047.79, "Plan Rows": 164233, "Plan Width": 4, "Actual Startup Time": 0.047, "Actual Total Time": 1.382, "Actual Rows": 15585, "Actual Loops": 1, "Output": ["v.userid"], "Heap Fetches": 0}]}]}]}]}]}, "Planning Time": 2.368, "Triggers": [], "Execution Time": 111.906}]#####[{"Plan": {"Node Type": "Aggregate", "Strategy": "Plain", "Partial Mode": "Simple", "Parallel Aware": false, "Startup Cost": 25943.42, "Total Cost": 25943.43, "Plan Rows": 1, "Plan Width": 8, "Actual Startup Time": 72.307, "Actual Total Time": 72.312, "Actual Rows": 1, "Actual Loops": 1, "Output": ["count(*)"], "Plans": [{"Node Type": "Merge Join", "Parent Relationship": "Outer", "Parallel Aware": false, "Join Type": "Inner", "Startup Cost": 5.76, "Total Cost": 25859.4, "Plan Rows": 33609, "Plan Width": 0, "Actual Startup Time": 14.497, "Actual Total Time": 68.926, "Actual Rows": 56029, "Actual Loops": 1, "Inner Unique": false, "Merge Cond": "(u.id = b.userid)", "Plans": [{"Node Type": "Merge Join", "Parent Relationship": "Outer", "Parallel Aware": false, "Join Type": "Inner", "Startup Cost": 0.87, "Total Cost": 24581.89, "Plan Rows": 21406, "Plan Width": 12, "Actual Startup Time": 10.816, "Actual Total Time": 42.786, "Actual Rows": 7875, "Actual Loops": 1, "Output": ["v.userid", "p.owneruserid", "u.id"], "Inner Unique": false, "Merge Cond": "(p.owneruserid = u.id)", "Plans": [{"Node Type": "Index Scan", "Parent Relationship": "Outer", "Parallel Aware": false, "Scan Direction": "Forward", "Index Name": "idx_posts_owneruserid", "Relation Name": "posts", "Schema": "public", "Alias": "p", "Startup Cost": 0.29, "Total Cost": 2110.07, "Plan Rows": 16410, "Plan Width": 4, "Actual Startup Time": 0.418, "Actual Total Time": 27.752, "Actual Rows": 15892, "Actual Loops": 1, "Output": ["p.id", "p.posttypeid", "p.creationdate", "p.score", "p.viewcount", "p.owneruserid", "p.answercount", "p.commentcount", "p.favoritecount", "p.lasteditoruserid"], "Filter": "((p.viewcount >= 0) AND (p.commentcount <= 17) AND (p.creationdate <= '2014-08-29 21:38:13'::timestamp without time zone))", "Rows Removed by Filter": 24165}, {"Node Type": "Materialize", "Parent Relationship": "Inner", "Parallel Aware": false, "Startup Cost": 0.58, "Total Cost": 4471.11, "Plan Rows": 1328200, "Plan Width": 8, "Actual Startup Time": 1.359, "Actual Total Time": 12.032, "Actual Rows": 10198, "Actual Loops": 1, "Output": ["v.userid", "u.id"], "Plans": [{"Node Type": "Merge Join", "Parent Relationship": "Outer", "Parallel Aware": false, "Join Type": "Inner", "Startup Cost": 0.58, "Total Cost": 1150.61, "Plan Rows": 1328200, "Plan Width": 8, "Actual Startup Time": 1.355, "Actual Total Time": 10.533, "Actual Rows": 4981, "Actual Loops": 1, "Output": ["v.userid", "u.id"], "Inner Unique": true, "Merge Cond": "(v.userid = u.id)", "Plans": [{"Node Type": "Index Only Scan", "Parent Relationship": "Outer", "Parallel Aware": false, "Scan Direction": "Forward", "Index Name": "idx_votes_userid", "Relation Name": "votes", "Schema": "public", "Alias": "v", "Startup Cost": 0.29, "Total Cost": 3047.79, "Plan Rows": 164233, "Plan Width": 4, "Actual Startup Time": 0.022, "Actual Total Time": 2.002, "Actual Rows": 15606, "Actual Loops": 1, "Output": ["v.userid"], "Heap Fetches": 0}, {"Node Type": "Index Scan", "Parent Relationship": "Inner", "Parallel Aware": false, "Scan Direction": "Forward", "Index Name": "users_pkey", "Relation Name": "users", "Schema": "public", "Alias": "u", "Startup Cost": 0.29, "Total Cost": 658.66, "Plan Rows": 12777, "Plan Width": 4, "Actual Startup Time": 0.469, "Actual Total Time": 6.118, "Actual Rows": 12956, "Actual Loops": 1, "Output": ["u.id", "u.reputation", "u.creationdate", "u.views", "u.upvotes", "u.downvotes"], "Filter": "((u.views <= 36) AND (u.downvotes >= 0) AND (u.creationdate >= '2010-11-21 21:06:31'::timestamp without time zone) AND (u.creationdate <= '2014-09-03 13:37:38'::timestamp without time zone))", "Rows Removed by Filter": 1979}]}]}]}, {"Node Type": "Materialize", "Parent Relationship": "Inner", "Parallel Aware": false, "Startup Cost": 0.29, "Total Cost": 795.21, "Plan Rows": 32624, "Plan Width": 4, "Actual Startup Time": 0.031, "Actual Total Time": 13.929, "Actual Rows": 85351, "Actual Loops": 1, "Output": ["b.userid"], "Plans": [{"Node Type": "Index Only Scan", "Parent Relationship": "Outer", "Parallel Aware": false, "Scan Direction": "Forward", "Index Name": "idx_badges_userid", "Relation Name": "badges", "Schema": "public", "Alias": "b", "Startup Cost": 0.29, "Total Cost": 713.65, "Plan Rows": 32624, "Plan Width": 4, "Actual Startup Time": 0.024, "Actual Total Time": 4.484, "Actual Rows": 32623, "Actual Loops": 1, "Output": ["b.userid"], "Heap Fetches": 0}]}]}]}, "Planning Time": 2.374, "Triggers": [], "Execution Time": 72.467}]
[{"Plan": {"Node Type": "Aggregate", "Strategy": "Plain", "Partial Mode": "Simple", "Parallel Aware": false, "Startup Cost": 881164.76, "Total Cost": 881164.77, "Plan Rows": 1, "Plan Width": 8, "Actual Startup Time": 4571.398, "Actual Total Time": 4571.407, "Actual Rows": 1, "Actual Loops": 1, "Output": ["count(*)"], "Plans": [{"Node Type": "Hash Join", "Parent Relationship": "Outer", "Parallel Aware": false, "Join Type": "Inner", "Startup Cost": 2932.92, "Total Cost": 245395.31, "Plan Rows": 254307779, "Plan Width": 0, "Actual Startup Time": 26.171, "Actual Total Time": 3933.399, "Actual Rows": 13256706, "Actual Loops": 1, "Inner Unique": false, "Hash Cond": "(ph.userid = u.id)", "Plans": [{"Node Type": "Nested Loop", "Parent Relationship": "Outer", "Parallel Aware": false, "Join Type": "Inner", "Startup Cost": 0.29, "Total Cost": 33964.16, "Plan Rows": 4872810, "Plan Width": 8, "Actual Startup Time": 0.04, "Actual Total Time": 2460.644, "Actual Rows": 5206741, "Actual Loops": 1, "Output": ["ph.userid", "b.userid"], "Inner Unique": false, "Plans": [{"Node Type": "Seq Scan", "Parent Relationship": "Outer", "Parallel Aware": false, "Relation Name": "badges", "Schema": "public", "Alias": "b", "Startup Cost": 0.0, "Total Cost": 503.24, "Plan Rows": 32624, "Plan Width": 4, "Actual Startup Time": 0.012, "Actual Total Time": 4.201, "Actual Rows": 32624, "Actual Loops": 1, "Output": ["b.id", "b.userid", "b.date"]}, {"Node Type": "Index Scan", "Parent Relationship": "Inner", "Parallel Aware": false, "Scan Direction": "Forward", "Index Name": "idx_posthistory_userid", "Relation Name": "posthistory", "Schema": "public", "Alias": "ph", "Startup Cost": 0.29, "Total Cost": 0.83, "Plan Rows": 20, "Plan Width": 4, "Actual Startup Time": 0.002, "Actual Total Time": 0.061, "Actual Rows": 160, "Actual Loops": 32624, "Output": ["ph.id", "ph.posthistorytypeid", "ph.postid", "ph.creationdate", "ph.userid"], "Index Cond": "(ph.userid = b.userid)", "Rows Removed by Index Recheck": 0, "Filter": "(ph.creationdate <= '2014-05-15 21:01:37'::timestamp without time zone)", "Rows Removed by Filter": 0}]}, {"Node Type": "Hash", "Parent Relationship": "Inner", "Parallel Aware": false, "Startup Cost": 2213.11, "Total Cost": 2213.11, "Plan Rows": 57561, "Plan Width": 8, "Actual Startup Time": 25.555, "Actual Total Time": 25.559, "Actual Rows": 27158, "Actual Loops": 1, "Output": ["c.userid", "u.id"], "Hash Buckets": 65536, "Original Hash Buckets": 65536, "Hash Batches": 1, "Original Hash Batches": 1, "Peak Memory Usage": 1573, "Plans": [{"Node Type": "Hash Join", "Parent Relationship": "Outer", "Parallel Aware": false, "Join Type": "Inner", "Startup Cost": 480.6, "Total Cost": 2213.11, "Plan Rows": 57561, "Plan Width": 8, "Actual Startup Time": 3.843, "Actual Total Time": 21.984, "Actual Rows": 27158, "Actual Loops": 1, "Output": ["c.userid", "u.id"], "Inner Unique": true, "Hash Cond": "(c.userid = u.id)", "Plans": [{"Node Type": "Seq Scan", "Parent Relationship": "Outer", "Parallel Aware": false, "Relation Name": "comments", "Schema": "public", "Alias": "c", "Startup Cost": 0.0, "Total Cost": 1574.96, "Plan Rows": 60002, "Plan Width": 4, "Actual Startup Time": 0.011, "Actual Total Time": 10.43, "Actual Rows": 60206, "Actual Loops": 1, "Output": ["c.id", "c.postid", "c.score", "c.creationdate", "c.userid"], "Filter": "(c.score = 0)", "Rows Removed by Filter": 19151}, {"Node Type": "Hash", "Parent Relationship": "Inner", "Parallel Aware": false, "Startup Cost": 296.69, "Total Cost": 296.69, "Plan Rows": 14713, "Plan Width": 4, "Actual Startup Time": 3.778, "Actual Total Time": 3.779, "Actual Rows": 14712, "Actual Loops": 1, "Output": ["u.id"], "Hash Buckets": 16384, "Original Hash Buckets": 16384, "Hash Batches": 1, "Original Hash Batches": 1, "Peak Memory Usage": 646, "Plans": [{"Node Type": "Seq Scan", "Parent Relationship": "Outer", "Parallel Aware": false, "Relation Name": "users", "Schema": "public", "Alias": "u", "Startup Cost": 0.0, "Total Cost": 296.69, "Plan Rows": 14713, "Plan Width": 4, "Actual Startup Time": 0.009, "Actual Total Time": 2.284, "Actual Rows": 14712, "Actual Loops": 1, "Output": ["u.id"], "Filter": "(u.upvotes <= 123)", "Rows Removed by Filter": 223}]}]}]}]}]}, "Planning Time": 1.639, "Triggers": [], "Execution Time": 4571.571}]#####[{"Plan": {"Node Type": "Aggregate", "Strategy": "Plain", "Partial Mode": "Simple", "Parallel Aware": false, "Startup Cost": 6391613.99, "Total Cost": 6391614.0, "Plan Rows": 1, "Plan Width": 8, "Actual Startup Time": 2266.894, "Actual Total Time": 2266.904, "Actual Rows": 1, "Actual Loops": 1, "Output": ["count(*)"], "Plans": [{"Node Type": "Hash Join", "Parent Relationship": "Outer", "Parallel Aware": false, "Join Type": "Inner", "Startup Cost": 12749.11, "Total Cost": 33919.5, "Plan Rows": 2543077799, "Plan Width": 0, "Actual Startup Time": 132.054, "Actual Total Time": 1636.124, "Actual Rows": 13256706, "Actual Loops": 1, "Inner Unique": false, "Hash Cond": "(c.userid = u.id)", "Plans": [{"Node Type": "Seq Scan", "Parent Relationship": "Outer", "Parallel Aware": false, "Relation Name": "comments", "Schema": "public", "Alias": "c", "Startup Cost": 0.0, "Total Cost": 1574.96, "Plan Rows": 60002, "Plan Width": 4, "Actual Startup Time": 0.013, "Actual Total Time": 15.095, "Actual Rows": 60206, "Actual Loops": 1, "Output": ["c.id", "c.postid", "c.score", "c.creationdate", "c.userid"], "Filter": "(c.score = 0)", "Rows Removed by Filter": 19151}, {"Node Type": "Hash", "Parent Relationship": "Inner", "Parallel Aware": false, "Startup Cost": 7255.09, "Total Cost": 7255.09, "Plan Rows": 439522, "Plan Width": 12, "Actual Startup Time": 130.624, "Actual Total Time": 130.631, "Actual Rows": 428284, "Actual Loops": 1, "Output": ["ph.userid", "b.userid", "u.id"], "Hash Buckets": 524288, "Original Hash Buckets": 524288, "Hash Batches": 1, "Original Hash Batches": 1, "Peak Memory Usage": 22499, "Plans": [{"Node Type": "Hash Join", "Parent Relationship": "Outer", "Parallel Aware": false, "Join Type": "Inner", "Startup Cost": 1471.24, "Total Cost": 7255.09, "Plan Rows": 439522, "Plan Width": 12, "Actual Startup Time": 15.897, "Actual Total Time": 82.784, "Actual Rows": 428284, "Actual Loops": 1, "Output": ["ph.userid", "b.userid", "u.id"], "Inner Unique": false, "Hash Cond": "(ph.userid = u.id)", "Plans": [{"Node Type": "Seq Scan", "Parent Relationship": "Outer", "Parallel Aware": false, "Relation Name": "posthistory", "Schema": "public", "Alias": "ph", "Startup Cost": 0.0, "Total Cost": 2572.93, "Plan Rows": 129981, "Plan Width": 4, "Actual Startup Time": 0.012, "Actual Total Time": 18.29, "Actual Rows": 129994, "Actual Loops": 1, "Output": ["ph.id", "ph.posthistorytypeid", "ph.postid", "ph.creationdate", "ph.userid"], "Filter": "(ph.creationdate <= '2014-05-15 21:01:37'::timestamp without time zone)", "Rows Removed by Filter": 0}, {"Node Type": "Hash", "Parent Relationship": "Inner", "Parallel Aware": false, "Startup Cost": 1069.5, "Total Cost": 1069.5, "Plan Rows": 32139, "Plan Width": 8, "Actual Startup Time": 15.783, "Actual Total Time": 15.788, "Actual Rows": 26745, "Actual Loops": 1, "Output": ["b.userid", "u.id"], "Hash Buckets": 32768, "Original Hash Buckets": 32768, "Hash Batches": 1, "Original Hash Batches": 1, "Peak Memory Usage": 1301, "Plans": [{"Node Type": "Hash Join", "Parent Relationship": "Outer", "Parallel Aware": false, "Join Type": "Inner", "Startup Cost": 480.6, "Total Cost": 1069.5, "Plan Rows": 32139, "Plan Width": 8, "Actual Startup Time": 3.866, "Actual Total Time": 12.448, "Actual Rows": 26745, "Actual Loops": 1, "Output": ["b.userid", "u.id"], "Inner Unique": true, "Hash Cond": "(b.userid = u.id)", "Plans": [{"Node Type": "Seq Scan", "Parent Relationship": "Outer", "Parallel Aware": false, "Relation Name": "badges", "Schema": "public", "Alias": "b", "Startup Cost": 0.0, "Total Cost": 503.24, "Plan Rows": 32624, "Plan Width": 4, "Actual Startup Time": 0.008, "Actual Total Time": 2.399, "Actual Rows": 32624, "Actual Loops": 1, "Output": ["b.id", "b.userid", "b.date"]}, {"Node Type": "Hash", "Parent Relationship": "Inner", "Parallel Aware": false, "Startup Cost": 296.69, "Total Cost": 296.69, "Plan Rows": 14713, "Plan Width": 4, "Actual Startup Time": 3.802, "Actual Total Time": 3.804, "Actual Rows": 14712, "Actual Loops": 1, "Output": ["u.id"], "Hash Buckets": 16384, "Original Hash Buckets": 16384, "Hash Batches": 1, "Original Hash Batches": 1, "Peak Memory Usage": 646, "Plans": [{"Node Type": "Seq Scan", "Parent Relationship": "Outer", "Parallel Aware": false, "Relation Name": "users", "Schema": "public", "Alias": "u", "Startup Cost": 0.0, "Total Cost": 296.69, "Plan Rows": 14713, "Plan Width": 4, "Actual Startup Time": 0.01, "Actual Total Time": 2.317, "Actual Rows": 14712, "Actual Loops": 1, "Output": ["u.id"], "Filter": "(u.upvotes <= 123)", "Rows Removed by Filter": 223}]}]}]}]}]}]}]}, "Planning Time": 1.577, "Triggers": [], "Execution Time": 2267.355}]#####[{"Plan": {"Node Type": "Aggregate", "Strategy": "Plain", "Partial Mode": "Simple", "Parallel Aware": false, "Startup Cost": 6368289.52, "Total Cost": 6368289.53, "Plan Rows": 1, "Plan Width": 8, "Actual Startup Time": 1931.741, "Actual Total Time": 1931.75, "Actual Rows": 1, "Actual Loops": 1, "Output": ["count(*)"], "Plans": [{"Node Type": "Hash Join", "Parent Relationship": "Outer", "Parallel Aware": false, "Join Type": "Inner", "Startup Cost": 4978.99, "Total Cost": 10595.02, "Plan Rows": 2543077799, "Plan Width": 0, "Actual Startup Time": 78.69, "Actual Total Time": 1352.031, "Actual Rows": 13256706, "Actual Loops": 1, "Inner Unique": false, "Hash Cond": "(ph.userid = u.id)", "Plans": [{"Node Type": "Seq Scan", "Parent Relationship": "Outer", "Parallel Aware": false, "Relation Name": "posthistory", "Schema": "public", "Alias": "ph", "Startup Cost": 0.0, "Total Cost": 2572.93, "Plan Rows": 129981, "Plan Width": 4, "Actual Startup Time": 0.018, "Actual Total Time": 21.422, "Actual Rows": 129994, "Actual Loops": 1, "Output": ["ph.id", "ph.posthistorytypeid", "ph.postid", "ph.creationdate", "ph.userid"], "Filter": "(ph.creationdate <= '2014-05-15 21:01:37'::timestamp without time zone)", "Rows Removed by Filter": 0}, {"Node Type": "Hash", "Parent Relationship": "Inner", "Parallel Aware": false, "Startup Cost": 4603.58, "Total Cost": 4603.58, "Plan Rows": 30033, "Plan Width": 12, "Actual Startup Time": 78.508, "Actual Total Time": 78.513, "Actual Rows": 205410, "Actual Loops": 1, "Output": ["c.userid", "b.userid", "u.id"], "Hash Buckets": 262144, "Original Hash Buckets": 32768, "Hash Batches": 1, "Original Hash Batches": 1, "Peak Memory Usage": 10875, "Plans": [{"Node Type": "Hash Join", "Parent Relationship": "Outer", "Parallel Aware": false, "Join Type": "Inner", "Startup Cost": 1471.24, "Total Cost": 4603.58, "Plan Rows": 30033, "Plan Width": 12, "Actual Startup Time": 18.396, "Actual Total Time": 53.607, "Actual Rows": 205410, "Actual Loops": 1, "Output": ["c.userid", "b.userid", "u.id"], "Inner Unique": false, "Hash Cond": "(c.userid = u.id)", "Plans": [{"Node Type": "Seq Scan", "Parent Relationship": "Outer", "Parallel Aware": false, "Relation Name": "comments", "Schema": "public", "Alias": "c", "Startup Cost": 0.0, "Total Cost": 1574.96, "Plan Rows": 60002, "Plan Width": 4, "Actual Startup Time": 0.013, "Actual Total Time": 10.72, "Actual Rows": 60206, "Actual Loops": 1, "Output": ["c.id", "c.postid", "c.score", "c.creationdate", "c.userid"], "Filter": "(c.score = 0)", "Rows Removed by Filter": 19151}, {"Node Type": "Hash", "Parent Relationship": "Inner", "Parallel Aware": false, "Startup Cost": 1069.5, "Total Cost": 1069.5, "Plan Rows": 32139, "Plan Width": 8, "Actual Startup Time": 18.252, "Actual Total Time": 18.257, "Actual Rows": 26745, "Actual Loops": 1, "Output": ["b.userid", "u.id"], "Hash Buckets": 32768, "Original Hash Buckets": 32768, "Hash Batches": 1, "Original Hash Batches": 1, "Peak Memory Usage": 1301, "Plans": [{"Node Type": "Hash Join", "Parent Relationship": "Outer", "Parallel Aware": false, "Join Type": "Inner", "Startup Cost": 480.6, "Total Cost": 1069.5, "Plan Rows": 32139, "Plan Width": 8, "Actual Startup Time": 5.326, "Actual Total Time": 14.663, "Actual Rows": 26745, "Actual Loops": 1, "Output": ["b.userid", "u.id"], "Inner Unique": true, "Hash Cond": "(b.userid = u.id)", "Plans": [{"Node Type": "Seq Scan", "Parent Relationship": "Outer", "Parallel Aware": false, "Relation Name": "badges", "Schema": "public", "Alias": "b", "Startup Cost": 0.0, "Total Cost": 503.24, "Plan Rows": 32624, "Plan Width": 4, "Actual Startup Time": 0.01, "Actual Total Time": 2.598, "Actual Rows": 32624, "Actual Loops": 1, "Output": ["b.id", "b.userid", "b.date"]}, {"Node Type": "Hash", "Parent Relationship": "Inner", "Parallel Aware": false, "Startup Cost": 296.69, "Total Cost": 296.69, "Plan Rows": 14713, "Plan Width": 4, "Actual Startup Time": 5.246, "Actual Total Time": 5.247, "Actual Rows": 14712, "Actual Loops": 1, "Output": ["u.id"], "Hash Buckets": 16384, "Original Hash Buckets": 16384, "Hash Batches": 1, "Original Hash Batches": 1, "Peak Memory Usage": 646, "Plans": [{"Node Type": "Seq Scan", "Parent Relationship": "Outer", "Parallel Aware": false, "Relation Name": "users", "Schema": "public", "Alias": "u", "Startup Cost": 0.0, "Total Cost": 296.69, "Plan Rows": 14713, "Plan Width": 4, "Actual Startup Time": 0.013, "Actual Total Time": 3.115, "Actual Rows": 14712, "Actual Loops": 1, "Output": ["u.id"], "Filter": "(u.upvotes <= 123)", "Rows Removed by Filter": 223}]}]}]}]}]}]}]}, "Planning Time": 1.588, "Triggers": [], "Execution Time": 1932.062}]
[{"Plan": {"Node Type": "Aggregate", "Strategy": "Plain", "Partial Mode": "Simple", "Parallel Aware": false, "Startup Cost": 8944.52, "Total Cost": 8944.53, "Plan Rows": 1, "Plan Width": 8, "Actual Startup Time": 268.666, "Actual Total Time": 268.675, "Actual Rows": 1, "Actual Loops": 1, "Output": ["count(*)"], "Plans": [{"Node Type": "Hash Join", "Parent Relationship": "Outer", "Parallel Aware": false, "Join Type": "Inner", "Startup Cost": 2514.05, "Total Cost": 5691.43, "Plan Rows": 1301237, "Plan Width": 0, "Actual Startup Time": 40.467, "Actual Total Time": 215.712, "Actual Rows": 834950, "Actual Loops": 1, "Inner Unique": false, "Hash Cond": "(c.userid = u.id)", "Plans": [{"Node Type": "Seq Scan", "Parent Relationship": "Outer", "Parallel Aware": false, "Relation Name": "comments", "Schema": "public", "Alias": "c", "Startup Cost": 0.0, "Total Cost": 1574.96, "Plan Rows": 60002, "Plan Width": 4, "Actual Startup Time": 0.019, "Actual Total Time": 27.176, "Actual Rows": 60206, "Actual Loops": 1, "Output": ["c.id", "c.postid", "c.score", "c.creationdate", "c.userid"], "Filter": "(c.score = 0)", "Rows Removed by Filter": 19151}, {"Node Type": "Hash", "Parent Relationship": "Inner", "Parallel Aware": false, "Startup Cost": 2097.93, "Total Cost": 2097.93, "Plan Rows": 33290, "Plan Width": 16, "Actual Startup Time": 40.028, "Actual Total Time": 40.033, "Actual Rows": 19345, "Actual Loops": 1, "Output": ["ph.userid", "b.userid", "v.userid", "u.id"], "Hash Buckets": 65536, "Original Hash Buckets": 65536, "Hash Batches": 1, "Original Hash Batches": 1, "Peak Memory Usage": 1419, "Plans": [{"Node Type": "Nested Loop", "Parent Relationship": "Outer", "Parallel Aware": false, "Join Type": "Inner", "Startup Cost": 1.16, "Total Cost": 2097.93, "Plan Rows": 33290, "Plan Width": 16, "Actual Startup Time": 5.441, "Actual Total Time": 37.255, "Actual Rows": 19345, "Actual Loops": 1, "Output": ["ph.userid", "b.userid", "v.userid", "u.id"], "Inner Unique": false, "Join Filter": "(u.id = ph.userid)", "Rows Removed by Join Filter": 0, "Plans": [{"Node Type": "Nested Loop", "Parent Relationship": "Outer", "Parallel Aware": false, "Join Type": "Inner", "Startup Cost": 0.87, "Total Cost": 1424.87, "Plan Rows": 708, "Plan Width": 12, "Actual Startup Time": 5.401, "Actual Total Time": 18.374, "Actual Rows": 1252, "Actual Loops": 1, "Output": ["b.userid", "v.userid", "u.id"], "Inner Unique": false, "Plans": [{"Node Type": "Merge Join", "Parent Relationship": "Outer", "Parallel Aware": false, "Join Type": "Inner", "Startup Cost": 0.58, "Total Cost": 1408.27, "Plan Rows": 43, "Plan Width": 8, "Actual Startup Time": 5.362, "Actual Total Time": 17.625, "Actual Rows": 148, "Actual Loops": 1, "Output": ["v.userid", "u.id"], "Inner Unique": true, "Merge Cond": "(v.userid = u.id)", "Plans": [{"Node Type": "Index Scan", "Parent Relationship": "Outer", "Parallel Aware": false, "Scan Direction": "Forward", "Index Name": "idx_votes_userid", "Relation Name": "votes", "Schema": "public", "Alias": "v", "Startup Cost": 0.29, "Total Cost": 6320.15, "Plan Rows": 483, "Plan Width": 4, "Actual Startup Time": 0.04, "Actual Total Time": 13.703, "Actual Rows": 304, "Actual Loops": 1, "Output": ["v.id", "v.postid", "v.votetypeid", "v.creationdate", "v.userid", "v.bountyamount"], "Filter": "(v.bountyamount <= 50)", "Rows Removed by Filter": 18141}, {"Node Type": "Index Scan", "Parent Relationship": "Inner", "Parallel Aware": false, "Scan Direction": "Forward", "Index Name": "users_pkey", "Relation Name": "users", "Schema": "public", "Alias": "u", "Startup Cost": 0.29, "Total Cost": 770.67, "Plan Rows": 13945, "Plan Width": 4, "Actual Startup Time": 0.118, "Actual Total Time": 3.337, "Actual Rows": 13490, "Actual Loops": 1, "Output": ["u.id", "u.reputation", "u.creationdate", "u.views", "u.upvotes", "u.downvotes"], "Filter": "((u.reputation >= 1) AND (u.reputation <= 2410) AND (u.downvotes >= 0) AND (u.downvotes <= 0) AND (u.upvotes >= 0) AND (u.creationdate >= '2010-07-27 13:15:25'::timestamp without time zone) AND (u.creationdate <= '2014-08-12 22:09:56'::timestamp without time zone))", "Rows Removed by Filter": 851}]}, {"Node Type": "Index Only Scan", "Parent Relationship": "Inner", "Parallel Aware": false, "Scan Direction": "Forward", "Index Name": "idx_badges_userid", "Relation Name": "badges", "Schema": "public", "Alias": "b", "Startup Cost": 0.29, "Total Cost": 0.36, "Plan Rows": 3, "Plan Width": 4, "Actual Startup Time": 0.003, "Actual Total Time": 0.004, "Actual Rows": 8, "Actual Loops": 148, "Output": ["b.userid"], "Index Cond": "(b.userid = u.id)", "Rows Removed by Index Recheck": 0, "Heap Fetches": 0}]}, {"Node Type": "Index Scan", "Parent Relationship": "Inner", "Parallel Aware": false, "Scan Direction": "Forward", "Index Name": "idx_posthistory_userid", "Relation Name": "posthistory", "Schema": "public", "Alias": "ph", "Startup Cost": 0.29, "Total Cost": 0.88, "Plan Rows": 6, "Plan Width": 4, "Actual Startup Time": 0.002, "Actual Total Time": 0.013, "Actual Rows": 15, "Actual Loops": 1252, "Output": ["ph.id", "ph.posthistorytypeid", "ph.postid", "ph.creationdate", "ph.userid"], "Index Cond": "(ph.userid = b.userid)", "Rows Removed by Index Recheck": 0, "Filter": "((ph.creationdate <= '2014-09-07 16:25:03'::timestamp without time zone) AND (ph.posthistorytypeid = 2))", "Rows Removed by Filter": 36}]}]}]}]}, "Planning Time": 2.646, "Triggers": [], "Execution Time": 268.909}]#####[{"Plan": {"Node Type": "Aggregate", "Strategy": "Plain", "Partial Mode": "Simple", "Parallel Aware": false, "Startup Cost": 39324.53, "Total Cost": 39324.54, "Plan Rows": 1, "Plan Width": 8, "Actual Startup Time": 3180.107, "Actual Total Time": 3180.114, "Actual Rows": 1, "Actual Loops": 1, "Output": ["count(*)"], "Plans": [{"Node Type": "Hash Join", "Parent Relationship": "Outer", "Parallel Aware": false, "Join Type": "Inner", "Startup Cost": 3110.37, "Total Cost": 6793.6, "Plan Rows": 13012372, "Plan Width": 0, "Actual Startup Time": 600.824, "Actual Total Time": 3135.393, "Actual Rows": 834950, "Actual Loops": 1, "Inner Unique": false, "Hash Cond": "(b.userid = u.id)", "Plans": [{"Node Type": "Nested Loop", "Parent Relationship": "Outer", "Parallel Aware": false, "Join Type": "Inner", "Startup Cost": 0.88, "Total Cost": 2114.31, "Plan Rows": 35653, "Plan Width": 12, "Actual Startup Time": 0.331, "Actual Total Time": 2909.767, "Actual Rows": 1543456, "Actual Loops": 1, "Output": ["ph.userid", "b.userid", "v.userid"], "Inner Unique": false, "Plans": [{"Node Type": "Merge Join", "Parent Relationship": "Outer", "Parallel Aware": false, "Join Type": "Inner", "Startup Cost": 0.58, "Total Cost": 1405.09, "Plan Rows": 758, "Plan Width": 8, "Actual Startup Time": 0.281, "Actual Total Time": 23.457, "Actual Rows": 6840, "Actual Loops": 1, "Output": ["b.userid", "v.userid"], "Inner Unique": false, "Merge Cond": "(v.userid = b.userid)", "Plans": [{"Node Type": "Index Scan", "Parent Relationship": "Outer", "Parallel Aware": false, "Scan Direction": "Forward", "Index Name": "idx_votes_userid", "Relation Name": "votes", "Schema": "public", "Alias": "v", "Startup Cost": 0.29, "Total Cost": 6320.15, "Plan Rows": 483, "Plan Width": 4, "Actual Startup Time": 0.067, "Actual Total Time": 16.704, "Actual Rows": 304, "Actual Loops": 1, "Output": ["v.id", "v.postid", "v.votetypeid", "v.creationdate", "v.userid", "v.bountyamount"], "Filter": "(v.bountyamount <= 50)", "Rows Removed by Filter": 18141}, {"Node Type": "Index Only Scan", "Parent Relationship": "Inner", "Parallel Aware": false, "Scan Direction": "Forward", "Index Name": "idx_badges_userid", "Relation Name": "badges", "Schema": "public", "Alias": "b", "Startup Cost": 0.29, "Total Cost": 713.65, "Plan Rows": 32624, "Plan Width": 4, "Actual Startup Time": 0.038, "Actual Total Time": 4.057, "Actual Rows": 35421, "Actual Loops": 1, "Output": ["b.userid"], "Heap Fetches": 0}]}, {"Node Type": "Index Scan", "Parent Relationship": "Inner", "Parallel Aware": false, "Scan Direction": "Forward", "Index Name": "idx_posthistory_userid", "Relation Name": "posthistory", "Schema": "public", "Alias": "ph", "Startup Cost": 0.29, "Total Cost": 0.88, "Plan Rows": 6, "Plan Width": 4, "Actual Startup Time": 0.003, "Actual Total Time": 0.398, "Actual Rows": 226, "Actual Loops": 6840, "Output": ["ph.id", "ph.posthistorytypeid", "ph.postid", "ph.creationdate", "ph.userid"], "Index Cond": "(ph.userid = b.userid)", "Rows Removed by Index Recheck": 0, "Filter": "((ph.creationdate <= '2014-09-07 16:25:03'::timestamp without time zone) AND (ph.posthistorytypeid = 2))", "Rows Removed by Filter": 1105}]}, {"Node Type": "Hash", "Parent Relationship": "Inner", "Parallel Aware": false, "Startup Cost": 2427.54, "Total Cost": 2427.54, "Plan Rows": 54557, "Plan Width": 8, "Actual Startup Time": 36.269, "Actual Total Time": 36.273, "Actual Rows": 21363, "Actual Loops": 1, "Output": ["c.userid", "u.id"], "Hash Buckets": 65536, "Original Hash Buckets": 65536, "Hash Batches": 1, "Original Hash Batches": 1, "Peak Memory Usage": 1347, "Plans": [{"Node Type": "Hash Join", "Parent Relationship": "Outer", "Parallel Aware": false, "Join Type": "Inner", "Startup Cost": 695.03, "Total Cost": 2427.54, "Plan Rows": 54557, "Plan Width": 8, "Actual Startup Time": 7.93, "Actual Total Time": 32.315, "Actual Rows": 21363, "Actual Loops": 1, "Output": ["c.userid", "u.id"], "Inner Unique": true, "Hash Cond": "(c.userid = u.id)", "Plans": [{"Node Type": "Seq Scan", "Parent Relationship": "Outer", "Parallel Aware": false, "Relation Name": "comments", "Schema": "public", "Alias": "c", "Startup Cost": 0.0, "Total Cost": 1574.96, "Plan Rows": 60002, "Plan Width": 4, "Actual Startup Time": 0.022, "Actual Total Time": 14.441, "Actual Rows": 60206, "Actual Loops": 1, "Output": ["c.id", "c.postid", "c.score", "c.creationdate", "c.userid"], "Filter": "(c.score = 0)", "Rows Removed by Filter": 19151}, {"Node Type": "Hash", "Parent Relationship": "Inner", "Parallel Aware": false, "Startup Cost": 520.71, "Total Cost": 520.71, "Plan Rows": 13945, "Plan Width": 4, "Actual Startup Time": 7.636, "Actual Total Time": 7.637, "Actual Rows": 14075, "Actual Loops": 1, "Output": ["u.id"], "Hash Buckets": 16384, "Original Hash Buckets": 16384, "Hash Batches": 1, "Original Hash Batches": 1, "Peak Memory Usage": 623, "Plans": [{"Node Type": "Seq Scan", "Parent Relationship": "Outer", "Parallel Aware": false, "Relation Name": "users", "Schema": "public", "Alias": "u", "Startup Cost": 0.0, "Total Cost": 520.71, "Plan Rows": 13945, "Plan Width": 4, "Actual Startup Time": 0.121, "Actual Total Time": 4.934, "Actual Rows": 14075, "Actual Loops": 1, "Output": ["u.id"], "Filter": "((u.reputation >= 1) AND (u.reputation <= 2410) AND (u.downvotes >= 0) AND (u.downvotes <= 0) AND (u.upvotes >= 0) AND (u.creationdate >= '2010-07-27 13:15:25'::timestamp without time zone) AND (u.creationdate <= '2014-08-12 22:09:56'::timestamp without time zone))", "Rows Removed by Filter": 860}]}]}]}]}]}, "Planning Time": 3.518, "Triggers": [], "Execution Time": 3180.485}]#####[{"Plan": {"Node Type": "Aggregate", "Strategy": "Plain", "Partial Mode": "Simple", "Parallel Aware": false, "Startup Cost": 34537.33, "Total Cost": 34537.34, "Plan Rows": 1, "Plan Width": 8, "Actual Startup Time": 880.931, "Actual Total Time": 880.935, "Actual Rows": 1, "Actual Loops": 1, "Output": ["count(*)"], "Plans": [{"Node Type": "Nested Loop", "Parent Relationship": "Outer", "Parallel Aware": false, "Join Type": "Inner", "Startup Cost": 1.45, "Total Cost": 2006.4, "Plan Rows": 13012372, "Plan Width": 0, "Actual Startup Time": 12.96, "Actual Total Time": 843.441, "Actual Rows": 834950, "Actual Loops": 1, "Inner Unique": false, "Join Filter": "(u.id = ph.userid)", "Rows Removed by Join Filter": 0, "Plans": [{"Node Type": "Nested Loop", "Parent Relationship": "Outer", "Parallel Aware": false, "Join Type": "Inner", "Startup Cost": 1.16, "Total Cost": 1402.16, "Plan Rows": 679, "Plan Width": 16, "Actual Startup Time": 12.936, "Actual Total Time": 114.686, "Actual Rows": 31557, "Actual Loops": 1, "Output": ["c.userid", "b.userid", "v.userid", "u.id"], "Inner Unique": false, "Join Filter": "(u.id = b.userid)", "Rows Removed by Join Filter": 0, "Plans": [{"Node Type": "Merge Join", "Parent Relationship": "Outer", "Parallel Aware": false, "Join Type": "Inner", "Startup Cost": 0.87, "Total Cost": 1224.51, "Plan Rows": 466, "Plan Width": 12, "Actual Startup Time": 12.908, "Actual Total Time": 103.629, "Actual Rows": 2808, "Actual Loops": 1, "Output": ["c.userid", "v.userid", "u.id"], "Inner Unique": true, "Merge Cond": "(v.userid = u.id)", "Plans": [{"Node Type": "Merge Join", "Parent Relationship": "Outer", "Parallel Aware": false, "Join Type": "Inner", "Startup Cost": 0.59, "Total Cost": 4367.54, "Plan Rows": 5283, "Plan Width": 8, "Actual Startup Time": 0.224, "Actual Total Time": 95.576, "Actual Rows": 37106, "Actual Loops": 1, "Output": ["c.userid", "v.userid"], "Inner Unique": false, "Merge Cond": "(v.userid = c.userid)", "Plans": [{"Node Type": "Index Scan", "Parent Relationship": "Outer", "Parallel Aware": false, "Scan Direction": "Forward", "Index Name": "idx_votes_userid", "Relation Name": "votes", "Schema": "public", "Alias": "v", "Startup Cost": 0.29, "Total Cost": 6320.15, "Plan Rows": 483, "Plan Width": 4, "Actual Startup Time": 0.049, "Actual Total Time": 28.0, "Actual Rows": 304, "Actual Loops": 1, "Output": ["v.id", "v.postid", "v.votetypeid", "v.creationdate", "v.userid", "v.bountyamount"], "Filter": "(v.bountyamount <= 50)", "Rows Removed by Filter": 18141}, {"Node Type": "Index Scan", "Parent Relationship": "Inner", "Parallel Aware": false, "Scan Direction": "Forward", "Index Name": "idx_comments_userid", "Relation Name": "comments", "Schema": "public", "Alias": "c", "Startup Cost": 0.29, "Total Cost": 3562.4, "Plan Rows": 60002, "Plan Width": 4, "Actual Startup Time": 0.028, "Actual Total Time": 59.372, "Actual Rows": 79432, "Actual Loops": 1, "Output": ["c.id", "c.postid", "c.score", "c.creationdate", "c.userid"], "Filter": "(c.score = 0)", "Rows Removed by Filter": 28790}]}, {"Node Type": "Index Scan", "Parent Relationship": "Inner", "Parallel Aware": false, "Scan Direction": "Forward", "Index Name": "users_pkey", "Relation Name": "users", "Schema": "public", "Alias": "u", "Startup Cost": 0.29, "Total Cost": 770.67, "Plan Rows": 13945, "Plan Width": 4, "Actual Startup Time": 0.131, "Actual Total Time": 5.046, "Actual Rows": 13490, "Actual Loops": 1, "Output": ["u.id", "u.reputation", "u.creationdate", "u.views", "u.upvotes", "u.downvotes"], "Filter": "((u.reputation >= 1) AND (u.reputation <= 2410) AND (u.downvotes >= 0) AND (u.downvotes <= 0) AND (u.upvotes >= 0) AND (u.creationdate >= '2010-07-27 13:15:25'::timestamp without time zone) AND (u.creationdate <= '2014-08-12 22:09:56'::timestamp without time zone))", "Rows Removed by Filter": 851}]}, {"Node Type": "Index Only Scan", "Parent Relationship": "Inner", "Parallel Aware": false, "Scan Direction": "Forward", "Index Name": "idx_badges_userid", "Relation Name": "badges", "Schema": "public", "Alias": "b", "Startup Cost": 0.29, "Total Cost": 0.34, "Plan Rows": 3, "Plan Width": 4, "Actual Startup Time": 0.001, "Actual Total Time": 0.002, "Actual Rows": 11, "Actual Loops": 2808, "Output": ["b.userid"], "Index Cond": "(b.userid = c.userid)", "Rows Removed by Index Recheck": 0, "Heap Fetches": 0}]}, {"Node Type": "Index Scan", "Parent Relationship": "Inner", "Parallel Aware": false, "Scan Direction": "Forward", "Index Name": "idx_posthistory_userid", "Relation Name": "posthistory", "Schema": "public", "Alias": "ph", "Startup Cost": 0.29, "Total Cost": 0.81, "Plan Rows": 6, "Plan Width": 4, "Actual Startup Time": 0.002, "Actual Total Time": 0.02, "Actual Rows": 26, "Actual Loops": 31557, "Output": ["ph.id", "ph.posthistorytypeid", "ph.postid", "ph.creationdate", "ph.userid"], "Index Cond": "(ph.userid = c.userid)", "Rows Removed by Index Recheck": 0, "Filter": "((ph.creationdate <= '2014-09-07 16:25:03'::timestamp without time zone) AND (ph.posthistorytypeid = 2))", "Rows Removed by Filter": 59}]}]}, "Planning Time": 3.461, "Triggers": [], "Execution Time": 881.136}]
[{"Plan": {"Node Type": "Aggregate", "Strategy": "Plain", "Partial Mode": "Simple", "Parallel Aware": false, "Startup Cost": 8997.38, "Total Cost": 8997.39, "Plan Rows": 1, "Plan Width": 8, "Actual Startup Time": 1288.89, "Actual Total Time": 1288.894, "Actual Rows": 1, "Actual Loops": 1, "Output": ["count(*)"], "Plans": [{"Node Type": "Merge Join", "Parent Relationship": "Outer", "Parallel Aware": false, "Join Type": "Inner", "Startup Cost": 1.52, "Total Cost": 7181.96, "Plan Rows": 726170, "Plan Width": 0, "Actual Startup Time": 2.886, "Actual Total Time": 1047.715, "Actual Rows": 5348498, "Actual Loops": 1, "Inner Unique": false, "Merge Cond": "(u.id = v.userid)", "Plans": [{"Node Type": "Merge Join", "Parent Relationship": "Outer", "Parallel Aware": false, "Join Type": "Inner", "Startup Cost": 0.58, "Total Cost": 4453.14, "Plan Rows": 117333, "Plan Width": 8, "Actual Startup Time": 0.717, "Actual Total Time": 25.21, "Actual Rows": 64923, "Actual Loops": 1, "Output": ["ph.userid", "u.id"], "Inner Unique": true, "Merge Cond": "(ph.userid = u.id)", "Plans": [{"Node Type": "Index Only Scan", "Parent Relationship": "Outer", "Parallel Aware": false, "Scan Direction": "Forward", "Index Name": "idx_posthistory_userid", "Relation Name": "posthistory", "Schema": "public", "Alias": "ph", "Startup Cost": 0.29, "Total Cost": 2502.2, "Plan Rows": 129994, "Plan Width": 4, "Actual Startup Time": 0.032, "Actual Total Time": 10.391, "Actual Rows": 118723, "Actual Loops": 1, "Output": ["ph.userid"], "Heap Fetches": 0}, {"Node Type": "Index Scan", "Parent Relationship": "Inner", "Parallel Aware": false, "Scan Direction": "Forward", "Index Name": "users_pkey", "Relation Name": "users", "Schema": "public", "Alias": "u", "Startup Cost": 0.29, "Total Cost": 658.66, "Plan Rows": 14723, "Plan Width": 4, "Actual Startup Time": 0.042, "Actual Total Time": 4.479, "Actual Rows": 14784, "Actual Loops": 1, "Output": ["u.id", "u.reputation", "u.creationdate", "u.views", "u.upvotes", "u.downvotes"], "Filter": "((u.views <= 270) AND (u.downvotes <= 27) AND (u.upvotes >= 0) AND (u.upvotes <= 1160))", "Rows Removed by Filter": 150}]}, {"Node Type": "Materialize", "Parent Relationship": "Inner", "Parallel Aware": false, "Startup Cost": 0.94, "Total Cost": 4851.75, "Plan Rows": 257855, "Plan Width": 8, "Actual Startup Time": 0.086, "Actual Total Time": 373.968, "Actual Rows": 5619979, "Actual Loops": 1, "Output": ["v.userid", "b.userid"], "Plans": [{"Node Type": "Merge Join", "Parent Relationship": "Outer", "Parallel Aware": false, "Join Type": "Inner", "Startup Cost": 0.94, "Total Cost": 4207.11, "Plan Rows": 257855, "Plan Width": 8, "Actual Startup Time": 0.078, "Actual Total Time": 85.524, "Actual Rows": 360495, "Actual Loops": 1, "Output": ["v.userid", "b.userid"], "Inner Unique": false, "Merge Cond": "(b.userid = v.userid)", "Plans": [{"Node Type": "Index Only Scan", "Parent Relationship": "Outer", "Parallel Aware": false, "Scan Direction": "Forward", "Index Name": "idx_badges_userid", "Relation Name": "badges", "Schema": "public", "Alias": "b", "Startup Cost": 0.29, "Total Cost": 713.65, "Plan Rows": 32624, "Plan Width": 4, "Actual Startup Time": 0.03, "Actual Total Time": 3.338, "Actual Rows": 32624, "Actual Loops": 1, "Output": ["b.userid"], "Heap Fetches": 0}, {"Node Type": "Materialize", "Parent Relationship": "Inner", "Parallel Aware": false, "Startup Cost": 0.29, "Total Cost": 3458.37, "Plan Rows": 164233, "Plan Width": 4, "Actual Startup Time": 0.036, "Actual Total Time": 27.525, "Actual Rows": 361570, "Actual Loops": 1, "Output": ["v.userid"], "Plans": [{"Node Type": "Index Only Scan", "Parent Relationship": "Outer", "Parallel Aware": false, "Scan Direction": "Forward", "Index Name": "idx_votes_userid", "Relation Name": "votes", "Schema": "public", "Alias": "v", "Startup Cost": 0.29, "Total Cost": 3047.79, "Plan Rows": 164233, "Plan Width": 4, "Actual Startup Time": 0.027, "Actual Total Time": 1.625, "Actual Rows": 15603, "Actual Loops": 1, "Output": ["v.userid"], "Heap Fetches": 0}]}]}]}]}]}, "Planning Time": 1.811, "Triggers": [], "Execution Time": 1289.149}]#####[{"Plan": {"Node Type": "Aggregate", "Strategy": "Plain", "Partial Mode": "Simple", "Parallel Aware": false, "Startup Cost": 22408.67, "Total Cost": 22408.68, "Plan Rows": 1, "Plan Width": 8, "Actual Startup Time": 1252.836, "Actual Total Time": 1252.839, "Actual Rows": 1, "Actual Loops": 1, "Output": ["count(*)"], "Plans": [{"Node Type": "Merge Join", "Parent Relationship": "Outer", "Parallel Aware": false, "Join Type": "Inner", "Startup Cost": 1.52, "Total Cost": 4254.4, "Plan Rows": 7261707, "Plan Width": 0, "Actual Startup Time": 1.396, "Actual Total Time": 1005.655, "Actual Rows": 5348498, "Actual Loops": 1, "Inner Unique": false, "Merge Cond": "(u.id = ph.userid)", "Plans": [{"Node Type": "Merge Join", "Parent Relationship": "Outer", "Parallel Aware": false, "Join Type": "Inner", "Startup Cost": 1.23, "Total Cost": 1395.28, "Plan Rows": 3343, "Plan Width": 12, "Actual Startup Time": 0.852, "Actual Total Time": 93.489, "Actual Rows": 90546, "Actual Loops": 1, "Output": ["v.userid", "u.id", "b.userid"], "Inner Unique": true, "Merge Cond": "(v.userid = u.id)", "Plans": [{"Node Type": "Merge Join", "Parent Relationship": "Outer", "Parallel Aware": false, "Join Type": "Inner", "Startup Cost": 0.94, "Total Cost": 4207.11, "Plan Rows": 257855, "Plan Width": 8, "Actual Startup Time": 0.065, "Actual Total Time": 64.201, "Actual Rows": 360495, "Actual Loops": 1, "Output": ["v.userid", "b.userid"], "Inner Unique": false, "Merge Cond": "(b.userid = v.userid)", "Plans": [{"Node Type": "Index Only Scan", "Parent Relationship": "Outer", "Parallel Aware": false, "Scan Direction": "Forward", "Index Name": "idx_badges_userid", "Relation Name": "badges", "Schema": "public", "Alias": "b", "Startup Cost": 0.29, "Total Cost": 713.65, "Plan Rows": 32624, "Plan Width": 4, "Actual Startup Time": 0.025, "Actual Total Time": 3.794, "Actual Rows": 32624, "Actual Loops": 1, "Output": ["b.userid"], "Heap Fetches": 0}, {"Node Type": "Materialize", "Parent Relationship": "Inner", "Parallel Aware": false, "Startup Cost": 0.29, "Total Cost": 3458.37, "Plan Rows": 164233, "Plan Width": 4, "Actual Startup Time": 0.028, "Actual Total Time": 20.257, "Actual Rows": 361570, "Actual Loops": 1, "Output": ["v.userid"], "Plans": [{"Node Type": "Index Only Scan", "Parent Relationship": "Outer", "Parallel Aware": false, "Scan Direction": "Forward", "Index Name": "idx_votes_userid", "Relation Name": "votes", "Schema": "public", "Alias": "v", "Startup Cost": 0.29, "Total Cost": 3047.79, "Plan Rows": 164233, "Plan Width": 4, "Actual Startup Time": 0.02, "Actual Total Time": 1.685, "Actual Rows": 15603, "Actual Loops": 1, "Output": ["v.userid"], "Heap Fetches": 0}]}]}, {"Node Type": "Index Scan", "Parent Relationship": "Inner", "Parallel Aware": false, "Scan Direction": "Forward", "Index Name": "users_pkey", "Relation Name": "users", "Schema": "public", "Alias": "u", "Startup Cost": 0.29, "Total Cost": 658.66, "Plan Rows": 14723, "Plan Width": 4, "Actual Startup Time": 0.028, "Actual Total Time": 5.146, "Actual Rows": 14783, "Actual Loops": 1, "Output": ["u.id", "u.reputation", "u.creationdate", "u.views", "u.upvotes", "u.downvotes"], "Filter": "((u.views <= 270) AND (u.downvotes <= 27) AND (u.upvotes >= 0) AND (u.upvotes <= 1160))", "Rows Removed by Filter": 150}]}, {"Node Type": "Index Only Scan", "Parent Relationship": "Inner", "Parallel Aware": false, "Scan Direction": "Forward", "Index Name": "idx_posthistory_userid", "Relation Name": "posthistory", "Schema": "public", "Alias": "ph", "Startup Cost": 0.29, "Total Cost": 2502.2, "Plan Rows": 129994, "Plan Width": 4, "Actual Startup Time": 0.023, "Actual Total Time": 414.735, "Actual Rows": 5440130, "Actual Loops": 1, "Output": ["ph.userid"], "Heap Fetches": 0}]}]}, "Planning Time": 2.903, "Triggers": [], "Execution Time": 1253.015}]#####[{"Plan": {"Node Type": "Aggregate", "Strategy": "Plain", "Partial Mode": "Simple", "Parallel Aware": false, "Startup Cost": 19843.46, "Total Cost": 19843.47, "Plan Rows": 1, "Plan Width": 8, "Actual Startup Time": 1195.425, "Actual Total Time": 1195.432, "Actual Rows": 1, "Actual Loops": 1, "Output": ["count(*)"], "Plans": [{"Node Type": "Nested Loop", "Parent Relationship": "Outer", "Parallel Aware": false, "Join Type": "Inner", "Startup Cost": 1.52, "Total Cost": 1689.19, "Plan Rows": 7261707, "Plan Width": 0, "Actual Startup Time": 0.634, "Actual Total Time": 939.394, "Actual Rows": 5348498, "Actual Loops": 1, "Inner Unique": false, "Plans": [{"Node Type": "Merge Join", "Parent Relationship": "Outer", "Parallel Aware": false, "Join Type": "Inner", "Startup Cost": 1.23, "Total Cost": 1395.28, "Plan Rows": 334, "Plan Width": 12, "Actual Startup Time": 0.611, "Actual Total Time": 97.099, "Actual Rows": 90546, "Actual Loops": 1, "Output": ["v.userid", "u.id", "b.userid"], "Inner Unique": true, "Merge Cond": "(v.userid = u.id)", "Plans": [{"Node Type": "Merge Join", "Parent Relationship": "Outer", "Parallel Aware": false, "Join Type": "Inner", "Startup Cost": 0.94, "Total Cost": 4207.11, "Plan Rows": 257855, "Plan Width": 8, "Actual Startup Time": 0.051, "Actual Total Time": 68.088, "Actual Rows": 360495, "Actual Loops": 1, "Output": ["v.userid", "b.userid"], "Inner Unique": false, "Merge Cond": "(b.userid = v.userid)", "Plans": [{"Node Type": "Index Only Scan", "Parent Relationship": "Outer", "Parallel Aware": false, "Scan Direction": "Forward", "Index Name": "idx_badges_userid", "Relation Name": "badges", "Schema": "public", "Alias": "b", "Startup Cost": 0.29, "Total Cost": 713.65, "Plan Rows": 32624, "Plan Width": 4, "Actual Startup Time": 0.018, "Actual Total Time": 3.56, "Actual Rows": 32624, "Actual Loops": 1, "Output": ["b.userid"], "Heap Fetches": 0}, {"Node Type": "Materialize", "Parent Relationship": "Inner", "Parallel Aware": false, "Startup Cost": 0.29, "Total Cost": 3458.37, "Plan Rows": 164233, "Plan Width": 4, "Actual Startup Time": 0.023, "Actual Total Time": 26.503, "Actual Rows": 361570, "Actual Loops": 1, "Output": ["v.userid"], "Plans": [{"Node Type": "Index Only Scan", "Parent Relationship": "Outer", "Parallel Aware": false, "Scan Direction": "Forward", "Index Name": "idx_votes_userid", "Relation Name": "votes", "Schema": "public", "Alias": "v", "Startup Cost": 0.29, "Total Cost": 3047.79, "Plan Rows": 164233, "Plan Width": 4, "Actual Startup Time": 0.017, "Actual Total Time": 1.551, "Actual Rows": 15603, "Actual Loops": 1, "Output": ["v.userid"], "Heap Fetches": 0}]}]}, {"Node Type": "Index Scan", "Parent Relationship": "Inner", "Parallel Aware": false, "Scan Direction": "Forward", "Index Name": "users_pkey", "Relation Name": "users", "Schema": "public", "Alias": "u", "Startup Cost": 0.29, "Total Cost": 658.66, "Plan Rows": 14723, "Plan Width": 4, "Actual Startup Time": 0.021, "Actual Total Time": 5.398, "Actual Rows": 14783, "Actual Loops": 1, "Output": ["u.id", "u.reputation", "u.creationdate", "u.views", "u.upvotes", "u.downvotes"], "Filter": "((u.views <= 270) AND (u.downvotes <= 27) AND (u.upvotes >= 0) AND (u.upvotes <= 1160))", "Rows Removed by Filter": 150}]}, {"Node Type": "Index Only Scan", "Parent Relationship": "Inner", "Parallel Aware": false, "Scan Direction": "Forward", "Index Name": "idx_posthistory_userid", "Relation Name": "posthistory", "Schema": "public", "Alias": "ph", "Startup Cost": 0.29, "Total Cost": 0.68, "Plan Rows": 20, "Plan Width": 4, "Actual Startup Time": 0.001, "Actual Total Time": 0.005, "Actual Rows": 59, "Actual Loops": 90546, "Output": ["ph.userid"], "Index Cond": "(ph.userid = u.id)", "Rows Removed by Index Recheck": 0, "Heap Fetches": 0}]}]}, "Planning Time": 1.905, "Triggers": [], "Execution Time": 1195.583}]
[{"Plan": {"Node Type": "Aggregate", "Strategy": "Plain", "Partial Mode": "Simple", "Parallel Aware": false, "Startup Cost": 2345.6, "Total Cost": 2345.61, "Plan Rows": 1, "Plan Width": 8, "Actual Startup Time": 63.79, "Actual Total Time": 63.797, "Actual Rows": 1, "Actual Loops": 1, "Output": ["count(*)"], "Plans": [{"Node Type": "Nested Loop", "Parent Relationship": "Outer", "Parallel Aware": false, "Join Type": "Inner", "Startup Cost": 1074.49, "Total Cost": 2344.0, "Plan Rows": 641, "Plan Width": 0, "Actual Startup Time": 9.646, "Actual Total Time": 56.888, "Actual Rows": 166778, "Actual Loops": 1, "Inner Unique": false, "Plans": [{"Node Type": "Nested Loop", "Parent Relationship": "Outer", "Parallel Aware": false, "Join Type": "Inner", "Startup Cost": 1074.21, "Total Cost": 2298.14, "Plan Rows": 123, "Plan Width": 4, "Actual Startup Time": 9.623, "Actual Total Time": 35.523, "Actual Rows": 2757, "Actual Loops": 1, "Output": ["c.userid"], "Inner Unique": false, "Join Filter": "(p.id = ph.postid)", "Rows Removed by Join Filter": 0, "Plans": [{"Node Type": "Nested Loop", "Parent Relationship": "Outer", "Parallel Aware": false, "Join Type": "Inner", "Startup Cost": 1073.91, "Total Cost": 2277.99, "Plan Rows": 41, "Plan Width": 20, "Actual Startup Time": 9.585, "Actual Total Time": 33.029, "Actual Rows": 362, "Actual Loops": 1, "Output": ["c.postid", "c.userid", "p.id", "pl.relatedpostid", "v.postid"], "Inner Unique": false, "Plans": [{"Node Type": "Nested Loop", "Parent Relationship": "Outer", "Parallel Aware": false, "Join Type": "Inner", "Startup Cost": 1073.62, "Total Cost": 2265.73, "Plan Rows": 21, "Plan Width": 12, "Actual Startup Time": 8.908, "Actual Total Time": 32.027, "Actual Rows": 87, "Actual Loops": 1, "Output": ["p.id", "pl.relatedpostid", "v.postid"], "Inner Unique": false, "Plans": [{"Node Type": "Hash Join", "Parent Relationship": "Outer", "Parallel Aware": false, "Join Type": "Inner", "Startup Cost": 1073.33, "Total Cost": 1150.72, "Plan Rows": 1478, "Plan Width": 8, "Actual Startup Time": 8.24, "Actual Total Time": 10.263, "Actual Rows": 2855, "Actual Loops": 1, "Output": ["p.id", "pl.relatedpostid"], "Inner Unique": true, "Hash Cond": "(pl.relatedpostid = p.id)", "Plans": [{"Node Type": "Seq Scan", "Parent Relationship": "Outer", "Parallel Aware": false, "Relation Name": "postlinks", "Schema": "public", "Alias": "pl", "Startup Cost": 0.0, "Total Cost": 67.33, "Plan Rows": 3833, "Plan Width": 4, "Actual Startup Time": 0.018, "Actual Total Time": 0.327, "Actual Rows": 3833, "Actual Loops": 1, "Output": ["pl.id", "pl.creationdate", "pl.postid", "pl.relatedpostid", "pl.linktypeid"]}, {"Node Type": "Hash", "Parent Relationship": "Inner", "Parallel Aware": false, "Startup Cost": 874.79, "Total Cost": 874.79, "Plan Rows": 15883, "Plan Width": 4, "Actual Startup Time": 8.115, "Actual Total Time": 8.116, "Actual Rows": 15890, "Actual Loops": 1, "Output": ["p.id"], "Hash Buckets": 16384, "Original Hash Buckets": 16384, "Hash Batches": 1, "Original Hash Batches": 1, "Peak Memory Usage": 687, "Plans": [{"Node Type": "Seq Scan", "Parent Relationship": "Outer", "Parallel Aware": false, "Relation Name": "posts", "Schema": "public", "Alias": "p", "Startup Cost": 0.0, "Total Cost": 874.79, "Plan Rows": 15883, "Plan Width": 4, "Actual Startup Time": 0.017, "Actual Total Time": 6.278, "Actual Rows": 15890, "Actual Loops": 1, "Output": ["p.id"], "Filter": "(p.answercount <= 4)", "Rows Removed by Filter": 25293}]}]}, {"Node Type": "Index Scan", "Parent Relationship": "Inner", "Parallel Aware": false, "Scan Direction": "Forward", "Index Name": "idx_votes_postid", "Relation Name": "votes", "Schema": "public", "Alias": "v", "Startup Cost": 0.29, "Total Cost": 0.74, "Plan Rows": 1, "Plan Width": 4, "Actual Startup Time": 0.007, "Actual Total Time": 0.007, "Actual Rows": 0, "Actual Loops": 2855, "Output": ["v.id", "v.postid", "v.votetypeid", "v.creationdate", "v.userid", "v.bountyamount"], "Index Cond": "(v.postid = p.id)", "Rows Removed by Index Recheck": 0, "Filter": "(v.bountyamount <= 100)", "Rows Removed by Filter": 9}]}, {"Node Type": "Index Scan", "Parent Relationship": "Inner", "Parallel Aware": false, "Scan Direction": "Forward", "Index Name": "idx_comments_postid", "Relation Name": "comments", "Schema": "public", "Alias": "c", "Startup Cost": 0.29, "Total Cost": 0.54, "Plan Rows": 4, "Plan Width": 8, "Actual Startup Time": 0.007, "Actual Total Time": 0.011, "Actual Rows": 4, "Actual Loops": 87, "Output": ["c.id", "c.postid", "c.score", "c.creationdate", "c.userid"], "Index Cond": "(c.postid = p.id)", "Rows Removed by Index Recheck": 0}]}, {"Node Type": "Index Scan", "Parent Relationship": "Inner", "Parallel Aware": false, "Scan Direction": "Forward", "Index Name": "idx_posthistory_postid", "Relation Name": "posthistory", "Schema": "public", "Alias": "ph", "Startup Cost": 0.29, "Total Cost": 0.44, "Plan Rows": 4, "Plan Width": 4, "Actual Startup Time": 0.003, "Actual Total Time": 0.006, "Actual Rows": 8, "Actual Loops": 362, "Output": ["ph.id", "ph.posthistorytypeid", "ph.postid", "ph.creationdate", "ph.userid"], "Index Cond": "(ph.postid = c.postid)", "Rows Removed by Index Recheck": 0, "Filter": "((ph.creationdate >= '2010-09-30 15:21:27'::timestamp without time zone) AND (ph.creationdate <= '2014-07-16 19:49:52'::timestamp without time zone))", "Rows Removed by Filter": 1}]}, {"Node Type": "Index Only Scan", "Parent Relationship": "Inner", "Parallel Aware": false, "Scan Direction": "Forward", "Index Name": "idx_badges_userid", "Relation Name": "badges", "Schema": "public", "Alias": "b", "Startup Cost": 0.29, "Total Cost": 0.34, "Plan Rows": 3, "Plan Width": 4, "Actual Startup Time": 0.001, "Actual Total Time": 0.004, "Actual Rows": 60, "Actual Loops": 2757, "Output": ["b.userid"], "Index Cond": "(b.userid = c.userid)", "Rows Removed by Index Recheck": 0, "Heap Fetches": 0}]}]}, "Planning Time": 9.079, "Triggers": [], "Execution Time": 63.944}]#####[{"Plan": {"Node Type": "Aggregate", "Strategy": "Plain", "Partial Mode": "Simple", "Parallel Aware": false, "Startup Cost": 4220.17, "Total Cost": 4220.18, "Plan Rows": 1, "Plan Width": 8, "Actual Startup Time": 76.685, "Actual Total Time": 76.695, "Actual Rows": 1, "Actual Loops": 1, "Output": ["count(*)"], "Plans": [{"Node Type": "Nested Loop", "Parent Relationship": "Outer", "Parallel Aware": false, "Join Type": "Inner", "Startup Cost": 2361.08, "Total Cost": 4204.12, "Plan Rows": 6418, "Plan Width": 0, "Actual Startup Time": 35.557, "Actual Total Time": 69.629, "Actual Rows": 166778, "Actual Loops": 1, "Inner Unique": false, "Plans": [{"Node Type": "Hash Join", "Parent Relationship": "Outer", "Parallel Aware": false, "Join Type": "Inner", "Startup Cost": 2360.79, "Total Cost": 4158.27, "Plan Rows": 123, "Plan Width": 4, "Actual Startup Time": 35.527, "Actual Total Time": 48.009, "Actual Rows": 2757, "Actual Loops": 1, "Output": ["c.userid"], "Inner Unique": false, "Hash Cond": "(c.postid = p.id)", "Plans": [{"Node Type": "Seq Scan", "Parent Relationship": "Outer", "Parallel Aware": false, "Relation Name": "comments", "Schema": "public", "Alias": "c", "Startup Cost": 0.0, "Total Cost": 1376.57, "Plan Rows": 79357, "Plan Width": 8, "Actual Startup Time": 0.021, "Actual Total Time": 5.194, "Actual Rows": 79357, "Actual Loops": 1, "Output": ["c.id", "c.postid", "c.score", "c.creationdate", "c.userid"]}, {"Node Type": "Hash", "Parent Relationship": "Inner", "Parallel Aware": false, "Startup Cost": 2280.79, "Total Cost": 2280.79, "Plan Rows": 6400, "Plan Width": 16, "Actual Startup Time": 35.114, "Actual Total Time": 35.12, "Actual Rows": 656, "Actual Loops": 1, "Output": ["p.id", "pl.relatedpostid", "ph.postid", "v.postid"], "Hash Buckets": 8192, "Original Hash Buckets": 8192, "Hash Batches": 1, "Original Hash Batches": 1, "Peak Memory Usage": 95, "Plans": [{"Node Type": "Nested Loop", "Parent Relationship": "Outer", "Parallel Aware": false, "Join Type": "Inner", "Startup Cost": 1073.91, "Total Cost": 2280.79, "Plan Rows": 6400, "Plan Width": 16, "Actual Startup Time": 11.886, "Actual Total Time": 34.992, "Actual Rows": 656, "Actual Loops": 1, "Output": ["p.id", "pl.relatedpostid", "ph.postid", "v.postid"], "Inner Unique": false, "Plans": [{"Node Type": "Nested Loop", "Parent Relationship": "Outer", "Parallel Aware": false, "Join Type": "Inner", "Startup Cost": 1073.62, "Total Cost": 2265.73, "Plan Rows": 21, "Plan Width": 12, "Actual Startup Time": 11.084, "Actual Total Time": 33.6, "Actual Rows": 87, "Actual Loops": 1, "Output": ["p.id", "pl.relatedpostid", "v.postid"], "Inner Unique": false, "Plans": [{"Node Type": "Hash Join", "Parent Relationship": "Outer", "Parallel Aware": false, "Join Type": "Inner", "Startup Cost": 1073.33, "Total Cost": 1150.72, "Plan Rows": 1478, "Plan Width": 8, "Actual Startup Time": 10.367, "Actual Total Time": 12.321, "Actual Rows": 2855, "Actual Loops": 1, "Output": ["p.id", "pl.relatedpostid"], "Inner Unique": true, "Hash Cond": "(pl.relatedpostid = p.id)", "Plans": [{"Node Type": "Seq Scan", "Parent Relationship": "Outer", "Parallel Aware": false, "Relation Name": "postlinks", "Schema": "public", "Alias": "pl", "Startup Cost": 0.0, "Total Cost": 67.33, "Plan Rows": 3833, "Plan Width": 4, "Actual Startup Time": 0.011, "Actual Total Time": 0.295, "Actual Rows": 3833, "Actual Loops": 1, "Output": ["pl.id", "pl.creationdate", "pl.postid", "pl.relatedpostid", "pl.linktypeid"]}, {"Node Type": "Hash", "Parent Relationship": "Inner", "Parallel Aware": false, "Startup Cost": 874.79, "Total Cost": 874.79, "Plan Rows": 15883, "Plan Width": 4, "Actual Startup Time": 10.26, "Actual Total Time": 10.261, "Actual Rows": 15890, "Actual Loops": 1, "Output": ["p.id"], "Hash Buckets": 16384, "Original Hash Buckets": 16384, "Hash Batches": 1, "Original Hash Batches": 1, "Peak Memory Usage": 687, "Plans": [{"Node Type": "Seq Scan", "Parent Relationship": "Outer", "Parallel Aware": false, "Relation Name": "posts", "Schema": "public", "Alias": "p", "Startup Cost": 0.0, "Total Cost": 874.79, "Plan Rows": 15883, "Plan Width": 4, "Actual Startup Time": 0.024, "Actual Total Time": 7.867, "Actual Rows": 15890, "Actual Loops": 1, "Output": ["p.id"], "Filter": "(p.answercount <= 4)", "Rows Removed by Filter": 25293}]}]}, {"Node Type": "Index Scan", "Parent Relationship": "Inner", "Parallel Aware": false, "Scan Direction": "Forward", "Index Name": "idx_votes_postid", "Relation Name": "votes", "Schema": "public", "Alias": "v", "Startup Cost": 0.29, "Total Cost": 0.74, "Plan Rows": 1, "Plan Width": 4, "Actual Startup Time": 0.007, "Actual Total Time": 0.007, "Actual Rows": 0, "Actual Loops": 2855, "Output": ["v.id", "v.postid", "v.votetypeid", "v.creationdate", "v.userid", "v.bountyamount"], "Index Cond": "(v.postid = p.id)", "Rows Removed by Index Recheck": 0, "Filter": "(v.bountyamount <= 100)", "Rows Removed by Filter": 9}]}, {"Node Type": "Index Scan", "Parent Relationship": "Inner", "Parallel Aware": false, "Scan Direction": "Forward", "Index Name": "idx_posthistory_postid", "Relation Name": "posthistory", "Schema": "public", "Alias": "ph", "Startup Cost": 0.29, "Total Cost": 0.68, "Plan Rows": 4, "Plan Width": 4, "Actual Startup Time": 0.008, "Actual Total Time": 0.015, "Actual Rows": 8, "Actual Loops": 87, "Output": ["ph.id", "ph.posthistorytypeid", "ph.postid", "ph.creationdate", "ph.userid"], "Index Cond": "(ph.postid = p.id)", "Rows Removed by Index Recheck": 0, "Filter": "((ph.creationdate >= '2010-09-30 15:21:27'::timestamp without time zone) AND (ph.creationdate <= '2014-07-16 19:49:52'::timestamp without time zone))", "Rows Removed by Filter": 1}]}]}]}, {"Node Type": "Index Only Scan", "Parent Relationship": "Inner", "Parallel Aware": false, "Scan Direction": "Forward", "Index Name": "idx_badges_userid", "Relation Name": "badges", "Schema": "public", "Alias": "b", "Startup Cost": 0.29, "Total Cost": 0.34, "Plan Rows": 3, "Plan Width": 4, "Actual Startup Time": 0.001, "Actual Total Time": 0.004, "Actual Rows": 60, "Actual Loops": 2757, "Output": ["b.userid"], "Index Cond": "(b.userid = c.userid)", "Rows Removed by Index Recheck": 0, "Heap Fetches": 0}]}]}, "Planning Time": 7.027, "Triggers": [], "Execution Time": 76.902}]#####[{"Plan": {"Node Type": "Aggregate", "Strategy": "Plain", "Partial Mode": "Simple", "Parallel Aware": false, "Startup Cost": 2235.8, "Total Cost": 2235.81, "Plan Rows": 1, "Plan Width": 8, "Actual Startup Time": 89.99, "Actual Total Time": 89.997, "Actual Rows": 1, "Actual Loops": 1, "Output": ["count(*)"], "Plans": [{"Node Type": "Nested Loop", "Parent Relationship": "Outer", "Parallel Aware": false, "Join Type": "Inner", "Startup Cost": 1074.49, "Total Cost": 2219.75, "Plan Rows": 6418, "Plan Width": 0, "Actual Startup Time": 11.423, "Actual Total Time": 83.088, "Actual Rows": 166778, "Actual Loops": 1, "Inner Unique": false, "Plans": [{"Node Type": "Nested Loop", "Parent Relationship": "Outer", "Parallel Aware": false, "Join Type": "Inner", "Startup Cost": 1074.21, "Total Cost": 2173.89, "Plan Rows": 123, "Plan Width": 4, "Actual Startup Time": 11.399, "Actual Total Time": 61.459, "Actual Rows": 2757, "Actual Loops": 1, "Output": ["c.userid"], "Inner Unique": false, "Join Filter": "(p.id = ph.postid)", "Rows Removed by Join Filter": 0, "Plans": [{"Node Type": "Nested Loop", "Parent Relationship": "Outer", "Parallel Aware": false, "Join Type": "Inner", "Startup Cost": 1073.91, "Total Cost": 2153.75, "Plan Rows": 41, "Plan Width": 20, "Actual Startup Time": 11.36, "Actual Total Time": 58.91, "Actual Rows": 362, "Actual Loops": 1, "Output": ["c.postid", "c.userid", "p.id", "pl.relatedpostid", "v.postid"], "Inner Unique": false, "Join Filter": "(p.id = v.postid)", "Rows Removed by Join Filter": 0, "Plans": [{"Node Type": "Nested Loop", "Parent Relationship": "Outer", "Parallel Aware": false, "Join Type": "Inner", "Startup Cost": 1073.62, "Total Cost": 2013.61, "Plan Rows": 284, "Plan Width": 16, "Actual Startup Time": 10.052, "Actual Total Time": 23.863, "Actual Rows": 7624, "Actual Loops": 1, "Output": ["c.postid", "c.userid", "p.id", "pl.relatedpostid"], "Inner Unique": false, "Plans": [{"Node Type": "Hash Join", "Parent Relationship": "Outer", "Parallel Aware": false, "Join Type": "Inner", "Startup Cost": 1073.33, "Total Cost": 1150.72, "Plan Rows": 1478, "Plan Width": 8, "Actual Startup Time": 10.024, "Actual Total Time": 12.18, "Actual Rows": 2855, "Actual Loops": 1, "Output": ["p.id", "pl.relatedpostid"], "Inner Unique": true, "Hash Cond": "(pl.relatedpostid = p.id)", "Plans": [{"Node Type": "Seq Scan", "Parent Relationship": "Outer", "Parallel Aware": false, "Relation Name": "postlinks", "Schema": "public", "Alias": "pl", "Startup Cost": 0.0, "Total Cost": 67.33, "Plan Rows": 3833, "Plan Width": 4, "Actual Startup Time": 0.015, "Actual Total Time": 0.328, "Actual Rows": 3833, "Actual Loops": 1, "Output": ["pl.id", "pl.creationdate", "pl.postid", "pl.relatedpostid", "pl.linktypeid"]}, {"Node Type": "Hash", "Parent Relationship": "Inner", "Parallel Aware": false, "Startup Cost": 874.79, "Total Cost": 874.79, "Plan Rows": 15883, "Plan Width": 4, "Actual Startup Time": 9.877, "Actual Total Time": 9.877, "Actual Rows": 15890, "Actual Loops": 1, "Output": ["p.id"], "Hash Buckets": 16384, "Original Hash Buckets": 16384, "Hash Batches": 1, "Original Hash Batches": 1, "Peak Memory Usage": 687, "Plans": [{"Node Type": "Seq Scan", "Parent Relationship": "Outer", "Parallel Aware": false, "Relation Name": "posts", "Schema": "public", "Alias": "p", "Startup Cost": 0.0, "Total Cost": 874.79, "Plan Rows": 15883, "Plan Width": 4, "Actual Startup Time": 0.021, "Actual Total Time": 7.541, "Actual Rows": 15890, "Actual Loops": 1, "Output": ["p.id"], "Filter": "(p.answercount <= 4)", "Rows Removed by Filter": 25293}]}]}, {"Node Type": "Index Scan", "Parent Relationship": "Inner", "Parallel Aware": false, "Scan Direction": "Forward", "Index Name": "idx_comments_postid", "Relation Name": "comments", "Schema": "public", "Alias": "c", "Startup Cost": 0.29, "Total Cost": 0.54, "Plan Rows": 4, "Plan Width": 8, "Actual Startup Time": 0.003, "Actual Total Time": 0.004, "Actual Rows": 3, "Actual Loops": 2855, "Output": ["c.id", "c.postid", "c.score", "c.creationdate", "c.userid"], "Index Cond": "(c.postid = p.id)", "Rows Removed by Index Recheck": 0}]}, {"Node Type": "Index Scan", "Parent Relationship": "Inner", "Parallel Aware": false, "Scan Direction": "Forward", "Index Name": "idx_votes_postid", "Relation Name": "votes", "Schema": "public", "Alias": "v", "Startup Cost": 0.29, "Total Cost": 0.48, "Plan Rows": 1, "Plan Width": 4, "Actual Startup Time": 0.004, "Actual Total Time": 0.004, "Actual Rows": 0, "Actual Loops": 7624, "Output": ["v.id", "v.postid", "v.votetypeid", "v.creationdate", "v.userid", "v.bountyamount"], "Index Cond": "(v.postid = c.postid)", "Rows Removed by Index Recheck": 0, "Filter": "(v.bountyamount <= 100)", "Rows Removed by Filter": 9}]}, {"Node Type": "Index Scan", "Parent Relationship": "Inner", "Parallel Aware": false, "Scan Direction": "Forward", "Index Name": "idx_posthistory_postid", "Relation Name": "posthistory", "Schema": "public", "Alias": "ph", "Startup Cost": 0.29, "Total Cost": 0.44, "Plan Rows": 4, "Plan Width": 4, "Actual Startup Time": 0.003, "Actual Total Time": 0.006, "Actual Rows": 8, "Actual Loops": 362, "Output": ["ph.id", "ph.posthistorytypeid", "ph.postid", "ph.creationdate", "ph.userid"], "Index Cond": "(ph.postid = c.postid)", "Rows Removed by Index Recheck": 0, "Filter": "((ph.creationdate >= '2010-09-30 15:21:27'::timestamp without time zone) AND (ph.creationdate <= '2014-07-16 19:49:52'::timestamp without time zone))", "Rows Removed by Filter": 1}]}, {"Node Type": "Index Only Scan", "Parent Relationship": "Inner", "Parallel Aware": false, "Scan Direction": "Forward", "Index Name": "idx_badges_userid", "Relation Name": "badges", "Schema": "public", "Alias": "b", "Startup Cost": 0.29, "Total Cost": 0.34, "Plan Rows": 3, "Plan Width": 4, "Actual Startup Time": 0.001, "Actual Total Time": 0.004, "Actual Rows": 60, "Actual Loops": 2757, "Output": ["b.userid"], "Index Cond": "(b.userid = c.userid)", "Rows Removed by Index Recheck": 0, "Heap Fetches": 0}]}]}, "Planning Time": 5.263, "Triggers": [], "Execution Time": 90.177}]
[{"Plan": {"Node Type": "Aggregate", "Strategy": "Plain", "Partial Mode": "Simple", "Parallel Aware": false, "Startup Cost": 10483.73, "Total Cost": 10483.74, "Plan Rows": 1, "Plan Width": 8, "Actual Startup Time": 34.087, "Actual Total Time": 34.094, "Actual Rows": 1, "Actual Loops": 1, "Output": ["count(*)"], "Plans": [{"Node Type": "Hash Join", "Parent Relationship": "Outer", "Parallel Aware": false, "Join Type": "Inner", "Startup Cost": 2526.14, "Total Cost": 6138.39, "Plan Rows": 1738136, "Plan Width": 0, "Actual Startup Time": 34.076, "Actual Total Time": 34.083, "Actual Rows": 0, "Actual Loops": 1, "Inner Unique": false, "Hash Cond": "(c.userid = u.id)", "Plans": [{"Node Type": "Seq Scan", "Parent Relationship": "Outer", "Parallel Aware": false, "Relation Name": "comments", "Schema": "public", "Alias": "c", "Startup Cost": 0.0, "Total Cost": 1376.57, "Plan Rows": 79357, "Plan Width": 4, "Actual Startup Time": 0.015, "Actual Total Time": 0.018, "Actual Rows": 1, "Actual Loops": 1, "Output": ["c.id", "c.postid", "c.score", "c.creationdate", "c.userid"]}, {"Node Type": "Hash", "Parent Relationship": "Inner", "Parallel Aware": false, "Startup Cost": 2105.87, "Total Cost": 2105.87, "Plan Rows": 33622, "Plan Width": 16, "Actual Startup Time": 33.724, "Actual Total Time": 33.727, "Actual Rows": 0, "Actual Loops": 1, "Output": ["ph.userid", "b.userid", "v.userid", "u.id"], "Hash Buckets": 65536, "Original Hash Buckets": 65536, "Hash Batches": 1, "Original Hash Batches": 1, "Peak Memory Usage": 512, "Plans": [{"Node Type": "Nested Loop", "Parent Relationship": "Outer", "Parallel Aware": false, "Join Type": "Inner", "Startup Cost": 1.16, "Total Cost": 2105.87, "Plan Rows": 33622, "Plan Width": 16, "Actual Startup Time": 33.724, "Actual Total Time": 33.725, "Actual Rows": 0, "Actual Loops": 1, "Output": ["ph.userid", "b.userid", "v.userid", "u.id"], "Inner Unique": false, "Join Filter": "(u.id = ph.userid)", "Rows Removed by Join Filter": 0, "Plans": [{"Node Type": "Nested Loop", "Parent Relationship": "Outer", "Parallel Aware": false, "Join Type": "Inner", "Startup Cost": 0.87, "Total Cost": 1461.9, "Plan Rows": 715, "Plan Width": 12, "Actual Startup Time": 33.723, "Actual Total Time": 33.724, "Actual Rows": 0, "Actual Loops": 1, "Output": ["b.userid", "v.userid", "u.id"], "Inner Unique": false, "Plans": [{"Node Type": "Merge Join", "Parent Relationship": "Outer", "Parallel Aware": false, "Join Type": "Inner", "Startup Cost": 0.58, "Total Cost": 1445.26, "Plan Rows": 43, "Plan Width": 8, "Actual Startup Time": 33.722, "Actual Total Time": 33.723, "Actual Rows": 0, "Actual Loops": 1, "Output": ["v.userid", "u.id"], "Inner Unique": true, "Merge Cond": "(v.userid = u.id)", "Plans": [{"Node Type": "Index Scan", "Parent Relationship": "Outer", "Parallel Aware": false, "Scan Direction": "Forward", "Index Name": "idx_votes_userid", "Relation Name": "votes", "Schema": "public", "Alias": "v", "Startup Cost": 0.29, "Total Cost": 7141.32, "Plan Rows": 516, "Plan Width": 4, "Actual Startup Time": 33.721, "Actual Total Time": 33.721, "Actual Rows": 0, "Actual Loops": 1, "Output": ["v.id", "v.postid", "v.votetypeid", "v.creationdate", "v.userid", "v.bountyamount"], "Filter": "((v.bountyamount >= 0) AND (v.creationdate <= '2014-09-05 00:00:00'::timestamp without time zone) AND (v.votetypeid = 2))", "Rows Removed by Filter": 164233}, {"Node Type": "Index Scan", "Parent Relationship": "Inner", "Parallel Aware": false, "Scan Direction": "Forward", "Index Name": "users_pkey", "Relation Name": "users", "Schema": "public", "Alias": "u", "Startup Cost": 0.29, "Total Cost": 733.33, "Plan Rows": 13182, "Plan Width": 4, "Actual Startup Time": 0.0, "Actual Total Time": 0.0, "Actual Rows": 0, "Actual Loops": 0, "Output": ["u.id", "u.reputation", "u.creationdate", "u.views", "u.upvotes", "u.downvotes"], "Filter": "((u.reputation <= 365) AND (u.downvotes >= 0) AND (u.downvotes <= 0) AND (u.upvotes <= 48) AND (u.creationdate >= '2010-07-19 19:09:42'::timestamp without time zone) AND (u.creationdate <= '2014-08-16 06:03:32'::timestamp without time zone))", "Rows Removed by Filter": 0}]}, {"Node Type": "Index Only Scan", "Parent Relationship": "Inner", "Parallel Aware": false, "Scan Direction": "Forward", "Index Name": "idx_badges_userid", "Relation Name": "badges", "Schema": "public", "Alias": "b", "Startup Cost": 0.29, "Total Cost": 0.36, "Plan Rows": 3, "Plan Width": 4, "Actual Startup Time": 0.0, "Actual Total Time": 0.0, "Actual Rows": 0, "Actual Loops": 0, "Output": ["b.userid"], "Index Cond": "(b.userid = u.id)", "Rows Removed by Index Recheck": 0, "Heap Fetches": 0}]}, {"Node Type": "Index Scan", "Parent Relationship": "Inner", "Parallel Aware": false, "Scan Direction": "Forward", "Index Name": "idx_posthistory_userid", "Relation Name": "posthistory", "Schema": "public", "Alias": "ph", "Startup Cost": 0.29, "Total Cost": 0.83, "Plan Rows": 6, "Plan Width": 4, "Actual Startup Time": 0.0, "Actual Total Time": 0.0, "Actual Rows": 0, "Actual Loops": 0, "Output": ["ph.id", "ph.posthistorytypeid", "ph.postid", "ph.creationdate", "ph.userid"], "Index Cond": "(ph.userid = b.userid)", "Rows Removed by Index Recheck": 0, "Filter": "(ph.posthistorytypeid = 2)", "Rows Removed by Filter": 0}]}]}]}]}, "Planning Time": 2.728, "Triggers": [], "Execution Time": 34.333}]#####[{"Plan": {"Node Type": "Aggregate", "Strategy": "Plain", "Partial Mode": "Simple", "Parallel Aware": false, "Startup Cost": 47421.49, "Total Cost": 47421.5, "Plan Rows": 1, "Plan Width": 8, "Actual Startup Time": 30.528, "Actual Total Time": 30.533, "Actual Rows": 1, "Actual Loops": 1, "Output": ["count(*)"], "Plans": [{"Node Type": "Merge Join", "Parent Relationship": "Outer", "Parallel Aware": false, "Join Type": "Inner", "Startup Cost": 2.08, "Total Cost": 3968.09, "Plan Rows": 17381362, "Plan Width": 0, "Actual Startup Time": 30.519, "Actual Total Time": 30.524, "Actual Rows": 0, "Actual Loops": 1, "Inner Unique": false, "Merge Cond": "(u.id = c.userid)", "Plans": [{"Node Type": "Nested Loop", "Parent Relationship": "Outer", "Parallel Aware": false, "Join Type": "Inner", "Startup Cost": 1.16, "Total Cost": 2105.87, "Plan Rows": 3362, "Plan Width": 16, "Actual Startup Time": 30.519, "Actual Total Time": 30.522, "Actual Rows": 0, "Actual Loops": 1, "Output": ["ph.userid", "b.userid", "v.userid", "u.id"], "Inner Unique": false, "Join Filter": "(u.id = ph.userid)", "Rows Removed by Join Filter": 0, "Plans": [{"Node Type": "Nested Loop", "Parent Relationship": "Outer", "Parallel Aware": false, "Join Type": "Inner", "Startup Cost": 0.87, "Total Cost": 1461.9, "Plan Rows": 715, "Plan Width": 12, "Actual Startup Time": 30.518, "Actual Total Time": 30.522, "Actual Rows": 0, "Actual Loops": 1, "Output": ["b.userid", "v.userid", "u.id"], "Inner Unique": false, "Plans": [{"Node Type": "Merge Join", "Parent Relationship": "Outer", "Parallel Aware": false, "Join Type": "Inner", "Startup Cost": 0.58, "Total Cost": 1445.26, "Plan Rows": 43, "Plan Width": 8, "Actual Startup Time": 30.517, "Actual Total Time": 30.521, "Actual Rows": 0, "Actual Loops": 1, "Output": ["v.userid", "u.id"], "Inner Unique": true, "Merge Cond": "(v.userid = u.id)", "Plans": [{"Node Type": "Index Scan", "Parent Relationship": "Outer", "Parallel Aware": false, "Scan Direction": "Forward", "Index Name": "idx_votes_userid", "Relation Name": "votes", "Schema": "public", "Alias": "v", "Startup Cost": 0.29, "Total Cost": 7141.32, "Plan Rows": 516, "Plan Width": 4, "Actual Startup Time": 30.517, "Actual Total Time": 30.519, "Actual Rows": 0, "Actual Loops": 1, "Output": ["v.id", "v.postid", "v.votetypeid", "v.creationdate", "v.userid", "v.bountyamount"], "Filter": "((v.bountyamount >= 0) AND (v.creationdate <= '2014-09-05 00:00:00'::timestamp without time zone) AND (v.votetypeid = 2))", "Rows Removed by Filter": 164233}, {"Node Type": "Index Scan", "Parent Relationship": "Inner", "Parallel Aware": false, "Scan Direction": "Forward", "Index Name": "users_pkey", "Relation Name": "users", "Schema": "public", "Alias": "u", "Startup Cost": 0.29, "Total Cost": 733.33, "Plan Rows": 13182, "Plan Width": 4, "Actual Startup Time": 0.0, "Actual Total Time": 0.0, "Actual Rows": 0, "Actual Loops": 0, "Output": ["u.id", "u.reputation", "u.creationdate", "u.views", "u.upvotes", "u.downvotes"], "Filter": "((u.reputation <= 365) AND (u.downvotes >= 0) AND (u.downvotes <= 0) AND (u.upvotes <= 48) AND (u.creationdate >= '2010-07-19 19:09:42'::timestamp without time zone) AND (u.creationdate <= '2014-08-16 06:03:32'::timestamp without time zone))", "Rows Removed by Filter": 0}]}, {"Node Type": "Index Only Scan", "Parent Relationship": "Inner", "Parallel Aware": false, "Scan Direction": "Forward", "Index Name": "idx_badges_userid", "Relation Name": "badges", "Schema": "public", "Alias": "b", "Startup Cost": 0.29, "Total Cost": 0.36, "Plan Rows": 3, "Plan Width": 4, "Actual Startup Time": 0.0, "Actual Total Time": 0.0, "Actual Rows": 0, "Actual Loops": 0, "Output": ["b.userid"], "Index Cond": "(b.userid = u.id)", "Rows Removed by Index Recheck": 0, "Heap Fetches": 0}]}, {"Node Type": "Index Scan", "Parent Relationship": "Inner", "Parallel Aware": false, "Scan Direction": "Forward", "Index Name": "idx_posthistory_userid", "Relation Name": "posthistory", "Schema": "public", "Alias": "ph", "Startup Cost": 0.29, "Total Cost": 0.83, "Plan Rows": 6, "Plan Width": 4, "Actual Startup Time": 0.0, "Actual Total Time": 0.0, "Actual Rows": 0, "Actual Loops": 0, "Output": ["ph.id", "ph.posthistorytypeid", "ph.postid", "ph.creationdate", "ph.userid"], "Index Cond": "(ph.userid = b.userid)", "Rows Removed by Index Recheck": 0, "Filter": "(ph.posthistorytypeid = 2)", "Rows Removed by Filter": 0}]}, {"Node Type": "Index Only Scan", "Parent Relationship": "Inner", "Parallel Aware": false, "Scan Direction": "Forward", "Index Name": "idx_comments_userid", "Relation Name": "comments", "Schema": "public", "Alias": "c", "Startup Cost": 0.29, "Total Cost": 1526.65, "Plan Rows": 79357, "Plan Width": 4, "Actual Startup Time": 0.0, "Actual Total Time": 0.0, "Actual Rows": 0, "Actual Loops": 0, "Output": ["c.userid"], "Heap Fetches": 0}]}]}, "Planning Time": 2.708, "Triggers": [], "Execution Time": 30.68}]#####[{"Plan": {"Node Type": "Aggregate", "Strategy": "Plain", "Partial Mode": "Simple", "Parallel Aware": false, "Startup Cost": 50811.3, "Total Cost": 50811.31, "Plan Rows": 1, "Plan Width": 8, "Actual Startup Time": 41.576, "Actual Total Time": 41.588, "Actual Rows": 1, "Actual Loops": 1, "Output": ["count(*)"], "Plans": [{"Node Type": "Hash Join", "Parent Relationship": "Outer", "Parallel Aware": false, "Join Type": "Inner", "Startup Cost": 3086.55, "Total Cost": 7357.89, "Plan Rows": 17381362, "Plan Width": 0, "Actual Startup Time": 41.563, "Actual Total Time": 41.575, "Actual Rows": 0, "Actual Loops": 1, "Inner Unique": false, "Hash Cond": "(b.userid = u.id)", "Plans": [{"Node Type": "Nested Loop", "Parent Relationship": "Outer", "Parallel Aware": false, "Join Type": "Inner", "Startup Cost": 0.88, "Total Cost": 2199.22, "Plan Rows": 38093, "Plan Width": 12, "Actual Startup Time": 41.562, "Actual Total Time": 41.567, "Actual Rows": 0, "Actual Loops": 1, "Output": ["ph.userid", "b.userid", "v.userid"], "Inner Unique": false, "Plans": [{"Node Type": "Merge Join", "Parent Relationship": "Outer", "Parallel Aware": false, "Join Type": "Inner", "Startup Cost": 0.58, "Total Cost": 1481.85, "Plan Rows": 810, "Plan Width": 8, "Actual Startup Time": 41.562, "Actual Total Time": 41.565, "Actual Rows": 0, "Actual Loops": 1, "Output": ["b.userid", "v.userid"], "Inner Unique": false, "Merge Cond": "(v.userid = b.userid)", "Plans": [{"Node Type": "Index Scan", "Parent Relationship": "Outer", "Parallel Aware": false, "Scan Direction": "Forward", "Index Name": "idx_votes_userid", "Relation Name": "votes", "Schema": "public", "Alias": "v", "Startup Cost": 0.29, "Total Cost": 7141.32, "Plan Rows": 516, "Plan Width": 4, "Actual Startup Time": 41.561, "Actual Total Time": 41.563, "Actual Rows": 0, "Actual Loops": 1, "Output": ["v.id", "v.postid", "v.votetypeid", "v.creationdate", "v.userid", "v.bountyamount"], "Filter": "((v.bountyamount >= 0) AND (v.creationdate <= '2014-09-05 00:00:00'::timestamp without time zone) AND (v.votetypeid = 2))", "Rows Removed by Filter": 164233}, {"Node Type": "Index Only Scan", "Parent Relationship": "Inner", "Parallel Aware": false, "Scan Direction": "Forward", "Index Name": "idx_badges_userid", "Relation Name": "badges", "Schema": "public", "Alias": "b", "Startup Cost": 0.29, "Total Cost": 713.65, "Plan Rows": 32624, "Plan Width": 4, "Actual Startup Time": 0.0, "Actual Total Time": 0.0, "Actual Rows": 0, "Actual Loops": 0, "Output": ["b.userid"], "Heap Fetches": 0}]}, {"Node Type": "Index Scan", "Parent Relationship": "Inner", "Parallel Aware": false, "Scan Direction": "Forward", "Index Name": "idx_posthistory_userid", "Relation Name": "posthistory", "Schema": "public", "Alias": "ph", "Startup Cost": 0.29, "Total Cost": 0.83, "Plan Rows": 6, "Plan Width": 4, "Actual Startup Time": 0.0, "Actual Total Time": 0.0, "Actual Rows": 0, "Actual Loops": 0, "Output": ["ph.id", "ph.posthistorytypeid", "ph.postid", "ph.creationdate", "ph.userid"], "Index Cond": "(ph.userid = b.userid)", "Rows Removed by Index Recheck": 0, "Filter": "(ph.posthistorytypeid = 2)", "Rows Removed by Filter": 0}]}, {"Node Type": "Hash", "Parent Relationship": "Inner", "Parallel Aware": false, "Startup Cost": 2233.09, "Total Cost": 2233.09, "Plan Rows": 68207, "Plan Width": 8, "Actual Startup Time": 0.0, "Actual Total Time": 0.0, "Actual Rows": 0, "Actual Loops": 0, "Output": ["c.userid", "u.id"], "Plans": [{"Node Type": "Hash Join", "Parent Relationship": "Outer", "Parallel Aware": false, "Join Type": "Inner", "Startup Cost": 648.15, "Total Cost": 2233.09, "Plan Rows": 68207, "Plan Width": 8, "Actual Startup Time": 0.0, "Actual Total Time": 0.0, "Actual Rows": 0, "Actual Loops": 0, "Output": ["c.userid", "u.id"], "Inner Unique": true, "Hash Cond": "(c.userid = u.id)", "Plans": [{"Node Type": "Seq Scan", "Parent Relationship": "Outer", "Parallel Aware": false, "Relation Name": "comments", "Schema": "public", "Alias": "c", "Startup Cost": 0.0, "Total Cost": 1376.57, "Plan Rows": 79357, "Plan Width": 4, "Actual Startup Time": 0.0, "Actual Total Time": 0.0, "Actual Rows": 0, "Actual Loops": 0, "Output": ["c.id", "c.postid", "c.score", "c.creationdate", "c.userid"]}, {"Node Type": "Hash", "Parent Relationship": "Inner", "Parallel Aware": false, "Startup Cost": 483.38, "Total Cost": 483.38, "Plan Rows": 13182, "Plan Width": 4, "Actual Startup Time": 0.0, "Actual Total Time": 0.0, "Actual Rows": 0, "Actual Loops": 0, "Output": ["u.id"], "Plans": [{"Node Type": "Seq Scan", "Parent Relationship": "Outer", "Parallel Aware": false, "Relation Name": "users", "Schema": "public", "Alias": "u", "Startup Cost": 0.0, "Total Cost": 483.38, "Plan Rows": 13182, "Plan Width": 4, "Actual Startup Time": 0.0, "Actual Total Time": 0.0, "Actual Rows": 0, "Actual Loops": 0, "Output": ["u.id"], "Filter": "((u.reputation <= 365) AND (u.downvotes >= 0) AND (u.downvotes <= 0) AND (u.upvotes <= 48) AND (u.creationdate >= '2010-07-19 19:09:42'::timestamp without time zone) AND (u.creationdate <= '2014-08-16 06:03:32'::timestamp without time zone))", "Rows Removed by Filter": 0}]}]}]}]}]}, "Planning Time": 2.858, "Triggers": [], "Execution Time": 41.781}]
[{"Plan": {"Node Type": "Aggregate", "Strategy": "Plain", "Partial Mode": "Simple", "Parallel Aware": false, "Startup Cost": 302.5, "Total Cost": 302.51, "Plan Rows": 1, "Plan Width": 8, "Actual Startup Time": 2.318, "Actual Total Time": 2.322, "Actual Rows": 1, "Actual Loops": 1, "Output": ["count(*)"], "Plans": [{"Node Type": "Nested Loop", "Parent Relationship": "Outer", "Parallel Aware": false, "Join Type": "Inner", "Startup Cost": 0.87, "Total Cost": 302.5, "Plan Rows": 1, "Plan Width": 0, "Actual Startup Time": 2.31, "Actual Total Time": 2.313, "Actual Rows": 0, "Actual Loops": 1, "Inner Unique": false, "Join Filter": "(u.id = b.userid)", "Rows Removed by Join Filter": 0, "Plans": [{"Node Type": "Nested Loop", "Parent Relationship": "Outer", "Parallel Aware": false, "Join Type": "Inner", "Startup Cost": 0.59, "Total Cost": 302.12, "Plan Rows": 1, "Plan Width": 12, "Actual Startup Time": 2.31, "Actual Total Time": 2.313, "Actual Rows": 0, "Actual Loops": 1, "Output": ["c.userid", "v.userid", "u.id"], "Inner Unique": false, "Join Filter": "(u.id = c.userid)", "Rows Removed by Join Filter": 0, "Plans": [{"Node Type": "Nested Loop", "Parent Relationship": "Outer", "Parallel Aware": false, "Join Type": "Inner", "Startup Cost": 0.29, "Total Cost": 301.37, "Plan Rows": 1, "Plan Width": 8, "Actual Startup Time": 2.309, "Actual Total Time": 2.312, "Actual Rows": 0, "Actual Loops": 1, "Output": ["v.userid", "u.id"], "Inner Unique": false, "Plans": [{"Node Type": "Seq Scan", "Parent Relationship": "Outer", "Parallel Aware": false, "Relation Name": "users", "Schema": "public", "Alias": "u", "Startup Cost": 0.0, "Total Cost": 296.69, "Plan Rows": 1, "Plan Width": 4, "Actual Startup Time": 2.309, "Actual Total Time": 2.311, "Actual Rows": 0, "Actual Loops": 1, "Output": ["u.id", "u.reputation", "u.creationdate", "u.views", "u.upvotes", "u.downvotes"], "Filter": "(u.creationdate >= '2014-01-01 01:27:29'::timestamp without time zone)", "Rows Removed by Filter": 14935}, {"Node Type": "Index Only Scan", "Parent Relationship": "Inner", "Parallel Aware": false, "Scan Direction": "Forward", "Index Name": "idx_votes_userid", "Relation Name": "votes", "Schema": "public", "Alias": "v", "Startup Cost": 0.29, "Total Cost": 4.54, "Plan Rows": 14, "Plan Width": 4, "Actual Startup Time": 0.0, "Actual Total Time": 0.0, "Actual Rows": 0, "Actual Loops": 0, "Output": ["v.userid"], "Index Cond": "(v.userid = u.id)", "Rows Removed by Index Recheck": 0, "Heap Fetches": 0}]}, {"Node Type": "Index Scan", "Parent Relationship": "Inner", "Parallel Aware": false, "Scan Direction": "Forward", "Index Name": "idx_comments_userid", "Relation Name": "comments", "Schema": "public", "Alias": "c", "Startup Cost": 0.29, "Total Cost": 0.74, "Plan Rows": 1, "Plan Width": 4, "Actual Startup Time": 0.0, "Actual Total Time": 0.0, "Actual Rows": 0, "Actual Loops": 0, "Output": ["c.id", "c.postid", "c.score", "c.creationdate", "c.userid"], "Index Cond": "(c.userid = v.userid)", "Rows Removed by Index Recheck": 0, "Filter": "((c.creationdate >= '2014-01-22 23:17:28'::timestamp without time zone) AND (c.score = 2))", "Rows Removed by Filter": 0}]}, {"Node Type": "Index Only Scan", "Parent Relationship": "Inner", "Parallel Aware": false, "Scan Direction": "Forward", "Index Name": "idx_badges_userid", "Relation Name": "badges", "Schema": "public", "Alias": "b", "Startup Cost": 0.29, "Total Cost": 0.34, "Plan Rows": 3, "Plan Width": 4, "Actual Startup Time": 0.0, "Actual Total Time": 0.0, "Actual Rows": 0, "Actual Loops": 0, "Output": ["b.userid"], "Index Cond": "(b.userid = v.userid)", "Rows Removed by Index Recheck": 0, "Heap Fetches": 0}]}]}, "Planning Time": 4.136, "Triggers": [], "Execution Time": 2.425}]#####[{"Plan": {"Node Type": "Aggregate", "Strategy": "Plain", "Partial Mode": "Simple", "Parallel Aware": false, "Startup Cost": 340.75, "Total Cost": 340.76, "Plan Rows": 1, "Plan Width": 8, "Actual Startup Time": 1.588, "Actual Total Time": 1.592, "Actual Rows": 1, "Actual Loops": 1, "Output": ["count(*)"], "Plans": [{"Node Type": "Nested Loop", "Parent Relationship": "Outer", "Parallel Aware": false, "Join Type": "Inner", "Startup Cost": 0.88, "Total Cost": 340.75, "Plan Rows": 1, "Plan Width": 0, "Actual Startup Time": 1.582, "Actual Total Time": 1.585, "Actual Rows": 0, "Actual Loops": 1, "Inner Unique": false, "Join Filter": "(u.id = c.userid)", "Rows Removed by Join Filter": 0, "Plans": [{"Node Type": "Nested Loop", "Parent Relationship": "Outer", "Parallel Aware": false, "Join Type": "Inner", "Startup Cost": 0.58, "Total Cost": 339.25, "Plan Rows": 2, "Plan Width": 12, "Actual Startup Time": 1.582, "Actual Total Time": 1.584, "Actual Rows": 0, "Actual Loops": 1, "Output": ["v.userid", "b.userid", "u.id"], "Inner Unique": false, "Join Filter": "(u.id = b.userid)", "Rows Removed by Join Filter": 0, "Plans": [{"Node Type": "Nested Loop", "Parent Relationship": "Outer", "Parallel Aware": false, "Join Type": "Inner", "Startup Cost": 0.29, "Total Cost": 301.37, "Plan Rows": 100, "Plan Width": 8, "Actual Startup Time": 1.581, "Actual Total Time": 1.584, "Actual Rows": 0, "Actual Loops": 1, "Output": ["v.userid", "u.id"], "Inner Unique": false, "Plans": [{"Node Type": "Seq Scan", "Parent Relationship": "Outer", "Parallel Aware": false, "Relation Name": "users", "Schema": "public", "Alias": "u", "Startup Cost": 0.0, "Total Cost": 296.69, "Plan Rows": 1, "Plan Width": 4, "Actual Startup Time": 1.581, "Actual Total Time": 1.583, "Actual Rows": 0, "Actual Loops": 1, "Output": ["u.id", "u.reputation", "u.creationdate", "u.views", "u.upvotes", "u.downvotes"], "Filter": "(u.creationdate >= '2014-01-01 01:27:29'::timestamp without time zone)", "Rows Removed by Filter": 14935}, {"Node Type": "Index Only Scan", "Parent Relationship": "Inner", "Parallel Aware": false, "Scan Direction": "Forward", "Index Name": "idx_votes_userid", "Relation Name": "votes", "Schema": "public", "Alias": "v", "Startup Cost": 0.29, "Total Cost": 4.54, "Plan Rows": 14, "Plan Width": 4, "Actual Startup Time": 0.0, "Actual Total Time": 0.0, "Actual Rows": 0, "Actual Loops": 0, "Output": ["v.userid"], "Index Cond": "(v.userid = u.id)", "Rows Removed by Index Recheck": 0, "Heap Fetches": 0}]}, {"Node Type": "Index Only Scan", "Parent Relationship": "Inner", "Parallel Aware": false, "Scan Direction": "Forward", "Index Name": "idx_badges_userid", "Relation Name": "badges", "Schema": "public", "Alias": "b", "Startup Cost": 0.29, "Total Cost": 0.34, "Plan Rows": 3, "Plan Width": 4, "Actual Startup Time": 0.0, "Actual Total Time": 0.0, "Actual Rows": 0, "Actual Loops": 0, "Output": ["b.userid"], "Index Cond": "(b.userid = v.userid)", "Rows Removed by Index Recheck": 0, "Heap Fetches": 0}]}, {"Node Type": "Index Scan", "Parent Relationship": "Inner", "Parallel Aware": false, "Scan Direction": "Forward", "Index Name": "idx_comments_userid", "Relation Name": "comments", "Schema": "public", "Alias": "c", "Startup Cost": 0.29, "Total Cost": 0.74, "Plan Rows": 1, "Plan Width": 4, "Actual Startup Time": 0.0, "Actual Total Time": 0.0, "Actual Rows": 0, "Actual Loops": 0, "Output": ["c.id", "c.postid", "c.score", "c.creationdate", "c.userid"], "Index Cond": "(c.userid = v.userid)", "Rows Removed by Index Recheck": 0, "Filter": "((c.creationdate >= '2014-01-22 23:17:28'::timestamp without time zone) AND (c.score = 2))", "Rows Removed by Filter": 0}]}]}, "Planning Time": 3.63, "Triggers": [], "Execution Time": 1.677}]
[{"Plan": {"Node Type": "Aggregate", "Strategy": "Plain", "Partial Mode": "Simple", "Parallel Aware": false, "Startup Cost": 18065.93, "Total Cost": 18065.94, "Plan Rows": 1, "Plan Width": 8, "Actual Startup Time": 43.534, "Actual Total Time": 43.544, "Actual Rows": 1, "Actual Loops": 1, "Output": ["count(*)"], "Plans": [{"Node Type": "Hash Join", "Parent Relationship": "Outer", "Parallel Aware": false, "Join Type": "Inner", "Startup Cost": 1541.88, "Total Cost": 5530.16, "Plan Rows": 5014311, "Plan Width": 0, "Actual Startup Time": 43.523, "Actual Total Time": 43.533, "Actual Rows": 0, "Actual Loops": 1, "Inner Unique": false, "Hash Cond": "(c.userid = u.id)", "Plans": [{"Node Type": "Seq Scan", "Parent Relationship": "Outer", "Parallel Aware": false, "Relation Name": "comments", "Schema": "public", "Alias": "c", "Startup Cost": 0.0, "Total Cost": 1773.36, "Plan Rows": 57016, "Plan Width": 4, "Actual Startup Time": 0.728, "Actual Total Time": 0.73, "Actual Rows": 1, "Actual Loops": 1, "Output": ["c.id", "c.postid", "c.score", "c.creationdate", "c.userid"], "Filter": "((c.creationdate >= '2010-10-07 06:45:18'::timestamp without time zone) AND (c.score = 0))", "Rows Removed by Filter": 3854}, {"Node Type": "Hash", "Parent Relationship": "Inner", "Parallel Aware": false, "Startup Cost": 916.96, "Total Cost": 916.96, "Plan Rows": 49994, "Plan Width": 16, "Actual Startup Time": 42.493, "Actual Total Time": 42.497, "Actual Rows": 0, "Actual Loops": 1, "Output": ["p.owneruserid", "v.userid", "b.userid", "u.id"], "Hash Buckets": 65536, "Original Hash Buckets": 65536, "Hash Batches": 1, "Original Hash Batches": 1, "Peak Memory Usage": 512, "Plans": [{"Node Type": "Nested Loop", "Parent Relationship": "Outer", "Parallel Aware": false, "Join Type": "Inner", "Startup Cost": 1.16, "Total Cost": 916.96, "Plan Rows": 49994, "Plan Width": 16, "Actual Startup Time": 42.492, "Actual Total Time": 42.494, "Actual Rows": 0, "Actual Loops": 1, "Output": ["p.owneruserid", "v.userid", "b.userid", "u.id"], "Inner Unique": false, "Join Filter": "(u.id = p.owneruserid)", "Rows Removed by Join Filter": 0, "Plans": [{"Node Type": "Merge Join", "Parent Relationship": "Outer", "Parallel Aware": false, "Join Type": "Inner", "Startup Cost": 0.87, "Total Cost": 878.35, "Plan Rows": 72, "Plan Width": 12, "Actual Startup Time": 42.491, "Actual Total Time": 42.493, "Actual Rows": 0, "Actual Loops": 1, "Output": ["v.userid", "b.userid", "u.id"], "Inner Unique": true, "Merge Cond": "(v.userid = u.id)", "Plans": [{"Node Type": "Merge Join", "Parent Relationship": "Outer", "Parallel Aware": false, "Join Type": "Inner", "Startup Cost": 0.58, "Total Cost": 1513.67, "Plan Rows": 768, "Plan Width": 8, "Actual Startup Time": 42.49, "Actual Total Time": 42.491, "Actual Rows": 0, "Actual Loops": 1, "Output": ["v.userid", "b.userid"], "Inner Unique": false, "Merge Cond": "(v.userid = b.userid)", "Plans": [{"Node Type": "Index Scan", "Parent Relationship": "Outer", "Parallel Aware": false, "Scan Direction": "Forward", "Index Name": "idx_votes_userid", "Relation Name": "votes", "Schema": "public", "Alias": "v", "Startup Cost": 0.29, "Total Cost": 7551.9, "Plan Rows": 489, "Plan Width": 4, "Actual Startup Time": 42.489, "Actual Total Time": 42.489, "Actual Rows": 0, "Actual Loops": 1, "Output": ["v.id", "v.postid", "v.votetypeid", "v.creationdate", "v.userid", "v.bountyamount"], "Filter": "((v.bountyamount >= 0) AND (v.bountyamount <= 100) AND (v.creationdate <= '2014-09-06 00:00:00'::timestamp without time zone) AND (v.votetypeid = 2))", "Rows Removed by Filter": 164233}, {"Node Type": "Index Only Scan", "Parent Relationship": "Inner", "Parallel Aware": false, "Scan Direction": "Forward", "Index Name": "idx_badges_userid", "Relation Name": "badges", "Schema": "public", "Alias": "b", "Startup Cost": 0.29, "Total Cost": 713.65, "Plan Rows": 32624, "Plan Width": 4, "Actual Startup Time": 0.0, "Actual Total Time": 0.0, "Actual Rows": 0, "Actual Loops": 0, "Output": ["b.userid"], "Heap Fetches": 0}]}, {"Node Type": "Index Scan", "Parent Relationship": "Inner", "Parallel Aware": false, "Scan Direction": "Forward", "Index Name": "users_pkey", "Relation Name": "users", "Schema": "public", "Alias": "u", "Startup Cost": 0.29, "Total Cost": 696.0, "Plan Rows": 14820, "Plan Width": 4, "Actual Startup Time": 0.0, "Actual Total Time": 0.0, "Actual Rows": 0, "Actual Loops": 0, "Output": ["u.id", "u.reputation", "u.creationdate", "u.views", "u.upvotes", "u.downvotes"], "Filter": "((u.reputation >= 1) AND (u.views >= 0) AND (u.upvotes >= 0) AND (u.creationdate >= '2010-07-19 20:47:18'::timestamp without time zone) AND (u.creationdate <= '2014-08-26 13:52:27'::timestamp without time zone))", "Rows Removed by Filter": 0}]}, {"Node Type": "Index Scan", "Parent Relationship": "Inner", "Parallel Aware": false, "Scan Direction": "Forward", "Index Name": "idx_posts_owneruserid", "Relation Name": "posts", "Schema": "public", "Alias": "p", "Startup Cost": 0.29, "Total Cost": 0.46, "Plan Rows": 6, "Plan Width": 4, "Actual Startup Time": 0.0, "Actual Total Time": 0.0, "Actual Rows": 0, "Actual Loops": 0, "Output": ["p.id", "p.posttypeid", "p.creationdate", "p.score", "p.viewcount", "p.owneruserid", "p.answercount", "p.commentcount", "p.favoritecount", "p.lasteditoruserid"], "Index Cond": "(p.owneruserid = b.userid)", "Rows Removed by Index Recheck": 0, "Filter": "(p.commentcount >= 0)", "Rows Removed by Filter": 0}]}]}]}]}, "Planning Time": 7.463, "Triggers": [], "Execution Time": 43.79}]#####[{"Plan": {"Node Type": "Aggregate", "Strategy": "Plain", "Partial Mode": "Simple", "Parallel Aware": false, "Startup Cost": 128396.14, "Total Cost": 128396.15, "Plan Rows": 1, "Plan Width": 8, "Actual Startup Time": 33.126, "Actual Total Time": 33.133, "Actual Rows": 1, "Actual Loops": 1, "Output": ["count(*)"], "Plans": [{"Node Type": "Hash Join", "Parent Relationship": "Outer", "Parallel Aware": false, "Join Type": "Inner", "Startup Cost": 1268.96, "Total Cost": 3038.35, "Plan Rows": 50143115, "Plan Width": 0, "Actual Startup Time": 33.116, "Actual Total Time": 33.123, "Actual Rows": 0, "Actual Loops": 1, "Inner Unique": false, "Hash Cond": "(p.owneruserid = u.id)", "Plans": [{"Node Type": "Seq Scan", "Parent Relationship": "Outer", "Parallel Aware": false, "Relation Name": "posts", "Schema": "public", "Alias": "p", "Startup Cost": 0.0, "Total Cost": 874.79, "Plan Rows": 41183, "Plan Width": 4, "Actual Startup Time": 0.021, "Actual Total Time": 0.023, "Actual Rows": 1, "Actual Loops": 1, "Output": ["p.id", "p.posttypeid", "p.creationdate", "p.score", "p.viewcount", "p.owneruserid", "p.answercount", "p.commentcount", "p.favoritecount", "p.lasteditoruserid"], "Filter": "(p.commentcount >= 0)", "Rows Removed by Filter": 0}, {"Node Type": "Hash", "Parent Relationship": "Inner", "Parallel Aware": false, "Startup Cost": 948.68, "Total Cost": 948.68, "Plan Rows": 25622, "Plan Width": 16, "Actual Startup Time": 32.916, "Actual Total Time": 32.919, "Actual Rows": 0, "Actual Loops": 1, "Output": ["c.userid", "v.userid", "b.userid", "u.id"], "Hash Buckets": 32768, "Original Hash Buckets": 32768, "Hash Batches": 1, "Original Hash Batches": 1, "Peak Memory Usage": 256, "Plans": [{"Node Type": "Nested Loop", "Parent Relationship": "Outer", "Parallel Aware": false, "Join Type": "Inner", "Startup Cost": 1.16, "Total Cost": 948.68, "Plan Rows": 25622, "Plan Width": 16, "Actual Startup Time": 32.915, "Actual Total Time": 32.917, "Actual Rows": 0, "Actual Loops": 1, "Output": ["c.userid", "v.userid", "b.userid", "u.id"], "Inner Unique": false, "Join Filter": "(u.id = c.userid)", "Rows Removed by Join Filter": 0, "Plans": [{"Node Type": "Merge Join", "Parent Relationship": "Outer", "Parallel Aware": false, "Join Type": "Inner", "Startup Cost": 0.87, "Total Cost": 878.35, "Plan Rows": 72, "Plan Width": 12, "Actual Startup Time": 32.915, "Actual Total Time": 32.916, "Actual Rows": 0, "Actual Loops": 1, "Output": ["v.userid", "b.userid", "u.id"], "Inner Unique": true, "Merge Cond": "(v.userid = u.id)", "Plans": [{"Node Type": "Merge Join", "Parent Relationship": "Outer", "Parallel Aware": false, "Join Type": "Inner", "Startup Cost": 0.58, "Total Cost": 1513.67, "Plan Rows": 768, "Plan Width": 8, "Actual Startup Time": 32.914, "Actual Total Time": 32.915, "Actual Rows": 0, "Actual Loops": 1, "Output": ["v.userid", "b.userid"], "Inner Unique": false, "Merge Cond": "(v.userid = b.userid)", "Plans": [{"Node Type": "Index Scan", "Parent Relationship": "Outer", "Parallel Aware": false, "Scan Direction": "Forward", "Index Name": "idx_votes_userid", "Relation Name": "votes", "Schema": "public", "Alias": "v", "Startup Cost": 0.29, "Total Cost": 7551.9, "Plan Rows": 489, "Plan Width": 4, "Actual Startup Time": 32.913, "Actual Total Time": 32.913, "Actual Rows": 0, "Actual Loops": 1, "Output": ["v.id", "v.postid", "v.votetypeid", "v.creationdate", "v.userid", "v.bountyamount"], "Filter": "((v.bountyamount >= 0) AND (v.bountyamount <= 100) AND (v.creationdate <= '2014-09-06 00:00:00'::timestamp without time zone) AND (v.votetypeid = 2))", "Rows Removed by Filter": 164233}, {"Node Type": "Index Only Scan", "Parent Relationship": "Inner", "Parallel Aware": false, "Scan Direction": "Forward", "Index Name": "idx_badges_userid", "Relation Name": "badges", "Schema": "public", "Alias": "b", "Startup Cost": 0.29, "Total Cost": 713.65, "Plan Rows": 32624, "Plan Width": 4, "Actual Startup Time": 0.0, "Actual Total Time": 0.0, "Actual Rows": 0, "Actual Loops": 0, "Output": ["b.userid"], "Heap Fetches": 0}]}, {"Node Type": "Index Scan", "Parent Relationship": "Inner", "Parallel Aware": false, "Scan Direction": "Forward", "Index Name": "users_pkey", "Relation Name": "users", "Schema": "public", "Alias": "u", "Startup Cost": 0.29, "Total Cost": 696.0, "Plan Rows": 14820, "Plan Width": 4, "Actual Startup Time": 0.0, "Actual Total Time": 0.0, "Actual Rows": 0, "Actual Loops": 0, "Output": ["u.id", "u.reputation", "u.creationdate", "u.views", "u.upvotes", "u.downvotes"], "Filter": "((u.reputation >= 1) AND (u.views >= 0) AND (u.upvotes >= 0) AND (u.creationdate >= '2010-07-19 20:47:18'::timestamp without time zone) AND (u.creationdate <= '2014-08-26 13:52:27'::timestamp without time zone))", "Rows Removed by Filter": 0}]}, {"Node Type": "Index Scan", "Parent Relationship": "Inner", "Parallel Aware": false, "Scan Direction": "Forward", "Index Name": "idx_comments_userid", "Relation Name": "comments", "Schema": "public", "Alias": "c", "Startup Cost": 0.29, "Total Cost": 0.8, "Plan Rows": 14, "Plan Width": 4, "Actual Startup Time": 0.0, "Actual Total Time": 0.0, "Actual Rows": 0, "Actual Loops": 0, "Output": ["c.id", "c.postid", "c.score", "c.creationdate", "c.userid"], "Index Cond": "(c.userid = b.userid)", "Rows Removed by Index Recheck": 0, "Filter": "((c.creationdate >= '2010-10-07 06:45:18'::timestamp without time zone) AND (c.score = 0))", "Rows Removed by Filter": 0}]}]}]}]}, "Planning Time": 7.272, "Triggers": [], "Execution Time": 33.377}]#####[{"Plan": {"Node Type": "Aggregate", "Strategy": "Plain", "Partial Mode": "Simple", "Parallel Aware": false, "Startup Cost": 132772.47, "Total Cost": 132772.48, "Plan Rows": 1, "Plan Width": 8, "Actual Startup Time": 31.637, "Actual Total Time": 31.645, "Actual Rows": 1, "Actual Loops": 1, "Output": ["count(*)"], "Plans": [{"Node Type": "Hash Join", "Parent Relationship": "Outer", "Parallel Aware": false, "Join Type": "Inner", "Startup Cost": 3243.91, "Total Cost": 7414.69, "Plan Rows": 50143115, "Plan Width": 0, "Actual Startup Time": 31.628, "Actual Total Time": 31.636, "Actual Rows": 0, "Actual Loops": 1, "Inner Unique": false, "Hash Cond": "(p.owneruserid = u.id)", "Plans": [{"Node Type": "Nested Loop", "Parent Relationship": "Outer", "Parallel Aware": false, "Join Type": "Inner", "Startup Cost": 0.87, "Total Cost": 1925.42, "Plan Rows": 51686, "Plan Width": 12, "Actual Startup Time": 31.628, "Actual Total Time": 31.631, "Actual Rows": 0, "Actual Loops": 1, "Output": ["p.owneruserid", "v.userid", "b.userid"], "Inner Unique": false, "Join Filter": "(v.userid = p.owneruserid)", "Rows Removed by Join Filter": 0, "Plans": [{"Node Type": "Merge Join", "Parent Relationship": "Outer", "Parallel Aware": false, "Join Type": "Inner", "Startup Cost": 0.58, "Total Cost": 1513.67, "Plan Rows": 768, "Plan Width": 8, "Actual Startup Time": 31.627, "Actual Total Time": 31.63, "Actual Rows": 0, "Actual Loops": 1, "Output": ["v.userid", "b.userid"], "Inner Unique": false, "Merge Cond": "(v.userid = b.userid)", "Plans": [{"Node Type": "Index Scan", "Parent Relationship": "Outer", "Parallel Aware": false, "Scan Direction": "Forward", "Index Name": "idx_votes_userid", "Relation Name": "votes", "Schema": "public", "Alias": "v", "Startup Cost": 0.29, "Total Cost": 7551.9, "Plan Rows": 489, "Plan Width": 4, "Actual Startup Time": 31.626, "Actual Total Time": 31.628, "Actual Rows": 0, "Actual Loops": 1, "Output": ["v.id", "v.postid", "v.votetypeid", "v.creationdate", "v.userid", "v.bountyamount"], "Filter": "((v.bountyamount >= 0) AND (v.bountyamount <= 100) AND (v.creationdate <= '2014-09-06 00:00:00'::timestamp without time zone) AND (v.votetypeid = 2))", "Rows Removed by Filter": 164233}, {"Node Type": "Index Only Scan", "Parent Relationship": "Inner", "Parallel Aware": false, "Scan Direction": "Forward", "Index Name": "idx_badges_userid", "Relation Name": "badges", "Schema": "public", "Alias": "b", "Startup Cost": 0.29, "Total Cost": 713.65, "Plan Rows": 32624, "Plan Width": 4, "Actual Startup Time": 0.0, "Actual Total Time": 0.0, "Actual Rows": 0, "Actual Loops": 0, "Output": ["b.userid"], "Heap Fetches": 0}]}, {"Node Type": "Index Scan", "Parent Relationship": "Inner", "Parallel Aware": false, "Scan Direction": "Forward", "Index Name": "idx_posts_owneruserid", "Relation Name": "posts", "Schema": "public", "Alias": "p", "Startup Cost": 0.29, "Total Cost": 0.46, "Plan Rows": 6, "Plan Width": 4, "Actual Startup Time": 0.0, "Actual Total Time": 0.0, "Actual Rows": 0, "Actual Loops": 0, "Output": ["p.id", "p.posttypeid", "p.creationdate", "p.score", "p.viewcount", "p.owneruserid", "p.answercount", "p.commentcount", "p.favoritecount", "p.lasteditoruserid"], "Index Cond": "(p.owneruserid = b.userid)", "Rows Removed by Index Recheck": 0, "Filter": "(p.commentcount >= 0)", "Rows Removed by Filter": 0}]}, {"Node Type": "Hash", "Parent Relationship": "Inner", "Parallel Aware": false, "Startup Cost": 2554.35, "Total Cost": 2554.35, "Plan Rows": 55095, "Plan Width": 8, "Actual Startup Time": 0.0, "Actual Total Time": 0.0, "Actual Rows": 0, "Actual Loops": 0, "Output": ["c.userid", "u.id"], "Plans": [{"Node Type": "Hash Join", "Parent Relationship": "Outer", "Parallel Aware": false, "Join Type": "Inner", "Startup Cost": 631.29, "Total Cost": 2554.35, "Plan Rows": 55095, "Plan Width": 8, "Actual Startup Time": 0.0, "Actual Total Time": 0.0, "Actual Rows": 0, "Actual Loops": 0, "Output": ["c.userid", "u.id"], "Inner Unique": true, "Hash Cond": "(c.userid = u.id)", "Plans": [{"Node Type": "Seq Scan", "Parent Relationship": "Outer", "Parallel Aware": false, "Relation Name": "comments", "Schema": "public", "Alias": "c", "Startup Cost": 0.0, "Total Cost": 1773.36, "Plan Rows": 57016, "Plan Width": 4, "Actual Startup Time": 0.0, "Actual Total Time": 0.0, "Actual Rows": 0, "Actual Loops": 0, "Output": ["c.id", "c.postid", "c.score", "c.creationdate", "c.userid"], "Filter": "((c.creationdate >= '2010-10-07 06:45:18'::timestamp without time zone) AND (c.score = 0))", "Rows Removed by Filter": 0}, {"Node Type": "Hash", "Parent Relationship": "Inner", "Parallel Aware": false, "Startup Cost": 446.04, "Total Cost": 446.04, "Plan Rows": 14820, "Plan Width": 4, "Actual Startup Time": 0.0, "Actual Total Time": 0.0, "Actual Rows": 0, "Actual Loops": 0, "Output": ["u.id"], "Plans": [{"Node Type": "Seq Scan", "Parent Relationship": "Outer", "Parallel Aware": false, "Relation Name": "users", "Schema": "public", "Alias": "u", "Startup Cost": 0.0, "Total Cost": 446.04, "Plan Rows": 14820, "Plan Width": 4, "Actual Startup Time": 0.0, "Actual Total Time": 0.0, "Actual Rows": 0, "Actual Loops": 0, "Output": ["u.id"], "Filter": "((u.reputation >= 1) AND (u.views >= 0) AND (u.upvotes >= 0) AND (u.creationdate >= '2010-07-19 20:47:18'::timestamp without time zone) AND (u.creationdate <= '2014-08-26 13:52:27'::timestamp without time zone))", "Rows Removed by Filter": 0}]}]}]}]}]}, "Planning Time": 5.104, "Triggers": [], "Execution Time": 31.83}]
[{"Plan": {"Node Type": "Aggregate", "Strategy": "Plain", "Partial Mode": "Simple", "Parallel Aware": false, "Startup Cost": 5599.45, "Total Cost": 5599.46, "Plan Rows": 1, "Plan Width": 8, "Actual Startup Time": 55.886, "Actual Total Time": 55.895, "Actual Rows": 1, "Actual Loops": 1, "Output": ["count(*)"], "Plans": [{"Node Type": "Hash Join", "Parent Relationship": "Outer", "Parallel Aware": false, "Join Type": "Inner", "Startup Cost": 3699.26, "Total Cost": 5593.94, "Plan Rows": 2205, "Plan Width": 0, "Actual Startup Time": 35.893, "Actual Total Time": 53.87, "Actual Rows": 52417, "Actual Loops": 1, "Inner Unique": false, "Hash Cond": "(c.postid = p.id)", "Plans": [{"Node Type": "Seq Scan", "Parent Relationship": "Outer", "Parallel Aware": false, "Relation Name": "comments", "Schema": "public", "Alias": "c", "Startup Cost": 0.0, "Total Cost": 1376.57, "Plan Rows": 79357, "Plan Width": 4, "Actual Startup Time": 0.011, "Actual Total Time": 5.261, "Actual Rows": 79357, "Actual Loops": 1, "Output": ["c.id", "c.postid", "c.score", "c.creationdate", "c.userid"]}, {"Node Type": "Hash", "Parent Relationship": "Inner", "Parallel Aware": false, "Startup Cost": 3556.21, "Total Cost": 3556.21, "Plan Rows": 11444, "Plan Width": 12, "Actual Startup Time": 35.792, "Actual Total Time": 35.797, "Actual Rows": 14537, "Actual Loops": 1, "Output": ["p.id", "pl.postid", "v.postid"], "Hash Buckets": 16384, "Original Hash Buckets": 16384, "Hash Batches": 1, "Original Hash Batches": 1, "Peak Memory Usage": 753, "Plans": [{"Node Type": "Nested Loop", "Parent Relationship": "Outer", "Parallel Aware": false, "Join Type": "Inner", "Startup Cost": 1389.82, "Total Cost": 3556.21, "Plan Rows": 11444, "Plan Width": 12, "Actual Startup Time": 12.641, "Actual Total Time": 33.605, "Actual Rows": 14537, "Actual Loops": 1, "Output": ["p.id", "pl.postid", "v.postid"], "Inner Unique": false, "Plans": [{"Node Type": "Hash Join", "Parent Relationship": "Outer", "Parallel Aware": false, "Join Type": "Inner", "Startup Cost": 1389.53, "Total Cost": 1485.2, "Plan Rows": 3498, "Plan Width": 8, "Actual Startup Time": 12.607, "Actual Total Time": 14.403, "Actual Rows": 3495, "Actual Loops": 1, "Output": ["p.id", "pl.postid"], "Inner Unique": true, "Hash Cond": "(pl.postid = p.id)", "Plans": [{"Node Type": "Seq Scan", "Parent Relationship": "Outer", "Parallel Aware": false, "Relation Name": "postlinks", "Schema": "public", "Alias": "pl", "Startup Cost": 0.0, "Total Cost": 86.5, "Plan Rows": 3498, "Plan Width": 4, "Actual Startup Time": 0.042, "Actual Total Time": 0.714, "Actual Rows": 3495, "Actual Loops": 1, "Output": ["pl.id", "pl.creationdate", "pl.postid", "pl.relatedpostid", "pl.linktypeid"], "Filter": "((pl.creationdate >= '2011-02-16 20:04:50'::timestamp without time zone) AND (pl.creationdate <= '2014-07-24 01:41:20'::timestamp without time zone))", "Rows Removed by Filter": 338}, {"Node Type": "Hash", "Parent Relationship": "Inner", "Parallel Aware": false, "Startup Cost": 874.79, "Total Cost": 874.79, "Plan Rows": 41179, "Plan Width": 4, "Actual Startup Time": 12.354, "Actual Total Time": 12.355, "Actual Rows": 41183, "Actual Loops": 1, "Output": ["p.id"], "Hash Buckets": 65536, "Original Hash Buckets": 65536, "Hash Batches": 1, "Original Hash Batches": 1, "Peak Memory Usage": 1960, "Plans": [{"Node Type": "Seq Scan", "Parent Relationship": "Outer", "Parallel Aware": false, "Relation Name": "posts", "Schema": "public", "Alias": "p", "Startup Cost": 0.0, "Total Cost": 874.79, "Plan Rows": 41179, "Plan Width": 4, "Actual Startup Time": 0.012, "Actual Total Time": 6.737, "Actual Rows": 41183, "Actual Loops": 1, "Output": ["p.id"], "Filter": "(p.creationdate <= '2014-09-11 10:26:21'::timestamp without time zone)", "Rows Removed by Filter": 0}]}]}, {"Node Type": "Index Scan", "Parent Relationship": "Inner", "Parallel Aware": false, "Scan Direction": "Forward", "Index Name": "idx_votes_postid", "Relation Name": "votes", "Schema": "public", "Alias": "v", "Startup Cost": 0.29, "Total Cost": 0.54, "Plan Rows": 5, "Plan Width": 4, "Actual Startup Time": 0.002, "Actual Total Time": 0.005, "Actual Rows": 4, "Actual Loops": 3495, "Output": ["v.id", "v.postid", "v.votetypeid", "v.creationdate", "v.userid", "v.bountyamount"], "Index Cond": "(v.postid = p.id)", "Rows Removed by Index Recheck": 0, "Filter": "(v.votetypeid = 2)", "Rows Removed by Filter": 2}]}]}]}]}, "Planning Time": 1.676, "Triggers": [], "Execution Time": 56.035}]#####[{"Plan": {"Node Type": "Aggregate", "Strategy": "Plain", "Partial Mode": "Simple", "Parallel Aware": false, "Startup Cost": 3361.1, "Total Cost": 3361.11, "Plan Rows": 1, "Plan Width": 8, "Actual Startup Time": 75.927, "Actual Total Time": 75.946, "Actual Rows": 1, "Actual Loops": 1, "Output": ["count(*)"], "Plans": [{"Node Type": "Nested Loop", "Parent Relationship": "Outer", "Parallel Aware": false, "Join Type": "Inner", "Startup Cost": 1390.11, "Total Cost": 3305.97, "Plan Rows": 22051, "Plan Width": 0, "Actual Startup Time": 21.452, "Actual Total Time": 73.42, "Actual Rows": 52417, "Actual Loops": 1, "Inner Unique": false, "Join Filter": "(p.id = v.postid)", "Rows Removed by Join Filter": 0, "Plans": [{"Node Type": "Nested Loop", "Parent Relationship": "Outer", "Parallel Aware": false, "Join Type": "Inner", "Startup Cost": 1389.82, "Total Cost": 2939.7, "Plan Rows": 674, "Plan Width": 12, "Actual Startup Time": 21.421, "Actual Total Time": 30.637, "Actual Rows": 11119, "Actual Loops": 1, "Output": ["c.postid", "p.id", "pl.postid"], "Inner Unique": false, "Plans": [{"Node Type": "Hash Join", "Parent Relationship": "Outer", "Parallel Aware": false, "Join Type": "Inner", "Startup Cost": 1389.53, "Total Cost": 1485.2, "Plan Rows": 3498, "Plan Width": 8, "Actual Startup Time": 21.394, "Actual Total Time": 23.506, "Actual Rows": 3495, "Actual Loops": 1, "Output": ["p.id", "pl.postid"], "Inner Unique": true, "Hash Cond": "(pl.postid = p.id)", "Plans": [{"Node Type": "Seq Scan", "Parent Relationship": "Outer", "Parallel Aware": false, "Relation Name": "postlinks", "Schema": "public", "Alias": "pl", "Startup Cost": 0.0, "Total Cost": 86.5, "Plan Rows": 3498, "Plan Width": 4, "Actual Startup Time": 0.072, "Actual Total Time": 0.827, "Actual Rows": 3495, "Actual Loops": 1, "Output": ["pl.id", "pl.creationdate", "pl.postid", "pl.relatedpostid", "pl.linktypeid"], "Filter": "((pl.creationdate >= '2011-02-16 20:04:50'::timestamp without time zone) AND (pl.creationdate <= '2014-07-24 01:41:20'::timestamp without time zone))", "Rows Removed by Filter": 338}, {"Node Type": "Hash", "Parent Relationship": "Inner", "Parallel Aware": false, "Startup Cost": 874.79, "Total Cost": 874.79, "Plan Rows": 41179, "Plan Width": 4, "Actual Startup Time": 20.884, "Actual Total Time": 20.887, "Actual Rows": 41183, "Actual Loops": 1, "Output": ["p.id"], "Hash Buckets": 65536, "Original Hash Buckets": 65536, "Hash Batches": 1, "Original Hash Batches": 1, "Peak Memory Usage": 1960, "Plans": [{"Node Type": "Seq Scan", "Parent Relationship": "Outer", "Parallel Aware": false, "Relation Name": "posts", "Schema": "public", "Alias": "p", "Startup Cost": 0.0, "Total Cost": 874.79, "Plan Rows": 41179, "Plan Width": 4, "Actual Startup Time": 0.029, "Actual Total Time": 11.276, "Actual Rows": 41183, "Actual Loops": 1, "Output": ["p.id"], "Filter": "(p.creationdate <= '2014-09-11 10:26:21'::timestamp without time zone)", "Rows Removed by Filter": 0}]}]}, {"Node Type": "Index Only Scan", "Parent Relationship": "Inner", "Parallel Aware": false, "Scan Direction": "Forward", "Index Name": "idx_comments_postid", "Relation Name": "comments", "Schema": "public", "Alias": "c", "Startup Cost": 0.29, "Total Cost": 0.38, "Plan Rows": 4, "Plan Width": 4, "Actual Startup Time": 0.001, "Actual Total Time": 0.002, "Actual Rows": 3, "Actual Loops": 3495, "Output": ["c.postid"], "Index Cond": "(c.postid = p.id)", "Rows Removed by Index Recheck": 0, "Heap Fetches": 0}]}, {"Node Type": "Index Scan", "Parent Relationship": "Inner", "Parallel Aware": false, "Scan Direction": "Forward", "Index Name": "idx_votes_postid", "Relation Name": "votes", "Schema": "public", "Alias": "v", "Startup Cost": 0.29, "Total Cost": 0.48, "Plan Rows": 5, "Plan Width": 4, "Actual Startup Time": 0.001, "Actual Total Time": 0.003, "Actual Rows": 5, "Actual Loops": 11119, "Output": ["v.id", "v.postid", "v.votetypeid", "v.creationdate", "v.userid", "v.bountyamount"], "Index Cond": "(v.postid = c.postid)", "Rows Removed by Index Recheck": 0, "Filter": "(v.votetypeid = 2)", "Rows Removed by Filter": 2}]}]}, "Planning Time": 4.36, "Triggers": [], "Execution Time": 76.306}]#####[{"Plan": {"Node Type": "Aggregate", "Strategy": "Plain", "Partial Mode": "Simple", "Parallel Aware": false, "Startup Cost": 9185.14, "Total Cost": 9185.15, "Plan Rows": 1, "Plan Width": 8, "Actual Startup Time": 157.755, "Actual Total Time": 157.763, "Actual Rows": 1, "Actual Loops": 1, "Output": ["count(*)"], "Plans": [{"Node Type": "Hash Join", "Parent Relationship": "Outer", "Parallel Aware": false, "Join Type": "Inner", "Startup Cost": 6545.5, "Total Cost": 9130.02, "Plan Rows": 22051, "Plan Width": 0, "Actual Startup Time": 143.806, "Actual Total Time": 155.693, "Actual Rows": 52417, "Actual Loops": 1, "Inner Unique": false, "Hash Cond": "(c.postid = p.id)", "Plans": [{"Node Type": "Nested Loop", "Parent Relationship": "Outer", "Parallel Aware": false, "Join Type": "Inner", "Startup Cost": 0.29, "Total Cost": 2042.44, "Plan Rows": 13920, "Plan Width": 8, "Actual Startup Time": 0.162, "Actual Total Time": 6.653, "Actual Rows": 11119, "Actual Loops": 1, "Output": ["c.postid", "pl.postid"], "Inner Unique": false, "Plans": [{"Node Type": "Seq Scan", "Parent Relationship": "Outer", "Parallel Aware": false, "Relation Name": "postlinks", "Schema": "public", "Alias": "pl", "Startup Cost": 0.0, "Total Cost": 86.5, "Plan Rows": 3498, "Plan Width": 4, "Actual Startup Time": 0.124, "Actual Total Time": 0.712, "Actual Rows": 3495, "Actual Loops": 1, "Output": ["pl.id", "pl.creationdate", "pl.postid", "pl.relatedpostid", "pl.linktypeid"], "Filter": "((pl.creationdate >= '2011-02-16 20:04:50'::timestamp without time zone) AND (pl.creationdate <= '2014-07-24 01:41:20'::timestamp without time zone))", "Rows Removed by Filter": 338}, {"Node Type": "Index Only Scan", "Parent Relationship": "Inner", "Parallel Aware": false, "Scan Direction": "Forward", "Index Name": "idx_comments_postid", "Relation Name": "comments", "Schema": "public", "Alias": "c", "Startup Cost": 0.29, "Total Cost": 0.52, "Plan Rows": 4, "Plan Width": 4, "Actual Startup Time": 0.001, "Actual Total Time": 0.001, "Actual Rows": 3, "Actual Loops": 3495, "Output": ["c.postid"], "Index Cond": "(c.postid = pl.postid)", "Rows Removed by Index Recheck": 0, "Heap Fetches": 0}]}, {"Node Type": "Hash", "Parent Relationship": "Inner", "Parallel Aware": false, "Startup Cost": 4861.16, "Total Cost": 4861.16, "Plan Rows": 134724, "Plan Width": 8, "Actual Startup Time": 142.079, "Actual Total Time": 142.085, "Actual Rows": 134615, "Actual Loops": 1, "Output": ["p.id", "v.postid"], "Hash Buckets": 262144, "Original Hash Buckets": 262144, "Hash Batches": 1, "Original Hash Batches": 1, "Peak Memory Usage": 7307, "Plans": [{"Node Type": "Hash Join", "Parent Relationship": "Outer", "Parallel Aware": false, "Join Type": "Inner", "Startup Cost": 1389.53, "Total Cost": 4861.16, "Plan Rows": 134724, "Plan Width": 8, "Actual Startup Time": 41.64, "Actual Total Time": 114.059, "Actual Rows": 134615, "Actual Loops": 1, "Output": ["p.id", "v.postid"], "Inner Unique": true, "Hash Cond": "(v.postid = p.id)", "Plans": [{"Node Type": "Seq Scan", "Parent Relationship": "Outer", "Parallel Aware": false, "Relation Name": "votes", "Schema": "public", "Alias": "v", "Startup Cost": 0.0, "Total Cost": 3117.91, "Plan Rows": 134737, "Plan Width": 4, "Actual Startup Time": 0.025, "Actual Total Time": 33.926, "Actual Rows": 134683, "Actual Loops": 1, "Output": ["v.id", "v.postid", "v.votetypeid", "v.creationdate", "v.userid", "v.bountyamount"], "Filter": "(v.votetypeid = 2)", "Rows Removed by Filter": 29550}, {"Node Type": "Hash", "Parent Relationship": "Inner", "Parallel Aware": false, "Startup Cost": 874.79, "Total Cost": 874.79, "Plan Rows": 41179, "Plan Width": 4, "Actual Startup Time": 41.21, "Actual Total Time": 41.211, "Actual Rows": 41183, "Actual Loops": 1, "Output": ["p.id"], "Hash Buckets": 65536, "Original Hash Buckets": 65536, "Hash Batches": 1, "Original Hash Batches": 1, "Peak Memory Usage": 1960, "Plans": [{"Node Type": "Seq Scan", "Parent Relationship": "Outer", "Parallel Aware": false, "Relation Name": "posts", "Schema": "public", "Alias": "p", "Startup Cost": 0.0, "Total Cost": 874.79, "Plan Rows": 41179, "Plan Width": 4, "Actual Startup Time": 0.024, "Actual Total Time": 15.146, "Actual Rows": 41183, "Actual Loops": 1, "Output": ["p.id"], "Filter": "(p.creationdate <= '2014-09-11 10:26:21'::timestamp without time zone)", "Rows Removed by Filter": 0}]}]}]}]}]}, "Planning Time": 3.012, "Triggers": [], "Execution Time": 158.148}]
[{"Plan": {"Node Type": "Aggregate", "Strategy": "Plain", "Partial Mode": "Simple", "Parallel Aware": false, "Startup Cost": 87070.03, "Total Cost": 87070.04, "Plan Rows": 1, "Plan Width": 8, "Actual Startup Time": 411382.219, "Actual Total Time": 411382.227, "Actual Rows": 1, "Actual Loops": 1, "Output": ["count(*)"], "Plans": [{"Node Type": "Nested Loop", "Parent Relationship": "Outer", "Parallel Aware": false, "Join Type": "Inner", "Startup Cost": 1911.58, "Total Cost": 79660.3, "Plan Rows": 2963893, "Plan Width": 0, "Actual Startup Time": 19.648, "Actual Total Time": 350961.067, "Actual Rows": 1694842888, "Actual Loops": 1, "Inner Unique": false, "Plans": [{"Node Type": "Hash Join", "Parent Relationship": "Outer", "Parallel Aware": false, "Join Type": "Inner", "Startup Cost": 1911.29, "Total Cost": 3321.94, "Plan Rows": 74429, "Plan Width": 12, "Actual Startup Time": 19.61, "Actual Total Time": 215.475, "Actual Rows": 908161, "Actual Loops": 1, "Output": ["p.owneruserid", "u.id", "b.userid"], "Inner Unique": false, "Hash Cond": "(b.userid = u.id)", "Plans": [{"Node Type": "Seq Scan", "Parent Relationship": "Outer", "Parallel Aware": false, "Relation Name": "badges", "Schema": "public", "Alias": "b", "Startup Cost": 0.0, "Total Cost": 503.24, "Plan Rows": 32624, "Plan Width": 4, "Actual Startup Time": 0.011, "Actual Total Time": 3.236, "Actual Rows": 32624, "Actual Loops": 1, "Output": ["b.id", "b.userid", "b.date"]}, {"Node Type": "Hash", "Parent Relationship": "Inner", "Parallel Aware": false, "Startup Cost": 1485.37, "Total Cost": 1485.37, "Plan Rows": 34073, "Plan Width": 8, "Actual Startup Time": 19.254, "Actual Total Time": 19.258, "Actual Rows": 31226, "Actual Loops": 1, "Output": ["p.owneruserid", "u.id"], "Hash Buckets": 65536, "Original Hash Buckets": 65536, "Hash Batches": 1, "Original Hash Batches": 1, "Peak Memory Usage": 1732, "Plans": [{"Node Type": "Hash Join", "Parent Relationship": "Outer", "Parallel Aware": false, "Join Type": "Inner", "Startup Cost": 516.89, "Total Cost": 1485.37, "Plan Rows": 34073, "Plan Width": 8, "Actual Startup Time": 4.488, "Actual Total Time": 15.607, "Actual Rows": 31226, "Actual Loops": 1, "Output": ["p.owneruserid", "u.id"], "Inner Unique": true, "Hash Cond": "(p.owneruserid = u.id)", "Plans": [{"Node Type": "Seq Scan", "Parent Relationship": "Outer", "Parallel Aware": false, "Relation Name": "posts", "Schema": "public", "Alias": "p", "Startup Cost": 0.0, "Total Cost": 874.79, "Plan Rows": 35686, "Plan Width": 4, "Actual Startup Time": 0.012, "Actual Total Time": 5.844, "Actual Rows": 35738, "Actual Loops": 1, "Output": ["p.id", "p.posttypeid", "p.creationdate", "p.score", "p.viewcount", "p.owneruserid", "p.answercount", "p.commentcount", "p.favoritecount", "p.lasteditoruserid"], "Filter": "(p.score >= 1)", "Rows Removed by Filter": 5445}, {"Node Type": "Hash", "Parent Relationship": "Inner", "Parallel Aware": false, "Startup Cost": 334.02, "Total Cost": 334.02, "Plan Rows": 14629, "Plan Width": 4, "Actual Startup Time": 4.184, "Actual Total Time": 4.185, "Actual Rows": 14620, "Actual Loops": 1, "Output": ["u.id"], "Hash Buckets": 16384, "Original Hash Buckets": 16384, "Hash Batches": 1, "Original Hash Batches": 1, "Peak Memory Usage": 642, "Plans": [{"Node Type": "Seq Scan", "Parent Relationship": "Outer", "Parallel Aware": false, "Relation Name": "users", "Schema": "public", "Alias": "u", "Startup Cost": 0.0, "Total Cost": 334.02, "Plan Rows": 14629, "Plan Width": 4, "Actual Startup Time": 0.058, "Actual Total Time": 2.439, "Actual Rows": 14620, "Actual Loops": 1, "Output": ["u.id"], "Filter": "((u.creationdate >= '2010-07-27 02:56:06'::timestamp without time zone) AND (u.creationdate <= '2014-09-10 10:44:00'::timestamp without time zone))", "Rows Removed by Filter": 315}]}]}]}]}, {"Node Type": "Index Scan", "Parent Relationship": "Inner", "Parallel Aware": false, "Scan Direction": "Forward", "Index Name": "idx_posthistory_userid", "Relation Name": "posthistory", "Schema": "public", "Alias": "ph", "Startup Cost": 0.29, "Total Cost": 0.83, "Plan Rows": 20, "Plan Width": 4, "Actual Startup Time": 0.002, "Actual Total Time": 0.295, "Actual Rows": 1866, "Actual Loops": 908161, "Output": ["ph.id", "ph.posthistorytypeid", "ph.postid", "ph.creationdate", "ph.userid"], "Index Cond": "(ph.userid = b.userid)", "Rows Removed by Index Recheck": 0, "Filter": "(ph.creationdate >= '2010-07-03 00:00:00'::timestamp without time zone)", "Rows Removed by Filter": 0}]}]}, "Planning Time": 1.593, "Triggers": [], "Execution Time": 411382.422}]#####[{"Plan": {"Node Type": "Aggregate", "Strategy": "Plain", "Partial Mode": "Simple", "Parallel Aware": false, "Startup Cost": 177020.06, "Total Cost": 177020.07, "Plan Rows": 1, "Plan Width": 8, "Actual Startup Time": 157583.768, "Actual Total Time": 157583.775, "Actual Rows": 1, "Actual Loops": 1, "Output": ["count(*)"], "Plans": [{"Node Type": "Hash Join", "Parent Relationship": "Outer", "Parallel Aware": false, "Join Type": "Inner", "Startup Cost": 4871.47, "Total Cost": 102922.73, "Plan Rows": 29638931, "Plan Width": 0, "Actual Startup Time": 59.803, "Actual Total Time": 100345.61, "Actual Rows": 1694842888, "Actual Loops": 1, "Inner Unique": false, "Hash Cond": "(b.userid = u.id)", "Plans": [{"Node Type": "Nested Loop", "Parent Relationship": "Outer", "Parallel Aware": false, "Join Type": "Inner", "Startup Cost": 0.29, "Total Cost": 14302.61, "Plan Rows": 932488, "Plan Width": 8, "Actual Startup Time": 0.045, "Actual Total Time": 221.316, "Actual Rows": 1109232, "Actual Loops": 1, "Output": ["p.owneruserid", "b.userid"], "Inner Unique": false, "Plans": [{"Node Type": "Seq Scan", "Parent Relationship": "Outer", "Parallel Aware": false, "Relation Name": "posts", "Schema": "public", "Alias": "p", "Startup Cost": 0.0, "Total Cost": 874.79, "Plan Rows": 35686, "Plan Width": 4, "Actual Startup Time": 0.023, "Actual Total Time": 10.546, "Actual Rows": 35738, "Actual Loops": 1, "Output": ["p.id", "p.posttypeid", "p.creationdate", "p.score", "p.viewcount", "p.owneruserid", "p.answercount", "p.commentcount", "p.favoritecount", "p.lasteditoruserid"], "Filter": "(p.score >= 1)", "Rows Removed by Filter": 5445}, {"Node Type": "Index Only Scan", "Parent Relationship": "Inner", "Parallel Aware": false, "Scan Direction": "Forward", "Index Name": "idx_badges_userid", "Relation Name": "badges", "Schema": "public", "Alias": "b", "Startup Cost": 0.29, "Total Cost": 0.35, "Plan Rows": 3, "Plan Width": 4, "Actual Startup Time": 0.001, "Actual Total Time": 0.004, "Actual Rows": 31, "Actual Loops": 35738, "Output": ["b.userid"], "Index Cond": "(b.userid = p.owneruserid)", "Rows Removed by Index Recheck": 0, "Heap Fetches": 0}]}, {"Node Type": "Hash", "Parent Relationship": "Inner", "Parallel Aware": false, "Startup Cost": 3427.86, "Total Cost": 3427.86, "Plan Rows": 115466, "Plan Width": 8, "Actual Startup Time": 54.737, "Actual Total Time": 54.741, "Actual Rows": 101588, "Actual Loops": 1, "Output": ["ph.userid", "u.id"], "Hash Buckets": 131072, "Original Hash Buckets": 131072, "Hash Batches": 1, "Original Hash Batches": 1, "Peak Memory Usage": 4993, "Plans": [{"Node Type": "Hash Join", "Parent Relationship": "Outer", "Parallel Aware": false, "Join Type": "Inner", "Startup Cost": 516.89, "Total Cost": 3427.86, "Plan Rows": 115466, "Plan Width": 8, "Actual Startup Time": 8.257, "Actual Total Time": 43.049, "Actual Rows": 101588, "Actual Loops": 1, "Output": ["ph.userid", "u.id"], "Inner Unique": true, "Hash Cond": "(ph.userid = u.id)", "Plans": [{"Node Type": "Seq Scan", "Parent Relationship": "Outer", "Parallel Aware": false, "Relation Name": "posthistory", "Schema": "public", "Alias": "ph", "Startup Cost": 0.0, "Total Cost": 2572.93, "Plan Rows": 128747, "Plan Width": 4, "Actual Startup Time": 0.022, "Actual Total Time": 17.374, "Actual Rows": 129969, "Actual Loops": 1, "Output": ["ph.id", "ph.posthistorytypeid", "ph.postid", "ph.creationdate", "ph.userid"], "Filter": "(ph.creationdate >= '2010-07-03 00:00:00'::timestamp without time zone)", "Rows Removed by Filter": 25}, {"Node Type": "Hash", "Parent Relationship": "Inner", "Parallel Aware": false, "Startup Cost": 334.02, "Total Cost": 334.02, "Plan Rows": 14629, "Plan Width": 4, "Actual Startup Time": 7.649, "Actual Total Time": 7.65, "Actual Rows": 14620, "Actual Loops": 1, "Output": ["u.id"], "Hash Buckets": 16384, "Original Hash Buckets": 16384, "Hash Batches": 1, "Original Hash Batches": 1, "Peak Memory Usage": 642, "Plans": [{"Node Type": "Seq Scan", "Parent Relationship": "Outer", "Parallel Aware": false, "Relation Name": "users", "Schema": "public", "Alias": "u", "Startup Cost": 0.0, "Total Cost": 334.02, "Plan Rows": 14629, "Plan Width": 4, "Actual Startup Time": 0.1, "Actual Total Time": 4.331, "Actual Rows": 14620, "Actual Loops": 1, "Output": ["u.id"], "Filter": "((u.creationdate >= '2010-07-27 02:56:06'::timestamp without time zone) AND (u.creationdate <= '2014-09-10 10:44:00'::timestamp without time zone))", "Rows Removed by Filter": 315}]}]}]}]}]}, "Planning Time": 4.109, "Triggers": [], "Execution Time": 157584.129}]#####[{"Plan": {"Node Type": "Aggregate", "Strategy": "Plain", "Partial Mode": "Simple", "Parallel Aware": false, "Startup Cost": 265621.1, "Total Cost": 265621.11, "Plan Rows": 1, "Plan Width": 8, "Actual Startup Time": 411815.634, "Actual Total Time": 411815.638, "Actual Rows": 1, "Actual Loops": 1, "Output": ["count(*)"], "Plans": [{"Node Type": "Nested Loop", "Parent Relationship": "Outer", "Parallel Aware": false, "Join Type": "Inner", "Startup Cost": 4.79, "Total Cost": 191523.77, "Plan Rows": 29638931, "Plan Width": 0, "Actual Startup Time": 6.994, "Actual Total Time": 353933.871, "Actual Rows": 1694842888, "Actual Loops": 1, "Inner Unique": false, "Plans": [{"Node Type": "Merge Join", "Parent Relationship": "Outer", "Parallel Aware": false, "Join Type": "Inner", "Startup Cost": 4.5, "Total Cost": 115185.4, "Plan Rows": 74429, "Plan Width": 12, "Actual Startup Time": 6.956, "Actual Total Time": 266.246, "Actual Rows": 908161, "Actual Loops": 1, "Output": ["p.owneruserid", "u.id", "b.userid"], "Inner Unique": false, "Merge Cond": "(b.userid = u.id)", "Plans": [{"Node Type": "Index Only Scan", "Parent Relationship": "Outer", "Parallel Aware": false, "Scan Direction": "Forward", "Index Name": "idx_badges_userid", "Relation Name": "badges", "Schema": "public", "Alias": "b", "Startup Cost": 0.29, "Total Cost": 713.65, "Plan Rows": 32624, "Plan Width": 4, "Actual Startup Time": 0.034, "Actual Total Time": 4.311, "Actual Rows": 32624, "Actual Loops": 1, "Output": ["b.userid"], "Heap Fetches": 0}, {"Node Type": "Materialize", "Parent Relationship": "Inner", "Parallel Aware": false, "Startup Cost": 0.57, "Total Cost": 11419.12, "Plan Rows": 3407300, "Plan Width": 8, "Actual Startup Time": 6.31, "Actual Total Time": 122.839, "Actual Rows": 908280, "Actual Loops": 1, "Output": ["p.owneruserid", "u.id"], "Plans": [{"Node Type": "Merge Join", "Parent Relationship": "Outer", "Parallel Aware": false, "Join Type": "Inner", "Startup Cost": 0.57, "Total Cost": 2900.87, "Plan Rows": 3407300, "Plan Width": 8, "Actual Startup Time": 6.303, "Actual Total Time": 31.519, "Actual Rows": 31221, "Actual Loops": 1, "Output": ["p.owneruserid", "u.id"], "Inner Unique": true, "Merge Cond": "(p.owneruserid = u.id)", "Plans": [{"Node Type": "Index Scan", "Parent Relationship": "Outer", "Parallel Aware": false, "Scan Direction": "Forward", "Index Name": "idx_posts_owneruserid", "Relation Name": "posts", "Schema": "public", "Alias": "p", "Startup Cost": 0.29, "Total Cost": 1904.15, "Plan Rows": 35686, "Plan Width": 4, "Actual Startup Time": 0.659, "Actual Total Time": 22.324, "Actual Rows": 34829, "Actual Loops": 1, "Output": ["p.id", "p.posttypeid", "p.creationdate", "p.score", "p.viewcount", "p.owneruserid", "p.answercount", "p.commentcount", "p.favoritecount", "p.lasteditoruserid"], "Filter": "(p.score >= 1)", "Rows Removed by Filter": 5298}, {"Node Type": "Index Scan", "Parent Relationship": "Inner", "Parallel Aware": false, "Scan Direction": "Forward", "Index Name": "users_pkey", "Relation Name": "users", "Schema": "public", "Alias": "u", "Startup Cost": 0.29, "Total Cost": 583.99, "Plan Rows": 14629, "Plan Width": 4, "Actual Startup Time": 0.144, "Actual Total Time": 3.349, "Actual Rows": 14619, "Actual Loops": 1, "Output": ["u.id", "u.reputation", "u.creationdate", "u.views", "u.upvotes", "u.downvotes"], "Filter": "((u.creationdate >= '2010-07-27 02:56:06'::timestamp without time zone) AND (u.creationdate <= '2014-09-10 10:44:00'::timestamp without time zone))", "Rows Removed by Filter": 315}]}]}]}, {"Node Type": "Index Scan", "Parent Relationship": "Inner", "Parallel Aware": false, "Scan Direction": "Forward", "Index Name": "idx_posthistory_userid", "Relation Name": "posthistory", "Schema": "public", "Alias": "ph", "Startup Cost": 0.29, "Total Cost": 0.83, "Plan Rows": 20, "Plan Width": 4, "Actual Startup Time": 0.002, "Actual Total Time": 0.296, "Actual Rows": 1866, "Actual Loops": 908161, "Output": ["ph.id", "ph.posthistorytypeid", "ph.postid", "ph.creationdate", "ph.userid"], "Index Cond": "(ph.userid = b.userid)", "Rows Removed by Index Recheck": 0, "Filter": "(ph.creationdate >= '2010-07-03 00:00:00'::timestamp without time zone)", "Rows Removed by Filter": 0}]}]}, "Planning Time": 4.22, "Triggers": [], "Execution Time": 411815.922}]
[{"Plan": {"Node Type": "Aggregate", "Strategy": "Plain", "Partial Mode": "Simple", "Parallel Aware": false, "Startup Cost": 3534.91, "Total Cost": 3534.92, "Plan Rows": 1, "Plan Width": 8, "Actual Startup Time": 5.793, "Actual Total Time": 5.8, "Actual Rows": 1, "Actual Loops": 1, "Output": ["count(*)"], "Plans": [{"Node Type": "Nested Loop", "Parent Relationship": "Outer", "Parallel Aware": false, "Join Type": "Inner", "Startup Cost": 1033.16, "Total Cost": 3494.85, "Plan Rows": 16024, "Plan Width": 0, "Actual Startup Time": 5.787, "Actual Total Time": 5.793, "Actual Rows": 0, "Actual Loops": 1, "Inner Unique": false, "Plans": [{"Node Type": "Nested Loop", "Parent Relationship": "Outer", "Parallel Aware": false, "Join Type": "Inner", "Startup Cost": 1032.88, "Total Cost": 2271.69, "Plan Rows": 3083, "Plan Width": 4, "Actual Startup Time": 5.787, "Actual Total Time": 5.793, "Actual Rows": 0, "Actual Loops": 1, "Output": ["c.userid"], "Inner Unique": false, "Join Filter": "(p.id = v.postid)", "Rows Removed by Join Filter": 0, "Plans": [{"Node Type": "Nested Loop", "Parent Relationship": "Outer", "Parallel Aware": false, "Join Type": "Inner", "Startup Cost": 1032.58, "Total Cost": 1895.04, "Plan Rows": 773, "Plan Width": 20, "Actual Startup Time": 5.787, "Actual Total Time": 5.793, "Actual Rows": 0, "Actual Loops": 1, "Output": ["c.postid", "c.userid", "p.id", "pl.relatedpostid", "ph.postid"], "Inner Unique": false, "Join Filter": "(p.id = ph.postid)", "Rows Removed by Join Filter": 0, "Plans": [{"Node Type": "Nested Loop", "Parent Relationship": "Outer", "Parallel Aware": false, "Join Type": "Inner", "Startup Cost": 1032.29, "Total Cost": 1549.67, "Plan Rows": 778, "Plan Width": 16, "Actual Startup Time": 5.787, "Actual Total Time": 5.792, "Actual Rows": 0, "Actual Loops": 1, "Output": ["c.postid", "c.userid", "p.id", "pl.relatedpostid"], "Inner Unique": false, "Plans": [{"Node Type": "Hash Join", "Parent Relationship": "Outer", "Parallel Aware": false, "Join Type": "Inner", "Startup Cost": 1031.99, "Total Cost": 1118.97, "Plan Rows": 404, "Plan Width": 8, "Actual Startup Time": 5.786, "Actual Total Time": 5.792, "Actual Rows": 0, "Actual Loops": 1, "Output": ["p.id", "pl.relatedpostid"], "Inner Unique": true, "Hash Cond": "(pl.relatedpostid = p.id)", "Plans": [{"Node Type": "Seq Scan", "Parent Relationship": "Outer", "Parallel Aware": false, "Relation Name": "postlinks", "Schema": "public", "Alias": "pl", "Startup Cost": 0.0, "Total Cost": 76.91, "Plan Rows": 3833, "Plan Width": 4, "Actual Startup Time": 0.015, "Actual Total Time": 0.016, "Actual Rows": 1, "Actual Loops": 1, "Output": ["pl.id", "pl.creationdate", "pl.postid", "pl.relatedpostid", "pl.linktypeid"], "Filter": "(pl.linktypeid = 1)", "Rows Removed by Filter": 0}, {"Node Type": "Hash", "Parent Relationship": "Inner", "Parallel Aware": false, "Startup Cost": 977.75, "Total Cost": 977.75, "Plan Rows": 4340, "Plan Width": 4, "Actual Startup Time": 5.709, "Actual Total Time": 5.712, "Actual Rows": 0, "Actual Loops": 1, "Output": ["p.id"], "Hash Buckets": 8192, "Original Hash Buckets": 8192, "Hash Batches": 1, "Original Hash Batches": 1, "Peak Memory Usage": 64, "Plans": [{"Node Type": "Seq Scan", "Parent Relationship": "Outer", "Parallel Aware": false, "Relation Name": "posts", "Schema": "public", "Alias": "p", "Startup Cost": 0.0, "Total Cost": 977.75, "Plan Rows": 4340, "Plan Width": 4, "Actual Startup Time": 5.708, "Actual Total Time": 5.708, "Actual Rows": 0, "Actual Loops": 1, "Output": ["p.id"], "Filter": "((p.favoritecount >= 0) AND (p.posttypeid = 2))", "Rows Removed by Filter": 41183}]}]}, {"Node Type": "Index Scan", "Parent Relationship": "Inner", "Parallel Aware": false, "Scan Direction": "Forward", "Index Name": "idx_comments_postid", "Relation Name": "comments", "Schema": "public", "Alias": "c", "Startup Cost": 0.29, "Total Cost": 1.03, "Plan Rows": 4, "Plan Width": 8, "Actual Startup Time": 0.0, "Actual Total Time": 0.0, "Actual Rows": 0, "Actual Loops": 0, "Output": ["c.id", "c.postid", "c.score", "c.creationdate", "c.userid"], "Index Cond": "(c.postid = p.id)", "Rows Removed by Index Recheck": 0}]}, {"Node Type": "Index Scan", "Parent Relationship": "Inner", "Parallel Aware": false, "Scan Direction": "Forward", "Index Name": "idx_posthistory_postid", "Relation Name": "posthistory", "Schema": "public", "Alias": "ph", "Startup Cost": 0.29, "Total Cost": 0.43, "Plan Rows": 1, "Plan Width": 4, "Actual Startup Time": 0.0, "Actual Total Time": 0.0, "Actual Rows": 0, "Actual Loops": 0, "Output": ["ph.id", "ph.posthistorytypeid", "ph.postid", "ph.creationdate", "ph.userid"], "Index Cond": "(ph.postid = c.postid)", "Rows Removed by Index Recheck": 0, "Filter": "(ph.posthistorytypeid = 2)", "Rows Removed by Filter": 0}]}, {"Node Type": "Index Only Scan", "Parent Relationship": "Inner", "Parallel Aware": false, "Scan Direction": "Forward", "Index Name": "idx_votes_postid", "Relation Name": "votes", "Schema": "public", "Alias": "v", "Startup Cost": 0.29, "Total Cost": 0.41, "Plan Rows": 6, "Plan Width": 4, "Actual Startup Time": 0.0, "Actual Total Time": 0.0, "Actual Rows": 0, "Actual Loops": 0, "Output": ["v.postid"], "Index Cond": "(v.postid = c.postid)", "Rows Removed by Index Recheck": 0, "Heap Fetches": 0}]}, {"Node Type": "Index Scan", "Parent Relationship": "Inner", "Parallel Aware": false, "Scan Direction": "Forward", "Index Name": "idx_badges_userid", "Relation Name": "badges", "Schema": "public", "Alias": "b", "Startup Cost": 0.29, "Total Cost": 0.37, "Plan Rows": 3, "Plan Width": 4, "Actual Startup Time": 0.0, "Actual Total Time": 0.0, "Actual Rows": 0, "Actual Loops": 0, "Output": ["b.id", "b.userid", "b.date"], "Index Cond": "(b.userid = c.userid)", "Rows Removed by Index Recheck": 0, "Filter": "((b.date >= '2010-07-19 20:14:08'::timestamp without time zone) AND (b.date <= '2014-08-18 18:02:00'::timestamp without time zone))", "Rows Removed by Filter": 0}]}]}, "Planning Time": 7.21, "Triggers": [], "Execution Time": 5.921}]#####[{"Plan": {"Node Type": "Aggregate", "Strategy": "Plain", "Partial Mode": "Simple", "Parallel Aware": false, "Startup Cost": 17019.73, "Total Cost": 17019.74, "Plan Rows": 1, "Plan Width": 8, "Actual Startup Time": 6.831, "Actual Total Time": 6.835, "Actual Rows": 1, "Actual Loops": 1, "Output": ["count(*)"], "Plans": [{"Node Type": "Merge Join", "Parent Relationship": "Outer", "Parallel Aware": false, "Join Type": "Inner", "Startup Cost": 1241.4, "Total Cost": 16619.11, "Plan Rows": 160246, "Plan Width": 0, "Actual Startup Time": 6.824, "Actual Total Time": 6.828, "Actual Rows": 0, "Actual Loops": 1, "Inner Unique": false, "Merge Cond": "(p.id = ph.postid)", "Plans": [{"Node Type": "Nested Loop", "Parent Relationship": "Outer", "Parallel Aware": false, "Join Type": "Inner", "Startup Cost": 1240.82, "Total Cost": 2217.94, "Plan Rows": 40438, "Plan Width": 12, "Actual Startup Time": 6.823, "Actual Total Time": 6.827, "Actual Rows": 0, "Actual Loops": 1, "Output": ["c.postid", "p.id", "pl.relatedpostid"], "Inner Unique": false, "Plans": [{"Node Type": "Nested Loop", "Parent Relationship": "Outer", "Parallel Aware": false, "Join Type": "Inner", "Startup Cost": 1240.53, "Total Cost": 1909.27, "Plan Rows": 778, "Plan Width": 16, "Actual Startup Time": 6.823, "Actual Total Time": 6.826, "Actual Rows": 0, "Actual Loops": 1, "Output": ["c.postid", "c.userid", "p.id", "pl.relatedpostid"], "Inner Unique": false, "Plans": [{"Node Type": "Merge Join", "Parent Relationship": "Outer", "Parallel Aware": false, "Join Type": "Inner", "Startup Cost": 1240.24, "Total Cost": 1478.57, "Plan Rows": 404, "Plan Width": 8, "Actual Startup Time": 6.823, "Actual Total Time": 6.825, "Actual Rows": 0, "Actual Loops": 1, "Output": ["p.id", "pl.relatedpostid"], "Inner Unique": true, "Merge Cond": "(pl.relatedpostid = p.id)", "Plans": [{"Node Type": "Index Scan", "Parent Relationship": "Outer", "Parallel Aware": false, "Scan Direction": "Forward", "Index Name": "idx_postlinks_relatedpostid", "Relation Name": "postlinks", "Schema": "public", "Alias": "pl", "Startup Cost": 0.28, "Total Cost": 203.35, "Plan Rows": 3833, "Plan Width": 4, "Actual Startup Time": 0.027, "Actual Total Time": 0.029, "Actual Rows": 1, "Actual Loops": 1, "Output": ["pl.id", "pl.creationdate", "pl.postid", "pl.relatedpostid", "pl.linktypeid"], "Filter": "(pl.linktypeid = 1)", "Rows Removed by Filter": 0}, {"Node Type": "Sort", "Parent Relationship": "Inner", "Parallel Aware": false, "Startup Cost": 1239.96, "Total Cost": 1250.81, "Plan Rows": 4340, "Plan Width": 4, "Actual Startup Time": 6.795, "Actual Total Time": 6.795, "Actual Rows": 0, "Actual Loops": 1, "Output": ["p.id"], "Sort Key": ["p.id"], "Sort Method": "quicksort", "Sort Space Used": 25, "Sort Space Type": "Memory", "Plans": [{"Node Type": "Seq Scan", "Parent Relationship": "Outer", "Parallel Aware": false, "Relation Name": "posts", "Schema": "public", "Alias": "p", "Startup Cost": 0.0, "Total Cost": 977.75, "Plan Rows": 4340, "Plan Width": 4, "Actual Startup Time": 6.771, "Actual Total Time": 6.771, "Actual Rows": 0, "Actual Loops": 1, "Output": ["p.id"], "Filter": "((p.favoritecount >= 0) AND (p.posttypeid = 2))", "Rows Removed by Filter": 41183}]}]}, {"Node Type": "Index Scan", "Parent Relationship": "Inner", "Parallel Aware": false, "Scan Direction": "Forward", "Index Name": "idx_comments_postid", "Relation Name": "comments", "Schema": "public", "Alias": "c", "Startup Cost": 0.29, "Total Cost": 1.03, "Plan Rows": 4, "Plan Width": 8, "Actual Startup Time": 0.0, "Actual Total Time": 0.0, "Actual Rows": 0, "Actual Loops": 0, "Output": ["c.id", "c.postid", "c.score", "c.creationdate", "c.userid"], "Index Cond": "(c.postid = p.id)", "Rows Removed by Index Recheck": 0}]}, {"Node Type": "Index Scan", "Parent Relationship": "Inner", "Parallel Aware": false, "Scan Direction": "Forward", "Index Name": "idx_badges_userid", "Relation Name": "badges", "Schema": "public", "Alias": "b", "Startup Cost": 0.29, "Total Cost": 0.37, "Plan Rows": 3, "Plan Width": 4, "Actual Startup Time": 0.0, "Actual Total Time": 0.0, "Actual Rows": 0, "Actual Loops": 0, "Output": ["b.id", "b.userid", "b.date"], "Index Cond": "(b.userid = c.userid)", "Rows Removed by Index Recheck": 0, "Filter": "((b.date >= '2010-07-19 20:14:08'::timestamp without time zone) AND (b.date <= '2014-08-18 18:02:00'::timestamp without time zone))", "Rows Removed by Filter": 0}]}, {"Node Type": "Materialize", "Parent Relationship": "Inner", "Parallel Aware": false, "Startup Cost": 0.59, "Total Cost": 11597.46, "Plan Rows": 219461, "Plan Width": 8, "Actual Startup Time": 0.0, "Actual Total Time": 0.0, "Actual Rows": 0, "Actual Loops": 0, "Output": ["ph.postid", "v.postid"], "Plans": [{"Node Type": "Merge Join", "Parent Relationship": "Outer", "Parallel Aware": false, "Join Type": "Inner", "Startup Cost": 0.59, "Total Cost": 11048.8, "Plan Rows": 219461, "Plan Width": 8, "Actual Startup Time": 0.0, "Actual Total Time": 0.0, "Actual Rows": 0, "Actual Loops": 0, "Output": ["ph.postid", "v.postid"], "Inner Unique": false, "Merge Cond": "(ph.postid = v.postid)", "Plans": [{"Node Type": "Index Scan", "Parent Relationship": "Outer", "Parallel Aware": false, "Scan Direction": "Forward", "Index Name": "idx_posthistory_postid", "Relation Name": "posthistory", "Schema": "public", "Alias": "ph", "Startup Cost": 0.29, "Total Cost": 4222.98, "Plan Rows": 40918, "Plan Width": 4, "Actual Startup Time": 0.0, "Actual Total Time": 0.0, "Actual Rows": 0, "Actual Loops": 0, "Output": ["ph.id", "ph.posthistorytypeid", "ph.postid", "ph.creationdate", "ph.userid"], "Filter": "(ph.posthistorytypeid = 2)", "Rows Removed by Filter": 0}, {"Node Type": "Materialize", "Parent Relationship": "Inner", "Parallel Aware": false, "Startup Cost": 0.29, "Total Cost": 3846.37, "Plan Rows": 164233, "Plan Width": 4, "Actual Startup Time": 0.0, "Actual Total Time": 0.0, "Actual Rows": 0, "Actual Loops": 0, "Output": ["v.postid"], "Plans": [{"Node Type": "Index Only Scan", "Parent Relationship": "Outer", "Parallel Aware": false, "Scan Direction": "Forward", "Index Name": "idx_votes_postid", "Relation Name": "votes", "Schema": "public", "Alias": "v", "Startup Cost": 0.29, "Total Cost": 3435.79, "Plan Rows": 164233, "Plan Width": 4, "Actual Startup Time": 0.0, "Actual Total Time": 0.0, "Actual Rows": 0, "Actual Loops": 0, "Output": ["v.postid"], "Heap Fetches": 0}]}]}]}]}]}, "Planning Time": 5.261, "Triggers": [], "Execution Time": 7.029}]#####[{"Plan": {"Node Type": "Aggregate", "Strategy": "Plain", "Partial Mode": "Simple", "Parallel Aware": false, "Startup Cost": 10399.81, "Total Cost": 10399.82, "Plan Rows": 1, "Plan Width": 8, "Actual Startup Time": 11.859, "Actual Total Time": 11.869, "Actual Rows": 1, "Actual Loops": 1, "Output": ["count(*)"], "Plans": [{"Node Type": "Nested Loop", "Parent Relationship": "Outer", "Parallel Aware": false, "Join Type": "Inner", "Startup Cost": 5627.93, "Total Cost": 9999.19, "Plan Rows": 160246, "Plan Width": 0, "Actual Startup Time": 11.849, "Actual Total Time": 11.858, "Actual Rows": 0, "Actual Loops": 1, "Inner Unique": false, "Plans": [{"Node Type": "Hash Join", "Parent Relationship": "Outer", "Parallel Aware": false, "Join Type": "Inner", "Startup Cost": 5627.65, "Total Cost": 8776.03, "Plan Rows": 3083, "Plan Width": 4, "Actual Startup Time": 11.848, "Actual Total Time": 11.857, "Actual Rows": 0, "Actual Loops": 1, "Output": ["c.userid"], "Inner Unique": false, "Hash Cond": "(pl.relatedpostid = p.id)", "Plans": [{"Node Type": "Nested Loop", "Parent Relationship": "Outer", "Parallel Aware": false, "Join Type": "Inner", "Startup Cost": 0.29, "Total Cost": 2812.09, "Plan Rows": 47963, "Plan Width": 8, "Actual Startup Time": 0.067, "Actual Total Time": 0.07, "Actual Rows": 1, "Actual Loops": 1, "Output": ["pl.relatedpostid", "v.postid"], "Inner Unique": false, "Plans": [{"Node Type": "Seq Scan", "Parent Relationship": "Outer", "Parallel Aware": false, "Relation Name": "postlinks", "Schema": "public", "Alias": "pl", "Startup Cost": 0.0, "Total Cost": 76.91, "Plan Rows": 3833, "Plan Width": 4, "Actual Startup Time": 0.026, "Actual Total Time": 0.028, "Actual Rows": 1, "Actual Loops": 1, "Output": ["pl.id", "pl.creationdate", "pl.postid", "pl.relatedpostid", "pl.linktypeid"], "Filter": "(pl.linktypeid = 1)", "Rows Removed by Filter": 0}, {"Node Type": "Index Only Scan", "Parent Relationship": "Inner", "Parallel Aware": false, "Scan Direction": "Forward", "Index Name": "idx_votes_postid", "Relation Name": "votes", "Schema": "public", "Alias": "v", "Startup Cost": 0.29, "Total Cost": 0.65, "Plan Rows": 6, "Plan Width": 4, "Actual Startup Time": 0.038, "Actual Total Time": 0.038, "Actual Rows": 1, "Actual Loops": 1, "Output": ["v.postid"], "Index Cond": "(v.postid = pl.relatedpostid)", "Rows Removed by Index Recheck": 0, "Heap Fetches": 0}]}, {"Node Type": "Hash", "Parent Relationship": "Inner", "Parallel Aware": false, "Startup Cost": 5523.49, "Total Cost": 5523.49, "Plan Rows": 8309, "Plan Width": 16, "Actual Startup Time": 11.616, "Actual Total Time": 11.621, "Actual Rows": 0, "Actual Loops": 1, "Output": ["c.postid", "c.userid", "p.id", "ph.postid"], "Hash Buckets": 16384, "Original Hash Buckets": 16384, "Hash Batches": 1, "Original Hash Batches": 1, "Peak Memory Usage": 128, "Plans": [{"Node Type": "Hash Join", "Parent Relationship": "Outer", "Parallel Aware": false, "Join Type": "Inner", "Startup Cost": 3766.24, "Total Cost": 5523.49, "Plan Rows": 8309, "Plan Width": 16, "Actual Startup Time": 11.616, "Actual Total Time": 11.62, "Actual Rows": 0, "Actual Loops": 1, "Output": ["c.postid", "c.userid", "p.id", "ph.postid"], "Inner Unique": false, "Hash Cond": "(c.postid = p.id)", "Plans": [{"Node Type": "Seq Scan", "Parent Relationship": "Outer", "Parallel Aware": false, "Relation Name": "comments", "Schema": "public", "Alias": "c", "Startup Cost": 0.0, "Total Cost": 1376.57, "Plan Rows": 79357, "Plan Width": 8, "Actual Startup Time": 0.01, "Actual Total Time": 0.01, "Actual Rows": 1, "Actual Loops": 1, "Output": ["c.id", "c.postid", "c.score", "c.creationdate", "c.userid"]}, {"Node Type": "Hash", "Parent Relationship": "Inner", "Parallel Aware": false, "Startup Cost": 3712.34, "Total Cost": 3712.34, "Plan Rows": 4312, "Plan Width": 8, "Actual Startup Time": 11.558, "Actual Total Time": 11.562, "Actual Rows": 0, "Actual Loops": 1, "Output": ["p.id", "ph.postid"], "Hash Buckets": 8192, "Original Hash Buckets": 8192, "Hash Batches": 1, "Original Hash Batches": 1, "Peak Memory Usage": 64, "Plans": [{"Node Type": "Hash Join", "Parent Relationship": "Outer", "Parallel Aware": false, "Join Type": "Inner", "Startup Cost": 1031.99, "Total Cost": 3712.34, "Plan Rows": 4312, "Plan Width": 8, "Actual Startup Time": 11.558, "Actual Total Time": 11.561, "Actual Rows": 0, "Actual Loops": 1, "Output": ["p.id", "ph.postid"], "Inner Unique": true, "Hash Cond": "(ph.postid = p.id)", "Plans": [{"Node Type": "Seq Scan", "Parent Relationship": "Outer", "Parallel Aware": false, "Relation Name": "posthistory", "Schema": "public", "Alias": "ph", "Startup Cost": 0.0, "Total Cost": 2572.93, "Plan Rows": 40918, "Plan Width": 4, "Actual Startup Time": 0.016, "Actual Total Time": 0.016, "Actual Rows": 1, "Actual Loops": 1, "Output": ["ph.id", "ph.posthistorytypeid", "ph.postid", "ph.creationdate", "ph.userid"], "Filter": "(ph.posthistorytypeid = 2)", "Rows Removed by Filter": 0}, {"Node Type": "Hash", "Parent Relationship": "Inner", "Parallel Aware": false, "Startup Cost": 977.75, "Total Cost": 977.75, "Plan Rows": 4340, "Plan Width": 4, "Actual Startup Time": 11.482, "Actual Total Time": 11.483, "Actual Rows": 0, "Actual Loops": 1, "Output": ["p.id"], "Hash Buckets": 8192, "Original Hash Buckets": 8192, "Hash Batches": 1, "Original Hash Batches": 1, "Peak Memory Usage": 64, "Plans": [{"Node Type": "Seq Scan", "Parent Relationship": "Outer", "Parallel Aware": false, "Relation Name": "posts", "Schema": "public", "Alias": "p", "Startup Cost": 0.0, "Total Cost": 977.75, "Plan Rows": 4340, "Plan Width": 4, "Actual Startup Time": 11.481, "Actual Total Time": 11.482, "Actual Rows": 0, "Actual Loops": 1, "Output": ["p.id"], "Filter": "((p.favoritecount >= 0) AND (p.posttypeid = 2))", "Rows Removed by Filter": 41183}]}]}]}]}]}]}, {"Node Type": "Index Scan", "Parent Relationship": "Inner", "Parallel Aware": false, "Scan Direction": "Forward", "Index Name": "idx_badges_userid", "Relation Name": "badges", "Schema": "public", "Alias": "b", "Startup Cost": 0.29, "Total Cost": 0.37, "Plan Rows": 3, "Plan Width": 4, "Actual Startup Time": 0.0, "Actual Total Time": 0.0, "Actual Rows": 0, "Actual Loops": 0, "Output": ["b.id", "b.userid", "b.date"], "Index Cond": "(b.userid = c.userid)", "Rows Removed by Index Recheck": 0, "Filter": "((b.date >= '2010-07-19 20:14:08'::timestamp without time zone) AND (b.date <= '2014-08-18 18:02:00'::timestamp without time zone))", "Rows Removed by Filter": 0}]}]}, "Planning Time": 7.06, "Triggers": [], "Execution Time": 12.107}]
[{"Plan": {"Node Type": "Aggregate", "Strategy": "Plain", "Partial Mode": "Simple", "Parallel Aware": false, "Startup Cost": 6052.74, "Total Cost": 6052.75, "Plan Rows": 1, "Plan Width": 8, "Actual Startup Time": 1833.083, "Actual Total Time": 1833.093, "Actual Rows": 1, "Actual Loops": 1, "Output": ["count(*)"], "Plans": [{"Node Type": "Hash Join", "Parent Relationship": "Outer", "Parallel Aware": false, "Join Type": "Inner", "Startup Cost": 4989.9, "Total Cost": 5923.02, "Plan Rows": 51890, "Plan Width": 0, "Actual Startup Time": 121.074, "Actual Total Time": 1245.722, "Actual Rows": 16293296, "Actual Loops": 1, "Inner Unique": false, "Hash Cond": "(b.userid = u.id)", "Plans": [{"Node Type": "Seq Scan", "Parent Relationship": "Outer", "Parallel Aware": false, "Relation Name": "badges", "Schema": "public", "Alias": "b", "Startup Cost": 0.0, "Total Cost": 503.24, "Plan Rows": 32624, "Plan Width": 4, "Actual Startup Time": 0.017, "Actual Total Time": 2.444, "Actual Rows": 32624, "Actual Loops": 1, "Output": ["b.id", "b.userid", "b.date"]}, {"Node Type": "Hash", "Parent Relationship": "Inner", "Parallel Aware": false, "Startup Cost": 4813.91, "Total Cost": 4813.91, "Plan Rows": 14079, "Plan Width": 8, "Actual Startup Time": 120.912, "Actual Total Time": 120.919, "Actual Rows": 156828, "Actual Loops": 1, "Output": ["p.lasteditoruserid", "u.id"], "Hash Buckets": 262144, "Original Hash Buckets": 16384, "Hash Batches": 1, "Original Hash Batches": 1, "Peak Memory Usage": 8175, "Plans": [{"Node Type": "Nested Loop", "Parent Relationship": "Outer", "Parallel Aware": false, "Join Type": "Inner", "Startup Cost": 1817.67, "Total Cost": 4813.91, "Plan Rows": 14079, "Plan Width": 8, "Actual Startup Time": 23.273, "Actual Total Time": 101.417, "Actual Rows": 156828, "Actual Loops": 1, "Output": ["p.lasteditoruserid", "u.id"], "Inner Unique": false, "Join Filter": "(p.id = v.postid)", "Rows Removed by Join Filter": 0, "Plans": [{"Node Type": "Nested Loop", "Parent Relationship": "Outer", "Parallel Aware": false, "Join Type": "Inner", "Startup Cost": 1817.37, "Total Cost": 2824.77, "Plan Rows": 3578, "Plan Width": 20, "Actual Startup Time": 23.251, "Actual Total Time": 35.003, "Actual Rows": 7464, "Actual Loops": 1, "Output": ["c.postid", "p.id", "p.lasteditoruserid", "pl.relatedpostid", "u.id"], "Inner Unique": false, "Plans": [{"Node Type": "Hash Join", "Parent Relationship": "Outer", "Parallel Aware": false, "Join Type": "Inner", "Startup Cost": 1817.08, "Total Cost": 1926.94, "Plan Rows": 1857, "Plan Width": 16, "Actual Startup Time": 23.223, "Actual Total Time": 25.291, "Actual Rows": 2900, "Actual Loops": 1, "Output": ["p.id", "p.lasteditoruserid", "pl.relatedpostid", "u.id"], "Inner Unique": false, "Hash Cond": "(pl.relatedpostid = p.id)", "Plans": [{"Node Type": "Seq Scan", "Parent Relationship": "Outer", "Parallel Aware": false, "Relation Name": "postlinks", "Schema": "public", "Alias": "pl", "Startup Cost": 0.0, "Total Cost": 76.91, "Plan Rows": 3833, "Plan Width": 4, "Actual Startup Time": 0.019, "Actual Total Time": 0.745, "Actual Rows": 3833, "Actual Loops": 1, "Output": ["pl.id", "pl.creationdate", "pl.postid", "pl.relatedpostid", "pl.linktypeid"], "Filter": "(pl.linktypeid = 1)", "Rows Removed by Filter": 0}, {"Node Type": "Hash", "Parent Relationship": "Inner", "Parallel Aware": false, "Startup Cost": 1567.63, "Total Cost": 1567.63, "Plan Rows": 19956, "Plan Width": 12, "Actual Startup Time": 23.024, "Actual Total Time": 23.028, "Actual Rows": 19326, "Actual Loops": 1, "Output": ["p.id", "p.lasteditoruserid", "u.id"], "Hash Buckets": 32768, "Original Hash Buckets": 32768, "Hash Batches": 1, "Original Hash Batches": 1, "Peak Memory Usage": 1087, "Plans": [{"Node Type": "Hash Join", "Parent Relationship": "Outer", "Parallel Aware": false, "Join Type": "Inner", "Startup Cost": 483.38, "Total Cost": 1567.63, "Plan Rows": 19956, "Plan Width": 12, "Actual Startup Time": 8.07, "Actual Total Time": 19.939, "Actual Rows": 19326, "Actual Loops": 1, "Output": ["p.id", "p.lasteditoruserid", "u.id"], "Inner Unique": true, "Hash Cond": "(p.lasteditoruserid = u.id)", "Plans": [{"Node Type": "Seq Scan", "Parent Relationship": "Outer", "Parallel Aware": false, "Relation Name": "posts", "Schema": "public", "Alias": "p", "Startup Cost": 0.0, "Total Cost": 977.75, "Plan Rows": 40571, "Plan Width": 8, "Actual Startup Time": 0.016, "Actual Total Time": 7.392, "Actual Rows": 40574, "Actual Loops": 1, "Output": ["p.id", "p.posttypeid", "p.creationdate", "p.score", "p.viewcount", "p.owneruserid", "p.answercount", "p.commentcount", "p.favoritecount", "p.lasteditoruserid"], "Filter": "((p.commentcount <= 10) AND (p.creationdate <= '2014-09-09 04:47:31'::timestamp without time zone))", "Rows Removed by Filter": 609}, {"Node Type": "Hash", "Parent Relationship": "Inner", "Parallel Aware": false, "Startup Cost": 296.69, "Total Cost": 296.69, "Plan Rows": 14935, "Plan Width": 4, "Actual Startup Time": 7.959, "Actual Total Time": 7.96, "Actual Rows": 14935, "Actual Loops": 1, "Output": ["u.id"], "Hash Buckets": 16384, "Original Hash Buckets": 16384, "Hash Batches": 1, "Original Hash Batches": 1, "Peak Memory Usage": 654, "Plans": [{"Node Type": "Seq Scan", "Parent Relationship": "Outer", "Parallel Aware": false, "Relation Name": "users", "Schema": "public", "Alias": "u", "Startup Cost": 0.0, "Total Cost": 296.69, "Plan Rows": 14935, "Plan Width": 4, "Actual Startup Time": 0.012, "Actual Total Time": 4.463, "Actual Rows": 14935, "Actual Loops": 1, "Output": ["u.id"], "Filter": "(u.downvotes >= 0)", "Rows Removed by Filter": 0}]}]}]}]}, {"Node Type": "Index Scan", "Parent Relationship": "Inner", "Parallel Aware": false, "Scan Direction": "Forward", "Index Name": "idx_comments_postid", "Relation Name": "comments", "Schema": "public", "Alias": "c", "Startup Cost": 0.29, "Total Cost": 0.44, "Plan Rows": 4, "Plan Width": 4, "Actual Startup Time": 0.002, "Actual Total Time": 0.003, "Actual Rows": 3, "Actual Loops": 2900, "Output": ["c.id", "c.postid", "c.score", "c.creationdate", "c.userid"], "Index Cond": "(c.postid = p.id)", "Rows Removed by Index Recheck": 0, "Filter": "(c.creationdate <= '2014-09-09 21:14:09'::timestamp without time zone)", "Rows Removed by Filter": 0}]}, {"Node Type": "Index Scan", "Parent Relationship": "Inner", "Parallel Aware": false, "Scan Direction": "Forward", "Index Name": "idx_votes_postid", "Relation Name": "votes", "Schema": "public", "Alias": "v", "Startup Cost": 0.29, "Total Cost": 0.48, "Plan Rows": 6, "Plan Width": 4, "Actual Startup Time": 0.001, "Actual Total Time": 0.007, "Actual Rows": 21, "Actual Loops": 7464, "Output": ["v.id", "v.postid", "v.votetypeid", "v.creationdate", "v.userid", "v.bountyamount"], "Index Cond": "(v.postid = c.postid)", "Rows Removed by Index Recheck": 0, "Filter": "(v.creationdate >= '2010-07-22 00:00:00'::timestamp without time zone)", "Rows Removed by Filter": 0}]}]}]}]}, "Planning Time": 5.167, "Triggers": [], "Execution Time": 1833.582}]#####[{"Plan": {"Node Type": "Aggregate", "Strategy": "Plain", "Partial Mode": "Simple", "Parallel Aware": false, "Startup Cost": 6650.08, "Total Cost": 6650.09, "Plan Rows": 1, "Plan Width": 8, "Actual Startup Time": 2584.91, "Actual Total Time": 2584.917, "Actual Rows": 1, "Actual Loops": 1, "Output": ["count(*)"], "Plans": [{"Node Type": "Nested Loop", "Parent Relationship": "Outer", "Parallel Aware": false, "Join Type": "Inner", "Startup Cost": 1817.96, "Total Cost": 5352.82, "Plan Rows": 518903, "Plan Width": 0, "Actual Startup Time": 22.337, "Actual Total Time": 2038.952, "Actual Rows": 16293296, "Actual Loops": 1, "Inner Unique": false, "Join Filter": "(u.id = b.userid)", "Rows Removed by Join Filter": 0, "Plans": [{"Node Type": "Nested Loop", "Parent Relationship": "Outer", "Parallel Aware": false, "Join Type": "Inner", "Startup Cost": 1817.67, "Total Cost": 4813.91, "Plan Rows": 1407, "Plan Width": 8, "Actual Startup Time": 22.316, "Actual Total Time": 106.111, "Actual Rows": 156828, "Actual Loops": 1, "Output": ["p.lasteditoruserid", "u.id"], "Inner Unique": false, "Join Filter": "(p.id = v.postid)", "Rows Removed by Join Filter": 0, "Plans": [{"Node Type": "Nested Loop", "Parent Relationship": "Outer", "Parallel Aware": false, "Join Type": "Inner", "Startup Cost": 1817.37, "Total Cost": 2824.77, "Plan Rows": 3578, "Plan Width": 20, "Actual Startup Time": 22.297, "Actual Total Time": 34.31, "Actual Rows": 7464, "Actual Loops": 1, "Output": ["c.postid", "p.id", "p.lasteditoruserid", "pl.relatedpostid", "u.id"], "Inner Unique": false, "Plans": [{"Node Type": "Hash Join", "Parent Relationship": "Outer", "Parallel Aware": false, "Join Type": "Inner", "Startup Cost": 1817.08, "Total Cost": 1926.94, "Plan Rows": 1857, "Plan Width": 16, "Actual Startup Time": 22.273, "Actual Total Time": 24.334, "Actual Rows": 2900, "Actual Loops": 1, "Output": ["p.id", "p.lasteditoruserid", "pl.relatedpostid", "u.id"], "Inner Unique": false, "Hash Cond": "(pl.relatedpostid = p.id)", "Plans": [{"Node Type": "Seq Scan", "Parent Relationship": "Outer", "Parallel Aware": false, "Relation Name": "postlinks", "Schema": "public", "Alias": "pl", "Startup Cost": 0.0, "Total Cost": 76.91, "Plan Rows": 3833, "Plan Width": 4, "Actual Startup Time": 0.022, "Actual Total Time": 0.72, "Actual Rows": 3833, "Actual Loops": 1, "Output": ["pl.id", "pl.creationdate", "pl.postid", "pl.relatedpostid", "pl.linktypeid"], "Filter": "(pl.linktypeid = 1)", "Rows Removed by Filter": 0}, {"Node Type": "Hash", "Parent Relationship": "Inner", "Parallel Aware": false, "Startup Cost": 1567.63, "Total Cost": 1567.63, "Plan Rows": 19956, "Plan Width": 12, "Actual Startup Time": 22.04, "Actual Total Time": 22.044, "Actual Rows": 19326, "Actual Loops": 1, "Output": ["p.id", "p.lasteditoruserid", "u.id"], "Hash Buckets": 32768, "Original Hash Buckets": 32768, "Hash Batches": 1, "Original Hash Batches": 1, "Peak Memory Usage": 1087, "Plans": [{"Node Type": "Hash Join", "Parent Relationship": "Outer", "Parallel Aware": false, "Join Type": "Inner", "Startup Cost": 483.38, "Total Cost": 1567.63, "Plan Rows": 19956, "Plan Width": 12, "Actual Startup Time": 6.979, "Actual Total Time": 19.005, "Actual Rows": 19326, "Actual Loops": 1, "Output": ["p.id", "p.lasteditoruserid", "u.id"], "Inner Unique": true, "Hash Cond": "(p.lasteditoruserid = u.id)", "Plans": [{"Node Type": "Seq Scan", "Parent Relationship": "Outer", "Parallel Aware": false, "Relation Name": "posts", "Schema": "public", "Alias": "p", "Startup Cost": 0.0, "Total Cost": 977.75, "Plan Rows": 40571, "Plan Width": 8, "Actual Startup Time": 0.012, "Actual Total Time": 7.425, "Actual Rows": 40574, "Actual Loops": 1, "Output": ["p.id", "p.posttypeid", "p.creationdate", "p.score", "p.viewcount", "p.owneruserid", "p.answercount", "p.commentcount", "p.favoritecount", "p.lasteditoruserid"], "Filter": "((p.commentcount <= 10) AND (p.creationdate <= '2014-09-09 04:47:31'::timestamp without time zone))", "Rows Removed by Filter": 609}, {"Node Type": "Hash", "Parent Relationship": "Inner", "Parallel Aware": false, "Startup Cost": 296.69, "Total Cost": 296.69, "Plan Rows": 14935, "Plan Width": 4, "Actual Startup Time": 6.878, "Actual Total Time": 6.879, "Actual Rows": 14935, "Actual Loops": 1, "Output": ["u.id"], "Hash Buckets": 16384, "Original Hash Buckets": 16384, "Hash Batches": 1, "Original Hash Batches": 1, "Peak Memory Usage": 654, "Plans": [{"Node Type": "Seq Scan", "Parent Relationship": "Outer", "Parallel Aware": false, "Relation Name": "users", "Schema": "public", "Alias": "u", "Startup Cost": 0.0, "Total Cost": 296.69, "Plan Rows": 14935, "Plan Width": 4, "Actual Startup Time": 0.011, "Actual Total Time": 3.894, "Actual Rows": 14935, "Actual Loops": 1, "Output": ["u.id"], "Filter": "(u.downvotes >= 0)", "Rows Removed by Filter": 0}]}]}]}]}, {"Node Type": "Index Scan", "Parent Relationship": "Inner", "Parallel Aware": false, "Scan Direction": "Forward", "Index Name": "idx_comments_postid", "Relation Name": "comments", "Schema": "public", "Alias": "c", "Startup Cost": 0.29, "Total Cost": 0.44, "Plan Rows": 4, "Plan Width": 4, "Actual Startup Time": 0.002, "Actual Total Time": 0.003, "Actual Rows": 3, "Actual Loops": 2900, "Output": ["c.id", "c.postid", "c.score", "c.creationdate", "c.userid"], "Index Cond": "(c.postid = p.id)", "Rows Removed by Index Recheck": 0, "Filter": "(c.creationdate <= '2014-09-09 21:14:09'::timestamp without time zone)", "Rows Removed by Filter": 0}]}, {"Node Type": "Index Scan", "Parent Relationship": "Inner", "Parallel Aware": false, "Scan Direction": "Forward", "Index Name": "idx_votes_postid", "Relation Name": "votes", "Schema": "public", "Alias": "v", "Startup Cost": 0.29, "Total Cost": 0.48, "Plan Rows": 6, "Plan Width": 4, "Actual Startup Time": 0.001, "Actual Total Time": 0.008, "Actual Rows": 21, "Actual Loops": 7464, "Output": ["v.id", "v.postid", "v.votetypeid", "v.creationdate", "v.userid", "v.bountyamount"], "Index Cond": "(v.postid = c.postid)", "Rows Removed by Index Recheck": 0, "Filter": "(v.creationdate >= '2010-07-22 00:00:00'::timestamp without time zone)", "Rows Removed by Filter": 0}]}, {"Node Type": "Index Only Scan", "Parent Relationship": "Inner", "Parallel Aware": false, "Scan Direction": "Forward", "Index Name": "idx_badges_userid", "Relation Name": "badges", "Schema": "public", "Alias": "b", "Startup Cost": 0.29, "Total Cost": 0.35, "Plan Rows": 3, "Plan Width": 4, "Actual Startup Time": 0.001, "Actual Total Time": 0.006, "Actual Rows": 104, "Actual Loops": 156828, "Output": ["b.userid"], "Index Cond": "(b.userid = p.lasteditoruserid)", "Rows Removed by Index Recheck": 0, "Heap Fetches": 0}]}]}, "Planning Time": 7.53, "Triggers": [], "Execution Time": 2585.158}]#####[{"Plan": {"Node Type": "Aggregate", "Strategy": "Plain", "Partial Mode": "Simple", "Parallel Aware": false, "Startup Cost": 9722.44, "Total Cost": 9722.45, "Plan Rows": 1, "Plan Width": 8, "Actual Startup Time": 1654.129, "Actual Total Time": 1654.14, "Actual Rows": 1, "Actual Loops": 1, "Output": ["count(*)"], "Plans": [{"Node Type": "Hash Join", "Parent Relationship": "Outer", "Parallel Aware": false, "Join Type": "Inner", "Startup Cost": 5518.19, "Total Cost": 8425.18, "Plan Rows": 518903, "Plan Width": 0, "Actual Startup Time": 74.924, "Actual Total Time": 1076.162, "Actual Rows": 16293296, "Actual Loops": 1, "Inner Unique": false, "Hash Cond": "(p.lasteditoruserid = u.id)", "Plans": [{"Node Type": "Hash Join", "Parent Relationship": "Outer", "Parallel Aware": false, "Join Type": "Inner", "Startup Cost": 4038.12, "Total Cost": 6494.46, "Plan Rows": 28623, "Plan Width": 4, "Actual Startup Time": 54.134, "Actual Total Time": 85.516, "Actual Rows": 196848, "Actual Loops": 1, "Output": ["p.lasteditoruserid"], "Inner Unique": false, "Hash Cond": "(c.postid = p.id)", "Plans": [{"Node Type": "Seq Scan", "Parent Relationship": "Outer", "Parallel Aware": false, "Relation Name": "comments", "Schema": "public", "Alias": "c", "Startup Cost": 0.0, "Total Cost": 1574.96, "Plan Rows": 79349, "Plan Width": 4, "Actual Startup Time": 0.008, "Actual Total Time": 9.201, "Actual Rows": 79357, "Actual Loops": 1, "Output": ["c.id", "c.postid", "c.score", "c.creationdate", "c.userid"], "Filter": "(c.creationdate <= '2014-09-09 21:14:09'::timestamp without time zone)", "Rows Removed by Filter": 0}, {"Node Type": "Hash", "Parent Relationship": "Inner", "Parallel Aware": false, "Startup Cost": 3852.41, "Total Cost": 3852.41, "Plan Rows": 14857, "Plan Width": 16, "Actual Startup Time": 54.068, "Actual Total Time": 54.073, "Actual Rows": 67904, "Actual Loops": 1, "Output": ["p.id", "p.lasteditoruserid", "pl.relatedpostid", "v.postid"], "Hash Buckets": 131072, "Original Hash Buckets": 16384, "Hash Batches": 1, "Original Hash Batches": 1, "Peak Memory Usage": 4173, "Plans": [{"Node Type": "Nested Loop", "Parent Relationship": "Outer", "Parallel Aware": false, "Join Type": "Inner", "Startup Cost": 1485.18, "Total Cost": 3852.41, "Plan Rows": 14857, "Plan Width": 16, "Actual Startup Time": 11.521, "Actual Total Time": 45.288, "Actual Rows": 67904, "Actual Loops": 1, "Output": ["p.id", "p.lasteditoruserid", "pl.relatedpostid", "v.postid"], "Inner Unique": false, "Plans": [{"Node Type": "Hash Join", "Parent Relationship": "Outer", "Parallel Aware": false, "Join Type": "Inner", "Startup Cost": 1484.88, "Total Cost": 1571.86, "Plan Rows": 3776, "Plan Width": 12, "Actual Startup Time": 11.48, "Actual Total Time": 13.145, "Actual Rows": 3724, "Actual Loops": 1, "Output": ["p.id", "p.lasteditoruserid", "pl.relatedpostid"], "Inner Unique": true, "Hash Cond": "(pl.relatedpostid = p.id)", "Plans": [{"Node Type": "Seq Scan", "Parent Relationship": "Outer", "Parallel Aware": false, "Relation Name": "postlinks", "Schema": "public", "Alias": "pl", "Startup Cost": 0.0, "Total Cost": 76.91, "Plan Rows": 3833, "Plan Width": 4, "Actual Startup Time": 0.007, "Actual Total Time": 0.665, "Actual Rows": 3833, "Actual Loops": 1, "Output": ["pl.id", "pl.creationdate", "pl.postid", "pl.relatedpostid", "pl.linktypeid"], "Filter": "(pl.linktypeid = 1)", "Rows Removed by Filter": 0}, {"Node Type": "Hash", "Parent Relationship": "Inner", "Parallel Aware": false, "Startup Cost": 977.75, "Total Cost": 977.75, "Plan Rows": 40571, "Plan Width": 8, "Actual Startup Time": 11.28, "Actual Total Time": 11.281, "Actual Rows": 40574, "Actual Loops": 1, "Output": ["p.id", "p.lasteditoruserid"], "Hash Buckets": 65536, "Original Hash Buckets": 65536, "Hash Batches": 1, "Original Hash Batches": 1, "Peak Memory Usage": 2016, "Plans": [{"Node Type": "Seq Scan", "Parent Relationship": "Outer", "Parallel Aware": false, "Relation Name": "posts", "Schema": "public", "Alias": "p", "Startup Cost": 0.0, "Total Cost": 977.75, "Plan Rows": 40571, "Plan Width": 8, "Actual Startup Time": 0.007, "Actual Total Time": 7.106, "Actual Rows": 40574, "Actual Loops": 1, "Output": ["p.id", "p.lasteditoruserid"], "Filter": "((p.commentcount <= 10) AND (p.creationdate <= '2014-09-09 04:47:31'::timestamp without time zone))", "Rows Removed by Filter": 609}]}]}, {"Node Type": "Index Scan", "Parent Relationship": "Inner", "Parallel Aware": false, "Scan Direction": "Forward", "Index Name": "idx_votes_postid", "Relation Name": "votes", "Schema": "public", "Alias": "v", "Startup Cost": 0.29, "Total Cost": 0.54, "Plan Rows": 6, "Plan Width": 4, "Actual Startup Time": 0.002, "Actual Total Time": 0.007, "Actual Rows": 18, "Actual Loops": 3724, "Output": ["v.id", "v.postid", "v.votetypeid", "v.creationdate", "v.userid", "v.bountyamount"], "Index Cond": "(v.postid = p.id)", "Rows Removed by Index Recheck": 0, "Filter": "(v.creationdate >= '2010-07-22 00:00:00'::timestamp without time zone)", "Rows Removed by Filter": 0}]}]}]}, {"Node Type": "Hash", "Parent Relationship": "Inner", "Parallel Aware": false, "Startup Cost": 1072.28, "Total Cost": 1072.28, "Plan Rows": 32624, "Plan Width": 8, "Actual Startup Time": 20.581, "Actual Total Time": 20.582, "Actual Rows": 32624, "Actual Loops": 1, "Output": ["b.userid", "u.id"], "Hash Buckets": 32768, "Original Hash Buckets": 32768, "Hash Batches": 1, "Original Hash Batches": 1, "Peak Memory Usage": 1531, "Plans": [{"Node Type": "Hash Join", "Parent Relationship": "Outer", "Parallel Aware": false, "Join Type": "Inner", "Startup Cost": 483.38, "Total Cost": 1072.28, "Plan Rows": 32624, "Plan Width": 8, "Actual Startup Time": 6.221, "Actual Total Time": 16.052, "Actual Rows": 32624, "Actual Loops": 1, "Output": ["b.userid", "u.id"], "Inner Unique": true, "Hash Cond": "(b.userid = u.id)", "Plans": [{"Node Type": "Seq Scan", "Parent Relationship": "Outer", "Parallel Aware": false, "Relation Name": "badges", "Schema": "public", "Alias": "b", "Startup Cost": 0.0, "Total Cost": 503.24, "Plan Rows": 32624, "Plan Width": 4, "Actual Startup Time": 0.013, "Actual Total Time": 2.57, "Actual Rows": 32624, "Actual Loops": 1, "Output": ["b.id", "b.userid", "b.date"]}, {"Node Type": "Hash", "Parent Relationship": "Inner", "Parallel Aware": false, "Startup Cost": 296.69, "Total Cost": 296.69, "Plan Rows": 14935, "Plan Width": 4, "Actual Startup Time": 6.117, "Actual Total Time": 6.118, "Actual Rows": 14935, "Actual Loops": 1, "Output": ["u.id"], "Hash Buckets": 16384, "Original Hash Buckets": 16384, "Hash Batches": 1, "Original Hash Batches": 1, "Peak Memory Usage": 654, "Plans": [{"Node Type": "Seq Scan", "Parent Relationship": "Outer", "Parallel Aware": false, "Relation Name": "users", "Schema": "public", "Alias": "u", "Startup Cost": 0.0, "Total Cost": 296.69, "Plan Rows": 14935, "Plan Width": 4, "Actual Startup Time": 0.012, "Actual Total Time": 3.548, "Actual Rows": 14935, "Actual Loops": 1, "Output": ["u.id"], "Filter": "(u.downvotes >= 0)", "Rows Removed by Filter": 0}]}]}]}]}]}, "Planning Time": 10.11, "Triggers": [], "Execution Time": 1654.577}]
[{"Plan": {"Node Type": "Aggregate", "Strategy": "Plain", "Partial Mode": "Simple", "Parallel Aware": false, "Startup Cost": 3395.07, "Total Cost": 3395.08, "Plan Rows": 1, "Plan Width": 8, "Actual Startup Time": 43.401, "Actual Total Time": 43.409, "Actual Rows": 1, "Actual Loops": 1, "Output": ["count(*)"], "Plans": [{"Node Type": "Hash Join", "Parent Relationship": "Outer", "Parallel Aware": false, "Join Type": "Inner", "Startup Cost": 2567.6, "Total Cost": 3392.06, "Plan Rows": 1204, "Plan Width": 0, "Actual Startup Time": 22.066, "Actual Total Time": 38.154, "Actual Rows": 129872, "Actual Loops": 1, "Inner Unique": false, "Hash Cond": "(b.userid = u.id)", "Plans": [{"Node Type": "Seq Scan", "Parent Relationship": "Outer", "Parallel Aware": false, "Relation Name": "badges", "Schema": "public", "Alias": "b", "Startup Cost": 0.0, "Total Cost": 584.8, "Plan Rows": 31801, "Plan Width": 4, "Actual Startup Time": 0.109, "Actual Total Time": 3.686, "Actual Rows": 31814, "Actual Loops": 1, "Output": ["b.id", "b.userid", "b.date"], "Filter": "(b.date >= '2010-07-27 17:28:44'::timestamp without time zone)", "Rows Removed by Filter": 810}, {"Node Type": "Hash", "Parent Relationship": "Inner", "Parallel Aware": false, "Startup Cost": 2496.91, "Total Cost": 2496.91, "Plan Rows": 5655, "Plan Width": 8, "Actual Startup Time": 21.879, "Actual Total Time": 21.884, "Actual Rows": 7948, "Actual Loops": 1, "Output": ["p.owneruserid", "u.id"], "Hash Buckets": 8192, "Original Hash Buckets": 8192, "Hash Batches": 1, "Original Hash Batches": 1, "Peak Memory Usage": 375, "Plans": [{"Node Type": "Nested Loop", "Parent Relationship": "Outer", "Parallel Aware": false, "Join Type": "Inner", "Startup Cost": 1278.69, "Total Cost": 2496.91, "Plan Rows": 5655, "Plan Width": 8, "Actual Startup Time": 8.509, "Actual Total Time": 20.711, "Actual Rows": 7948, "Actual Loops": 1, "Output": ["p.owneruserid", "u.id"], "Inner Unique": false, "Plans": [{"Node Type": "Nested Loop", "Parent Relationship": "Outer", "Parallel Aware": false, "Join Type": "Inner", "Startup Cost": 1278.4, "Total Cost": 1870.4, "Plan Rows": 1433, "Plan Width": 16, "Actual Startup Time": 8.497, "Actual Total Time": 15.184, "Actual Rows": 2723, "Actual Loops": 1, "Output": ["pl.relatedpostid", "p.id", "p.owneruserid", "u.id"], "Inner Unique": true, "Plans": [{"Node Type": "Hash Join", "Parent Relationship": "Outer", "Parallel Aware": false, "Join Type": "Inner", "Startup Cost": 1278.12, "Total Cost": 1365.09, "Plan Rows": 1470, "Plan Width": 12, "Actual Startup Time": 8.481, "Actual Total Time": 10.13, "Actual Rows": 2837, "Actual Loops": 1, "Output": ["pl.relatedpostid", "p.id", "p.owneruserid"], "Inner Unique": true, "Hash Cond": "(pl.relatedpostid = p.id)", "Plans": [{"Node Type": "Seq Scan", "Parent Relationship": "Outer", "Parallel Aware": false, "Relation Name": "postlinks", "Schema": "public", "Alias": "pl", "Startup Cost": 0.0, "Total Cost": 76.91, "Plan Rows": 3833, "Plan Width": 4, "Actual Startup Time": 0.012, "Actual Total Time": 0.724, "Actual Rows": 3833, "Actual Loops": 1, "Output": ["pl.id", "pl.creationdate", "pl.postid", "pl.relatedpostid", "pl.linktypeid"], "Filter": "(pl.creationdate <= '2014-09-07 04:29:10'::timestamp without time zone)", "Rows Removed by Filter": 0}, {"Node Type": "Hash", "Parent Relationship": "Inner", "Parallel Aware": false, "Startup Cost": 1080.7, "Total Cost": 1080.7, "Plan Rows": 15793, "Plan Width": 8, "Actual Startup Time": 8.387, "Actual Total Time": 8.388, "Actual Rows": 15941, "Actual Loops": 1, "Output": ["p.id", "p.owneruserid"], "Hash Buckets": 16384, "Original Hash Buckets": 16384, "Hash Batches": 1, "Original Hash Batches": 1, "Peak Memory Usage": 749, "Plans": [{"Node Type": "Seq Scan", "Parent Relationship": "Outer", "Parallel Aware": false, "Relation Name": "posts", "Schema": "public", "Alias": "p", "Startup Cost": 0.0, "Total Cost": 1080.7, "Plan Rows": 15793, "Plan Width": 8, "Actual Startup Time": 0.05, "Actual Total Time": 6.416, "Actual Rows": 15941, "Actual Loops": 1, "Output": ["p.id", "p.owneruserid"], "Filter": "((p.viewcount <= 6220) AND (p.creationdate >= '2010-07-20 08:36:36'::timestamp without time zone) AND (p.creationdate <= '2014-09-08 00:14:31'::timestamp without time zone))", "Rows Removed by Filter": 25242}]}]}, {"Node Type": "Index Scan", "Parent Relationship": "Inner", "Parallel Aware": false, "Scan Direction": "Forward", "Index Name": "users_pkey", "Relation Name": "users", "Schema": "public", "Alias": "u", "Startup Cost": 0.29, "Total Cost": 0.34, "Plan Rows": 1, "Plan Width": 4, "Actual Startup Time": 0.002, "Actual Total Time": 0.002, "Actual Rows": 1, "Actual Loops": 2837, "Output": ["u.id", "u.reputation", "u.creationdate", "u.views", "u.upvotes", "u.downvotes"], "Index Cond": "(u.id = p.owneruserid)", "Rows Removed by Index Recheck": 0, "Filter": "(u.reputation >= 1)", "Rows Removed by Filter": 0}]}, {"Node Type": "Index Only Scan", "Parent Relationship": "Inner", "Parallel Aware": false, "Scan Direction": "Forward", "Index Name": "idx_comments_postid", "Relation Name": "comments", "Schema": "public", "Alias": "c", "Startup Cost": 0.29, "Total Cost": 0.4, "Plan Rows": 4, "Plan Width": 4, "Actual Startup Time": 0.001, "Actual Total Time": 0.002, "Actual Rows": 3, "Actual Loops": 2723, "Output": ["c.postid"], "Index Cond": "(c.postid = p.id)", "Rows Removed by Index Recheck": 0, "Heap Fetches": 0}]}]}]}]}, "Planning Time": 4.318, "Triggers": [], "Execution Time": 43.574}]#####[{"Plan": {"Node Type": "Aggregate", "Strategy": "Plain", "Partial Mode": "Simple", "Parallel Aware": false, "Startup Cost": 2664.23, "Total Cost": 2664.24, "Plan Rows": 1, "Plan Width": 8, "Actual Startup Time": 92.254, "Actual Total Time": 92.26, "Actual Rows": 1, "Actual Loops": 1, "Output": ["count(*)"], "Plans": [{"Node Type": "Nested Loop", "Parent Relationship": "Outer", "Parallel Aware": false, "Join Type": "Inner", "Startup Cost": 1278.98, "Total Cost": 2634.13, "Plan Rows": 12041, "Plan Width": 0, "Actual Startup Time": 7.011, "Actual Total Time": 86.916, "Actual Rows": 129872, "Actual Loops": 1, "Inner Unique": false, "Plans": [{"Node Type": "Nested Loop", "Parent Relationship": "Outer", "Parallel Aware": false, "Join Type": "Inner", "Startup Cost": 1278.69, "Total Cost": 2500.79, "Plan Rows": 305, "Plan Width": 8, "Actual Startup Time": 7.0, "Actual Total Time": 34.524, "Actual Rows": 45743, "Actual Loops": 1, "Output": ["pl.relatedpostid", "p.id"], "Inner Unique": false, "Plans": [{"Node Type": "Nested Loop", "Parent Relationship": "Outer", "Parallel Aware": false, "Join Type": "Inner", "Startup Cost": 1278.4, "Total Cost": 1870.4, "Plan Rows": 1433, "Plan Width": 16, "Actual Startup Time": 6.975, "Actual Total Time": 13.355, "Actual Rows": 2723, "Actual Loops": 1, "Output": ["pl.relatedpostid", "p.id", "p.owneruserid", "u.id"], "Inner Unique": true, "Plans": [{"Node Type": "Hash Join", "Parent Relationship": "Outer", "Parallel Aware": false, "Join Type": "Inner", "Startup Cost": 1278.12, "Total Cost": 1365.09, "Plan Rows": 1470, "Plan Width": 12, "Actual Startup Time": 6.957, "Actual Total Time": 8.728, "Actual Rows": 2837, "Actual Loops": 1, "Output": ["pl.relatedpostid", "p.id", "p.owneruserid"], "Inner Unique": true, "Hash Cond": "(pl.relatedpostid = p.id)", "Plans": [{"Node Type": "Seq Scan", "Parent Relationship": "Outer", "Parallel Aware": false, "Relation Name": "postlinks", "Schema": "public", "Alias": "pl", "Startup Cost": 0.0, "Total Cost": 76.91, "Plan Rows": 3833, "Plan Width": 4, "Actual Startup Time": 0.01, "Actual Total Time": 0.71, "Actual Rows": 3833, "Actual Loops": 1, "Output": ["pl.id", "pl.creationdate", "pl.postid", "pl.relatedpostid", "pl.linktypeid"], "Filter": "(pl.creationdate <= '2014-09-07 04:29:10'::timestamp without time zone)", "Rows Removed by Filter": 0}, {"Node Type": "Hash", "Parent Relationship": "Inner", "Parallel Aware": false, "Startup Cost": 1080.7, "Total Cost": 1080.7, "Plan Rows": 15793, "Plan Width": 8, "Actual Startup Time": 6.871, "Actual Total Time": 6.872, "Actual Rows": 15941, "Actual Loops": 1, "Output": ["p.id", "p.owneruserid"], "Hash Buckets": 16384, "Original Hash Buckets": 16384, "Hash Batches": 1, "Original Hash Batches": 1, "Peak Memory Usage": 749, "Plans": [{"Node Type": "Seq Scan", "Parent Relationship": "Outer", "Parallel Aware": false, "Relation Name": "posts", "Schema": "public", "Alias": "p", "Startup Cost": 0.0, "Total Cost": 1080.7, "Plan Rows": 15793, "Plan Width": 8, "Actual Startup Time": 0.035, "Actual Total Time": 5.295, "Actual Rows": 15941, "Actual Loops": 1, "Output": ["p.id", "p.owneruserid"], "Filter": "((p.viewcount <= 6220) AND (p.creationdate >= '2010-07-20 08:36:36'::timestamp without time zone) AND (p.creationdate <= '2014-09-08 00:14:31'::timestamp without time zone))", "Rows Removed by Filter": 25242}]}]}, {"Node Type": "Index Scan", "Parent Relationship": "Inner", "Parallel Aware": false, "Scan Direction": "Forward", "Index Name": "users_pkey", "Relation Name": "users", "Schema": "public", "Alias": "u", "Startup Cost": 0.29, "Total Cost": 0.34, "Plan Rows": 1, "Plan Width": 4, "Actual Startup Time": 0.001, "Actual Total Time": 0.001, "Actual Rows": 1, "Actual Loops": 2837, "Output": ["u.id", "u.reputation", "u.creationdate", "u.views", "u.upvotes", "u.downvotes"], "Index Cond": "(u.id = p.owneruserid)", "Rows Removed by Index Recheck": 0, "Filter": "(u.reputation >= 1)", "Rows Removed by Filter": 0}]}, {"Node Type": "Index Scan", "Parent Relationship": "Inner", "Parallel Aware": false, "Scan Direction": "Forward", "Index Name": "idx_badges_userid", "Relation Name": "badges", "Schema": "public", "Alias": "b", "Startup Cost": 0.29, "Total Cost": 0.41, "Plan Rows": 3, "Plan Width": 4, "Actual Startup Time": 0.001, "Actual Total Time": 0.007, "Actual Rows": 17, "Actual Loops": 2723, "Output": ["b.id", "b.userid", "b.date"], "Index Cond": "(b.userid = u.id)", "Rows Removed by Index Recheck": 0, "Filter": "(b.date >= '2010-07-27 17:28:44'::timestamp without time zone)", "Rows Removed by Filter": 1}]}, {"Node Type": "Index Only Scan", "Parent Relationship": "Inner", "Parallel Aware": false, "Scan Direction": "Forward", "Index Name": "idx_comments_postid", "Relation Name": "comments", "Schema": "public", "Alias": "c", "Startup Cost": 0.29, "Total Cost": 0.4, "Plan Rows": 4, "Plan Width": 4, "Actual Startup Time": 0.001, "Actual Total Time": 0.001, "Actual Rows": 3, "Actual Loops": 45743, "Output": ["c.postid"], "Index Cond": "(c.postid = p.id)", "Rows Removed by Index Recheck": 0, "Heap Fetches": 0}]}]}, "Planning Time": 1.869, "Triggers": [], "Execution Time": 92.374}]#####[{"Plan": {"Node Type": "Aggregate", "Strategy": "Plain", "Partial Mode": "Simple", "Parallel Aware": false, "Startup Cost": 3736.47, "Total Cost": 3736.48, "Plan Rows": 1, "Plan Width": 8, "Actual Startup Time": 42.024, "Actual Total Time": 42.03, "Actual Rows": 1, "Actual Loops": 1, "Output": ["count(*)"], "Plans": [{"Node Type": "Hash Join", "Parent Relationship": "Outer", "Parallel Aware": false, "Join Type": "Inner", "Startup Cost": 2827.59, "Total Cost": 3706.36, "Plan Rows": 12041, "Plan Width": 0, "Actual Startup Time": 23.474, "Actual Total Time": 37.595, "Actual Rows": 129872, "Actual Loops": 1, "Inner Unique": false, "Hash Cond": "(p.owneruserid = u.id)", "Plans": [{"Node Type": "Nested Loop", "Parent Relationship": "Outer", "Parallel Aware": false, "Join Type": "Inner", "Startup Cost": 1278.41, "Total Cost": 2007.77, "Plan Rows": 5801, "Plan Width": 4, "Actual Startup Time": 6.743, "Actual Total Time": 12.248, "Actual Rows": 8190, "Actual Loops": 1, "Output": ["p.owneruserid"], "Inner Unique": false, "Plans": [{"Node Type": "Hash Join", "Parent Relationship": "Outer", "Parallel Aware": false, "Join Type": "Inner", "Startup Cost": 1278.12, "Total Cost": 1365.09, "Plan Rows": 1470, "Plan Width": 12, "Actual Startup Time": 6.727, "Actual Total Time": 7.989, "Actual Rows": 2837, "Actual Loops": 1, "Output": ["pl.relatedpostid", "p.id", "p.owneruserid"], "Inner Unique": true, "Hash Cond": "(pl.relatedpostid = p.id)", "Plans": [{"Node Type": "Seq Scan", "Parent Relationship": "Outer", "Parallel Aware": false, "Relation Name": "postlinks", "Schema": "public", "Alias": "pl", "Startup Cost": 0.0, "Total Cost": 76.91, "Plan Rows": 3833, "Plan Width": 4, "Actual Startup Time": 0.008, "Actual Total Time": 0.582, "Actual Rows": 3833, "Actual Loops": 1, "Output": ["pl.id", "pl.creationdate", "pl.postid", "pl.relatedpostid", "pl.linktypeid"], "Filter": "(pl.creationdate <= '2014-09-07 04:29:10'::timestamp without time zone)", "Rows Removed by Filter": 0}, {"Node Type": "Hash", "Parent Relationship": "Inner", "Parallel Aware": false, "Startup Cost": 1080.7, "Total Cost": 1080.7, "Plan Rows": 15793, "Plan Width": 8, "Actual Startup Time": 6.657, "Actual Total Time": 6.657, "Actual Rows": 15941, "Actual Loops": 1, "Output": ["p.id", "p.owneruserid"], "Hash Buckets": 16384, "Original Hash Buckets": 16384, "Hash Batches": 1, "Original Hash Batches": 1, "Peak Memory Usage": 749, "Plans": [{"Node Type": "Seq Scan", "Parent Relationship": "Outer", "Parallel Aware": false, "Relation Name": "posts", "Schema": "public", "Alias": "p", "Startup Cost": 0.0, "Total Cost": 1080.7, "Plan Rows": 15793, "Plan Width": 8, "Actual Startup Time": 0.031, "Actual Total Time": 5.073, "Actual Rows": 15941, "Actual Loops": 1, "Output": ["p.id", "p.owneruserid"], "Filter": "((p.viewcount <= 6220) AND (p.creationdate >= '2010-07-20 08:36:36'::timestamp without time zone) AND (p.creationdate <= '2014-09-08 00:14:31'::timestamp without time zone))", "Rows Removed by Filter": 25242}]}]}, {"Node Type": "Index Only Scan", "Parent Relationship": "Inner", "Parallel Aware": false, "Scan Direction": "Forward", "Index Name": "idx_comments_postid", "Relation Name": "comments", "Schema": "public", "Alias": "c", "Startup Cost": 0.29, "Total Cost": 0.4, "Plan Rows": 4, "Plan Width": 4, "Actual Startup Time": 0.001, "Actual Total Time": 0.001, "Actual Rows": 3, "Actual Loops": 2837, "Output": ["c.postid"], "Index Cond": "(c.postid = p.id)", "Rows Removed by Index Recheck": 0, "Heap Fetches": 0}]}, {"Node Type": "Hash", "Parent Relationship": "Inner", "Parallel Aware": false, "Startup Cost": 1151.67, "Total Cost": 1151.67, "Plan Rows": 31801, "Plan Width": 8, "Actual Startup Time": 16.533, "Actual Total Time": 16.535, "Actual Rows": 31814, "Actual Loops": 1, "Output": ["u.id", "b.userid"], "Hash Buckets": 32768, "Original Hash Buckets": 32768, "Hash Batches": 1, "Original Hash Batches": 1, "Peak Memory Usage": 1499, "Plans": [{"Node Type": "Hash Join", "Parent Relationship": "Outer", "Parallel Aware": false, "Join Type": "Inner", "Startup Cost": 483.38, "Total Cost": 1151.67, "Plan Rows": 31801, "Plan Width": 8, "Actual Startup Time": 4.316, "Actual Total Time": 12.858, "Actual Rows": 31814, "Actual Loops": 1, "Output": ["u.id", "b.userid"], "Inner Unique": true, "Hash Cond": "(b.userid = u.id)", "Plans": [{"Node Type": "Seq Scan", "Parent Relationship": "Outer", "Parallel Aware": false, "Relation Name": "badges", "Schema": "public", "Alias": "b", "Startup Cost": 0.0, "Total Cost": 584.8, "Plan Rows": 31801, "Plan Width": 4, "Actual Startup Time": 0.122, "Actual Total Time": 3.92, "Actual Rows": 31814, "Actual Loops": 1, "Output": ["b.id", "b.userid", "b.date"], "Filter": "(b.date >= '2010-07-27 17:28:44'::timestamp without time zone)", "Rows Removed by Filter": 810}, {"Node Type": "Hash", "Parent Relationship": "Inner", "Parallel Aware": false, "Startup Cost": 296.69, "Total Cost": 296.69, "Plan Rows": 14935, "Plan Width": 4, "Actual Startup Time": 4.106, "Actual Total Time": 4.107, "Actual Rows": 14935, "Actual Loops": 1, "Output": ["u.id"], "Hash Buckets": 16384, "Original Hash Buckets": 16384, "Hash Batches": 1, "Original Hash Batches": 1, "Peak Memory Usage": 654, "Plans": [{"Node Type": "Seq Scan", "Parent Relationship": "Outer", "Parallel Aware": false, "Relation Name": "users", "Schema": "public", "Alias": "u", "Startup Cost": 0.0, "Total Cost": 296.69, "Plan Rows": 14935, "Plan Width": 4, "Actual Startup Time": 0.01, "Actual Total Time": 2.367, "Actual Rows": 14935, "Actual Loops": 1, "Output": ["u.id"], "Filter": "(u.reputation >= 1)", "Rows Removed by Filter": 0}]}]}]}]}]}, "Planning Time": 4.869, "Triggers": [], "Execution Time": 42.248}]
[{"Plan": {"Node Type": "Aggregate", "Strategy": "Plain", "Partial Mode": "Simple", "Parallel Aware": false, "Startup Cost": 2032.24, "Total Cost": 2032.25, "Plan Rows": 1, "Plan Width": 8, "Actual Startup Time": 28.302, "Actual Total Time": 28.307, "Actual Rows": 1, "Actual Loops": 1, "Output": ["count(*)"], "Plans": [{"Node Type": "Nested Loop", "Parent Relationship": "Outer", "Parallel Aware": false, "Join Type": "Inner", "Startup Cost": 1071.29, "Total Cost": 2031.93, "Plan Rows": 126, "Plan Width": 0, "Actual Startup Time": 9.804, "Actual Total Time": 27.278, "Actual Rows": 25166, "Actual Loops": 1, "Inner Unique": false, "Join Filter": "(p.id = v.postid)", "Rows Removed by Join Filter": 0, "Plans": [{"Node Type": "Nested Loop", "Parent Relationship": "Outer", "Parallel Aware": false, "Join Type": "Inner", "Startup Cost": 1070.99, "Total Cost": 1848.95, "Plan Rows": 317, "Plan Width": 16, "Actual Startup Time": 9.787, "Actual Total Time": 16.823, "Actual Rows": 1711, "Actual Loops": 1, "Output": ["c.postid", "p.id", "pl.postid", "ph.postid"], "Inner Unique": false, "Join Filter": "(p.id = c.postid)", "Rows Removed by Join Filter": 0, "Plans": [{"Node Type": "Nested Loop", "Parent Relationship": "Outer", "Parallel Aware": false, "Join Type": "Inner", "Startup Cost": 1070.7, "Total Cost": 1735.85, "Plan Rows": 217, "Plan Width": 12, "Actual Startup Time": 9.686, "Actual Total Time": 14.928, "Actual Rows": 458, "Actual Loops": 1, "Output": ["p.id", "pl.postid", "ph.postid"], "Inner Unique": false, "Plans": [{"Node Type": "Nested Loop", "Parent Relationship": "Outer", "Parallel Aware": false, "Join Type": "Inner", "Startup Cost": 1070.4, "Total Cost": 1416.05, "Plan Rows": 315, "Plan Width": 8, "Actual Startup Time": 9.659, "Actual Total Time": 13.187, "Actual Rows": 206, "Actual Loops": 1, "Output": ["p.id", "pl.postid"], "Inner Unique": true, "Plans": [{"Node Type": "Hash Join", "Parent Relationship": "Outer", "Parallel Aware": false, "Join Type": "Inner", "Startup Cost": 1070.12, "Total Cost": 1147.51, "Plan Rows": 688, "Plan Width": 12, "Actual Startup Time": 9.636, "Actual Total Time": 10.68, "Actual Rows": 2175, "Actual Loops": 1, "Output": ["p.id", "p.lasteditoruserid", "pl.postid"], "Inner Unique": true, "Hash Cond": "(pl.postid = p.id)", "Plans": [{"Node Type": "Seq Scan", "Parent Relationship": "Outer", "Parallel Aware": false, "Relation Name": "postlinks", "Schema": "public", "Alias": "pl", "Startup Cost": 0.0, "Total Cost": 67.33, "Plan Rows": 3833, "Plan Width": 4, "Actual Startup Time": 0.014, "Actual Total Time": 0.245, "Actual Rows": 3833, "Actual Loops": 1, "Output": ["pl.id", "pl.creationdate", "pl.postid", "pl.relatedpostid", "pl.linktypeid"]}, {"Node Type": "Hash", "Parent Relationship": "Inner", "Parallel Aware": false, "Startup Cost": 977.75, "Total Cost": 977.75, "Plan Rows": 7390, "Plan Width": 8, "Actual Startup Time": 9.541, "Actual Total Time": 9.541, "Actual Rows": 7473, "Actual Loops": 1, "Output": ["p.id", "p.lasteditoruserid"], "Hash Buckets": 8192, "Original Hash Buckets": 8192, "Hash Batches": 1, "Original Hash Batches": 1, "Peak Memory Usage": 350, "Plans": [{"Node Type": "Seq Scan", "Parent Relationship": "Outer", "Parallel Aware": false, "Relation Name": "posts", "Schema": "public", "Alias": "p", "Startup Cost": 0.0, "Total Cost": 977.75, "Plan Rows": 7390, "Plan Width": 8, "Actual Startup Time": 0.012, "Actual Total Time": 8.209, "Actual Rows": 7473, "Actual Loops": 1, "Output": ["p.id", "p.lasteditoruserid"], "Filter": "((p.commentcount >= 0) AND (p.favoritecount >= 0))", "Rows Removed by Filter": 33710}]}]}, {"Node Type": "Index Scan", "Parent Relationship": "Inner", "Parallel Aware": false, "Scan Direction": "Forward", "Index Name": "users_pkey", "Relation Name": "users", "Schema": "public", "Alias": "u", "Startup Cost": 0.29, "Total Cost": 0.39, "Plan Rows": 1, "Plan Width": 4, "Actual Startup Time": 0.001, "Actual Total Time": 0.001, "Actual Rows": 0, "Actual Loops": 2175, "Output": ["u.id", "u.reputation", "u.creationdate", "u.views", "u.upvotes", "u.downvotes"], "Index Cond": "(u.id = p.lasteditoruserid)", "Rows Removed by Index Recheck": 0, "Filter": "((u.reputation <= 230) AND (u.views >= 0))", "Rows Removed by Filter": 1}]}, {"Node Type": "Index Scan", "Parent Relationship": "Inner", "Parallel Aware": false, "Scan Direction": "Forward", "Index Name": "idx_posthistory_postid", "Relation Name": "posthistory", "Schema": "public", "Alias": "ph", "Startup Cost": 0.29, "Total Cost": 1.01, "Plan Rows": 1, "Plan Width": 4, "Actual Startup Time": 0.006, "Actual Total Time": 0.008, "Actual Rows": 2, "Actual Loops": 206, "Output": ["ph.id", "ph.posthistorytypeid", "ph.postid", "ph.creationdate", "ph.userid"], "Index Cond": "(ph.postid = p.id)", "Rows Removed by Index Recheck": 0, "Filter": "(ph.posthistorytypeid = 5)", "Rows Removed by Filter": 5}]}, {"Node Type": "Index Scan", "Parent Relationship": "Inner", "Parallel Aware": false, "Scan Direction": "Forward", "Index Name": "idx_comments_postid", "Relation Name": "comments", "Schema": "public", "Alias": "c", "Startup Cost": 0.29, "Total Cost": 0.48, "Plan Rows": 3, "Plan Width": 4, "Actual Startup Time": 0.002, "Actual Total Time": 0.004, "Actual Rows": 4, "Actual Loops": 458, "Output": ["c.id", "c.postid", "c.score", "c.creationdate", "c.userid"], "Index Cond": "(c.postid = ph.postid)", "Rows Removed by Index Recheck": 0, "Filter": "((c.creationdate <= '2014-09-11 19:46:09'::timestamp without time zone) AND (c.score = 0))", "Rows Removed by Filter": 1}]}, {"Node Type": "Index Scan", "Parent Relationship": "Inner", "Parallel Aware": false, "Scan Direction": "Forward", "Index Name": "idx_votes_postid", "Relation Name": "votes", "Schema": "public", "Alias": "v", "Startup Cost": 0.29, "Total Cost": 0.5, "Plan Rows": 6, "Plan Width": 4, "Actual Startup Time": 0.001, "Actual Total Time": 0.005, "Actual Rows": 15, "Actual Loops": 1711, "Output": ["v.id", "v.postid", "v.votetypeid", "v.creationdate", "v.userid", "v.bountyamount"], "Index Cond": "(v.postid = c.postid)", "Rows Removed by Index Recheck": 0, "Filter": "(v.creationdate <= '2014-08-23 00:00:00'::timestamp without time zone)", "Rows Removed by Filter": 0}]}]}, "Planning Time": 8.63, "Triggers": [], "Execution Time": 28.453}]#####[{"Plan": {"Node Type": "Aggregate", "Strategy": "Plain", "Partial Mode": "Simple", "Parallel Aware": false, "Startup Cost": 3728.17, "Total Cost": 3728.18, "Plan Rows": 1, "Plan Width": 8, "Actual Startup Time": 64.197, "Actual Total Time": 64.203, "Actual Rows": 1, "Actual Loops": 1, "Output": ["count(*)"], "Plans": [{"Node Type": "Hash Join", "Parent Relationship": "Outer", "Parallel Aware": false, "Join Type": "Inner", "Startup Cost": 1578.68, "Total Cost": 3725.01, "Plan Rows": 1262, "Plan Width": 0, "Actual Startup Time": 9.601, "Actual Total Time": 63.219, "Actual Rows": 25166, "Actual Loops": 1, "Inner Unique": true, "Hash Cond": "(p.lasteditoruserid = u.id)", "Plans": [{"Node Type": "Nested Loop", "Parent Relationship": "Outer", "Parallel Aware": false, "Join Type": "Inner", "Startup Cost": 1071.0, "Total Cost": 2493.0, "Plan Rows": 275900, "Plan Width": 4, "Actual Startup Time": 6.232, "Actual Total Time": 54.408, "Actual Rows": 78455, "Actual Loops": 1, "Output": ["p.lasteditoruserid"], "Inner Unique": false, "Join Filter": "(p.id = v.postid)", "Rows Removed by Join Filter": 0, "Plans": [{"Node Type": "Nested Loop", "Parent Relationship": "Outer", "Parallel Aware": false, "Join Type": "Inner", "Startup Cost": 1070.7, "Total Cost": 2093.58, "Plan Rows": 692, "Plan Width": 20, "Actual Startup Time": 6.216, "Actual Total Time": 22.935, "Actual Rows": 6991, "Actual Loops": 1, "Output": ["c.postid", "p.id", "p.lasteditoruserid", "pl.postid", "ph.postid"], "Inner Unique": false, "Join Filter": "(p.id = c.postid)", "Rows Removed by Join Filter": 0, "Plans": [{"Node Type": "Nested Loop", "Parent Relationship": "Outer", "Parallel Aware": false, "Join Type": "Inner", "Startup Cost": 1070.41, "Total Cost": 1846.0, "Plan Rows": 475, "Plan Width": 16, "Actual Startup Time": 6.103, "Actual Total Time": 15.729, "Actual Rows": 2591, "Actual Loops": 1, "Output": ["p.id", "p.lasteditoruserid", "pl.postid", "ph.postid"], "Inner Unique": false, "Plans": [{"Node Type": "Hash Join", "Parent Relationship": "Outer", "Parallel Aware": false, "Join Type": "Inner", "Startup Cost": 1070.12, "Total Cost": 1147.51, "Plan Rows": 688, "Plan Width": 12, "Actual Startup Time": 6.072, "Actual Total Time": 7.32, "Actual Rows": 2175, "Actual Loops": 1, "Output": ["p.id", "p.lasteditoruserid", "pl.postid"], "Inner Unique": true, "Hash Cond": "(pl.postid = p.id)", "Plans": [{"Node Type": "Seq Scan", "Parent Relationship": "Outer", "Parallel Aware": false, "Relation Name": "postlinks", "Schema": "public", "Alias": "pl", "Startup Cost": 0.0, "Total Cost": 67.33, "Plan Rows": 3833, "Plan Width": 4, "Actual Startup Time": 0.006, "Actual Total Time": 0.258, "Actual Rows": 3833, "Actual Loops": 1, "Output": ["pl.id", "pl.creationdate", "pl.postid", "pl.relatedpostid", "pl.linktypeid"]}, {"Node Type": "Hash", "Parent Relationship": "Inner", "Parallel Aware": false, "Startup Cost": 977.75, "Total Cost": 977.75, "Plan Rows": 7390, "Plan Width": 8, "Actual Startup Time": 6.029, "Actual Total Time": 6.03, "Actual Rows": 7473, "Actual Loops": 1, "Output": ["p.id", "p.lasteditoruserid"], "Hash Buckets": 8192, "Original Hash Buckets": 8192, "Hash Batches": 1, "Original Hash Batches": 1, "Peak Memory Usage": 350, "Plans": [{"Node Type": "Seq Scan", "Parent Relationship": "Outer", "Parallel Aware": false, "Relation Name": "posts", "Schema": "public", "Alias": "p", "Startup Cost": 0.0, "Total Cost": 977.75, "Plan Rows": 7390, "Plan Width": 8, "Actual Startup Time": 0.008, "Actual Total Time": 5.244, "Actual Rows": 7473, "Actual Loops": 1, "Output": ["p.id", "p.lasteditoruserid"], "Filter": "((p.commentcount >= 0) AND (p.favoritecount >= 0))", "Rows Removed by Filter": 33710}]}]}, {"Node Type": "Index Scan", "Parent Relationship": "Inner", "Parallel Aware": false, "Scan Direction": "Forward", "Index Name": "idx_posthistory_postid", "Relation Name": "posthistory", "Schema": "public", "Alias": "ph", "Startup Cost": 0.29, "Total Cost": 1.01, "Plan Rows": 1, "Plan Width": 4, "Actual Startup Time": 0.003, "Actual Total Time": 0.004, "Actual Rows": 1, "Actual Loops": 2175, "Output": ["ph.id", "ph.posthistorytypeid", "ph.postid", "ph.creationdate", "ph.userid"], "Index Cond": "(ph.postid = p.id)", "Rows Removed by Index Recheck": 0, "Filter": "(ph.posthistorytypeid = 5)", "Rows Removed by Filter": 5}]}, {"Node Type": "Index Scan", "Parent Relationship": "Inner", "Parallel Aware": false, "Scan Direction": "Forward", "Index Name": "idx_comments_postid", "Relation Name": "comments", "Schema": "public", "Alias": "c", "Startup Cost": 0.29, "Total Cost": 0.48, "Plan Rows": 3, "Plan Width": 4, "Actual Startup Time": 0.002, "Actual Total Time": 0.002, "Actual Rows": 3, "Actual Loops": 2591, "Output": ["c.id", "c.postid", "c.score", "c.creationdate", "c.userid"], "Index Cond": "(c.postid = ph.postid)", "Rows Removed by Index Recheck": 0, "Filter": "((c.creationdate <= '2014-09-11 19:46:09'::timestamp without time zone) AND (c.score = 0))", "Rows Removed by Filter": 1}]}, {"Node Type": "Index Scan", "Parent Relationship": "Inner", "Parallel Aware": false, "Scan Direction": "Forward", "Index Name": "idx_votes_postid", "Relation Name": "votes", "Schema": "public", "Alias": "v", "Startup Cost": 0.29, "Total Cost": 0.5, "Plan Rows": 6, "Plan Width": 4, "Actual Startup Time": 0.001, "Actual Total Time": 0.004, "Actual Rows": 11, "Actual Loops": 6991, "Output": ["v.id", "v.postid", "v.votetypeid", "v.creationdate", "v.userid", "v.bountyamount"], "Index Cond": "(v.postid = c.postid)", "Rows Removed by Index Recheck": 0, "Filter": "(v.creationdate <= '2014-08-23 00:00:00'::timestamp without time zone)", "Rows Removed by Filter": 0}]}, {"Node Type": "Hash", "Parent Relationship": "Inner", "Parallel Aware": false, "Startup Cost": 334.02, "Total Cost": 334.02, "Plan Rows": 13892, "Plan Width": 4, "Actual Startup Time": 3.292, "Actual Total Time": 3.292, "Actual Rows": 13894, "Actual Loops": 1, "Output": ["u.id"], "Hash Buckets": 16384, "Original Hash Buckets": 16384, "Hash Batches": 1, "Original Hash Batches": 1, "Peak Memory Usage": 617, "Plans": [{"Node Type": "Seq Scan", "Parent Relationship": "Outer", "Parallel Aware": false, "Relation Name": "users", "Schema": "public", "Alias": "u", "Startup Cost": 0.0, "Total Cost": 334.02, "Plan Rows": 13892, "Plan Width": 4, "Actual Startup Time": 0.012, "Actual Total Time": 1.967, "Actual Rows": 13894, "Actual Loops": 1, "Output": ["u.id"], "Filter": "((u.reputation <= 230) AND (u.views >= 0))", "Rows Removed by Filter": 1041}]}]}]}, "Planning Time": 3.302, "Triggers": [], "Execution Time": 64.328}]#####[{"Plan": {"Node Type": "Aggregate", "Strategy": "Plain", "Partial Mode": "Simple", "Parallel Aware": false, "Startup Cost": 1875.71, "Total Cost": 1875.72, "Plan Rows": 1, "Plan Width": 8, "Actual Startup Time": 23.433, "Actual Total Time": 23.438, "Actual Rows": 1, "Actual Loops": 1, "Output": ["count(*)"], "Plans": [{"Node Type": "Nested Loop", "Parent Relationship": "Outer", "Parallel Aware": false, "Join Type": "Inner", "Startup Cost": 1071.29, "Total Cost": 1872.55, "Plan Rows": 1262, "Plan Width": 0, "Actual Startup Time": 6.221, "Actual Total Time": 22.524, "Actual Rows": 25166, "Actual Loops": 1, "Inner Unique": false, "Join Filter": "(p.id = v.postid)", "Rows Removed by Join Filter": 0, "Plans": [{"Node Type": "Nested Loop", "Parent Relationship": "Outer", "Parallel Aware": false, "Join Type": "Inner", "Startup Cost": 1070.99, "Total Cost": 1689.58, "Plan Rows": 317, "Plan Width": 16, "Actual Startup Time": 6.207, "Actual Total Time": 13.103, "Actual Rows": 1711, "Actual Loops": 1, "Output": ["c.postid", "p.id", "pl.postid", "ph.postid"], "Inner Unique": false, "Join Filter": "(p.id = ph.postid)", "Rows Removed by Join Filter": 0, "Plans": [{"Node Type": "Nested Loop", "Parent Relationship": "Outer", "Parallel Aware": false, "Join Type": "Inner", "Startup Cost": 1070.7, "Total Cost": 1668.75, "Plan Rows": 45, "Plan Width": 12, "Actual Startup Time": 6.144, "Actual Total Time": 10.756, "Actual Rows": 597, "Actual Loops": 1, "Output": ["c.postid", "p.id", "pl.postid"], "Inner Unique": false, "Plans": [{"Node Type": "Nested Loop", "Parent Relationship": "Outer", "Parallel Aware": false, "Join Type": "Inner", "Startup Cost": 1070.4, "Total Cost": 1416.05, "Plan Rows": 315, "Plan Width": 8, "Actual Startup Time": 6.096, "Actual Total Time": 9.452, "Actual Rows": 206, "Actual Loops": 1, "Output": ["p.id", "pl.postid"], "Inner Unique": true, "Plans": [{"Node Type": "Hash Join", "Parent Relationship": "Outer", "Parallel Aware": false, "Join Type": "Inner", "Startup Cost": 1070.12, "Total Cost": 1147.51, "Plan Rows": 688, "Plan Width": 12, "Actual Startup Time": 6.076, "Actual Total Time": 7.091, "Actual Rows": 2175, "Actual Loops": 1, "Output": ["p.id", "p.lasteditoruserid", "pl.postid"], "Inner Unique": true, "Hash Cond": "(pl.postid = p.id)", "Plans": [{"Node Type": "Seq Scan", "Parent Relationship": "Outer", "Parallel Aware": false, "Relation Name": "postlinks", "Schema": "public", "Alias": "pl", "Startup Cost": 0.0, "Total Cost": 67.33, "Plan Rows": 3833, "Plan Width": 4, "Actual Startup Time": 0.009, "Actual Total Time": 0.241, "Actual Rows": 3833, "Actual Loops": 1, "Output": ["pl.id", "pl.creationdate", "pl.postid", "pl.relatedpostid", "pl.linktypeid"]}, {"Node Type": "Hash", "Parent Relationship": "Inner", "Parallel Aware": false, "Startup Cost": 977.75, "Total Cost": 977.75, "Plan Rows": 7390, "Plan Width": 8, "Actual Startup Time": 6.008, "Actual Total Time": 6.009, "Actual Rows": 7473, "Actual Loops": 1, "Output": ["p.id", "p.lasteditoruserid"], "Hash Buckets": 8192, "Original Hash Buckets": 8192, "Hash Batches": 1, "Original Hash Batches": 1, "Peak Memory Usage": 350, "Plans": [{"Node Type": "Seq Scan", "Parent Relationship": "Outer", "Parallel Aware": false, "Relation Name": "posts", "Schema": "public", "Alias": "p", "Startup Cost": 0.0, "Total Cost": 977.75, "Plan Rows": 7390, "Plan Width": 8, "Actual Startup Time": 0.008, "Actual Total Time": 5.214, "Actual Rows": 7473, "Actual Loops": 1, "Output": ["p.id", "p.lasteditoruserid"], "Filter": "((p.commentcount >= 0) AND (p.favoritecount >= 0))", "Rows Removed by Filter": 33710}]}]}, {"Node Type": "Index Scan", "Parent Relationship": "Inner", "Parallel Aware": false, "Scan Direction": "Forward", "Index Name": "users_pkey", "Relation Name": "users", "Schema": "public", "Alias": "u", "Startup Cost": 0.29, "Total Cost": 0.39, "Plan Rows": 1, "Plan Width": 4, "Actual Startup Time": 0.001, "Actual Total Time": 0.001, "Actual Rows": 0, "Actual Loops": 2175, "Output": ["u.id", "u.reputation", "u.creationdate", "u.views", "u.upvotes", "u.downvotes"], "Index Cond": "(u.id = p.lasteditoruserid)", "Rows Removed by Index Recheck": 0, "Filter": "((u.reputation <= 230) AND (u.views >= 0))", "Rows Removed by Filter": 1}]}, {"Node Type": "Index Scan", "Parent Relationship": "Inner", "Parallel Aware": false, "Scan Direction": "Forward", "Index Name": "idx_comments_postid", "Relation Name": "comments", "Schema": "public", "Alias": "c", "Startup Cost": 0.29, "Total Cost": 0.77, "Plan Rows": 3, "Plan Width": 4, "Actual Startup Time": 0.004, "Actual Total Time": 0.006, "Actual Rows": 3, "Actual Loops": 206, "Output": ["c.id", "c.postid", "c.score", "c.creationdate", "c.userid"], "Index Cond": "(c.postid = p.id)", "Rows Removed by Index Recheck": 0, "Filter": "((c.creationdate <= '2014-09-11 19:46:09'::timestamp without time zone) AND (c.score = 0))", "Rows Removed by Filter": 1}]}, {"Node Type": "Index Scan", "Parent Relationship": "Inner", "Parallel Aware": false, "Scan Direction": "Forward", "Index Name": "idx_posthistory_postid", "Relation Name": "posthistory", "Schema": "public", "Alias": "ph", "Startup Cost": 0.29, "Total Cost": 0.45, "Plan Rows": 1, "Plan Width": 4, "Actual Startup Time": 0.003, "Actual Total Time": 0.003, "Actual Rows": 3, "Actual Loops": 597, "Output": ["ph.id", "ph.posthistorytypeid", "ph.postid", "ph.creationdate", "ph.userid"], "Index Cond": "(ph.postid = c.postid)", "Rows Removed by Index Recheck": 0, "Filter": "(ph.posthistorytypeid = 5)", "Rows Removed by Filter": 5}]}, {"Node Type": "Index Scan", "Parent Relationship": "Inner", "Parallel Aware": false, "Scan Direction": "Forward", "Index Name": "idx_votes_postid", "Relation Name": "votes", "Schema": "public", "Alias": "v", "Startup Cost": 0.29, "Total Cost": 0.5, "Plan Rows": 6, "Plan Width": 4, "Actual Startup Time": 0.001, "Actual Total Time": 0.004, "Actual Rows": 15, "Actual Loops": 1711, "Output": ["v.id", "v.postid", "v.votetypeid", "v.creationdate", "v.userid", "v.bountyamount"], "Index Cond": "(v.postid = c.postid)", "Rows Removed by Index Recheck": 0, "Filter": "(v.creationdate <= '2014-08-23 00:00:00'::timestamp without time zone)", "Rows Removed by Filter": 0}]}]}, "Planning Time": 3.306, "Triggers": [], "Execution Time": 23.532}]
[{"Plan": {"Node Type": "Aggregate", "Strategy": "Plain", "Partial Mode": "Simple", "Parallel Aware": false, "Startup Cost": 6087.19, "Total Cost": 6087.2, "Plan Rows": 1, "Plan Width": 8, "Actual Startup Time": 56.051, "Actual Total Time": 56.059, "Actual Rows": 1, "Actual Loops": 1, "Output": ["count(*)"], "Plans": [{"Node Type": "Hash Join", "Parent Relationship": "Outer", "Parallel Aware": false, "Join Type": "Inner", "Startup Cost": 3782.46, "Total Cost": 6081.54, "Plan Rows": 2260, "Plan Width": 0, "Actual Startup Time": 25.18, "Actual Total Time": 53.38, "Actual Rows": 69638, "Actual Loops": 1, "Inner Unique": false, "Hash Cond": "(c.postid = p.id)", "Plans": [{"Node Type": "Hash Join", "Parent Relationship": "Outer", "Parallel Aware": false, "Join Type": "Inner", "Startup Cost": 446.04, "Total Cost": 2229.35, "Plan Rows": 77270, "Plan Width": 4, "Actual Startup Time": 3.117, "Actual Total Time": 22.528, "Actual Rows": 77236, "Actual Loops": 1, "Output": ["c.postid"], "Inner Unique": true, "Hash Cond": "(c.userid = u.id)", "Plans": [{"Node Type": "Seq Scan", "Parent Relationship": "Outer", "Parallel Aware": false, "Relation Name": "comments", "Schema": "public", "Alias": "c", "Startup Cost": 0.0, "Total Cost": 1574.96, "Plan Rows": 79349, "Plan Width": 8, "Actual Startup Time": 0.008, "Actual Total Time": 9.405, "Actual Rows": 79357, "Actual Loops": 1, "Output": ["c.id", "c.postid", "c.score", "c.creationdate", "c.userid"], "Filter": "(c.creationdate <= '2014-09-08 11:06:52'::timestamp without time zone)", "Rows Removed by Filter": 0}, {"Node Type": "Hash", "Parent Relationship": "Inner", "Parallel Aware": false, "Startup Cost": 259.35, "Total Cost": 259.35, "Plan Rows": 14935, "Plan Width": 4, "Actual Startup Time": 3.037, "Actual Total Time": 3.038, "Actual Rows": 14935, "Actual Loops": 1, "Output": ["u.id"], "Hash Buckets": 16384, "Original Hash Buckets": 16384, "Hash Batches": 1, "Original Hash Batches": 1, "Peak Memory Usage": 654, "Plans": [{"Node Type": "Seq Scan", "Parent Relationship": "Outer", "Parallel Aware": false, "Relation Name": "users", "Schema": "public", "Alias": "u", "Startup Cost": 0.0, "Total Cost": 259.35, "Plan Rows": 14935, "Plan Width": 4, "Actual Startup Time": 0.006, "Actual Total Time": 1.682, "Actual Rows": 14935, "Actual Loops": 1, "Output": ["u.id"]}]}]}, {"Node Type": "Hash", "Parent Relationship": "Inner", "Parallel Aware": false, "Startup Cost": 3185.86, "Total Cost": 3185.86, "Plan Rows": 12045, "Plan Width": 12, "Actual Startup Time": 22.002, "Actual Total Time": 22.005, "Actual Rows": 23727, "Actual Loops": 1, "Output": ["p.id", "pl.relatedpostid", "ph.postid"], "Hash Buckets": 32768, "Original Hash Buckets": 16384, "Hash Batches": 1, "Original Hash Batches": 1, "Peak Memory Usage": 1276, "Plans": [{"Node Type": "Nested Loop", "Parent Relationship": "Outer", "Parallel Aware": false, "Join Type": "Inner", "Startup Cost": 1490.55, "Total Cost": 3185.86, "Plan Rows": 12045, "Plan Width": 12, "Actual Startup Time": 10.284, "Actual Total Time": 19.069, "Actual Rows": 23727, "Actual Loops": 1, "Output": ["p.id", "pl.relatedpostid", "ph.postid"], "Inner Unique": false, "Plans": [{"Node Type": "Hash Join", "Parent Relationship": "Outer", "Parallel Aware": false, "Join Type": "Inner", "Startup Cost": 1490.26, "Total Cost": 1567.65, "Plan Rows": 3816, "Plan Width": 8, "Actual Startup Time": 10.267, "Actual Total Time": 11.624, "Actual Rows": 3826, "Actual Loops": 1, "Output": ["p.id", "pl.relatedpostid"], "Inner Unique": true, "Hash Cond": "(pl.relatedpostid = p.id)", "Plans": [{"Node Type": "Seq Scan", "Parent Relationship": "Outer", "Parallel Aware": false, "Relation Name": "postlinks", "Schema": "public", "Alias": "pl", "Startup Cost": 0.0, "Total Cost": 67.33, "Plan Rows": 3833, "Plan Width": 4, "Actual Startup Time": 0.006, "Actual Total Time": 0.308, "Actual Rows": 3833, "Actual Loops": 1, "Output": ["pl.id", "pl.creationdate", "pl.postid", "pl.relatedpostid", "pl.linktypeid"]}, {"Node Type": "Hash", "Parent Relationship": "Inner", "Parallel Aware": false, "Startup Cost": 977.75, "Total Cost": 977.75, "Plan Rows": 41001, "Plan Width": 4, "Actual Startup Time": 10.076, "Actual Total Time": 10.076, "Actual Rows": 41009, "Actual Loops": 1, "Output": ["p.id"], "Hash Buckets": 65536, "Original Hash Buckets": 65536, "Hash Batches": 1, "Original Hash Batches": 1, "Peak Memory Usage": 1954, "Plans": [{"Node Type": "Seq Scan", "Parent Relationship": "Outer", "Parallel Aware": false, "Relation Name": "posts", "Schema": "public", "Alias": "p", "Startup Cost": 0.0, "Total Cost": 977.75, "Plan Rows": 41001, "Plan Width": 4, "Actual Startup Time": 0.008, "Actual Total Time": 5.861, "Actual Rows": 41009, "Actual Loops": 1, "Output": ["p.id"], "Filter": "((p.score >= '-1'::integer) AND (p.creationdate <= '2014-08-28 07:46:14'::timestamp without time zone))", "Rows Removed by Filter": 174}]}]}, {"Node Type": "Index Only Scan", "Parent Relationship": "Inner", "Parallel Aware": false, "Scan Direction": "Forward", "Index Name": "idx_posthistory_postid", "Relation Name": "posthistory", "Schema": "public", "Alias": "ph", "Startup Cost": 0.29, "Total Cost": 0.38, "Plan Rows": 4, "Plan Width": 4, "Actual Startup Time": 0.001, "Actual Total Time": 0.001, "Actual Rows": 6, "Actual Loops": 3826, "Output": ["ph.postid"], "Index Cond": "(ph.postid = p.id)", "Rows Removed by Index Recheck": 0, "Heap Fetches": 0}]}]}]}]}, "Planning Time": 1.914, "Triggers": [], "Execution Time": 56.273}]#####[{"Plan": {"Node Type": "Aggregate", "Strategy": "Plain", "Partial Mode": "Simple", "Parallel Aware": false, "Startup Cost": 4234.96, "Total Cost": 4234.97, "Plan Rows": 1, "Plan Width": 8, "Actual Startup Time": 47.695, "Actual Total Time": 47.702, "Actual Rows": 1, "Actual Loops": 1, "Output": ["count(*)"], "Plans": [{"Node Type": "Nested Loop", "Parent Relationship": "Outer", "Parallel Aware": false, "Join Type": "Inner", "Startup Cost": 1936.88, "Total Cost": 4178.46, "Plan Rows": 22602, "Plan Width": 0, "Actual Startup Time": 13.44, "Actual Total Time": 44.998, "Actual Rows": 69638, "Actual Loops": 1, "Inner Unique": false, "Join Filter": "(p.id = ph.postid)", "Rows Removed by Join Filter": 0, "Plans": [{"Node Type": "Hash Join", "Parent Relationship": "Outer", "Parallel Aware": false, "Join Type": "Inner", "Startup Cost": 1936.59, "Total Cost": 3875.13, "Plan Rows": 716, "Plan Width": 12, "Actual Startup Time": 13.426, "Actual Total Time": 26.955, "Actual Rows": 10414, "Actual Loops": 1, "Output": ["c.postid", "p.id", "pl.relatedpostid"], "Inner Unique": true, "Hash Cond": "(c.userid = u.id)", "Plans": [{"Node Type": "Nested Loop", "Parent Relationship": "Outer", "Parallel Aware": false, "Join Type": "Inner", "Startup Cost": 1490.55, "Total Cost": 3409.79, "Plan Rows": 7353, "Plan Width": 16, "Actual Startup Time": 10.309, "Actual Total Time": 22.136, "Actual Rows": 10756, "Actual Loops": 1, "Output": ["c.postid", "c.userid", "p.id", "pl.relatedpostid"], "Inner Unique": false, "Plans": [{"Node Type": "Hash Join", "Parent Relationship": "Outer", "Parallel Aware": false, "Join Type": "Inner", "Startup Cost": 1490.26, "Total Cost": 1567.65, "Plan Rows": 3816, "Plan Width": 8, "Actual Startup Time": 10.279, "Actual Total Time": 11.789, "Actual Rows": 3826, "Actual Loops": 1, "Output": ["p.id", "pl.relatedpostid"], "Inner Unique": true, "Hash Cond": "(pl.relatedpostid = p.id)", "Plans": [{"Node Type": "Seq Scan", "Parent Relationship": "Outer", "Parallel Aware": false, "Relation Name": "postlinks", "Schema": "public", "Alias": "pl", "Startup Cost": 0.0, "Total Cost": 67.33, "Plan Rows": 3833, "Plan Width": 4, "Actual Startup Time": 0.005, "Actual Total Time": 0.305, "Actual Rows": 3833, "Actual Loops": 1, "Output": ["pl.id", "pl.creationdate", "pl.postid", "pl.relatedpostid", "pl.linktypeid"]}, {"Node Type": "Hash", "Parent Relationship": "Inner", "Parallel Aware": false, "Startup Cost": 977.75, "Total Cost": 977.75, "Plan Rows": 41001, "Plan Width": 4, "Actual Startup Time": 10.085, "Actual Total Time": 10.086, "Actual Rows": 41009, "Actual Loops": 1, "Output": ["p.id"], "Hash Buckets": 65536, "Original Hash Buckets": 65536, "Hash Batches": 1, "Original Hash Batches": 1, "Peak Memory Usage": 1954, "Plans": [{"Node Type": "Seq Scan", "Parent Relationship": "Outer", "Parallel Aware": false, "Relation Name": "posts", "Schema": "public", "Alias": "p", "Startup Cost": 0.0, "Total Cost": 977.75, "Plan Rows": 41001, "Plan Width": 4, "Actual Startup Time": 0.007, "Actual Total Time": 5.85, "Actual Rows": 41009, "Actual Loops": 1, "Output": ["p.id"], "Filter": "((p.score >= '-1'::integer) AND (p.creationdate <= '2014-08-28 07:46:14'::timestamp without time zone))", "Rows Removed by Filter": 174}]}]}, {"Node Type": "Index Scan", "Parent Relationship": "Inner", "Parallel Aware": false, "Scan Direction": "Forward", "Index Name": "idx_comments_postid", "Relation Name": "comments", "Schema": "public", "Alias": "c", "Startup Cost": 0.29, "Total Cost": 0.44, "Plan Rows": 4, "Plan Width": 8, "Actual Startup Time": 0.001, "Actual Total Time": 0.002, "Actual Rows": 3, "Actual Loops": 3826, "Output": ["c.id", "c.postid", "c.score", "c.creationdate", "c.userid"], "Index Cond": "(c.postid = p.id)", "Rows Removed by Index Recheck": 0, "Filter": "(c.creationdate <= '2014-09-08 11:06:52'::timestamp without time zone)", "Rows Removed by Filter": 0}]}, {"Node Type": "Hash", "Parent Relationship": "Inner", "Parallel Aware": false, "Startup Cost": 259.35, "Total Cost": 259.35, "Plan Rows": 14935, "Plan Width": 4, "Actual Startup Time": 3.047, "Actual Total Time": 3.047, "Actual Rows": 14935, "Actual Loops": 1, "Output": ["u.id"], "Hash Buckets": 16384, "Original Hash Buckets": 16384, "Hash Batches": 1, "Original Hash Batches": 1, "Peak Memory Usage": 654, "Plans": [{"Node Type": "Seq Scan", "Parent Relationship": "Outer", "Parallel Aware": false, "Relation Name": "users", "Schema": "public", "Alias": "u", "Startup Cost": 0.0, "Total Cost": 259.35, "Plan Rows": 14935, "Plan Width": 4, "Actual Startup Time": 0.007, "Actual Total Time": 1.684, "Actual Rows": 14935, "Actual Loops": 1, "Output": ["u.id"]}]}]}, {"Node Type": "Index Only Scan", "Parent Relationship": "Inner", "Parallel Aware": false, "Scan Direction": "Forward", "Index Name": "idx_posthistory_postid", "Relation Name": "posthistory", "Schema": "public", "Alias": "ph", "Startup Cost": 0.29, "Total Cost": 0.37, "Plan Rows": 4, "Plan Width": 4, "Actual Startup Time": 0.001, "Actual Total Time": 0.001, "Actual Rows": 7, "Actual Loops": 10414, "Output": ["ph.postid"], "Index Cond": "(ph.postid = c.postid)", "Rows Removed by Index Recheck": 0, "Heap Fetches": 0}]}]}, "Planning Time": 1.971, "Triggers": [], "Execution Time": 47.893}]#####[{"Plan": {"Node Type": "Aggregate", "Strategy": "Plain", "Partial Mode": "Simple", "Parallel Aware": false, "Startup Cost": 4284.66, "Total Cost": 4284.67, "Plan Rows": 1, "Plan Width": 8, "Actual Startup Time": 54.967, "Actual Total Time": 54.973, "Actual Rows": 1, "Actual Loops": 1, "Output": ["count(*)"], "Plans": [{"Node Type": "Hash Join", "Parent Relationship": "Outer", "Parallel Aware": false, "Join Type": "Inner", "Startup Cost": 1936.88, "Total Cost": 4228.16, "Plan Rows": 22602, "Plan Width": 0, "Actual Startup Time": 13.495, "Actual Total Time": 52.162, "Actual Rows": 69638, "Actual Loops": 1, "Inner Unique": true, "Hash Cond": "(c.userid = u.id)", "Plans": [{"Node Type": "Nested Loop", "Parent Relationship": "Outer", "Parallel Aware": false, "Join Type": "Inner", "Startup Cost": 1490.84, "Total Cost": 3721.17, "Plan Rows": 23210, "Plan Width": 4, "Actual Startup Time": 10.371, "Actual Total Time": 41.143, "Actual Rows": 72105, "Actual Loops": 1, "Output": ["c.userid"], "Inner Unique": false, "Join Filter": "(p.id = ph.postid)", "Rows Removed by Join Filter": 0, "Plans": [{"Node Type": "Nested Loop", "Parent Relationship": "Outer", "Parallel Aware": false, "Join Type": "Inner", "Startup Cost": 1490.55, "Total Cost": 3409.79, "Plan Rows": 735, "Plan Width": 16, "Actual Startup Time": 10.358, "Actual Total Time": 22.364, "Actual Rows": 10756, "Actual Loops": 1, "Output": ["c.postid", "c.userid", "p.id", "pl.relatedpostid"], "Inner Unique": false, "Plans": [{"Node Type": "Hash Join", "Parent Relationship": "Outer", "Parallel Aware": false, "Join Type": "Inner", "Startup Cost": 1490.26, "Total Cost": 1567.65, "Plan Rows": 3816, "Plan Width": 8, "Actual Startup Time": 10.332, "Actual Total Time": 11.851, "Actual Rows": 3826, "Actual Loops": 1, "Output": ["p.id", "pl.relatedpostid"], "Inner Unique": true, "Hash Cond": "(pl.relatedpostid = p.id)", "Plans": [{"Node Type": "Seq Scan", "Parent Relationship": "Outer", "Parallel Aware": false, "Relation Name": "postlinks", "Schema": "public", "Alias": "pl", "Startup Cost": 0.0, "Total Cost": 67.33, "Plan Rows": 3833, "Plan Width": 4, "Actual Startup Time": 0.005, "Actual Total Time": 0.299, "Actual Rows": 3833, "Actual Loops": 1, "Output": ["pl.id", "pl.creationdate", "pl.postid", "pl.relatedpostid", "pl.linktypeid"]}, {"Node Type": "Hash", "Parent Relationship": "Inner", "Parallel Aware": false, "Startup Cost": 977.75, "Total Cost": 977.75, "Plan Rows": 41001, "Plan Width": 4, "Actual Startup Time": 10.139, "Actual Total Time": 10.14, "Actual Rows": 41009, "Actual Loops": 1, "Output": ["p.id"], "Hash Buckets": 65536, "Original Hash Buckets": 65536, "Hash Batches": 1, "Original Hash Batches": 1, "Peak Memory Usage": 1954, "Plans": [{"Node Type": "Seq Scan", "Parent Relationship": "Outer", "Parallel Aware": false, "Relation Name": "posts", "Schema": "public", "Alias": "p", "Startup Cost": 0.0, "Total Cost": 977.75, "Plan Rows": 41001, "Plan Width": 4, "Actual Startup Time": 0.007, "Actual Total Time": 5.951, "Actual Rows": 41009, "Actual Loops": 1, "Output": ["p.id"], "Filter": "((p.score >= '-1'::integer) AND (p.creationdate <= '2014-08-28 07:46:14'::timestamp without time zone))", "Rows Removed by Filter": 174}]}]}, {"Node Type": "Index Scan", "Parent Relationship": "Inner", "Parallel Aware": false, "Scan Direction": "Forward", "Index Name": "idx_comments_postid", "Relation Name": "comments", "Schema": "public", "Alias": "c", "Startup Cost": 0.29, "Total Cost": 0.44, "Plan Rows": 4, "Plan Width": 8, "Actual Startup Time": 0.001, "Actual Total Time": 0.002, "Actual Rows": 3, "Actual Loops": 3826, "Output": ["c.id", "c.postid", "c.score", "c.creationdate", "c.userid"], "Index Cond": "(c.postid = p.id)", "Rows Removed by Index Recheck": 0, "Filter": "(c.creationdate <= '2014-09-08 11:06:52'::timestamp without time zone)", "Rows Removed by Filter": 0}]}, {"Node Type": "Index Only Scan", "Parent Relationship": "Inner", "Parallel Aware": false, "Scan Direction": "Forward", "Index Name": "idx_posthistory_postid", "Relation Name": "posthistory", "Schema": "public", "Alias": "ph", "Startup Cost": 0.29, "Total Cost": 0.37, "Plan Rows": 4, "Plan Width": 4, "Actual Startup Time": 0.001, "Actual Total Time": 0.001, "Actual Rows": 7, "Actual Loops": 10756, "Output": ["ph.postid"], "Index Cond": "(ph.postid = c.postid)", "Rows Removed by Index Recheck": 0, "Heap Fetches": 0}]}, {"Node Type": "Hash", "Parent Relationship": "Inner", "Parallel Aware": false, "Startup Cost": 259.35, "Total Cost": 259.35, "Plan Rows": 14935, "Plan Width": 4, "Actual Startup Time": 3.054, "Actual Total Time": 3.054, "Actual Rows": 14935, "Actual Loops": 1, "Output": ["u.id"], "Hash Buckets": 16384, "Original Hash Buckets": 16384, "Hash Batches": 1, "Original Hash Batches": 1, "Peak Memory Usage": 654, "Plans": [{"Node Type": "Seq Scan", "Parent Relationship": "Outer", "Parallel Aware": false, "Relation Name": "users", "Schema": "public", "Alias": "u", "Startup Cost": 0.0, "Total Cost": 259.35, "Plan Rows": 14935, "Plan Width": 4, "Actual Startup Time": 0.007, "Actual Total Time": 1.665, "Actual Rows": 14935, "Actual Loops": 1, "Output": ["u.id"]}]}]}]}, "Planning Time": 1.959, "Triggers": [], "Execution Time": 55.152}]
[{"Plan": {"Node Type": "Aggregate", "Strategy": "Plain", "Partial Mode": "Simple", "Parallel Aware": false, "Startup Cost": 26858106.51, "Total Cost": 26858106.52, "Plan Rows": 1, "Plan Width": 8, "Actual Startup Time": 5.053, "Actual Total Time": 5.058, "Actual Rows": 1, "Actual Loops": 1, "Output": ["count(*)"], "Plans": [{"Node Type": "Hash Join", "Parent Relationship": "Outer", "Parallel Aware": false, "Join Type": "Inner", "Startup Cost": 3199.94, "Total Cost": 3966412.79, "Plan Rows": 9156677486, "Plan Width": 0, "Actual Startup Time": 5.047, "Actual Total Time": 5.051, "Actual Rows": 0, "Actual Loops": 1, "Inner Unique": false, "Hash Cond": "(c.userid = u.id)", "Plans": [{"Node Type": "Nested Loop", "Parent Relationship": "Outer", "Parallel Aware": false, "Join Type": "Inner", "Startup Cost": 0.29, "Total Cost": 68328.93, "Plan Rows": 66543397, "Plan Width": 8, "Actual Startup Time": 0.04, "Actual Total Time": 0.042, "Actual Rows": 1, "Actual Loops": 1, "Output": ["c.userid", "ph.userid"], "Inner Unique": false, "Plans": [{"Node Type": "Seq Scan", "Parent Relationship": "Outer", "Parallel Aware": false, "Relation Name": "comments", "Schema": "public", "Alias": "c", "Startup Cost": 0.0, "Total Cost": 1574.96, "Plan Rows": 78578, "Plan Width": 4, "Actual Startup Time": 0.017, "Actual Total Time": 0.018, "Actual Rows": 1, "Actual Loops": 1, "Output": ["c.id", "c.postid", "c.score", "c.creationdate", "c.userid"], "Filter": "(c.creationdate >= '2010-07-20 10:48:05'::timestamp without time zone)", "Rows Removed by Filter": 127}, {"Node Type": "Index Only Scan", "Parent Relationship": "Inner", "Parallel Aware": false, "Scan Direction": "Forward", "Index Name": "idx_posthistory_userid", "Relation Name": "posthistory", "Schema": "public", "Alias": "ph", "Startup Cost": 0.29, "Total Cost": 0.65, "Plan Rows": 20, "Plan Width": 4, "Actual Startup Time": 0.022, "Actual Total Time": 0.022, "Actual Rows": 1, "Actual Loops": 1, "Output": ["ph.userid"], "Index Cond": "(ph.userid = c.userid)", "Rows Removed by Index Recheck": 0, "Heap Fetches": 0}]}, {"Node Type": "Hash", "Parent Relationship": "Inner", "Parallel Aware": false, "Startup Cost": 2245.29, "Total Cost": 2245.29, "Plan Rows": 76349, "Plan Width": 12, "Actual Startup Time": 4.629, "Actual Total Time": 4.631, "Actual Rows": 0, "Actual Loops": 1, "Output": ["p.lasteditoruserid", "b.userid", "u.id"], "Hash Buckets": 131072, "Original Hash Buckets": 131072, "Hash Batches": 1, "Original Hash Batches": 1, "Peak Memory Usage": 1024, "Plans": [{"Node Type": "Hash Join", "Parent Relationship": "Outer", "Parallel Aware": false, "Join Type": "Inner", "Startup Cost": 1492.9, "Total Cost": 2245.29, "Plan Rows": 76349, "Plan Width": 12, "Actual Startup Time": 4.629, "Actual Total Time": 4.631, "Actual Rows": 0, "Actual Loops": 1, "Output": ["p.lasteditoruserid", "b.userid", "u.id"], "Inner Unique": false, "Hash Cond": "(b.userid = u.id)", "Plans": [{"Node Type": "Seq Scan", "Parent Relationship": "Outer", "Parallel Aware": false, "Relation Name": "badges", "Schema": "public", "Alias": "b", "Startup Cost": 0.0, "Total Cost": 584.8, "Plan Rows": 32621, "Plan Width": 4, "Actual Startup Time": 0.009, "Actual Total Time": 0.009, "Actual Rows": 1, "Actual Loops": 1, "Output": ["b.id", "b.userid", "b.date"], "Filter": "(b.date <= '2014-08-29 05:18:43'::timestamp without time zone)", "Rows Removed by Filter": 0}, {"Node Type": "Hash", "Parent Relationship": "Inner", "Parallel Aware": false, "Startup Cost": 1467.0, "Total Cost": 1467.0, "Plan Rows": 2072, "Plan Width": 8, "Actual Startup Time": 4.601, "Actual Total Time": 4.604, "Actual Rows": 0, "Actual Loops": 1, "Output": ["p.lasteditoruserid", "u.id"], "Hash Buckets": 4096, "Original Hash Buckets": 4096, "Hash Batches": 1, "Original Hash Batches": 1, "Peak Memory Usage": 32, "Plans": [{"Node Type": "Hash Join", "Parent Relationship": "Outer", "Parallel Aware": false, "Join Type": "Inner", "Startup Cost": 477.86, "Total Cost": 1467.0, "Plan Rows": 2072, "Plan Width": 8, "Actual Startup Time": 4.601, "Actual Total Time": 4.603, "Actual Rows": 0, "Actual Loops": 1, "Output": ["p.lasteditoruserid", "u.id"], "Inner Unique": true, "Hash Cond": "(p.lasteditoruserid = u.id)", "Plans": [{"Node Type": "Seq Scan", "Parent Relationship": "Outer", "Parallel Aware": false, "Relation Name": "posts", "Schema": "public", "Alias": "p", "Startup Cost": 0.0, "Total Cost": 977.75, "Plan Rows": 4340, "Plan Width": 4, "Actual Startup Time": 4.601, "Actual Total Time": 4.601, "Actual Rows": 0, "Actual Loops": 1, "Output": ["p.id", "p.posttypeid", "p.creationdate", "p.score", "p.viewcount", "p.owneruserid", "p.answercount", "p.commentcount", "p.favoritecount", "p.lasteditoruserid"], "Filter": "((p.favoritecount >= 0) AND (p.posttypeid = 2))", "Rows Removed by Filter": 41183}, {"Node Type": "Hash", "Parent Relationship": "Inner", "Parallel Aware": false, "Startup Cost": 296.69, "Total Cost": 296.69, "Plan Rows": 14494, "Plan Width": 4, "Actual Startup Time": 0.0, "Actual Total Time": 0.0, "Actual Rows": 0, "Actual Loops": 0, "Output": ["u.id"], "Plans": [{"Node Type": "Seq Scan", "Parent Relationship": "Outer", "Parallel Aware": false, "Relation Name": "users", "Schema": "public", "Alias": "u", "Startup Cost": 0.0, "Total Cost": 296.69, "Plan Rows": 14494, "Plan Width": 4, "Actual Startup Time": 0.0, "Actual Total Time": 0.0, "Actual Rows": 0, "Actual Loops": 0, "Output": ["u.id"], "Filter": "(u.reputation <= 572)", "Rows Removed by Filter": 0}]}]}]}]}]}]}]}, "Planning Time": 2.554, "Triggers": [], "Execution Time": 5.237}]#####[{"Plan": {"Node Type": "Aggregate", "Strategy": "Plain", "Partial Mode": "Simple", "Parallel Aware": false, "Startup Cost": 229402224.13, "Total Cost": 229402224.14, "Plan Rows": 1, "Plan Width": 8, "Actual Startup Time": 21.795, "Actual Total Time": 21.799, "Actual Rows": 1, "Actual Loops": 1, "Output": ["count(*)"], "Plans": [{"Node Type": "Merge Join", "Parent Relationship": "Outer", "Parallel Aware": false, "Join Type": "Inner", "Startup Cost": 32.45, "Total Cost": 485286.98, "Plan Rows": 91566774862, "Plan Width": 0, "Actual Startup Time": 21.787, "Actual Total Time": 21.79, "Actual Rows": 0, "Actual Loops": 1, "Inner Unique": false, "Merge Cond": "(c.userid = u.id)", "Plans": [{"Node Type": "Index Scan", "Parent Relationship": "Outer", "Parallel Aware": false, "Scan Direction": "Forward", "Index Name": "idx_comments_userid", "Relation Name": "comments", "Schema": "public", "Alias": "c", "Startup Cost": 0.29, "Total Cost": 3562.4, "Plan Rows": 78578, "Plan Width": 4, "Actual Startup Time": 0.02, "Actual Total Time": 0.022, "Actual Rows": 1, "Actual Loops": 1, "Output": ["c.id", "c.postid", "c.score", "c.creationdate", "c.userid"], "Filter": "(c.creationdate >= '2010-07-20 10:48:05'::timestamp without time zone)", "Rows Removed by Filter": 0}, {"Node Type": "Materialize", "Parent Relationship": "Inner", "Parallel Aware": false, "Startup Cost": 1.15, "Total Cost": 29383.32, "Plan Rows": 6082440, "Plan Width": 16, "Actual Startup Time": 21.765, "Actual Total Time": 21.767, "Actual Rows": 0, "Actual Loops": 1, "Output": ["p.lasteditoruserid", "ph.userid", "b.userid", "u.id"], "Plans": [{"Node Type": "Merge Join", "Parent Relationship": "Outer", "Parallel Aware": false, "Join Type": "Inner", "Startup Cost": 1.15, "Total Cost": 14177.22, "Plan Rows": 6082440, "Plan Width": 16, "Actual Startup Time": 21.763, "Actual Total Time": 21.765, "Actual Rows": 0, "Actual Loops": 1, "Output": ["p.lasteditoruserid", "ph.userid", "b.userid", "u.id"], "Inner Unique": false, "Merge Cond": "(u.id = ph.userid)", "Plans": [{"Node Type": "Nested Loop", "Parent Relationship": "Outer", "Parallel Aware": false, "Join Type": "Inner", "Startup Cost": 0.86, "Total Cost": 2628.11, "Plan Rows": 76349, "Plan Width": 12, "Actual Startup Time": 21.763, "Actual Total Time": 21.764, "Actual Rows": 0, "Actual Loops": 1, "Output": ["p.lasteditoruserid", "b.userid", "u.id"], "Inner Unique": false, "Plans": [{"Node Type": "Merge Join", "Parent Relationship": "Outer", "Parallel Aware": false, "Join Type": "Inner", "Startup Cost": 0.57, "Total Cost": 1712.7, "Plan Rows": 2072, "Plan Width": 8, "Actual Startup Time": 21.763, "Actual Total Time": 21.763, "Actual Rows": 0, "Actual Loops": 1, "Output": ["p.lasteditoruserid", "u.id"], "Inner Unique": true, "Merge Cond": "(p.lasteditoruserid = u.id)", "Plans": [{"Node Type": "Index Scan", "Parent Relationship": "Outer", "Parallel Aware": false, "Scan Direction": "Forward", "Index Name": "idx_posts_lasteditoruserid", "Relation Name": "posts", "Schema": "public", "Alias": "p", "Startup Cost": 0.29, "Total Cost": 2245.52, "Plan Rows": 4340, "Plan Width": 4, "Actual Startup Time": 21.762, "Actual Total Time": 21.762, "Actual Rows": 0, "Actual Loops": 1, "Output": ["p.id", "p.posttypeid", "p.creationdate", "p.score", "p.viewcount", "p.owneruserid", "p.answercount", "p.commentcount", "p.favoritecount", "p.lasteditoruserid"], "Filter": "((p.favoritecount >= 0) AND (p.posttypeid = 2))", "Rows Removed by Filter": 41183}, {"Node Type": "Index Scan", "Parent Relationship": "Inner", "Parallel Aware": false, "Scan Direction": "Forward", "Index Name": "users_pkey", "Relation Name": "users", "Schema": "public", "Alias": "u", "Startup Cost": 0.29, "Total Cost": 546.65, "Plan Rows": 14494, "Plan Width": 4, "Actual Startup Time": 0.0, "Actual Total Time": 0.0, "Actual Rows": 0, "Actual Loops": 0, "Output": ["u.id", "u.reputation", "u.creationdate", "u.views", "u.upvotes", "u.downvotes"], "Filter": "(u.reputation <= 572)", "Rows Removed by Filter": 0}]}, {"Node Type": "Index Scan", "Parent Relationship": "Inner", "Parallel Aware": false, "Scan Direction": "Forward", "Index Name": "idx_badges_userid", "Relation Name": "badges", "Schema": "public", "Alias": "b", "Startup Cost": 0.29, "Total Cost": 0.41, "Plan Rows": 3, "Plan Width": 4, "Actual Startup Time": 0.0, "Actual Total Time": 0.0, "Actual Rows": 0, "Actual Loops": 0, "Output": ["b.id", "b.userid", "b.date"], "Index Cond": "(b.userid = u.id)", "Rows Removed by Index Recheck": 0, "Filter": "(b.date <= '2014-08-29 05:18:43'::timestamp without time zone)", "Rows Removed by Filter": 0}]}, {"Node Type": "Materialize", "Parent Relationship": "Inner", "Parallel Aware": false, "Startup Cost": 0.29, "Total Cost": 2827.19, "Plan Rows": 129994, "Plan Width": 4, "Actual Startup Time": 0.0, "Actual Total Time": 0.0, "Actual Rows": 0, "Actual Loops": 0, "Output": ["ph.userid"], "Plans": [{"Node Type": "Index Only Scan", "Parent Relationship": "Outer", "Parallel Aware": false, "Scan Direction": "Forward", "Index Name": "idx_posthistory_userid", "Relation Name": "posthistory", "Schema": "public", "Alias": "ph", "Startup Cost": 0.29, "Total Cost": 2502.2, "Plan Rows": 129994, "Plan Width": 4, "Actual Startup Time": 0.0, "Actual Total Time": 0.0, "Actual Rows": 0, "Actual Loops": 0, "Output": ["ph.userid"], "Heap Fetches": 0}]}]}]}]}]}, "Planning Time": 2.862, "Triggers": [], "Execution Time": 21.914}]#####[{"Plan": {"Node Type": "Aggregate", "Strategy": "Plain", "Partial Mode": "Simple", "Parallel Aware": false, "Startup Cost": 229430970.73, "Total Cost": 229430970.74, "Plan Rows": 1, "Plan Width": 8, "Actual Startup Time": 13.635, "Actual Total Time": 13.638, "Actual Rows": 1, "Actual Loops": 1, "Output": ["count(*)"], "Plans": [{"Node Type": "Merge Join", "Parent Relationship": "Outer", "Parallel Aware": false, "Join Type": "Inner", "Startup Cost": 11.01, "Total Cost": 514033.58, "Plan Rows": 91566774862, "Plan Width": 0, "Actual Startup Time": 13.626, "Actual Total Time": 13.629, "Actual Rows": 0, "Actual Loops": 1, "Inner Unique": false, "Merge Cond": "(u.id = p.lasteditoruserid)", "Plans": [{"Node Type": "Merge Join", "Parent Relationship": "Outer", "Parallel Aware": false, "Join Type": "Inner", "Startup Cost": 0.78, "Total Cost": 4985.84, "Plan Rows": 74260, "Plan Width": 8, "Actual Startup Time": 0.064, "Actual Total Time": 0.066, "Actual Rows": 1, "Actual Loops": 1, "Output": ["c.userid", "u.id"], "Inner Unique": true, "Merge Cond": "(c.userid = u.id)", "Plans": [{"Node Type": "Index Scan", "Parent Relationship": "Outer", "Parallel Aware": false, "Scan Direction": "Forward", "Index Name": "idx_comments_userid", "Relation Name": "comments", "Schema": "public", "Alias": "c", "Startup Cost": 0.29, "Total Cost": 3562.4, "Plan Rows": 78578, "Plan Width": 4, "Actual Startup Time": 0.036, "Actual Total Time": 0.038, "Actual Rows": 1, "Actual Loops": 1, "Output": ["c.id", "c.postid", "c.score", "c.creationdate", "c.userid"], "Filter": "(c.creationdate >= '2010-07-20 10:48:05'::timestamp without time zone)", "Rows Removed by Filter": 0}, {"Node Type": "Index Scan", "Parent Relationship": "Inner", "Parallel Aware": false, "Scan Direction": "Forward", "Index Name": "users_pkey", "Relation Name": "users", "Schema": "public", "Alias": "u", "Startup Cost": 0.29, "Total Cost": 546.65, "Plan Rows": 14494, "Plan Width": 4, "Actual Startup Time": 0.023, "Actual Total Time": 0.025, "Actual Rows": 3, "Actual Loops": 1, "Output": ["u.id", "u.reputation", "u.creationdate", "u.views", "u.upvotes", "u.downvotes"], "Filter": "(u.reputation <= 572)", "Rows Removed by Filter": 0}]}, {"Node Type": "Materialize", "Parent Relationship": "Inner", "Parallel Aware": false, "Startup Cost": 10.23, "Total Cost": 182068.56, "Plan Rows": 12742288, "Plan Width": 12, "Actual Startup Time": 13.561, "Actual Total Time": 13.562, "Actual Rows": 0, "Actual Loops": 1, "Output": ["p.lasteditoruserid", "ph.userid", "b.userid"], "Plans": [{"Node Type": "Nested Loop", "Parent Relationship": "Outer", "Parallel Aware": false, "Join Type": "Inner", "Startup Cost": 10.23, "Total Cost": 150212.84, "Plan Rows": 12742288, "Plan Width": 12, "Actual Startup Time": 13.557, "Actual Total Time": 13.558, "Actual Rows": 0, "Actual Loops": 1, "Output": ["p.lasteditoruserid", "ph.userid", "b.userid"], "Inner Unique": false, "Join Filter": "(p.lasteditoruserid = ph.userid)", "Rows Removed by Join Filter": 0, "Plans": [{"Node Type": "Merge Join", "Parent Relationship": "Outer", "Parallel Aware": false, "Join Type": "Inner", "Startup Cost": 9.93, "Total Cost": 4754.49, "Plan Rows": 159946, "Plan Width": 8, "Actual Startup Time": 13.557, "Actual Total Time": 13.557, "Actual Rows": 0, "Actual Loops": 1, "Output": ["p.lasteditoruserid", "b.userid"], "Inner Unique": false, "Merge Cond": "(p.lasteditoruserid = b.userid)", "Plans": [{"Node Type": "Index Scan", "Parent Relationship": "Outer", "Parallel Aware": false, "Scan Direction": "Forward", "Index Name": "idx_posts_lasteditoruserid", "Relation Name": "posts", "Schema": "public", "Alias": "p", "Startup Cost": 0.29, "Total Cost": 2245.52, "Plan Rows": 4340, "Plan Width": 4, "Actual Startup Time": 13.556, "Actual Total Time": 13.556, "Actual Rows": 0, "Actual Loops": 1, "Output": ["p.id", "p.posttypeid", "p.creationdate", "p.score", "p.viewcount", "p.owneruserid", "p.answercount", "p.commentcount", "p.favoritecount", "p.lasteditoruserid"], "Filter": "((p.favoritecount >= 0) AND (p.posttypeid = 2))", "Rows Removed by Filter": 41183}, {"Node Type": "Materialize", "Parent Relationship": "Inner", "Parallel Aware": false, "Startup Cost": 0.29, "Total Cost": 1341.79, "Plan Rows": 32621, "Plan Width": 4, "Actual Startup Time": 0.0, "Actual Total Time": 0.0, "Actual Rows": 0, "Actual Loops": 0, "Output": ["b.id", "b.userid", "b.date"], "Plans": [{"Node Type": "Index Scan", "Parent Relationship": "Outer", "Parallel Aware": false, "Scan Direction": "Forward", "Index Name": "idx_badges_userid", "Relation Name": "badges", "Schema": "public", "Alias": "b", "Startup Cost": 0.29, "Total Cost": 1260.24, "Plan Rows": 32621, "Plan Width": 4, "Actual Startup Time": 0.0, "Actual Total Time": 0.0, "Actual Rows": 0, "Actual Loops": 0, "Output": ["b.id", "b.userid", "b.date"], "Filter": "(b.date <= '2014-08-29 05:18:43'::timestamp without time zone)", "Rows Removed by Filter": 0}]}]}, {"Node Type": "Index Only Scan", "Parent Relationship": "Inner", "Parallel Aware": false, "Scan Direction": "Forward", "Index Name": "idx_posthistory_userid", "Relation Name": "posthistory", "Schema": "public", "Alias": "ph", "Startup Cost": 0.29, "Total Cost": 0.66, "Plan Rows": 20, "Plan Width": 4, "Actual Startup Time": 0.0, "Actual Total Time": 0.0, "Actual Rows": 0, "Actual Loops": 0, "Output": ["ph.userid"], "Index Cond": "(ph.userid = b.userid)", "Rows Removed by Index Recheck": 0, "Heap Fetches": 0}]}]}]}]}, "Planning Time": 5.722, "Triggers": [], "Execution Time": 13.856}]
[{"Plan": {"Node Type": "Aggregate", "Strategy": "Plain", "Partial Mode": "Simple", "Parallel Aware": false, "Startup Cost": 5366.78, "Total Cost": 5366.79, "Plan Rows": 1, "Plan Width": 8, "Actual Startup Time": 8.107, "Actual Total Time": 8.111, "Actual Rows": 1, "Actual Loops": 1, "Output": ["count(*)"], "Plans": [{"Node Type": "Nested Loop", "Parent Relationship": "Outer", "Parallel Aware": false, "Join Type": "Inner", "Startup Cost": 0.88, "Total Cost": 5010.17, "Plan Rows": 142644, "Plan Width": 0, "Actual Startup Time": 8.099, "Actual Total Time": 8.102, "Actual Rows": 0, "Actual Loops": 1, "Inner Unique": false, "Join Filter": "(p.owneruserid = ph.userid)", "Rows Removed by Join Filter": 0, "Plans": [{"Node Type": "Nested Loop", "Parent Relationship": "Outer", "Parallel Aware": false, "Join Type": "Inner", "Startup Cost": 0.59, "Total Cost": 1233.49, "Plan Rows": 3731, "Plan Width": 12, "Actual Startup Time": 8.098, "Actual Total Time": 8.101, "Actual Rows": 0, "Actual Loops": 1, "Output": ["c.userid", "p.owneruserid", "v.userid"], "Inner Unique": false, "Join Filter": "(p.owneruserid = c.userid)", "Rows Removed by Join Filter": 0, "Plans": [{"Node Type": "Nested Loop", "Parent Relationship": "Outer", "Parallel Aware": false, "Join Type": "Inner", "Startup Cost": 0.29, "Total Cost": 1221.6, "Plan Rows": 13, "Plan Width": 8, "Actual Startup Time": 8.098, "Actual Total Time": 8.1, "Actual Rows": 0, "Actual Loops": 1, "Output": ["p.owneruserid", "v.userid"], "Inner Unique": false, "Plans": [{"Node Type": "Seq Scan", "Parent Relationship": "Outer", "Parallel Aware": false, "Relation Name": "posts", "Schema": "public", "Alias": "p", "Startup Cost": 0.0, "Total Cost": 1183.66, "Plan Rows": 1, "Plan Width": 4, "Actual Startup Time": 8.097, "Actual Total Time": 8.099, "Actual Rows": 0, "Actual Loops": 1, "Output": ["p.id", "p.posttypeid", "p.creationdate", "p.score", "p.viewcount", "p.owneruserid", "p.answercount", "p.commentcount", "p.favoritecount", "p.lasteditoruserid"], "Filter": "((p.commentcount >= 0) AND (p.posttypeid = 2) AND (p.score = 3) AND (p.creationdate = '2014-09-07 18:19:50'::timestamp without time zone))", "Rows Removed by Filter": 41183}, {"Node Type": "Index Scan", "Parent Relationship": "Inner", "Parallel Aware": false, "Scan Direction": "Forward", "Index Name": "idx_votes_userid", "Relation Name": "votes", "Schema": "public", "Alias": "v", "Startup Cost": 0.29, "Total Cost": 37.83, "Plan Rows": 11, "Plan Width": 4, "Actual Startup Time": 0.0, "Actual Total Time": 0.0, "Actual Rows": 0, "Actual Loops": 0, "Output": ["v.id", "v.postid", "v.votetypeid", "v.creationdate", "v.userid", "v.bountyamount"], "Index Cond": "(v.userid = p.owneruserid)", "Rows Removed by Index Recheck": 0, "Filter": "((v.creationdate <= '2014-09-13 00:00:00'::timestamp without time zone) AND (v.votetypeid = 2))", "Rows Removed by Filter": 0}]}, {"Node Type": "Index Scan", "Parent Relationship": "Inner", "Parallel Aware": false, "Scan Direction": "Forward", "Index Name": "idx_comments_userid", "Relation Name": "comments", "Schema": "public", "Alias": "c", "Startup Cost": 0.29, "Total Cost": 0.74, "Plan Rows": 14, "Plan Width": 4, "Actual Startup Time": 0.0, "Actual Total Time": 0.0, "Actual Rows": 0, "Actual Loops": 0, "Output": ["c.id", "c.postid", "c.score", "c.creationdate", "c.userid"], "Index Cond": "(c.userid = v.userid)", "Rows Removed by Index Recheck": 0, "Filter": "((c.creationdate >= '2010-07-26 18:52:44'::timestamp without time zone) AND (c.score = 0))", "Rows Removed by Filter": 0}]}, {"Node Type": "Index Scan", "Parent Relationship": "Inner", "Parallel Aware": false, "Scan Direction": "Forward", "Index Name": "idx_posthistory_userid", "Relation Name": "posthistory", "Schema": "public", "Alias": "ph", "Startup Cost": 0.29, "Total Cost": 0.77, "Plan Rows": 19, "Plan Width": 4, "Actual Startup Time": 0.0, "Actual Total Time": 0.0, "Actual Rows": 0, "Actual Loops": 0, "Output": ["ph.id", "ph.posthistorytypeid", "ph.postid", "ph.creationdate", "ph.userid"], "Index Cond": "(ph.userid = v.userid)", "Rows Removed by Index Recheck": 0, "Filter": "((ph.creationdate >= '2010-09-18 14:32:08'::timestamp without time zone) AND (ph.creationdate <= '2014-09-10 13:19:54'::timestamp without time zone))", "Rows Removed by Filter": 0}]}]}, "Planning Time": 4.563, "Triggers": [], "Execution Time": 8.218}]#####[{"Plan": {"Node Type": "Aggregate", "Strategy": "Plain", "Partial Mode": "Simple", "Parallel Aware": false, "Startup Cost": 70370.87, "Total Cost": 70370.88, "Plan Rows": 1, "Plan Width": 8, "Actual Startup Time": 7.655, "Actual Total Time": 7.659, "Actual Rows": 1, "Actual Loops": 1, "Output": ["count(*)"], "Plans": [{"Node Type": "Merge Join", "Parent Relationship": "Outer", "Parallel Aware": false, "Join Type": "Inner", "Startup Cost": 1265.19, "Total Cost": 66804.76, "Plan Rows": 1426445, "Plan Width": 0, "Actual Startup Time": 7.649, "Actual Total Time": 7.652, "Actual Rows": 0, "Actual Loops": 1, "Inner Unique": false, "Merge Cond": "(p.owneruserid = c.userid)", "Plans": [{"Node Type": "Sort", "Parent Relationship": "Outer", "Parallel Aware": false, "Startup Cost": 1259.28, "Total Cost": 1260.24, "Plan Rows": 382, "Plan Width": 8, "Actual Startup Time": 7.648, "Actual Total Time": 7.651, "Actual Rows": 0, "Actual Loops": 1, "Output": ["p.owneruserid", "ph.userid"], "Sort Key": ["p.owneruserid"], "Sort Method": "quicksort", "Sort Space Used": 25, "Sort Space Type": "Memory", "Plans": [{"Node Type": "Nested Loop", "Parent Relationship": "Outer", "Parallel Aware": false, "Join Type": "Inner", "Startup Cost": 0.29, "Total Cost": 1242.9, "Plan Rows": 382, "Plan Width": 8, "Actual Startup Time": 7.625, "Actual Total Time": 7.628, "Actual Rows": 0, "Actual Loops": 1, "Output": ["p.owneruserid", "ph.userid"], "Inner Unique": false, "Plans": [{"Node Type": "Seq Scan", "Parent Relationship": "Outer", "Parallel Aware": false, "Relation Name": "posts", "Schema": "public", "Alias": "p", "Startup Cost": 0.0, "Total Cost": 1183.66, "Plan Rows": 1, "Plan Width": 4, "Actual Startup Time": 7.625, "Actual Total Time": 7.627, "Actual Rows": 0, "Actual Loops": 1, "Output": ["p.id", "p.posttypeid", "p.creationdate", "p.score", "p.viewcount", "p.owneruserid", "p.answercount", "p.commentcount", "p.favoritecount", "p.lasteditoruserid"], "Filter": "((p.commentcount >= 0) AND (p.posttypeid = 2) AND (p.score = 3) AND (p.creationdate = '2014-09-07 18:19:50'::timestamp without time zone))", "Rows Removed by Filter": 41183}, {"Node Type": "Index Scan", "Parent Relationship": "Inner", "Parallel Aware": false, "Scan Direction": "Forward", "Index Name": "idx_posthistory_userid", "Relation Name": "posthistory", "Schema": "public", "Alias": "ph", "Startup Cost": 0.29, "Total Cost": 59.05, "Plan Rows": 19, "Plan Width": 4, "Actual Startup Time": 0.0, "Actual Total Time": 0.0, "Actual Rows": 0, "Actual Loops": 0, "Output": ["ph.id", "ph.posthistorytypeid", "ph.postid", "ph.creationdate", "ph.userid"], "Index Cond": "(ph.userid = p.owneruserid)", "Rows Removed by Index Recheck": 0, "Filter": "((ph.creationdate >= '2010-09-18 14:32:08'::timestamp without time zone) AND (ph.creationdate <= '2014-09-10 13:19:54'::timestamp without time zone))", "Rows Removed by Filter": 0}]}]}, {"Node Type": "Materialize", "Parent Relationship": "Inner", "Parallel Aware": false, "Startup Cost": 5.9, "Total Cost": 29467.86, "Plan Rows": 1458969, "Plan Width": 8, "Actual Startup Time": 0.0, "Actual Total Time": 0.0, "Actual Rows": 0, "Actual Loops": 0, "Output": ["c.userid", "v.userid"], "Plans": [{"Node Type": "Merge Join", "Parent Relationship": "Outer", "Parallel Aware": false, "Join Type": "Inner", "Startup Cost": 5.9, "Total Cost": 25820.44, "Plan Rows": 1458969, "Plan Width": 8, "Actual Startup Time": 0.0, "Actual Total Time": 0.0, "Actual Rows": 0, "Actual Loops": 0, "Output": ["c.userid", "v.userid"], "Inner Unique": false, "Merge Cond": "(c.userid = v.userid)", "Plans": [{"Node Type": "Index Scan", "Parent Relationship": "Outer", "Parallel Aware": false, "Scan Direction": "Forward", "Index Name": "idx_comments_userid", "Relation Name": "comments", "Schema": "public", "Alias": "c", "Startup Cost": 0.29, "Total Cost": 3760.79, "Plan Rows": 59406, "Plan Width": 4, "Actual Startup Time": 0.0, "Actual Total Time": 0.0, "Actual Rows": 0, "Actual Loops": 0, "Output": ["c.id", "c.postid", "c.score", "c.creationdate", "c.userid"], "Filter": "((c.creationdate >= '2010-07-26 18:52:44'::timestamp without time zone) AND (c.score = 0))", "Rows Removed by Filter": 0}, {"Node Type": "Materialize", "Parent Relationship": "Inner", "Parallel Aware": false, "Startup Cost": 0.29, "Total Cost": 7067.55, "Plan Rows": 134726, "Plan Width": 4, "Actual Startup Time": 0.0, "Actual Total Time": 0.0, "Actual Rows": 0, "Actual Loops": 0, "Output": ["v.id", "v.postid", "v.votetypeid", "v.creationdate", "v.userid", "v.bountyamount"], "Plans": [{"Node Type": "Index Scan", "Parent Relationship": "Outer", "Parallel Aware": false, "Scan Direction": "Forward", "Index Name": "idx_votes_userid", "Relation Name": "votes", "Schema": "public", "Alias": "v", "Startup Cost": 0.29, "Total Cost": 6730.74, "Plan Rows": 134726, "Plan Width": 4, "Actual Startup Time": 0.0, "Actual Total Time": 0.0, "Actual Rows": 0, "Actual Loops": 0, "Output": ["v.id", "v.postid", "v.votetypeid", "v.creationdate", "v.userid", "v.bountyamount"], "Filter": "((v.creationdate <= '2014-09-13 00:00:00'::timestamp without time zone) AND (v.votetypeid = 2))", "Rows Removed by Filter": 0}]}]}]}]}]}, "Planning Time": 4.323, "Triggers": [], "Execution Time": 7.794}]
[{"Plan": {"Node Type": "Aggregate", "Strategy": "Plain", "Partial Mode": "Simple", "Parallel Aware": false, "Startup Cost": 631575.94, "Total Cost": 631575.95, "Plan Rows": 1, "Plan Width": 8, "Actual Startup Time": 1476.487, "Actual Total Time": 1476.494, "Actual Rows": 1, "Actual Loops": 1, "Output": ["count(*)"], "Plans": [{"Node Type": "Hash Join", "Parent Relationship": "Outer", "Parallel Aware": false, "Join Type": "Inner", "Startup Cost": 2883.57, "Total Cost": 185809.77, "Plan Rows": 178306469, "Plan Width": 0, "Actual Startup Time": 29.968, "Actual Total Time": 1462.008, "Actual Rows": 404998, "Actual Loops": 1, "Inner Unique": false, "Hash Cond": "(ph.userid = u.id)", "Plans": [{"Node Type": "Nested Loop", "Parent Relationship": "Outer", "Parallel Aware": false, "Join Type": "Inner", "Startup Cost": 0.29, "Total Cost": 32659.2, "Plan Rows": 3960262, "Plan Width": 8, "Actual Startup Time": 0.4, "Actual Total Time": 1231.917, "Actual Rows": 4001622, "Actual Loops": 1, "Output": ["ph.userid", "b.userid"], "Inner Unique": false, "Plans": [{"Node Type": "Seq Scan", "Parent Relationship": "Outer", "Parallel Aware": false, "Relation Name": "badges", "Schema": "public", "Alias": "b", "Startup Cost": 0.0, "Total Cost": 503.24, "Plan Rows": 32624, "Plan Width": 4, "Actual Startup Time": 0.009, "Actual Total Time": 2.076, "Actual Rows": 32624, "Actual Loops": 1, "Output": ["b.id", "b.userid", "b.date"]}, {"Node Type": "Index Scan", "Parent Relationship": "Inner", "Parallel Aware": false, "Scan Direction": "Forward", "Index Name": "idx_posthistory_userid", "Relation Name": "posthistory", "Schema": "public", "Alias": "ph", "Startup Cost": 0.29, "Total Cost": 0.83, "Plan Rows": 16, "Plan Width": 4, "Actual Startup Time": 0.007, "Actual Total Time": 0.029, "Actual Rows": 123, "Actual Loops": 32624, "Output": ["ph.id", "ph.posthistorytypeid", "ph.postid", "ph.creationdate", "ph.userid"], "Index Cond": "(ph.userid = b.userid)", "Rows Removed by Index Recheck": 0, "Filter": "(ph.creationdate >= '2011-04-18 21:06:24'::timestamp without time zone)", "Rows Removed by Filter": 37}]}, {"Node Type": "Hash", "Parent Relationship": "Inner", "Parallel Aware": false, "Startup Cost": 2262.54, "Total Cost": 2262.54, "Plan Rows": 49659, "Plan Width": 8, "Actual Startup Time": 18.842, "Actual Total Time": 18.846, "Actual Rows": 12039, "Actual Loops": 1, "Output": ["c.userid", "u.id"], "Hash Buckets": 65536, "Original Hash Buckets": 65536, "Hash Batches": 1, "Original Hash Batches": 1, "Peak Memory Usage": 983, "Plans": [{"Node Type": "Hash Join", "Parent Relationship": "Outer", "Parallel Aware": false, "Join Type": "Inner", "Startup Cost": 530.03, "Total Cost": 2262.54, "Plan Rows": 49659, "Plan Width": 8, "Actual Startup Time": 3.414, "Actual Total Time": 17.411, "Actual Rows": 12039, "Actual Loops": 1, "Output": ["c.userid", "u.id"], "Inner Unique": true, "Hash Cond": "(c.userid = u.id)", "Plans": [{"Node Type": "Seq Scan", "Parent Relationship": "Outer", "Parallel Aware": false, "Relation Name": "comments", "Schema": "public", "Alias": "c", "Startup Cost": 0.0, "Total Cost": 1574.96, "Plan Rows": 60002, "Plan Width": 4, "Actual Startup Time": 0.009, "Actual Total Time": 8.621, "Actual Rows": 60206, "Actual Loops": 1, "Output": ["c.id", "c.postid", "c.score", "c.creationdate", "c.userid"], "Filter": "(c.score = 0)", "Rows Removed by Filter": 19151}, {"Node Type": "Hash", "Parent Relationship": "Inner", "Parallel Aware": false, "Startup Cost": 371.36, "Total Cost": 371.36, "Plan Rows": 12693, "Plan Width": 4, "Actual Startup Time": 3.338, "Actual Total Time": 3.339, "Actual Rows": 13325, "Actual Loops": 1, "Output": ["u.id"], "Hash Buckets": 16384, "Original Hash Buckets": 16384, "Hash Batches": 1, "Original Hash Batches": 1, "Peak Memory Usage": 597, "Plans": [{"Node Type": "Seq Scan", "Parent Relationship": "Outer", "Parallel Aware": false, "Relation Name": "users", "Schema": "public", "Alias": "u", "Startup Cost": 0.0, "Total Cost": 371.36, "Plan Rows": 12693, "Plan Width": 4, "Actual Startup Time": 0.012, "Actual Total Time": 2.108, "Actual Rows": 13325, "Actual Loops": 1, "Output": ["u.id"], "Filter": "((u.views >= 0) AND (u.views <= 25) AND (u.upvotes <= 13))", "Rows Removed by Filter": 1610}]}]}]}]}]}, "Planning Time": 1.707, "Triggers": [], "Execution Time": 1476.681}]#####[{"Plan": {"Node Type": "Aggregate", "Strategy": "Plain", "Partial Mode": "Simple", "Parallel Aware": false, "Startup Cost": 4483457.56, "Total Cost": 4483457.57, "Plan Rows": 1, "Plan Width": 8, "Actual Startup Time": 102.59, "Actual Total Time": 102.598, "Actual Rows": 1, "Actual Loops": 1, "Output": ["count(*)"], "Plans": [{"Node Type": "Hash Join", "Parent Relationship": "Outer", "Parallel Aware": false, "Join Type": "Inner", "Startup Cost": 10214.4, "Total Cost": 25795.83, "Plan Rows": 1783064691, "Plan Width": 0, "Actual Startup Time": 49.7, "Actual Total Time": 88.513, "Actual Rows": 404998, "Actual Loops": 1, "Inner Unique": false, "Hash Cond": "(c.userid = u.id)", "Plans": [{"Node Type": "Seq Scan", "Parent Relationship": "Outer", "Parallel Aware": false, "Relation Name": "comments", "Schema": "public", "Alias": "c", "Startup Cost": 0.0, "Total Cost": 1574.96, "Plan Rows": 60002, "Plan Width": 4, "Actual Startup Time": 0.01, "Actual Total Time": 8.284, "Actual Rows": 60206, "Actual Loops": 1, "Output": ["c.id", "c.postid", "c.score", "c.creationdate", "c.userid"], "Filter": "(c.score = 0)", "Rows Removed by Filter": 19151}, {"Node Type": "Hash", "Parent Relationship": "Inner", "Parallel Aware": false, "Startup Cost": 6362.3, "Total Cost": 6362.3, "Plan Rows": 308168, "Plan Width": 12, "Actual Startup Time": 48.706, "Actual Total Time": 48.712, "Actual Rows": 81031, "Actual Loops": 1, "Output": ["ph.userid", "b.userid", "u.id"], "Hash Buckets": 524288, "Original Hash Buckets": 524288, "Hash Batches": 1, "Original Hash Batches": 1, "Peak Memory Usage": 7578, "Plans": [{"Node Type": "Hash Join", "Parent Relationship": "Outer", "Parallel Aware": false, "Join Type": "Inner", "Startup Cost": 1465.51, "Total Cost": 6362.3, "Plan Rows": 308168, "Plan Width": 12, "Actual Startup Time": 13.955, "Actual Total Time": 39.83, "Actual Rows": 81031, "Actual Loops": 1, "Output": ["ph.userid", "b.userid", "u.id"], "Inner Unique": false, "Hash Cond": "(ph.userid = u.id)", "Plans": [{"Node Type": "Seq Scan", "Parent Relationship": "Outer", "Parallel Aware": false, "Relation Name": "posthistory", "Schema": "public", "Alias": "ph", "Startup Cost": 0.0, "Total Cost": 2572.93, "Plan Rows": 105639, "Plan Width": 4, "Actual Startup Time": 2.083, "Actual Total Time": 14.326, "Actual Rows": 105852, "Actual Loops": 1, "Output": ["ph.id", "ph.posthistorytypeid", "ph.postid", "ph.creationdate", "ph.userid"], "Filter": "(ph.creationdate >= '2011-04-18 21:06:24'::timestamp without time zone)", "Rows Removed by Filter": 24142}, {"Node Type": "Hash", "Parent Relationship": "Inner", "Parallel Aware": false, "Startup Cost": 1118.93, "Total Cost": 1118.93, "Plan Rows": 27727, "Plan Width": 8, "Actual Startup Time": 11.761, "Actual Total Time": 11.765, "Actual Rows": 17403, "Actual Loops": 1, "Output": ["b.userid", "u.id"], "Hash Buckets": 32768, "Original Hash Buckets": 32768, "Hash Batches": 1, "Original Hash Batches": 1, "Peak Memory Usage": 936, "Plans": [{"Node Type": "Hash Join", "Parent Relationship": "Outer", "Parallel Aware": false, "Join Type": "Inner", "Startup Cost": 530.03, "Total Cost": 1118.93, "Plan Rows": 27727, "Plan Width": 8, "Actual Startup Time": 3.359, "Actual Total Time": 9.7, "Actual Rows": 17403, "Actual Loops": 1, "Output": ["b.userid", "u.id"], "Inner Unique": true, "Hash Cond": "(b.userid = u.id)", "Plans": [{"Node Type": "Seq Scan", "Parent Relationship": "Outer", "Parallel Aware": false, "Relation Name": "badges", "Schema": "public", "Alias": "b", "Startup Cost": 0.0, "Total Cost": 503.24, "Plan Rows": 32624, "Plan Width": 4, "Actual Startup Time": 0.007, "Actual Total Time": 1.75, "Actual Rows": 32624, "Actual Loops": 1, "Output": ["b.id", "b.userid", "b.date"]}, {"Node Type": "Hash", "Parent Relationship": "Inner", "Parallel Aware": false, "Startup Cost": 371.36, "Total Cost": 371.36, "Plan Rows": 12693, "Plan Width": 4, "Actual Startup Time": 3.297, "Actual Total Time": 3.298, "Actual Rows": 13325, "Actual Loops": 1, "Output": ["u.id"], "Hash Buckets": 16384, "Original Hash Buckets": 16384, "Hash Batches": 1, "Original Hash Batches": 1, "Peak Memory Usage": 597, "Plans": [{"Node Type": "Seq Scan", "Parent Relationship": "Outer", "Parallel Aware": false, "Relation Name": "users", "Schema": "public", "Alias": "u", "Startup Cost": 0.0, "Total Cost": 371.36, "Plan Rows": 12693, "Plan Width": 4, "Actual Startup Time": 0.01, "Actual Total Time": 2.063, "Actual Rows": 13325, "Actual Loops": 1, "Output": ["u.id"], "Filter": "((u.views >= 0) AND (u.views <= 25) AND (u.upvotes <= 13))", "Rows Removed by Filter": 1610}]}]}]}]}]}]}]}, "Planning Time": 1.597, "Triggers": [], "Execution Time": 102.965}]#####[{"Plan": {"Node Type": "Aggregate", "Strategy": "Plain", "Partial Mode": "Simple", "Parallel Aware": false, "Startup Cost": 4467189.9, "Total Cost": 4467189.91, "Plan Rows": 1, "Plan Width": 8, "Actual Startup Time": 94.164, "Actual Total Time": 94.173, "Actual Rows": 1, "Actual Loops": 1, "Output": ["count(*)"], "Plans": [{"Node Type": "Hash Join", "Parent Relationship": "Outer", "Parallel Aware": false, "Join Type": "Inner", "Startup Cost": 4749.11, "Total Cost": 9528.17, "Plan Rows": 1783064691, "Plan Width": 0, "Actual Startup Time": 35.421, "Actual Total Time": 79.987, "Actual Rows": 404998, "Actual Loops": 1, "Inner Unique": false, "Hash Cond": "(ph.userid = u.id)", "Plans": [{"Node Type": "Seq Scan", "Parent Relationship": "Outer", "Parallel Aware": false, "Relation Name": "posthistory", "Schema": "public", "Alias": "ph", "Startup Cost": 0.0, "Total Cost": 2572.93, "Plan Rows": 105639, "Plan Width": 4, "Actual Startup Time": 2.105, "Actual Total Time": 13.865, "Actual Rows": 105852, "Actual Loops": 1, "Output": ["ph.id", "ph.posthistorytypeid", "ph.postid", "ph.creationdate", "ph.userid"], "Filter": "(ph.creationdate >= '2011-04-18 21:06:24'::timestamp without time zone)", "Rows Removed by Filter": 24142}, {"Node Type": "Hash", "Parent Relationship": "Inner", "Parallel Aware": false, "Startup Cost": 4425.25, "Total Cost": 4425.25, "Plan Rows": 25909, "Plan Width": 12, "Actual Startup Time": 33.185, "Actual Total Time": 33.191, "Actual Rows": 39382, "Actual Loops": 1, "Output": ["c.userid", "b.userid", "u.id"], "Hash Buckets": 65536, "Original Hash Buckets": 32768, "Hash Batches": 1, "Original Hash Batches": 1, "Peak Memory Usage": 2205, "Plans": [{"Node Type": "Hash Join", "Parent Relationship": "Outer", "Parallel Aware": false, "Join Type": "Inner", "Startup Cost": 1465.51, "Total Cost": 4425.25, "Plan Rows": 25909, "Plan Width": 12, "Actual Startup Time": 12.125, "Actual Total Time": 28.417, "Actual Rows": 39382, "Actual Loops": 1, "Output": ["c.userid", "b.userid", "u.id"], "Inner Unique": false, "Hash Cond": "(c.userid = u.id)", "Plans": [{"Node Type": "Seq Scan", "Parent Relationship": "Outer", "Parallel Aware": false, "Relation Name": "comments", "Schema": "public", "Alias": "c", "Startup Cost": 0.0, "Total Cost": 1574.96, "Plan Rows": 60002, "Plan Width": 4, "Actual Startup Time": 0.009, "Actual Total Time": 8.707, "Actual Rows": 60206, "Actual Loops": 1, "Output": ["c.id", "c.postid", "c.score", "c.creationdate", "c.userid"], "Filter": "(c.score = 0)", "Rows Removed by Filter": 19151}, {"Node Type": "Hash", "Parent Relationship": "Inner", "Parallel Aware": false, "Startup Cost": 1118.93, "Total Cost": 1118.93, "Plan Rows": 27727, "Plan Width": 8, "Actual Startup Time": 12.02, "Actual Total Time": 12.025, "Actual Rows": 17403, "Actual Loops": 1, "Output": ["b.userid", "u.id"], "Hash Buckets": 32768, "Original Hash Buckets": 32768, "Hash Batches": 1, "Original Hash Batches": 1, "Peak Memory Usage": 936, "Plans": [{"Node Type": "Hash Join", "Parent Relationship": "Outer", "Parallel Aware": false, "Join Type": "Inner", "Startup Cost": 530.03, "Total Cost": 1118.93, "Plan Rows": 27727, "Plan Width": 8, "Actual Startup Time": 3.481, "Actual Total Time": 9.897, "Actual Rows": 17403, "Actual Loops": 1, "Output": ["b.userid", "u.id"], "Inner Unique": true, "Hash Cond": "(b.userid = u.id)", "Plans": [{"Node Type": "Seq Scan", "Parent Relationship": "Outer", "Parallel Aware": false, "Relation Name": "badges", "Schema": "public", "Alias": "b", "Startup Cost": 0.0, "Total Cost": 503.24, "Plan Rows": 32624, "Plan Width": 4, "Actual Startup Time": 0.006, "Actual Total Time": 1.765, "Actual Rows": 32624, "Actual Loops": 1, "Output": ["b.id", "b.userid", "b.date"]}, {"Node Type": "Hash", "Parent Relationship": "Inner", "Parallel Aware": false, "Startup Cost": 371.36, "Total Cost": 371.36, "Plan Rows": 12693, "Plan Width": 4, "Actual Startup Time": 3.423, "Actual Total Time": 3.424, "Actual Rows": 13325, "Actual Loops": 1, "Output": ["u.id"], "Hash Buckets": 16384, "Original Hash Buckets": 16384, "Hash Batches": 1, "Original Hash Batches": 1, "Peak Memory Usage": 597, "Plans": [{"Node Type": "Seq Scan", "Parent Relationship": "Outer", "Parallel Aware": false, "Relation Name": "users", "Schema": "public", "Alias": "u", "Startup Cost": 0.0, "Total Cost": 371.36, "Plan Rows": 12693, "Plan Width": 4, "Actual Startup Time": 0.009, "Actual Total Time": 2.13, "Actual Rows": 13325, "Actual Loops": 1, "Output": ["u.id"], "Filter": "((u.views >= 0) AND (u.views <= 25) AND (u.upvotes <= 13))", "Rows Removed by Filter": 1610}]}]}]}]}]}]}]}, "Planning Time": 1.588, "Triggers": [], "Execution Time": 94.355}]
[{"Plan": {"Node Type": "Aggregate", "Strategy": "Plain", "Partial Mode": "Simple", "Parallel Aware": false, "Startup Cost": 1799.45, "Total Cost": 1799.46, "Plan Rows": 1, "Plan Width": 8, "Actual Startup Time": 15.4, "Actual Total Time": 15.404, "Actual Rows": 1, "Actual Loops": 1, "Output": ["count(*)"], "Plans": [{"Node Type": "Merge Join", "Parent Relationship": "Outer", "Parallel Aware": false, "Join Type": "Inner", "Startup Cost": 1566.57, "Total Cost": 1797.88, "Plan Rows": 627, "Plan Width": 0, "Actual Startup Time": 15.389, "Actual Total Time": 15.392, "Actual Rows": 0, "Actual Loops": 1, "Inner Unique": false, "Merge Cond": "(v.userid = p.owneruserid)", "Plans": [{"Node Type": "Merge Join", "Parent Relationship": "Outer", "Parallel Aware": false, "Join Type": "Inner", "Startup Cost": 0.58, "Total Cost": 1424.14, "Plan Rows": 10510, "Plan Width": 8, "Actual Startup Time": 15.388, "Actual Total Time": 15.391, "Actual Rows": 0, "Actual Loops": 1, "Output": ["v.userid", "u.id"], "Inner Unique": true, "Merge Cond": "(v.userid = u.id)", "Plans": [{"Node Type": "Index Scan", "Parent Relationship": "Outer", "Parallel Aware": false, "Scan Direction": "Forward", "Index Name": "idx_votes_userid", "Relation Name": "votes", "Schema": "public", "Alias": "v", "Startup Cost": 0.29, "Total Cost": 6320.15, "Plan Rows": 134737, "Plan Width": 4, "Actual Startup Time": 15.386, "Actual Total Time": 15.389, "Actual Rows": 1, "Actual Loops": 1, "Output": ["v.id", "v.postid", "v.votetypeid", "v.creationdate", "v.userid", "v.bountyamount"], "Filter": "(v.votetypeid = 2)", "Rows Removed by Filter": 15605}, {"Node Type": "Index Scan", "Parent Relationship": "Inner", "Parallel Aware": false, "Scan Direction": "Forward", "Index Name": "users_pkey", "Relation Name": "users", "Schema": "public", "Alias": "u", "Startup Cost": 0.29, "Total Cost": 658.66, "Plan Rows": 12323, "Plan Width": 4, "Actual Startup Time": 0.0, "Actual Total Time": 0.0, "Actual Rows": 0, "Actual Loops": 0, "Output": ["u.id", "u.reputation", "u.creationdate", "u.views", "u.upvotes", "u.downvotes"], "Filter": "((u.reputation >= 1) AND (u.views <= 34) AND (u.upvotes >= 0) AND (u.upvotes <= 6))", "Rows Removed by Filter": 0}]}, {"Node Type": "Sort", "Parent Relationship": "Inner", "Parallel Aware": false, "Startup Cost": 1565.99, "Total Cost": 1581.2, "Plan Rows": 6083, "Plan Width": 4, "Actual Startup Time": 0.0, "Actual Total Time": 0.0, "Actual Rows": 0, "Actual Loops": 0, "Output": ["p.owneruserid"], "Sort Key": ["p.owneruserid"], "Plans": [{"Node Type": "Seq Scan", "Parent Relationship": "Outer", "Parallel Aware": false, "Relation Name": "posts", "Schema": "public", "Alias": "p", "Startup Cost": 0.0, "Total Cost": 1183.66, "Plan Rows": 6083, "Plan Width": 4, "Actual Startup Time": 0.0, "Actual Total Time": 0.0, "Actual Rows": 0, "Actual Loops": 0, "Output": ["p.owneruserid"], "Filter": "((p.score >= '-1'::integer) AND (p.answercount >= 0) AND (p.answercount <= 3) AND (p.posttypeid = 1))", "Rows Removed by Filter": 0}]}]}]}, "Planning Time": 0.975, "Triggers": [], "Execution Time": 15.612}]#####[{"Plan": {"Node Type": "Aggregate", "Strategy": "Plain", "Partial Mode": "Simple", "Parallel Aware": false, "Startup Cost": 8522.85, "Total Cost": 8522.86, "Plan Rows": 1, "Plan Width": 8, "Actual Startup Time": 16.516, "Actual Total Time": 16.519, "Actual Rows": 1, "Actual Loops": 1, "Output": ["count(*)"], "Plans": [{"Node Type": "Merge Join", "Parent Relationship": "Outer", "Parallel Aware": false, "Join Type": "Inner", "Startup Cost": 1566.57, "Total Cost": 8507.15, "Plan Rows": 6279, "Plan Width": 0, "Actual Startup Time": 16.509, "Actual Total Time": 16.512, "Actual Rows": 0, "Actual Loops": 1, "Inner Unique": false, "Merge Cond": "(p.owneruserid = v.userid)", "Plans": [{"Node Type": "Sort", "Parent Relationship": "Outer", "Parallel Aware": false, "Startup Cost": 1565.99, "Total Cost": 1581.2, "Plan Rows": 6083, "Plan Width": 4, "Actual Startup Time": 8.514, "Actual Total Time": 8.516, "Actual Rows": 1, "Actual Loops": 1, "Output": ["p.owneruserid"], "Sort Key": ["p.owneruserid"], "Sort Method": "quicksort", "Sort Space Used": 1090, "Sort Space Type": "Memory", "Plans": [{"Node Type": "Seq Scan", "Parent Relationship": "Outer", "Parallel Aware": false, "Relation Name": "posts", "Schema": "public", "Alias": "p", "Startup Cost": 0.0, "Total Cost": 1183.66, "Plan Rows": 6083, "Plan Width": 4, "Actual Startup Time": 0.011, "Actual Total Time": 5.736, "Actual Rows": 15209, "Actual Loops": 1, "Output": ["p.owneruserid"], "Filter": "((p.score >= '-1'::integer) AND (p.answercount >= 0) AND (p.answercount <= 3) AND (p.posttypeid = 1))", "Rows Removed by Filter": 25974}]}, {"Node Type": "Materialize", "Parent Relationship": "Inner", "Parallel Aware": false, "Startup Cost": 0.58, "Total Cost": 4051.64, "Plan Rows": 1051000, "Plan Width": 8, "Actual Startup Time": 7.994, "Actual Total Time": 7.994, "Actual Rows": 0, "Actual Loops": 1, "Output": ["v.userid", "u.id"], "Plans": [{"Node Type": "Merge Join", "Parent Relationship": "Outer", "Parallel Aware": false, "Join Type": "Inner", "Startup Cost": 0.58, "Total Cost": 1424.14, "Plan Rows": 1051000, "Plan Width": 8, "Actual Startup Time": 7.992, "Actual Total Time": 7.993, "Actual Rows": 0, "Actual Loops": 1, "Output": ["v.userid", "u.id"], "Inner Unique": true, "Merge Cond": "(v.userid = u.id)", "Plans": [{"Node Type": "Index Scan", "Parent Relationship": "Outer", "Parallel Aware": false, "Scan Direction": "Forward", "Index Name": "idx_votes_userid", "Relation Name": "votes", "Schema": "public", "Alias": "v", "Startup Cost": 0.29, "Total Cost": 6320.15, "Plan Rows": 134737, "Plan Width": 4, "Actual Startup Time": 7.991, "Actual Total Time": 7.991, "Actual Rows": 1, "Actual Loops": 1, "Output": ["v.id", "v.postid", "v.votetypeid", "v.creationdate", "v.userid", "v.bountyamount"], "Filter": "(v.votetypeid = 2)", "Rows Removed by Filter": 15605}, {"Node Type": "Index Scan", "Parent Relationship": "Inner", "Parallel Aware": false, "Scan Direction": "Forward", "Index Name": "users_pkey", "Relation Name": "users", "Schema": "public", "Alias": "u", "Startup Cost": 0.29, "Total Cost": 658.66, "Plan Rows": 12323, "Plan Width": 4, "Actual Startup Time": 0.0, "Actual Total Time": 0.0, "Actual Rows": 0, "Actual Loops": 0, "Output": ["u.id", "u.reputation", "u.creationdate", "u.views", "u.upvotes", "u.downvotes"], "Filter": "((u.reputation >= 1) AND (u.views <= 34) AND (u.upvotes >= 0) AND (u.upvotes <= 6))", "Rows Removed by Filter": 0}]}]}]}]}, "Planning Time": 1.284, "Triggers": [], "Execution Time": 16.697}]#####[{"Plan": {"Node Type": "Aggregate", "Strategy": "Plain", "Partial Mode": "Simple", "Parallel Aware": false, "Startup Cost": 1489.96, "Total Cost": 1489.97, "Plan Rows": 1, "Plan Width": 8, "Actual Startup Time": 8.227, "Actual Total Time": 8.23, "Actual Rows": 1, "Actual Loops": 1, "Output": ["count(*)"], "Plans": [{"Node Type": "Nested Loop", "Parent Relationship": "Outer", "Parallel Aware": false, "Join Type": "Inner", "Startup Cost": 0.87, "Total Cost": 1474.26, "Plan Rows": 6279, "Plan Width": 0, "Actual Startup Time": 8.22, "Actual Total Time": 8.223, "Actual Rows": 0, "Actual Loops": 1, "Inner Unique": false, "Plans": [{"Node Type": "Merge Join", "Parent Relationship": "Outer", "Parallel Aware": false, "Join Type": "Inner", "Startup Cost": 0.58, "Total Cost": 1424.14, "Plan Rows": 105, "Plan Width": 8, "Actual Startup Time": 8.22, "Actual Total Time": 8.222, "Actual Rows": 0, "Actual Loops": 1, "Output": ["v.userid", "u.id"], "Inner Unique": true, "Merge Cond": "(v.userid = u.id)", "Plans": [{"Node Type": "Index Scan", "Parent Relationship": "Outer", "Parallel Aware": false, "Scan Direction": "Forward", "Index Name": "idx_votes_userid", "Relation Name": "votes", "Schema": "public", "Alias": "v", "Startup Cost": 0.29, "Total Cost": 6320.15, "Plan Rows": 134737, "Plan Width": 4, "Actual Startup Time": 8.218, "Actual Total Time": 8.22, "Actual Rows": 1, "Actual Loops": 1, "Output": ["v.id", "v.postid", "v.votetypeid", "v.creationdate", "v.userid", "v.bountyamount"], "Filter": "(v.votetypeid = 2)", "Rows Removed by Filter": 15605}, {"Node Type": "Index Scan", "Parent Relationship": "Inner", "Parallel Aware": false, "Scan Direction": "Forward", "Index Name": "users_pkey", "Relation Name": "users", "Schema": "public", "Alias": "u", "Startup Cost": 0.29, "Total Cost": 658.66, "Plan Rows": 12323, "Plan Width": 4, "Actual Startup Time": 0.0, "Actual Total Time": 0.0, "Actual Rows": 0, "Actual Loops": 0, "Output": ["u.id", "u.reputation", "u.creationdate", "u.views", "u.upvotes", "u.downvotes"], "Filter": "((u.reputation >= 1) AND (u.views <= 34) AND (u.upvotes >= 0) AND (u.upvotes <= 6))", "Rows Removed by Filter": 0}]}, {"Node Type": "Index Scan", "Parent Relationship": "Inner", "Parallel Aware": false, "Scan Direction": "Forward", "Index Name": "idx_posts_owneruserid", "Relation Name": "posts", "Schema": "public", "Alias": "p", "Startup Cost": 0.29, "Total Cost": 0.47, "Plan Rows": 1, "Plan Width": 4, "Actual Startup Time": 0.0, "Actual Total Time": 0.0, "Actual Rows": 0, "Actual Loops": 0, "Output": ["p.id", "p.posttypeid", "p.creationdate", "p.score", "p.viewcount", "p.owneruserid", "p.answercount", "p.commentcount", "p.favoritecount", "p.lasteditoruserid"], "Index Cond": "(p.owneruserid = v.userid)", "Rows Removed by Index Recheck": 0, "Filter": "((p.score >= '-1'::integer) AND (p.answercount >= 0) AND (p.answercount <= 3) AND (p.posttypeid = 1))", "Rows Removed by Filter": 0}]}]}, "Planning Time": 1.006, "Triggers": [], "Execution Time": 8.31}]
[{"Plan": {"Node Type": "Aggregate", "Strategy": "Plain", "Partial Mode": "Simple", "Parallel Aware": false, "Startup Cost": 4798.28, "Total Cost": 4798.29, "Plan Rows": 1, "Plan Width": 8, "Actual Startup Time": 846.249, "Actual Total Time": 846.259, "Actual Rows": 1, "Actual Loops": 1, "Output": ["count(*)"], "Plans": [{"Node Type": "Hash Join", "Parent Relationship": "Outer", "Parallel Aware": false, "Join Type": "Inner", "Startup Cost": 1560.83, "Total Cost": 4562.68, "Plan Rows": 94241, "Plan Width": 0, "Actual Startup Time": 117.141, "Actual Total Time": 589.599, "Actual Rows": 7649139, "Actual Loops": 1, "Inner Unique": false, "Hash Cond": "(ph.userid = u.id)", "Plans": [{"Node Type": "Seq Scan", "Parent Relationship": "Outer", "Parallel Aware": false, "Relation Name": "posthistory", "Schema": "public", "Alias": "ph", "Startup Cost": 0.0, "Total Cost": 2572.93, "Plan Rows": 16631, "Plan Width": 4, "Actual Startup Time": 0.011, "Actual Total Time": 11.14, "Actual Rows": 16474, "Actual Loops": 1, "Output": ["ph.id", "ph.posthistorytypeid", "ph.postid", "ph.creationdate", "ph.userid"], "Filter": "(ph.posthistorytypeid = 3)", "Rows Removed by Filter": 113520}, {"Node Type": "Hash", "Parent Relationship": "Inner", "Parallel Aware": false, "Startup Cost": 1136.92, "Total Cost": 1136.92, "Plan Rows": 33913, "Plan Width": 12, "Actual Startup Time": 116.936, "Actual Total Time": 116.94, "Actual Rows": 360495, "Actual Loops": 1, "Output": ["v.userid", "u.id", "b.userid"], "Hash Buckets": 524288, "Original Hash Buckets": 65536, "Hash Batches": 1, "Original Hash Batches": 1, "Peak Memory Usage": 19587, "Plans": [{"Node Type": "Merge Join", "Parent Relationship": "Outer", "Parallel Aware": false, "Join Type": "Inner", "Startup Cost": 1.23, "Total Cost": 1136.92, "Plan Rows": 33913, "Plan Width": 12, "Actual Startup Time": 0.049, "Actual Total Time": 76.277, "Actual Rows": 360495, "Actual Loops": 1, "Output": ["v.userid", "u.id", "b.userid"], "Inner Unique": true, "Merge Cond": "(v.userid = u.id)", "Plans": [{"Node Type": "Merge Join", "Parent Relationship": "Outer", "Parallel Aware": false, "Join Type": "Inner", "Startup Cost": 0.94, "Total Cost": 4207.11, "Plan Rows": 257855, "Plan Width": 8, "Actual Startup Time": 0.033, "Actual Total Time": 46.752, "Actual Rows": 360495, "Actual Loops": 1, "Output": ["v.userid", "b.userid"], "Inner Unique": false, "Merge Cond": "(b.userid = v.userid)", "Plans": [{"Node Type": "Index Only Scan", "Parent Relationship": "Outer", "Parallel Aware": false, "Scan Direction": "Forward", "Index Name": "idx_badges_userid", "Relation Name": "badges", "Schema": "public", "Alias": "b", "Startup Cost": 0.29, "Total Cost": 713.65, "Plan Rows": 32624, "Plan Width": 4, "Actual Startup Time": 0.012, "Actual Total Time": 2.297, "Actual Rows": 32624, "Actual Loops": 1, "Output": ["b.userid"], "Heap Fetches": 0}, {"Node Type": "Materialize", "Parent Relationship": "Inner", "Parallel Aware": false, "Startup Cost": 0.29, "Total Cost": 3458.37, "Plan Rows": 164233, "Plan Width": 4, "Actual Startup Time": 0.016, "Actual Total Time": 13.326, "Actual Rows": 361570, "Actual Loops": 1, "Output": ["v.userid"], "Plans": [{"Node Type": "Index Only Scan", "Parent Relationship": "Outer", "Parallel Aware": false, "Scan Direction": "Forward", "Index Name": "idx_votes_userid", "Relation Name": "votes", "Schema": "public", "Alias": "v", "Startup Cost": 0.29, "Total Cost": 3047.79, "Plan Rows": 164233, "Plan Width": 4, "Actual Startup Time": 0.013, "Actual Total Time": 1.055, "Actual Rows": 15603, "Actual Loops": 1, "Output": ["v.userid"], "Heap Fetches": 0}]}]}, {"Node Type": "Index Only Scan", "Parent Relationship": "Inner", "Parallel Aware": false, "Scan Direction": "Forward", "Index Name": "users_pkey", "Relation Name": "users", "Schema": "public", "Alias": "u", "Startup Cost": 0.29, "Total Cost": 396.31, "Plan Rows": 14935, "Plan Width": 4, "Actual Startup Time": 0.015, "Actual Total Time": 1.231, "Actual Rows": 14933, "Actual Loops": 1, "Output": ["u.id"], "Heap Fetches": 0}]}]}]}]}, "Planning Time": 1.404, "Triggers": [], "Execution Time": 846.815}]#####[{"Plan": {"Node Type": "Aggregate", "Strategy": "Plain", "Partial Mode": "Simple", "Parallel Aware": false, "Startup Cost": 6058.08, "Total Cost": 6058.09, "Plan Rows": 1, "Plan Width": 8, "Actual Startup Time": 71267.445, "Actual Total Time": 71267.448, "Actual Rows": 1, "Actual Loops": 1, "Output": ["count(*)"], "Plans": [{"Node Type": "Nested Loop", "Parent Relationship": "Outer", "Parallel Aware": false, "Join Type": "Inner", "Startup Cost": 1.52, "Total Cost": 3702.04, "Plan Rows": 942417, "Plan Width": 0, "Actual Startup Time": 0.074, "Actual Total Time": 70966.445, "Actual Rows": 7649139, "Actual Loops": 1, "Inner Unique": false, "Join Filter": "(u.id = ph.userid)", "Rows Removed by Join Filter": 0, "Plans": [{"Node Type": "Merge Join", "Parent Relationship": "Outer", "Parallel Aware": false, "Join Type": "Inner", "Startup Cost": 1.23, "Total Cost": 1136.92, "Plan Rows": 3391, "Plan Width": 12, "Actual Startup Time": 0.051, "Actual Total Time": 120.595, "Actual Rows": 360495, "Actual Loops": 1, "Output": ["v.userid", "u.id", "b.userid"], "Inner Unique": true, "Merge Cond": "(v.userid = u.id)", "Plans": [{"Node Type": "Merge Join", "Parent Relationship": "Outer", "Parallel Aware": false, "Join Type": "Inner", "Startup Cost": 0.94, "Total Cost": 4207.11, "Plan Rows": 257855, "Plan Width": 8, "Actual Startup Time": 0.036, "Actual Total Time": 76.636, "Actual Rows": 360495, "Actual Loops": 1, "Output": ["v.userid", "b.userid"], "Inner Unique": false, "Merge Cond": "(b.userid = v.userid)", "Plans": [{"Node Type": "Index Only Scan", "Parent Relationship": "Outer", "Parallel Aware": false, "Scan Direction": "Forward", "Index Name": "idx_badges_userid", "Relation Name": "badges", "Schema": "public", "Alias": "b", "Startup Cost": 0.29, "Total Cost": 713.65, "Plan Rows": 32624, "Plan Width": 4, "Actual Startup Time": 0.013, "Actual Total Time": 3.198, "Actual Rows": 32624, "Actual Loops": 1, "Output": ["b.userid"], "Heap Fetches": 0}, {"Node Type": "Materialize", "Parent Relationship": "Inner", "Parallel Aware": false, "Startup Cost": 0.29, "Total Cost": 3458.37, "Plan Rows": 164233, "Plan Width": 4, "Actual Startup Time": 0.017, "Actual Total Time": 25.938, "Actual Rows": 361570, "Actual Loops": 1, "Output": ["v.userid"], "Plans": [{"Node Type": "Index Only Scan", "Parent Relationship": "Outer", "Parallel Aware": false, "Scan Direction": "Forward", "Index Name": "idx_votes_userid", "Relation Name": "votes", "Schema": "public", "Alias": "v", "Startup Cost": 0.29, "Total Cost": 3047.79, "Plan Rows": 164233, "Plan Width": 4, "Actual Startup Time": 0.014, "Actual Total Time": 1.462, "Actual Rows": 15603, "Actual Loops": 1, "Output": ["v.userid"], "Heap Fetches": 0}]}]}, {"Node Type": "Index Only Scan", "Parent Relationship": "Inner", "Parallel Aware": false, "Scan Direction": "Forward", "Index Name": "users_pkey", "Relation Name": "users", "Schema": "public", "Alias": "u", "Startup Cost": 0.29, "Total Cost": 396.31, "Plan Rows": 14935, "Plan Width": 4, "Actual Startup Time": 0.014, "Actual Total Time": 1.205, "Actual Rows": 14933, "Actual Loops": 1, "Output": ["u.id"], "Heap Fetches": 0}]}, {"Node Type": "Index Scan", "Parent Relationship": "Inner", "Parallel Aware": false, "Scan Direction": "Forward", "Index Name": "idx_posthistory_userid", "Relation Name": "posthistory", "Schema": "public", "Alias": "ph", "Startup Cost": 0.29, "Total Cost": 0.72, "Plan Rows": 3, "Plan Width": 4, "Actual Startup Time": 0.004, "Actual Total Time": 0.195, "Actual Rows": 21, "Actual Loops": 360495, "Output": ["ph.id", "ph.posthistorytypeid", "ph.postid", "ph.creationdate", "ph.userid"], "Index Cond": "(ph.userid = v.userid)", "Rows Removed by Index Recheck": 0, "Filter": "(ph.posthistorytypeid = 3)", "Rows Removed by Filter": 1584}]}]}, "Planning Time": 2.363, "Triggers": [], "Execution Time": 71267.548}]#####[{"Plan": {"Node Type": "Aggregate", "Strategy": "Plain", "Partial Mode": "Simple", "Parallel Aware": false, "Startup Cost": 7308.81, "Total Cost": 7308.82, "Plan Rows": 1, "Plan Width": 8, "Actual Startup Time": 1169.061, "Actual Total Time": 1169.067, "Actual Rows": 1, "Actual Loops": 1, "Output": ["count(*)"], "Plans": [{"Node Type": "Merge Join", "Parent Relationship": "Outer", "Parallel Aware": false, "Join Type": "Inner", "Startup Cost": 4121.42, "Total Cost": 4952.77, "Plan Rows": 942417, "Plan Width": 0, "Actual Startup Time": 19.393, "Actual Total Time": 910.105, "Actual Rows": 7649139, "Actual Loops": 1, "Inner Unique": false, "Merge Cond": "(v.userid = u.id)", "Plans": [{"Node Type": "Merge Join", "Parent Relationship": "Outer", "Parallel Aware": false, "Join Type": "Inner", "Startup Cost": 0.94, "Total Cost": 4207.11, "Plan Rows": 257855, "Plan Width": 8, "Actual Startup Time": 0.033, "Actual Total Time": 50.72, "Actual Rows": 360495, "Actual Loops": 1, "Output": ["v.userid", "b.userid"], "Inner Unique": false, "Merge Cond": "(b.userid = v.userid)", "Plans": [{"Node Type": "Index Only Scan", "Parent Relationship": "Outer", "Parallel Aware": false, "Scan Direction": "Forward", "Index Name": "idx_badges_userid", "Relation Name": "badges", "Schema": "public", "Alias": "b", "Startup Cost": 0.29, "Total Cost": 713.65, "Plan Rows": 32624, "Plan Width": 4, "Actual Startup Time": 0.012, "Actual Total Time": 2.294, "Actual Rows": 32624, "Actual Loops": 1, "Output": ["b.userid"], "Heap Fetches": 0}, {"Node Type": "Materialize", "Parent Relationship": "Inner", "Parallel Aware": false, "Startup Cost": 0.29, "Total Cost": 3458.37, "Plan Rows": 164233, "Plan Width": 4, "Actual Startup Time": 0.016, "Actual Total Time": 16.478, "Actual Rows": 361570, "Actual Loops": 1, "Output": ["v.userid"], "Plans": [{"Node Type": "Index Only Scan", "Parent Relationship": "Outer", "Parallel Aware": false, "Scan Direction": "Forward", "Index Name": "idx_votes_userid", "Relation Name": "votes", "Schema": "public", "Alias": "v", "Startup Cost": 0.29, "Total Cost": 3047.79, "Plan Rows": 164233, "Plan Width": 4, "Actual Startup Time": 0.013, "Actual Total Time": 1.02, "Actual Rows": 15603, "Actual Loops": 1, "Output": ["v.userid"], "Heap Fetches": 0}]}]}, {"Node Type": "Sort", "Parent Relationship": "Inner", "Parallel Aware": false, "Startup Cost": 4120.48, "Total Cost": 4158.54, "Plan Rows": 15227, "Plan Width": 8, "Actual Startup Time": 19.359, "Actual Total Time": 263.255, "Actual Rows": 7658481, "Actual Loops": 1, "Output": ["ph.userid", "u.id"], "Sort Key": ["ph.userid"], "Sort Method": "quicksort", "Sort Space Used": 1131, "Sort Space Type": "Memory", "Plans": [{"Node Type": "Hash Join", "Parent Relationship": "Outer", "Parallel Aware": false, "Join Type": "Inner", "Startup Cost": 446.04, "Total Cost": 3062.63, "Plan Rows": 15227, "Plan Width": 8, "Actual Startup Time": 3.123, "Actual Total Time": 16.462, "Actual Rows": 15927, "Actual Loops": 1, "Output": ["ph.userid", "u.id"], "Inner Unique": true, "Hash Cond": "(ph.userid = u.id)", "Plans": [{"Node Type": "Seq Scan", "Parent Relationship": "Outer", "Parallel Aware": false, "Relation Name": "posthistory", "Schema": "public", "Alias": "ph", "Startup Cost": 0.0, "Total Cost": 2572.93, "Plan Rows": 16631, "Plan Width": 4, "Actual Startup Time": 0.011, "Actual Total Time": 10.711, "Actual Rows": 16474, "Actual Loops": 1, "Output": ["ph.id", "ph.posthistorytypeid", "ph.postid", "ph.creationdate", "ph.userid"], "Filter": "(ph.posthistorytypeid = 3)", "Rows Removed by Filter": 113520}, {"Node Type": "Hash", "Parent Relationship": "Inner", "Parallel Aware": false, "Startup Cost": 259.35, "Total Cost": 259.35, "Plan Rows": 14935, "Plan Width": 4, "Actual Startup Time": 3.047, "Actual Total Time": 3.048, "Actual Rows": 14935, "Actual Loops": 1, "Output": ["u.id"], "Hash Buckets": 16384, "Original Hash Buckets": 16384, "Hash Batches": 1, "Original Hash Batches": 1, "Peak Memory Usage": 654, "Plans": [{"Node Type": "Seq Scan", "Parent Relationship": "Outer", "Parallel Aware": false, "Relation Name": "users", "Schema": "public", "Alias": "u", "Startup Cost": 0.0, "Total Cost": 259.35, "Plan Rows": 14935, "Plan Width": 4, "Actual Startup Time": 0.009, "Actual Total Time": 1.679, "Actual Rows": 14935, "Actual Loops": 1, "Output": ["u.id"]}]}]}]}]}]}, "Planning Time": 1.48, "Triggers": [], "Execution Time": 1169.273}]
[{"Plan": {"Node Type": "Aggregate", "Strategy": "Plain", "Partial Mode": "Simple", "Parallel Aware": false, "Startup Cost": 2935.1, "Total Cost": 2935.11, "Plan Rows": 1, "Plan Width": 8, "Actual Startup Time": 57.009, "Actual Total Time": 57.014, "Actual Rows": 1, "Actual Loops": 1, "Output": ["count(*)"], "Plans": [{"Node Type": "Nested Loop", "Parent Relationship": "Outer", "Parallel Aware": false, "Join Type": "Inner", "Startup Cost": 1372.57, "Total Cost": 2933.7, "Plan Rows": 562, "Plan Width": 0, "Actual Startup Time": 6.411, "Actual Total Time": 52.798, "Actual Rows": 113701, "Actual Loops": 1, "Inner Unique": false, "Join Filter": "(p.id = ph.postid)", "Rows Removed by Join Filter": 0, "Plans": [{"Node Type": "Nested Loop", "Parent Relationship": "Outer", "Parallel Aware": false, "Join Type": "Inner", "Startup Cost": 1372.28, "Total Cost": 2186.93, "Plan Rows": 1782, "Plan Width": 16, "Actual Startup Time": 6.399, "Actual Total Time": 26.56, "Actual Rows": 16237, "Actual Loops": 1, "Output": ["c.postid", "p.id", "pl.postid", "v.postid"], "Inner Unique": false, "Join Filter": "(p.id = v.postid)", "Rows Removed by Join Filter": 0, "Plans": [{"Node Type": "Nested Loop", "Parent Relationship": "Outer", "Parallel Aware": false, "Join Type": "Inner", "Startup Cost": 1371.98, "Total Cost": 1891.3, "Plan Rows": 544, "Plan Width": 12, "Actual Startup Time": 6.383, "Actual Total Time": 13.267, "Actual Rows": 3586, "Actual Loops": 1, "Output": ["c.postid", "p.id", "pl.postid"], "Inner Unique": false, "Plans": [{"Node Type": "Nested Loop", "Parent Relationship": "Outer", "Parallel Aware": false, "Join Type": "Inner", "Startup Cost": 1371.69, "Total Cost": 1655.24, "Plan Rows": 282, "Plan Width": 8, "Actual Startup Time": 6.361, "Actual Total Time": 8.971, "Actual Rows": 1254, "Actual Loops": 1, "Output": ["p.id", "pl.postid"], "Inner Unique": true, "Plans": [{"Node Type": "Hash Join", "Parent Relationship": "Outer", "Parallel Aware": false, "Join Type": "Inner", "Startup Cost": 1371.4, "Total Cost": 1467.05, "Plan Rows": 574, "Plan Width": 12, "Actual Startup Time": 6.349, "Actual Total Time": 7.437, "Actual Rows": 1624, "Actual Loops": 1, "Output": ["p.id", "p.lasteditoruserid", "pl.postid"], "Inner Unique": true, "Hash Cond": "(pl.postid = p.id)", "Plans": [{"Node Type": "Seq Scan", "Parent Relationship": "Outer", "Parallel Aware": false, "Relation Name": "postlinks", "Schema": "public", "Alias": "pl", "Startup Cost": 0.0, "Total Cost": 86.5, "Plan Rows": 3487, "Plan Width": 4, "Actual Startup Time": 0.045, "Actual Total Time": 0.574, "Actual Rows": 3486, "Actual Loops": 1, "Output": ["pl.id", "pl.creationdate", "pl.postid", "pl.relatedpostid", "pl.linktypeid"], "Filter": "((pl.creationdate >= '2011-02-22 15:52:50'::timestamp without time zone) AND (pl.creationdate <= '2014-05-07 14:40:51'::timestamp without time zone))", "Rows Removed by Filter": 347}, {"Node Type": "Hash", "Parent Relationship": "Inner", "Parallel Aware": false, "Startup Cost": 1286.62, "Total Cost": 1286.62, "Plan Rows": 6783, "Plan Width": 8, "Actual Startup Time": 6.25, "Actual Total Time": 6.251, "Actual Rows": 6866, "Actual Loops": 1, "Output": ["p.id", "p.lasteditoruserid"], "Hash Buckets": 8192, "Original Hash Buckets": 8192, "Hash Batches": 1, "Original Hash Batches": 1, "Peak Memory Usage": 326, "Plans": [{"Node Type": "Seq Scan", "Parent Relationship": "Outer", "Parallel Aware": false, "Relation Name": "posts", "Schema": "public", "Alias": "p", "Startup Cost": 0.0, "Total Cost": 1286.62, "Plan Rows": 6783, "Plan Width": 8, "Actual Startup Time": 0.033, "Actual Total Time": 5.531, "Actual Rows": 6866, "Actual Loops": 1, "Output": ["p.id", "p.lasteditoruserid"], "Filter": "((p.commentcount >= 0) AND (p.commentcount <= 10) AND (p.favoritecount <= 9) AND (p.creationdate >= '2010-07-19 23:45:44'::timestamp without time zone) AND (p.creationdate <= '2014-08-27 18:17:17'::timestamp without time zone))", "Rows Removed by Filter": 34317}]}]}, {"Node Type": "Index Only Scan", "Parent Relationship": "Inner", "Parallel Aware": false, "Scan Direction": "Forward", "Index Name": "users_pkey", "Relation Name": "users", "Schema": "public", "Alias": "u", "Startup Cost": 0.29, "Total Cost": 0.33, "Plan Rows": 1, "Plan Width": 4, "Actual Startup Time": 0.001, "Actual Total Time": 0.001, "Actual Rows": 1, "Actual Loops": 1624, "Output": ["u.id"], "Index Cond": "(u.id = p.lasteditoruserid)", "Rows Removed by Index Recheck": 0, "Heap Fetches": 0}]}, {"Node Type": "Index Scan", "Parent Relationship": "Inner", "Parallel Aware": false, "Scan Direction": "Forward", "Index Name": "idx_comments_postid", "Relation Name": "comments", "Schema": "public", "Alias": "c", "Startup Cost": 0.29, "Total Cost": 0.8, "Plan Rows": 4, "Plan Width": 4, "Actual Startup Time": 0.002, "Actual Total Time": 0.003, "Actual Rows": 3, "Actual Loops": 1254, "Output": ["c.id", "c.postid", "c.score", "c.creationdate", "c.userid"], "Index Cond": "(c.postid = p.id)", "Rows Removed by Index Recheck": 0, "Filter": "(c.creationdate <= '2014-09-12 19:10:05'::timestamp without time zone)", "Rows Removed by Filter": 0}]}, {"Node Type": "Index Scan", "Parent Relationship": "Inner", "Parallel Aware": false, "Scan Direction": "Forward", "Index Name": "idx_votes_postid", "Relation Name": "votes", "Schema": "public", "Alias": "v", "Startup Cost": 0.29, "Total Cost": 0.48, "Plan Rows": 5, "Plan Width": 4, "Actual Startup Time": 0.001, "Actual Total Time": 0.003, "Actual Rows": 5, "Actual Loops": 3586, "Output": ["v.id", "v.postid", "v.votetypeid", "v.creationdate", "v.userid", "v.bountyamount"], "Index Cond": "(v.postid = c.postid)", "Rows Removed by Index Recheck": 0, "Filter": "(v.votetypeid = 2)", "Rows Removed by Filter": 2}]}, {"Node Type": "Index Only Scan", "Parent Relationship": "Inner", "Parallel Aware": false, "Scan Direction": "Forward", "Index Name": "idx_posthistory_postid", "Relation Name": "posthistory", "Schema": "public", "Alias": "ph", "Startup Cost": 0.29, "Total Cost": 0.37, "Plan Rows": 4, "Plan Width": 4, "Actual Startup Time": 0.001, "Actual Total Time": 0.001, "Actual Rows": 7, "Actual Loops": 16237, "Output": ["ph.postid"], "Index Cond": "(ph.postid = v.postid)", "Rows Removed by Index Recheck": 0, "Heap Fetches": 0}]}]}, "Planning Time": 3.233, "Triggers": [], "Execution Time": 57.105}]#####[{"Plan": {"Node Type": "Aggregate", "Strategy": "Plain", "Partial Mode": "Simple", "Parallel Aware": false, "Startup Cost": 2224.36, "Total Cost": 2224.37, "Plan Rows": 1, "Plan Width": 8, "Actual Startup Time": 86.792, "Actual Total Time": 86.797, "Actual Rows": 1, "Actual Loops": 1, "Output": ["count(*)"], "Plans": [{"Node Type": "Nested Loop", "Parent Relationship": "Outer", "Parallel Aware": false, "Join Type": "Inner", "Startup Cost": 1372.57, "Total Cost": 2210.3, "Plan Rows": 5623, "Plan Width": 0, "Actual Startup Time": 6.365, "Actual Total Time": 81.993, "Actual Rows": 113701, "Actual Loops": 1, "Inner Unique": false, "Join Filter": "(p.id = v.postid)", "Rows Removed by Join Filter": 0, "Plans": [{"Node Type": "Nested Loop", "Parent Relationship": "Outer", "Parallel Aware": false, "Join Type": "Inner", "Startup Cost": 1372.27, "Total Cost": 2121.76, "Plan Rows": 171, "Plan Width": 16, "Actual Startup Time": 6.35, "Actual Total Time": 21.023, "Actual Rows": 23961, "Actual Loops": 1, "Output": ["c.postid", "p.id", "pl.postid", "ph.postid"], "Inner Unique": false, "Join Filter": "(p.id = ph.postid)", "Rows Removed by Join Filter": 0, "Plans": [{"Node Type": "Nested Loop", "Parent Relationship": "Outer", "Parallel Aware": false, "Join Type": "Inner", "Startup Cost": 1371.98, "Total Cost": 1891.3, "Plan Rows": 544, "Plan Width": 12, "Actual Startup Time": 6.338, "Actual Total Time": 13.187, "Actual Rows": 3586, "Actual Loops": 1, "Output": ["c.postid", "p.id", "pl.postid"], "Inner Unique": false, "Plans": [{"Node Type": "Nested Loop", "Parent Relationship": "Outer", "Parallel Aware": false, "Join Type": "Inner", "Startup Cost": 1371.69, "Total Cost": 1655.24, "Plan Rows": 282, "Plan Width": 8, "Actual Startup Time": 6.317, "Actual Total Time": 8.963, "Actual Rows": 1254, "Actual Loops": 1, "Output": ["p.id", "pl.postid"], "Inner Unique": true, "Plans": [{"Node Type": "Hash Join", "Parent Relationship": "Outer", "Parallel Aware": false, "Join Type": "Inner", "Startup Cost": 1371.4, "Total Cost": 1467.05, "Plan Rows": 574, "Plan Width": 12, "Actual Startup Time": 6.305, "Actual Total Time": 7.419, "Actual Rows": 1624, "Actual Loops": 1, "Output": ["p.id", "p.lasteditoruserid", "pl.postid"], "Inner Unique": true, "Hash Cond": "(pl.postid = p.id)", "Plans": [{"Node Type": "Seq Scan", "Parent Relationship": "Outer", "Parallel Aware": false, "Relation Name": "postlinks", "Schema": "public", "Alias": "pl", "Startup Cost": 0.0, "Total Cost": 86.5, "Plan Rows": 3487, "Plan Width": 4, "Actual Startup Time": 0.041, "Actual Total Time": 0.548, "Actual Rows": 3486, "Actual Loops": 1, "Output": ["pl.id", "pl.creationdate", "pl.postid", "pl.relatedpostid", "pl.linktypeid"], "Filter": "((pl.creationdate >= '2011-02-22 15:52:50'::timestamp without time zone) AND (pl.creationdate <= '2014-05-07 14:40:51'::timestamp without time zone))", "Rows Removed by Filter": 347}, {"Node Type": "Hash", "Parent Relationship": "Inner", "Parallel Aware": false, "Startup Cost": 1286.62, "Total Cost": 1286.62, "Plan Rows": 6783, "Plan Width": 8, "Actual Startup Time": 6.21, "Actual Total Time": 6.211, "Actual Rows": 6866, "Actual Loops": 1, "Output": ["p.id", "p.lasteditoruserid"], "Hash Buckets": 8192, "Original Hash Buckets": 8192, "Hash Batches": 1, "Original Hash Batches": 1, "Peak Memory Usage": 326, "Plans": [{"Node Type": "Seq Scan", "Parent Relationship": "Outer", "Parallel Aware": false, "Relation Name": "posts", "Schema": "public", "Alias": "p", "Startup Cost": 0.0, "Total Cost": 1286.62, "Plan Rows": 6783, "Plan Width": 8, "Actual Startup Time": 0.032, "Actual Total Time": 5.492, "Actual Rows": 6866, "Actual Loops": 1, "Output": ["p.id", "p.lasteditoruserid"], "Filter": "((p.commentcount >= 0) AND (p.commentcount <= 10) AND (p.favoritecount <= 9) AND (p.creationdate >= '2010-07-19 23:45:44'::timestamp without time zone) AND (p.creationdate <= '2014-08-27 18:17:17'::timestamp without time zone))", "Rows Removed by Filter": 34317}]}]}, {"Node Type": "Index Only Scan", "Parent Relationship": "Inner", "Parallel Aware": false, "Scan Direction": "Forward", "Index Name": "users_pkey", "Relation Name": "users", "Schema": "public", "Alias": "u", "Startup Cost": 0.29, "Total Cost": 0.33, "Plan Rows": 1, "Plan Width": 4, "Actual Startup Time": 0.001, "Actual Total Time": 0.001, "Actual Rows": 1, "Actual Loops": 1624, "Output": ["u.id"], "Index Cond": "(u.id = p.lasteditoruserid)", "Rows Removed by Index Recheck": 0, "Heap Fetches": 0}]}, {"Node Type": "Index Scan", "Parent Relationship": "Inner", "Parallel Aware": false, "Scan Direction": "Forward", "Index Name": "idx_comments_postid", "Relation Name": "comments", "Schema": "public", "Alias": "c", "Startup Cost": 0.29, "Total Cost": 0.8, "Plan Rows": 4, "Plan Width": 4, "Actual Startup Time": 0.002, "Actual Total Time": 0.003, "Actual Rows": 3, "Actual Loops": 1254, "Output": ["c.id", "c.postid", "c.score", "c.creationdate", "c.userid"], "Index Cond": "(c.postid = p.id)", "Rows Removed by Index Recheck": 0, "Filter": "(c.creationdate <= '2014-09-12 19:10:05'::timestamp without time zone)", "Rows Removed by Filter": 0}]}, {"Node Type": "Index Only Scan", "Parent Relationship": "Inner", "Parallel Aware": false, "Scan Direction": "Forward", "Index Name": "idx_posthistory_postid", "Relation Name": "posthistory", "Schema": "public", "Alias": "ph", "Startup Cost": 0.29, "Total Cost": 0.37, "Plan Rows": 4, "Plan Width": 4, "Actual Startup Time": 0.001, "Actual Total Time": 0.001, "Actual Rows": 7, "Actual Loops": 3586, "Output": ["ph.postid"], "Index Cond": "(ph.postid = c.postid)", "Rows Removed by Index Recheck": 0, "Heap Fetches": 0}]}, {"Node Type": "Index Scan", "Parent Relationship": "Inner", "Parallel Aware": false, "Scan Direction": "Forward", "Index Name": "idx_votes_postid", "Relation Name": "votes", "Schema": "public", "Alias": "v", "Startup Cost": 0.29, "Total Cost": 0.46, "Plan Rows": 5, "Plan Width": 4, "Actual Startup Time": 0.001, "Actual Total Time": 0.002, "Actual Rows": 5, "Actual Loops": 23961, "Output": ["v.id", "v.postid", "v.votetypeid", "v.creationdate", "v.userid", "v.bountyamount"], "Index Cond": "(v.postid = ph.postid)", "Rows Removed by Index Recheck": 0, "Filter": "(v.votetypeid = 2)", "Rows Removed by Filter": 2}]}]}, "Planning Time": 3.246, "Triggers": [], "Execution Time": 86.888}]#####[{"Plan": {"Node Type": "Aggregate", "Strategy": "Plain", "Partial Mode": "Simple", "Parallel Aware": false, "Startup Cost": 7528.12, "Total Cost": 7528.13, "Plan Rows": 1, "Plan Width": 8, "Actual Startup Time": 81.393, "Actual Total Time": 81.399, "Actual Rows": 1, "Actual Loops": 1, "Output": ["count(*)"], "Plans": [{"Node Type": "Hash Join", "Parent Relationship": "Outer", "Parallel Aware": false, "Join Type": "Inner", "Startup Cost": 1818.32, "Total Cost": 7514.06, "Plan Rows": 5623, "Plan Width": 0, "Actual Startup Time": 9.359, "Actual Total Time": 76.604, "Actual Rows": 113701, "Actual Loops": 1, "Inner Unique": true, "Hash Cond": "(p.lasteditoruserid = u.id)", "Plans": [{"Node Type": "Nested Loop", "Parent Relationship": "Outer", "Parallel Aware": false, "Join Type": "Inner", "Startup Cost": 1372.28, "Total Cost": 4066.97, "Plan Rows": 1143100, "Plan Width": 4, "Actual Startup Time": 6.247, "Actual Total Time": 60.69, "Actual Rows": 133540, "Actual Loops": 1, "Output": ["p.lasteditoruserid"], "Inner Unique": false, "Join Filter": "(p.id = ph.postid)", "Rows Removed by Join Filter": 0, "Plans": [{"Node Type": "Nested Loop", "Parent Relationship": "Outer", "Parallel Aware": false, "Join Type": "Inner", "Startup Cost": 1371.99, "Total Cost": 2549.13, "Plan Rows": 3622, "Plan Width": 20, "Actual Startup Time": 6.234, "Actual Total Time": 28.397, "Actual Rows": 20356, "Actual Loops": 1, "Output": ["c.postid", "p.id", "p.lasteditoruserid", "pl.postid", "v.postid"], "Inner Unique": false, "Join Filter": "(p.id = v.postid)", "Rows Removed by Join Filter": 0, "Plans": [{"Node Type": "Nested Loop", "Parent Relationship": "Outer", "Parallel Aware": false, "Join Type": "Inner", "Startup Cost": 1371.7, "Total Cost": 1947.54, "Plan Rows": 1107, "Plan Width": 16, "Actual Startup Time": 6.218, "Actual Total Time": 12.463, "Actual Rows": 4384, "Actual Loops": 1, "Output": ["c.postid", "p.id", "p.lasteditoruserid", "pl.postid"], "Inner Unique": false, "Plans": [{"Node Type": "Hash Join", "Parent Relationship": "Outer", "Parallel Aware": false, "Join Type": "Inner", "Startup Cost": 1371.4, "Total Cost": 1467.05, "Plan Rows": 574, "Plan Width": 12, "Actual Startup Time": 6.195, "Actual Total Time": 7.341, "Actual Rows": 1624, "Actual Loops": 1, "Output": ["p.id", "p.lasteditoruserid", "pl.postid"], "Inner Unique": true, "Hash Cond": "(pl.postid = p.id)", "Plans": [{"Node Type": "Seq Scan", "Parent Relationship": "Outer", "Parallel Aware": false, "Relation Name": "postlinks", "Schema": "public", "Alias": "pl", "Startup Cost": 0.0, "Total Cost": 86.5, "Plan Rows": 3487, "Plan Width": 4, "Actual Startup Time": 0.032, "Actual Total Time": 0.577, "Actual Rows": 3486, "Actual Loops": 1, "Output": ["pl.id", "pl.creationdate", "pl.postid", "pl.relatedpostid", "pl.linktypeid"], "Filter": "((pl.creationdate >= '2011-02-22 15:52:50'::timestamp without time zone) AND (pl.creationdate <= '2014-05-07 14:40:51'::timestamp without time zone))", "Rows Removed by Filter": 347}, {"Node Type": "Hash", "Parent Relationship": "Inner", "Parallel Aware": false, "Startup Cost": 1286.62, "Total Cost": 1286.62, "Plan Rows": 6783, "Plan Width": 8, "Actual Startup Time": 6.131, "Actual Total Time": 6.131, "Actual Rows": 6866, "Actual Loops": 1, "Output": ["p.id", "p.lasteditoruserid"], "Hash Buckets": 8192, "Original Hash Buckets": 8192, "Hash Batches": 1, "Original Hash Batches": 1, "Peak Memory Usage": 326, "Plans": [{"Node Type": "Seq Scan", "Parent Relationship": "Outer", "Parallel Aware": false, "Relation Name": "posts", "Schema": "public", "Alias": "p", "Startup Cost": 0.0, "Total Cost": 1286.62, "Plan Rows": 6783, "Plan Width": 8, "Actual Startup Time": 0.029, "Actual Total Time": 5.396, "Actual Rows": 6866, "Actual Loops": 1, "Output": ["p.id", "p.lasteditoruserid"], "Filter": "((p.commentcount >= 0) AND (p.commentcount <= 10) AND (p.favoritecount <= 9) AND (p.creationdate >= '2010-07-19 23:45:44'::timestamp without time zone) AND (p.creationdate <= '2014-08-27 18:17:17'::timestamp without time zone))", "Rows Removed by Filter": 34317}]}]}, {"Node Type": "Index Scan", "Parent Relationship": "Inner", "Parallel Aware": false, "Scan Direction": "Forward", "Index Name": "idx_comments_postid", "Relation Name": "comments", "Schema": "public", "Alias": "c", "Startup Cost": 0.29, "Total Cost": 0.8, "Plan Rows": 4, "Plan Width": 4, "Actual Startup Time": 0.002, "Actual Total Time": 0.003, "Actual Rows": 3, "Actual Loops": 1624, "Output": ["c.id", "c.postid", "c.score", "c.creationdate", "c.userid"], "Index Cond": "(c.postid = p.id)", "Rows Removed by Index Recheck": 0, "Filter": "(c.creationdate <= '2014-09-12 19:10:05'::timestamp without time zone)", "Rows Removed by Filter": 0}]}, {"Node Type": "Index Scan", "Parent Relationship": "Inner", "Parallel Aware": false, "Scan Direction": "Forward", "Index Name": "idx_votes_postid", "Relation Name": "votes", "Schema": "public", "Alias": "v", "Startup Cost": 0.29, "Total Cost": 0.48, "Plan Rows": 5, "Plan Width": 4, "Actual Startup Time": 0.001, "Actual Total Time": 0.003, "Actual Rows": 5, "Actual Loops": 4384, "Output": ["v.id", "v.postid", "v.votetypeid", "v.creationdate", "v.userid", "v.bountyamount"], "Index Cond": "(v.postid = c.postid)", "Rows Removed by Index Recheck": 0, "Filter": "(v.votetypeid = 2)", "Rows Removed by Filter": 2}]}, {"Node Type": "Index Only Scan", "Parent Relationship": "Inner", "Parallel Aware": false, "Scan Direction": "Forward", "Index Name": "idx_posthistory_postid", "Relation Name": "posthistory", "Schema": "public", "Alias": "ph", "Startup Cost": 0.29, "Total Cost": 0.37, "Plan Rows": 4, "Plan Width": 4, "Actual Startup Time": 0.001, "Actual Total Time": 0.001, "Actual Rows": 7, "Actual Loops": 20356, "Output": ["ph.postid"], "Index Cond": "(ph.postid = v.postid)", "Rows Removed by Index Recheck": 0, "Heap Fetches": 0}]}, {"Node Type": "Hash", "Parent Relationship": "Inner", "Parallel Aware": false, "Startup Cost": 259.35, "Total Cost": 259.35, "Plan Rows": 14935, "Plan Width": 4, "Actual Startup Time": 3.034, "Actual Total Time": 3.034, "Actual Rows": 14935, "Actual Loops": 1, "Output": ["u.id"], "Hash Buckets": 16384, "Original Hash Buckets": 16384, "Hash Batches": 1, "Original Hash Batches": 1, "Peak Memory Usage": 654, "Plans": [{"Node Type": "Seq Scan", "Parent Relationship": "Outer", "Parallel Aware": false, "Relation Name": "users", "Schema": "public", "Alias": "u", "Startup Cost": 0.0, "Total Cost": 259.35, "Plan Rows": 14935, "Plan Width": 4, "Actual Startup Time": 0.01, "Actual Total Time": 1.679, "Actual Rows": 14935, "Actual Loops": 1, "Output": ["u.id"]}]}]}]}, "Planning Time": 3.254, "Triggers": [], "Execution Time": 81.493}]
[{"Plan": {"Node Type": "Aggregate", "Strategy": "Plain", "Partial Mode": "Simple", "Parallel Aware": false, "Startup Cost": 5952.72, "Total Cost": 5952.73, "Plan Rows": 1, "Plan Width": 8, "Actual Startup Time": 39.868, "Actual Total Time": 39.872, "Actual Rows": 1, "Actual Loops": 1, "Output": ["count(*)"], "Plans": [{"Node Type": "Hash Join", "Parent Relationship": "Outer", "Parallel Aware": false, "Join Type": "Inner", "Startup Cost": 3815.47, "Total Cost": 5948.15, "Plan Rows": 1827, "Plan Width": 0, "Actual Startup Time": 25.207, "Actual Total Time": 38.491, "Actual Rows": 38937, "Actual Loops": 1, "Inner Unique": false, "Hash Cond": "(c.postid = p.id)", "Plans": [{"Node Type": "Seq Scan", "Parent Relationship": "Outer", "Parallel Aware": false, "Relation Name": "comments", "Schema": "public", "Alias": "c", "Startup Cost": 0.0, "Total Cost": 1574.96, "Plan Rows": 60002, "Plan Width": 4, "Actual Startup Time": 0.009, "Actual Total Time": 7.544, "Actual Rows": 60206, "Actual Loops": 1, "Output": ["c.id", "c.postid", "c.score", "c.creationdate", "c.userid"], "Filter": "(c.score = 0)", "Rows Removed by Filter": 19151}, {"Node Type": "Hash", "Parent Relationship": "Inner", "Parallel Aware": false, "Startup Cost": 3658.72, "Total Cost": 3658.72, "Plan Rows": 12540, "Plan Width": 12, "Actual Startup Time": 25.136, "Actual Total Time": 25.138, "Actual Rows": 17775, "Actual Loops": 1, "Output": ["p.id", "pl.postid", "v.postid"], "Hash Buckets": 32768, "Original Hash Buckets": 16384, "Hash Batches": 1, "Original Hash Batches": 1, "Peak Memory Usage": 1020, "Plans": [{"Node Type": "Nested Loop", "Parent Relationship": "Outer", "Parallel Aware": false, "Join Type": "Inner", "Startup Cost": 0.95, "Total Cost": 3658.72, "Plan Rows": 12540, "Plan Width": 12, "Actual Startup Time": 0.047, "Actual Total Time": 22.748, "Actual Rows": 17775, "Actual Loops": 1, "Output": ["p.id", "pl.postid", "v.postid"], "Inner Unique": false, "Plans": [{"Node Type": "Merge Join", "Parent Relationship": "Outer", "Parallel Aware": false, "Join Type": "Inner", "Startup Cost": 0.66, "Total Cost": 1389.42, "Plan Rows": 3833, "Plan Width": 8, "Actual Startup Time": 0.033, "Actual Total Time": 6.026, "Actual Rows": 3833, "Actual Loops": 1, "Output": ["p.id", "pl.postid"], "Inner Unique": false, "Merge Cond": "(p.id = pl.postid)", "Plans": [{"Node Type": "Index Only Scan", "Parent Relationship": "Outer", "Parallel Aware": false, "Scan Direction": "Forward", "Index Name": "posts_pkey", "Relation Name": "posts", "Schema": "public", "Alias": "p", "Startup Cost": 0.29, "Total Cost": 1078.03, "Plan Rows": 41183, "Plan Width": 4, "Actual Startup Time": 0.012, "Actual Total Time": 3.097, "Actual Rows": 41151, "Actual Loops": 1, "Output": ["p.id"], "Heap Fetches": 0}, {"Node Type": "Index Scan", "Parent Relationship": "Inner", "Parallel Aware": false, "Scan Direction": "Forward", "Index Name": "idx_postlinks_postid", "Relation Name": "postlinks", "Schema": "public", "Alias": "pl", "Startup Cost": 0.28, "Total Cost": 161.29, "Plan Rows": 3833, "Plan Width": 4, "Actual Startup Time": 0.019, "Actual Total Time": 0.968, "Actual Rows": 3833, "Actual Loops": 1, "Output": ["pl.id", "pl.creationdate", "pl.postid", "pl.relatedpostid", "pl.linktypeid"], "Filter": "(pl.creationdate <= '2014-09-09 13:20:19'::timestamp without time zone)", "Rows Removed by Filter": 0}]}, {"Node Type": "Index Scan", "Parent Relationship": "Inner", "Parallel Aware": false, "Scan Direction": "Forward", "Index Name": "idx_votes_postid", "Relation Name": "votes", "Schema": "public", "Alias": "v", "Startup Cost": 0.29, "Total Cost": 0.54, "Plan Rows": 5, "Plan Width": 4, "Actual Startup Time": 0.001, "Actual Total Time": 0.004, "Actual Rows": 5, "Actual Loops": 3833, "Output": ["v.id", "v.postid", "v.votetypeid", "v.creationdate", "v.userid", "v.bountyamount"], "Index Cond": "(v.postid = p.id)", "Rows Removed by Index Recheck": 0, "Filter": "(v.votetypeid = 2)", "Rows Removed by Filter": 2}]}]}]}]}, "Planning Time": 1.604, "Triggers": [], "Execution Time": 39.985}]#####[{"Plan": {"Node Type": "Aggregate", "Strategy": "Plain", "Partial Mode": "Simple", "Parallel Aware": false, "Startup Cost": 3561.04, "Total Cost": 3561.05, "Plan Rows": 1, "Plan Width": 8, "Actual Startup Time": 43.631, "Actual Total Time": 43.634, "Actual Rows": 1, "Actual Loops": 1, "Output": ["count(*)"], "Plans": [{"Node Type": "Nested Loop", "Parent Relationship": "Outer", "Parallel Aware": false, "Join Type": "Inner", "Startup Cost": 1.24, "Total Cost": 3515.36, "Plan Rows": 18272, "Plan Width": 0, "Actual Startup Time": 0.062, "Actual Total Time": 41.88, "Actual Rows": 38937, "Actual Loops": 1, "Inner Unique": false, "Join Filter": "(p.id = v.postid)", "Rows Removed by Join Filter": 0, "Plans": [{"Node Type": "Nested Loop", "Parent Relationship": "Outer", "Parallel Aware": false, "Join Type": "Inner", "Startup Cost": 0.95, "Total Cost": 3200.26, "Plan Rows": 558, "Plan Width": 12, "Actual Startup Time": 0.051, "Actual Total Time": 15.507, "Actual Rows": 8278, "Actual Loops": 1, "Output": ["c.postid", "p.id", "pl.postid"], "Inner Unique": false, "Plans": [{"Node Type": "Merge Join", "Parent Relationship": "Outer", "Parallel Aware": false, "Join Type": "Inner", "Startup Cost": 0.66, "Total Cost": 1389.42, "Plan Rows": 3833, "Plan Width": 8, "Actual Startup Time": 0.031, "Actual Total Time": 6.087, "Actual Rows": 3833, "Actual Loops": 1, "Output": ["p.id", "pl.postid"], "Inner Unique": false, "Merge Cond": "(p.id = pl.postid)", "Plans": [{"Node Type": "Index Only Scan", "Parent Relationship": "Outer", "Parallel Aware": false, "Scan Direction": "Forward", "Index Name": "posts_pkey", "Relation Name": "posts", "Schema": "public", "Alias": "p", "Startup Cost": 0.29, "Total Cost": 1078.03, "Plan Rows": 41183, "Plan Width": 4, "Actual Startup Time": 0.016, "Actual Total Time": 3.074, "Actual Rows": 41151, "Actual Loops": 1, "Output": ["p.id"], "Heap Fetches": 0}, {"Node Type": "Index Scan", "Parent Relationship": "Inner", "Parallel Aware": false, "Scan Direction": "Forward", "Index Name": "idx_postlinks_postid", "Relation Name": "postlinks", "Schema": "public", "Alias": "pl", "Startup Cost": 0.28, "Total Cost": 161.29, "Plan Rows": 3833, "Plan Width": 4, "Actual Startup Time": 0.013, "Actual Total Time": 0.99, "Actual Rows": 3833, "Actual Loops": 1, "Output": ["pl.id", "pl.creationdate", "pl.postid", "pl.relatedpostid", "pl.linktypeid"], "Filter": "(pl.creationdate <= '2014-09-09 13:20:19'::timestamp without time zone)", "Rows Removed by Filter": 0}]}, {"Node Type": "Index Scan", "Parent Relationship": "Inner", "Parallel Aware": false, "Scan Direction": "Forward", "Index Name": "idx_comments_postid", "Relation Name": "comments", "Schema": "public", "Alias": "c", "Startup Cost": 0.29, "Total Cost": 0.44, "Plan Rows": 3, "Plan Width": 4, "Actual Startup Time": 0.001, "Actual Total Time": 0.002, "Actual Rows": 2, "Actual Loops": 3833, "Output": ["c.id", "c.postid", "c.score", "c.creationdate", "c.userid"], "Index Cond": "(c.postid = p.id)", "Rows Removed by Index Recheck": 0, "Filter": "(c.score = 0)", "Rows Removed by Filter": 1}]}, {"Node Type": "Index Scan", "Parent Relationship": "Inner", "Parallel Aware": false, "Scan Direction": "Forward", "Index Name": "idx_votes_postid", "Relation Name": "votes", "Schema": "public", "Alias": "v", "Startup Cost": 0.29, "Total Cost": 0.5, "Plan Rows": 5, "Plan Width": 4, "Actual Startup Time": 0.001, "Actual Total Time": 0.003, "Actual Rows": 5, "Actual Loops": 8278, "Output": ["v.id", "v.postid", "v.votetypeid", "v.creationdate", "v.userid", "v.bountyamount"], "Index Cond": "(v.postid = c.postid)", "Rows Removed by Index Recheck": 0, "Filter": "(v.votetypeid = 2)", "Rows Removed by Filter": 2}]}]}, "Planning Time": 1.652, "Triggers": [], "Execution Time": 43.731}]#####[{"Plan": {"Node Type": "Aggregate", "Strategy": "Plain", "Partial Mode": "Simple", "Parallel Aware": false, "Startup Cost": 9328.08, "Total Cost": 9328.09, "Plan Rows": 1, "Plan Width": 8, "Actual Startup Time": 65.438, "Actual Total Time": 65.445, "Actual Rows": 1, "Actual Loops": 1, "Output": ["count(*)"], "Plans": [{"Node Type": "Hash Join", "Parent Relationship": "Outer", "Parallel Aware": false, "Join Type": "Inner", "Startup Cost": 3893.95, "Total Cost": 9282.4, "Plan Rows": 18272, "Plan Width": 0, "Actual Startup Time": 34.494, "Actual Total Time": 64.071, "Actual Rows": 38937, "Actual Loops": 1, "Inner Unique": false, "Hash Cond": "(pl.postid = p.id)", "Plans": [{"Node Type": "Hash Join", "Parent Relationship": "Outer", "Parallel Aware": false, "Join Type": "Inner", "Startup Cost": 124.82, "Total Cost": 5133.99, "Plan Rows": 20704, "Plan Width": 8, "Actual Startup Time": 0.9, "Actual Total Time": 26.204, "Actual Rows": 17775, "Actual Loops": 1, "Output": ["pl.postid", "v.postid"], "Inner Unique": false, "Hash Cond": "(v.postid = pl.postid)", "Plans": [{"Node Type": "Seq Scan", "Parent Relationship": "Outer", "Parallel Aware": false, "Relation Name": "votes", "Schema": "public", "Alias": "v", "Startup Cost": 0.0, "Total Cost": 3117.91, "Plan Rows": 134737, "Plan Width": 4, "Actual Startup Time": 0.011, "Actual Total Time": 15.389, "Actual Rows": 134683, "Actual Loops": 1, "Output": ["v.id", "v.postid", "v.votetypeid", "v.creationdate", "v.userid", "v.bountyamount"], "Filter": "(v.votetypeid = 2)", "Rows Removed by Filter": 29550}, {"Node Type": "Hash", "Parent Relationship": "Inner", "Parallel Aware": false, "Startup Cost": 76.91, "Total Cost": 76.91, "Plan Rows": 3833, "Plan Width": 4, "Actual Startup Time": 0.846, "Actual Total Time": 0.847, "Actual Rows": 3833, "Actual Loops": 1, "Output": ["pl.postid"], "Hash Buckets": 4096, "Original Hash Buckets": 4096, "Hash Batches": 1, "Original Hash Batches": 1, "Peak Memory Usage": 167, "Plans": [{"Node Type": "Seq Scan", "Parent Relationship": "Outer", "Parallel Aware": false, "Relation Name": "postlinks", "Schema": "public", "Alias": "pl", "Startup Cost": 0.0, "Total Cost": 76.91, "Plan Rows": 3833, "Plan Width": 4, "Actual Startup Time": 0.008, "Actual Total Time": 0.509, "Actual Rows": 3833, "Actual Loops": 1, "Output": ["pl.postid"], "Filter": "(pl.creationdate <= '2014-09-09 13:20:19'::timestamp without time zone)", "Rows Removed by Filter": 0}]}]}, {"Node Type": "Hash", "Parent Relationship": "Inner", "Parallel Aware": false, "Startup Cost": 3019.1, "Total Cost": 3019.1, "Plan Rows": 60002, "Plan Width": 8, "Actual Startup Time": 33.41, "Actual Total Time": 33.412, "Actual Rows": 60206, "Actual Loops": 1, "Output": ["c.postid", "p.id"], "Hash Buckets": 65536, "Original Hash Buckets": 65536, "Hash Batches": 1, "Original Hash Batches": 1, "Peak Memory Usage": 2864, "Plans": [{"Node Type": "Hash Join", "Parent Relationship": "Outer", "Parallel Aware": false, "Join Type": "Inner", "Startup Cost": 1286.62, "Total Cost": 3019.1, "Plan Rows": 60002, "Plan Width": 8, "Actual Startup Time": 9.317, "Actual Total Time": 26.765, "Actual Rows": 60206, "Actual Loops": 1, "Output": ["c.postid", "p.id"], "Inner Unique": true, "Hash Cond": "(c.postid = p.id)", "Plans": [{"Node Type": "Seq Scan", "Parent Relationship": "Outer", "Parallel Aware": false, "Relation Name": "comments", "Schema": "public", "Alias": "c", "Startup Cost": 0.0, "Total Cost": 1574.96, "Plan Rows": 60002, "Plan Width": 4, "Actual Startup Time": 0.007, "Actual Total Time": 9.312, "Actual Rows": 60206, "Actual Loops": 1, "Output": ["c.id", "c.postid", "c.score", "c.creationdate", "c.userid"], "Filter": "(c.score = 0)", "Rows Removed by Filter": 19151}, {"Node Type": "Hash", "Parent Relationship": "Inner", "Parallel Aware": false, "Startup Cost": 771.83, "Total Cost": 771.83, "Plan Rows": 41183, "Plan Width": 4, "Actual Startup Time": 9.126, "Actual Total Time": 9.127, "Actual Rows": 41183, "Actual Loops": 1, "Output": ["p.id"], "Hash Buckets": 65536, "Original Hash Buckets": 65536, "Hash Batches": 1, "Original Hash Batches": 1, "Peak Memory Usage": 1960, "Plans": [{"Node Type": "Seq Scan", "Parent Relationship": "Outer", "Parallel Aware": false, "Relation Name": "posts", "Schema": "public", "Alias": "p", "Startup Cost": 0.0, "Total Cost": 771.83, "Plan Rows": 41183, "Plan Width": 4, "Actual Startup Time": 0.004, "Actual Total Time": 5.172, "Actual Rows": 41183, "Actual Loops": 1, "Output": ["p.id"]}]}]}]}]}]}, "Planning Time": 1.664, "Triggers": [], "Execution Time": 65.623}]
[{"Plan": {"Node Type": "Aggregate", "Strategy": "Plain", "Partial Mode": "Simple", "Parallel Aware": false, "Startup Cost": 41625.43, "Total Cost": 41625.44, "Plan Rows": 1, "Plan Width": 8, "Actual Startup Time": 14469.132, "Actual Total Time": 14469.14, "Actual Rows": 1, "Actual Loops": 1, "Output": ["count(*)"], "Plans": [{"Node Type": "Nested Loop", "Parent Relationship": "Outer", "Parallel Aware": false, "Join Type": "Inner", "Startup Cost": 1564.6, "Total Cost": 38792.98, "Plan Rows": 1132979, "Plan Width": 0, "Actual Startup Time": 12.947, "Actual Total Time": 12826.346, "Actual Rows": 47026669, "Actual Loops": 1, "Inner Unique": false, "Plans": [{"Node Type": "Hash Join", "Parent Relationship": "Outer", "Parallel Aware": false, "Join Type": "Inner", "Startup Cost": 1564.3, "Total Cost": 2539.93, "Plan Rows": 35005, "Plan Width": 12, "Actual Startup Time": 12.068, "Actual Total Time": 46.851, "Actual Rows": 155788, "Actual Loops": 1, "Output": ["p.owneruserid", "u.id", "b.userid"], "Inner Unique": false, "Hash Cond": "(b.userid = u.id)", "Plans": [{"Node Type": "Seq Scan", "Parent Relationship": "Outer", "Parallel Aware": false, "Relation Name": "badges", "Schema": "public", "Alias": "b", "Startup Cost": 0.0, "Total Cost": 503.24, "Plan Rows": 32624, "Plan Width": 4, "Actual Startup Time": 0.009, "Actual Total Time": 2.394, "Actual Rows": 32624, "Actual Loops": 1, "Output": ["b.id", "b.userid", "b.date"]}, {"Node Type": "Hash", "Parent Relationship": "Inner", "Parallel Aware": false, "Startup Cost": 1363.99, "Total Cost": 1363.99, "Plan Rows": 16025, "Plan Width": 8, "Actual Startup Time": 11.991, "Actual Total Time": 11.996, "Actual Rows": 15948, "Actual Loops": 1, "Output": ["p.owneruserid", "u.id"], "Hash Buckets": 16384, "Original Hash Buckets": 16384, "Hash Batches": 1, "Original Hash Batches": 1, "Peak Memory Usage": 751, "Plans": [{"Node Type": "Hash Join", "Parent Relationship": "Outer", "Parallel Aware": false, "Join Type": "Inner", "Startup Cost": 446.04, "Total Cost": 1363.99, "Plan Rows": 16025, "Plan Width": 8, "Actual Startup Time": 3.089, "Actual Total Time": 10.298, "Actual Rows": 15948, "Actual Loops": 1, "Output": ["p.owneruserid", "u.id"], "Inner Unique": true, "Hash Cond": "(p.owneruserid = u.id)", "Plans": [{"Node Type": "Seq Scan", "Parent Relationship": "Outer", "Parallel Aware": false, "Relation Name": "posts", "Schema": "public", "Alias": "p", "Startup Cost": 0.0, "Total Cost": 874.79, "Plan Rows": 16440, "Plan Width": 4, "Actual Startup Time": 0.008, "Actual Total Time": 4.635, "Actual Rows": 16474, "Actual Loops": 1, "Output": ["p.id", "p.posttypeid", "p.creationdate", "p.score", "p.viewcount", "p.owneruserid", "p.answercount", "p.commentcount", "p.favoritecount", "p.lasteditoruserid"], "Filter": "(p.posttypeid = 1)", "Rows Removed by Filter": 24709}, {"Node Type": "Hash", "Parent Relationship": "Inner", "Parallel Aware": false, "Startup Cost": 259.35, "Total Cost": 259.35, "Plan Rows": 14935, "Plan Width": 4, "Actual Startup Time": 3.026, "Actual Total Time": 3.028, "Actual Rows": 14935, "Actual Loops": 1, "Output": ["u.id"], "Hash Buckets": 16384, "Original Hash Buckets": 16384, "Hash Batches": 1, "Original Hash Batches": 1, "Peak Memory Usage": 654, "Plans": [{"Node Type": "Seq Scan", "Parent Relationship": "Outer", "Parallel Aware": false, "Relation Name": "users", "Schema": "public", "Alias": "u", "Startup Cost": 0.0, "Total Cost": 259.35, "Plan Rows": 14935, "Plan Width": 4, "Actual Startup Time": 0.009, "Actual Total Time": 1.674, "Actual Rows": 14935, "Actual Loops": 1, "Output": ["u.id"]}]}]}]}]}, {"Node Type": "Index Scan", "Parent Relationship": "Inner", "Parallel Aware": false, "Scan Direction": "Forward", "Index Name": "idx_posthistory_userid", "Relation Name": "posthistory", "Schema": "public", "Alias": "ph", "Startup Cost": 0.29, "Total Cost": 0.88, "Plan Rows": 16, "Plan Width": 4, "Actual Startup Time": 0.017, "Actual Total Time": 0.066, "Actual Rows": 302, "Actual Loops": 155788, "Output": ["ph.id", "ph.posthistorytypeid", "ph.postid", "ph.creationdate", "ph.userid"], "Index Cond": "(ph.userid = b.userid)", "Rows Removed by Index Recheck": 0, "Filter": "((ph.creationdate >= '2011-04-27 18:08:19'::timestamp without time zone) AND (ph.creationdate <= '2014-06-15 08:22:43'::timestamp without time zone))", "Rows Removed by Filter": 119}]}]}, "Planning Time": 1.547, "Triggers": [], "Execution Time": 14469.251}]#####[{"Plan": {"Node Type": "Aggregate", "Strategy": "Plain", "Partial Mode": "Simple", "Parallel Aware": false, "Startup Cost": 72176.23, "Total Cost": 72176.24, "Plan Rows": 1, "Plan Width": 8, "Actual Startup Time": 4491.222, "Actual Total Time": 4491.229, "Actual Rows": 1, "Actual Loops": 1, "Output": ["count(*)"], "Plans": [{"Node Type": "Hash Join", "Parent Relationship": "Outer", "Parallel Aware": false, "Join Type": "Inner", "Startup Cost": 4816.6, "Total Cost": 43851.76, "Plan Rows": 11329790, "Plan Width": 0, "Actual Startup Time": 41.563, "Actual Total Time": 2901.021, "Actual Rows": 47026669, "Actual Loops": 1, "Inner Unique": false, "Hash Cond": "(b.userid = u.id)", "Plans": [{"Node Type": "Nested Loop", "Parent Relationship": "Outer", "Parallel Aware": false, "Join Type": "Inner", "Startup Cost": 0.29, "Total Cost": 7181.59, "Plan Rows": 429583, "Plan Width": 8, "Actual Startup Time": 0.021, "Actual Total Time": 40.208, "Actual Rows": 155788, "Actual Loops": 1, "Output": ["p.owneruserid", "b.userid"], "Inner Unique": false, "Plans": [{"Node Type": "Seq Scan", "Parent Relationship": "Outer", "Parallel Aware": false, "Relation Name": "posts", "Schema": "public", "Alias": "p", "Startup Cost": 0.0, "Total Cost": 874.79, "Plan Rows": 16440, "Plan Width": 4, "Actual Startup Time": 0.011, "Actual Total Time": 5.259, "Actual Rows": 16474, "Actual Loops": 1, "Output": ["p.id", "p.posttypeid", "p.creationdate", "p.score", "p.viewcount", "p.owneruserid", "p.answercount", "p.commentcount", "p.favoritecount", "p.lasteditoruserid"], "Filter": "(p.posttypeid = 1)", "Rows Removed by Filter": 24709}, {"Node Type": "Index Only Scan", "Parent Relationship": "Inner", "Parallel Aware": false, "Scan Direction": "Forward", "Index Name": "idx_badges_userid", "Relation Name": "badges", "Schema": "public", "Alias": "b", "Startup Cost": 0.29, "Total Cost": 0.35, "Plan Rows": 3, "Plan Width": 4, "Actual Startup Time": 0.001, "Actual Total Time": 0.001, "Actual Rows": 9, "Actual Loops": 16474, "Output": ["b.userid"], "Index Cond": "(b.userid = p.owneruserid)", "Rows Removed by Index Recheck": 0, "Heap Fetches": 0}]}, {"Node Type": "Hash", "Parent Relationship": "Inner", "Parallel Aware": false, "Startup Cost": 3618.7, "Total Cost": 3618.7, "Plan Rows": 95809, "Plan Width": 8, "Actual Startup Time": 41.177, "Actual Total Time": 41.18, "Actual Rows": 95980, "Actual Loops": 1, "Output": ["ph.userid", "u.id"], "Hash Buckets": 131072, "Original Hash Buckets": 131072, "Hash Batches": 1, "Original Hash Batches": 1, "Peak Memory Usage": 4774, "Plans": [{"Node Type": "Hash Join", "Parent Relationship": "Outer", "Parallel Aware": false, "Join Type": "Inner", "Startup Cost": 446.04, "Total Cost": 3618.7, "Plan Rows": 95809, "Plan Width": 8, "Actual Startup Time": 5.226, "Actual Total Time": 31.333, "Actual Rows": 95980, "Actual Loops": 1, "Output": ["ph.userid", "u.id"], "Inner Unique": true, "Hash Cond": "(ph.userid = u.id)", "Plans": [{"Node Type": "Seq Scan", "Parent Relationship": "Outer", "Parallel Aware": false, "Relation Name": "posthistory", "Schema": "public", "Alias": "ph", "Startup Cost": 0.0, "Total Cost": 2897.91, "Plan Rows": 104641, "Plan Width": 4, "Actual Startup Time": 2.168, "Actual Total Time": 15.02, "Actual Rows": 104858, "Actual Loops": 1, "Output": ["ph.id", "ph.posthistorytypeid", "ph.postid", "ph.creationdate", "ph.userid"], "Filter": "((ph.creationdate >= '2011-04-27 18:08:19'::timestamp without time zone) AND (ph.creationdate <= '2014-06-15 08:22:43'::timestamp without time zone))", "Rows Removed by Filter": 25136}, {"Node Type": "Hash", "Parent Relationship": "Inner", "Parallel Aware": false, "Startup Cost": 259.35, "Total Cost": 259.35, "Plan Rows": 14935, "Plan Width": 4, "Actual Startup Time": 3.0, "Actual Total Time": 3.001, "Actual Rows": 14935, "Actual Loops": 1, "Output": ["u.id"], "Hash Buckets": 16384, "Original Hash Buckets": 16384, "Hash Batches": 1, "Original Hash Batches": 1, "Peak Memory Usage": 654, "Plans": [{"Node Type": "Seq Scan", "Parent Relationship": "Outer", "Parallel Aware": false, "Relation Name": "users", "Schema": "public", "Alias": "u", "Startup Cost": 0.0, "Total Cost": 259.35, "Plan Rows": 14935, "Plan Width": 4, "Actual Startup Time": 0.009, "Actual Total Time": 1.646, "Actual Rows": 14935, "Actual Loops": 1, "Output": ["u.id"]}]}]}]}]}]}, "Planning Time": 1.598, "Triggers": [], "Execution Time": 4491.443}]#####[{"Plan": {"Node Type": "Aggregate", "Strategy": "Plain", "Partial Mode": "Simple", "Parallel Aware": false, "Startup Cost": 120285.63, "Total Cost": 120285.64, "Plan Rows": 1, "Plan Width": 8, "Actual Startup Time": 14424.093, "Actual Total Time": 14424.096, "Actual Rows": 1, "Actual Loops": 1, "Output": ["count(*)"], "Plans": [{"Node Type": "Nested Loop", "Parent Relationship": "Outer", "Parallel Aware": false, "Join Type": "Inner", "Startup Cost": 3.05, "Total Cost": 91961.16, "Plan Rows": 11329790, "Plan Width": 0, "Actual Startup Time": 70.213, "Actual Total Time": 12738.383, "Actual Rows": 47026669, "Actual Loops": 1, "Inner Unique": false, "Plans": [{"Node Type": "Merge Join", "Parent Relationship": "Outer", "Parallel Aware": false, "Join Type": "Inner", "Startup Cost": 2.76, "Total Cost": 55708.1, "Plan Rows": 35005, "Plan Width": 12, "Actual Startup Time": 0.299, "Actual Total Time": 53.101, "Actual Rows": 155788, "Actual Loops": 1, "Output": ["p.owneruserid", "u.id", "b.userid"], "Inner Unique": false, "Merge Cond": "(b.userid = u.id)", "Plans": [{"Node Type": "Index Only Scan", "Parent Relationship": "Outer", "Parallel Aware": false, "Scan Direction": "Forward", "Index Name": "idx_badges_userid", "Relation Name": "badges", "Schema": "public", "Alias": "b", "Startup Cost": 0.29, "Total Cost": 713.65, "Plan Rows": 32624, "Plan Width": 4, "Actual Startup Time": 0.013, "Actual Total Time": 2.953, "Actual Rows": 32624, "Actual Loops": 1, "Output": ["b.userid"], "Heap Fetches": 0}, {"Node Type": "Materialize", "Parent Relationship": "Inner", "Parallel Aware": false, "Startup Cost": 0.57, "Total Cost": 6492.87, "Plan Rows": 1602500, "Plan Width": 8, "Actual Startup Time": 0.283, "Actual Total Time": 28.865, "Actual Rows": 156289, "Actual Loops": 1, "Output": ["p.owneruserid", "u.id"], "Plans": [{"Node Type": "Merge Join", "Parent Relationship": "Outer", "Parallel Aware": false, "Join Type": "Inner", "Startup Cost": 0.57, "Total Cost": 2486.62, "Plan Rows": 1602500, "Plan Width": 8, "Actual Startup Time": 0.281, "Actual Total Time": 20.214, "Actual Rows": 15941, "Actual Loops": 1, "Output": ["p.owneruserid", "u.id"], "Inner Unique": true, "Merge Cond": "(p.owneruserid = u.id)", "Plans": [{"Node Type": "Index Scan", "Parent Relationship": "Outer", "Parallel Aware": false, "Scan Direction": "Forward", "Index Name": "idx_posts_owneruserid", "Relation Name": "posts", "Schema": "public", "Alias": "p", "Startup Cost": 0.29, "Total Cost": 1904.15, "Plan Rows": 16440, "Plan Width": 4, "Actual Startup Time": 0.264, "Actual Total Time": 15.85, "Actual Rows": 15952, "Actual Loops": 1, "Output": ["p.id", "p.posttypeid", "p.creationdate", "p.score", "p.viewcount", "p.owneruserid", "p.answercount", "p.commentcount", "p.favoritecount", "p.lasteditoruserid"], "Filter": "(p.posttypeid = 1)", "Rows Removed by Filter": 24175}, {"Node Type": "Index Only Scan", "Parent Relationship": "Inner", "Parallel Aware": false, "Scan Direction": "Forward", "Index Name": "users_pkey", "Relation Name": "users", "Schema": "public", "Alias": "u", "Startup Cost": 0.29, "Total Cost": 396.31, "Plan Rows": 14935, "Plan Width": 4, "Actual Startup Time": 0.015, "Actual Total Time": 1.372, "Actual Rows": 14934, "Actual Loops": 1, "Output": ["u.id"], "Heap Fetches": 0}]}]}]}, {"Node Type": "Index Scan", "Parent Relationship": "Inner", "Parallel Aware": false, "Scan Direction": "Forward", "Index Name": "idx_posthistory_userid", "Relation Name": "posthistory", "Schema": "public", "Alias": "ph", "Startup Cost": 0.29, "Total Cost": 0.88, "Plan Rows": 16, "Plan Width": 4, "Actual Startup Time": 0.017, "Actual Total Time": 0.066, "Actual Rows": 302, "Actual Loops": 155788, "Output": ["ph.id", "ph.posthistorytypeid", "ph.postid", "ph.creationdate", "ph.userid"], "Index Cond": "(ph.userid = b.userid)", "Rows Removed by Index Recheck": 0, "Filter": "((ph.creationdate >= '2011-04-27 18:08:19'::timestamp without time zone) AND (ph.creationdate <= '2014-06-15 08:22:43'::timestamp without time zone))", "Rows Removed by Filter": 119}]}]}, "Planning Time": 1.578, "Triggers": [], "Execution Time": 14424.197}]
[{"Plan": {"Node Type": "Aggregate", "Strategy": "Plain", "Partial Mode": "Simple", "Parallel Aware": false, "Startup Cost": 5661.72, "Total Cost": 5661.73, "Plan Rows": 1, "Plan Width": 8, "Actual Startup Time": 61.321, "Actual Total Time": 61.326, "Actual Rows": 1, "Actual Loops": 1, "Output": ["count(*)"], "Plans": [{"Node Type": "Hash Join", "Parent Relationship": "Outer", "Parallel Aware": false, "Join Type": "Inner", "Startup Cost": 2068.65, "Total Cost": 5633.65, "Plan Rows": 11231, "Plan Width": 0, "Actual Startup Time": 16.631, "Actual Total Time": 59.499, "Actual Rows": 49527, "Actual Loops": 1, "Inner Unique": true, "Hash Cond": "(p.owneruserid = u.id)", "Plans": [{"Node Type": "Hash Join", "Parent Relationship": "Outer", "Parallel Aware": false, "Join Type": "Inner", "Startup Cost": 1490.26, "Total Cost": 4722.42, "Plan Rows": 126760, "Plan Width": 4, "Actual Startup Time": 12.221, "Actual Total Time": 44.146, "Actual Rows": 126982, "Actual Loops": 1, "Output": ["p.owneruserid"], "Inner Unique": true, "Hash Cond": "(ph.postid = p.id)", "Plans": [{"Node Type": "Seq Scan", "Parent Relationship": "Outer", "Parallel Aware": false, "Relation Name": "posthistory", "Schema": "public", "Alias": "ph", "Startup Cost": 0.0, "Total Cost": 2897.91, "Plan Rows": 127323, "Plan Width": 4, "Actual Startup Time": 0.247, "Actual Total Time": 15.713, "Actual Rows": 127620, "Actual Loops": 1, "Output": ["ph.id", "ph.posthistorytypeid", "ph.postid", "ph.creationdate", "ph.userid"], "Filter": "((ph.creationdate >= '2010-08-03 12:16:01'::timestamp without time zone) AND (ph.creationdate <= '2014-07-26 15:18:05'::timestamp without time zone))", "Rows Removed by Filter": 2374}, {"Node Type": "Hash", "Parent Relationship": "Inner", "Parallel Aware": false, "Startup Cost": 977.75, "Total Cost": 977.75, "Plan Rows": 41001, "Plan Width": 8, "Actual Startup Time": 11.773, "Actual Total Time": 11.774, "Actual Rows": 41009, "Actual Loops": 1, "Output": ["p.id", "p.owneruserid"], "Hash Buckets": 65536, "Original Hash Buckets": 65536, "Hash Batches": 1, "Original Hash Batches": 1, "Peak Memory Usage": 2110, "Plans": [{"Node Type": "Seq Scan", "Parent Relationship": "Outer", "Parallel Aware": false, "Relation Name": "posts", "Schema": "public", "Alias": "p", "Startup Cost": 0.0, "Total Cost": 977.75, "Plan Rows": 41001, "Plan Width": 8, "Actual Startup Time": 0.009, "Actual Total Time": 7.185, "Actual Rows": 41009, "Actual Loops": 1, "Output": ["p.id", "p.owneruserid"], "Filter": "((p.score >= '-1'::integer) AND (p.creationdate <= '2014-08-28 02:54:56'::timestamp without time zone))", "Rows Removed by Filter": 174}]}]}, {"Node Type": "Hash", "Parent Relationship": "Inner", "Parallel Aware": false, "Startup Cost": 408.7, "Total Cost": 408.7, "Plan Rows": 13575, "Plan Width": 4, "Actual Startup Time": 4.299, "Actual Total Time": 4.299, "Actual Rows": 13576, "Actual Loops": 1, "Output": ["u.id"], "Hash Buckets": 16384, "Original Hash Buckets": 16384, "Hash Batches": 1, "Original Hash Batches": 1, "Peak Memory Usage": 606, "Plans": [{"Node Type": "Seq Scan", "Parent Relationship": "Outer", "Parallel Aware": false, "Relation Name": "users", "Schema": "public", "Alias": "u", "Startup Cost": 0.0, "Total Cost": 408.7, "Plan Rows": 13575, "Plan Width": 4, "Actual Startup Time": 0.017, "Actual Total Time": 2.706, "Actual Rows": 13576, "Actual Loops": 1, "Output": ["u.id"], "Filter": "((u.views >= 0) AND (u.views <= 21) AND (u.upvotes >= 0) AND (u.creationdate <= '2014-08-20 08:21:30'::timestamp without time zone))", "Rows Removed by Filter": 1359}]}]}]}, "Planning Time": 1.355, "Triggers": [], "Execution Time": 61.482}]#####[{"Plan": {"Node Type": "Aggregate", "Strategy": "Plain", "Partial Mode": "Simple", "Parallel Aware": false, "Startup Cost": 3893.3, "Total Cost": 3893.31, "Plan Rows": 1, "Plan Width": 8, "Actual Startup Time": 43.137, "Actual Total Time": 43.142, "Actual Rows": 1, "Actual Loops": 1, "Output": ["count(*)"], "Plans": [{"Node Type": "Nested Loop", "Parent Relationship": "Outer", "Parallel Aware": false, "Join Type": "Inner", "Startup Cost": 578.68, "Total Cost": 3612.53, "Plan Rows": 112310, "Plan Width": 0, "Actual Startup Time": 3.502, "Actual Total Time": 40.962, "Actual Rows": 49527, "Actual Loops": 1, "Inner Unique": false, "Plans": [{"Node Type": "Hash Join", "Parent Relationship": "Outer", "Parallel Aware": false, "Join Type": "Inner", "Startup Cost": 578.39, "Total Cost": 1663.79, "Plan Rows": 3632, "Plan Width": 4, "Actual Startup Time": 3.47, "Actual Total Time": 13.647, "Actual Rows": 11342, "Actual Loops": 1, "Output": ["p.id"], "Inner Unique": true, "Hash Cond": "(p.owneruserid = u.id)", "Plans": [{"Node Type": "Seq Scan", "Parent Relationship": "Outer", "Parallel Aware": false, "Relation Name": "posts", "Schema": "public", "Alias": "p", "Startup Cost": 0.0, "Total Cost": 977.75, "Plan Rows": 41001, "Plan Width": 8, "Actual Startup Time": 0.01, "Actual Total Time": 5.669, "Actual Rows": 41009, "Actual Loops": 1, "Output": ["p.id", "p.posttypeid", "p.creationdate", "p.score", "p.viewcount", "p.owneruserid", "p.answercount", "p.commentcount", "p.favoritecount", "p.lasteditoruserid"], "Filter": "((p.score >= '-1'::integer) AND (p.creationdate <= '2014-08-28 02:54:56'::timestamp without time zone))", "Rows Removed by Filter": 174}, {"Node Type": "Hash", "Parent Relationship": "Inner", "Parallel Aware": false, "Startup Cost": 408.7, "Total Cost": 408.7, "Plan Rows": 13575, "Plan Width": 4, "Actual Startup Time": 3.395, "Actual Total Time": 3.396, "Actual Rows": 13576, "Actual Loops": 1, "Output": ["u.id"], "Hash Buckets": 16384, "Original Hash Buckets": 16384, "Hash Batches": 1, "Original Hash Batches": 1, "Peak Memory Usage": 606, "Plans": [{"Node Type": "Seq Scan", "Parent Relationship": "Outer", "Parallel Aware": false, "Relation Name": "users", "Schema": "public", "Alias": "u", "Startup Cost": 0.0, "Total Cost": 408.7, "Plan Rows": 13575, "Plan Width": 4, "Actual Startup Time": 0.01, "Actual Total Time": 2.161, "Actual Rows": 13576, "Actual Loops": 1, "Output": ["u.id"], "Filter": "((u.views >= 0) AND (u.views <= 21) AND (u.upvotes >= 0) AND (u.creationdate <= '2014-08-20 08:21:30'::timestamp without time zone))", "Rows Removed by Filter": 1359}]}]}, {"Node Type": "Index Scan", "Parent Relationship": "Inner", "Parallel Aware": false, "Scan Direction": "Forward", "Index Name": "idx_posthistory_postid", "Relation Name": "posthistory", "Schema": "public", "Alias": "ph", "Startup Cost": 0.29, "Total Cost": 0.5, "Plan Rows": 4, "Plan Width": 4, "Actual Startup Time": 0.001, "Actual Total Time": 0.002, "Actual Rows": 4, "Actual Loops": 11342, "Output": ["ph.id", "ph.posthistorytypeid", "ph.postid", "ph.creationdate", "ph.userid"], "Index Cond": "(ph.postid = p.id)", "Rows Removed by Index Recheck": 0, "Filter": "((ph.creationdate >= '2010-08-03 12:16:01'::timestamp without time zone) AND (ph.creationdate <= '2014-07-26 15:18:05'::timestamp without time zone))", "Rows Removed by Filter": 0}]}]}, "Planning Time": 0.936, "Triggers": [], "Execution Time": 43.227}]
[{"Plan": {"Node Type": "Aggregate", "Strategy": "Plain", "Partial Mode": "Simple", "Parallel Aware": false, "Startup Cost": 56215.07, "Total Cost": 56215.08, "Plan Rows": 1, "Plan Width": 8, "Actual Startup Time": 12.442, "Actual Total Time": 12.448, "Actual Rows": 1, "Actual Loops": 1, "Output": ["count(*)"], "Plans": [{"Node Type": "Hash Join", "Parent Relationship": "Outer", "Parallel Aware": false, "Join Type": "Inner", "Startup Cost": 3036.55, "Total Cost": 20044.75, "Plan Rows": 14468129, "Plan Width": 0, "Actual Startup Time": 12.435, "Actual Total Time": 12.441, "Actual Rows": 0, "Actual Loops": 1, "Inner Unique": false, "Hash Cond": "(ph.userid = u.id)", "Plans": [{"Node Type": "Nested Loop", "Parent Relationship": "Outer", "Parallel Aware": false, "Join Type": "Inner", "Startup Cost": 0.29, "Total Cost": 5297.14, "Plan Rows": 220396, "Plan Width": 8, "Actual Startup Time": 12.434, "Actual Total Time": 12.436, "Actual Rows": 0, "Actual Loops": 1, "Output": ["ph.userid", "b.userid"], "Inner Unique": false, "Plans": [{"Node Type": "Seq Scan", "Parent Relationship": "Outer", "Parallel Aware": false, "Relation Name": "posthistory", "Schema": "public", "Alias": "ph", "Startup Cost": 0.0, "Total Cost": 2897.91, "Plan Rows": 5879, "Plan Width": 4, "Actual Startup Time": 1.353, "Actual Total Time": 11.407, "Actual Rows": 5913, "Actual Loops": 1, "Output": ["ph.id", "ph.posthistorytypeid", "ph.postid", "ph.creationdate", "ph.userid"], "Filter": "((ph.creationdate <= '2014-08-10 12:25:13'::timestamp without time zone) AND (ph.posthistorytypeid = 25))", "Rows Removed by Filter": 124081}, {"Node Type": "Index Only Scan", "Parent Relationship": "Inner", "Parallel Aware": false, "Scan Direction": "Forward", "Index Name": "idx_badges_userid", "Relation Name": "badges", "Schema": "public", "Alias": "b", "Startup Cost": 0.29, "Total Cost": 0.38, "Plan Rows": 3, "Plan Width": 4, "Actual Startup Time": 0.0, "Actual Total Time": 0.0, "Actual Rows": 0, "Actual Loops": 5913, "Output": ["b.userid"], "Index Cond": "(b.userid = ph.userid)", "Rows Removed by Index Recheck": 0, "Heap Fetches": 0}]}, {"Node Type": "Hash", "Parent Relationship": "Inner", "Parallel Aware": false, "Startup Cost": 2131.21, "Total Cost": 2131.21, "Plan Rows": 72404, "Plan Width": 8, "Actual Startup Time": 0.0, "Actual Total Time": 0.0, "Actual Rows": 0, "Actual Loops": 0, "Output": ["c.userid", "u.id"], "Plans": [{"Node Type": "Hash Join", "Parent Relationship": "Outer", "Parallel Aware": false, "Join Type": "Inner", "Startup Cost": 546.28, "Total Cost": 2131.21, "Plan Rows": 72404, "Plan Width": 8, "Actual Startup Time": 0.0, "Actual Total Time": 0.0, "Actual Rows": 0, "Actual Loops": 0, "Output": ["c.userid", "u.id"], "Inner Unique": true, "Hash Cond": "(c.userid = u.id)", "Plans": [{"Node Type": "Seq Scan", "Parent Relationship": "Outer", "Parallel Aware": false, "Relation Name": "comments", "Schema": "public", "Alias": "c", "Startup Cost": 0.0, "Total Cost": 1376.57, "Plan Rows": 79357, "Plan Width": 4, "Actual Startup Time": 0.0, "Actual Total Time": 0.0, "Actual Rows": 0, "Actual Loops": 0, "Output": ["c.id", "c.postid", "c.score", "c.creationdate", "c.userid"]}, {"Node Type": "Hash", "Parent Relationship": "Inner", "Parallel Aware": false, "Startup Cost": 371.36, "Total Cost": 371.36, "Plan Rows": 13993, "Plan Width": 4, "Actual Startup Time": 0.0, "Actual Total Time": 0.0, "Actual Rows": 0, "Actual Loops": 0, "Output": ["u.id"], "Plans": [{"Node Type": "Seq Scan", "Parent Relationship": "Outer", "Parallel Aware": false, "Relation Name": "users", "Schema": "public", "Alias": "u", "Startup Cost": 0.0, "Total Cost": 371.36, "Plan Rows": 13993, "Plan Width": 4, "Actual Startup Time": 0.0, "Actual Total Time": 0.0, "Actual Rows": 0, "Actual Loops": 0, "Output": ["u.id"], "Filter": "((u.reputation >= 1) AND (u.reputation <= 582) AND (u.upvotes <= 42))", "Rows Removed by Filter": 0}]}]}]}]}]}, "Planning Time": 1.505, "Triggers": [], "Execution Time": 12.516}]#####[{"Plan": {"Node Type": "Aggregate", "Strategy": "Plain", "Partial Mode": "Simple", "Parallel Aware": false, "Startup Cost": 368949.55, "Total Cost": 368949.56, "Plan Rows": 1, "Plan Width": 8, "Actual Startup Time": 14.984, "Actual Total Time": 14.99, "Actual Rows": 1, "Actual Loops": 1, "Output": ["count(*)"], "Plans": [{"Node Type": "Hash Join", "Parent Relationship": "Outer", "Parallel Aware": false, "Join Type": "Inner", "Startup Cost": 4494.72, "Total Cost": 7246.32, "Plan Rows": 144681291, "Plan Width": 0, "Actual Startup Time": 14.978, "Actual Total Time": 14.983, "Actual Rows": 0, "Actual Loops": 1, "Inner Unique": false, "Hash Cond": "(c.userid = u.id)", "Plans": [{"Node Type": "Seq Scan", "Parent Relationship": "Outer", "Parallel Aware": false, "Relation Name": "comments", "Schema": "public", "Alias": "c", "Startup Cost": 0.0, "Total Cost": 1376.57, "Plan Rows": 79357, "Plan Width": 4, "Actual Startup Time": 0.007, "Actual Total Time": 0.009, "Actual Rows": 1, "Actual Loops": 1, "Output": ["c.id", "c.postid", "c.score", "c.creationdate", "c.userid"]}, {"Node Type": "Hash", "Parent Relationship": "Inner", "Parallel Aware": false, "Startup Cost": 4258.39, "Total Cost": 4258.39, "Plan Rows": 18906, "Plan Width": 12, "Actual Startup Time": 14.863, "Actual Total Time": 14.866, "Actual Rows": 0, "Actual Loops": 1, "Output": ["ph.userid", "b.userid", "u.id"], "Hash Buckets": 32768, "Original Hash Buckets": 32768, "Hash Batches": 1, "Original Hash Batches": 1, "Peak Memory Usage": 256, "Plans": [{"Node Type": "Hash Join", "Parent Relationship": "Outer", "Parallel Aware": false, "Join Type": "Inner", "Startup Cost": 3522.65, "Total Cost": 4258.39, "Plan Rows": 18906, "Plan Width": 12, "Actual Startup Time": 14.862, "Actual Total Time": 14.865, "Actual Rows": 0, "Actual Loops": 1, "Output": ["ph.userid", "b.userid", "u.id"], "Inner Unique": false, "Hash Cond": "(b.userid = u.id)", "Plans": [{"Node Type": "Seq Scan", "Parent Relationship": "Outer", "Parallel Aware": false, "Relation Name": "badges", "Schema": "public", "Alias": "b", "Startup Cost": 0.0, "Total Cost": 503.24, "Plan Rows": 32624, "Plan Width": 4, "Actual Startup Time": 0.008, "Actual Total Time": 0.008, "Actual Rows": 1, "Actual Loops": 1, "Output": ["b.id", "b.userid", "b.date"]}, {"Node Type": "Hash", "Parent Relationship": "Inner", "Parallel Aware": false, "Startup Cost": 3459.62, "Total Cost": 3459.62, "Plan Rows": 5043, "Plan Width": 8, "Actual Startup Time": 14.832, "Actual Total Time": 14.835, "Actual Rows": 0, "Actual Loops": 1, "Output": ["ph.userid", "u.id"], "Hash Buckets": 8192, "Original Hash Buckets": 8192, "Hash Batches": 1, "Original Hash Batches": 1, "Peak Memory Usage": 64, "Plans": [{"Node Type": "Hash Join", "Parent Relationship": "Outer", "Parallel Aware": false, "Join Type": "Inner", "Startup Cost": 546.28, "Total Cost": 3459.62, "Plan Rows": 5043, "Plan Width": 8, "Actual Startup Time": 14.831, "Actual Total Time": 14.834, "Actual Rows": 0, "Actual Loops": 1, "Output": ["ph.userid", "u.id"], "Inner Unique": true, "Hash Cond": "(ph.userid = u.id)", "Plans": [{"Node Type": "Seq Scan", "Parent Relationship": "Outer", "Parallel Aware": false, "Relation Name": "posthistory", "Schema": "public", "Alias": "ph", "Startup Cost": 0.0, "Total Cost": 2897.91, "Plan Rows": 5879, "Plan Width": 4, "Actual Startup Time": 1.323, "Actual Total Time": 11.098, "Actual Rows": 5913, "Actual Loops": 1, "Output": ["ph.id", "ph.posthistorytypeid", "ph.postid", "ph.creationdate", "ph.userid"], "Filter": "((ph.creationdate <= '2014-08-10 12:25:13'::timestamp without time zone) AND (ph.posthistorytypeid = 25))", "Rows Removed by Filter": 124081}, {"Node Type": "Hash", "Parent Relationship": "Inner", "Parallel Aware": false, "Startup Cost": 371.36, "Total Cost": 371.36, "Plan Rows": 13993, "Plan Width": 4, "Actual Startup Time": 3.437, "Actual Total Time": 3.438, "Actual Rows": 14289, "Actual Loops": 1, "Output": ["u.id"], "Hash Buckets": 16384, "Original Hash Buckets": 16384, "Hash Batches": 1, "Original Hash Batches": 1, "Peak Memory Usage": 631, "Plans": [{"Node Type": "Seq Scan", "Parent Relationship": "Outer", "Parallel Aware": false, "Relation Name": "users", "Schema": "public", "Alias": "u", "Startup Cost": 0.0, "Total Cost": 371.36, "Plan Rows": 13993, "Plan Width": 4, "Actual Startup Time": 0.009, "Actual Total Time": 2.112, "Actual Rows": 14289, "Actual Loops": 1, "Output": ["u.id"], "Filter": "((u.reputation >= 1) AND (u.reputation <= 582) AND (u.upvotes <= 42))", "Rows Removed by Filter": 646}]}]}]}]}]}]}]}, "Planning Time": 1.498, "Triggers": [], "Execution Time": 15.108}]#####[{"Plan": {"Node Type": "Aggregate", "Strategy": "Plain", "Partial Mode": "Simple", "Parallel Aware": false, "Startup Cost": 367547.36, "Total Cost": 367547.37, "Plan Rows": 1, "Plan Width": 8, "Actual Startup Time": 14.724, "Actual Total Time": 14.729, "Actual Rows": 1, "Actual Loops": 1, "Output": ["count(*)"], "Plans": [{"Node Type": "Nested Loop", "Parent Relationship": "Outer", "Parallel Aware": false, "Join Type": "Inner", "Startup Cost": 3522.95, "Total Cost": 5844.13, "Plan Rows": 144681291, "Plan Width": 0, "Actual Startup Time": 14.718, "Actual Total Time": 14.723, "Actual Rows": 0, "Actual Loops": 1, "Inner Unique": false, "Plans": [{"Node Type": "Hash Join", "Parent Relationship": "Outer", "Parallel Aware": false, "Join Type": "Inner", "Startup Cost": 3522.65, "Total Cost": 4258.39, "Plan Rows": 1890, "Plan Width": 12, "Actual Startup Time": 14.718, "Actual Total Time": 14.722, "Actual Rows": 0, "Actual Loops": 1, "Output": ["ph.userid", "b.userid", "u.id"], "Inner Unique": false, "Hash Cond": "(b.userid = u.id)", "Plans": [{"Node Type": "Seq Scan", "Parent Relationship": "Outer", "Parallel Aware": false, "Relation Name": "badges", "Schema": "public", "Alias": "b", "Startup Cost": 0.0, "Total Cost": 503.24, "Plan Rows": 32624, "Plan Width": 4, "Actual Startup Time": 0.008, "Actual Total Time": 0.01, "Actual Rows": 1, "Actual Loops": 1, "Output": ["b.id", "b.userid", "b.date"]}, {"Node Type": "Hash", "Parent Relationship": "Inner", "Parallel Aware": false, "Startup Cost": 3459.62, "Total Cost": 3459.62, "Plan Rows": 5043, "Plan Width": 8, "Actual Startup Time": 14.67, "Actual Total Time": 14.673, "Actual Rows": 0, "Actual Loops": 1, "Output": ["ph.userid", "u.id"], "Hash Buckets": 8192, "Original Hash Buckets": 8192, "Hash Batches": 1, "Original Hash Batches": 1, "Peak Memory Usage": 64, "Plans": [{"Node Type": "Hash Join", "Parent Relationship": "Outer", "Parallel Aware": false, "Join Type": "Inner", "Startup Cost": 546.28, "Total Cost": 3459.62, "Plan Rows": 5043, "Plan Width": 8, "Actual Startup Time": 14.67, "Actual Total Time": 14.672, "Actual Rows": 0, "Actual Loops": 1, "Output": ["ph.userid", "u.id"], "Inner Unique": true, "Hash Cond": "(ph.userid = u.id)", "Plans": [{"Node Type": "Seq Scan", "Parent Relationship": "Outer", "Parallel Aware": false, "Relation Name": "posthistory", "Schema": "public", "Alias": "ph", "Startup Cost": 0.0, "Total Cost": 2897.91, "Plan Rows": 5879, "Plan Width": 4, "Actual Startup Time": 1.341, "Actual Total Time": 11.006, "Actual Rows": 5913, "Actual Loops": 1, "Output": ["ph.id", "ph.posthistorytypeid", "ph.postid", "ph.creationdate", "ph.userid"], "Filter": "((ph.creationdate <= '2014-08-10 12:25:13'::timestamp without time zone) AND (ph.posthistorytypeid = 25))", "Rows Removed by Filter": 124081}, {"Node Type": "Hash", "Parent Relationship": "Inner", "Parallel Aware": false, "Startup Cost": 371.36, "Total Cost": 371.36, "Plan Rows": 13993, "Plan Width": 4, "Actual Startup Time": 3.372, "Actual Total Time": 3.373, "Actual Rows": 14289, "Actual Loops": 1, "Output": ["u.id"], "Hash Buckets": 16384, "Original Hash Buckets": 16384, "Hash Batches": 1, "Original Hash Batches": 1, "Peak Memory Usage": 631, "Plans": [{"Node Type": "Seq Scan", "Parent Relationship": "Outer", "Parallel Aware": false, "Relation Name": "users", "Schema": "public", "Alias": "u", "Startup Cost": 0.0, "Total Cost": 371.36, "Plan Rows": 13993, "Plan Width": 4, "Actual Startup Time": 0.01, "Actual Total Time": 2.053, "Actual Rows": 14289, "Actual Loops": 1, "Output": ["u.id"], "Filter": "((u.reputation >= 1) AND (u.reputation <= 582) AND (u.upvotes <= 42))", "Rows Removed by Filter": 646}]}]}]}]}, {"Node Type": "Index Only Scan", "Parent Relationship": "Inner", "Parallel Aware": false, "Scan Direction": "Forward", "Index Name": "idx_comments_userid", "Relation Name": "comments", "Schema": "public", "Alias": "c", "Startup Cost": 0.29, "Total Cost": 0.65, "Plan Rows": 19, "Plan Width": 4, "Actual Startup Time": 0.0, "Actual Total Time": 0.0, "Actual Rows": 0, "Actual Loops": 0, "Output": ["c.userid"], "Index Cond": "(c.userid = u.id)", "Rows Removed by Index Recheck": 0, "Heap Fetches": 0}]}]}, "Planning Time": 1.516, "Triggers": [], "Execution Time": 14.822}]
[{"Plan": {"Node Type": "Aggregate", "Strategy": "Plain", "Partial Mode": "Simple", "Parallel Aware": false, "Startup Cost": 2457.89, "Total Cost": 2457.9, "Plan Rows": 1, "Plan Width": 8, "Actual Startup Time": 95.233, "Actual Total Time": 95.239, "Actual Rows": 1, "Actual Loops": 1, "Output": ["count(*)"], "Plans": [{"Node Type": "Nested Loop", "Parent Relationship": "Outer", "Parallel Aware": false, "Join Type": "Inner", "Startup Cost": 1220.62, "Total Cost": 2456.34, "Plan Rows": 619, "Plan Width": 0, "Actual Startup Time": 6.281, "Actual Total Time": 85.352, "Actual Rows": 279457, "Actual Loops": 1, "Inner Unique": false, "Join Filter": "(p.id = v.postid)", "Rows Removed by Join Filter": 0, "Plans": [{"Node Type": "Nested Loop", "Parent Relationship": "Outer", "Parallel Aware": false, "Join Type": "Inner", "Startup Cost": 1220.32, "Total Cost": 1706.41, "Plan Rows": 1554, "Plan Width": 16, "Actual Startup Time": 6.264, "Actual Total Time": 27.575, "Actual Rows": 32326, "Actual Loops": 1, "Output": ["c.postid", "p.id", "pl.postid", "ph.postid"], "Inner Unique": false, "Join Filter": "(p.id = ph.postid)", "Rows Removed by Join Filter": 0, "Plans": [{"Node Type": "Nested Loop", "Parent Relationship": "Outer", "Parallel Aware": false, "Join Type": "Inner", "Startup Cost": 1220.03, "Total Cost": 1461.19, "Plan Rows": 499, "Plan Width": 12, "Actual Startup Time": 6.246, "Actual Total Time": 10.717, "Actual Rows": 5158, "Actual Loops": 1, "Output": ["c.postid", "p.id", "pl.postid"], "Inner Unique": false, "Join Filter": "(p.id = c.postid)", "Rows Removed by Join Filter": 0, "Plans": [{"Node Type": "Hash Join", "Parent Relationship": "Outer", "Parallel Aware": false, "Join Type": "Inner", "Startup Cost": 1219.73, "Total Cost": 1315.92, "Plan Rows": 259, "Plan Width": 8, "Actual Startup Time": 6.227, "Actual Total Time": 7.519, "Actual Rows": 1910, "Actual Loops": 1, "Output": ["p.id", "pl.postid"], "Inner Unique": true, "Hash Cond": "(pl.postid = p.id)", "Plans": [{"Node Type": "Seq Scan", "Parent Relationship": "Outer", "Parallel Aware": false, "Relation Name": "postlinks", "Schema": "public", "Alias": "pl", "Startup Cost": 0.0, "Total Cost": 86.5, "Plan Rows": 3693, "Plan Width": 4, "Actual Startup Time": 0.024, "Actual Total Time": 0.561, "Actual Rows": 3694, "Actual Loops": 1, "Output": ["pl.id", "pl.creationdate", "pl.postid", "pl.relatedpostid", "pl.linktypeid"], "Filter": "((pl.creationdate >= '2010-10-14 09:00:32'::timestamp without time zone) AND (pl.creationdate <= '2014-08-25 02:43:39'::timestamp without time zone))", "Rows Removed by Filter": 139}, {"Node Type": "Hash", "Parent Relationship": "Inner", "Parallel Aware": false, "Startup Cost": 1183.66, "Total Cost": 1183.66, "Plan Rows": 2886, "Plan Width": 4, "Actual Startup Time": 6.16, "Actual Total Time": 6.161, "Actual Rows": 7212, "Actual Loops": 1, "Output": ["p.id"], "Hash Buckets": 8192, "Original Hash Buckets": 4096, "Hash Batches": 1, "Original Hash Batches": 1, "Peak Memory Usage": 318, "Plans": [{"Node Type": "Seq Scan", "Parent Relationship": "Outer", "Parallel Aware": false, "Relation Name": "posts", "Schema": "public", "Alias": "p", "Startup Cost": 0.0, "Total Cost": 1183.66, "Plan Rows": 2886, "Plan Width": 4, "Actual Startup Time": 0.008, "Actual Total Time": 5.415, "Actual Rows": 7212, "Actual Loops": 1, "Output": ["p.id"], "Filter": "((p.score <= 33) AND (p.commentcount <= 10) AND (p.favoritecount >= 0) AND (p.posttypeid = 1))", "Rows Removed by Filter": 33971}]}]}, {"Node Type": "Index Only Scan", "Parent Relationship": "Inner", "Parallel Aware": false, "Scan Direction": "Forward", "Index Name": "idx_comments_postid", "Relation Name": "comments", "Schema": "public", "Alias": "c", "Startup Cost": 0.29, "Total Cost": 0.51, "Plan Rows": 4, "Plan Width": 4, "Actual Startup Time": 0.001, "Actual Total Time": 0.001, "Actual Rows": 3, "Actual Loops": 1910, "Output": ["c.postid"], "Index Cond": "(c.postid = pl.postid)", "Rows Removed by Index Recheck": 0, "Heap Fetches": 0}]}, {"Node Type": "Index Scan", "Parent Relationship": "Inner", "Parallel Aware": false, "Scan Direction": "Forward", "Index Name": "idx_posthistory_postid", "Relation Name": "posthistory", "Schema": "public", "Alias": "ph", "Startup Cost": 0.29, "Total Cost": 0.44, "Plan Rows": 4, "Plan Width": 4, "Actual Startup Time": 0.001, "Actual Total Time": 0.003, "Actual Rows": 6, "Actual Loops": 5158, "Output": ["ph.id", "ph.posthistorytypeid", "ph.postid", "ph.creationdate", "ph.userid"], "Index Cond": "(ph.postid = c.postid)", "Rows Removed by Index Recheck": 0, "Filter": "((ph.creationdate >= '2010-07-26 21:00:00'::timestamp without time zone) AND (ph.creationdate <= '2014-08-01 10:10:51'::timestamp without time zone))", "Rows Removed by Filter": 0}]}, {"Node Type": "Index Only Scan", "Parent Relationship": "Inner", "Parallel Aware": false, "Scan Direction": "Forward", "Index Name": "idx_votes_postid", "Relation Name": "votes", "Schema": "public", "Alias": "v", "Startup Cost": 0.29, "Total Cost": 0.41, "Plan Rows": 6, "Plan Width": 4, "Actual Startup Time": 0.001, "Actual Total Time": 0.001, "Actual Rows": 9, "Actual Loops": 32326, "Output": ["v.postid"], "Index Cond": "(v.postid = ph.postid)", "Rows Removed by Index Recheck": 0, "Heap Fetches": 0}]}]}, "Planning Time": 2.547, "Triggers": [], "Execution Time": 95.322}]#####[{"Plan": {"Node Type": "Aggregate", "Strategy": "Plain", "Partial Mode": "Simple", "Parallel Aware": false, "Startup Cost": 8872.12, "Total Cost": 8872.13, "Plan Rows": 1, "Plan Width": 8, "Actual Startup Time": 109.657, "Actual Total Time": 109.667, "Actual Rows": 1, "Actual Loops": 1, "Output": ["count(*)"], "Plans": [{"Node Type": "Hash Join", "Parent Relationship": "Outer", "Parallel Aware": false, "Join Type": "Inner", "Startup Cost": 5754.24, "Total Cost": 8856.63, "Plan Rows": 6197, "Plan Width": 0, "Actual Startup Time": 74.388, "Actual Total Time": 100.23, "Actual Rows": 279457, "Actual Loops": 1, "Inner Unique": false, "Hash Cond": "(pl.postid = p.id)", "Plans": [{"Node Type": "Nested Loop", "Parent Relationship": "Outer", "Parallel Aware": false, "Join Type": "Inner", "Startup Cost": 0.29, "Total Cost": 2757.27, "Plan Rows": 24315, "Plan Width": 8, "Actual Startup Time": 0.05, "Actual Total Time": 7.493, "Actual Rows": 23995, "Actual Loops": 1, "Output": ["pl.postid", "v.postid"], "Inner Unique": false, "Plans": [{"Node Type": "Seq Scan", "Parent Relationship": "Outer", "Parallel Aware": false, "Relation Name": "postlinks", "Schema": "public", "Alias": "pl", "Startup Cost": 0.0, "Total Cost": 86.5, "Plan Rows": 3693, "Plan Width": 4, "Actual Startup Time": 0.024, "Actual Total Time": 0.569, "Actual Rows": 3694, "Actual Loops": 1, "Output": ["pl.id", "pl.creationdate", "pl.postid", "pl.relatedpostid", "pl.linktypeid"], "Filter": "((pl.creationdate >= '2010-10-14 09:00:32'::timestamp without time zone) AND (pl.creationdate <= '2014-08-25 02:43:39'::timestamp without time zone))", "Rows Removed by Filter": 139}, {"Node Type": "Index Only Scan", "Parent Relationship": "Inner", "Parallel Aware": false, "Scan Direction": "Forward", "Index Name": "idx_votes_postid", "Relation Name": "votes", "Schema": "public", "Alias": "v", "Startup Cost": 0.29, "Total Cost": 0.66, "Plan Rows": 6, "Plan Width": 4, "Actual Startup Time": 0.001, "Actual Total Time": 0.001, "Actual Rows": 6, "Actual Loops": 3694, "Output": ["v.postid"], "Index Cond": "(v.postid = pl.postid)", "Rows Removed by Index Recheck": 0, "Heap Fetches": 0}]}, {"Node Type": "Hash", "Parent Relationship": "Inner", "Parallel Aware": false, "Startup Cost": 5537.45, "Total Cost": 5537.45, "Plan Rows": 17320, "Plan Width": 12, "Actual Startup Time": 74.211, "Actual Total Time": 74.218, "Actual Rows": 89738, "Actual Loops": 1, "Output": ["c.postid", "p.id", "ph.postid"], "Hash Buckets": 131072, "Original Hash Buckets": 32768, "Hash Batches": 1, "Original Hash Batches": 1, "Peak Memory Usage": 4880, "Plans": [{"Node Type": "Nested Loop", "Parent Relationship": "Outer", "Parallel Aware": false, "Join Type": "Inner", "Startup Cost": 1220.03, "Total Cost": 5537.45, "Plan Rows": 17320, "Plan Width": 12, "Actual Startup Time": 6.203, "Actual Total Time": 62.821, "Actual Rows": 89738, "Actual Loops": 1, "Output": ["c.postid", "p.id", "ph.postid"], "Inner Unique": false, "Join Filter": "(p.id = ph.postid)", "Rows Removed by Join Filter": 0, "Plans": [{"Node Type": "Hash Join", "Parent Relationship": "Outer", "Parallel Aware": false, "Join Type": "Inner", "Startup Cost": 1219.73, "Total Cost": 2804.64, "Plan Rows": 5561, "Plan Width": 8, "Actual Startup Time": 6.178, "Actual Total Time": 20.891, "Actual Rows": 14868, "Actual Loops": 1, "Output": ["c.postid", "p.id"], "Inner Unique": true, "Hash Cond": "(c.postid = p.id)", "Plans": [{"Node Type": "Seq Scan", "Parent Relationship": "Outer", "Parallel Aware": false, "Relation Name": "comments", "Schema": "public", "Alias": "c", "Startup Cost": 0.0, "Total Cost": 1376.57, "Plan Rows": 79357, "Plan Width": 4, "Actual Startup Time": 0.005, "Actual Total Time": 4.598, "Actual Rows": 79357, "Actual Loops": 1, "Output": ["c.id", "c.postid", "c.score", "c.creationdate", "c.userid"]}, {"Node Type": "Hash", "Parent Relationship": "Inner", "Parallel Aware": false, "Startup Cost": 1183.66, "Total Cost": 1183.66, "Plan Rows": 2886, "Plan Width": 4, "Actual Startup Time": 6.152, "Actual Total Time": 6.153, "Actual Rows": 7212, "Actual Loops": 1, "Output": ["p.id"], "Hash Buckets": 8192, "Original Hash Buckets": 4096, "Hash Batches": 1, "Original Hash Batches": 1, "Peak Memory Usage": 318, "Plans": [{"Node Type": "Seq Scan", "Parent Relationship": "Outer", "Parallel Aware": false, "Relation Name": "posts", "Schema": "public", "Alias": "p", "Startup Cost": 0.0, "Total Cost": 1183.66, "Plan Rows": 2886, "Plan Width": 4, "Actual Startup Time": 0.007, "Actual Total Time": 5.398, "Actual Rows": 7212, "Actual Loops": 1, "Output": ["p.id"], "Filter": "((p.score <= 33) AND (p.commentcount <= 10) AND (p.favoritecount >= 0) AND (p.posttypeid = 1))", "Rows Removed by Filter": 33971}]}]}, {"Node Type": "Index Scan", "Parent Relationship": "Inner", "Parallel Aware": false, "Scan Direction": "Forward", "Index Name": "idx_posthistory_postid", "Relation Name": "posthistory", "Schema": "public", "Alias": "ph", "Startup Cost": 0.29, "Total Cost": 0.44, "Plan Rows": 4, "Plan Width": 4, "Actual Startup Time": 0.001, "Actual Total Time": 0.002, "Actual Rows": 6, "Actual Loops": 14868, "Output": ["ph.id", "ph.posthistorytypeid", "ph.postid", "ph.creationdate", "ph.userid"], "Index Cond": "(ph.postid = c.postid)", "Rows Removed by Index Recheck": 0, "Filter": "((ph.creationdate >= '2010-07-26 21:00:00'::timestamp without time zone) AND (ph.creationdate <= '2014-08-01 10:10:51'::timestamp without time zone))", "Rows Removed by Filter": 0}]}]}]}]}, "Planning Time": 2.641, "Triggers": [], "Execution Time": 109.861}]#####[{"Plan": {"Node Type": "Aggregate", "Strategy": "Plain", "Partial Mode": "Simple", "Parallel Aware": false, "Startup Cost": 4866.84, "Total Cost": 4866.85, "Plan Rows": 1, "Plan Width": 8, "Actual Startup Time": 111.039, "Actual Total Time": 111.043, "Actual Rows": 1, "Actual Loops": 1, "Output": ["count(*)"], "Plans": [{"Node Type": "Merge Join", "Parent Relationship": "Outer", "Parallel Aware": false, "Join Type": "Inner", "Startup Cost": 1350.72, "Total Cost": 4851.34, "Plan Rows": 6197, "Plan Width": 0, "Actual Startup Time": 6.235, "Actual Total Time": 100.5, "Actual Rows": 279457, "Actual Loops": 1, "Inner Unique": false, "Merge Cond": "(p.id = c.postid)", "Plans": [{"Node Type": "Nested Loop", "Parent Relationship": "Outer", "Parallel Aware": false, "Join Type": "Inner", "Startup Cost": 1350.4, "Total Cost": 2214.03, "Plan Rows": 32180, "Plan Width": 16, "Actual Startup Time": 6.215, "Actual Total Time": 53.082, "Actual Rows": 93981, "Actual Loops": 1, "Output": ["p.id", "pl.postid", "ph.postid", "v.postid"], "Inner Unique": false, "Join Filter": "(p.id = ph.postid)", "Rows Removed by Join Filter": 0, "Plans": [{"Node Type": "Nested Loop", "Parent Relationship": "Outer", "Parallel Aware": false, "Join Type": "Inner", "Startup Cost": 1350.11, "Total Cost": 1737.84, "Plan Rows": 1033, "Plan Width": 12, "Actual Startup Time": 6.157, "Actual Total Time": 13.543, "Actual Rows": 14711, "Actual Loops": 1, "Output": ["p.id", "pl.postid", "v.postid"], "Inner Unique": false, "Join Filter": "(p.id = v.postid)", "Rows Removed by Join Filter": 0, "Plans": [{"Node Type": "Merge Join", "Parent Relationship": "Outer", "Parallel Aware": false, "Join Type": "Inner", "Startup Cost": 1349.81, "Total Cost": 1546.65, "Plan Rows": 259, "Plan Width": 8, "Actual Startup Time": 6.147, "Actual Total Time": 8.262, "Actual Rows": 1910, "Actual Loops": 1, "Output": ["p.id", "pl.postid"], "Inner Unique": true, "Merge Cond": "(pl.postid = p.id)", "Plans": [{"Node Type": "Index Scan", "Parent Relationship": "Outer", "Parallel Aware": false, "Scan Direction": "Forward", "Index Name": "idx_postlinks_postid", "Relation Name": "postlinks", "Schema": "public", "Alias": "pl", "Startup Cost": 0.28, "Total Cost": 170.88, "Plan Rows": 3693, "Plan Width": 4, "Actual Startup Time": 0.016, "Actual Total Time": 1.03, "Actual Rows": 3694, "Actual Loops": 1, "Output": ["pl.id", "pl.creationdate", "pl.postid", "pl.relatedpostid", "pl.linktypeid"], "Filter": "((pl.creationdate >= '2010-10-14 09:00:32'::timestamp without time zone) AND (pl.creationdate <= '2014-08-25 02:43:39'::timestamp without time zone))", "Rows Removed by Filter": 139}, {"Node Type": "Sort", "Parent Relationship": "Inner", "Parallel Aware": false, "Startup Cost": 1349.53, "Total Cost": 1356.75, "Plan Rows": 2886, "Plan Width": 4, "Actual Startup Time": 6.127, "Actual Total Time": 6.45, "Actual Rows": 7208, "Actual Loops": 1, "Output": ["p.id"], "Sort Key": ["p.id"], "Sort Method": "quicksort", "Sort Space Used": 531, "Sort Space Type": "Memory", "Plans": [{"Node Type": "Seq Scan", "Parent Relationship": "Outer", "Parallel Aware": false, "Relation Name": "posts", "Schema": "public", "Alias": "p", "Startup Cost": 0.0, "Total Cost": 1183.66, "Plan Rows": 2886, "Plan Width": 4, "Actual Startup Time": 0.008, "Actual Total Time": 5.407, "Actual Rows": 7212, "Actual Loops": 1, "Output": ["p.id"], "Filter": "((p.score <= 33) AND (p.commentcount <= 10) AND (p.favoritecount >= 0) AND (p.posttypeid = 1))", "Rows Removed by Filter": 33971}]}]}, {"Node Type": "Index Only Scan", "Parent Relationship": "Inner", "Parallel Aware": false, "Scan Direction": "Forward", "Index Name": "idx_votes_postid", "Relation Name": "votes", "Schema": "public", "Alias": "v", "Startup Cost": 0.29, "Total Cost": 0.66, "Plan Rows": 6, "Plan Width": 4, "Actual Startup Time": 0.001, "Actual Total Time": 0.002, "Actual Rows": 8, "Actual Loops": 1910, "Output": ["v.postid"], "Index Cond": "(v.postid = pl.postid)", "Rows Removed by Index Recheck": 0, "Heap Fetches": 0}]}, {"Node Type": "Index Scan", "Parent Relationship": "Inner", "Parallel Aware": false, "Scan Direction": "Forward", "Index Name": "idx_posthistory_postid", "Relation Name": "posthistory", "Schema": "public", "Alias": "ph", "Startup Cost": 0.29, "Total Cost": 0.41, "Plan Rows": 4, "Plan Width": 4, "Actual Startup Time": 0.001, "Actual Total Time": 0.002, "Actual Rows": 6, "Actual Loops": 14711, "Output": ["ph.id", "ph.posthistorytypeid", "ph.postid", "ph.creationdate", "ph.userid"], "Index Cond": "(ph.postid = v.postid)", "Rows Removed by Index Recheck": 0, "Filter": "((ph.creationdate >= '2010-07-26 21:00:00'::timestamp without time zone) AND (ph.creationdate <= '2014-08-01 10:10:51'::timestamp without time zone))", "Rows Removed by Filter": 0}]}, {"Node Type": "Index Only Scan", "Parent Relationship": "Inner", "Parallel Aware": false, "Scan Direction": "Forward", "Index Name": "idx_comments_postid", "Relation Name": "comments", "Schema": "public", "Alias": "c", "Startup Cost": 0.29, "Total Cost": 1738.65, "Plan Rows": 79357, "Plan Width": 4, "Actual Startup Time": 0.008, "Actual Total Time": 21.079, "Actual Rows": 355122, "Actual Loops": 1, "Output": ["c.postid"], "Heap Fetches": 0}]}]}, "Planning Time": 2.632, "Triggers": [], "Execution Time": 111.192}]
[{"Plan": {"Node Type": "Aggregate", "Strategy": "Plain", "Partial Mode": "Simple", "Parallel Aware": false, "Startup Cost": 18697.29, "Total Cost": 18697.3, "Plan Rows": 1, "Plan Width": 8, "Actual Startup Time": 174.768, "Actual Total Time": 174.771, "Actual Rows": 1, "Actual Loops": 1, "Output": ["count(*)"], "Plans": [{"Node Type": "Merge Join", "Parent Relationship": "Outer", "Parallel Aware": false, "Join Type": "Inner", "Startup Cost": 5.56, "Total Cost": 18612.15, "Plan Rows": 34056, "Plan Width": 0, "Actual Startup Time": 0.48, "Actual Total Time": 159.629, "Actual Rows": 413918, "Actual Loops": 1, "Inner Unique": false, "Merge Cond": "(v.postid = pl.postid)", "Plans": [{"Node Type": "Index Scan", "Parent Relationship": "Outer", "Parallel Aware": false, "Scan Direction": "Forward", "Index Name": "idx_votes_postid", "Relation Name": "votes", "Schema": "public", "Alias": "v", "Startup Cost": 0.29, "Total Cost": 7120.06, "Plan Rows": 133153, "Plan Width": 4, "Actual Startup Time": 0.039, "Actual Total Time": 50.423, "Actual Rows": 133767, "Actual Loops": 1, "Output": ["v.id", "v.postid", "v.votetypeid", "v.creationdate", "v.userid", "v.bountyamount"], "Filter": "((v.creationdate >= '2010-07-21 00:00:00'::timestamp without time zone) AND (v.creationdate <= '2014-09-13 00:00:00'::timestamp without time zone) AND (v.votetypeid = 2))", "Rows Removed by Filter": 30291}, {"Node Type": "Materialize", "Parent Relationship": "Inner", "Parallel Aware": false, "Startup Cost": 1.01, "Total Cost": 6220.2, "Plan Rows": 63800, "Plan Width": 12, "Actual Startup Time": 0.064, "Actual Total Time": 71.434, "Actual Rows": 422267, "Actual Loops": 1, "Output": ["c.postid", "pl.postid", "ph.postid"], "Plans": [{"Node Type": "Merge Join", "Parent Relationship": "Outer", "Parallel Aware": false, "Join Type": "Inner", "Startup Cost": 1.01, "Total Cost": 6060.7, "Plan Rows": 63800, "Plan Width": 12, "Actual Startup Time": 0.06, "Actual Total Time": 50.095, "Actual Rows": 75172, "Actual Loops": 1, "Output": ["c.postid", "pl.postid", "ph.postid"], "Inner Unique": false, "Merge Cond": "(pl.postid = c.postid)", "Plans": [{"Node Type": "Nested Loop", "Parent Relationship": "Outer", "Parallel Aware": false, "Join Type": "Inner", "Startup Cost": 0.57, "Total Cost": 2532.56, "Plan Rows": 16197, "Plan Width": 8, "Actual Startup Time": 0.028, "Actual Total Time": 7.621, "Actual Rows": 22701, "Actual Loops": 1, "Output": ["pl.postid", "ph.postid"], "Inner Unique": false, "Plans": [{"Node Type": "Index Only Scan", "Parent Relationship": "Outer", "Parallel Aware": false, "Scan Direction": "Forward", "Index Name": "idx_postlinks_postid", "Relation Name": "postlinks", "Schema": "public", "Alias": "pl", "Startup Cost": 0.28, "Total Cost": 105.77, "Plan Rows": 3833, "Plan Width": 4, "Actual Startup Time": 0.019, "Actual Total Time": 0.373, "Actual Rows": 3833, "Actual Loops": 1, "Output": ["pl.postid"], "Heap Fetches": 0}, {"Node Type": "Index Only Scan", "Parent Relationship": "Inner", "Parallel Aware": false, "Scan Direction": "Forward", "Index Name": "idx_posthistory_postid", "Relation Name": "posthistory", "Schema": "public", "Alias": "ph", "Startup Cost": 0.29, "Total Cost": 0.59, "Plan Rows": 4, "Plan Width": 4, "Actual Startup Time": 0.001, "Actual Total Time": 0.001, "Actual Rows": 6, "Actual Loops": 3833, "Output": ["ph.postid"], "Index Cond": "(ph.postid = pl.postid)", "Rows Removed by Index Recheck": 0, "Heap Fetches": 0}]}, {"Node Type": "Index Scan", "Parent Relationship": "Inner", "Parallel Aware": false, "Scan Direction": "Forward", "Index Name": "idx_comments_postid", "Relation Name": "comments", "Schema": "public", "Alias": "c", "Startup Cost": 0.29, "Total Cost": 2654.13, "Plan Rows": 78551, "Plan Width": 4, "Actual Startup Time": 0.031, "Actual Total Time": 32.432, "Actual Rows": 145007, "Actual Loops": 1, "Output": ["c.id", "c.postid", "c.score", "c.creationdate", "c.userid"], "Filter": "(c.creationdate >= '2010-07-29 21:53:37'::timestamp without time zone)", "Rows Removed by Filter": 1143}]}]}]}]}, "Planning Time": 1.623, "Triggers": [], "Execution Time": 174.873}]#####[{"Plan": {"Node Type": "Aggregate", "Strategy": "Plain", "Partial Mode": "Simple", "Parallel Aware": false, "Startup Cost": 10406.75, "Total Cost": 10406.76, "Plan Rows": 1, "Plan Width": 8, "Actual Startup Time": 288.06, "Actual Total Time": 288.063, "Actual Rows": 1, "Actual Loops": 1, "Output": ["count(*)"], "Plans": [{"Node Type": "Nested Loop", "Parent Relationship": "Outer", "Parallel Aware": false, "Join Type": "Inner", "Startup Cost": 1.31, "Total Cost": 9555.33, "Plan Rows": 340565, "Plan Width": 0, "Actual Startup Time": 0.086, "Actual Total Time": 271.262, "Actual Rows": 413918, "Actual Loops": 1, "Inner Unique": false, "Join Filter": "(pl.postid = v.postid)", "Rows Removed by Join Filter": 0, "Plans": [{"Node Type": "Merge Join", "Parent Relationship": "Outer", "Parallel Aware": false, "Join Type": "Inner", "Startup Cost": 1.01, "Total Cost": 6060.7, "Plan Rows": 6380, "Plan Width": 12, "Actual Startup Time": 0.06, "Actual Total Time": 50.691, "Actual Rows": 75172, "Actual Loops": 1, "Output": ["c.postid", "pl.postid", "ph.postid"], "Inner Unique": false, "Merge Cond": "(pl.postid = c.postid)", "Plans": [{"Node Type": "Nested Loop", "Parent Relationship": "Outer", "Parallel Aware": false, "Join Type": "Inner", "Startup Cost": 0.57, "Total Cost": 2532.56, "Plan Rows": 16197, "Plan Width": 8, "Actual Startup Time": 0.023, "Actual Total Time": 8.184, "Actual Rows": 22701, "Actual Loops": 1, "Output": ["pl.postid", "ph.postid"], "Inner Unique": false, "Plans": [{"Node Type": "Index Only Scan", "Parent Relationship": "Outer", "Parallel Aware": false, "Scan Direction": "Forward", "Index Name": "idx_postlinks_postid", "Relation Name": "postlinks", "Schema": "public", "Alias": "pl", "Startup Cost": 0.28, "Total Cost": 105.77, "Plan Rows": 3833, "Plan Width": 4, "Actual Startup Time": 0.015, "Actual Total Time": 0.428, "Actual Rows": 3833, "Actual Loops": 1, "Output": ["pl.postid"], "Heap Fetches": 0}, {"Node Type": "Index Only Scan", "Parent Relationship": "Inner", "Parallel Aware": false, "Scan Direction": "Forward", "Index Name": "idx_posthistory_postid", "Relation Name": "posthistory", "Schema": "public", "Alias": "ph", "Startup Cost": 0.29, "Total Cost": 0.59, "Plan Rows": 4, "Plan Width": 4, "Actual Startup Time": 0.001, "Actual Total Time": 0.001, "Actual Rows": 6, "Actual Loops": 3833, "Output": ["ph.postid"], "Index Cond": "(ph.postid = pl.postid)", "Rows Removed by Index Recheck": 0, "Heap Fetches": 0}]}, {"Node Type": "Index Scan", "Parent Relationship": "Inner", "Parallel Aware": false, "Scan Direction": "Forward", "Index Name": "idx_comments_postid", "Relation Name": "comments", "Schema": "public", "Alias": "c", "Startup Cost": 0.29, "Total Cost": 2654.13, "Plan Rows": 78551, "Plan Width": 4, "Actual Startup Time": 0.036, "Actual Total Time": 31.349, "Actual Rows": 145007, "Actual Loops": 1, "Output": ["c.id", "c.postid", "c.score", "c.creationdate", "c.userid"], "Filter": "(c.creationdate >= '2010-07-29 21:53:37'::timestamp without time zone)", "Rows Removed by Filter": 1143}]}, {"Node Type": "Index Scan", "Parent Relationship": "Inner", "Parallel Aware": false, "Scan Direction": "Forward", "Index Name": "idx_votes_postid", "Relation Name": "votes", "Schema": "public", "Alias": "v", "Startup Cost": 0.29, "Total Cost": 0.49, "Plan Rows": 5, "Plan Width": 4, "Actual Startup Time": 0.001, "Actual Total Time": 0.002, "Actual Rows": 6, "Actual Loops": 75172, "Output": ["v.id", "v.postid", "v.votetypeid", "v.creationdate", "v.userid", "v.bountyamount"], "Index Cond": "(v.postid = ph.postid)", "Rows Removed by Index Recheck": 0, "Filter": "((v.creationdate >= '2010-07-21 00:00:00'::timestamp without time zone) AND (v.creationdate <= '2014-09-13 00:00:00'::timestamp without time zone) AND (v.votetypeid = 2))", "Rows Removed by Filter": 3}]}]}, "Planning Time": 1.674, "Triggers": [], "Execution Time": 288.158}]#####[{"Plan": {"Node Type": "Aggregate", "Strategy": "Plain", "Partial Mode": "Simple", "Parallel Aware": false, "Startup Cost": 23921.28, "Total Cost": 23921.29, "Plan Rows": 1, "Plan Width": 8, "Actual Startup Time": 215.931, "Actual Total Time": 215.935, "Actual Rows": 1, "Actual Loops": 1, "Output": ["count(*)"], "Plans": [{"Node Type": "Merge Join", "Parent Relationship": "Outer", "Parallel Aware": false, "Join Type": "Inner", "Startup Cost": 1.83, "Total Cost": 23069.87, "Plan Rows": 340565, "Plan Width": 0, "Actual Startup Time": 0.131, "Actual Total Time": 201.15, "Actual Rows": 413918, "Actual Loops": 1, "Inner Unique": false, "Merge Cond": "(pl.postid = c.postid)", "Plans": [{"Node Type": "Nested Loop", "Parent Relationship": "Outer", "Parallel Aware": false, "Join Type": "Inner", "Startup Cost": 0.57, "Total Cost": 7235.11, "Plan Rows": 20461, "Plan Width": 8, "Actual Startup Time": 0.056, "Actual Total Time": 18.84, "Actual Rows": 17703, "Actual Loops": 1, "Output": ["pl.postid", "v.postid"], "Inner Unique": false, "Plans": [{"Node Type": "Index Only Scan", "Parent Relationship": "Outer", "Parallel Aware": false, "Scan Direction": "Forward", "Index Name": "idx_postlinks_postid", "Relation Name": "postlinks", "Schema": "public", "Alias": "pl", "Startup Cost": 0.28, "Total Cost": 105.77, "Plan Rows": 3833, "Plan Width": 4, "Actual Startup Time": 0.022, "Actual Total Time": 0.415, "Actual Rows": 3833, "Actual Loops": 1, "Output": ["pl.postid"], "Heap Fetches": 0}, {"Node Type": "Index Scan", "Parent Relationship": "Inner", "Parallel Aware": false, "Scan Direction": "Forward", "Index Name": "idx_votes_postid", "Relation Name": "votes", "Schema": "public", "Alias": "v", "Startup Cost": 0.29, "Total Cost": 1.81, "Plan Rows": 5, "Plan Width": 4, "Actual Startup Time": 0.001, "Actual Total Time": 0.004, "Actual Rows": 5, "Actual Loops": 3833, "Output": ["v.id", "v.postid", "v.votetypeid", "v.creationdate", "v.userid", "v.bountyamount"], "Index Cond": "(v.postid = pl.postid)", "Rows Removed by Index Recheck": 0, "Filter": "((v.creationdate >= '2010-07-21 00:00:00'::timestamp without time zone) AND (v.creationdate <= '2014-09-13 00:00:00'::timestamp without time zone) AND (v.votetypeid = 2))", "Rows Removed by Filter": 2}]}, {"Node Type": "Materialize", "Parent Relationship": "Inner", "Parallel Aware": false, "Startup Cost": 0.67, "Total Cost": 11501.78, "Plan Rows": 332467, "Plan Width": 8, "Actual Startup Time": 0.074, "Actual Total Time": 133.987, "Actual Rows": 667326, "Actual Loops": 1, "Output": ["c.postid", "ph.postid"], "Plans": [{"Node Type": "Merge Join", "Parent Relationship": "Outer", "Parallel Aware": false, "Join Type": "Inner", "Startup Cost": 0.67, "Total Cost": 10670.61, "Plan Rows": 332467, "Plan Width": 8, "Actual Startup Time": 0.07, "Actual Total Time": 87.872, "Actual Rows": 301420, "Actual Loops": 1, "Output": ["c.postid", "ph.postid"], "Inner Unique": false, "Merge Cond": "(c.postid = ph.postid)", "Plans": [{"Node Type": "Index Scan", "Parent Relationship": "Outer", "Parallel Aware": false, "Scan Direction": "Forward", "Index Name": "idx_comments_postid", "Relation Name": "comments", "Schema": "public", "Alias": "c", "Startup Cost": 0.29, "Total Cost": 2654.13, "Plan Rows": 78551, "Plan Width": 4, "Actual Startup Time": 0.042, "Actual Total Time": 20.101, "Actual Rows": 78541, "Actual Loops": 1, "Output": ["c.id", "c.postid", "c.score", "c.creationdate", "c.userid"], "Filter": "(c.creationdate >= '2010-07-29 21:53:37'::timestamp without time zone)", "Rows Removed by Filter": 794}, {"Node Type": "Materialize", "Parent Relationship": "Inner", "Parallel Aware": false, "Startup Cost": 0.29, "Total Cost": 3159.19, "Plan Rows": 129994, "Plan Width": 4, "Actual Startup Time": 0.019, "Actual Total Time": 31.877, "Actual Rows": 347102, "Actual Loops": 1, "Output": ["ph.postid"], "Plans": [{"Node Type": "Index Only Scan", "Parent Relationship": "Outer", "Parallel Aware": false, "Scan Direction": "Forward", "Index Name": "idx_posthistory_postid", "Relation Name": "posthistory", "Schema": "public", "Alias": "ph", "Startup Cost": 0.29, "Total Cost": 2834.2, "Plan Rows": 129994, "Plan Width": 4, "Actual Startup Time": 0.016, "Actual Total Time": 9.838, "Actual Rows": 129912, "Actual Loops": 1, "Output": ["ph.postid"], "Heap Fetches": 0}]}]}]}]}]}, "Planning Time": 2.829, "Triggers": [], "Execution Time": 216.06}]
[{"Plan": {"Node Type": "Aggregate", "Strategy": "Plain", "Partial Mode": "Simple", "Parallel Aware": false, "Startup Cost": 98.25, "Total Cost": 98.26, "Plan Rows": 1, "Plan Width": 8, "Actual Startup Time": 0.556, "Actual Total Time": 0.559, "Actual Rows": 1, "Actual Loops": 1, "Output": ["count(*)"], "Plans": [{"Node Type": "Nested Loop", "Parent Relationship": "Outer", "Parallel Aware": false, "Join Type": "Inner", "Startup Cost": 1.46, "Total Cost": 98.2, "Plan Rows": 20, "Plan Width": 0, "Actual Startup Time": 0.55, "Actual Total Time": 0.553, "Actual Rows": 0, "Actual Loops": 1, "Inner Unique": false, "Plans": [{"Node Type": "Nested Loop", "Parent Relationship": "Outer", "Parallel Aware": false, "Join Type": "Inner", "Startup Cost": 1.17, "Total Cost": 96.71, "Plan Rows": 4, "Plan Width": 4, "Actual Startup Time": 0.549, "Actual Total Time": 0.552, "Actual Rows": 0, "Actual Loops": 1, "Output": ["c.userid"], "Inner Unique": false, "Join Filter": "(p.id = v.postid)", "Rows Removed by Join Filter": 0, "Plans": [{"Node Type": "Nested Loop", "Parent Relationship": "Outer", "Parallel Aware": false, "Join Type": "Inner", "Startup Cost": 0.88, "Total Cost": 96.22, "Plan Rows": 1, "Plan Width": 20, "Actual Startup Time": 0.549, "Actual Total Time": 0.552, "Actual Rows": 0, "Actual Loops": 1, "Output": ["c.postid", "c.userid", "p.id", "pl.relatedpostid", "ph.postid"], "Inner Unique": false, "Join Filter": "(p.id = c.postid)", "Rows Removed by Join Filter": 0, "Plans": [{"Node Type": "Nested Loop", "Parent Relationship": "Outer", "Parallel Aware": false, "Join Type": "Inner", "Startup Cost": 0.58, "Total Cost": 95.73, "Plan Rows": 1, "Plan Width": 12, "Actual Startup Time": 0.549, "Actual Total Time": 0.552, "Actual Rows": 0, "Actual Loops": 1, "Output": ["p.id", "pl.relatedpostid", "ph.postid"], "Inner Unique": true, "Join Filter": "(pl.relatedpostid = p.id)", "Rows Removed by Join Filter": 0, "Plans": [{"Node Type": "Nested Loop", "Parent Relationship": "Outer", "Parallel Aware": false, "Join Type": "Inner", "Startup Cost": 0.29, "Total Cost": 95.35, "Plan Rows": 1, "Plan Width": 8, "Actual Startup Time": 0.549, "Actual Total Time": 0.551, "Actual Rows": 0, "Actual Loops": 1, "Output": ["pl.relatedpostid", "ph.postid"], "Inner Unique": false, "Plans": [{"Node Type": "Seq Scan", "Parent Relationship": "Outer", "Parallel Aware": false, "Relation Name": "postlinks", "Schema": "public", "Alias": "pl", "Startup Cost": 0.0, "Total Cost": 86.5, "Plan Rows": 1, "Plan Width": 4, "Actual Startup Time": 0.549, "Actual Total Time": 0.551, "Actual Rows": 0, "Actual Loops": 1, "Output": ["pl.id", "pl.creationdate", "pl.postid", "pl.relatedpostid", "pl.linktypeid"], "Filter": "((pl.creationdate <= '2014-09-10 05:59:53'::timestamp without time zone) AND (pl.linktypeid = 3))", "Rows Removed by Filter": 3833}, {"Node Type": "Index Scan", "Parent Relationship": "Inner", "Parallel Aware": false, "Scan Direction": "Forward", "Index Name": "idx_posthistory_postid", "Relation Name": "posthistory", "Schema": "public", "Alias": "ph", "Startup Cost": 0.29, "Total Cost": 8.85, "Plan Rows": 1, "Plan Width": 4, "Actual Startup Time": 0.0, "Actual Total Time": 0.0, "Actual Rows": 0, "Actual Loops": 0, "Output": ["ph.id", "ph.posthistorytypeid", "ph.postid", "ph.creationdate", "ph.userid"], "Index Cond": "(ph.postid = pl.relatedpostid)", "Rows Removed by Index Recheck": 0, "Filter": "(ph.posthistorytypeid = 2)", "Rows Removed by Filter": 0}]}, {"Node Type": "Index Scan", "Parent Relationship": "Inner", "Parallel Aware": false, "Scan Direction": "Forward", "Index Name": "posts_pkey", "Relation Name": "posts", "Schema": "public", "Alias": "p", "Startup Cost": 0.29, "Total Cost": 0.36, "Plan Rows": 1, "Plan Width": 4, "Actual Startup Time": 0.0, "Actual Total Time": 0.0, "Actual Rows": 0, "Actual Loops": 0, "Output": ["p.id", "p.posttypeid", "p.creationdate", "p.score", "p.viewcount", "p.owneruserid", "p.answercount", "p.commentcount", "p.favoritecount", "p.lasteditoruserid"], "Index Cond": "(p.id = ph.postid)", "Rows Removed by Index Recheck": 0, "Filter": "((p.favoritecount >= 0) AND (p.favoritecount <= 2) AND (p.creationdate >= '2010-09-30 03:05:13'::timestamp without time zone))", "Rows Removed by Filter": 0}]}, {"Node Type": "Index Scan", "Parent Relationship": "Inner", "Parallel Aware": false, "Scan Direction": "Forward", "Index Name": "idx_comments_postid", "Relation Name": "comments", "Schema": "public", "Alias": "c", "Startup Cost": 0.29, "Total Cost": 0.44, "Plan Rows": 4, "Plan Width": 8, "Actual Startup Time": 0.0, "Actual Total Time": 0.0, "Actual Rows": 0, "Actual Loops": 0, "Output": ["c.id", "c.postid", "c.score", "c.creationdate", "c.userid"], "Index Cond": "(c.postid = ph.postid)", "Rows Removed by Index Recheck": 0, "Filter": "(c.creationdate >= '2010-07-21 03:31:11'::timestamp without time zone)", "Rows Removed by Filter": 0}]}, {"Node Type": "Index Only Scan", "Parent Relationship": "Inner", "Parallel Aware": false, "Scan Direction": "Forward", "Index Name": "idx_votes_postid", "Relation Name": "votes", "Schema": "public", "Alias": "v", "Startup Cost": 0.29, "Total Cost": 0.41, "Plan Rows": 6, "Plan Width": 4, "Actual Startup Time": 0.0, "Actual Total Time": 0.0, "Actual Rows": 0, "Actual Loops": 0, "Output": ["v.postid"], "Index Cond": "(v.postid = c.postid)", "Rows Removed by Index Recheck": 0, "Heap Fetches": 0}]}, {"Node Type": "Index Only Scan", "Parent Relationship": "Inner", "Parallel Aware": false, "Scan Direction": "Forward", "Index Name": "idx_badges_userid", "Relation Name": "badges", "Schema": "public", "Alias": "b", "Startup Cost": 0.29, "Total Cost": 0.34, "Plan Rows": 3, "Plan Width": 4, "Actual Startup Time": 0.0, "Actual Total Time": 0.0, "Actual Rows": 0, "Actual Loops": 0, "Output": ["b.userid"], "Index Cond": "(b.userid = c.userid)", "Rows Removed by Index Recheck": 0, "Heap Fetches": 0}]}]}, "Planning Time": 9.13, "Triggers": [], "Execution Time": 0.686}]#####[{"Plan": {"Node Type": "Aggregate", "Strategy": "Plain", "Partial Mode": "Simple", "Parallel Aware": false, "Startup Cost": 98.68, "Total Cost": 98.69, "Plan Rows": 1, "Plan Width": 8, "Actual Startup Time": 0.368, "Actual Total Time": 0.371, "Actual Rows": 1, "Actual Loops": 1, "Output": ["count(*)"], "Plans": [{"Node Type": "Nested Loop", "Parent Relationship": "Outer", "Parallel Aware": false, "Join Type": "Inner", "Startup Cost": 1.46, "Total Cost": 98.16, "Plan Rows": 209, "Plan Width": 0, "Actual Startup Time": 0.364, "Actual Total Time": 0.366, "Actual Rows": 0, "Actual Loops": 1, "Inner Unique": false, "Plans": [{"Node Type": "Nested Loop", "Parent Relationship": "Outer", "Parallel Aware": false, "Join Type": "Inner", "Startup Cost": 1.17, "Total Cost": 96.67, "Plan Rows": 4, "Plan Width": 4, "Actual Startup Time": 0.364, "Actual Total Time": 0.366, "Actual Rows": 0, "Actual Loops": 1, "Output": ["c.userid"], "Inner Unique": false, "Join Filter": "(p.id = c.postid)", "Rows Removed by Join Filter": 0, "Plans": [{"Node Type": "Nested Loop", "Parent Relationship": "Outer", "Parallel Aware": false, "Join Type": "Inner", "Startup Cost": 0.88, "Total Cost": 96.23, "Plan Rows": 1, "Plan Width": 16, "Actual Startup Time": 0.364, "Actual Total Time": 0.366, "Actual Rows": 0, "Actual Loops": 1, "Output": ["p.id", "pl.relatedpostid", "ph.postid", "v.postid"], "Inner Unique": false, "Join Filter": "(p.id = v.postid)", "Rows Removed by Join Filter": 0, "Plans": [{"Node Type": "Nested Loop", "Parent Relationship": "Outer", "Parallel Aware": false, "Join Type": "Inner", "Startup Cost": 0.58, "Total Cost": 95.73, "Plan Rows": 1, "Plan Width": 12, "Actual Startup Time": 0.364, "Actual Total Time": 0.366, "Actual Rows": 0, "Actual Loops": 1, "Output": ["p.id", "pl.relatedpostid", "ph.postid"], "Inner Unique": true, "Join Filter": "(pl.relatedpostid = p.id)", "Rows Removed by Join Filter": 0, "Plans": [{"Node Type": "Nested Loop", "Parent Relationship": "Outer", "Parallel Aware": false, "Join Type": "Inner", "Startup Cost": 0.29, "Total Cost": 95.35, "Plan Rows": 1, "Plan Width": 8, "Actual Startup Time": 0.364, "Actual Total Time": 0.365, "Actual Rows": 0, "Actual Loops": 1, "Output": ["pl.relatedpostid", "ph.postid"], "Inner Unique": false, "Plans": [{"Node Type": "Seq Scan", "Parent Relationship": "Outer", "Parallel Aware": false, "Relation Name": "postlinks", "Schema": "public", "Alias": "pl", "Startup Cost": 0.0, "Total Cost": 86.5, "Plan Rows": 1, "Plan Width": 4, "Actual Startup Time": 0.364, "Actual Total Time": 0.365, "Actual Rows": 0, "Actual Loops": 1, "Output": ["pl.id", "pl.creationdate", "pl.postid", "pl.relatedpostid", "pl.linktypeid"], "Filter": "((pl.creationdate <= '2014-09-10 05:59:53'::timestamp without time zone) AND (pl.linktypeid = 3))", "Rows Removed by Filter": 3833}, {"Node Type": "Index Scan", "Parent Relationship": "Inner", "Parallel Aware": false, "Scan Direction": "Forward", "Index Name": "idx_posthistory_postid", "Relation Name": "posthistory", "Schema": "public", "Alias": "ph", "Startup Cost": 0.29, "Total Cost": 8.85, "Plan Rows": 1, "Plan Width": 4, "Actual Startup Time": 0.0, "Actual Total Time": 0.0, "Actual Rows": 0, "Actual Loops": 0, "Output": ["ph.id", "ph.posthistorytypeid", "ph.postid", "ph.creationdate", "ph.userid"], "Index Cond": "(ph.postid = pl.relatedpostid)", "Rows Removed by Index Recheck": 0, "Filter": "(ph.posthistorytypeid = 2)", "Rows Removed by Filter": 0}]}, {"Node Type": "Index Scan", "Parent Relationship": "Inner", "Parallel Aware": false, "Scan Direction": "Forward", "Index Name": "posts_pkey", "Relation Name": "posts", "Schema": "public", "Alias": "p", "Startup Cost": 0.29, "Total Cost": 0.36, "Plan Rows": 1, "Plan Width": 4, "Actual Startup Time": 0.0, "Actual Total Time": 0.0, "Actual Rows": 0, "Actual Loops": 0, "Output": ["p.id", "p.posttypeid", "p.creationdate", "p.score", "p.viewcount", "p.owneruserid", "p.answercount", "p.commentcount", "p.favoritecount", "p.lasteditoruserid"], "Index Cond": "(p.id = ph.postid)", "Rows Removed by Index Recheck": 0, "Filter": "((p.favoritecount >= 0) AND (p.favoritecount <= 2) AND (p.creationdate >= '2010-09-30 03:05:13'::timestamp without time zone))", "Rows Removed by Filter": 0}]}, {"Node Type": "Index Only Scan", "Parent Relationship": "Inner", "Parallel Aware": false, "Scan Direction": "Forward", "Index Name": "idx_votes_postid", "Relation Name": "votes", "Schema": "public", "Alias": "v", "Startup Cost": 0.29, "Total Cost": 0.42, "Plan Rows": 6, "Plan Width": 4, "Actual Startup Time": 0.0, "Actual Total Time": 0.0, "Actual Rows": 0, "Actual Loops": 0, "Output": ["v.postid"], "Index Cond": "(v.postid = ph.postid)", "Rows Removed by Index Recheck": 0, "Heap Fetches": 0}]}, {"Node Type": "Index Scan", "Parent Relationship": "Inner", "Parallel Aware": false, "Scan Direction": "Forward", "Index Name": "idx_comments_postid", "Relation Name": "comments", "Schema": "public", "Alias": "c", "Startup Cost": 0.29, "Total Cost": 0.39, "Plan Rows": 4, "Plan Width": 8, "Actual Startup Time": 0.0, "Actual Total Time": 0.0, "Actual Rows": 0, "Actual Loops": 0, "Output": ["c.id", "c.postid", "c.score", "c.creationdate", "c.userid"], "Index Cond": "(c.postid = v.postid)", "Rows Removed by Index Recheck": 0, "Filter": "(c.creationdate >= '2010-07-21 03:31:11'::timestamp without time zone)", "Rows Removed by Filter": 0}]}, {"Node Type": "Index Only Scan", "Parent Relationship": "Inner", "Parallel Aware": false, "Scan Direction": "Forward", "Index Name": "idx_badges_userid", "Relation Name": "badges", "Schema": "public", "Alias": "b", "Startup Cost": 0.29, "Total Cost": 0.34, "Plan Rows": 3, "Plan Width": 4, "Actual Startup Time": 0.0, "Actual Total Time": 0.0, "Actual Rows": 0, "Actual Loops": 0, "Output": ["b.userid"], "Index Cond": "(b.userid = c.userid)", "Rows Removed by Index Recheck": 0, "Heap Fetches": 0}]}]}, "Planning Time": 4.329, "Triggers": [], "Execution Time": 0.46}]#####[{"Plan": {"Node Type": "Aggregate", "Strategy": "Plain", "Partial Mode": "Simple", "Parallel Aware": false, "Startup Cost": 98.69, "Total Cost": 98.7, "Plan Rows": 1, "Plan Width": 8, "Actual Startup Time": 0.377, "Actual Total Time": 0.379, "Actual Rows": 1, "Actual Loops": 1, "Output": ["count(*)"], "Plans": [{"Node Type": "Nested Loop", "Parent Relationship": "Outer", "Parallel Aware": false, "Join Type": "Inner", "Startup Cost": 1.46, "Total Cost": 98.16, "Plan Rows": 209, "Plan Width": 0, "Actual Startup Time": 0.372, "Actual Total Time": 0.374, "Actual Rows": 0, "Actual Loops": 1, "Inner Unique": false, "Plans": [{"Node Type": "Nested Loop", "Parent Relationship": "Outer", "Parallel Aware": false, "Join Type": "Inner", "Startup Cost": 1.17, "Total Cost": 96.67, "Plan Rows": 4, "Plan Width": 4, "Actual Startup Time": 0.372, "Actual Total Time": 0.374, "Actual Rows": 0, "Actual Loops": 1, "Output": ["c.userid"], "Inner Unique": false, "Join Filter": "(p.id = v.postid)", "Rows Removed by Join Filter": 0, "Plans": [{"Node Type": "Nested Loop", "Parent Relationship": "Outer", "Parallel Aware": false, "Join Type": "Inner", "Startup Cost": 0.88, "Total Cost": 96.19, "Plan Rows": 1, "Plan Width": 20, "Actual Startup Time": 0.372, "Actual Total Time": 0.373, "Actual Rows": 0, "Actual Loops": 1, "Output": ["c.postid", "c.userid", "p.id", "pl.relatedpostid", "ph.postid"], "Inner Unique": true, "Plans": [{"Node Type": "Nested Loop", "Parent Relationship": "Outer", "Parallel Aware": false, "Join Type": "Inner", "Startup Cost": 0.58, "Total Cost": 95.85, "Plan Rows": 1, "Plan Width": 16, "Actual Startup Time": 0.372, "Actual Total Time": 0.373, "Actual Rows": 0, "Actual Loops": 1, "Output": ["c.postid", "c.userid", "pl.relatedpostid", "ph.postid"], "Inner Unique": false, "Join Filter": "(pl.relatedpostid = c.postid)", "Rows Removed by Join Filter": 0, "Plans": [{"Node Type": "Nested Loop", "Parent Relationship": "Outer", "Parallel Aware": false, "Join Type": "Inner", "Startup Cost": 0.29, "Total Cost": 95.35, "Plan Rows": 1, "Plan Width": 8, "Actual Startup Time": 0.372, "Actual Total Time": 0.373, "Actual Rows": 0, "Actual Loops": 1, "Output": ["pl.relatedpostid", "ph.postid"], "Inner Unique": false, "Plans": [{"Node Type": "Seq Scan", "Parent Relationship": "Outer", "Parallel Aware": false, "Relation Name": "postlinks", "Schema": "public", "Alias": "pl", "Startup Cost": 0.0, "Total Cost": 86.5, "Plan Rows": 1, "Plan Width": 4, "Actual Startup Time": 0.371, "Actual Total Time": 0.373, "Actual Rows": 0, "Actual Loops": 1, "Output": ["pl.id", "pl.creationdate", "pl.postid", "pl.relatedpostid", "pl.linktypeid"], "Filter": "((pl.creationdate <= '2014-09-10 05:59:53'::timestamp without time zone) AND (pl.linktypeid = 3))", "Rows Removed by Filter": 3833}, {"Node Type": "Index Scan", "Parent Relationship": "Inner", "Parallel Aware": false, "Scan Direction": "Forward", "Index Name": "idx_posthistory_postid", "Relation Name": "posthistory", "Schema": "public", "Alias": "ph", "Startup Cost": 0.29, "Total Cost": 8.85, "Plan Rows": 1, "Plan Width": 4, "Actual Startup Time": 0.0, "Actual Total Time": 0.0, "Actual Rows": 0, "Actual Loops": 0, "Output": ["ph.id", "ph.posthistorytypeid", "ph.postid", "ph.creationdate", "ph.userid"], "Index Cond": "(ph.postid = pl.relatedpostid)", "Rows Removed by Index Recheck": 0, "Filter": "(ph.posthistorytypeid = 2)", "Rows Removed by Filter": 0}]}, {"Node Type": "Index Scan", "Parent Relationship": "Inner", "Parallel Aware": false, "Scan Direction": "Forward", "Index Name": "idx_comments_postid", "Relation Name": "comments", "Schema": "public", "Alias": "c", "Startup Cost": 0.29, "Total Cost": 0.44, "Plan Rows": 4, "Plan Width": 8, "Actual Startup Time": 0.0, "Actual Total Time": 0.0, "Actual Rows": 0, "Actual Loops": 0, "Output": ["c.id", "c.postid", "c.score", "c.creationdate", "c.userid"], "Index Cond": "(c.postid = ph.postid)", "Rows Removed by Index Recheck": 0, "Filter": "(c.creationdate >= '2010-07-21 03:31:11'::timestamp without time zone)", "Rows Removed by Filter": 0}]}, {"Node Type": "Index Scan", "Parent Relationship": "Inner", "Parallel Aware": false, "Scan Direction": "Forward", "Index Name": "posts_pkey", "Relation Name": "posts", "Schema": "public", "Alias": "p", "Startup Cost": 0.29, "Total Cost": 0.34, "Plan Rows": 1, "Plan Width": 4, "Actual Startup Time": 0.0, "Actual Total Time": 0.0, "Actual Rows": 0, "Actual Loops": 0, "Output": ["p.id", "p.posttypeid", "p.creationdate", "p.score", "p.viewcount", "p.owneruserid", "p.answercount", "p.commentcount", "p.favoritecount", "p.lasteditoruserid"], "Index Cond": "(p.id = c.postid)", "Rows Removed by Index Recheck": 0, "Filter": "((p.favoritecount >= 0) AND (p.favoritecount <= 2) AND (p.creationdate >= '2010-09-30 03:05:13'::timestamp without time zone))", "Rows Removed by Filter": 0}]}, {"Node Type": "Index Only Scan", "Parent Relationship": "Inner", "Parallel Aware": false, "Scan Direction": "Forward", "Index Name": "idx_votes_postid", "Relation Name": "votes", "Schema": "public", "Alias": "v", "Startup Cost": 0.29, "Total Cost": 0.41, "Plan Rows": 6, "Plan Width": 4, "Actual Startup Time": 0.0, "Actual Total Time": 0.0, "Actual Rows": 0, "Actual Loops": 0, "Output": ["v.postid"], "Index Cond": "(v.postid = c.postid)", "Rows Removed by Index Recheck": 0, "Heap Fetches": 0}]}, {"Node Type": "Index Only Scan", "Parent Relationship": "Inner", "Parallel Aware": false, "Scan Direction": "Forward", "Index Name": "idx_badges_userid", "Relation Name": "badges", "Schema": "public", "Alias": "b", "Startup Cost": 0.29, "Total Cost": 0.34, "Plan Rows": 3, "Plan Width": 4, "Actual Startup Time": 0.0, "Actual Total Time": 0.0, "Actual Rows": 0, "Actual Loops": 0, "Output": ["b.userid"], "Index Cond": "(b.userid = c.userid)", "Rows Removed by Index Recheck": 0, "Heap Fetches": 0}]}]}, "Planning Time": 3.267, "Triggers": [], "Execution Time": 0.468}]
[{"Plan": {"Node Type": "Aggregate", "Strategy": "Plain", "Partial Mode": "Simple", "Parallel Aware": false, "Startup Cost": 5224.41, "Total Cost": 5224.42, "Plan Rows": 1, "Plan Width": 8, "Actual Startup Time": 66.078, "Actual Total Time": 66.085, "Actual Rows": 1, "Actual Loops": 1, "Output": ["count(*)"], "Plans": [{"Node Type": "Hash Join", "Parent Relationship": "Outer", "Parallel Aware": false, "Join Type": "Inner", "Startup Cost": 1941.21, "Total Cost": 5193.27, "Plan Rows": 12456, "Plan Width": 0, "Actual Startup Time": 14.737, "Actual Total Time": 62.349, "Actual Rows": 102041, "Actual Loops": 1, "Inner Unique": true, "Hash Cond": "(p.owneruserid = u.id)", "Plans": [{"Node Type": "Hash Join", "Parent Relationship": "Outer", "Parallel Aware": false, "Join Type": "Inner", "Startup Cost": 1384.46, "Total Cost": 4298.62, "Plan Rows": 128690, "Plan Width": 4, "Actual Startup Time": 11.145, "Actual Total Time": 44.446, "Actual Rows": 129596, "Actual Loops": 1, "Output": ["p.owneruserid"], "Inner Unique": true, "Hash Cond": "(ph.postid = p.id)", "Plans": [{"Node Type": "Seq Scan", "Parent Relationship": "Outer", "Parallel Aware": false, "Relation Name": "posthistory", "Schema": "public", "Alias": "ph", "Startup Cost": 0.0, "Total Cost": 2572.93, "Plan Rows": 129981, "Plan Width": 4, "Actual Startup Time": 0.008, "Actual Total Time": 15.02, "Actual Rows": 129994, "Actual Loops": 1, "Output": ["ph.id", "ph.posthistorytypeid", "ph.postid", "ph.creationdate", "ph.userid"], "Filter": "(ph.creationdate <= '2014-09-03 14:40:26'::timestamp without time zone)", "Rows Removed by Filter": 0}, {"Node Type": "Hash", "Parent Relationship": "Inner", "Parallel Aware": false, "Startup Cost": 874.79, "Total Cost": 874.79, "Plan Rows": 40774, "Plan Width": 8, "Actual Startup Time": 10.914, "Actual Total Time": 10.916, "Actual Rows": 41059, "Actual Loops": 1, "Output": ["p.id", "p.owneruserid"], "Hash Buckets": 65536, "Original Hash Buckets": 65536, "Hash Batches": 1, "Original Hash Batches": 1, "Peak Memory Usage": 2112, "Plans": [{"Node Type": "Seq Scan", "Parent Relationship": "Outer", "Parallel Aware": false, "Relation Name": "posts", "Schema": "public", "Alias": "p", "Startup Cost": 0.0, "Total Cost": 874.79, "Plan Rows": 40774, "Plan Width": 8, "Actual Startup Time": 0.016, "Actual Total Time": 6.462, "Actual Rows": 41059, "Actual Loops": 1, "Output": ["p.id", "p.owneruserid"], "Filter": "(p.creationdate >= '2010-07-19 20:37:21'::timestamp without time zone)", "Rows Removed by Filter": 124}]}]}, {"Node Type": "Hash", "Parent Relationship": "Inner", "Parallel Aware": false, "Startup Cost": 371.36, "Total Cost": 371.36, "Plan Rows": 14831, "Plan Width": 4, "Actual Startup Time": 3.527, "Actual Total Time": 3.528, "Actual Rows": 14831, "Actual Loops": 1, "Output": ["u.id"], "Hash Buckets": 16384, "Original Hash Buckets": 16384, "Hash Batches": 1, "Original Hash Batches": 1, "Peak Memory Usage": 650, "Plans": [{"Node Type": "Seq Scan", "Parent Relationship": "Outer", "Parallel Aware": false, "Relation Name": "users", "Schema": "public", "Alias": "u", "Startup Cost": 0.0, "Total Cost": 371.36, "Plan Rows": 14831, "Plan Width": 4, "Actual Startup Time": 0.017, "Actual Total Time": 2.158, "Actual Rows": 14831, "Actual Loops": 1, "Output": ["u.id"], "Filter": "((u.reputation >= 1) AND (u.downvotes >= 0) AND (u.downvotes <= 8))", "Rows Removed by Filter": 104}]}]}]}, "Planning Time": 0.879, "Triggers": [], "Execution Time": 66.208}]#####[{"Plan": {"Node Type": "Aggregate", "Strategy": "Plain", "Partial Mode": "Simple", "Parallel Aware": false, "Startup Cost": 3930.28, "Total Cost": 3930.29, "Plan Rows": 1, "Plan Width": 8, "Actual Startup Time": 74.099, "Actual Total Time": 74.104, "Actual Rows": 1, "Actual Loops": 1, "Output": ["count(*)"], "Plans": [{"Node Type": "Nested Loop", "Parent Relationship": "Outer", "Parallel Aware": false, "Join Type": "Inner", "Startup Cost": 557.04, "Total Cost": 3618.86, "Plan Rows": 124569, "Plan Width": 0, "Actual Startup Time": 3.6, "Actual Total Time": 69.577, "Actual Rows": 102041, "Actual Loops": 1, "Inner Unique": false, "Plans": [{"Node Type": "Hash Join", "Parent Relationship": "Outer", "Parallel Aware": false, "Join Type": "Inner", "Startup Cost": 556.75, "Total Cost": 1538.6, "Plan Rows": 3946, "Plan Width": 4, "Actual Startup Time": 3.582, "Actual Total Time": 15.593, "Actual Rows": 28541, "Actual Loops": 1, "Output": ["p.id"], "Inner Unique": true, "Hash Cond": "(p.owneruserid = u.id)", "Plans": [{"Node Type": "Seq Scan", "Parent Relationship": "Outer", "Parallel Aware": false, "Relation Name": "posts", "Schema": "public", "Alias": "p", "Startup Cost": 0.0, "Total Cost": 874.79, "Plan Rows": 40774, "Plan Width": 8, "Actual Startup Time": 0.017, "Actual Total Time": 5.43, "Actual Rows": 41059, "Actual Loops": 1, "Output": ["p.id", "p.posttypeid", "p.creationdate", "p.score", "p.viewcount", "p.owneruserid", "p.answercount", "p.commentcount", "p.favoritecount", "p.lasteditoruserid"], "Filter": "(p.creationdate >= '2010-07-19 20:37:21'::timestamp without time zone)", "Rows Removed by Filter": 124}, {"Node Type": "Hash", "Parent Relationship": "Inner", "Parallel Aware": false, "Startup Cost": 371.36, "Total Cost": 371.36, "Plan Rows": 14831, "Plan Width": 4, "Actual Startup Time": 3.503, "Actual Total Time": 3.504, "Actual Rows": 14831, "Actual Loops": 1, "Output": ["u.id"], "Hash Buckets": 16384, "Original Hash Buckets": 16384, "Hash Batches": 1, "Original Hash Batches": 1, "Peak Memory Usage": 650, "Plans": [{"Node Type": "Seq Scan", "Parent Relationship": "Outer", "Parallel Aware": false, "Relation Name": "users", "Schema": "public", "Alias": "u", "Startup Cost": 0.0, "Total Cost": 371.36, "Plan Rows": 14831, "Plan Width": 4, "Actual Startup Time": 0.01, "Actual Total Time": 2.149, "Actual Rows": 14831, "Actual Loops": 1, "Output": ["u.id"], "Filter": "((u.reputation >= 1) AND (u.downvotes >= 0) AND (u.downvotes <= 8))", "Rows Removed by Filter": 104}]}]}, {"Node Type": "Index Scan", "Parent Relationship": "Inner", "Parallel Aware": false, "Scan Direction": "Forward", "Index Name": "idx_posthistory_postid", "Relation Name": "posthistory", "Schema": "public", "Alias": "ph", "Startup Cost": 0.29, "Total Cost": 0.49, "Plan Rows": 4, "Plan Width": 4, "Actual Startup Time": 0.001, "Actual Total Time": 0.002, "Actual Rows": 4, "Actual Loops": 28541, "Output": ["ph.id", "ph.posthistorytypeid", "ph.postid", "ph.creationdate", "ph.userid"], "Index Cond": "(ph.postid = p.id)", "Rows Removed by Index Recheck": 0, "Filter": "(ph.creationdate <= '2014-09-03 14:40:26'::timestamp without time zone)", "Rows Removed by Filter": 0}]}]}, "Planning Time": 0.939, "Triggers": [], "Execution Time": 74.193}]
[{"Plan": {"Node Type": "Aggregate", "Strategy": "Plain", "Partial Mode": "Simple", "Parallel Aware": false, "Startup Cost": 9454.04, "Total Cost": 9454.05, "Plan Rows": 1, "Plan Width": 8, "Actual Startup Time": 63.384, "Actual Total Time": 63.392, "Actual Rows": 1, "Actual Loops": 1, "Output": ["count(*)"], "Plans": [{"Node Type": "Hash Join", "Parent Relationship": "Outer", "Parallel Aware": false, "Join Type": "Inner", "Startup Cost": 4405.19, "Total Cost": 9431.88, "Plan Rows": 8866, "Plan Width": 0, "Actual Startup Time": 35.367, "Actual Total Time": 62.986, "Actual Rows": 10555, "Actual Loops": 1, "Inner Unique": false, "Hash Cond": "(v.postid = p.id)", "Plans": [{"Node Type": "Seq Scan", "Parent Relationship": "Outer", "Parallel Aware": false, "Relation Name": "votes", "Schema": "public", "Alias": "v", "Startup Cost": 0.0, "Total Cost": 3528.49, "Plan Rows": 163079, "Plan Width": 4, "Actual Startup Time": 0.028, "Actual Total Time": 18.539, "Actual Rows": 164151, "Actual Loops": 1, "Output": ["v.id", "v.postid", "v.votetypeid", "v.creationdate", "v.userid", "v.bountyamount"], "Filter": "((v.creationdate >= '2010-07-19 00:00:00'::timestamp without time zone) AND (v.creationdate <= '2014-09-12 00:00:00'::timestamp without time zone))", "Rows Removed by Filter": 82}, {"Node Type": "Hash", "Parent Relationship": "Inner", "Parallel Aware": false, "Startup Cost": 4125.3, "Total Cost": 4125.3, "Plan Rows": 22391, "Plan Width": 8, "Actual Startup Time": 34.982, "Actual Total Time": 34.987, "Actual Rows": 3394, "Actual Loops": 1, "Output": ["c.postid", "p.id"], "Hash Buckets": 32768, "Original Hash Buckets": 32768, "Hash Batches": 1, "Original Hash Batches": 1, "Peak Memory Usage": 389, "Plans": [{"Node Type": "Hash Join", "Parent Relationship": "Outer", "Parallel Aware": false, "Join Type": "Inner", "Startup Cost": 1903.05, "Total Cost": 4125.3, "Plan Rows": 22391, "Plan Width": 8, "Actual Startup Time": 21.302, "Actual Total Time": 34.551, "Actual Rows": 3394, "Actual Loops": 1, "Output": ["c.postid", "p.id"], "Inner Unique": false, "Hash Cond": "(c.postid = p.id)", "Plans": [{"Node Type": "Seq Scan", "Parent Relationship": "Outer", "Parallel Aware": false, "Relation Name": "comments", "Schema": "public", "Alias": "c", "Startup Cost": 0.0, "Total Cost": 1773.36, "Plan Rows": 59996, "Plan Width": 4, "Actual Startup Time": 0.017, "Actual Total Time": 9.709, "Actual Rows": 60206, "Actual Loops": 1, "Output": ["c.id", "c.postid", "c.score", "c.creationdate", "c.userid"], "Filter": "((c.creationdate <= '2014-09-08 18:36:12'::timestamp without time zone) AND (c.score = 0))", "Rows Removed by Filter": 19151}, {"Node Type": "Hash", "Parent Relationship": "Inner", "Parallel Aware": false, "Startup Cost": 1710.92, "Total Cost": 1710.92, "Plan Rows": 15370, "Plan Width": 4, "Actual Startup Time": 21.069, "Actual Total Time": 21.073, "Actual Rows": 1522, "Actual Loops": 1, "Output": ["p.id"], "Hash Buckets": 16384, "Original Hash Buckets": 16384, "Hash Batches": 1, "Original Hash Batches": 1, "Peak Memory Usage": 182, "Plans": [{"Node Type": "Hash Join", "Parent Relationship": "Outer", "Parallel Aware": false, "Join Type": "Inner", "Startup Cost": 625.17, "Total Cost": 1710.92, "Plan Rows": 15370, "Plan Width": 4, "Actual Startup Time": 7.837, "Actual Total Time": 20.74, "Actual Rows": 1522, "Actual Loops": 1, "Output": ["p.id"], "Inner Unique": true, "Hash Cond": "(p.lasteditoruserid = u.id)", "Plans": [{"Node Type": "Seq Scan", "Parent Relationship": "Outer", "Parallel Aware": false, "Relation Name": "posts", "Schema": "public", "Alias": "p", "Startup Cost": 0.0, "Total Cost": 977.75, "Plan Rows": 41140, "Plan Width": 8, "Actual Startup Time": 0.021, "Actual Total Time": 8.971, "Actual Rows": 41145, "Actual Loops": 1, "Output": ["p.id", "p.posttypeid", "p.creationdate", "p.score", "p.viewcount", "p.owneruserid", "p.answercount", "p.commentcount", "p.favoritecount", "p.lasteditoruserid"], "Filter": "((p.commentcount >= 0) AND (p.commentcount <= 19))", "Rows Removed by Filter": 38}, {"Node Type": "Hash", "Parent Relationship": "Inner", "Parallel Aware": false, "Startup Cost": 483.38, "Total Cost": 483.38, "Plan Rows": 11344, "Plan Width": 4, "Actual Startup Time": 7.63, "Actual Total Time": 7.632, "Actual Rows": 12050, "Actual Loops": 1, "Output": ["u.id"], "Hash Buckets": 16384, "Original Hash Buckets": 16384, "Hash Batches": 1, "Original Hash Batches": 1, "Peak Memory Usage": 552, "Plans": [{"Node Type": "Seq Scan", "Parent Relationship": "Outer", "Parallel Aware": false, "Relation Name": "users", "Schema": "public", "Alias": "u", "Startup Cost": 0.0, "Total Cost": 483.38, "Plan Rows": 11344, "Plan Width": 4, "Actual Startup Time": 0.528, "Actual Total Time": 5.055, "Actual Rows": 12050, "Actual Loops": 1, "Output": ["u.id"], "Filter": "((u.reputation >= 1) AND (u.reputation <= 156) AND (u.downvotes >= 0) AND (u.downvotes <= 0) AND (u.creationdate >= '2011-01-03 21:03:48'::timestamp without time zone) AND (u.creationdate <= '2014-08-13 06:01:14'::timestamp without time zone))", "Rows Removed by Filter": 2885}]}]}]}]}]}]}]}, "Planning Time": 1.317, "Triggers": [], "Execution Time": 63.618}]#####[{"Plan": {"Node Type": "Aggregate", "Strategy": "Plain", "Partial Mode": "Simple", "Parallel Aware": false, "Startup Cost": 5672.91, "Total Cost": 5672.92, "Plan Rows": 1, "Plan Width": 8, "Actual Startup Time": 37.629, "Actual Total Time": 37.636, "Actual Rows": 1, "Actual Loops": 1, "Output": ["count(*)"], "Plans": [{"Node Type": "Nested Loop", "Parent Relationship": "Outer", "Parallel Aware": false, "Join Type": "Inner", "Startup Cost": 1903.34, "Total Cost": 5451.25, "Plan Rows": 88665, "Plan Width": 0, "Actual Startup Time": 15.45, "Actual Total Time": 37.121, "Actual Rows": 10555, "Actual Loops": 1, "Inner Unique": false, "Join Filter": "(p.id = v.postid)", "Rows Removed by Join Filter": 0, "Plans": [{"Node Type": "Hash Join", "Parent Relationship": "Outer", "Parallel Aware": false, "Join Type": "Inner", "Startup Cost": 1903.05, "Total Cost": 4125.3, "Plan Rows": 2239, "Plan Width": 8, "Actual Startup Time": 15.419, "Actual Total Time": 28.068, "Actual Rows": 3394, "Actual Loops": 1, "Output": ["c.postid", "p.id"], "Inner Unique": false, "Hash Cond": "(c.postid = p.id)", "Plans": [{"Node Type": "Seq Scan", "Parent Relationship": "Outer", "Parallel Aware": false, "Relation Name": "comments", "Schema": "public", "Alias": "c", "Startup Cost": 0.0, "Total Cost": 1773.36, "Plan Rows": 59996, "Plan Width": 4, "Actual Startup Time": 0.012, "Actual Total Time": 9.137, "Actual Rows": 60206, "Actual Loops": 1, "Output": ["c.id", "c.postid", "c.score", "c.creationdate", "c.userid"], "Filter": "((c.creationdate <= '2014-09-08 18:36:12'::timestamp without time zone) AND (c.score = 0))", "Rows Removed by Filter": 19151}, {"Node Type": "Hash", "Parent Relationship": "Inner", "Parallel Aware": false, "Startup Cost": 1710.92, "Total Cost": 1710.92, "Plan Rows": 15370, "Plan Width": 4, "Actual Startup Time": 15.252, "Actual Total Time": 15.256, "Actual Rows": 1522, "Actual Loops": 1, "Output": ["p.id"], "Hash Buckets": 16384, "Original Hash Buckets": 16384, "Hash Batches": 1, "Original Hash Batches": 1, "Peak Memory Usage": 182, "Plans": [{"Node Type": "Hash Join", "Parent Relationship": "Outer", "Parallel Aware": false, "Join Type": "Inner", "Startup Cost": 625.17, "Total Cost": 1710.92, "Plan Rows": 15370, "Plan Width": 4, "Actual Startup Time": 4.551, "Actual Total Time": 14.992, "Actual Rows": 1522, "Actual Loops": 1, "Output": ["p.id"], "Inner Unique": true, "Hash Cond": "(p.lasteditoruserid = u.id)", "Plans": [{"Node Type": "Seq Scan", "Parent Relationship": "Outer", "Parallel Aware": false, "Relation Name": "posts", "Schema": "public", "Alias": "p", "Startup Cost": 0.0, "Total Cost": 977.75, "Plan Rows": 41140, "Plan Width": 8, "Actual Startup Time": 0.01, "Actual Total Time": 7.339, "Actual Rows": 41145, "Actual Loops": 1, "Output": ["p.id", "p.posttypeid", "p.creationdate", "p.score", "p.viewcount", "p.owneruserid", "p.answercount", "p.commentcount", "p.favoritecount", "p.lasteditoruserid"], "Filter": "((p.commentcount >= 0) AND (p.commentcount <= 19))", "Rows Removed by Filter": 38}, {"Node Type": "Hash", "Parent Relationship": "Inner", "Parallel Aware": false, "Startup Cost": 483.38, "Total Cost": 483.38, "Plan Rows": 11344, "Plan Width": 4, "Actual Startup Time": 4.431, "Actual Total Time": 4.432, "Actual Rows": 12050, "Actual Loops": 1, "Output": ["u.id"], "Hash Buckets": 16384, "Original Hash Buckets": 16384, "Hash Batches": 1, "Original Hash Batches": 1, "Peak Memory Usage": 552, "Plans": [{"Node Type": "Seq Scan", "Parent Relationship": "Outer", "Parallel Aware": false, "Relation Name": "users", "Schema": "public", "Alias": "u", "Startup Cost": 0.0, "Total Cost": 483.38, "Plan Rows": 11344, "Plan Width": 4, "Actual Startup Time": 0.249, "Actual Total Time": 2.911, "Actual Rows": 12050, "Actual Loops": 1, "Output": ["u.id"], "Filter": "((u.reputation >= 1) AND (u.reputation <= 156) AND (u.downvotes >= 0) AND (u.downvotes <= 0) AND (u.creationdate >= '2011-01-03 21:03:48'::timestamp without time zone) AND (u.creationdate <= '2014-08-13 06:01:14'::timestamp without time zone))", "Rows Removed by Filter": 2885}]}]}]}]}, {"Node Type": "Index Scan", "Parent Relationship": "Inner", "Parallel Aware": false, "Scan Direction": "Forward", "Index Name": "idx_votes_postid", "Relation Name": "votes", "Schema": "public", "Alias": "v", "Startup Cost": 0.29, "Total Cost": 0.52, "Plan Rows": 6, "Plan Width": 4, "Actual Startup Time": 0.001, "Actual Total Time": 0.002, "Actual Rows": 3, "Actual Loops": 3394, "Output": ["v.id", "v.postid", "v.votetypeid", "v.creationdate", "v.userid", "v.bountyamount"], "Index Cond": "(v.postid = c.postid)", "Rows Removed by Index Recheck": 0, "Filter": "((v.creationdate >= '2010-07-19 00:00:00'::timestamp without time zone) AND (v.creationdate <= '2014-09-12 00:00:00'::timestamp without time zone))", "Rows Removed by Filter": 0}]}]}, "Planning Time": 3.132, "Triggers": [], "Execution Time": 37.749}]#####[{"Plan": {"Node Type": "Aggregate", "Strategy": "Plain", "Partial Mode": "Simple", "Parallel Aware": false, "Startup Cost": 20475.88, "Total Cost": 20475.89, "Plan Rows": 1, "Plan Width": 8, "Actual Startup Time": 154.421, "Actual Total Time": 154.428, "Actual Rows": 1, "Actual Loops": 1, "Output": ["count(*)"], "Plans": [{"Node Type": "Hash Join", "Parent Relationship": "Outer", "Parallel Aware": false, "Join Type": "Inner", "Startup Cost": 1904.06, "Total Cost": 20254.22, "Plan Rows": 88665, "Plan Width": 0, "Actual Startup Time": 17.452, "Actual Total Time": 153.951, "Actual Rows": 10555, "Actual Loops": 1, "Inner Unique": false, "Hash Cond": "(c.postid = p.id)", "Plans": [{"Node Type": "Merge Join", "Parent Relationship": "Outer", "Parallel Aware": false, "Join Type": "Inner", "Startup Cost": 1.01, "Total Cost": 15473.2, "Plan Rows": 384647, "Plan Width": 8, "Actual Startup Time": 0.333, "Actual Total Time": 126.109, "Actual Rows": 276062, "Actual Loops": 1, "Output": ["c.postid", "v.postid"], "Inner Unique": false, "Merge Cond": "(c.postid = v.postid)", "Plans": [{"Node Type": "Index Scan", "Parent Relationship": "Outer", "Parallel Aware": false, "Scan Direction": "Forward", "Index Name": "idx_comments_postid", "Relation Name": "comments", "Schema": "public", "Alias": "c", "Startup Cost": 0.29, "Total Cost": 2852.52, "Plan Rows": 59996, "Plan Width": 4, "Actual Startup Time": 0.034, "Actual Total Time": 20.494, "Actual Rows": 60206, "Actual Loops": 1, "Output": ["c.id", "c.postid", "c.score", "c.creationdate", "c.userid"], "Filter": "((c.creationdate <= '2014-09-08 18:36:12'::timestamp without time zone) AND (c.score = 0))", "Rows Removed by Filter": 19151}, {"Node Type": "Materialize", "Parent Relationship": "Inner", "Parallel Aware": false, "Startup Cost": 0.29, "Total Cost": 7117.17, "Plan Rows": 163079, "Plan Width": 4, "Actual Startup Time": 0.024, "Actual Total Time": 71.403, "Actual Rows": 343819, "Actual Loops": 1, "Output": ["v.id", "v.postid", "v.votetypeid", "v.creationdate", "v.userid", "v.bountyamount"], "Plans": [{"Node Type": "Index Scan", "Parent Relationship": "Outer", "Parallel Aware": false, "Scan Direction": "Forward", "Index Name": "idx_votes_postid", "Relation Name": "votes", "Schema": "public", "Alias": "v", "Startup Cost": 0.29, "Total Cost": 6709.47, "Plan Rows": 163079, "Plan Width": 4, "Actual Startup Time": 0.021, "Actual Total Time": 49.817, "Actual Rows": 164036, "Actual Loops": 1, "Output": ["v.id", "v.postid", "v.votetypeid", "v.creationdate", "v.userid", "v.bountyamount"], "Filter": "((v.creationdate >= '2010-07-19 00:00:00'::timestamp without time zone) AND (v.creationdate <= '2014-09-12 00:00:00'::timestamp without time zone))", "Rows Removed by Filter": 82}]}]}, {"Node Type": "Hash", "Parent Relationship": "Inner", "Parallel Aware": false, "Startup Cost": 1710.92, "Total Cost": 1710.92, "Plan Rows": 15370, "Plan Width": 4, "Actual Startup Time": 13.537, "Actual Total Time": 13.54, "Actual Rows": 1522, "Actual Loops": 1, "Output": ["p.id"], "Hash Buckets": 16384, "Original Hash Buckets": 16384, "Hash Batches": 1, "Original Hash Batches": 1, "Peak Memory Usage": 182, "Plans": [{"Node Type": "Hash Join", "Parent Relationship": "Outer", "Parallel Aware": false, "Join Type": "Inner", "Startup Cost": 625.17, "Total Cost": 1710.92, "Plan Rows": 15370, "Plan Width": 4, "Actual Startup Time": 4.379, "Actual Total Time": 13.296, "Actual Rows": 1522, "Actual Loops": 1, "Output": ["p.id"], "Inner Unique": true, "Hash Cond": "(p.lasteditoruserid = u.id)", "Plans": [{"Node Type": "Seq Scan", "Parent Relationship": "Outer", "Parallel Aware": false, "Relation Name": "posts", "Schema": "public", "Alias": "p", "Startup Cost": 0.0, "Total Cost": 977.75, "Plan Rows": 41140, "Plan Width": 8, "Actual Startup Time": 0.009, "Actual Total Time": 6.279, "Actual Rows": 41145, "Actual Loops": 1, "Output": ["p.id", "p.posttypeid", "p.creationdate", "p.score", "p.viewcount", "p.owneruserid", "p.answercount", "p.commentcount", "p.favoritecount", "p.lasteditoruserid"], "Filter": "((p.commentcount >= 0) AND (p.commentcount <= 19))", "Rows Removed by Filter": 38}, {"Node Type": "Hash", "Parent Relationship": "Inner", "Parallel Aware": false, "Startup Cost": 483.38, "Total Cost": 483.38, "Plan Rows": 11344, "Plan Width": 4, "Actual Startup Time": 4.263, "Actual Total Time": 4.263, "Actual Rows": 12050, "Actual Loops": 1, "Output": ["u.id"], "Hash Buckets": 16384, "Original Hash Buckets": 16384, "Hash Batches": 1, "Original Hash Batches": 1, "Peak Memory Usage": 552, "Plans": [{"Node Type": "Seq Scan", "Parent Relationship": "Outer", "Parallel Aware": false, "Relation Name": "users", "Schema": "public", "Alias": "u", "Startup Cost": 0.0, "Total Cost": 483.38, "Plan Rows": 11344, "Plan Width": 4, "Actual Startup Time": 0.246, "Actual Total Time": 2.842, "Actual Rows": 12050, "Actual Loops": 1, "Output": ["u.id"], "Filter": "((u.reputation >= 1) AND (u.reputation <= 156) AND (u.downvotes >= 0) AND (u.downvotes <= 0) AND (u.creationdate >= '2011-01-03 21:03:48'::timestamp without time zone) AND (u.creationdate <= '2014-08-13 06:01:14'::timestamp without time zone))", "Rows Removed by Filter": 2885}]}]}]}]}]}, "Planning Time": 3.677, "Triggers": [], "Execution Time": 154.575}]
[{"Plan": {"Node Type": "Aggregate", "Strategy": "Plain", "Partial Mode": "Simple", "Parallel Aware": false, "Startup Cost": 29586.15, "Total Cost": 29586.16, "Plan Rows": 1, "Plan Width": 8, "Actual Startup Time": 435.442, "Actual Total Time": 435.452, "Actual Rows": 1, "Actual Loops": 1, "Output": ["count(*)"], "Plans": [{"Node Type": "Hash Join", "Parent Relationship": "Outer", "Parallel Aware": false, "Join Type": "Inner", "Startup Cost": 10026.98, "Total Cost": 27412.39, "Plan Rows": 869507, "Plan Width": 0, "Actual Startup Time": 103.465, "Actual Total Time": 360.752, "Actual Rows": 2068868, "Actual Loops": 1, "Inner Unique": false, "Hash Cond": "(p.owneruserid = u.id)", "Plans": [{"Node Type": "Hash Join", "Parent Relationship": "Outer", "Parallel Aware": false, "Join Type": "Inner", "Startup Cost": 8574.61, "Total Cost": 16900.88, "Plan Rows": 358058, "Plan Width": 4, "Actual Startup Time": 88.821, "Actual Total Time": 180.617, "Actual Rows": 798479, "Actual Loops": 1, "Output": ["p.owneruserid"], "Inner Unique": false, "Hash Cond": "(v.postid = p.id)", "Plans": [{"Node Type": "Seq Scan", "Parent Relationship": "Outer", "Parallel Aware": false, "Relation Name": "votes", "Schema": "public", "Alias": "v", "Startup Cost": 0.0, "Total Cost": 3117.91, "Plan Rows": 162778, "Plan Width": 4, "Actual Startup Time": 0.041, "Actual Total Time": 17.919, "Actual Rows": 163819, "Actual Loops": 1, "Output": ["v.id", "v.postid", "v.votetypeid", "v.creationdate", "v.userid", "v.bountyamount"], "Filter": "(v.creationdate >= '2010-07-20 00:00:00'::timestamp without time zone)", "Rows Removed by Filter": 414}, {"Node Type": "Hash", "Parent Relationship": "Inner", "Parallel Aware": false, "Startup Cost": 7442.25, "Total Cost": 7442.25, "Plan Rows": 90589, "Plan Width": 16, "Actual Startup Time": 88.413, "Actual Total Time": 88.418, "Actual Rows": 194328, "Actual Loops": 1, "Output": ["c.postid", "p.owneruserid", "p.id", "ph.postid"], "Hash Buckets": 262144, "Original Hash Buckets": 131072, "Hash Batches": 1, "Original Hash Batches": 1, "Peak Memory Usage": 11133, "Plans": [{"Node Type": "Hash Join", "Parent Relationship": "Outer", "Parallel Aware": false, "Join Type": "Inner", "Startup Cost": 3313.53, "Total Cost": 7442.25, "Plan Rows": 90589, "Plan Width": 16, "Actual Startup Time": 26.718, "Actual Total Time": 65.945, "Actual Rows": 194328, "Actual Loops": 1, "Output": ["c.postid", "p.owneruserid", "p.id", "ph.postid"], "Inner Unique": false, "Hash Cond": "(ph.postid = p.id)", "Plans": [{"Node Type": "Seq Scan", "Parent Relationship": "Outer", "Parallel Aware": false, "Relation Name": "posthistory", "Schema": "public", "Alias": "ph", "Startup Cost": 0.0, "Total Cost": 2572.93, "Plan Rows": 129981, "Plan Width": 4, "Actual Startup Time": 0.009, "Actual Total Time": 15.004, "Actual Rows": 129994, "Actual Loops": 1, "Output": ["ph.id", "ph.posthistorytypeid", "ph.postid", "ph.creationdate", "ph.userid"], "Filter": "(ph.creationdate <= '2014-09-07 14:47:56'::timestamp without time zone)", "Rows Removed by Filter": 0}, {"Node Type": "Hash", "Parent Relationship": "Inner", "Parallel Aware": false, "Startup Cost": 2954.75, "Total Cost": 2954.75, "Plan Rows": 28702, "Plan Width": 12, "Actual Startup Time": 26.607, "Actual Total Time": 26.611, "Actual Rows": 33274, "Actual Loops": 1, "Output": ["c.postid", "p.owneruserid", "p.id"], "Hash Buckets": 65536, "Original Hash Buckets": 32768, "Hash Batches": 1, "Original Hash Batches": 1, "Peak Memory Usage": 1938, "Plans": [{"Node Type": "Hash Join", "Parent Relationship": "Outer", "Parallel Aware": false, "Join Type": "Inner", "Startup Cost": 1369.85, "Total Cost": 2954.75, "Plan Rows": 28702, "Plan Width": 12, "Actual Startup Time": 6.983, "Actual Total Time": 22.536, "Actual Rows": 33274, "Actual Loops": 1, "Output": ["c.postid", "p.owneruserid", "p.id"], "Inner Unique": true, "Hash Cond": "(c.postid = p.id)", "Plans": [{"Node Type": "Seq Scan", "Parent Relationship": "Outer", "Parallel Aware": false, "Relation Name": "comments", "Schema": "public", "Alias": "c", "Startup Cost": 0.0, "Total Cost": 1376.57, "Plan Rows": 79357, "Plan Width": 4, "Actual Startup Time": 0.004, "Actual Total Time": 4.55, "Actual Rows": 79357, "Actual Loops": 1, "Output": ["c.id", "c.postid", "c.score", "c.creationdate", "c.userid"]}, {"Node Type": "Hash", "Parent Relationship": "Inner", "Parallel Aware": false, "Startup Cost": 1183.66, "Total Cost": 1183.66, "Plan Rows": 14895, "Plan Width": 8, "Actual Startup Time": 6.924, "Actual Total Time": 6.925, "Actual Rows": 15140, "Actual Loops": 1, "Output": ["p.owneruserid", "p.id"], "Hash Buckets": 16384, "Original Hash Buckets": 16384, "Hash Batches": 1, "Original Hash Batches": 1, "Peak Memory Usage": 718, "Plans": [{"Node Type": "Seq Scan", "Parent Relationship": "Outer", "Parallel Aware": false, "Relation Name": "posts", "Schema": "public", "Alias": "p", "Startup Cost": 0.0, "Total Cost": 1183.66, "Plan Rows": 14895, "Plan Width": 8, "Actual Startup Time": 0.009, "Actual Total Time": 5.415, "Actual Rows": 15140, "Actual Loops": 1, "Output": ["p.owneruserid", "p.id"], "Filter": "((p.score >= '-1'::integer) AND (p.score <= 15) AND (p.viewcount <= 3708) AND (p.creationdate <= '2014-09-07 02:41:35'::timestamp without time zone))", "Rows Removed by Filter": 26043}]}]}]}]}]}]}, {"Node Type": "Hash", "Parent Relationship": "Inner", "Parallel Aware": false, "Startup Cost": 1063.58, "Total Cost": 1063.58, "Plan Rows": 31104, "Plan Width": 8, "Actual Startup Time": 14.501, "Actual Total Time": 14.503, "Actual Rows": 21964, "Actual Loops": 1, "Output": ["b.userid", "u.id"], "Hash Buckets": 32768, "Original Hash Buckets": 32768, "Hash Batches": 1, "Original Hash Batches": 1, "Peak Memory Usage": 1114, "Plans": [{"Node Type": "Hash Join", "Parent Relationship": "Outer", "Parallel Aware": false, "Join Type": "Inner", "Startup Cost": 474.68, "Total Cost": 1063.58, "Plan Rows": 31104, "Plan Width": 8, "Actual Startup Time": 4.134, "Actual Total Time": 11.87, "Actual Rows": 21964, "Actual Loops": 1, "Output": ["b.userid", "u.id"], "Inner Unique": true, "Hash Cond": "(b.userid = u.id)", "Plans": [{"Node Type": "Seq Scan", "Parent Relationship": "Outer", "Parallel Aware": false, "Relation Name": "badges", "Schema": "public", "Alias": "b", "Startup Cost": 0.0, "Total Cost": 503.24, "Plan Rows": 32624, "Plan Width": 4, "Actual Startup Time": 0.009, "Actual Total Time": 2.157, "Actual Rows": 32624, "Actual Loops": 1, "Output": ["b.id", "b.userid", "b.date"]}, {"Node Type": "Hash", "Parent Relationship": "Inner", "Parallel Aware": false, "Startup Cost": 296.69, "Total Cost": 296.69, "Plan Rows": 14239, "Plan Width": 4, "Actual Startup Time": 4.06, "Actual Total Time": 4.06, "Actual Rows": 14239, "Actual Loops": 1, "Output": ["u.id"], "Hash Buckets": 16384, "Original Hash Buckets": 16384, "Hash Batches": 1, "Original Hash Batches": 1, "Peak Memory Usage": 629, "Plans": [{"Node Type": "Seq Scan", "Parent Relationship": "Outer", "Parallel Aware": false, "Relation Name": "users", "Schema": "public", "Alias": "u", "Startup Cost": 0.0, "Total Cost": 296.69, "Plan Rows": 14239, "Plan Width": 4, "Actual Startup Time": 0.012, "Actual Total Time": 2.415, "Actual Rows": 14239, "Actual Loops": 1, "Output": ["u.id"], "Filter": "(u.views <= 46)", "Rows Removed by Filter": 696}]}]}]}]}]}, "Planning Time": 6.389, "Triggers": [], "Execution Time": 435.894}]#####[{"Plan": {"Node Type": "Aggregate", "Strategy": "Plain", "Partial Mode": "Simple", "Parallel Aware": false, "Startup Cost": 40575.4, "Total Cost": 40575.41, "Plan Rows": 1, "Plan Width": 8, "Actual Startup Time": 412.129, "Actual Total Time": 412.141, "Actual Rows": 1, "Actual Loops": 1, "Output": ["count(*)"], "Plans": [{"Node Type": "Hash Join", "Parent Relationship": "Outer", "Parallel Aware": false, "Join Type": "Inner", "Startup Cost": 17444.49, "Total Cost": 18837.71, "Plan Rows": 8695078, "Plan Width": 0, "Actual Startup Time": 204.759, "Actual Total Time": 339.342, "Actual Rows": 2068868, "Actual Loops": 1, "Inner Unique": false, "Hash Cond": "(b.userid = u.id)", "Plans": [{"Node Type": "Seq Scan", "Parent Relationship": "Outer", "Parallel Aware": false, "Relation Name": "badges", "Schema": "public", "Alias": "b", "Startup Cost": 0.0, "Total Cost": 503.24, "Plan Rows": 32624, "Plan Width": 4, "Actual Startup Time": 0.009, "Actual Total Time": 1.669, "Actual Rows": 32624, "Actual Loops": 1, "Output": ["b.id", "b.userid", "b.date"]}, {"Node Type": "Hash", "Parent Relationship": "Inner", "Parallel Aware": false, "Startup Cost": 17028.55, "Total Cost": 17028.55, "Plan Rows": 33275, "Plan Width": 8, "Actual Startup Time": 204.5, "Actual Total Time": 204.509, "Actual Rows": 475654, "Actual Loops": 1, "Output": ["p.owneruserid", "u.id"], "Hash Buckets": 524288, "Original Hash Buckets": 65536, "Hash Batches": 1, "Original Hash Batches": 1, "Peak Memory Usage": 22677, "Plans": [{"Node Type": "Hash Join", "Parent Relationship": "Outer", "Parallel Aware": false, "Join Type": "Inner", "Startup Cost": 8955.28, "Total Cost": 17028.55, "Plan Rows": 33275, "Plan Width": 8, "Actual Startup Time": 84.709, "Actual Total Time": 157.441, "Actual Rows": 475654, "Actual Loops": 1, "Output": ["p.owneruserid", "u.id"], "Inner Unique": false, "Hash Cond": "(v.postid = p.id)", "Plans": [{"Node Type": "Seq Scan", "Parent Relationship": "Outer", "Parallel Aware": false, "Relation Name": "votes", "Schema": "public", "Alias": "v", "Startup Cost": 0.0, "Total Cost": 3117.91, "Plan Rows": 162778, "Plan Width": 4, "Actual Startup Time": 0.053, "Actual Total Time": 16.949, "Actual Rows": 163819, "Actual Loops": 1, "Output": ["v.id", "v.postid", "v.votetypeid", "v.creationdate", "v.userid", "v.bountyamount"], "Filter": "(v.creationdate >= '2010-07-20 00:00:00'::timestamp without time zone)", "Rows Removed by Filter": 414}, {"Node Type": "Hash", "Parent Relationship": "Inner", "Parallel Aware": false, "Startup Cost": 7902.93, "Total Cost": 7902.93, "Plan Rows": 84188, "Plan Width": 20, "Actual Startup Time": 84.223, "Actual Total Time": 84.23, "Actual Rows": 128891, "Actual Loops": 1, "Output": ["c.postid", "p.owneruserid", "p.id", "ph.postid", "u.id"], "Hash Buckets": 131072, "Original Hash Buckets": 131072, "Hash Batches": 1, "Original Hash Batches": 1, "Peak Memory Usage": 7570, "Plans": [{"Node Type": "Hash Join", "Parent Relationship": "Outer", "Parallel Aware": false, "Join Type": "Inner", "Startup Cost": 3838.22, "Total Cost": 7902.93, "Plan Rows": 84188, "Plan Width": 20, "Actual Startup Time": 33.328, "Actual Total Time": 68.599, "Actual Rows": 128891, "Actual Loops": 1, "Output": ["c.postid", "p.owneruserid", "p.id", "ph.postid", "u.id"], "Inner Unique": false, "Hash Cond": "(ph.postid = p.id)", "Plans": [{"Node Type": "Seq Scan", "Parent Relationship": "Outer", "Parallel Aware": false, "Relation Name": "posthistory", "Schema": "public", "Alias": "ph", "Startup Cost": 0.0, "Total Cost": 2572.93, "Plan Rows": 129981, "Plan Width": 4, "Actual Startup Time": 0.01, "Actual Total Time": 14.851, "Actual Rows": 129994, "Actual Loops": 1, "Output": ["ph.id", "ph.posthistorytypeid", "ph.postid", "ph.creationdate", "ph.userid"], "Filter": "(ph.creationdate <= '2014-09-07 14:47:56'::timestamp without time zone)", "Rows Removed by Filter": 0}, {"Node Type": "Hash", "Parent Relationship": "Inner", "Parallel Aware": false, "Startup Cost": 3504.79, "Total Cost": 3504.79, "Plan Rows": 26674, "Plan Width": 16, "Actual Startup Time": 33.19, "Actual Total Time": 33.195, "Actual Rows": 22230, "Actual Loops": 1, "Output": ["c.postid", "p.owneruserid", "p.id", "u.id"], "Hash Buckets": 32768, "Original Hash Buckets": 32768, "Hash Batches": 1, "Original Hash Batches": 1, "Peak Memory Usage": 1299, "Plans": [{"Node Type": "Hash Join", "Parent Relationship": "Outer", "Parallel Aware": false, "Join Type": "Inner", "Startup Cost": 1844.52, "Total Cost": 3504.79, "Plan Rows": 26674, "Plan Width": 16, "Actual Startup Time": 10.895, "Actual Total Time": 30.444, "Actual Rows": 22230, "Actual Loops": 1, "Output": ["c.postid", "p.owneruserid", "p.id", "u.id"], "Inner Unique": true, "Hash Cond": "(p.owneruserid = u.id)", "Plans": [{"Node Type": "Hash Join", "Parent Relationship": "Outer", "Parallel Aware": false, "Join Type": "Inner", "Startup Cost": 1369.85, "Total Cost": 2954.75, "Plan Rows": 28702, "Plan Width": 12, "Actual Startup Time": 7.139, "Actual Total Time": 22.913, "Actual Rows": 33274, "Actual Loops": 1, "Output": ["c.postid", "p.owneruserid", "p.id"], "Inner Unique": true, "Hash Cond": "(c.postid = p.id)", "Plans": [{"Node Type": "Seq Scan", "Parent Relationship": "Outer", "Parallel Aware": false, "Relation Name": "comments", "Schema": "public", "Alias": "c", "Startup Cost": 0.0, "Total Cost": 1376.57, "Plan Rows": 79357, "Plan Width": 4, "Actual Startup Time": 0.004, "Actual Total Time": 4.534, "Actual Rows": 79357, "Actual Loops": 1, "Output": ["c.id", "c.postid", "c.score", "c.creationdate", "c.userid"]}, {"Node Type": "Hash", "Parent Relationship": "Inner", "Parallel Aware": false, "Startup Cost": 1183.66, "Total Cost": 1183.66, "Plan Rows": 14895, "Plan Width": 8, "Actual Startup Time": 7.08, "Actual Total Time": 7.081, "Actual Rows": 15140, "Actual Loops": 1, "Output": ["p.owneruserid", "p.id"], "Hash Buckets": 16384, "Original Hash Buckets": 16384, "Hash Batches": 1, "Original Hash Batches": 1, "Peak Memory Usage": 718, "Plans": [{"Node Type": "Seq Scan", "Parent Relationship": "Outer", "Parallel Aware": false, "Relation Name": "posts", "Schema": "public", "Alias": "p", "Startup Cost": 0.0, "Total Cost": 1183.66, "Plan Rows": 14895, "Plan Width": 8, "Actual Startup Time": 0.01, "Actual Total Time": 5.558, "Actual Rows": 15140, "Actual Loops": 1, "Output": ["p.owneruserid", "p.id"], "Filter": "((p.score >= '-1'::integer) AND (p.score <= 15) AND (p.viewcount <= 3708) AND (p.creationdate <= '2014-09-07 02:41:35'::timestamp without time zone))", "Rows Removed by Filter": 26043}]}]}, {"Node Type": "Hash", "Parent Relationship": "Inner", "Parallel Aware": false, "Startup Cost": 296.69, "Total Cost": 296.69, "Plan Rows": 14239, "Plan Width": 4, "Actual Startup Time": 3.694, "Actual Total Time": 3.695, "Actual Rows": 14239, "Actual Loops": 1, "Output": ["u.id"], "Hash Buckets": 16384, "Original Hash Buckets": 16384, "Hash Batches": 1, "Original Hash Batches": 1, "Peak Memory Usage": 629, "Plans": [{"Node Type": "Seq Scan", "Parent Relationship": "Outer", "Parallel Aware": false, "Relation Name": "users", "Schema": "public", "Alias": "u", "Startup Cost": 0.0, "Total Cost": 296.69, "Plan Rows": 14239, "Plan Width": 4, "Actual Startup Time": 0.011, "Actual Total Time": 2.196, "Actual Rows": 14239, "Actual Loops": 1, "Output": ["u.id"], "Filter": "(u.views <= 46)", "Rows Removed by Filter": 696}]}]}]}]}]}]}]}]}]}, "Planning Time": 7.652, "Triggers": [], "Execution Time": 412.801}]#####[{"Plan": {"Node Type": "Aggregate", "Strategy": "Plain", "Partial Mode": "Simple", "Parallel Aware": false, "Startup Cost": 37797.07, "Total Cost": 37797.08, "Plan Rows": 1, "Plan Width": 8, "Actual Startup Time": 413.621, "Actual Total Time": 413.632, "Actual Rows": 1, "Actual Loops": 1, "Output": ["count(*)"], "Plans": [{"Node Type": "Hash Join", "Parent Relationship": "Outer", "Parallel Aware": false, "Join Type": "Inner", "Startup Cost": 11461.56, "Total Cost": 16059.37, "Plan Rows": 8695078, "Plan Width": 0, "Actual Startup Time": 182.521, "Actual Total Time": 338.819, "Actual Rows": 2068868, "Actual Loops": 1, "Inner Unique": false, "Hash Cond": "(v.postid = p.id)", "Plans": [{"Node Type": "Seq Scan", "Parent Relationship": "Outer", "Parallel Aware": false, "Relation Name": "votes", "Schema": "public", "Alias": "v", "Startup Cost": 0.0, "Total Cost": 3117.91, "Plan Rows": 162778, "Plan Width": 4, "Actual Startup Time": 0.055, "Actual Total Time": 16.926, "Actual Rows": 163819, "Actual Loops": 1, "Output": ["v.id", "v.postid", "v.votetypeid", "v.creationdate", "v.userid", "v.bountyamount"], "Filter": "(v.creationdate >= '2010-07-20 00:00:00'::timestamp without time zone)", "Rows Removed by Filter": 414}, {"Node Type": "Hash", "Parent Relationship": "Inner", "Parallel Aware": false, "Startup Cost": 11186.59, "Total Cost": 11186.59, "Plan Rows": 21998, "Plan Width": 12, "Actual Startup Time": 182.315, "Actual Total Time": 182.323, "Actual Rows": 488860, "Actual Loops": 1, "Output": ["c.postid", "p.id", "ph.postid"], "Hash Buckets": 524288, "Original Hash Buckets": 32768, "Hash Batches": 1, "Original Hash Batches": 1, "Peak Memory Usage": 25102, "Plans": [{"Node Type": "Hash Join", "Parent Relationship": "Outer", "Parallel Aware": false, "Join Type": "Inner", "Startup Cost": 4765.9, "Total Cost": 11186.59, "Plan Rows": 21998, "Plan Width": 12, "Actual Startup Time": 41.789, "Actual Total Time": 129.686, "Actual Rows": 488860, "Actual Loops": 1, "Output": ["c.postid", "p.id", "ph.postid"], "Inner Unique": false, "Hash Cond": "(p.owneruserid = u.id)", "Plans": [{"Node Type": "Hash Join", "Parent Relationship": "Outer", "Parallel Aware": false, "Join Type": "Inner", "Startup Cost": 3313.53, "Total Cost": 7442.25, "Plan Rows": 90589, "Plan Width": 16, "Actual Startup Time": 27.013, "Actual Total Time": 68.959, "Actual Rows": 194328, "Actual Loops": 1, "Output": ["c.postid", "p.owneruserid", "p.id", "ph.postid"], "Inner Unique": false, "Hash Cond": "(ph.postid = p.id)", "Plans": [{"Node Type": "Seq Scan", "Parent Relationship": "Outer", "Parallel Aware": false, "Relation Name": "posthistory", "Schema": "public", "Alias": "ph", "Startup Cost": 0.0, "Total Cost": 2572.93, "Plan Rows": 129981, "Plan Width": 4, "Actual Startup Time": 0.01, "Actual Total Time": 15.873, "Actual Rows": 129994, "Actual Loops": 1, "Output": ["ph.id", "ph.posthistorytypeid", "ph.postid", "ph.creationdate", "ph.userid"], "Filter": "(ph.creationdate <= '2014-09-07 14:47:56'::timestamp without time zone)", "Rows Removed by Filter": 0}, {"Node Type": "Hash", "Parent Relationship": "Inner", "Parallel Aware": false, "Startup Cost": 2954.75, "Total Cost": 2954.75, "Plan Rows": 28702, "Plan Width": 12, "Actual Startup Time": 26.907, "Actual Total Time": 26.911, "Actual Rows": 33274, "Actual Loops": 1, "Output": ["c.postid", "p.owneruserid", "p.id"], "Hash Buckets": 65536, "Original Hash Buckets": 32768, "Hash Batches": 1, "Original Hash Batches": 1, "Peak Memory Usage": 1938, "Plans": [{"Node Type": "Hash Join", "Parent Relationship": "Outer", "Parallel Aware": false, "Join Type": "Inner", "Startup Cost": 1369.85, "Total Cost": 2954.75, "Plan Rows": 28702, "Plan Width": 12, "Actual Startup Time": 7.072, "Actual Total Time": 22.693, "Actual Rows": 33274, "Actual Loops": 1, "Output": ["c.postid", "p.owneruserid", "p.id"], "Inner Unique": true, "Hash Cond": "(c.postid = p.id)", "Plans": [{"Node Type": "Seq Scan", "Parent Relationship": "Outer", "Parallel Aware": false, "Relation Name": "comments", "Schema": "public", "Alias": "c", "Startup Cost": 0.0, "Total Cost": 1376.57, "Plan Rows": 79357, "Plan Width": 4, "Actual Startup Time": 0.004, "Actual Total Time": 4.438, "Actual Rows": 79357, "Actual Loops": 1, "Output": ["c.id", "c.postid", "c.score", "c.creationdate", "c.userid"]}, {"Node Type": "Hash", "Parent Relationship": "Inner", "Parallel Aware": false, "Startup Cost": 1183.66, "Total Cost": 1183.66, "Plan Rows": 14895, "Plan Width": 8, "Actual Startup Time": 7.01, "Actual Total Time": 7.011, "Actual Rows": 15140, "Actual Loops": 1, "Output": ["p.owneruserid", "p.id"], "Hash Buckets": 16384, "Original Hash Buckets": 16384, "Hash Batches": 1, "Original Hash Batches": 1, "Peak Memory Usage": 718, "Plans": [{"Node Type": "Seq Scan", "Parent Relationship": "Outer", "Parallel Aware": false, "Relation Name": "posts", "Schema": "public", "Alias": "p", "Startup Cost": 0.0, "Total Cost": 1183.66, "Plan Rows": 14895, "Plan Width": 8, "Actual Startup Time": 0.009, "Actual Total Time": 5.471, "Actual Rows": 15140, "Actual Loops": 1, "Output": ["p.owneruserid", "p.id"], "Filter": "((p.score >= '-1'::integer) AND (p.score <= 15) AND (p.viewcount <= 3708) AND (p.creationdate <= '2014-09-07 02:41:35'::timestamp without time zone))", "Rows Removed by Filter": 26043}]}]}]}]}, {"Node Type": "Hash", "Parent Relationship": "Inner", "Parallel Aware": false, "Startup Cost": 1063.58, "Total Cost": 1063.58, "Plan Rows": 31104, "Plan Width": 8, "Actual Startup Time": 14.663, "Actual Total Time": 14.665, "Actual Rows": 21964, "Actual Loops": 1, "Output": ["b.userid", "u.id"], "Hash Buckets": 32768, "Original Hash Buckets": 32768, "Hash Batches": 1, "Original Hash Batches": 1, "Peak Memory Usage": 1114, "Plans": [{"Node Type": "Hash Join", "Parent Relationship": "Outer", "Parallel Aware": false, "Join Type": "Inner", "Startup Cost": 474.68, "Total Cost": 1063.58, "Plan Rows": 31104, "Plan Width": 8, "Actual Startup Time": 4.319, "Actual Total Time": 11.998, "Actual Rows": 21964, "Actual Loops": 1, "Output": ["b.userid", "u.id"], "Inner Unique": true, "Hash Cond": "(b.userid = u.id)", "Plans": [{"Node Type": "Seq Scan", "Parent Relationship": "Outer", "Parallel Aware": false, "Relation Name": "badges", "Schema": "public", "Alias": "b", "Startup Cost": 0.0, "Total Cost": 503.24, "Plan Rows": 32624, "Plan Width": 4, "Actual Startup Time": 0.007, "Actual Total Time": 2.148, "Actual Rows": 32624, "Actual Loops": 1, "Output": ["b.id", "b.userid", "b.date"]}, {"Node Type": "Hash", "Parent Relationship": "Inner", "Parallel Aware": false, "Startup Cost": 296.69, "Total Cost": 296.69, "Plan Rows": 14239, "Plan Width": 4, "Actual Startup Time": 4.246, "Actual Total Time": 4.247, "Actual Rows": 14239, "Actual Loops": 1, "Output": ["u.id"], "Hash Buckets": 16384, "Original Hash Buckets": 16384, "Hash Batches": 1, "Original Hash Batches": 1, "Peak Memory Usage": 629, "Plans": [{"Node Type": "Seq Scan", "Parent Relationship": "Outer", "Parallel Aware": false, "Relation Name": "users", "Schema": "public", "Alias": "u", "Startup Cost": 0.0, "Total Cost": 296.69, "Plan Rows": 14239, "Plan Width": 4, "Actual Startup Time": 0.011, "Actual Total Time": 2.505, "Actual Rows": 14239, "Actual Loops": 1, "Output": ["u.id"], "Filter": "(u.views <= 46)", "Rows Removed by Filter": 696}]}]}]}]}]}]}]}, "Planning Time": 6.815, "Triggers": [], "Execution Time": 414.321}]
[{"Plan": {"Node Type": "Aggregate", "Strategy": "Plain", "Partial Mode": "Simple", "Parallel Aware": false, "Startup Cost": 1739.33, "Total Cost": 1739.34, "Plan Rows": 1, "Plan Width": 8, "Actual Startup Time": 22.661, "Actual Total Time": 22.667, "Actual Rows": 1, "Actual Loops": 1, "Output": ["count(*)"], "Plans": [{"Node Type": "Nested Loop", "Parent Relationship": "Outer", "Parallel Aware": false, "Join Type": "Inner", "Startup Cost": 1110.74, "Total Cost": 1738.89, "Plan Rows": 178, "Plan Width": 0, "Actual Startup Time": 7.596, "Actual Total Time": 21.93, "Actual Rows": 16533, "Actual Loops": 1, "Inner Unique": false, "Join Filter": "(p.id = v.postid)", "Rows Removed by Join Filter": 0, "Plans": [{"Node Type": "Nested Loop", "Parent Relationship": "Outer", "Parallel Aware": false, "Join Type": "Inner", "Startup Cost": 1110.45, "Total Cost": 1498.16, "Plan Rows": 454, "Plan Width": 16, "Actual Startup Time": 7.575, "Actual Total Time": 13.52, "Actual Rows": 3344, "Actual Loops": 1, "Output": ["c.postid", "p.id", "pl.postid", "ph.postid"], "Inner Unique": false, "Join Filter": "(p.id = ph.postid)", "Rows Removed by Join Filter": 0, "Plans": [{"Node Type": "Nested Loop", "Parent Relationship": "Outer", "Parallel Aware": false, "Join Type": "Inner", "Startup Cost": 1110.16, "Total Cost": 1426.09, "Plan Rows": 144, "Plan Width": 12, "Actual Startup Time": 7.557, "Actual Total Time": 11.331, "Actual Rows": 496, "Actual Loops": 1, "Output": ["c.postid", "p.id", "pl.postid"], "Inner Unique": false, "Join Filter": "(p.id = c.postid)", "Rows Removed by Join Filter": 0, "Plans": [{"Node Type": "Nested Loop", "Parent Relationship": "Outer", "Parallel Aware": false, "Join Type": "Inner", "Startup Cost": 1109.86, "Total Cost": 1311.12, "Plan Rows": 99, "Plan Width": 8, "Actual Startup Time": 7.443, "Actual Total Time": 10.128, "Actual Rows": 179, "Actual Loops": 1, "Output": ["p.id", "pl.postid"], "Inner Unique": true, "Plans": [{"Node Type": "Hash Join", "Parent Relationship": "Outer", "Parallel Aware": false, "Join Type": "Inner", "Startup Cost": 1109.58, "Total Cost": 1186.97, "Plan Rows": 215, "Plan Width": 12, "Actual Startup Time": 7.418, "Actual Total Time": 8.311, "Actual Rows": 1435, "Actual Loops": 1, "Output": ["p.id", "p.lasteditoruserid", "pl.postid"], "Inner Unique": true, "Hash Cond": "(pl.postid = p.id)", "Plans": [{"Node Type": "Seq Scan", "Parent Relationship": "Outer", "Parallel Aware": false, "Relation Name": "postlinks", "Schema": "public", "Alias": "pl", "Startup Cost": 0.0, "Total Cost": 67.33, "Plan Rows": 3833, "Plan Width": 4, "Actual Startup Time": 0.011, "Actual Total Time": 0.229, "Actual Rows": 3833, "Actual Loops": 1, "Output": ["pl.id", "pl.creationdate", "pl.postid", "pl.relatedpostid", "pl.linktypeid"]}, {"Node Type": "Hash", "Parent Relationship": "Inner", "Parallel Aware": false, "Startup Cost": 1080.7, "Total Cost": 1080.7, "Plan Rows": 2310, "Plan Width": 8, "Actual Startup Time": 7.357, "Actual Total Time": 7.358, "Actual Rows": 5851, "Actual Loops": 1, "Output": ["p.id", "p.lasteditoruserid"], "Hash Buckets": 8192, "Original Hash Buckets": 4096, "Hash Batches": 1, "Original Hash Batches": 1, "Peak Memory Usage": 287, "Plans": [{"Node Type": "Seq Scan", "Parent Relationship": "Outer", "Parallel Aware": false, "Relation Name": "posts", "Schema": "public", "Alias": "p", "Startup Cost": 0.0, "Total Cost": 1080.7, "Plan Rows": 2310, "Plan Width": 8, "Actual Startup Time": 0.011, "Actual Total Time": 6.501, "Actual Rows": 5851, "Actual Loops": 1, "Output": ["p.id", "p.lasteditoruserid"], "Filter": "((p.answercount >= 0) AND (p.commentcount >= 0) AND (p.favoritecount <= 3))", "Rows Removed by Filter": 35332}]}]}, {"Node Type": "Index Scan", "Parent Relationship": "Inner", "Parallel Aware": false, "Scan Direction": "Forward", "Index Name": "users_pkey", "Relation Name": "users", "Schema": "public", "Alias": "u", "Startup Cost": 0.29, "Total Cost": 0.58, "Plan Rows": 1, "Plan Width": 4, "Actual Startup Time": 0.001, "Actual Total Time": 0.001, "Actual Rows": 0, "Actual Loops": 1435, "Output": ["u.id", "u.reputation", "u.creationdate", "u.views", "u.upvotes", "u.downvotes"], "Index Cond": "(u.id = p.lasteditoruserid)", "Rows Removed by Index Recheck": 0, "Filter": "((u.downvotes >= 0) AND (u.downvotes <= 0) AND (u.upvotes >= 0) AND (u.upvotes <= 53))", "Rows Removed by Filter": 1}]}, {"Node Type": "Index Scan", "Parent Relationship": "Inner", "Parallel Aware": false, "Scan Direction": "Forward", "Index Name": "idx_comments_postid", "Relation Name": "comments", "Schema": "public", "Alias": "c", "Startup Cost": 0.29, "Total Cost": 1.12, "Plan Rows": 3, "Plan Width": 4, "Actual Startup Time": 0.005, "Actual Total Time": 0.006, "Actual Rows": 3, "Actual Loops": 179, "Output": ["c.id", "c.postid", "c.score", "c.creationdate", "c.userid"], "Index Cond": "(c.postid = pl.postid)", "Rows Removed by Index Recheck": 0, "Filter": "(c.score = 0)", "Rows Removed by Filter": 1}]}, {"Node Type": "Index Scan", "Parent Relationship": "Inner", "Parallel Aware": false, "Scan Direction": "Forward", "Index Name": "idx_posthistory_postid", "Relation Name": "posthistory", "Schema": "public", "Alias": "ph", "Startup Cost": 0.29, "Total Cost": 0.45, "Plan Rows": 4, "Plan Width": 4, "Actual Startup Time": 0.002, "Actual Total Time": 0.004, "Actual Rows": 7, "Actual Loops": 496, "Output": ["ph.id", "ph.posthistorytypeid", "ph.postid", "ph.creationdate", "ph.userid"], "Index Cond": "(ph.postid = c.postid)", "Rows Removed by Index Recheck": 0, "Filter": "(ph.creationdate <= '2014-07-17 01:04:44'::timestamp without time zone)", "Rows Removed by Filter": 0}]}, {"Node Type": "Index Scan", "Parent Relationship": "Inner", "Parallel Aware": false, "Scan Direction": "Forward", "Index Name": "idx_votes_postid", "Relation Name": "votes", "Schema": "public", "Alias": "v", "Startup Cost": 0.29, "Total Cost": 0.46, "Plan Rows": 6, "Plan Width": 4, "Actual Startup Time": 0.001, "Actual Total Time": 0.002, "Actual Rows": 5, "Actual Loops": 3344, "Output": ["v.id", "v.postid", "v.votetypeid", "v.creationdate", "v.userid", "v.bountyamount"], "Index Cond": "(v.postid = ph.postid)", "Rows Removed by Index Recheck": 0, "Filter": "(v.creationdate >= '2010-07-21 00:00:00'::timestamp without time zone)", "Rows Removed by Filter": 0}]}]}, "Planning Time": 8.5, "Triggers": [], "Execution Time": 22.784}]#####[{"Plan": {"Node Type": "Aggregate", "Strategy": "Plain", "Partial Mode": "Simple", "Parallel Aware": false, "Startup Cost": 3726.91, "Total Cost": 3726.92, "Plan Rows": 1, "Plan Width": 8, "Actual Startup Time": 82.383, "Actual Total Time": 82.39, "Actual Rows": 1, "Actual Loops": 1, "Output": ["count(*)"], "Plans": [{"Node Type": "Hash Join", "Parent Relationship": "Outer", "Parallel Aware": false, "Join Type": "Inner", "Startup Cost": 1693.4, "Total Cost": 3722.44, "Plan Rows": 1788, "Plan Width": 0, "Actual Startup Time": 12.818, "Actual Total Time": 81.641, "Actual Rows": 16533, "Actual Loops": 1, "Inner Unique": true, "Hash Cond": "(p.lasteditoruserid = u.id)", "Plans": [{"Node Type": "Nested Loop", "Parent Relationship": "Outer", "Parallel Aware": false, "Join Type": "Inner", "Startup Cost": 1110.46, "Total Cost": 2117.19, "Plan Rows": 389400, "Plan Width": 4, "Actual Startup Time": 6.999, "Actual Total Time": 70.51, "Actual Rows": 103461, "Actual Loops": 1, "Output": ["p.lasteditoruserid"], "Inner Unique": false, "Join Filter": "(p.id = v.postid)", "Rows Removed by Join Filter": 0, "Plans": [{"Node Type": "Nested Loop", "Parent Relationship": "Outer", "Parallel Aware": false, "Join Type": "Inner", "Startup Cost": 1110.16, "Total Cost": 1593.3, "Plan Rows": 988, "Plan Width": 20, "Actual Startup Time": 6.984, "Actual Total Time": 23.701, "Actual Rows": 19143, "Actual Loops": 1, "Output": ["c.postid", "p.id", "p.lasteditoruserid", "pl.postid", "ph.postid"], "Inner Unique": false, "Join Filter": "(p.id = ph.postid)", "Rows Removed by Join Filter": 0, "Plans": [{"Node Type": "Nested Loop", "Parent Relationship": "Outer", "Parallel Aware": false, "Join Type": "Inner", "Startup Cost": 1109.87, "Total Cost": 1436.66, "Plan Rows": 313, "Plan Width": 16, "Actual Startup Time": 6.968, "Actual Total Time": 12.961, "Actual Rows": 2988, "Actual Loops": 1, "Output": ["c.postid", "p.id", "p.lasteditoruserid", "pl.postid"], "Inner Unique": false, "Join Filter": "(p.id = c.postid)", "Rows Removed by Join Filter": 0, "Plans": [{"Node Type": "Hash Join", "Parent Relationship": "Outer", "Parallel Aware": false, "Join Type": "Inner", "Startup Cost": 1109.58, "Total Cost": 1186.97, "Plan Rows": 215, "Plan Width": 12, "Actual Startup Time": 6.938, "Actual Total Time": 8.069, "Actual Rows": 1435, "Actual Loops": 1, "Output": ["p.id", "p.lasteditoruserid", "pl.postid"], "Inner Unique": true, "Hash Cond": "(pl.postid = p.id)", "Plans": [{"Node Type": "Seq Scan", "Parent Relationship": "Outer", "Parallel Aware": false, "Relation Name": "postlinks", "Schema": "public", "Alias": "pl", "Startup Cost": 0.0, "Total Cost": 67.33, "Plan Rows": 3833, "Plan Width": 4, "Actual Startup Time": 0.007, "Actual Total Time": 0.233, "Actual Rows": 3833, "Actual Loops": 1, "Output": ["pl.id", "pl.creationdate", "pl.postid", "pl.relatedpostid", "pl.linktypeid"]}, {"Node Type": "Hash", "Parent Relationship": "Inner", "Parallel Aware": false, "Startup Cost": 1080.7, "Total Cost": 1080.7, "Plan Rows": 2310, "Plan Width": 8, "Actual Startup Time": 6.908, "Actual Total Time": 6.908, "Actual Rows": 5851, "Actual Loops": 1, "Output": ["p.id", "p.lasteditoruserid"], "Hash Buckets": 8192, "Original Hash Buckets": 4096, "Hash Batches": 1, "Original Hash Batches": 1, "Peak Memory Usage": 287, "Plans": [{"Node Type": "Seq Scan", "Parent Relationship": "Outer", "Parallel Aware": false, "Relation Name": "posts", "Schema": "public", "Alias": "p", "Startup Cost": 0.0, "Total Cost": 1080.7, "Plan Rows": 2310, "Plan Width": 8, "Actual Startup Time": 0.012, "Actual Total Time": 6.128, "Actual Rows": 5851, "Actual Loops": 1, "Output": ["p.id", "p.lasteditoruserid"], "Filter": "((p.answercount >= 0) AND (p.commentcount >= 0) AND (p.favoritecount <= 3))", "Rows Removed by Filter": 35332}]}]}, {"Node Type": "Index Scan", "Parent Relationship": "Inner", "Parallel Aware": false, "Scan Direction": "Forward", "Index Name": "idx_comments_postid", "Relation Name": "comments", "Schema": "public", "Alias": "c", "Startup Cost": 0.29, "Total Cost": 1.12, "Plan Rows": 3, "Plan Width": 4, "Actual Startup Time": 0.002, "Actual Total Time": 0.003, "Actual Rows": 2, "Actual Loops": 1435, "Output": ["c.id", "c.postid", "c.score", "c.creationdate", "c.userid"], "Index Cond": "(c.postid = pl.postid)", "Rows Removed by Index Recheck": 0, "Filter": "(c.score = 0)", "Rows Removed by Filter": 1}]}, {"Node Type": "Index Scan", "Parent Relationship": "Inner", "Parallel Aware": false, "Scan Direction": "Forward", "Index Name": "idx_posthistory_postid", "Relation Name": "posthistory", "Schema": "public", "Alias": "ph", "Startup Cost": 0.29, "Total Cost": 0.45, "Plan Rows": 4, "Plan Width": 4, "Actual Startup Time": 0.001, "Actual Total Time": 0.003, "Actual Rows": 6, "Actual Loops": 2988, "Output": ["ph.id", "ph.posthistorytypeid", "ph.postid", "ph.creationdate", "ph.userid"], "Index Cond": "(ph.postid = c.postid)", "Rows Removed by Index Recheck": 0, "Filter": "(ph.creationdate <= '2014-07-17 01:04:44'::timestamp without time zone)", "Rows Removed by Filter": 0}]}, {"Node Type": "Index Scan", "Parent Relationship": "Inner", "Parallel Aware": false, "Scan Direction": "Forward", "Index Name": "idx_votes_postid", "Relation Name": "votes", "Schema": "public", "Alias": "v", "Startup Cost": 0.29, "Total Cost": 0.46, "Plan Rows": 6, "Plan Width": 4, "Actual Startup Time": 0.001, "Actual Total Time": 0.002, "Actual Rows": 5, "Actual Loops": 19143, "Output": ["v.id", "v.postid", "v.votetypeid", "v.creationdate", "v.userid", "v.bountyamount"], "Index Cond": "(v.postid = ph.postid)", "Rows Removed by Index Recheck": 0, "Filter": "(v.creationdate >= '2010-07-21 00:00:00'::timestamp without time zone)", "Rows Removed by Filter": 0}]}, {"Node Type": "Hash", "Parent Relationship": "Inner", "Parallel Aware": false, "Startup Cost": 408.7, "Total Cost": 408.7, "Plan Rows": 13939, "Plan Width": 4, "Actual Startup Time": 4.785, "Actual Total Time": 4.785, "Actual Rows": 14212, "Actual Loops": 1, "Output": ["u.id"], "Hash Buckets": 16384, "Original Hash Buckets": 16384, "Hash Batches": 1, "Original Hash Batches": 1, "Peak Memory Usage": 628, "Plans": [{"Node Type": "Seq Scan", "Parent Relationship": "Outer", "Parallel Aware": false, "Relation Name": "users", "Schema": "public", "Alias": "u", "Startup Cost": 0.0, "Total Cost": 408.7, "Plan Rows": 13939, "Plan Width": 4, "Actual Startup Time": 0.021, "Actual Total Time": 2.995, "Actual Rows": 14212, "Actual Loops": 1, "Output": ["u.id"], "Filter": "((u.downvotes >= 0) AND (u.downvotes <= 0) AND (u.upvotes >= 0) AND (u.upvotes <= 53))", "Rows Removed by Filter": 723}]}]}]}, "Planning Time": 9.198, "Triggers": [], "Execution Time": 82.54}]#####[{"Plan": {"Node Type": "Aggregate", "Strategy": "Plain", "Partial Mode": "Simple", "Parallel Aware": false, "Startup Cost": 2680.82, "Total Cost": 2680.83, "Plan Rows": 1, "Plan Width": 8, "Actual Startup Time": 37.155, "Actual Total Time": 37.161, "Actual Rows": 1, "Actual Loops": 1, "Output": ["count(*)"], "Plans": [{"Node Type": "Nested Loop", "Parent Relationship": "Outer", "Parallel Aware": false, "Join Type": "Inner", "Startup Cost": 1693.4, "Total Cost": 2676.35, "Plan Rows": 1788, "Plan Width": 0, "Actual Startup Time": 11.411, "Actual Total Time": 36.457, "Actual Rows": 16533, "Actual Loops": 1, "Inner Unique": false, "Join Filter": "(p.id = v.postid)", "Rows Removed by Join Filter": 0, "Plans": [{"Node Type": "Hash Join", "Parent Relationship": "Outer", "Parallel Aware": false, "Join Type": "Inner", "Startup Cost": 1693.1, "Total Cost": 2435.62, "Plan Rows": 454, "Plan Width": 16, "Actual Startup Time": 11.392, "Actual Total Time": 28.369, "Actual Rows": 3344, "Actual Loops": 1, "Output": ["c.postid", "p.id", "pl.postid", "ph.postid"], "Inner Unique": true, "Hash Cond": "(p.lasteditoruserid = u.id)", "Plans": [{"Node Type": "Nested Loop", "Parent Relationship": "Outer", "Parallel Aware": false, "Join Type": "Inner", "Startup Cost": 1110.16, "Total Cost": 1593.3, "Plan Rows": 98800, "Plan Width": 20, "Actual Startup Time": 6.807, "Actual Total Time": 22.721, "Actual Rows": 19143, "Actual Loops": 1, "Output": ["c.postid", "p.id", "p.lasteditoruserid", "pl.postid", "ph.postid"], "Inner Unique": false, "Join Filter": "(p.id = ph.postid)", "Rows Removed by Join Filter": 0, "Plans": [{"Node Type": "Nested Loop", "Parent Relationship": "Outer", "Parallel Aware": false, "Join Type": "Inner", "Startup Cost": 1109.87, "Total Cost": 1436.66, "Plan Rows": 313, "Plan Width": 16, "Actual Startup Time": 6.79, "Actual Total Time": 12.585, "Actual Rows": 2988, "Actual Loops": 1, "Output": ["c.postid", "p.id", "p.lasteditoruserid", "pl.postid"], "Inner Unique": false, "Join Filter": "(p.id = c.postid)", "Rows Removed by Join Filter": 0, "Plans": [{"Node Type": "Hash Join", "Parent Relationship": "Outer", "Parallel Aware": false, "Join Type": "Inner", "Startup Cost": 1109.58, "Total Cost": 1186.97, "Plan Rows": 215, "Plan Width": 12, "Actual Startup Time": 6.76, "Actual Total Time": 7.767, "Actual Rows": 1435, "Actual Loops": 1, "Output": ["p.id", "p.lasteditoruserid", "pl.postid"], "Inner Unique": true, "Hash Cond": "(pl.postid = p.id)", "Plans": [{"Node Type": "Seq Scan", "Parent Relationship": "Outer", "Parallel Aware": false, "Relation Name": "postlinks", "Schema": "public", "Alias": "pl", "Startup Cost": 0.0, "Total Cost": 67.33, "Plan Rows": 3833, "Plan Width": 4, "Actual Startup Time": 0.007, "Actual Total Time": 0.232, "Actual Rows": 3833, "Actual Loops": 1, "Output": ["pl.id", "pl.creationdate", "pl.postid", "pl.relatedpostid", "pl.linktypeid"]}, {"Node Type": "Hash", "Parent Relationship": "Inner", "Parallel Aware": false, "Startup Cost": 1080.7, "Total Cost": 1080.7, "Plan Rows": 2310, "Plan Width": 8, "Actual Startup Time": 6.732, "Actual Total Time": 6.733, "Actual Rows": 5851, "Actual Loops": 1, "Output": ["p.id", "p.lasteditoruserid"], "Hash Buckets": 8192, "Original Hash Buckets": 4096, "Hash Batches": 1, "Original Hash Batches": 1, "Peak Memory Usage": 287, "Plans": [{"Node Type": "Seq Scan", "Parent Relationship": "Outer", "Parallel Aware": false, "Relation Name": "posts", "Schema": "public", "Alias": "p", "Startup Cost": 0.0, "Total Cost": 1080.7, "Plan Rows": 2310, "Plan Width": 8, "Actual Startup Time": 0.011, "Actual Total Time": 5.964, "Actual Rows": 5851, "Actual Loops": 1, "Output": ["p.id", "p.lasteditoruserid"], "Filter": "((p.answercount >= 0) AND (p.commentcount >= 0) AND (p.favoritecount <= 3))", "Rows Removed by Filter": 35332}]}]}, {"Node Type": "Index Scan", "Parent Relationship": "Inner", "Parallel Aware": false, "Scan Direction": "Forward", "Index Name": "idx_comments_postid", "Relation Name": "comments", "Schema": "public", "Alias": "c", "Startup Cost": 0.29, "Total Cost": 1.12, "Plan Rows": 3, "Plan Width": 4, "Actual Startup Time": 0.002, "Actual Total Time": 0.003, "Actual Rows": 2, "Actual Loops": 1435, "Output": ["c.id", "c.postid", "c.score", "c.creationdate", "c.userid"], "Index Cond": "(c.postid = pl.postid)", "Rows Removed by Index Recheck": 0, "Filter": "(c.score = 0)", "Rows Removed by Filter": 1}]}, {"Node Type": "Index Scan", "Parent Relationship": "Inner", "Parallel Aware": false, "Scan Direction": "Forward", "Index Name": "idx_posthistory_postid", "Relation Name": "posthistory", "Schema": "public", "Alias": "ph", "Startup Cost": 0.29, "Total Cost": 0.45, "Plan Rows": 4, "Plan Width": 4, "Actual Startup Time": 0.001, "Actual Total Time": 0.003, "Actual Rows": 6, "Actual Loops": 2988, "Output": ["ph.id", "ph.posthistorytypeid", "ph.postid", "ph.creationdate", "ph.userid"], "Index Cond": "(ph.postid = c.postid)", "Rows Removed by Index Recheck": 0, "Filter": "(ph.creationdate <= '2014-07-17 01:04:44'::timestamp without time zone)", "Rows Removed by Filter": 0}]}, {"Node Type": "Hash", "Parent Relationship": "Inner", "Parallel Aware": false, "Startup Cost": 408.7, "Total Cost": 408.7, "Plan Rows": 13939, "Plan Width": 4, "Actual Startup Time": 4.2, "Actual Total Time": 4.2, "Actual Rows": 14212, "Actual Loops": 1, "Output": ["u.id"], "Hash Buckets": 16384, "Original Hash Buckets": 16384, "Hash Batches": 1, "Original Hash Batches": 1, "Peak Memory Usage": 628, "Plans": [{"Node Type": "Seq Scan", "Parent Relationship": "Outer", "Parallel Aware": false, "Relation Name": "users", "Schema": "public", "Alias": "u", "Startup Cost": 0.0, "Total Cost": 408.7, "Plan Rows": 13939, "Plan Width": 4, "Actual Startup Time": 0.016, "Actual Total Time": 2.642, "Actual Rows": 14212, "Actual Loops": 1, "Output": ["u.id"], "Filter": "((u.downvotes >= 0) AND (u.downvotes <= 0) AND (u.upvotes >= 0) AND (u.upvotes <= 53))", "Rows Removed by Filter": 723}]}]}, {"Node Type": "Index Scan", "Parent Relationship": "Inner", "Parallel Aware": false, "Scan Direction": "Forward", "Index Name": "idx_votes_postid", "Relation Name": "votes", "Schema": "public", "Alias": "v", "Startup Cost": 0.29, "Total Cost": 0.46, "Plan Rows": 6, "Plan Width": 4, "Actual Startup Time": 0.001, "Actual Total Time": 0.002, "Actual Rows": 5, "Actual Loops": 3344, "Output": ["v.id", "v.postid", "v.votetypeid", "v.creationdate", "v.userid", "v.bountyamount"], "Index Cond": "(v.postid = ph.postid)", "Rows Removed by Index Recheck": 0, "Filter": "(v.creationdate >= '2010-07-21 00:00:00'::timestamp without time zone)", "Rows Removed by Filter": 0}]}]}, "Planning Time": 9.119, "Triggers": [], "Execution Time": 37.305}]
[{"Plan": {"Node Type": "Aggregate", "Strategy": "Plain", "Partial Mode": "Simple", "Parallel Aware": false, "Startup Cost": 6670.92, "Total Cost": 6670.93, "Plan Rows": 1, "Plan Width": 8, "Actual Startup Time": 65.415, "Actual Total Time": 65.423, "Actual Rows": 1, "Actual Loops": 1, "Output": ["count(*)"], "Plans": [{"Node Type": "Hash Join", "Parent Relationship": "Outer", "Parallel Aware": false, "Join Type": "Inner", "Startup Cost": 5970.94, "Total Cost": 6653.79, "Plan Rows": 6851, "Plan Width": 0, "Actual Startup Time": 39.93, "Actual Total Time": 57.949, "Actual Rows": 225155, "Actual Loops": 1, "Inner Unique": false, "Hash Cond": "(b.userid = u.id)", "Plans": [{"Node Type": "Seq Scan", "Parent Relationship": "Outer", "Parallel Aware": false, "Relation Name": "badges", "Schema": "public", "Alias": "b", "Startup Cost": 0.0, "Total Cost": 503.24, "Plan Rows": 32624, "Plan Width": 4, "Actual Startup Time": 0.015, "Actual Total Time": 1.589, "Actual Rows": 32624, "Actual Loops": 1, "Output": ["b.id", "b.userid", "b.date"]}, {"Node Type": "Hash", "Parent Relationship": "Inner", "Parallel Aware": false, "Startup Cost": 5938.17, "Total Cost": 5938.17, "Plan Rows": 2622, "Plan Width": 8, "Actual Startup Time": 39.857, "Actual Total Time": 39.863, "Actual Rows": 9589, "Actual Loops": 1, "Output": ["p.owneruserid", "u.id"], "Hash Buckets": 16384, "Original Hash Buckets": 4096, "Hash Batches": 1, "Original Hash Batches": 1, "Peak Memory Usage": 503, "Plans": [{"Node Type": "Nested Loop", "Parent Relationship": "Outer", "Parallel Aware": false, "Join Type": "Inner", "Startup Cost": 1488.23, "Total Cost": 5938.17, "Plan Rows": 2622, "Plan Width": 8, "Actual Startup Time": 14.713, "Actual Total Time": 38.671, "Actual Rows": 9589, "Actual Loops": 1, "Output": ["p.owneruserid", "u.id"], "Inner Unique": false, "Join Filter": "(p.id = ph.postid)", "Rows Removed by Join Filter": 0, "Plans": [{"Node Type": "Nested Loop", "Parent Relationship": "Outer", "Parallel Aware": false, "Join Type": "Inner", "Startup Cost": 1487.94, "Total Cost": 5495.79, "Plan Rows": 884, "Plan Width": 20, "Actual Startup Time": 14.605, "Actual Total Time": 32.221, "Actual Rows": 1558, "Actual Loops": 1, "Output": ["c.postid", "p.owneruserid", "p.id", "v.postid", "u.id"], "Inner Unique": false, "Plans": [{"Node Type": "Nested Loop", "Parent Relationship": "Outer", "Parallel Aware": false, "Join Type": "Inner", "Startup Cost": 1487.64, "Total Cost": 5208.59, "Plan Rows": 607, "Plan Width": 16, "Actual Startup Time": 14.589, "Actual Total Time": 29.02, "Actual Rows": 633, "Actual Loops": 1, "Output": ["p.owneruserid", "p.id", "v.postid", "u.id"], "Inner Unique": true, "Plans": [{"Node Type": "Hash Join", "Parent Relationship": "Outer", "Parallel Aware": false, "Join Type": "Inner", "Startup Cost": 1487.36, "Total Cost": 5017.5, "Plan Rows": 623, "Plan Width": 12, "Actual Startup Time": 14.567, "Actual Total Time": 27.988, "Actual Rows": 645, "Actual Loops": 1, "Output": ["p.owneruserid", "p.id", "v.postid"], "Inner Unique": true, "Hash Cond": "(v.postid = p.id)", "Plans": [{"Node Type": "Seq Scan", "Parent Relationship": "Outer", "Parallel Aware": false, "Relation Name": "votes", "Schema": "public", "Alias": "v", "Startup Cost": 0.0, "Total Cost": 3528.49, "Plan Rows": 629, "Plan Width": 4, "Actual Startup Time": 0.223, "Actual Total Time": 13.426, "Actual Rows": 645, "Actual Loops": 1, "Output": ["v.id", "v.postid", "v.votetypeid", "v.creationdate", "v.userid", "v.bountyamount"], "Filter": "((v.bountyamount >= 0) AND (v.creationdate <= '2014-09-08 00:00:00'::timestamp without time zone))", "Rows Removed by Filter": 163588}, {"Node Type": "Hash", "Parent Relationship": "Inner", "Parallel Aware": false, "Startup Cost": 977.75, "Total Cost": 977.75, "Plan Rows": 40769, "Plan Width": 8, "Actual Startup Time": 14.095, "Actual Total Time": 14.096, "Actual Rows": 41097, "Actual Loops": 1, "Output": ["p.owneruserid", "p.id"], "Hash Buckets": 65536, "Original Hash Buckets": 65536, "Hash Batches": 1, "Original Hash Batches": 1, "Peak Memory Usage": 2114, "Plans": [{"Node Type": "Seq Scan", "Parent Relationship": "Outer", "Parallel Aware": false, "Relation Name": "posts", "Schema": "public", "Alias": "p", "Startup Cost": 0.0, "Total Cost": 977.75, "Plan Rows": 40769, "Plan Width": 8, "Actual Startup Time": 0.019, "Actual Total Time": 8.385, "Actual Rows": 41097, "Actual Loops": 1, "Output": ["p.owneruserid", "p.id"], "Filter": "((p.creationdate >= '2010-07-19 19:46:11'::timestamp without time zone) AND (p.creationdate <= '2014-08-28 03:00:33'::timestamp without time zone))", "Rows Removed by Filter": 86}]}]}, {"Node Type": "Index Only Scan", "Parent Relationship": "Inner", "Parallel Aware": false, "Scan Direction": "Forward", "Index Name": "users_pkey", "Relation Name": "users", "Schema": "public", "Alias": "u", "Startup Cost": 0.29, "Total Cost": 0.31, "Plan Rows": 1, "Plan Width": 4, "Actual Startup Time": 0.001, "Actual Total Time": 0.001, "Actual Rows": 1, "Actual Loops": 645, "Output": ["u.id"], "Index Cond": "(u.id = p.owneruserid)", "Rows Removed by Index Recheck": 0, "Heap Fetches": 0}]}, {"Node Type": "Index Scan", "Parent Relationship": "Inner", "Parallel Aware": false, "Scan Direction": "Forward", "Index Name": "idx_comments_postid", "Relation Name": "comments", "Schema": "public", "Alias": "c", "Startup Cost": 0.29, "Total Cost": 0.44, "Plan Rows": 3, "Plan Width": 4, "Actual Startup Time": 0.003, "Actual Total Time": 0.005, "Actual Rows": 2, "Actual Loops": 633, "Output": ["c.id", "c.postid", "c.score", "c.creationdate", "c.userid"], "Index Cond": "(c.postid = p.id)", "Rows Removed by Index Recheck": 0, "Filter": "(c.score = 0)", "Rows Removed by Filter": 1}]}, {"Node Type": "Index Scan", "Parent Relationship": "Inner", "Parallel Aware": false, "Scan Direction": "Forward", "Index Name": "idx_posthistory_postid", "Relation Name": "posthistory", "Schema": "public", "Alias": "ph", "Startup Cost": 0.29, "Total Cost": 0.45, "Plan Rows": 4, "Plan Width": 4, "Actual Startup Time": 0.002, "Actual Total Time": 0.004, "Actual Rows": 6, "Actual Loops": 1558, "Output": ["ph.id", "ph.posthistorytypeid", "ph.postid", "ph.creationdate", "ph.userid"], "Index Cond": "(ph.postid = c.postid)", "Rows Removed by Index Recheck": 0, "Filter": "(ph.creationdate >= '2010-10-08 11:30:29'::timestamp without time zone)", "Rows Removed by Filter": 0}]}]}]}]}, "Planning Time": 8.363, "Triggers": [], "Execution Time": 65.623}]#####[{"Plan": {"Node Type": "Aggregate", "Strategy": "Plain", "Partial Mode": "Simple", "Parallel Aware": false, "Startup Cost": 6209.8, "Total Cost": 6209.81, "Plan Rows": 1, "Plan Width": 8, "Actual Startup Time": 81.232, "Actual Total Time": 81.238, "Actual Rows": 1, "Actual Loops": 1, "Output": ["count(*)"], "Plans": [{"Node Type": "Nested Loop", "Parent Relationship": "Outer", "Parallel Aware": false, "Join Type": "Inner", "Startup Cost": 1488.52, "Total Cost": 6038.51, "Plan Rows": 68517, "Plan Width": 0, "Actual Startup Time": 15.912, "Actual Total Time": 73.437, "Actual Rows": 225155, "Actual Loops": 1, "Inner Unique": false, "Join Filter": "(u.id = b.userid)", "Rows Removed by Join Filter": 0, "Plans": [{"Node Type": "Nested Loop", "Parent Relationship": "Outer", "Parallel Aware": false, "Join Type": "Inner", "Startup Cost": 1488.23, "Total Cost": 5938.17, "Plan Rows": 262, "Plan Width": 8, "Actual Startup Time": 15.894, "Actual Total Time": 40.301, "Actual Rows": 9589, "Actual Loops": 1, "Output": ["p.owneruserid", "u.id"], "Inner Unique": false, "Join Filter": "(p.id = ph.postid)", "Rows Removed by Join Filter": 0, "Plans": [{"Node Type": "Nested Loop", "Parent Relationship": "Outer", "Parallel Aware": false, "Join Type": "Inner", "Startup Cost": 1487.94, "Total Cost": 5495.79, "Plan Rows": 884, "Plan Width": 20, "Actual Startup Time": 15.784, "Actual Total Time": 33.52, "Actual Rows": 1558, "Actual Loops": 1, "Output": ["c.postid", "p.owneruserid", "p.id", "v.postid", "u.id"], "Inner Unique": false, "Plans": [{"Node Type": "Nested Loop", "Parent Relationship": "Outer", "Parallel Aware": false, "Join Type": "Inner", "Startup Cost": 1487.64, "Total Cost": 5208.59, "Plan Rows": 607, "Plan Width": 16, "Actual Startup Time": 15.767, "Actual Total Time": 30.261, "Actual Rows": 633, "Actual Loops": 1, "Output": ["p.owneruserid", "p.id", "v.postid", "u.id"], "Inner Unique": true, "Plans": [{"Node Type": "Hash Join", "Parent Relationship": "Outer", "Parallel Aware": false, "Join Type": "Inner", "Startup Cost": 1487.36, "Total Cost": 5017.5, "Plan Rows": 623, "Plan Width": 12, "Actual Startup Time": 15.748, "Actual Total Time": 29.221, "Actual Rows": 645, "Actual Loops": 1, "Output": ["p.owneruserid", "p.id", "v.postid"], "Inner Unique": true, "Hash Cond": "(v.postid = p.id)", "Plans": [{"Node Type": "Seq Scan", "Parent Relationship": "Outer", "Parallel Aware": false, "Relation Name": "votes", "Schema": "public", "Alias": "v", "Startup Cost": 0.0, "Total Cost": 3528.49, "Plan Rows": 629, "Plan Width": 4, "Actual Startup Time": 0.255, "Actual Total Time": 13.483, "Actual Rows": 645, "Actual Loops": 1, "Output": ["v.id", "v.postid", "v.votetypeid", "v.creationdate", "v.userid", "v.bountyamount"], "Filter": "((v.bountyamount >= 0) AND (v.creationdate <= '2014-09-08 00:00:00'::timestamp without time zone))", "Rows Removed by Filter": 163588}, {"Node Type": "Hash", "Parent Relationship": "Inner", "Parallel Aware": false, "Startup Cost": 977.75, "Total Cost": 977.75, "Plan Rows": 40769, "Plan Width": 8, "Actual Startup Time": 15.172, "Actual Total Time": 15.173, "Actual Rows": 41097, "Actual Loops": 1, "Output": ["p.owneruserid", "p.id"], "Hash Buckets": 65536, "Original Hash Buckets": 65536, "Hash Batches": 1, "Original Hash Batches": 1, "Peak Memory Usage": 2114, "Plans": [{"Node Type": "Seq Scan", "Parent Relationship": "Outer", "Parallel Aware": false, "Relation Name": "posts", "Schema": "public", "Alias": "p", "Startup Cost": 0.0, "Total Cost": 977.75, "Plan Rows": 40769, "Plan Width": 8, "Actual Startup Time": 0.021, "Actual Total Time": 8.978, "Actual Rows": 41097, "Actual Loops": 1, "Output": ["p.owneruserid", "p.id"], "Filter": "((p.creationdate >= '2010-07-19 19:46:11'::timestamp without time zone) AND (p.creationdate <= '2014-08-28 03:00:33'::timestamp without time zone))", "Rows Removed by Filter": 86}]}]}, {"Node Type": "Index Only Scan", "Parent Relationship": "Inner", "Parallel Aware": false, "Scan Direction": "Forward", "Index Name": "users_pkey", "Relation Name": "users", "Schema": "public", "Alias": "u", "Startup Cost": 0.29, "Total Cost": 0.31, "Plan Rows": 1, "Plan Width": 4, "Actual Startup Time": 0.001, "Actual Total Time": 0.001, "Actual Rows": 1, "Actual Loops": 645, "Output": ["u.id"], "Index Cond": "(u.id = p.owneruserid)", "Rows Removed by Index Recheck": 0, "Heap Fetches": 0}]}, {"Node Type": "Index Scan", "Parent Relationship": "Inner", "Parallel Aware": false, "Scan Direction": "Forward", "Index Name": "idx_comments_postid", "Relation Name": "comments", "Schema": "public", "Alias": "c", "Startup Cost": 0.29, "Total Cost": 0.44, "Plan Rows": 3, "Plan Width": 4, "Actual Startup Time": 0.003, "Actual Total Time": 0.005, "Actual Rows": 2, "Actual Loops": 633, "Output": ["c.id", "c.postid", "c.score", "c.creationdate", "c.userid"], "Index Cond": "(c.postid = p.id)", "Rows Removed by Index Recheck": 0, "Filter": "(c.score = 0)", "Rows Removed by Filter": 1}]}, {"Node Type": "Index Scan", "Parent Relationship": "Inner", "Parallel Aware": false, "Scan Direction": "Forward", "Index Name": "idx_posthistory_postid", "Relation Name": "posthistory", "Schema": "public", "Alias": "ph", "Startup Cost": 0.29, "Total Cost": 0.45, "Plan Rows": 4, "Plan Width": 4, "Actual Startup Time": 0.002, "Actual Total Time": 0.004, "Actual Rows": 6, "Actual Loops": 1558, "Output": ["ph.id", "ph.posthistorytypeid", "ph.postid", "ph.creationdate", "ph.userid"], "Index Cond": "(ph.postid = c.postid)", "Rows Removed by Index Recheck": 0, "Filter": "(ph.creationdate >= '2010-10-08 11:30:29'::timestamp without time zone)", "Rows Removed by Filter": 0}]}, {"Node Type": "Index Only Scan", "Parent Relationship": "Inner", "Parallel Aware": false, "Scan Direction": "Forward", "Index Name": "idx_badges_userid", "Relation Name": "badges", "Schema": "public", "Alias": "b", "Startup Cost": 0.29, "Total Cost": 0.35, "Plan Rows": 3, "Plan Width": 4, "Actual Startup Time": 0.001, "Actual Total Time": 0.002, "Actual Rows": 23, "Actual Loops": 9589, "Output": ["b.userid"], "Index Cond": "(b.userid = p.owneruserid)", "Rows Removed by Index Recheck": 0, "Heap Fetches": 0}]}]}, "Planning Time": 6.985, "Triggers": [], "Execution Time": 81.429}]#####[{"Plan": {"Node Type": "Aggregate", "Strategy": "Plain", "Partial Mode": "Simple", "Parallel Aware": false, "Startup Cost": 7450.92, "Total Cost": 7450.93, "Plan Rows": 1, "Plan Width": 8, "Actual Startup Time": 74.244, "Actual Total Time": 74.252, "Actual Rows": 1, "Actual Loops": 1, "Output": ["count(*)"], "Plans": [{"Node Type": "Hash Join", "Parent Relationship": "Outer", "Parallel Aware": false, "Join Type": "Inner", "Startup Cost": 2930.68, "Total Cost": 7279.63, "Plan Rows": 68517, "Plan Width": 0, "Actual Startup Time": 28.535, "Actual Total Time": 66.086, "Actual Rows": 225155, "Actual Loops": 1, "Inner Unique": false, "Hash Cond": "(p.owneruserid = u.id)", "Plans": [{"Node Type": "Nested Loop", "Parent Relationship": "Outer", "Parallel Aware": false, "Join Type": "Inner", "Startup Cost": 1487.94, "Total Cost": 5766.16, "Plan Rows": 2690, "Plan Width": 4, "Actual Startup Time": 11.273, "Actual Total Time": 34.122, "Actual Rows": 9883, "Actual Loops": 1, "Output": ["p.owneruserid"], "Inner Unique": false, "Join Filter": "(p.id = ph.postid)", "Rows Removed by Join Filter": 0, "Plans": [{"Node Type": "Nested Loop", "Parent Relationship": "Outer", "Parallel Aware": false, "Join Type": "Inner", "Startup Cost": 1487.65, "Total Cost": 5312.27, "Plan Rows": 907, "Plan Width": 16, "Actual Startup Time": 11.176, "Actual Total Time": 27.647, "Actual Rows": 1590, "Actual Loops": 1, "Output": ["c.postid", "p.owneruserid", "p.id", "v.postid"], "Inner Unique": false, "Plans": [{"Node Type": "Hash Join", "Parent Relationship": "Outer", "Parallel Aware": false, "Join Type": "Inner", "Startup Cost": 1487.36, "Total Cost": 5017.5, "Plan Rows": 623, "Plan Width": 12, "Actual Startup Time": 11.152, "Actual Total Time": 24.412, "Actual Rows": 645, "Actual Loops": 1, "Output": ["p.owneruserid", "p.id", "v.postid"], "Inner Unique": true, "Hash Cond": "(v.postid = p.id)", "Plans": [{"Node Type": "Seq Scan", "Parent Relationship": "Outer", "Parallel Aware": false, "Relation Name": "votes", "Schema": "public", "Alias": "v", "Startup Cost": 0.0, "Total Cost": 3528.49, "Plan Rows": 629, "Plan Width": 4, "Actual Startup Time": 0.144, "Actual Total Time": 13.161, "Actual Rows": 645, "Actual Loops": 1, "Output": ["v.id", "v.postid", "v.votetypeid", "v.creationdate", "v.userid", "v.bountyamount"], "Filter": "((v.bountyamount >= 0) AND (v.creationdate <= '2014-09-08 00:00:00'::timestamp without time zone))", "Rows Removed by Filter": 163588}, {"Node Type": "Hash", "Parent Relationship": "Inner", "Parallel Aware": false, "Startup Cost": 977.75, "Total Cost": 977.75, "Plan Rows": 40769, "Plan Width": 8, "Actual Startup Time": 10.823, "Actual Total Time": 10.824, "Actual Rows": 41097, "Actual Loops": 1, "Output": ["p.owneruserid", "p.id"], "Hash Buckets": 65536, "Original Hash Buckets": 65536, "Hash Batches": 1, "Original Hash Batches": 1, "Peak Memory Usage": 2114, "Plans": [{"Node Type": "Seq Scan", "Parent Relationship": "Outer", "Parallel Aware": false, "Relation Name": "posts", "Schema": "public", "Alias": "p", "Startup Cost": 0.0, "Total Cost": 977.75, "Plan Rows": 40769, "Plan Width": 8, "Actual Startup Time": 0.015, "Actual Total Time": 6.487, "Actual Rows": 41097, "Actual Loops": 1, "Output": ["p.owneruserid", "p.id"], "Filter": "((p.creationdate >= '2010-07-19 19:46:11'::timestamp without time zone) AND (p.creationdate <= '2014-08-28 03:00:33'::timestamp without time zone))", "Rows Removed by Filter": 86}]}]}, {"Node Type": "Index Scan", "Parent Relationship": "Inner", "Parallel Aware": false, "Scan Direction": "Forward", "Index Name": "idx_comments_postid", "Relation Name": "comments", "Schema": "public", "Alias": "c", "Startup Cost": 0.29, "Total Cost": 0.44, "Plan Rows": 3, "Plan Width": 4, "Actual Startup Time": 0.003, "Actual Total Time": 0.005, "Actual Rows": 2, "Actual Loops": 645, "Output": ["c.id", "c.postid", "c.score", "c.creationdate", "c.userid"], "Index Cond": "(c.postid = p.id)", "Rows Removed by Index Recheck": 0, "Filter": "(c.score = 0)", "Rows Removed by Filter": 1}]}, {"Node Type": "Index Scan", "Parent Relationship": "Inner", "Parallel Aware": false, "Scan Direction": "Forward", "Index Name": "idx_posthistory_postid", "Relation Name": "posthistory", "Schema": "public", "Alias": "ph", "Startup Cost": 0.29, "Total Cost": 0.45, "Plan Rows": 4, "Plan Width": 4, "Actual Startup Time": 0.002, "Actual Total Time": 0.004, "Actual Rows": 6, "Actual Loops": 1590, "Output": ["ph.id", "ph.posthistorytypeid", "ph.postid", "ph.creationdate", "ph.userid"], "Index Cond": "(ph.postid = c.postid)", "Rows Removed by Index Recheck": 0, "Filter": "(ph.creationdate >= '2010-10-08 11:30:29'::timestamp without time zone)", "Rows Removed by Filter": 0}]}, {"Node Type": "Hash", "Parent Relationship": "Inner", "Parallel Aware": false, "Startup Cost": 1034.94, "Total Cost": 1034.94, "Plan Rows": 32624, "Plan Width": 8, "Actual Startup Time": 17.085, "Actual Total Time": 17.087, "Actual Rows": 32624, "Actual Loops": 1, "Output": ["b.userid", "u.id"], "Hash Buckets": 32768, "Original Hash Buckets": 32768, "Hash Batches": 1, "Original Hash Batches": 1, "Peak Memory Usage": 1531, "Plans": [{"Node Type": "Hash Join", "Parent Relationship": "Outer", "Parallel Aware": false, "Join Type": "Inner", "Startup Cost": 446.04, "Total Cost": 1034.94, "Plan Rows": 32624, "Plan Width": 8, "Actual Startup Time": 4.481, "Actual Total Time": 13.084, "Actual Rows": 32624, "Actual Loops": 1, "Output": ["b.userid", "u.id"], "Inner Unique": true, "Hash Cond": "(b.userid = u.id)", "Plans": [{"Node Type": "Seq Scan", "Parent Relationship": "Outer", "Parallel Aware": false, "Relation Name": "badges", "Schema": "public", "Alias": "b", "Startup Cost": 0.0, "Total Cost": 503.24, "Plan Rows": 32624, "Plan Width": 4, "Actual Startup Time": 0.011, "Actual Total Time": 2.195, "Actual Rows": 32624, "Actual Loops": 1, "Output": ["b.id", "b.userid", "b.date"]}, {"Node Type": "Hash", "Parent Relationship": "Inner", "Parallel Aware": false, "Startup Cost": 259.35, "Total Cost": 259.35, "Plan Rows": 14935, "Plan Width": 4, "Actual Startup Time": 4.396, "Actual Total Time": 4.396, "Actual Rows": 14935, "Actual Loops": 1, "Output": ["u.id"], "Hash Buckets": 16384, "Original Hash Buckets": 16384, "Hash Batches": 1, "Original Hash Batches": 1, "Peak Memory Usage": 654, "Plans": [{"Node Type": "Seq Scan", "Parent Relationship": "Outer", "Parallel Aware": false, "Relation Name": "users", "Schema": "public", "Alias": "u", "Startup Cost": 0.0, "Total Cost": 259.35, "Plan Rows": 14935, "Plan Width": 4, "Actual Startup Time": 0.013, "Actual Total Time": 2.404, "Actual Rows": 14935, "Actual Loops": 1, "Output": ["u.id"]}]}]}]}]}]}, "Planning Time": 8.166, "Triggers": [], "Execution Time": 74.481}]
[{"Plan": {"Node Type": "Aggregate", "Strategy": "Plain", "Partial Mode": "Simple", "Parallel Aware": false, "Startup Cost": 1477.0, "Total Cost": 1477.01, "Plan Rows": 1, "Plan Width": 8, "Actual Startup Time": 11.742, "Actual Total Time": 11.747, "Actual Rows": 1, "Actual Loops": 1, "Output": ["count(*)"], "Plans": [{"Node Type": "Nested Loop", "Parent Relationship": "Outer", "Parallel Aware": false, "Join Type": "Inner", "Startup Cost": 1293.21, "Total Cost": 1476.98, "Plan Rows": 8, "Plan Width": 0, "Actual Startup Time": 8.919, "Actual Total Time": 11.699, "Actual Rows": 491, "Actual Loops": 1, "Inner Unique": false, "Plans": [{"Node Type": "Nested Loop", "Parent Relationship": "Outer", "Parallel Aware": false, "Join Type": "Inner", "Startup Cost": 1292.93, "Total Cost": 1462.69, "Plan Rows": 37, "Plan Width": 8, "Actual Startup Time": 8.892, "Actual Total Time": 11.122, "Actual Rows": 131, "Actual Loops": 1, "Output": ["p.owneruserid", "u.id"], "Inner Unique": true, "Plans": [{"Node Type": "Hash Join", "Parent Relationship": "Outer", "Parallel Aware": false, "Join Type": "Inner", "Startup Cost": 1292.64, "Total Cost": 1397.82, "Plan Rows": 41, "Plan Width": 4, "Actual Startup Time": 8.867, "Actual Total Time": 9.988, "Actual Rows": 292, "Actual Loops": 1, "Output": ["p.owneruserid"], "Inner Unique": true, "Hash Cond": "(pl.relatedpostid = p.id)", "Plans": [{"Node Type": "Seq Scan", "Parent Relationship": "Outer", "Parallel Aware": false, "Relation Name": "postlinks", "Schema": "public", "Alias": "pl", "Startup Cost": 0.0, "Total Cost": 96.08, "Plan Rows": 3466, "Plan Width": 4, "Actual Startup Time": 0.076, "Actual Total Time": 0.803, "Actual Rows": 3470, "Actual Loops": 1, "Output": ["pl.id", "pl.creationdate", "pl.postid", "pl.relatedpostid", "pl.linktypeid"], "Filter": "((pl.creationdate >= '2011-03-03 17:01:31'::timestamp without time zone) AND (pl.creationdate <= '2014-08-08 01:52:41'::timestamp without time zone) AND (pl.linktypeid = 1))", "Rows Removed by Filter": 363}, {"Node Type": "Hash", "Parent Relationship": "Inner", "Parallel Aware": false, "Startup Cost": 1286.62, "Total Cost": 1286.62, "Plan Rows": 482, "Plan Width": 8, "Actual Startup Time": 8.727, "Actual Total Time": 8.727, "Actual Rows": 1041, "Actual Loops": 1, "Output": ["p.id", "p.owneruserid"], "Hash Buckets": 2048, "Original Hash Buckets": 1024, "Hash Batches": 1, "Original Hash Batches": 1, "Peak Memory Usage": 57, "Plans": [{"Node Type": "Seq Scan", "Parent Relationship": "Outer", "Parallel Aware": false, "Relation Name": "posts", "Schema": "public", "Alias": "p", "Startup Cost": 0.0, "Total Cost": 1286.62, "Plan Rows": 482, "Plan Width": 8, "Actual Startup Time": 0.017, "Actual Total Time": 8.494, "Actual Rows": 1041, "Actual Loops": 1, "Output": ["p.id", "p.owneruserid"], "Filter": "((p.score <= 18) AND (p.viewcount >= 0) AND (p.favoritecount >= 0) AND (p.favoritecount <= 10) AND (p.commentcount = 1))", "Rows Removed by Filter": 40142}]}]}, {"Node Type": "Index Scan", "Parent Relationship": "Inner", "Parallel Aware": false, "Scan Direction": "Forward", "Index Name": "users_pkey", "Relation Name": "users", "Schema": "public", "Alias": "u", "Startup Cost": 0.29, "Total Cost": 1.58, "Plan Rows": 1, "Plan Width": 4, "Actual Startup Time": 0.004, "Actual Total Time": 0.004, "Actual Rows": 0, "Actual Loops": 292, "Output": ["u.id", "u.reputation", "u.creationdate", "u.views", "u.upvotes", "u.downvotes"], "Index Cond": "(u.id = p.owneruserid)", "Rows Removed by Index Recheck": 0, "Filter": "((u.views >= 0) AND (u.views <= 25) AND (u.downvotes >= 0) AND (u.creationdate <= '2014-08-21 22:46:21'::timestamp without time zone))", "Rows Removed by Filter": 1}]}, {"Node Type": "Index Only Scan", "Parent Relationship": "Inner", "Parallel Aware": false, "Scan Direction": "Forward", "Index Name": "idx_badges_userid", "Relation Name": "badges", "Schema": "public", "Alias": "b", "Startup Cost": 0.29, "Total Cost": 0.36, "Plan Rows": 3, "Plan Width": 4, "Actual Startup Time": 0.003, "Actual Total Time": 0.004, "Actual Rows": 4, "Actual Loops": 131, "Output": ["b.userid"], "Index Cond": "(b.userid = u.id)", "Rows Removed by Index Recheck": 0, "Heap Fetches": 0}]}]}, "Planning Time": 2.466, "Triggers": [], "Execution Time": 11.863}]#####[{"Plan": {"Node Type": "Aggregate", "Strategy": "Plain", "Partial Mode": "Simple", "Parallel Aware": false, "Startup Cost": 2215.54, "Total Cost": 2215.55, "Plan Rows": 1, "Plan Width": 8, "Actual Startup Time": 18.033, "Actual Total Time": 18.039, "Actual Rows": 1, "Actual Loops": 1, "Output": ["count(*)"], "Plans": [{"Node Type": "Hash Join", "Parent Relationship": "Outer", "Parallel Aware": false, "Join Type": "Inner", "Startup Cost": 1508.94, "Total Cost": 2215.34, "Plan Rows": 81, "Plan Width": 0, "Actual Startup Time": 12.848, "Actual Total Time": 18.0, "Actual Rows": 491, "Actual Loops": 1, "Inner Unique": false, "Hash Cond": "(b.userid = u.id)", "Plans": [{"Node Type": "Seq Scan", "Parent Relationship": "Outer", "Parallel Aware": false, "Relation Name": "badges", "Schema": "public", "Alias": "b", "Startup Cost": 0.0, "Total Cost": 503.24, "Plan Rows": 32624, "Plan Width": 4, "Actual Startup Time": 0.019, "Actual Total Time": 2.209, "Actual Rows": 32624, "Actual Loops": 1, "Output": ["b.id", "b.userid", "b.date"]}, {"Node Type": "Hash", "Parent Relationship": "Inner", "Parallel Aware": false, "Startup Cost": 1462.69, "Total Cost": 1462.69, "Plan Rows": 3700, "Plan Width": 8, "Actual Startup Time": 12.703, "Actual Total Time": 12.706, "Actual Rows": 131, "Actual Loops": 1, "Output": ["p.owneruserid", "u.id"], "Hash Buckets": 4096, "Original Hash Buckets": 4096, "Hash Batches": 1, "Original Hash Batches": 1, "Peak Memory Usage": 38, "Plans": [{"Node Type": "Nested Loop", "Parent Relationship": "Outer", "Parallel Aware": false, "Join Type": "Inner", "Startup Cost": 1292.93, "Total Cost": 1462.69, "Plan Rows": 3700, "Plan Width": 8, "Actual Startup Time": 10.296, "Actual Total Time": 12.664, "Actual Rows": 131, "Actual Loops": 1, "Output": ["p.owneruserid", "u.id"], "Inner Unique": true, "Plans": [{"Node Type": "Hash Join", "Parent Relationship": "Outer", "Parallel Aware": false, "Join Type": "Inner", "Startup Cost": 1292.64, "Total Cost": 1397.82, "Plan Rows": 41, "Plan Width": 4, "Actual Startup Time": 10.265, "Actual Total Time": 11.474, "Actual Rows": 292, "Actual Loops": 1, "Output": ["p.owneruserid"], "Inner Unique": true, "Hash Cond": "(pl.relatedpostid = p.id)", "Plans": [{"Node Type": "Seq Scan", "Parent Relationship": "Outer", "Parallel Aware": false, "Relation Name": "postlinks", "Schema": "public", "Alias": "pl", "Startup Cost": 0.0, "Total Cost": 96.08, "Plan Rows": 3466, "Plan Width": 4, "Actual Startup Time": 0.105, "Actual Total Time": 0.893, "Actual Rows": 3470, "Actual Loops": 1, "Output": ["pl.id", "pl.creationdate", "pl.postid", "pl.relatedpostid", "pl.linktypeid"], "Filter": "((pl.creationdate >= '2011-03-03 17:01:31'::timestamp without time zone) AND (pl.creationdate <= '2014-08-08 01:52:41'::timestamp without time zone) AND (pl.linktypeid = 1))", "Rows Removed by Filter": 363}, {"Node Type": "Hash", "Parent Relationship": "Inner", "Parallel Aware": false, "Startup Cost": 1286.62, "Total Cost": 1286.62, "Plan Rows": 482, "Plan Width": 8, "Actual Startup Time": 10.131, "Actual Total Time": 10.132, "Actual Rows": 1041, "Actual Loops": 1, "Output": ["p.id", "p.owneruserid"], "Hash Buckets": 2048, "Original Hash Buckets": 1024, "Hash Batches": 1, "Original Hash Batches": 1, "Peak Memory Usage": 57, "Plans": [{"Node Type": "Seq Scan", "Parent Relationship": "Outer", "Parallel Aware": false, "Relation Name": "posts", "Schema": "public", "Alias": "p", "Startup Cost": 0.0, "Total Cost": 1286.62, "Plan Rows": 482, "Plan Width": 8, "Actual Startup Time": 0.023, "Actual Total Time": 9.844, "Actual Rows": 1041, "Actual Loops": 1, "Output": ["p.id", "p.owneruserid"], "Filter": "((p.score <= 18) AND (p.viewcount >= 0) AND (p.favoritecount >= 0) AND (p.favoritecount <= 10) AND (p.commentcount = 1))", "Rows Removed by Filter": 40142}]}]}, {"Node Type": "Index Scan", "Parent Relationship": "Inner", "Parallel Aware": false, "Scan Direction": "Forward", "Index Name": "users_pkey", "Relation Name": "users", "Schema": "public", "Alias": "u", "Startup Cost": 0.29, "Total Cost": 1.58, "Plan Rows": 1, "Plan Width": 4, "Actual Startup Time": 0.004, "Actual Total Time": 0.004, "Actual Rows": 0, "Actual Loops": 292, "Output": ["u.id", "u.reputation", "u.creationdate", "u.views", "u.upvotes", "u.downvotes"], "Index Cond": "(u.id = p.owneruserid)", "Rows Removed by Index Recheck": 0, "Filter": "((u.views >= 0) AND (u.views <= 25) AND (u.downvotes >= 0) AND (u.creationdate <= '2014-08-21 22:46:21'::timestamp without time zone))", "Rows Removed by Filter": 1}]}]}]}]}, "Planning Time": 1.58, "Triggers": [], "Execution Time": 18.199}]#####[{"Plan": {"Node Type": "Aggregate", "Strategy": "Plain", "Partial Mode": "Simple", "Parallel Aware": false, "Startup Cost": 1435.68, "Total Cost": 1435.69, "Plan Rows": 1, "Plan Width": 8, "Actual Startup Time": 18.555, "Actual Total Time": 18.56, "Actual Rows": 1, "Actual Loops": 1, "Output": ["count(*)"], "Plans": [{"Node Type": "Nested Loop", "Parent Relationship": "Outer", "Parallel Aware": false, "Join Type": "Inner", "Startup Cost": 1293.21, "Total Cost": 1435.48, "Plan Rows": 81, "Plan Width": 0, "Actual Startup Time": 10.012, "Actual Total Time": 18.488, "Actual Rows": 491, "Actual Loops": 1, "Inner Unique": true, "Join Filter": "(p.owneruserid = u.id)", "Rows Removed by Join Filter": 0, "Plans": [{"Node Type": "Nested Loop", "Parent Relationship": "Outer", "Parallel Aware": false, "Join Type": "Inner", "Startup Cost": 1292.93, "Total Cost": 1432.04, "Plan Rows": 10, "Plan Width": 8, "Actual Startup Time": 9.996, "Actual Total Time": 12.675, "Actual Rows": 3204, "Actual Loops": 1, "Output": ["p.owneruserid", "b.userid"], "Inner Unique": false, "Plans": [{"Node Type": "Hash Join", "Parent Relationship": "Outer", "Parallel Aware": false, "Join Type": "Inner", "Startup Cost": 1292.64, "Total Cost": 1397.82, "Plan Rows": 41, "Plan Width": 4, "Actual Startup Time": 9.967, "Actual Total Time": 11.182, "Actual Rows": 292, "Actual Loops": 1, "Output": ["p.owneruserid"], "Inner Unique": true, "Hash Cond": "(pl.relatedpostid = p.id)", "Plans": [{"Node Type": "Seq Scan", "Parent Relationship": "Outer", "Parallel Aware": false, "Relation Name": "postlinks", "Schema": "public", "Alias": "pl", "Startup Cost": 0.0, "Total Cost": 96.08, "Plan Rows": 3466, "Plan Width": 4, "Actual Startup Time": 0.119, "Actual Total Time": 0.922, "Actual Rows": 3470, "Actual Loops": 1, "Output": ["pl.id", "pl.creationdate", "pl.postid", "pl.relatedpostid", "pl.linktypeid"], "Filter": "((pl.creationdate >= '2011-03-03 17:01:31'::timestamp without time zone) AND (pl.creationdate <= '2014-08-08 01:52:41'::timestamp without time zone) AND (pl.linktypeid = 1))", "Rows Removed by Filter": 363}, {"Node Type": "Hash", "Parent Relationship": "Inner", "Parallel Aware": false, "Startup Cost": 1286.62, "Total Cost": 1286.62, "Plan Rows": 482, "Plan Width": 8, "Actual Startup Time": 9.774, "Actual Total Time": 9.774, "Actual Rows": 1041, "Actual Loops": 1, "Output": ["p.id", "p.owneruserid"], "Hash Buckets": 2048, "Original Hash Buckets": 1024, "Hash Batches": 1, "Original Hash Batches": 1, "Peak Memory Usage": 57, "Plans": [{"Node Type": "Seq Scan", "Parent Relationship": "Outer", "Parallel Aware": false, "Relation Name": "posts", "Schema": "public", "Alias": "p", "Startup Cost": 0.0, "Total Cost": 1286.62, "Plan Rows": 482, "Plan Width": 8, "Actual Startup Time": 0.024, "Actual Total Time": 9.504, "Actual Rows": 1041, "Actual Loops": 1, "Output": ["p.id", "p.owneruserid"], "Filter": "((p.score <= 18) AND (p.viewcount >= 0) AND (p.favoritecount >= 0) AND (p.favoritecount <= 10) AND (p.commentcount = 1))", "Rows Removed by Filter": 40142}]}]}, {"Node Type": "Index Only Scan", "Parent Relationship": "Inner", "Parallel Aware": false, "Scan Direction": "Forward", "Index Name": "idx_badges_userid", "Relation Name": "badges", "Schema": "public", "Alias": "b", "Startup Cost": 0.29, "Total Cost": 0.8, "Plan Rows": 3, "Plan Width": 4, "Actual Startup Time": 0.003, "Actual Total Time": 0.004, "Actual Rows": 11, "Actual Loops": 292, "Output": ["b.userid"], "Index Cond": "(b.userid = p.owneruserid)", "Rows Removed by Index Recheck": 0, "Heap Fetches": 0}]}, {"Node Type": "Index Scan", "Parent Relationship": "Inner", "Parallel Aware": false, "Scan Direction": "Forward", "Index Name": "users_pkey", "Relation Name": "users", "Schema": "public", "Alias": "u", "Startup Cost": 0.29, "Total Cost": 0.33, "Plan Rows": 1, "Plan Width": 4, "Actual Startup Time": 0.002, "Actual Total Time": 0.002, "Actual Rows": 0, "Actual Loops": 3204, "Output": ["u.id", "u.reputation", "u.creationdate", "u.views", "u.upvotes", "u.downvotes"], "Index Cond": "(u.id = b.userid)", "Rows Removed by Index Recheck": 0, "Filter": "((u.views >= 0) AND (u.views <= 25) AND (u.downvotes >= 0) AND (u.creationdate <= '2014-08-21 22:46:21'::timestamp without time zone))", "Rows Removed by Filter": 1}]}]}, "Planning Time": 2.991, "Triggers": [], "Execution Time": 18.716}]
[{"Plan": {"Node Type": "Aggregate", "Strategy": "Plain", "Partial Mode": "Simple", "Parallel Aware": false, "Startup Cost": 5312.17, "Total Cost": 5312.18, "Plan Rows": 1, "Plan Width": 8, "Actual Startup Time": 38.629, "Actual Total Time": 38.635, "Actual Rows": 1, "Actual Loops": 1, "Output": ["count(*)"], "Plans": [{"Node Type": "Hash Join", "Parent Relationship": "Outer", "Parallel Aware": false, "Join Type": "Inner", "Startup Cost": 1548.43, "Total Cost": 4606.0, "Plan Rows": 282469, "Plan Width": 0, "Actual Startup Time": 14.545, "Actual Total Time": 35.654, "Actual Rows": 81128, "Actual Loops": 1, "Inner Unique": false, "Hash Cond": "(c.userid = u.id)", "Plans": [{"Node Type": "Seq Scan", "Parent Relationship": "Outer", "Parallel Aware": false, "Relation Name": "comments", "Schema": "public", "Alias": "c", "Startup Cost": 0.0, "Total Cost": 1574.96, "Plan Rows": 60002, "Plan Width": 4, "Actual Startup Time": 0.013, "Actual Total Time": 9.647, "Actual Rows": 60206, "Actual Loops": 1, "Output": ["c.id", "c.postid", "c.score", "c.creationdate", "c.userid"], "Filter": "(c.score = 0)", "Rows Removed by Filter": 19151}, {"Node Type": "Hash", "Parent Relationship": "Inner", "Parallel Aware": false, "Startup Cost": 1170.58, "Total Cost": 1170.58, "Plan Rows": 30228, "Plan Width": 8, "Actual Startup Time": 14.371, "Actual Total Time": 14.375, "Actual Rows": 21583, "Actual Loops": 1, "Output": ["b.userid", "u.id"], "Hash Buckets": 32768, "Original Hash Buckets": 32768, "Hash Batches": 1, "Original Hash Batches": 1, "Peak Memory Usage": 1100, "Plans": [{"Node Type": "Hash Join", "Parent Relationship": "Outer", "Parallel Aware": false, "Join Type": "Inner", "Startup Cost": 581.67, "Total Cost": 1170.58, "Plan Rows": 30228, "Plan Width": 8, "Actual Startup Time": 3.873, "Actual Total Time": 11.575, "Actual Rows": 21583, "Actual Loops": 1, "Output": ["b.userid", "u.id"], "Inner Unique": true, "Hash Cond": "(b.userid = u.id)", "Plans": [{"Node Type": "Seq Scan", "Parent Relationship": "Outer", "Parallel Aware": false, "Relation Name": "badges", "Schema": "public", "Alias": "b", "Startup Cost": 0.0, "Total Cost": 503.24, "Plan Rows": 32624, "Plan Width": 4, "Actual Startup Time": 0.011, "Actual Total Time": 2.035, "Actual Rows": 32624, "Actual Loops": 1, "Output": ["b.id", "b.userid", "b.date"]}, {"Node Type": "Hash", "Parent Relationship": "Inner", "Parallel Aware": false, "Startup Cost": 408.7, "Total Cost": 408.7, "Plan Rows": 13838, "Plan Width": 4, "Actual Startup Time": 3.796, "Actual Total Time": 3.797, "Actual Rows": 14155, "Actual Loops": 1, "Output": ["u.id"], "Hash Buckets": 16384, "Original Hash Buckets": 16384, "Hash Batches": 1, "Original Hash Batches": 1, "Peak Memory Usage": 626, "Plans": [{"Node Type": "Seq Scan", "Parent Relationship": "Outer", "Parallel Aware": false, "Relation Name": "users", "Schema": "public", "Alias": "u", "Startup Cost": 0.0, "Total Cost": 408.7, "Plan Rows": 13838, "Plan Width": 4, "Actual Startup Time": 0.015, "Actual Total Time": 2.379, "Actual Rows": 14155, "Actual Loops": 1, "Output": ["u.id"], "Filter": "((u.views >= 0) AND (u.views <= 61) AND (u.downvotes >= 0) AND (u.downvotes <= 0))", "Rows Removed by Filter": 780}]}]}]}]}]}, "Planning Time": 0.973, "Triggers": [], "Execution Time": 38.76}]#####[{"Plan": {"Node Type": "Aggregate", "Strategy": "Plain", "Partial Mode": "Simple", "Parallel Aware": false, "Startup Cost": 8512.95, "Total Cost": 8512.96, "Plan Rows": 1, "Plan Width": 8, "Actual Startup Time": 84.06, "Actual Total Time": 84.067, "Actual Rows": 1, "Actual Loops": 1, "Output": ["count(*)"], "Plans": [{"Node Type": "Nested Loop", "Parent Relationship": "Outer", "Parallel Aware": false, "Join Type": "Inner", "Startup Cost": 581.97, "Total Cost": 1451.22, "Plan Rows": 2824692, "Plan Width": 0, "Actual Startup Time": 5.472, "Actual Total Time": 79.796, "Actual Rows": 81128, "Actual Loops": 1, "Inner Unique": false, "Join Filter": "(u.id = c.userid)", "Rows Removed by Join Filter": 0, "Plans": [{"Node Type": "Hash Join", "Parent Relationship": "Outer", "Parallel Aware": false, "Join Type": "Inner", "Startup Cost": 581.67, "Total Cost": 1170.58, "Plan Rows": 302, "Plan Width": 8, "Actual Startup Time": 5.445, "Actual Total Time": 16.703, "Actual Rows": 21583, "Actual Loops": 1, "Output": ["b.userid", "u.id"], "Inner Unique": true, "Hash Cond": "(b.userid = u.id)", "Plans": [{"Node Type": "Seq Scan", "Parent Relationship": "Outer", "Parallel Aware": false, "Relation Name": "badges", "Schema": "public", "Alias": "b", "Startup Cost": 0.0, "Total Cost": 503.24, "Plan Rows": 32624, "Plan Width": 4, "Actual Startup Time": 0.02, "Actual Total Time": 2.464, "Actual Rows": 32624, "Actual Loops": 1, "Output": ["b.id", "b.userid", "b.date"]}, {"Node Type": "Hash", "Parent Relationship": "Inner", "Parallel Aware": false, "Startup Cost": 408.7, "Total Cost": 408.7, "Plan Rows": 13838, "Plan Width": 4, "Actual Startup Time": 5.323, "Actual Total Time": 5.324, "Actual Rows": 14155, "Actual Loops": 1, "Output": ["u.id"], "Hash Buckets": 16384, "Original Hash Buckets": 16384, "Hash Batches": 1, "Original Hash Batches": 1, "Peak Memory Usage": 626, "Plans": [{"Node Type": "Seq Scan", "Parent Relationship": "Outer", "Parallel Aware": false, "Relation Name": "users", "Schema": "public", "Alias": "u", "Startup Cost": 0.0, "Total Cost": 408.7, "Plan Rows": 13838, "Plan Width": 4, "Actual Startup Time": 0.015, "Actual Total Time": 3.335, "Actual Rows": 14155, "Actual Loops": 1, "Output": ["u.id"], "Filter": "((u.views >= 0) AND (u.views <= 61) AND (u.downvotes >= 0) AND (u.downvotes <= 0))", "Rows Removed by Filter": 780}]}]}, {"Node Type": "Index Scan", "Parent Relationship": "Inner", "Parallel Aware": false, "Scan Direction": "Forward", "Index Name": "idx_comments_userid", "Relation Name": "comments", "Schema": "public", "Alias": "c", "Startup Cost": 0.29, "Total Cost": 0.75, "Plan Rows": 14, "Plan Width": 4, "Actual Startup Time": 0.001, "Actual Total Time": 0.002, "Actual Rows": 4, "Actual Loops": 21583, "Output": ["c.id", "c.postid", "c.score", "c.creationdate", "c.userid"], "Index Cond": "(c.userid = b.userid)", "Rows Removed by Index Recheck": 0, "Filter": "(c.score = 0)", "Rows Removed by Filter": 0}]}]}, "Planning Time": 1.07, "Triggers": [], "Execution Time": 84.206}]
[{"Plan": {"Node Type": "Aggregate", "Strategy": "Plain", "Partial Mode": "Simple", "Parallel Aware": false, "Startup Cost": 61837.77, "Total Cost": 61837.78, "Plan Rows": 1, "Plan Width": 8, "Actual Startup Time": 862.091, "Actual Total Time": 862.094, "Actual Rows": 1, "Actual Loops": 1, "Output": ["count(*)"], "Plans": [{"Node Type": "Merge Join", "Parent Relationship": "Outer", "Parallel Aware": false, "Join Type": "Inner", "Startup Cost": 9.09, "Total Cost": 24136.42, "Plan Rows": 15080540, "Plan Width": 0, "Actual Startup Time": 3.594, "Actual Total Time": 858.668, "Actual Rows": 95032, "Actual Loops": 1, "Inner Unique": false, "Merge Cond": "(u.id = v.userid)", "Plans": [{"Node Type": "Merge Join", "Parent Relationship": "Outer", "Parallel Aware": false, "Join Type": "Inner", "Startup Cost": 0.58, "Total Cost": 4271.5, "Plan Rows": 99721, "Plan Width": 8, "Actual Startup Time": 0.313, "Actual Total Time": 16.464, "Actual Rows": 31616, "Actual Loops": 1, "Output": ["ph.userid", "u.id"], "Inner Unique": true, "Merge Cond": "(ph.userid = u.id)", "Plans": [{"Node Type": "Index Only Scan", "Parent Relationship": "Outer", "Parallel Aware": false, "Scan Direction": "Forward", "Index Name": "idx_posthistory_userid", "Relation Name": "posthistory", "Schema": "public", "Alias": "ph", "Startup Cost": 0.29, "Total Cost": 2502.2, "Plan Rows": 129994, "Plan Width": 4, "Actual Startup Time": 0.012, "Actual Total Time": 7.013, "Actual Rows": 118751, "Actual Loops": 1, "Output": ["ph.userid"], "Heap Fetches": 0}, {"Node Type": "Index Scan", "Parent Relationship": "Inner", "Parallel Aware": false, "Scan Direction": "Forward", "Index Name": "users_pkey", "Relation Name": "users", "Schema": "public", "Alias": "u", "Startup Cost": 0.29, "Total Cost": 658.66, "Plan Rows": 12513, "Plan Width": 4, "Actual Startup Time": 0.017, "Actual Total Time": 2.985, "Actual Rows": 13198, "Actual Loops": 1, "Output": ["u.id", "u.reputation", "u.creationdate", "u.views", "u.upvotes", "u.downvotes"], "Filter": "((u.reputation <= 175) AND (u.downvotes >= 0) AND (u.upvotes >= 0) AND (u.upvotes <= 14))", "Rows Removed by Filter": 1737}]}, {"Node Type": "Materialize", "Parent Relationship": "Inner", "Parallel Aware": false, "Startup Cost": 8.51, "Total Cost": 42846.38, "Plan Rows": 2375800, "Plan Width": 8, "Actual Startup Time": 0.035, "Actual Total Time": 648.737, "Actual Rows": 2851594, "Actual Loops": 1, "Output": ["c.userid", "v.userid"], "Plans": [{"Node Type": "Merge Join", "Parent Relationship": "Outer", "Parallel Aware": false, "Join Type": "Inner", "Startup Cost": 8.51, "Total Cost": 36906.88, "Plan Rows": 2375800, "Plan Width": 8, "Actual Startup Time": 0.033, "Actual Total Time": 327.798, "Actual Rows": 2762799, "Actual Loops": 1, "Output": ["c.userid", "v.userid"], "Inner Unique": false, "Merge Cond": "(c.userid = v.userid)", "Plans": [{"Node Type": "Index Only Scan", "Parent Relationship": "Outer", "Parallel Aware": false, "Scan Direction": "Forward", "Index Name": "idx_comments_userid", "Relation Name": "comments", "Schema": "public", "Alias": "c", "Startup Cost": 0.29, "Total Cost": 1526.65, "Plan Rows": 79357, "Plan Width": 4, "Actual Startup Time": 0.01, "Actual Total Time": 5.368, "Actual Rows": 77223, "Actual Loops": 1, "Output": ["c.userid"], "Heap Fetches": 0}, {"Node Type": "Materialize", "Parent Relationship": "Inner", "Parallel Aware": false, "Startup Cost": 0.29, "Total Cost": 3458.37, "Plan Rows": 164233, "Plan Width": 4, "Actual Startup Time": 0.018, "Actual Total Time": 88.864, "Actual Rows": 2765447, "Actual Loops": 1, "Output": ["v.userid"], "Plans": [{"Node Type": "Index Only Scan", "Parent Relationship": "Outer", "Parallel Aware": false, "Scan Direction": "Forward", "Index Name": "idx_votes_userid", "Relation Name": "votes", "Schema": "public", "Alias": "v", "Startup Cost": 0.29, "Total Cost": 3047.79, "Plan Rows": 164233, "Plan Width": 4, "Actual Startup Time": 0.015, "Actual Total Time": 1.184, "Actual Rows": 15606, "Actual Loops": 1, "Output": ["v.userid"], "Heap Fetches": 0}]}]}]}]}]}, "Planning Time": 2.431, "Triggers": [], "Execution Time": 862.193}]#####[{"Plan": {"Node Type": "Aggregate", "Strategy": "Plain", "Partial Mode": "Simple", "Parallel Aware": false, "Startup Cost": 385074.05, "Total Cost": 385074.06, "Plan Rows": 1, "Plan Width": 8, "Actual Startup Time": 52.424, "Actual Total Time": 52.427, "Actual Rows": 1, "Actual Loops": 1, "Output": ["count(*)"], "Plans": [{"Node Type": "Merge Join", "Parent Relationship": "Outer", "Parallel Aware": false, "Join Type": "Inner", "Startup Cost": 1.53, "Total Cost": 8060.54, "Plan Rows": 150805404, "Plan Width": 0, "Actual Startup Time": 0.819, "Actual Total Time": 49.144, "Actual Rows": 95032, "Actual Loops": 1, "Inner Unique": false, "Merge Cond": "(u.id = ph.userid)", "Plans": [{"Node Type": "Merge Join", "Parent Relationship": "Outer", "Parallel Aware": false, "Join Type": "Inner", "Startup Cost": 1.24, "Total Cost": 3532.66, "Plan Rows": 18817, "Plan Width": 12, "Actual Startup Time": 0.083, "Actual Total Time": 12.952, "Actual Rows": 6306, "Actual Loops": 1, "Output": ["c.userid", "v.userid", "u.id"], "Inner Unique": false, "Merge Cond": "(u.id = c.userid)", "Plans": [{"Node Type": "Merge Join", "Parent Relationship": "Outer", "Parallel Aware": false, "Join Type": "Inner", "Startup Cost": 0.58, "Total Cost": 1147.21, "Plan Rows": 13008, "Plan Width": 8, "Actual Startup Time": 0.041, "Actual Total Time": 5.125, "Actual Rows": 3304, "Actual Loops": 1, "Output": ["v.userid", "u.id"], "Inner Unique": true, "Merge Cond": "(v.userid = u.id)", "Plans": [{"Node Type": "Index Only Scan", "Parent Relationship": "Outer", "Parallel Aware": false, "Scan Direction": "Forward", "Index Name": "idx_votes_userid", "Relation Name": "votes", "Schema": "public", "Alias": "v", "Startup Cost": 0.29, "Total Cost": 3047.79, "Plan Rows": 164233, "Plan Width": 4, "Actual Startup Time": 0.015, "Actual Total Time": 0.987, "Actual Rows": 15606, "Actual Loops": 1, "Output": ["v.userid"], "Heap Fetches": 0}, {"Node Type": "Index Scan", "Parent Relationship": "Inner", "Parallel Aware": false, "Scan Direction": "Forward", "Index Name": "users_pkey", "Relation Name": "users", "Schema": "public", "Alias": "u", "Startup Cost": 0.29, "Total Cost": 658.66, "Plan Rows": 12513, "Plan Width": 4, "Actual Startup Time": 0.016, "Actual Total Time": 2.857, "Actual Rows": 13198, "Actual Loops": 1, "Output": ["u.id", "u.reputation", "u.creationdate", "u.views", "u.upvotes", "u.downvotes"], "Filter": "((u.reputation <= 175) AND (u.downvotes >= 0) AND (u.upvotes >= 0) AND (u.upvotes <= 14))", "Rows Removed by Filter": 1737}]}, {"Node Type": "Index Only Scan", "Parent Relationship": "Inner", "Parallel Aware": false, "Scan Direction": "Forward", "Index Name": "idx_comments_userid", "Relation Name": "comments", "Schema": "public", "Alias": "c", "Startup Cost": 0.29, "Total Cost": 1526.65, "Plan Rows": 79357, "Plan Width": 4, "Actual Startup Time": 0.011, "Actual Total Time": 4.672, "Actual Rows": 81125, "Actual Loops": 1, "Output": ["c.userid"], "Heap Fetches": 0}]}, {"Node Type": "Materialize", "Parent Relationship": "Inner", "Parallel Aware": false, "Startup Cost": 0.29, "Total Cost": 2827.19, "Plan Rows": 129994, "Plan Width": 4, "Actual Startup Time": 0.015, "Actual Total Time": 21.788, "Actual Rows": 208992, "Actual Loops": 1, "Output": ["ph.userid"], "Plans": [{"Node Type": "Index Only Scan", "Parent Relationship": "Outer", "Parallel Aware": false, "Scan Direction": "Forward", "Index Name": "idx_posthistory_userid", "Relation Name": "posthistory", "Schema": "public", "Alias": "ph", "Startup Cost": 0.29, "Total Cost": 2502.2, "Plan Rows": 129994, "Plan Width": 4, "Actual Startup Time": 0.012, "Actual Total Time": 7.084, "Actual Rows": 118555, "Actual Loops": 1, "Output": ["ph.userid"], "Heap Fetches": 0}]}]}]}, "Planning Time": 1.572, "Triggers": [], "Execution Time": 52.527}]#####[{"Plan": {"Node Type": "Aggregate", "Strategy": "Plain", "Partial Mode": "Simple", "Parallel Aware": false, "Startup Cost": 382213.89, "Total Cost": 382213.9, "Plan Rows": 1, "Plan Width": 8, "Actual Startup Time": 31.366, "Actual Total Time": 31.369, "Actual Rows": 1, "Actual Loops": 1, "Output": ["count(*)"], "Plans": [{"Node Type": "Nested Loop", "Parent Relationship": "Outer", "Parallel Aware": false, "Join Type": "Inner", "Startup Cost": 1.53, "Total Cost": 5200.38, "Plan Rows": 150805404, "Plan Width": 0, "Actual Startup Time": 0.095, "Actual Total Time": 27.896, "Actual Rows": 95032, "Actual Loops": 1, "Inner Unique": false, "Plans": [{"Node Type": "Merge Join", "Parent Relationship": "Outer", "Parallel Aware": false, "Join Type": "Inner", "Startup Cost": 1.24, "Total Cost": 3532.66, "Plan Rows": 1881, "Plan Width": 12, "Actual Startup Time": 0.08, "Actual Total Time": 13.271, "Actual Rows": 6306, "Actual Loops": 1, "Output": ["c.userid", "v.userid", "u.id"], "Inner Unique": false, "Merge Cond": "(u.id = c.userid)", "Plans": [{"Node Type": "Merge Join", "Parent Relationship": "Outer", "Parallel Aware": false, "Join Type": "Inner", "Startup Cost": 0.58, "Total Cost": 1147.21, "Plan Rows": 13008, "Plan Width": 8, "Actual Startup Time": 0.037, "Actual Total Time": 5.18, "Actual Rows": 3304, "Actual Loops": 1, "Output": ["v.userid", "u.id"], "Inner Unique": true, "Merge Cond": "(v.userid = u.id)", "Plans": [{"Node Type": "Index Only Scan", "Parent Relationship": "Outer", "Parallel Aware": false, "Scan Direction": "Forward", "Index Name": "idx_votes_userid", "Relation Name": "votes", "Schema": "public", "Alias": "v", "Startup Cost": 0.29, "Total Cost": 3047.79, "Plan Rows": 164233, "Plan Width": 4, "Actual Startup Time": 0.012, "Actual Total Time": 0.985, "Actual Rows": 15606, "Actual Loops": 1, "Output": ["v.userid"], "Heap Fetches": 0}, {"Node Type": "Index Scan", "Parent Relationship": "Inner", "Parallel Aware": false, "Scan Direction": "Forward", "Index Name": "users_pkey", "Relation Name": "users", "Schema": "public", "Alias": "u", "Startup Cost": 0.29, "Total Cost": 658.66, "Plan Rows": 12513, "Plan Width": 4, "Actual Startup Time": 0.015, "Actual Total Time": 2.884, "Actual Rows": 13198, "Actual Loops": 1, "Output": ["u.id", "u.reputation", "u.creationdate", "u.views", "u.upvotes", "u.downvotes"], "Filter": "((u.reputation <= 175) AND (u.downvotes >= 0) AND (u.upvotes >= 0) AND (u.upvotes <= 14))", "Rows Removed by Filter": 1737}]}, {"Node Type": "Index Only Scan", "Parent Relationship": "Inner", "Parallel Aware": false, "Scan Direction": "Forward", "Index Name": "idx_comments_userid", "Relation Name": "comments", "Schema": "public", "Alias": "c", "Startup Cost": 0.29, "Total Cost": 1526.65, "Plan Rows": 79357, "Plan Width": 4, "Actual Startup Time": 0.01, "Actual Total Time": 4.885, "Actual Rows": 81125, "Actual Loops": 1, "Output": ["c.userid"], "Heap Fetches": 0}]}, {"Node Type": "Index Only Scan", "Parent Relationship": "Inner", "Parallel Aware": false, "Scan Direction": "Forward", "Index Name": "idx_posthistory_userid", "Relation Name": "posthistory", "Schema": "public", "Alias": "ph", "Startup Cost": 0.29, "Total Cost": 0.69, "Plan Rows": 20, "Plan Width": 4, "Actual Startup Time": 0.001, "Actual Total Time": 0.001, "Actual Rows": 15, "Actual Loops": 6306, "Output": ["ph.userid"], "Index Cond": "(ph.userid = u.id)", "Rows Removed by Index Recheck": 0, "Heap Fetches": 0}]}]}, "Planning Time": 1.549, "Triggers": [], "Execution Time": 31.467}]
[{"Plan": {"Node Type": "Aggregate", "Strategy": "Plain", "Partial Mode": "Simple", "Parallel Aware": false, "Startup Cost": 4249.58, "Total Cost": 4249.59, "Plan Rows": 1, "Plan Width": 8, "Actual Startup Time": 28.45, "Actual Total Time": 28.455, "Actual Rows": 1, "Actual Loops": 1, "Output": ["count(*)"], "Plans": [{"Node Type": "Hash Join", "Parent Relationship": "Outer", "Parallel Aware": false, "Join Type": "Inner", "Startup Cost": 1926.62, "Total Cost": 4050.64, "Plan Rows": 79576, "Plan Width": 0, "Actual Startup Time": 12.849, "Actual Total Time": 26.09, "Actual Rows": 68752, "Actual Loops": 1, "Inner Unique": false, "Hash Cond": "(c.userid = u.id)", "Plans": [{"Node Type": "Seq Scan", "Parent Relationship": "Outer", "Parallel Aware": false, "Relation Name": "comments", "Schema": "public", "Alias": "c", "Startup Cost": 0.0, "Total Cost": 1971.75, "Plan Rows": 11459, "Plan Width": 4, "Actual Startup Time": 0.05, "Actual Total Time": 7.908, "Actual Rows": 11404, "Actual Loops": 1, "Output": ["c.id", "c.postid", "c.score", "c.creationdate", "c.userid"], "Filter": "((c.creationdate >= '2010-07-26 18:55:47'::timestamp without time zone) AND (c.creationdate <= '2014-09-02 09:08:28'::timestamp without time zone) AND (c.score = 1))", "Rows Removed by Filter": 67953}, {"Node Type": "Hash", "Parent Relationship": "Inner", "Parallel Aware": false, "Startup Cost": 1743.76, "Total Cost": 1743.76, "Plan Rows": 14629, "Plan Width": 8, "Actual Startup Time": 12.733, "Actual Total Time": 12.736, "Actual Rows": 14699, "Actual Loops": 1, "Output": ["p.owneruserid", "u.id"], "Hash Buckets": 16384, "Original Hash Buckets": 16384, "Hash Batches": 1, "Original Hash Batches": 1, "Peak Memory Usage": 703, "Plans": [{"Node Type": "Hash Join", "Parent Relationship": "Outer", "Parallel Aware": false, "Join Type": "Inner", "Startup Cost": 520.69, "Total Cost": 1743.76, "Plan Rows": 14629, "Plan Width": 8, "Actual Startup Time": 3.478, "Actual Total Time": 11.2, "Actual Rows": 14699, "Actual Loops": 1, "Output": ["p.owneruserid", "u.id"], "Inner Unique": true, "Hash Cond": "(p.owneruserid = u.id)", "Plans": [{"Node Type": "Seq Scan", "Parent Relationship": "Outer", "Parallel Aware": false, "Relation Name": "posts", "Schema": "public", "Alias": "p", "Startup Cost": 0.0, "Total Cost": 1183.66, "Plan Rows": 15010, "Plan Width": 4, "Actual Startup Time": 0.007, "Actual Total Time": 5.673, "Actual Rows": 15183, "Actual Loops": 1, "Output": ["p.id", "p.posttypeid", "p.creationdate", "p.score", "p.viewcount", "p.owneruserid", "p.answercount", "p.commentcount", "p.favoritecount", "p.lasteditoruserid"], "Filter": "((p.score >= '-3'::integer) AND (p.score <= 20) AND (p.answercount <= 3) AND (p.commentcount >= 0))", "Rows Removed by Filter": 26000}, {"Node Type": "Hash", "Parent Relationship": "Inner", "Parallel Aware": false, "Startup Cost": 334.02, "Total Cost": 334.02, "Plan Rows": 14933, "Plan Width": 4, "Actual Startup Time": 3.422, "Actual Total Time": 3.422, "Actual Rows": 14935, "Actual Loops": 1, "Output": ["u.id"], "Hash Buckets": 16384, "Original Hash Buckets": 16384, "Hash Batches": 1, "Original Hash Batches": 1, "Peak Memory Usage": 654, "Plans": [{"Node Type": "Seq Scan", "Parent Relationship": "Outer", "Parallel Aware": false, "Relation Name": "users", "Schema": "public", "Alias": "u", "Startup Cost": 0.0, "Total Cost": 334.02, "Plan Rows": 14933, "Plan Width": 4, "Actual Startup Time": 0.009, "Actual Total Time": 2.082, "Actual Rows": 14935, "Actual Loops": 1, "Output": ["u.id"], "Filter": "((u.downvotes >= 0) AND (u.creationdate <= '2014-09-04 20:42:09'::timestamp without time zone))", "Rows Removed by Filter": 0}]}]}]}]}]}, "Planning Time": 0.972, "Triggers": [], "Execution Time": 28.537}]#####[{"Plan": {"Node Type": "Aggregate", "Strategy": "Plain", "Partial Mode": "Simple", "Parallel Aware": false, "Startup Cost": 5160.32, "Total Cost": 5160.33, "Plan Rows": 1, "Plan Width": 8, "Actual Startup Time": 142.729, "Actual Total Time": 142.734, "Actual Rows": 1, "Actual Loops": 1, "Output": ["count(*)"], "Plans": [{"Node Type": "Nested Loop", "Parent Relationship": "Outer", "Parallel Aware": false, "Join Type": "Inner", "Startup Cost": 520.98, "Total Cost": 3170.91, "Plan Rows": 795761, "Plan Width": 0, "Actual Startup Time": 3.549, "Actual Total Time": 139.96, "Actual Rows": 68752, "Actual Loops": 1, "Inner Unique": false, "Plans": [{"Node Type": "Hash Join", "Parent Relationship": "Outer", "Parallel Aware": false, "Join Type": "Inner", "Startup Cost": 520.69, "Total Cost": 1743.76, "Plan Rows": 1462, "Plan Width": 8, "Actual Startup Time": 3.514, "Actual Total Time": 13.544, "Actual Rows": 14699, "Actual Loops": 1, "Output": ["p.owneruserid", "u.id"], "Inner Unique": true, "Hash Cond": "(p.owneruserid = u.id)", "Plans": [{"Node Type": "Seq Scan", "Parent Relationship": "Outer", "Parallel Aware": false, "Relation Name": "posts", "Schema": "public", "Alias": "p", "Startup Cost": 0.0, "Total Cost": 1183.66, "Plan Rows": 15010, "Plan Width": 4, "Actual Startup Time": 0.011, "Actual Total Time": 6.634, "Actual Rows": 15183, "Actual Loops": 1, "Output": ["p.id", "p.posttypeid", "p.creationdate", "p.score", "p.viewcount", "p.owneruserid", "p.answercount", "p.commentcount", "p.favoritecount", "p.lasteditoruserid"], "Filter": "((p.score >= '-3'::integer) AND (p.score <= 20) AND (p.answercount <= 3) AND (p.commentcount >= 0))", "Rows Removed by Filter": 26000}, {"Node Type": "Hash", "Parent Relationship": "Inner", "Parallel Aware": false, "Startup Cost": 334.02, "Total Cost": 334.02, "Plan Rows": 14933, "Plan Width": 4, "Actual Startup Time": 3.434, "Actual Total Time": 3.435, "Actual Rows": 14935, "Actual Loops": 1, "Output": ["u.id"], "Hash Buckets": 16384, "Original Hash Buckets": 16384, "Hash Batches": 1, "Original Hash Batches": 1, "Peak Memory Usage": 654, "Plans": [{"Node Type": "Seq Scan", "Parent Relationship": "Outer", "Parallel Aware": false, "Relation Name": "users", "Schema": "public", "Alias": "u", "Startup Cost": 0.0, "Total Cost": 334.02, "Plan Rows": 14933, "Plan Width": 4, "Actual Startup Time": 0.009, "Actual Total Time": 2.068, "Actual Rows": 14935, "Actual Loops": 1, "Output": ["u.id"], "Filter": "((u.downvotes >= 0) AND (u.creationdate <= '2014-09-04 20:42:09'::timestamp without time zone))", "Rows Removed by Filter": 0}]}]}, {"Node Type": "Index Scan", "Parent Relationship": "Inner", "Parallel Aware": false, "Scan Direction": "Forward", "Index Name": "idx_comments_userid", "Relation Name": "comments", "Schema": "public", "Alias": "c", "Startup Cost": 0.29, "Total Cost": 0.95, "Plan Rows": 3, "Plan Width": 4, "Actual Startup Time": 0.002, "Actual Total Time": 0.008, "Actual Rows": 5, "Actual Loops": 14699, "Output": ["c.id", "c.postid", "c.score", "c.creationdate", "c.userid"], "Index Cond": "(c.userid = u.id)", "Rows Removed by Index Recheck": 0, "Filter": "((c.creationdate >= '2010-07-26 18:55:47'::timestamp without time zone) AND (c.creationdate <= '2014-09-02 09:08:28'::timestamp without time zone) AND (c.score = 1))", "Rows Removed by Filter": 34}]}]}, "Planning Time": 1.01, "Triggers": [], "Execution Time": 142.807}]#####[{"Plan": {"Node Type": "Aggregate", "Strategy": "Plain", "Partial Mode": "Simple", "Parallel Aware": false, "Startup Cost": 27074.92, "Total Cost": 27074.93, "Plan Rows": 1, "Plan Width": 8, "Actual Startup Time": 62.643, "Actual Total Time": 62.646, "Actual Rows": 1, "Actual Loops": 1, "Output": ["count(*)"], "Plans": [{"Node Type": "Merge Join", "Parent Relationship": "Outer", "Parallel Aware": false, "Join Type": "Inner", "Startup Cost": 3.1, "Total Cost": 25085.52, "Plan Rows": 795761, "Plan Width": 0, "Actual Startup Time": 0.969, "Actual Total Time": 59.535, "Actual Rows": 68752, "Actual Loops": 1, "Inner Unique": false, "Merge Cond": "(c.userid = u.id)", "Plans": [{"Node Type": "Index Scan", "Parent Relationship": "Outer", "Parallel Aware": false, "Scan Direction": "Forward", "Index Name": "idx_comments_userid", "Relation Name": "comments", "Schema": "public", "Alias": "c", "Startup Cost": 0.29, "Total Cost": 3959.19, "Plan Rows": 11459, "Plan Width": 4, "Actual Startup Time": 0.103, "Actual Total Time": 24.962, "Actual Rows": 11106, "Actual Loops": 1, "Output": ["c.id", "c.postid", "c.score", "c.creationdate", "c.userid"], "Filter": "((c.creationdate >= '2010-07-26 18:55:47'::timestamp without time zone) AND (c.creationdate <= '2014-09-02 09:08:28'::timestamp without time zone) AND (c.score = 1))", "Rows Removed by Filter": 66157}, {"Node Type": "Materialize", "Parent Relationship": "Inner", "Parallel Aware": false, "Startup Cost": 0.57, "Total Cost": 6614.69, "Plan Rows": 1462900, "Plan Width": 8, "Actual Startup Time": 0.862, "Actual Total Time": 26.279, "Actual Rows": 77758, "Actual Loops": 1, "Output": ["p.owneruserid", "u.id"], "Plans": [{"Node Type": "Merge Join", "Parent Relationship": "Outer", "Parallel Aware": false, "Join Type": "Inner", "Startup Cost": 0.57, "Total Cost": 2957.44, "Plan Rows": 1462900, "Plan Width": 8, "Actual Startup Time": 0.855, "Actual Total Time": 21.791, "Actual Rows": 14693, "Actual Loops": 1, "Output": ["p.owneruserid", "u.id"], "Inner Unique": true, "Merge Cond": "(p.owneruserid = u.id)", "Plans": [{"Node Type": "Index Scan", "Parent Relationship": "Outer", "Parallel Aware": false, "Scan Direction": "Forward", "Index Name": "idx_posts_owneruserid", "Relation Name": "posts", "Schema": "public", "Alias": "p", "Startup Cost": 0.29, "Total Cost": 2213.03, "Plan Rows": 15010, "Plan Width": 4, "Actual Startup Time": 0.813, "Actual Total Time": 16.317, "Actual Rows": 14703, "Actual Loops": 1, "Output": ["p.id", "p.posttypeid", "p.creationdate", "p.score", "p.viewcount", "p.owneruserid", "p.answercount", "p.commentcount", "p.favoritecount", "p.lasteditoruserid"], "Filter": "((p.score >= '-3'::integer) AND (p.score <= 20) AND (p.answercount <= 3) AND (p.commentcount >= 0))", "Rows Removed by Filter": 25424}, {"Node Type": "Index Scan", "Parent Relationship": "Inner", "Parallel Aware": false, "Scan Direction": "Forward", "Index Name": "users_pkey", "Relation Name": "users", "Schema": "public", "Alias": "u", "Startup Cost": 0.29, "Total Cost": 583.99, "Plan Rows": 14933, "Plan Width": 4, "Actual Startup Time": 0.037, "Actual Total Time": 3.141, "Actual Rows": 14934, "Actual Loops": 1, "Output": ["u.id", "u.reputation", "u.creationdate", "u.views", "u.upvotes", "u.downvotes"], "Filter": "((u.downvotes >= 0) AND (u.creationdate <= '2014-09-04 20:42:09'::timestamp without time zone))", "Rows Removed by Filter": 0}]}]}]}]}, "Planning Time": 1.035, "Triggers": [], "Execution Time": 62.82}]
[{"Plan": {"Node Type": "Aggregate", "Strategy": "Plain", "Partial Mode": "Simple", "Parallel Aware": false, "Startup Cost": 1545.79, "Total Cost": 1545.8, "Plan Rows": 1, "Plan Width": 8, "Actual Startup Time": 5.936, "Actual Total Time": 5.941, "Actual Rows": 1, "Actual Loops": 1, "Output": ["count(*)"], "Plans": [{"Node Type": "Nested Loop", "Parent Relationship": "Outer", "Parallel Aware": false, "Join Type": "Inner", "Startup Cost": 1395.42, "Total Cost": 1545.78, "Plan Rows": 2, "Plan Width": 0, "Actual Startup Time": 5.93, "Actual Total Time": 5.934, "Actual Rows": 0, "Actual Loops": 1, "Inner Unique": false, "Plans": [{"Node Type": "Nested Loop", "Parent Relationship": "Outer", "Parallel Aware": false, "Join Type": "Inner", "Startup Cost": 1395.14, "Total Cost": 1540.79, "Plan Rows": 12, "Plan Width": 8, "Actual Startup Time": 5.93, "Actual Total Time": 5.934, "Actual Rows": 0, "Actual Loops": 1, "Output": ["p.owneruserid", "u.id"], "Inner Unique": true, "Plans": [{"Node Type": "Hash Join", "Parent Relationship": "Outer", "Parallel Aware": false, "Join Type": "Inner", "Startup Cost": 1394.85, "Total Cost": 1472.24, "Plan Rows": 39, "Plan Width": 4, "Actual Startup Time": 5.93, "Actual Total Time": 5.933, "Actual Rows": 0, "Actual Loops": 1, "Output": ["p.owneruserid"], "Inner Unique": true, "Hash Cond": "(pl.relatedpostid = p.id)", "Plans": [{"Node Type": "Seq Scan", "Parent Relationship": "Outer", "Parallel Aware": false, "Relation Name": "postlinks", "Schema": "public", "Alias": "pl", "Startup Cost": 0.0, "Total Cost": 67.33, "Plan Rows": 3833, "Plan Width": 4, "Actual Startup Time": 0.009, "Actual Total Time": 0.01, "Actual Rows": 1, "Actual Loops": 1, "Output": ["pl.id", "pl.creationdate", "pl.postid", "pl.relatedpostid", "pl.linktypeid"]}, {"Node Type": "Hash", "Parent Relationship": "Inner", "Parallel Aware": false, "Startup Cost": 1389.58, "Total Cost": 1389.58, "Plan Rows": 422, "Plan Width": 8, "Actual Startup Time": 5.893, "Actual Total Time": 5.893, "Actual Rows": 0, "Actual Loops": 1, "Output": ["p.id", "p.owneruserid"], "Hash Buckets": 1024, "Original Hash Buckets": 1024, "Hash Batches": 1, "Original Hash Batches": 1, "Peak Memory Usage": 8, "Plans": [{"Node Type": "Seq Scan", "Parent Relationship": "Outer", "Parallel Aware": false, "Relation Name": "posts", "Schema": "public", "Alias": "p", "Startup Cost": 0.0, "Total Cost": 1389.58, "Plan Rows": 422, "Plan Width": 8, "Actual Startup Time": 5.892, "Actual Total Time": 5.892, "Actual Rows": 0, "Actual Loops": 1, "Output": ["p.id", "p.owneruserid"], "Filter": "((p.score >= 0) AND (p.viewcount <= 2634) AND (p.answercount >= 0) AND (p.answercount <= 5) AND (p.favoritecount <= 2) AND (p.posttypeid = 2))", "Rows Removed by Filter": 41183}]}]}, {"Node Type": "Index Scan", "Parent Relationship": "Inner", "Parallel Aware": false, "Scan Direction": "Forward", "Index Name": "users_pkey", "Relation Name": "users", "Schema": "public", "Alias": "u", "Startup Cost": 0.29, "Total Cost": 1.76, "Plan Rows": 1, "Plan Width": 4, "Actual Startup Time": 0.0, "Actual Total Time": 0.0, "Actual Rows": 0, "Actual Loops": 0, "Output": ["u.id", "u.reputation", "u.creationdate", "u.views", "u.upvotes", "u.downvotes"], "Index Cond": "(u.id = p.owneruserid)", "Rows Removed by Index Recheck": 0, "Filter": "((u.upvotes >= 0) AND (u.views = 0))", "Rows Removed by Filter": 0}]}, {"Node Type": "Index Only Scan", "Parent Relationship": "Inner", "Parallel Aware": false, "Scan Direction": "Forward", "Index Name": "idx_badges_userid", "Relation Name": "badges", "Schema": "public", "Alias": "b", "Startup Cost": 0.29, "Total Cost": 0.39, "Plan Rows": 3, "Plan Width": 4, "Actual Startup Time": 0.0, "Actual Total Time": 0.0, "Actual Rows": 0, "Actual Loops": 0, "Output": ["b.userid"], "Index Cond": "(b.userid = u.id)", "Rows Removed by Index Recheck": 0, "Heap Fetches": 0}]}]}, "Planning Time": 1.76, "Triggers": [], "Execution Time": 6.026}]#####[{"Plan": {"Node Type": "Aggregate", "Strategy": "Plain", "Partial Mode": "Simple", "Parallel Aware": false, "Startup Cost": 1510.83, "Total Cost": 1510.84, "Plan Rows": 1, "Plan Width": 8, "Actual Startup Time": 5.078, "Actual Total Time": 5.084, "Actual Rows": 1, "Actual Loops": 1, "Output": ["count(*)"], "Plans": [{"Node Type": "Nested Loop", "Parent Relationship": "Outer", "Parallel Aware": false, "Join Type": "Inner", "Startup Cost": 1395.42, "Total Cost": 1510.76, "Plan Rows": 26, "Plan Width": 0, "Actual Startup Time": 5.073, "Actual Total Time": 5.078, "Actual Rows": 0, "Actual Loops": 1, "Inner Unique": true, "Join Filter": "(p.owneruserid = u.id)", "Rows Removed by Join Filter": 0, "Plans": [{"Node Type": "Nested Loop", "Parent Relationship": "Outer", "Parallel Aware": false, "Join Type": "Inner", "Startup Cost": 1395.14, "Total Cost": 1507.37, "Plan Rows": 10, "Plan Width": 8, "Actual Startup Time": 5.073, "Actual Total Time": 5.078, "Actual Rows": 0, "Actual Loops": 1, "Output": ["p.owneruserid", "b.userid"], "Inner Unique": false, "Plans": [{"Node Type": "Hash Join", "Parent Relationship": "Outer", "Parallel Aware": false, "Join Type": "Inner", "Startup Cost": 1394.85, "Total Cost": 1472.24, "Plan Rows": 39, "Plan Width": 4, "Actual Startup Time": 5.072, "Actual Total Time": 5.077, "Actual Rows": 0, "Actual Loops": 1, "Output": ["p.owneruserid"], "Inner Unique": true, "Hash Cond": "(pl.relatedpostid = p.id)", "Plans": [{"Node Type": "Seq Scan", "Parent Relationship": "Outer", "Parallel Aware": false, "Relation Name": "postlinks", "Schema": "public", "Alias": "pl", "Startup Cost": 0.0, "Total Cost": 67.33, "Plan Rows": 3833, "Plan Width": 4, "Actual Startup Time": 0.008, "Actual Total Time": 0.009, "Actual Rows": 1, "Actual Loops": 1, "Output": ["pl.id", "pl.creationdate", "pl.postid", "pl.relatedpostid", "pl.linktypeid"]}, {"Node Type": "Hash", "Parent Relationship": "Inner", "Parallel Aware": false, "Startup Cost": 1389.58, "Total Cost": 1389.58, "Plan Rows": 422, "Plan Width": 8, "Actual Startup Time": 5.037, "Actual Total Time": 5.04, "Actual Rows": 0, "Actual Loops": 1, "Output": ["p.id", "p.owneruserid"], "Hash Buckets": 1024, "Original Hash Buckets": 1024, "Hash Batches": 1, "Original Hash Batches": 1, "Peak Memory Usage": 8, "Plans": [{"Node Type": "Seq Scan", "Parent Relationship": "Outer", "Parallel Aware": false, "Relation Name": "posts", "Schema": "public", "Alias": "p", "Startup Cost": 0.0, "Total Cost": 1389.58, "Plan Rows": 422, "Plan Width": 8, "Actual Startup Time": 5.037, "Actual Total Time": 5.037, "Actual Rows": 0, "Actual Loops": 1, "Output": ["p.id", "p.owneruserid"], "Filter": "((p.score >= 0) AND (p.viewcount <= 2634) AND (p.answercount >= 0) AND (p.answercount <= 5) AND (p.favoritecount <= 2) AND (p.posttypeid = 2))", "Rows Removed by Filter": 41183}]}]}, {"Node Type": "Index Only Scan", "Parent Relationship": "Inner", "Parallel Aware": false, "Scan Direction": "Forward", "Index Name": "idx_badges_userid", "Relation Name": "badges", "Schema": "public", "Alias": "b", "Startup Cost": 0.29, "Total Cost": 0.87, "Plan Rows": 3, "Plan Width": 4, "Actual Startup Time": 0.0, "Actual Total Time": 0.0, "Actual Rows": 0, "Actual Loops": 0, "Output": ["b.userid"], "Index Cond": "(b.userid = p.owneruserid)", "Rows Removed by Index Recheck": 0, "Heap Fetches": 0}]}, {"Node Type": "Index Scan", "Parent Relationship": "Inner", "Parallel Aware": false, "Scan Direction": "Forward", "Index Name": "users_pkey", "Relation Name": "users", "Schema": "public", "Alias": "u", "Startup Cost": 0.29, "Total Cost": 0.33, "Plan Rows": 1, "Plan Width": 4, "Actual Startup Time": 0.0, "Actual Total Time": 0.0, "Actual Rows": 0, "Actual Loops": 0, "Output": ["u.id", "u.reputation", "u.creationdate", "u.views", "u.upvotes", "u.downvotes"], "Index Cond": "(u.id = b.userid)", "Rows Removed by Index Recheck": 0, "Filter": "((u.upvotes >= 0) AND (u.views = 0))", "Rows Removed by Filter": 0}]}]}, "Planning Time": 1.203, "Triggers": [], "Execution Time": 5.155}]#####[{"Plan": {"Node Type": "Aggregate", "Strategy": "Plain", "Partial Mode": "Simple", "Parallel Aware": false, "Startup Cost": 1882.57, "Total Cost": 1882.58, "Plan Rows": 1, "Plan Width": 8, "Actual Startup Time": 7.159, "Actual Total Time": 7.163, "Actual Rows": 1, "Actual Loops": 1, "Output": ["count(*)"], "Plans": [{"Node Type": "Nested Loop", "Parent Relationship": "Outer", "Parallel Aware": false, "Join Type": "Inner", "Startup Cost": 1790.17, "Total Cost": 1882.51, "Plan Rows": 26, "Plan Width": 0, "Actual Startup Time": 7.152, "Actual Total Time": 7.156, "Actual Rows": 0, "Actual Loops": 1, "Inner Unique": false, "Plans": [{"Node Type": "Hash Join", "Parent Relationship": "Outer", "Parallel Aware": false, "Join Type": "Inner", "Startup Cost": 1789.89, "Total Cost": 1877.52, "Plan Rows": 12, "Plan Width": 8, "Actual Startup Time": 7.152, "Actual Total Time": 7.155, "Actual Rows": 0, "Actual Loops": 1, "Output": ["p.owneruserid", "u.id"], "Inner Unique": true, "Hash Cond": "(p.owneruserid = u.id)", "Plans": [{"Node Type": "Hash Join", "Parent Relationship": "Outer", "Parallel Aware": false, "Join Type": "Inner", "Startup Cost": 1394.85, "Total Cost": 1472.24, "Plan Rows": 3900, "Plan Width": 4, "Actual Startup Time": 4.943, "Actual Total Time": 4.946, "Actual Rows": 0, "Actual Loops": 1, "Output": ["p.owneruserid"], "Inner Unique": true, "Hash Cond": "(pl.relatedpostid = p.id)", "Plans": [{"Node Type": "Seq Scan", "Parent Relationship": "Outer", "Parallel Aware": false, "Relation Name": "postlinks", "Schema": "public", "Alias": "pl", "Startup Cost": 0.0, "Total Cost": 67.33, "Plan Rows": 3833, "Plan Width": 4, "Actual Startup Time": 0.005, "Actual Total Time": 0.006, "Actual Rows": 1, "Actual Loops": 1, "Output": ["pl.id", "pl.creationdate", "pl.postid", "pl.relatedpostid", "pl.linktypeid"]}, {"Node Type": "Hash", "Parent Relationship": "Inner", "Parallel Aware": false, "Startup Cost": 1389.58, "Total Cost": 1389.58, "Plan Rows": 422, "Plan Width": 8, "Actual Startup Time": 4.929, "Actual Total Time": 4.929, "Actual Rows": 0, "Actual Loops": 1, "Output": ["p.id", "p.owneruserid"], "Hash Buckets": 1024, "Original Hash Buckets": 1024, "Hash Batches": 1, "Original Hash Batches": 1, "Peak Memory Usage": 8, "Plans": [{"Node Type": "Seq Scan", "Parent Relationship": "Outer", "Parallel Aware": false, "Relation Name": "posts", "Schema": "public", "Alias": "p", "Startup Cost": 0.0, "Total Cost": 1389.58, "Plan Rows": 422, "Plan Width": 8, "Actual Startup Time": 4.928, "Actual Total Time": 4.928, "Actual Rows": 0, "Actual Loops": 1, "Output": ["p.id", "p.owneruserid"], "Filter": "((p.score >= 0) AND (p.viewcount <= 2634) AND (p.answercount >= 0) AND (p.answercount <= 5) AND (p.favoritecount <= 2) AND (p.posttypeid = 2))", "Rows Removed by Filter": 41183}]}]}, {"Node Type": "Hash", "Parent Relationship": "Inner", "Parallel Aware": false, "Startup Cost": 334.02, "Total Cost": 334.02, "Plan Rows": 4881, "Plan Width": 4, "Actual Startup Time": 2.168, "Actual Total Time": 2.168, "Actual Rows": 4881, "Actual Loops": 1, "Output": ["u.id"], "Hash Buckets": 8192, "Original Hash Buckets": 8192, "Hash Batches": 1, "Original Hash Batches": 1, "Peak Memory Usage": 236, "Plans": [{"Node Type": "Seq Scan", "Parent Relationship": "Outer", "Parallel Aware": false, "Relation Name": "users", "Schema": "public", "Alias": "u", "Startup Cost": 0.0, "Total Cost": 334.02, "Plan Rows": 4881, "Plan Width": 4, "Actual Startup Time": 0.008, "Actual Total Time": 1.715, "Actual Rows": 4881, "Actual Loops": 1, "Output": ["u.id"], "Filter": "((u.upvotes >= 0) AND (u.views = 0))", "Rows Removed by Filter": 10054}]}]}, {"Node Type": "Index Only Scan", "Parent Relationship": "Inner", "Parallel Aware": false, "Scan Direction": "Forward", "Index Name": "idx_badges_userid", "Relation Name": "badges", "Schema": "public", "Alias": "b", "Startup Cost": 0.29, "Total Cost": 0.39, "Plan Rows": 3, "Plan Width": 4, "Actual Startup Time": 0.0, "Actual Total Time": 0.0, "Actual Rows": 0, "Actual Loops": 0, "Output": ["b.userid"], "Index Cond": "(b.userid = u.id)", "Rows Removed by Index Recheck": 0, "Heap Fetches": 0}]}]}, "Planning Time": 1.189, "Triggers": [], "Execution Time": 7.238}]
[{"Plan": {"Node Type": "Aggregate", "Strategy": "Plain", "Partial Mode": "Simple", "Parallel Aware": false, "Startup Cost": 7976.96, "Total Cost": 7976.97, "Plan Rows": 1, "Plan Width": 8, "Actual Startup Time": 7522.262, "Actual Total Time": 7522.27, "Actual Rows": 1, "Actual Loops": 1, "Output": ["count(*)"], "Plans": [{"Node Type": "Hash Join", "Parent Relationship": "Outer", "Parallel Aware": false, "Join Type": "Inner", "Startup Cost": 1614.35, "Total Cost": 3627.37, "Plan Rows": 1739839, "Plan Width": 0, "Actual Startup Time": 133.203, "Actual Total Time": 4662.786, "Actual Rows": 72177217, "Actual Loops": 1, "Inner Unique": false, "Hash Cond": "(c.userid = u.id)", "Plans": [{"Node Type": "Seq Scan", "Parent Relationship": "Outer", "Parallel Aware": false, "Relation Name": "comments", "Schema": "public", "Alias": "c", "Startup Cost": 0.0, "Total Cost": 1773.36, "Plan Rows": 11574, "Plan Width": 4, "Actual Startup Time": 0.011, "Actual Total Time": 10.016, "Actual Rows": 11485, "Actual Loops": 1, "Output": ["c.id", "c.postid", "c.score", "c.creationdate", "c.userid"], "Filter": "((c.creationdate <= '2014-09-08 16:35:55'::timestamp without time zone) AND (c.score = 1))", "Rows Removed by Filter": 67872}, {"Node Type": "Hash", "Parent Relationship": "Inner", "Parallel Aware": false, "Startup Cost": 1313.24, "Total Cost": 1313.24, "Plan Rows": 24089, "Plan Width": 12, "Actual Startup Time": 133.091, "Actual Total Time": 133.095, "Actual Rows": 359521, "Actual Loops": 1, "Output": ["v.userid", "b.userid", "u.id"], "Hash Buckets": 524288, "Original Hash Buckets": 32768, "Hash Batches": 1, "Original Hash Batches": 1, "Peak Memory Usage": 19545, "Plans": [{"Node Type": "Merge Join", "Parent Relationship": "Outer", "Parallel Aware": false, "Join Type": "Inner", "Startup Cost": 1.46, "Total Cost": 1313.24, "Plan Rows": 24089, "Plan Width": 12, "Actual Startup Time": 0.115, "Actual Total Time": 92.559, "Actual Rows": 359521, "Actual Loops": 1, "Output": ["v.userid", "b.userid", "u.id"], "Inner Unique": true, "Merge Cond": "(v.userid = u.id)", "Plans": [{"Node Type": "Merge Join", "Parent Relationship": "Outer", "Parallel Aware": false, "Join Type": "Inner", "Startup Cost": 1.17, "Total Cost": 4517.82, "Plan Rows": 254823, "Plan Width": 8, "Actual Startup Time": 0.101, "Actual Total Time": 61.035, "Actual Rows": 359521, "Actual Loops": 1, "Output": ["v.userid", "b.userid"], "Inner Unique": false, "Merge Cond": "(b.userid = v.userid)", "Plans": [{"Node Type": "Index Only Scan", "Parent Relationship": "Outer", "Parallel Aware": false, "Scan Direction": "Forward", "Index Name": "idx_badges_userid", "Relation Name": "badges", "Schema": "public", "Alias": "b", "Startup Cost": 0.29, "Total Cost": 713.65, "Plan Rows": 32624, "Plan Width": 4, "Actual Startup Time": 0.013, "Actual Total Time": 2.392, "Actual Rows": 32624, "Actual Loops": 1, "Output": ["b.userid"], "Heap Fetches": 0}, {"Node Type": "Materialize", "Parent Relationship": "Inner", "Parallel Aware": false, "Startup Cost": 0.29, "Total Cost": 7136.49, "Plan Rows": 162302, "Plan Width": 4, "Actual Startup Time": 0.021, "Actual Total Time": 22.96, "Actual Rows": 360596, "Actual Loops": 1, "Output": ["v.id", "v.postid", "v.votetypeid", "v.creationdate", "v.userid", "v.bountyamount"], "Plans": [{"Node Type": "Index Scan", "Parent Relationship": "Outer", "Parallel Aware": false, "Scan Direction": "Forward", "Index Name": "idx_votes_userid", "Relation Name": "votes", "Schema": "public", "Alias": "v", "Startup Cost": 0.29, "Total Cost": 6730.74, "Plan Rows": 162302, "Plan Width": 4, "Actual Startup Time": 0.018, "Actual Total Time": 10.619, "Actual Rows": 15531, "Actual Loops": 1, "Output": ["v.id", "v.postid", "v.votetypeid", "v.creationdate", "v.userid", "v.bountyamount"], "Filter": "((v.creationdate >= '2010-07-21 00:00:00'::timestamp without time zone) AND (v.creationdate <= '2014-09-13 00:00:00'::timestamp without time zone))", "Rows Removed by Filter": 72}]}]}, {"Node Type": "Index Scan", "Parent Relationship": "Inner", "Parallel Aware": false, "Scan Direction": "Forward", "Index Name": "users_pkey", "Relation Name": "users", "Schema": "public", "Alias": "u", "Startup Cost": 0.29, "Total Cost": 546.65, "Plan Rows": 14935, "Plan Width": 4, "Actual Startup Time": 0.012, "Actual Total Time": 2.638, "Actual Rows": 14933, "Actual Loops": 1, "Output": ["u.id", "u.reputation", "u.creationdate", "u.views", "u.upvotes", "u.downvotes"], "Filter": "(u.views >= 0)", "Rows Removed by Filter": 0}]}]}]}]}, "Planning Time": 4.108, "Triggers": [], "Execution Time": 7522.706}]#####[{"Plan": {"Node Type": "Aggregate", "Strategy": "Plain", "Partial Mode": "Simple", "Parallel Aware": false, "Startup Cost": 46672.87, "Total Cost": 46672.88, "Plan Rows": 1, "Plan Width": 8, "Actual Startup Time": 60384.433, "Actual Total Time": 60384.437, "Actual Rows": 1, "Actual Loops": 1, "Output": ["count(*)"], "Plans": [{"Node Type": "Nested Loop", "Parent Relationship": "Outer", "Parallel Aware": false, "Join Type": "Inner", "Startup Cost": 1.75, "Total Cost": 3176.88, "Plan Rows": 17398394, "Plan Width": 0, "Actual Startup Time": 0.134, "Actual Total Time": 57604.56, "Actual Rows": 72177217, "Actual Loops": 1, "Inner Unique": false, "Join Filter": "(u.id = c.userid)", "Rows Removed by Join Filter": 0, "Plans": [{"Node Type": "Merge Join", "Parent Relationship": "Outer", "Parallel Aware": false, "Join Type": "Inner", "Startup Cost": 1.46, "Total Cost": 1313.24, "Plan Rows": 2408, "Plan Width": 12, "Actual Startup Time": 0.118, "Actual Total Time": 141.223, "Actual Rows": 359521, "Actual Loops": 1, "Output": ["v.userid", "b.userid", "u.id"], "Inner Unique": true, "Merge Cond": "(v.userid = u.id)", "Plans": [{"Node Type": "Merge Join", "Parent Relationship": "Outer", "Parallel Aware": false, "Join Type": "Inner", "Startup Cost": 1.17, "Total Cost": 4517.82, "Plan Rows": 254823, "Plan Width": 8, "Actual Startup Time": 0.104, "Actual Total Time": 97.119, "Actual Rows": 359521, "Actual Loops": 1, "Output": ["v.userid", "b.userid"], "Inner Unique": false, "Merge Cond": "(b.userid = v.userid)", "Plans": [{"Node Type": "Index Only Scan", "Parent Relationship": "Outer", "Parallel Aware": false, "Scan Direction": "Forward", "Index Name": "idx_badges_userid", "Relation Name": "badges", "Schema": "public", "Alias": "b", "Startup Cost": 0.29, "Total Cost": 713.65, "Plan Rows": 32624, "Plan Width": 4, "Actual Startup Time": 0.012, "Actual Total Time": 3.07, "Actual Rows": 32624, "Actual Loops": 1, "Output": ["b.userid"], "Heap Fetches": 0}, {"Node Type": "Materialize", "Parent Relationship": "Inner", "Parallel Aware": false, "Startup Cost": 0.29, "Total Cost": 7136.49, "Plan Rows": 162302, "Plan Width": 4, "Actual Startup Time": 0.021, "Actual Total Time": 35.831, "Actual Rows": 360596, "Actual Loops": 1, "Output": ["v.id", "v.postid", "v.votetypeid", "v.creationdate", "v.userid", "v.bountyamount"], "Plans": [{"Node Type": "Index Scan", "Parent Relationship": "Outer", "Parallel Aware": false, "Scan Direction": "Forward", "Index Name": "idx_votes_userid", "Relation Name": "votes", "Schema": "public", "Alias": "v", "Startup Cost": 0.29, "Total Cost": 6730.74, "Plan Rows": 162302, "Plan Width": 4, "Actual Startup Time": 0.018, "Actual Total Time": 12.09, "Actual Rows": 15531, "Actual Loops": 1, "Output": ["v.id", "v.postid", "v.votetypeid", "v.creationdate", "v.userid", "v.bountyamount"], "Filter": "((v.creationdate >= '2010-07-21 00:00:00'::timestamp without time zone) AND (v.creationdate <= '2014-09-13 00:00:00'::timestamp without time zone))", "Rows Removed by Filter": 72}]}]}, {"Node Type": "Index Scan", "Parent Relationship": "Inner", "Parallel Aware": false, "Scan Direction": "Forward", "Index Name": "users_pkey", "Relation Name": "users", "Schema": "public", "Alias": "u", "Startup Cost": 0.29, "Total Cost": 546.65, "Plan Rows": 14935, "Plan Width": 4, "Actual Startup Time": 0.012, "Actual Total Time": 2.707, "Actual Rows": 14933, "Actual Loops": 1, "Output": ["u.id", "u.reputation", "u.creationdate", "u.views", "u.upvotes", "u.downvotes"], "Filter": "(u.views >= 0)", "Rows Removed by Filter": 0}]}, {"Node Type": "Index Scan", "Parent Relationship": "Inner", "Parallel Aware": false, "Scan Direction": "Forward", "Index Name": "idx_comments_userid", "Relation Name": "comments", "Schema": "public", "Alias": "c", "Startup Cost": 0.29, "Total Cost": 0.74, "Plan Rows": 3, "Plan Width": 4, "Actual Startup Time": 0.003, "Actual Total Time": 0.145, "Actual Rows": 201, "Actual Loops": 359521, "Output": ["c.id", "c.postid", "c.score", "c.creationdate", "c.userid"], "Index Cond": "(c.userid = v.userid)", "Rows Removed by Index Recheck": 0, "Filter": "((c.creationdate <= '2014-09-08 16:35:55'::timestamp without time zone) AND (c.score = 1))", "Rows Removed by Filter": 800}]}]}, "Planning Time": 2.899, "Triggers": [], "Execution Time": 60384.526}]#####[{"Plan": {"Node Type": "Aggregate", "Strategy": "Plain", "Partial Mode": "Simple", "Parallel Aware": false, "Startup Cost": 47302.71, "Total Cost": 47302.72, "Plan Rows": 1, "Plan Width": 8, "Actual Startup Time": 10412.111, "Actual Total Time": 10412.117, "Actual Rows": 1, "Actual Loops": 1, "Output": ["count(*)"], "Plans": [{"Node Type": "Merge Join", "Parent Relationship": "Outer", "Parallel Aware": false, "Join Type": "Inner", "Startup Cost": 3046.85, "Total Cost": 3806.73, "Plan Rows": 17398394, "Plan Width": 0, "Actual Startup Time": 22.667, "Actual Total Time": 7687.861, "Actual Rows": 72177217, "Actual Loops": 1, "Inner Unique": false, "Merge Cond": "(v.userid = u.id)", "Plans": [{"Node Type": "Merge Join", "Parent Relationship": "Outer", "Parallel Aware": false, "Join Type": "Inner", "Startup Cost": 1.17, "Total Cost": 4517.82, "Plan Rows": 254823, "Plan Width": 8, "Actual Startup Time": 0.219, "Actual Total Time": 69.608, "Actual Rows": 359521, "Actual Loops": 1, "Output": ["v.userid", "b.userid"], "Inner Unique": false, "Merge Cond": "(b.userid = v.userid)", "Plans": [{"Node Type": "Index Only Scan", "Parent Relationship": "Outer", "Parallel Aware": false, "Scan Direction": "Forward", "Index Name": "idx_badges_userid", "Relation Name": "badges", "Schema": "public", "Alias": "b", "Startup Cost": 0.29, "Total Cost": 713.65, "Plan Rows": 32624, "Plan Width": 4, "Actual Startup Time": 0.034, "Actual Total Time": 2.554, "Actual Rows": 32624, "Actual Loops": 1, "Output": ["b.userid"], "Heap Fetches": 0}, {"Node Type": "Materialize", "Parent Relationship": "Inner", "Parallel Aware": false, "Startup Cost": 0.29, "Total Cost": 7136.49, "Plan Rows": 162302, "Plan Width": 4, "Actual Startup Time": 0.052, "Actual Total Time": 27.542, "Actual Rows": 360596, "Actual Loops": 1, "Output": ["v.id", "v.postid", "v.votetypeid", "v.creationdate", "v.userid", "v.bountyamount"], "Plans": [{"Node Type": "Index Scan", "Parent Relationship": "Outer", "Parallel Aware": false, "Scan Direction": "Forward", "Index Name": "idx_votes_userid", "Relation Name": "votes", "Schema": "public", "Alias": "v", "Startup Cost": 0.29, "Total Cost": 6730.74, "Plan Rows": 162302, "Plan Width": 4, "Actual Startup Time": 0.046, "Actual Total Time": 10.592, "Actual Rows": 15531, "Actual Loops": 1, "Output": ["v.id", "v.postid", "v.votetypeid", "v.creationdate", "v.userid", "v.bountyamount"], "Filter": "((v.creationdate >= '2010-07-21 00:00:00'::timestamp without time zone) AND (v.creationdate <= '2014-09-13 00:00:00'::timestamp without time zone))", "Rows Removed by Filter": 72}]}]}, {"Node Type": "Sort", "Parent Relationship": "Inner", "Parallel Aware": false, "Startup Cost": 3045.68, "Total Cost": 3073.86, "Plan Rows": 11271, "Plan Width": 8, "Actual Startup Time": 22.445, "Actual Total Time": 2213.714, "Actual Rows": 72179197, "Actual Loops": 1, "Output": ["c.userid", "u.id"], "Sort Key": ["c.userid"], "Sort Method": "quicksort", "Sort Space Used": 909, "Sort Space Type": "Memory", "Plans": [{"Node Type": "Hash Join", "Parent Relationship": "Outer", "Parallel Aware": false, "Join Type": "Inner", "Startup Cost": 483.38, "Total Cost": 2287.12, "Plan Rows": 11271, "Plan Width": 8, "Actual Startup Time": 7.339, "Actual Total Time": 20.22, "Actual Rows": 11183, "Actual Loops": 1, "Output": ["c.userid", "u.id"], "Inner Unique": true, "Hash Cond": "(c.userid = u.id)", "Plans": [{"Node Type": "Seq Scan", "Parent Relationship": "Outer", "Parallel Aware": false, "Relation Name": "comments", "Schema": "public", "Alias": "c", "Startup Cost": 0.0, "Total Cost": 1773.36, "Plan Rows": 11574, "Plan Width": 4, "Actual Startup Time": 0.017, "Actual Total Time": 10.622, "Actual Rows": 11485, "Actual Loops": 1, "Output": ["c.id", "c.postid", "c.score", "c.creationdate", "c.userid"], "Filter": "((c.creationdate <= '2014-09-08 16:35:55'::timestamp without time zone) AND (c.score = 1))", "Rows Removed by Filter": 67872}, {"Node Type": "Hash", "Parent Relationship": "Inner", "Parallel Aware": false, "Startup Cost": 296.69, "Total Cost": 296.69, "Plan Rows": 14935, "Plan Width": 4, "Actual Startup Time": 7.182, "Actual Total Time": 7.183, "Actual Rows": 14935, "Actual Loops": 1, "Output": ["u.id"], "Hash Buckets": 16384, "Original Hash Buckets": 16384, "Hash Batches": 1, "Original Hash Batches": 1, "Peak Memory Usage": 654, "Plans": [{"Node Type": "Seq Scan", "Parent Relationship": "Outer", "Parallel Aware": false, "Relation Name": "users", "Schema": "public", "Alias": "u", "Startup Cost": 0.0, "Total Cost": 296.69, "Plan Rows": 14935, "Plan Width": 4, "Actual Startup Time": 0.017, "Actual Total Time": 4.036, "Actual Rows": 14935, "Actual Loops": 1, "Output": ["u.id"], "Filter": "(u.views >= 0)", "Rows Removed by Filter": 0}]}]}]}]}]}, "Planning Time": 4.296, "Triggers": [], "Execution Time": 10412.408}]
[{"Plan": {"Node Type": "Aggregate", "Strategy": "Plain", "Partial Mode": "Simple", "Parallel Aware": false, "Startup Cost": 4234.74, "Total Cost": 4234.75, "Plan Rows": 1, "Plan Width": 8, "Actual Startup Time": 137.131, "Actual Total Time": 137.136, "Actual Rows": 1, "Actual Loops": 1, "Output": ["count(*)"], "Plans": [{"Node Type": "Nested Loop", "Parent Relationship": "Outer", "Parallel Aware": false, "Join Type": "Inner", "Startup Cost": 1468.56, "Total Cost": 4231.37, "Plan Rows": 1346, "Plan Width": 0, "Actual Startup Time": 7.634, "Actual Total Time": 125.707, "Actual Rows": 308343, "Actual Loops": 1, "Inner Unique": false, "Join Filter": "(p.id = v.postid)", "Rows Removed by Join Filter": 0, "Plans": [{"Node Type": "Nested Loop", "Parent Relationship": "Outer", "Parallel Aware": false, "Join Type": "Inner", "Startup Cost": 1468.26, "Total Cost": 2601.69, "Plan Rows": 3376, "Plan Width": 16, "Actual Startup Time": 7.614, "Actual Total Time": 45.626, "Actual Rows": 56506, "Actual Loops": 1, "Output": ["c.postid", "p.id", "pl.postid", "ph.postid"], "Inner Unique": false, "Join Filter": "(p.id = ph.postid)", "Rows Removed by Join Filter": 0, "Plans": [{"Node Type": "Nested Loop", "Parent Relationship": "Outer", "Parallel Aware": false, "Join Type": "Inner", "Startup Cost": 1467.97, "Total Cost": 2068.82, "Plan Rows": 1105, "Plan Width": 12, "Actual Startup Time": 7.541, "Actual Total Time": 18.345, "Actual Rows": 9302, "Actual Loops": 1, "Output": ["c.postid", "p.id", "pl.postid"], "Inner Unique": false, "Plans": [{"Node Type": "Hash Join", "Parent Relationship": "Outer", "Parallel Aware": false, "Join Type": "Inner", "Startup Cost": 1467.67, "Total Cost": 1554.65, "Plan Rows": 582, "Plan Width": 8, "Actual Startup Time": 7.478, "Actual Total Time": 9.109, "Actual Rows": 3446, "Actual Loops": 1, "Output": ["p.id", "pl.postid"], "Inner Unique": true, "Hash Cond": "(pl.postid = p.id)", "Plans": [{"Node Type": "Seq Scan", "Parent Relationship": "Outer", "Parallel Aware": false, "Relation Name": "postlinks", "Schema": "public", "Alias": "pl", "Startup Cost": 0.0, "Total Cost": 76.91, "Plan Rows": 3833, "Plan Width": 4, "Actual Startup Time": 0.011, "Actual Total Time": 0.608, "Actual Rows": 3833, "Actual Loops": 1, "Output": ["pl.id", "pl.creationdate", "pl.postid", "pl.relatedpostid", "pl.linktypeid"], "Filter": "(pl.linktypeid = 1)", "Rows Removed by Filter": 0}, {"Node Type": "Hash", "Parent Relationship": "Inner", "Parallel Aware": false, "Startup Cost": 1389.58, "Total Cost": 1389.58, "Plan Rows": 6248, "Plan Width": 4, "Actual Startup Time": 7.417, "Actual Total Time": 7.418, "Actual Rows": 15714, "Actual Loops": 1, "Output": ["p.id"], "Hash Buckets": 16384, "Original Hash Buckets": 8192, "Hash Batches": 1, "Original Hash Batches": 1, "Peak Memory Usage": 681, "Plans": [{"Node Type": "Seq Scan", "Parent Relationship": "Outer", "Parallel Aware": false, "Relation Name": "posts", "Schema": "public", "Alias": "p", "Startup Cost": 0.0, "Total Cost": 1389.58, "Plan Rows": 6248, "Plan Width": 4, "Actual Startup Time": 0.007, "Actual Total Time": 5.833, "Actual Rows": 15714, "Actual Loops": 1, "Output": ["p.id"], "Filter": "((p.viewcount >= 0) AND (p.viewcount <= 10234) AND (p.answercount >= 0) AND (p.answercount <= 5) AND (p.commentcount >= 0) AND (p.commentcount <= 10))", "Rows Removed by Filter": 25469}]}]}, {"Node Type": "Index Scan", "Parent Relationship": "Inner", "Parallel Aware": false, "Scan Direction": "Forward", "Index Name": "idx_comments_postid", "Relation Name": "comments", "Schema": "public", "Alias": "c", "Startup Cost": 0.29, "Total Cost": 0.84, "Plan Rows": 4, "Plan Width": 4, "Actual Startup Time": 0.001, "Actual Total Time": 0.002, "Actual Rows": 3, "Actual Loops": 3446, "Output": ["c.id", "c.postid", "c.score", "c.creationdate", "c.userid"], "Index Cond": "(c.postid = p.id)", "Rows Removed by Index Recheck": 0, "Filter": "((c.creationdate >= '2010-08-03 15:26:43'::timestamp without time zone) AND (c.creationdate <= '2014-09-03 08:06:25'::timestamp without time zone))", "Rows Removed by Filter": 0}]}, {"Node Type": "Index Scan", "Parent Relationship": "Inner", "Parallel Aware": false, "Scan Direction": "Forward", "Index Name": "idx_posthistory_postid", "Relation Name": "posthistory", "Schema": "public", "Alias": "ph", "Startup Cost": 0.29, "Total Cost": 0.43, "Plan Rows": 4, "Plan Width": 4, "Actual Startup Time": 0.001, "Actual Total Time": 0.002, "Actual Rows": 6, "Actual Loops": 9302, "Output": ["ph.id", "ph.posthistorytypeid", "ph.postid", "ph.creationdate", "ph.userid"], "Index Cond": "(ph.postid = c.postid)", "Rows Removed by Index Recheck": 0, "Filter": "(ph.creationdate >= '2010-08-19 00:50:20'::timestamp without time zone)", "Rows Removed by Filter": 0}]}, {"Node Type": "Index Only Scan", "Parent Relationship": "Inner", "Parallel Aware": false, "Scan Direction": "Forward", "Index Name": "idx_votes_postid", "Relation Name": "votes", "Schema": "public", "Alias": "v", "Startup Cost": 0.29, "Total Cost": 0.41, "Plan Rows": 6, "Plan Width": 4, "Actual Startup Time": 0.001, "Actual Total Time": 0.001, "Actual Rows": 5, "Actual Loops": 56506, "Output": ["v.postid"], "Index Cond": "(v.postid = ph.postid)", "Rows Removed by Index Recheck": 0, "Heap Fetches": 0}]}]}, "Planning Time": 2.598, "Triggers": [], "Execution Time": 137.243}]#####[{"Plan": {"Node Type": "Aggregate", "Strategy": "Plain", "Partial Mode": "Simple", "Parallel Aware": false, "Startup Cost": 10933.59, "Total Cost": 10933.6, "Plan Rows": 1, "Plan Width": 8, "Actual Startup Time": 127.043, "Actual Total Time": 127.052, "Actual Rows": 1, "Actual Loops": 1, "Output": ["count(*)"], "Plans": [{"Node Type": "Hash Join", "Parent Relationship": "Outer", "Parallel Aware": false, "Join Type": "Inner", "Startup Cost": 7613.48, "Total Cost": 10899.93, "Plan Rows": 13463, "Plan Width": 0, "Actual Startup Time": 88.024, "Actual Total Time": 116.458, "Actual Rows": 308343, "Actual Loops": 1, "Inner Unique": false, "Hash Cond": "(pl.postid = p.id)", "Plans": [{"Node Type": "Nested Loop", "Parent Relationship": "Outer", "Parallel Aware": false, "Join Type": "Inner", "Startup Cost": 0.29, "Total Cost": 2812.09, "Plan Rows": 25236, "Plan Width": 8, "Actual Startup Time": 0.031, "Actual Total Time": 7.999, "Actual Rows": 26024, "Actual Loops": 1, "Output": ["pl.postid", "v.postid"], "Inner Unique": false, "Plans": [{"Node Type": "Seq Scan", "Parent Relationship": "Outer", "Parallel Aware": false, "Relation Name": "postlinks", "Schema": "public", "Alias": "pl", "Startup Cost": 0.0, "Total Cost": 76.91, "Plan Rows": 3833, "Plan Width": 4, "Actual Startup Time": 0.012, "Actual Total Time": 0.583, "Actual Rows": 3833, "Actual Loops": 1, "Output": ["pl.id", "pl.creationdate", "pl.postid", "pl.relatedpostid", "pl.linktypeid"], "Filter": "(pl.linktypeid = 1)", "Rows Removed by Filter": 0}, {"Node Type": "Index Only Scan", "Parent Relationship": "Inner", "Parallel Aware": false, "Scan Direction": "Forward", "Index Name": "idx_votes_postid", "Relation Name": "votes", "Schema": "public", "Alias": "v", "Startup Cost": 0.29, "Total Cost": 0.65, "Plan Rows": 6, "Plan Width": 4, "Actual Startup Time": 0.001, "Actual Total Time": 0.001, "Actual Rows": 7, "Actual Loops": 3833, "Output": ["v.postid"], "Index Cond": "(v.postid = pl.postid)", "Rows Removed by Index Recheck": 0, "Heap Fetches": 0}]}, {"Node Type": "Hash", "Parent Relationship": "Inner", "Parallel Aware": false, "Startup Cost": 7159.71, "Total Cost": 7159.71, "Plan Rows": 36278, "Plan Width": 12, "Actual Startup Time": 87.676, "Actual Total Time": 87.682, "Actual Rows": 181152, "Actual Loops": 1, "Output": ["c.postid", "p.id", "ph.postid"], "Hash Buckets": 262144, "Original Hash Buckets": 65536, "Hash Batches": 1, "Original Hash Batches": 1, "Peak Memory Usage": 9832, "Plans": [{"Node Type": "Hash Join", "Parent Relationship": "Outer", "Parallel Aware": false, "Join Type": "Inner", "Startup Cost": 3594.98, "Total Cost": 7159.71, "Plan Rows": 36278, "Plan Width": 12, "Actual Startup Time": 28.499, "Actual Total Time": 66.474, "Actual Rows": 181152, "Actual Loops": 1, "Output": ["c.postid", "p.id", "ph.postid"], "Inner Unique": false, "Hash Cond": "(ph.postid = p.id)", "Plans": [{"Node Type": "Seq Scan", "Parent Relationship": "Outer", "Parallel Aware": false, "Relation Name": "posthistory", "Schema": "public", "Alias": "ph", "Startup Cost": 0.0, "Total Cost": 2572.93, "Plan Rows": 125804, "Plan Width": 4, "Actual Startup Time": 0.373, "Actual Total Time": 14.356, "Actual Rows": 125979, "Actual Loops": 1, "Output": ["ph.id", "ph.posthistorytypeid", "ph.postid", "ph.creationdate", "ph.userid"], "Filter": "(ph.creationdate >= '2010-08-19 00:50:20'::timestamp without time zone)", "Rows Removed by Filter": 4015}, {"Node Type": "Hash", "Parent Relationship": "Inner", "Parallel Aware": false, "Startup Cost": 3446.53, "Total Cost": 3446.53, "Plan Rows": 11876, "Plan Width": 8, "Actual Startup Time": 28.068, "Actual Total Time": 28.073, "Actual Rows": 31633, "Actual Loops": 1, "Output": ["c.postid", "p.id"], "Hash Buckets": 32768, "Original Hash Buckets": 16384, "Hash Batches": 1, "Original Hash Batches": 1, "Peak Memory Usage": 1492, "Plans": [{"Node Type": "Hash Join", "Parent Relationship": "Outer", "Parallel Aware": false, "Join Type": "Inner", "Startup Cost": 1467.67, "Total Cost": 3446.53, "Plan Rows": 11876, "Plan Width": 8, "Actual Startup Time": 7.534, "Actual Total Time": 24.472, "Actual Rows": 31633, "Actual Loops": 1, "Output": ["c.postid", "p.id"], "Inner Unique": true, "Hash Cond": "(c.postid = p.id)", "Plans": [{"Node Type": "Seq Scan", "Parent Relationship": "Outer", "Parallel Aware": false, "Relation Name": "comments", "Schema": "public", "Alias": "c", "Startup Cost": 0.0, "Total Cost": 1773.36, "Plan Rows": 78278, "Plan Width": 4, "Actual Startup Time": 0.083, "Actual Total Time": 9.832, "Actual Rows": 78374, "Actual Loops": 1, "Output": ["c.id", "c.postid", "c.score", "c.creationdate", "c.userid"], "Filter": "((c.creationdate >= '2010-08-03 15:26:43'::timestamp without time zone) AND (c.creationdate <= '2014-09-03 08:06:25'::timestamp without time zone))", "Rows Removed by Filter": 983}, {"Node Type": "Hash", "Parent Relationship": "Inner", "Parallel Aware": false, "Startup Cost": 1389.58, "Total Cost": 1389.58, "Plan Rows": 6248, "Plan Width": 4, "Actual Startup Time": 7.418, "Actual Total Time": 7.419, "Actual Rows": 15714, "Actual Loops": 1, "Output": ["p.id"], "Hash Buckets": 16384, "Original Hash Buckets": 8192, "Hash Batches": 1, "Original Hash Batches": 1, "Peak Memory Usage": 681, "Plans": [{"Node Type": "Seq Scan", "Parent Relationship": "Outer", "Parallel Aware": false, "Relation Name": "posts", "Schema": "public", "Alias": "p", "Startup Cost": 0.0, "Total Cost": 1389.58, "Plan Rows": 6248, "Plan Width": 4, "Actual Startup Time": 0.007, "Actual Total Time": 5.844, "Actual Rows": 15714, "Actual Loops": 1, "Output": ["p.id"], "Filter": "((p.viewcount >= 0) AND (p.viewcount <= 10234) AND (p.answercount >= 0) AND (p.answercount <= 5) AND (p.commentcount >= 0) AND (p.commentcount <= 10))", "Rows Removed by Filter": 25469}]}]}]}]}]}]}]}, "Planning Time": 2.627, "Triggers": [], "Execution Time": 127.374}]#####[{"Plan": {"Node Type": "Aggregate", "Strategy": "Plain", "Partial Mode": "Simple", "Parallel Aware": false, "Startup Cost": 8345.31, "Total Cost": 8345.32, "Plan Rows": 1, "Plan Width": 8, "Actual Startup Time": 115.379, "Actual Total Time": 115.383, "Actual Rows": 1, "Actual Loops": 1, "Output": ["count(*)"], "Plans": [{"Node Type": "Merge Join", "Parent Relationship": "Outer", "Parallel Aware": false, "Join Type": "Inner", "Startup Cost": 1784.65, "Total Cost": 8311.66, "Plan Rows": 13463, "Plan Width": 0, "Actual Startup Time": 7.843, "Actual Total Time": 104.014, "Actual Rows": 308343, "Actual Loops": 1, "Inner Unique": false, "Merge Cond": "(p.id = v.postid)", "Plans": [{"Node Type": "Nested Loop", "Parent Relationship": "Outer", "Parallel Aware": false, "Join Type": "Inner", "Startup Cost": 1784.35, "Total Cost": 3038.44, "Plan Rows": 33760, "Plan Width": 16, "Actual Startup Time": 7.527, "Actual Total Time": 45.828, "Actual Rows": 56506, "Actual Loops": 1, "Output": ["c.postid", "p.id", "pl.postid", "ph.postid"], "Inner Unique": false, "Join Filter": "(p.id = ph.postid)", "Rows Removed by Join Filter": 0, "Plans": [{"Node Type": "Nested Loop", "Parent Relationship": "Outer", "Parallel Aware": false, "Join Type": "Inner", "Startup Cost": 1784.06, "Total Cost": 2505.57, "Plan Rows": 1105, "Plan Width": 12, "Actual Startup Time": 7.443, "Actual Total Time": 19.46, "Actual Rows": 9302, "Actual Loops": 1, "Output": ["c.postid", "p.id", "pl.postid"], "Inner Unique": false, "Plans": [{"Node Type": "Merge Join", "Parent Relationship": "Outer", "Parallel Aware": false, "Join Type": "Inner", "Startup Cost": 1783.77, "Total Cost": 1991.4, "Plan Rows": 582, "Plan Width": 8, "Actual Startup Time": 7.427, "Actual Total Time": 10.544, "Actual Rows": 3446, "Actual Loops": 1, "Output": ["p.id", "pl.postid"], "Inner Unique": true, "Merge Cond": "(pl.postid = p.id)", "Plans": [{"Node Type": "Index Scan", "Parent Relationship": "Outer", "Parallel Aware": false, "Scan Direction": "Forward", "Index Name": "idx_postlinks_postid", "Relation Name": "postlinks", "Schema": "public", "Alias": "pl", "Startup Cost": 0.28, "Total Cost": 161.29, "Plan Rows": 3833, "Plan Width": 4, "Actual Startup Time": 0.015, "Actual Total Time": 1.141, "Actual Rows": 3833, "Actual Loops": 1, "Output": ["pl.id", "pl.creationdate", "pl.postid", "pl.relatedpostid", "pl.linktypeid"], "Filter": "(pl.linktypeid = 1)", "Rows Removed by Filter": 0}, {"Node Type": "Sort", "Parent Relationship": "Inner", "Parallel Aware": false, "Startup Cost": 1783.49, "Total Cost": 1799.11, "Plan Rows": 6248, "Plan Width": 4, "Actual Startup Time": 7.408, "Actual Total Time": 8.092, "Actual Rows": 15700, "Actual Loops": 1, "Output": ["p.id"], "Sort Key": ["p.id"], "Sort Method": "quicksort", "Sort Space Used": 1121, "Sort Space Type": "Memory", "Plans": [{"Node Type": "Seq Scan", "Parent Relationship": "Outer", "Parallel Aware": false, "Relation Name": "posts", "Schema": "public", "Alias": "p", "Startup Cost": 0.0, "Total Cost": 1389.58, "Plan Rows": 6248, "Plan Width": 4, "Actual Startup Time": 0.008, "Actual Total Time": 5.968, "Actual Rows": 15714, "Actual Loops": 1, "Output": ["p.id"], "Filter": "((p.viewcount >= 0) AND (p.viewcount <= 10234) AND (p.answercount >= 0) AND (p.answercount <= 5) AND (p.commentcount >= 0) AND (p.commentcount <= 10))", "Rows Removed by Filter": 25469}]}]}, {"Node Type": "Index Scan", "Parent Relationship": "Inner", "Parallel Aware": false, "Scan Direction": "Forward", "Index Name": "idx_comments_postid", "Relation Name": "comments", "Schema": "public", "Alias": "c", "Startup Cost": 0.29, "Total Cost": 0.84, "Plan Rows": 4, "Plan Width": 4, "Actual Startup Time": 0.001, "Actual Total Time": 0.002, "Actual Rows": 3, "Actual Loops": 3446, "Output": ["c.id", "c.postid", "c.score", "c.creationdate", "c.userid"], "Index Cond": "(c.postid = p.id)", "Rows Removed by Index Recheck": 0, "Filter": "((c.creationdate >= '2010-08-03 15:26:43'::timestamp without time zone) AND (c.creationdate <= '2014-09-03 08:06:25'::timestamp without time zone))", "Rows Removed by Filter": 0}]}, {"Node Type": "Index Scan", "Parent Relationship": "Inner", "Parallel Aware": false, "Scan Direction": "Forward", "Index Name": "idx_posthistory_postid", "Relation Name": "posthistory", "Schema": "public", "Alias": "ph", "Startup Cost": 0.29, "Total Cost": 0.43, "Plan Rows": 4, "Plan Width": 4, "Actual Startup Time": 0.001, "Actual Total Time": 0.002, "Actual Rows": 6, "Actual Loops": 9302, "Output": ["ph.id", "ph.posthistorytypeid", "ph.postid", "ph.creationdate", "ph.userid"], "Index Cond": "(ph.postid = c.postid)", "Rows Removed by Index Recheck": 0, "Filter": "(ph.creationdate >= '2010-08-19 00:50:20'::timestamp without time zone)", "Rows Removed by Filter": 0}]}, {"Node Type": "Index Only Scan", "Parent Relationship": "Inner", "Parallel Aware": false, "Scan Direction": "Forward", "Index Name": "idx_votes_postid", "Relation Name": "votes", "Schema": "public", "Alias": "v", "Startup Cost": 0.29, "Total Cost": 3435.79, "Plan Rows": 164233, "Plan Width": 4, "Actual Startup Time": 0.009, "Actual Total Time": 28.26, "Actual Rows": 462624, "Actual Loops": 1, "Output": ["v.postid"], "Heap Fetches": 0}]}]}, "Planning Time": 2.619, "Triggers": [], "Execution Time": 115.585}]
[{"Plan": {"Node Type": "Aggregate", "Strategy": "Plain", "Partial Mode": "Simple", "Parallel Aware": false, "Startup Cost": 9405.13, "Total Cost": 9405.14, "Plan Rows": 1, "Plan Width": 8, "Actual Startup Time": 2689.65, "Actual Total Time": 2689.658, "Actual Rows": 1, "Actual Loops": 1, "Output": ["count(*)"], "Plans": [{"Node Type": "Hash Join", "Parent Relationship": "Outer", "Parallel Aware": false, "Join Type": "Inner", "Startup Cost": 1759.87, "Total Cost": 7612.97, "Plan Rows": 716866, "Plan Width": 0, "Actual Startup Time": 107.518, "Actual Total Time": 1664.23, "Actual Rows": 25851240, "Actual Loops": 1, "Inner Unique": false, "Hash Cond": "(ph.userid = u.id)", "Plans": [{"Node Type": "Seq Scan", "Parent Relationship": "Outer", "Parallel Aware": false, "Relation Name": "posthistory", "Schema": "public", "Alias": "ph", "Startup Cost": 0.0, "Total Cost": 2572.93, "Plan Rows": 129981, "Plan Width": 4, "Actual Startup Time": 0.025, "Actual Total Time": 15.611, "Actual Rows": 129994, "Actual Loops": 1, "Output": ["ph.id", "ph.posthistorytypeid", "ph.postid", "ph.creationdate", "ph.userid"], "Filter": "(ph.creationdate <= '2014-08-28 14:15:20'::timestamp without time zone)", "Rows Removed by Filter": 0}, {"Node Type": "Hash", "Parent Relationship": "Inner", "Parallel Aware": false, "Startup Cost": 1347.27, "Total Cost": 1347.27, "Plan Rows": 33008, "Plan Width": 12, "Actual Startup Time": 106.886, "Actual Total Time": 106.89, "Actual Rows": 142010, "Actual Loops": 1, "Output": ["v.userid", "u.id", "b.userid"], "Hash Buckets": 262144, "Original Hash Buckets": 65536, "Hash Batches": 1, "Original Hash Batches": 1, "Peak Memory Usage": 8150, "Plans": [{"Node Type": "Merge Join", "Parent Relationship": "Outer", "Parallel Aware": false, "Join Type": "Inner", "Startup Cost": 1.46, "Total Cost": 1347.27, "Plan Rows": 33008, "Plan Width": 12, "Actual Startup Time": 25.569, "Actual Total Time": 90.582, "Actual Rows": 142010, "Actual Loops": 1, "Output": ["v.userid", "u.id", "b.userid"], "Inner Unique": true, "Merge Cond": "(v.userid = u.id)", "Plans": [{"Node Type": "Merge Join", "Parent Relationship": "Outer", "Parallel Aware": false, "Join Type": "Inner", "Startup Cost": 1.17, "Total Cost": 4526.64, "Plan Rows": 255549, "Plan Width": 8, "Actual Startup Time": 0.194, "Actual Total Time": 66.77, "Actual Rows": 360034, "Actual Loops": 1, "Output": ["v.userid", "b.userid"], "Inner Unique": false, "Merge Cond": "(b.userid = v.userid)", "Plans": [{"Node Type": "Index Only Scan", "Parent Relationship": "Outer", "Parallel Aware": false, "Scan Direction": "Forward", "Index Name": "idx_badges_userid", "Relation Name": "badges", "Schema": "public", "Alias": "b", "Startup Cost": 0.29, "Total Cost": 713.65, "Plan Rows": 32624, "Plan Width": 4, "Actual Startup Time": 0.024, "Actual Total Time": 2.444, "Actual Rows": 32624, "Actual Loops": 1, "Output": ["b.userid"], "Heap Fetches": 0}, {"Node Type": "Materialize", "Parent Relationship": "Inner", "Parallel Aware": false, "Startup Cost": 0.29, "Total Cost": 7137.65, "Plan Rows": 162764, "Plan Width": 4, "Actual Startup Time": 0.048, "Actual Total Time": 25.453, "Actual Rows": 361109, "Actual Loops": 1, "Output": ["v.id", "v.postid", "v.votetypeid", "v.creationdate", "v.userid", "v.bountyamount"], "Plans": [{"Node Type": "Index Scan", "Parent Relationship": "Outer", "Parallel Aware": false, "Scan Direction": "Forward", "Index Name": "idx_votes_userid", "Relation Name": "votes", "Schema": "public", "Alias": "v", "Startup Cost": 0.29, "Total Cost": 6730.74, "Plan Rows": 162764, "Plan Width": 4, "Actual Startup Time": 0.042, "Actual Total Time": 11.981, "Actual Rows": 15571, "Actual Loops": 1, "Output": ["v.id", "v.postid", "v.votetypeid", "v.creationdate", "v.userid", "v.bountyamount"], "Filter": "((v.creationdate >= '2010-07-20 00:00:00'::timestamp without time zone) AND (v.creationdate <= '2014-09-11 00:00:00'::timestamp without time zone))", "Rows Removed by Filter": 32}]}]}, {"Node Type": "Index Scan", "Parent Relationship": "Inner", "Parallel Aware": false, "Scan Direction": "Forward", "Index Name": "users_pkey", "Relation Name": "users", "Schema": "public", "Alias": "u", "Startup Cost": 0.29, "Total Cost": 583.99, "Plan Rows": 14667, "Plan Width": 4, "Actual Startup Time": 0.093, "Actual Total Time": 2.852, "Actual Rows": 14691, "Actual Loops": 1, "Output": ["u.id", "u.reputation", "u.creationdate", "u.views", "u.upvotes", "u.downvotes"], "Filter": "((u.upvotes <= 2156) AND (u.creationdate >= '2010-07-24 17:44:19'::timestamp without time zone))", "Rows Removed by Filter": 242}]}]}]}]}, "Planning Time": 1.839, "Triggers": [], "Execution Time": 2690.101}]#####[{"Plan": {"Node Type": "Aggregate", "Strategy": "Plain", "Partial Mode": "Simple", "Parallel Aware": false, "Startup Cost": 22467.25, "Total Cost": 22467.26, "Plan Rows": 1, "Plan Width": 8, "Actual Startup Time": 7412.423, "Actual Total Time": 7412.427, "Actual Rows": 1, "Actual Loops": 1, "Output": ["count(*)"], "Plans": [{"Node Type": "Nested Loop", "Parent Relationship": "Outer", "Parallel Aware": false, "Join Type": "Inner", "Startup Cost": 1.75, "Total Cost": 4545.59, "Plan Rows": 7168663, "Plan Width": 0, "Actual Startup Time": 17.285, "Actual Total Time": 6398.393, "Actual Rows": 25851240, "Actual Loops": 1, "Inner Unique": false, "Join Filter": "(u.id = ph.userid)", "Rows Removed by Join Filter": 0, "Plans": [{"Node Type": "Merge Join", "Parent Relationship": "Outer", "Parallel Aware": false, "Join Type": "Inner", "Startup Cost": 1.46, "Total Cost": 1347.27, "Plan Rows": 3300, "Plan Width": 12, "Actual Startup Time": 17.262, "Actual Total Time": 93.216, "Actual Rows": 142010, "Actual Loops": 1, "Output": ["v.userid", "u.id", "b.userid"], "Inner Unique": true, "Merge Cond": "(v.userid = u.id)", "Plans": [{"Node Type": "Merge Join", "Parent Relationship": "Outer", "Parallel Aware": false, "Join Type": "Inner", "Startup Cost": 1.17, "Total Cost": 4526.64, "Plan Rows": 255549, "Plan Width": 8, "Actual Startup Time": 0.098, "Actual Total Time": 69.219, "Actual Rows": 360034, "Actual Loops": 1, "Output": ["v.userid", "b.userid"], "Inner Unique": false, "Merge Cond": "(b.userid = v.userid)", "Plans": [{"Node Type": "Index Only Scan", "Parent Relationship": "Outer", "Parallel Aware": false, "Scan Direction": "Forward", "Index Name": "idx_badges_userid", "Relation Name": "badges", "Schema": "public", "Alias": "b", "Startup Cost": 0.29, "Total Cost": 713.65, "Plan Rows": 32624, "Plan Width": 4, "Actual Startup Time": 0.012, "Actual Total Time": 2.557, "Actual Rows": 32624, "Actual Loops": 1, "Output": ["b.userid"], "Heap Fetches": 0}, {"Node Type": "Materialize", "Parent Relationship": "Inner", "Parallel Aware": false, "Startup Cost": 0.29, "Total Cost": 7137.65, "Plan Rows": 162764, "Plan Width": 4, "Actual Startup Time": 0.021, "Actual Total Time": 26.501, "Actual Rows": 361109, "Actual Loops": 1, "Output": ["v.id", "v.postid", "v.votetypeid", "v.creationdate", "v.userid", "v.bountyamount"], "Plans": [{"Node Type": "Index Scan", "Parent Relationship": "Outer", "Parallel Aware": false, "Scan Direction": "Forward", "Index Name": "idx_votes_userid", "Relation Name": "votes", "Schema": "public", "Alias": "v", "Startup Cost": 0.29, "Total Cost": 6730.74, "Plan Rows": 162764, "Plan Width": 4, "Actual Startup Time": 0.017, "Actual Total Time": 12.409, "Actual Rows": 15571, "Actual Loops": 1, "Output": ["v.id", "v.postid", "v.votetypeid", "v.creationdate", "v.userid", "v.bountyamount"], "Filter": "((v.creationdate >= '2010-07-20 00:00:00'::timestamp without time zone) AND (v.creationdate <= '2014-09-11 00:00:00'::timestamp without time zone))", "Rows Removed by Filter": 32}]}]}, {"Node Type": "Index Scan", "Parent Relationship": "Inner", "Parallel Aware": false, "Scan Direction": "Forward", "Index Name": "users_pkey", "Relation Name": "users", "Schema": "public", "Alias": "u", "Startup Cost": 0.29, "Total Cost": 583.99, "Plan Rows": 14667, "Plan Width": 4, "Actual Startup Time": 0.043, "Actual Total Time": 2.868, "Actual Rows": 14691, "Actual Loops": 1, "Output": ["u.id", "u.reputation", "u.creationdate", "u.views", "u.upvotes", "u.downvotes"], "Filter": "((u.upvotes <= 2156) AND (u.creationdate >= '2010-07-24 17:44:19'::timestamp without time zone))", "Rows Removed by Filter": 242}]}, {"Node Type": "Index Scan", "Parent Relationship": "Inner", "Parallel Aware": false, "Scan Direction": "Forward", "Index Name": "idx_posthistory_userid", "Relation Name": "posthistory", "Schema": "public", "Alias": "ph", "Startup Cost": 0.29, "Total Cost": 0.72, "Plan Rows": 20, "Plan Width": 4, "Actual Startup Time": 0.001, "Actual Total Time": 0.032, "Actual Rows": 182, "Actual Loops": 142010, "Output": ["ph.id", "ph.posthistorytypeid", "ph.postid", "ph.creationdate", "ph.userid"], "Index Cond": "(ph.userid = v.userid)", "Rows Removed by Index Recheck": 0, "Filter": "(ph.creationdate <= '2014-08-28 14:15:20'::timestamp without time zone)", "Rows Removed by Filter": 0}]}]}, "Planning Time": 1.495, "Triggers": [], "Execution Time": 7412.521}]#####[{"Plan": {"Node Type": "Aggregate", "Strategy": "Plain", "Partial Mode": "Simple", "Parallel Aware": false, "Startup Cost": 27913.18, "Total Cost": 27913.19, "Plan Rows": 1, "Plan Width": 8, "Actual Startup Time": 3829.643, "Actual Total Time": 3829.647, "Actual Rows": 1, "Actual Loops": 1, "Output": ["count(*)"], "Plans": [{"Node Type": "Merge Join", "Parent Relationship": "Outer", "Parallel Aware": false, "Join Type": "Inner", "Startup Cost": 1.75, "Total Cost": 9991.53, "Plan Rows": 7168663, "Plan Width": 0, "Actual Startup Time": 47.107, "Actual Total Time": 2897.592, "Actual Rows": 25851240, "Actual Loops": 1, "Inner Unique": false, "Merge Cond": "(u.id = v.userid)", "Plans": [{"Node Type": "Merge Join", "Parent Relationship": "Outer", "Parallel Aware": false, "Join Type": "Inner", "Startup Cost": 0.58, "Total Cost": 7259.08, "Plan Rows": 116875, "Plan Width": 8, "Actual Startup Time": 13.82, "Actual Total Time": 61.093, "Actual Rows": 86170, "Actual Loops": 1, "Output": ["ph.userid", "u.id"], "Inner Unique": true, "Merge Cond": "(ph.userid = u.id)", "Plans": [{"Node Type": "Index Scan", "Parent Relationship": "Outer", "Parallel Aware": false, "Scan Direction": "Forward", "Index Name": "idx_posthistory_userid", "Relation Name": "posthistory", "Schema": "public", "Alias": "ph", "Startup Cost": 0.29, "Total Cost": 5658.72, "Plan Rows": 129981, "Plan Width": 4, "Actual Startup Time": 0.044, "Actual Total Time": 45.884, "Actual Rows": 118723, "Actual Loops": 1, "Output": ["ph.id", "ph.posthistorytypeid", "ph.postid", "ph.creationdate", "ph.userid"], "Filter": "(ph.creationdate <= '2014-08-28 14:15:20'::timestamp without time zone)", "Rows Removed by Filter": 0}, {"Node Type": "Index Scan", "Parent Relationship": "Inner", "Parallel Aware": false, "Scan Direction": "Forward", "Index Name": "users_pkey", "Relation Name": "users", "Schema": "public", "Alias": "u", "Startup Cost": 0.29, "Total Cost": 583.99, "Plan Rows": 14667, "Plan Width": 4, "Actual Startup Time": 0.123, "Actual Total Time": 3.409, "Actual Rows": 14692, "Actual Loops": 1, "Output": ["u.id", "u.reputation", "u.creationdate", "u.views", "u.upvotes", "u.downvotes"], "Filter": "((u.upvotes <= 2156) AND (u.creationdate >= '2010-07-24 17:44:19'::timestamp without time zone))", "Rows Removed by Filter": 242}]}, {"Node Type": "Materialize", "Parent Relationship": "Inner", "Parallel Aware": false, "Startup Cost": 1.17, "Total Cost": 5165.51, "Plan Rows": 255549, "Plan Width": 8, "Actual Startup Time": 0.172, "Actual Total Time": 897.131, "Actual Rows": 26070678, "Actual Loops": 1, "Output": ["v.userid", "b.userid"], "Plans": [{"Node Type": "Merge Join", "Parent Relationship": "Outer", "Parallel Aware": false, "Join Type": "Inner", "Startup Cost": 1.17, "Total Cost": 4526.64, "Plan Rows": 255549, "Plan Width": 8, "Actual Startup Time": 0.164, "Actual Total Time": 66.751, "Actual Rows": 360034, "Actual Loops": 1, "Output": ["v.userid", "b.userid"], "Inner Unique": false, "Merge Cond": "(b.userid = v.userid)", "Plans": [{"Node Type": "Index Only Scan", "Parent Relationship": "Outer", "Parallel Aware": false, "Scan Direction": "Forward", "Index Name": "idx_badges_userid", "Relation Name": "badges", "Schema": "public", "Alias": "b", "Startup Cost": 0.29, "Total Cost": 713.65, "Plan Rows": 32624, "Plan Width": 4, "Actual Startup Time": 0.031, "Actual Total Time": 2.452, "Actual Rows": 32624, "Actual Loops": 1, "Output": ["b.userid"], "Heap Fetches": 0}, {"Node Type": "Materialize", "Parent Relationship": "Inner", "Parallel Aware": false, "Startup Cost": 0.29, "Total Cost": 7137.65, "Plan Rows": 162764, "Plan Width": 4, "Actual Startup Time": 0.043, "Actual Total Time": 25.094, "Actual Rows": 361109, "Actual Loops": 1, "Output": ["v.id", "v.postid", "v.votetypeid", "v.creationdate", "v.userid", "v.bountyamount"], "Plans": [{"Node Type": "Index Scan", "Parent Relationship": "Outer", "Parallel Aware": false, "Scan Direction": "Forward", "Index Name": "idx_votes_userid", "Relation Name": "votes", "Schema": "public", "Alias": "v", "Startup Cost": 0.29, "Total Cost": 6730.74, "Plan Rows": 162764, "Plan Width": 4, "Actual Startup Time": 0.039, "Actual Total Time": 12.485, "Actual Rows": 15571, "Actual Loops": 1, "Output": ["v.id", "v.postid", "v.votetypeid", "v.creationdate", "v.userid", "v.bountyamount"], "Filter": "((v.creationdate >= '2010-07-20 00:00:00'::timestamp without time zone) AND (v.creationdate <= '2014-09-11 00:00:00'::timestamp without time zone))", "Rows Removed by Filter": 32}]}]}]}]}]}, "Planning Time": 3.929, "Triggers": [], "Execution Time": 3829.934}]
[{"Plan": {"Node Type": "Aggregate", "Strategy": "Plain", "Partial Mode": "Simple", "Parallel Aware": false, "Startup Cost": 59725.81, "Total Cost": 59725.82, "Plan Rows": 1, "Plan Width": 8, "Actual Startup Time": 11.729, "Actual Total Time": 11.735, "Actual Rows": 1, "Actual Loops": 1, "Output": ["count(*)"], "Plans": [{"Node Type": "Merge Join", "Parent Relationship": "Outer", "Parallel Aware": false, "Join Type": "Inner", "Startup Cost": 1.4, "Total Cost": 25239.33, "Plan Rows": 13794590, "Plan Width": 0, "Actual Startup Time": 11.721, "Actual Total Time": 11.726, "Actual Rows": 0, "Actual Loops": 1, "Inner Unique": false, "Merge Cond": "(u.id = v.userid)", "Plans": [{"Node Type": "Merge Join", "Parent Relationship": "Outer", "Parallel Aware": false, "Join Type": "Inner", "Startup Cost": 0.81, "Total Cost": 5055.96, "Plan Rows": 73679, "Plan Width": 8, "Actual Startup Time": 3.242, "Actual Total Time": 3.245, "Actual Rows": 1, "Actual Loops": 1, "Output": ["c.userid", "u.id"], "Inner Unique": true, "Merge Cond": "(c.userid = u.id)", "Plans": [{"Node Type": "Index Scan", "Parent Relationship": "Outer", "Parallel Aware": false, "Scan Direction": "Forward", "Index Name": "idx_comments_userid", "Relation Name": "comments", "Schema": "public", "Alias": "c", "Startup Cost": 0.29, "Total Cost": 3562.4, "Plan Rows": 79349, "Plan Width": 4, "Actual Startup Time": 0.026, "Actual Total Time": 3.008, "Actual Rows": 3786, "Actual Loops": 1, "Output": ["c.id", "c.postid", "c.score", "c.creationdate", "c.userid"], "Filter": "(c.creationdate <= '2014-09-02 18:46:59'::timestamp without time zone)", "Rows Removed by Filter": 0}, {"Node Type": "Index Scan", "Parent Relationship": "Inner", "Parallel Aware": false, "Scan Direction": "Forward", "Index Name": "users_pkey", "Relation Name": "users", "Schema": "public", "Alias": "u", "Startup Cost": 0.29, "Total Cost": 621.32, "Plan Rows": 14241, "Plan Width": 4, "Actual Startup Time": 0.043, "Actual Total Time": 0.045, "Actual Rows": 2, "Actual Loops": 1, "Output": ["u.id", "u.reputation", "u.creationdate", "u.views", "u.upvotes", "u.downvotes"], "Filter": "((u.views <= 62) AND (u.creationdate >= '2010-07-20 09:21:13'::timestamp without time zone) AND (u.creationdate <= '2014-08-06 03:30:06'::timestamp without time zone))", "Rows Removed by Filter": 183}]}, {"Node Type": "Materialize", "Parent Relationship": "Inner", "Parallel Aware": false, "Startup Cost": 0.59, "Total Cost": 58098.78, "Plan Rows": 2960510, "Plan Width": 8, "Actual Startup Time": 8.477, "Actual Total Time": 8.479, "Actual Rows": 0, "Actual Loops": 1, "Output": ["ph.userid", "v.userid"], "Plans": [{"Node Type": "Merge Join", "Parent Relationship": "Outer", "Parallel Aware": false, "Join Type": "Inner", "Startup Cost": 0.59, "Total Cost": 50697.5, "Plan Rows": 2960510, "Plan Width": 8, "Actual Startup Time": 8.471, "Actual Total Time": 8.472, "Actual Rows": 0, "Actual Loops": 1, "Output": ["ph.userid", "v.userid"], "Inner Unique": false, "Merge Cond": "(ph.userid = v.userid)", "Plans": [{"Node Type": "Index Scan", "Parent Relationship": "Outer", "Parallel Aware": false, "Scan Direction": "Forward", "Index Name": "idx_posthistory_userid", "Relation Name": "posthistory", "Schema": "public", "Alias": "ph", "Startup Cost": 0.29, "Total Cost": 5983.71, "Plan Rows": 127366, "Plan Width": 4, "Actual Startup Time": 0.117, "Actual Total Time": 0.117, "Actual Rows": 1, "Actual Loops": 1, "Output": ["ph.id", "ph.posthistorytypeid", "ph.postid", "ph.creationdate", "ph.userid"], "Filter": "((ph.creationdate >= '2010-08-03 02:54:30'::timestamp without time zone) AND (ph.creationdate <= '2014-07-23 14:21:31'::timestamp without time zone))", "Rows Removed by Filter": 185}, {"Node Type": "Materialize", "Parent Relationship": "Inner", "Parallel Aware": false, "Startup Cost": 0.29, "Total Cost": 6657.0, "Plan Rows": 134737, "Plan Width": 4, "Actual Startup Time": 8.352, "Actual Total Time": 8.352, "Actual Rows": 1, "Actual Loops": 1, "Output": ["v.id", "v.postid", "v.votetypeid", "v.creationdate", "v.userid", "v.bountyamount"], "Plans": [{"Node Type": "Index Scan", "Parent Relationship": "Outer", "Parallel Aware": false, "Scan Direction": "Forward", "Index Name": "idx_votes_userid", "Relation Name": "votes", "Schema": "public", "Alias": "v", "Startup Cost": 0.29, "Total Cost": 6320.15, "Plan Rows": 134737, "Plan Width": 4, "Actual Startup Time": 8.346, "Actual Total Time": 8.346, "Actual Rows": 1, "Actual Loops": 1, "Output": ["v.id", "v.postid", "v.votetypeid", "v.creationdate", "v.userid", "v.bountyamount"], "Filter": "(v.votetypeid = 2)", "Rows Removed by Filter": 15605}]}]}]}]}]}, "Planning Time": 1.764, "Triggers": [], "Execution Time": 11.839}]#####[{"Plan": {"Node Type": "Aggregate", "Strategy": "Plain", "Partial Mode": "Simple", "Parallel Aware": false, "Startup Cost": 353892.19, "Total Cost": 353892.2, "Plan Rows": 1, "Plan Width": 8, "Actual Startup Time": 13.466, "Actual Total Time": 13.474, "Actual Rows": 1, "Actual Loops": 1, "Output": ["count(*)"], "Plans": [{"Node Type": "Hash Join", "Parent Relationship": "Outer", "Parallel Aware": false, "Join Type": "Inner", "Startup Cost": 4280.21, "Total Cost": 9027.43, "Plan Rows": 137945905, "Plan Width": 0, "Actual Startup Time": 13.455, "Actual Total Time": 13.463, "Actual Rows": 0, "Actual Loops": 1, "Inner Unique": false, "Hash Cond": "(ph.userid = u.id)", "Plans": [{"Node Type": "Seq Scan", "Parent Relationship": "Outer", "Parallel Aware": false, "Relation Name": "posthistory", "Schema": "public", "Alias": "ph", "Startup Cost": 0.0, "Total Cost": 2897.91, "Plan Rows": 127366, "Plan Width": 4, "Actual Startup Time": 0.345, "Actual Total Time": 0.347, "Actual Rows": 1, "Actual Loops": 1, "Output": ["ph.id", "ph.posthistorytypeid", "ph.postid", "ph.creationdate", "ph.userid"], "Filter": "((ph.creationdate >= '2010-08-03 02:54:30'::timestamp without time zone) AND (ph.creationdate <= '2014-07-23 14:21:31'::timestamp without time zone))", "Rows Removed by Filter": 2320}, {"Node Type": "Hash", "Parent Relationship": "Inner", "Parallel Aware": false, "Startup Cost": 4060.63, "Total Cost": 4060.63, "Plan Rows": 17567, "Plan Width": 12, "Actual Startup Time": 12.964, "Actual Total Time": 12.968, "Actual Rows": 0, "Actual Loops": 1, "Output": ["c.userid", "v.userid", "u.id"], "Hash Buckets": 32768, "Original Hash Buckets": 32768, "Hash Batches": 1, "Original Hash Batches": 1, "Peak Memory Usage": 256, "Plans": [{"Node Type": "Hash Join", "Parent Relationship": "Outer", "Parallel Aware": false, "Join Type": "Inner", "Startup Cost": 1559.76, "Total Cost": 4060.63, "Plan Rows": 17567, "Plan Width": 12, "Actual Startup Time": 12.963, "Actual Total Time": 12.967, "Actual Rows": 0, "Actual Loops": 1, "Output": ["c.userid", "v.userid", "u.id"], "Inner Unique": false, "Hash Cond": "(c.userid = u.id)", "Plans": [{"Node Type": "Seq Scan", "Parent Relationship": "Outer", "Parallel Aware": false, "Relation Name": "comments", "Schema": "public", "Alias": "c", "Startup Cost": 0.0, "Total Cost": 1574.96, "Plan Rows": 79349, "Plan Width": 4, "Actual Startup Time": 0.011, "Actual Total Time": 0.012, "Actual Rows": 1, "Actual Loops": 1, "Output": ["c.id", "c.postid", "c.score", "c.creationdate", "c.userid"], "Filter": "(c.creationdate <= '2014-09-02 18:46:59'::timestamp without time zone)", "Rows Removed by Filter": 0}, {"Node Type": "Hash", "Parent Relationship": "Inner", "Parallel Aware": false, "Startup Cost": 1407.94, "Total Cost": 1407.94, "Plan Rows": 12145, "Plan Width": 8, "Actual Startup Time": 12.887, "Actual Total Time": 12.889, "Actual Rows": 0, "Actual Loops": 1, "Output": ["v.userid", "u.id"], "Hash Buckets": 16384, "Original Hash Buckets": 16384, "Hash Batches": 1, "Original Hash Batches": 1, "Peak Memory Usage": 128, "Plans": [{"Node Type": "Merge Join", "Parent Relationship": "Outer", "Parallel Aware": false, "Join Type": "Inner", "Startup Cost": 0.58, "Total Cost": 1407.94, "Plan Rows": 12145, "Plan Width": 8, "Actual Startup Time": 12.887, "Actual Total Time": 12.888, "Actual Rows": 0, "Actual Loops": 1, "Output": ["v.userid", "u.id"], "Inner Unique": true, "Merge Cond": "(v.userid = u.id)", "Plans": [{"Node Type": "Index Scan", "Parent Relationship": "Outer", "Parallel Aware": false, "Scan Direction": "Forward", "Index Name": "idx_votes_userid", "Relation Name": "votes", "Schema": "public", "Alias": "v", "Startup Cost": 0.29, "Total Cost": 6320.15, "Plan Rows": 134737, "Plan Width": 4, "Actual Startup Time": 12.884, "Actual Total Time": 12.884, "Actual Rows": 1, "Actual Loops": 1, "Output": ["v.id", "v.postid", "v.votetypeid", "v.creationdate", "v.userid", "v.bountyamount"], "Filter": "(v.votetypeid = 2)", "Rows Removed by Filter": 15605}, {"Node Type": "Index Scan", "Parent Relationship": "Inner", "Parallel Aware": false, "Scan Direction": "Forward", "Index Name": "users_pkey", "Relation Name": "users", "Schema": "public", "Alias": "u", "Startup Cost": 0.29, "Total Cost": 621.32, "Plan Rows": 14241, "Plan Width": 4, "Actual Startup Time": 0.0, "Actual Total Time": 0.0, "Actual Rows": 0, "Actual Loops": 0, "Output": ["u.id", "u.reputation", "u.creationdate", "u.views", "u.upvotes", "u.downvotes"], "Filter": "((u.views <= 62) AND (u.creationdate >= '2010-07-20 09:21:13'::timestamp without time zone) AND (u.creationdate <= '2014-08-06 03:30:06'::timestamp without time zone))", "Rows Removed by Filter": 0}]}]}]}]}]}]}, "Planning Time": 1.839, "Triggers": [], "Execution Time": 13.682}]#####[{"Plan": {"Node Type": "Aggregate", "Strategy": "Plain", "Partial Mode": "Simple", "Parallel Aware": false, "Startup Cost": 350724.83, "Total Cost": 350724.84, "Plan Rows": 1, "Plan Width": 8, "Actual Startup Time": 8.942, "Actual Total Time": 8.949, "Actual Rows": 1, "Actual Loops": 1, "Output": ["count(*)"], "Plans": [{"Node Type": "Nested Loop", "Parent Relationship": "Outer", "Parallel Aware": false, "Join Type": "Inner", "Startup Cost": 1560.05, "Total Cost": 5860.07, "Plan Rows": 137945905, "Plan Width": 0, "Actual Startup Time": 8.933, "Actual Total Time": 8.94, "Actual Rows": 0, "Actual Loops": 1, "Inner Unique": false, "Join Filter": "(u.id = ph.userid)", "Rows Removed by Join Filter": 0, "Plans": [{"Node Type": "Hash Join", "Parent Relationship": "Outer", "Parallel Aware": false, "Join Type": "Inner", "Startup Cost": 1559.76, "Total Cost": 4060.63, "Plan Rows": 1756, "Plan Width": 12, "Actual Startup Time": 8.933, "Actual Total Time": 8.938, "Actual Rows": 0, "Actual Loops": 1, "Output": ["c.userid", "v.userid", "u.id"], "Inner Unique": false, "Hash Cond": "(c.userid = u.id)", "Plans": [{"Node Type": "Seq Scan", "Parent Relationship": "Outer", "Parallel Aware": false, "Relation Name": "comments", "Schema": "public", "Alias": "c", "Startup Cost": 0.0, "Total Cost": 1574.96, "Plan Rows": 79349, "Plan Width": 4, "Actual Startup Time": 0.011, "Actual Total Time": 0.013, "Actual Rows": 1, "Actual Loops": 1, "Output": ["c.id", "c.postid", "c.score", "c.creationdate", "c.userid"], "Filter": "(c.creationdate <= '2014-09-02 18:46:59'::timestamp without time zone)", "Rows Removed by Filter": 0}, {"Node Type": "Hash", "Parent Relationship": "Inner", "Parallel Aware": false, "Startup Cost": 1407.94, "Total Cost": 1407.94, "Plan Rows": 12145, "Plan Width": 8, "Actual Startup Time": 8.854, "Actual Total Time": 8.855, "Actual Rows": 0, "Actual Loops": 1, "Output": ["v.userid", "u.id"], "Hash Buckets": 16384, "Original Hash Buckets": 16384, "Hash Batches": 1, "Original Hash Batches": 1, "Peak Memory Usage": 128, "Plans": [{"Node Type": "Merge Join", "Parent Relationship": "Outer", "Parallel Aware": false, "Join Type": "Inner", "Startup Cost": 0.58, "Total Cost": 1407.94, "Plan Rows": 12145, "Plan Width": 8, "Actual Startup Time": 8.853, "Actual Total Time": 8.854, "Actual Rows": 0, "Actual Loops": 1, "Output": ["v.userid", "u.id"], "Inner Unique": true, "Merge Cond": "(v.userid = u.id)", "Plans": [{"Node Type": "Index Scan", "Parent Relationship": "Outer", "Parallel Aware": false, "Scan Direction": "Forward", "Index Name": "idx_votes_userid", "Relation Name": "votes", "Schema": "public", "Alias": "v", "Startup Cost": 0.29, "Total Cost": 6320.15, "Plan Rows": 134737, "Plan Width": 4, "Actual Startup Time": 8.851, "Actual Total Time": 8.851, "Actual Rows": 1, "Actual Loops": 1, "Output": ["v.id", "v.postid", "v.votetypeid", "v.creationdate", "v.userid", "v.bountyamount"], "Filter": "(v.votetypeid = 2)", "Rows Removed by Filter": 15605}, {"Node Type": "Index Scan", "Parent Relationship": "Inner", "Parallel Aware": false, "Scan Direction": "Forward", "Index Name": "users_pkey", "Relation Name": "users", "Schema": "public", "Alias": "u", "Startup Cost": 0.29, "Total Cost": 621.32, "Plan Rows": 14241, "Plan Width": 4, "Actual Startup Time": 0.0, "Actual Total Time": 0.0, "Actual Rows": 0, "Actual Loops": 0, "Output": ["u.id", "u.reputation", "u.creationdate", "u.views", "u.upvotes", "u.downvotes"], "Filter": "((u.views <= 62) AND (u.creationdate >= '2010-07-20 09:21:13'::timestamp without time zone) AND (u.creationdate <= '2014-08-06 03:30:06'::timestamp without time zone))", "Rows Removed by Filter": 0}]}]}]}, {"Node Type": "Index Scan", "Parent Relationship": "Inner", "Parallel Aware": false, "Scan Direction": "Forward", "Index Name": "idx_posthistory_userid", "Relation Name": "posthistory", "Schema": "public", "Alias": "ph", "Startup Cost": 0.29, "Total Cost": 0.77, "Plan Rows": 20, "Plan Width": 4, "Actual Startup Time": 0.0, "Actual Total Time": 0.0, "Actual Rows": 0, "Actual Loops": 0, "Output": ["ph.id", "ph.posthistorytypeid", "ph.postid", "ph.creationdate", "ph.userid"], "Index Cond": "(ph.userid = v.userid)", "Rows Removed by Index Recheck": 0, "Filter": "((ph.creationdate >= '2010-08-03 02:54:30'::timestamp without time zone) AND (ph.creationdate <= '2014-07-23 14:21:31'::timestamp without time zone))", "Rows Removed by Filter": 0}]}]}, "Planning Time": 3.031, "Triggers": [], "Execution Time": 9.078}]
[{"Plan": {"Node Type": "Aggregate", "Strategy": "Plain", "Partial Mode": "Simple", "Parallel Aware": false, "Startup Cost": 11985.07, "Total Cost": 11985.08, "Plan Rows": 1, "Plan Width": 8, "Actual Startup Time": 5.399, "Actual Total Time": 5.406, "Actual Rows": 1, "Actual Loops": 1, "Output": ["count(*)"], "Plans": [{"Node Type": "Hash Join", "Parent Relationship": "Outer", "Parallel Aware": false, "Join Type": "Inner", "Startup Cost": 3984.49, "Total Cost": 9532.89, "Plan Rows": 980872, "Plan Width": 0, "Actual Startup Time": 5.392, "Actual Total Time": 5.398, "Actual Rows": 0, "Actual Loops": 1, "Inner Unique": false, "Hash Cond": "(ph.userid = u.id)", "Plans": [{"Node Type": "Seq Scan", "Parent Relationship": "Outer", "Parallel Aware": false, "Relation Name": "posthistory", "Schema": "public", "Alias": "ph", "Startup Cost": 0.0, "Total Cost": 2572.93, "Plan Rows": 28456, "Plan Width": 4, "Actual Startup Time": 0.017, "Actual Total Time": 0.019, "Actual Rows": 1, "Actual Loops": 1, "Output": ["ph.id", "ph.posthistorytypeid", "ph.postid", "ph.creationdate", "ph.userid"], "Filter": "(ph.posthistorytypeid = 5)", "Rows Removed by Filter": 38}, {"Node Type": "Hash", "Parent Relationship": "Inner", "Parallel Aware": false, "Startup Cost": 2591.59, "Total Cost": 2591.59, "Plan Rows": 111432, "Plan Width": 16, "Actual Startup Time": 4.983, "Actual Total Time": 4.987, "Actual Rows": 0, "Actual Loops": 1, "Output": ["p.owneruserid", "v.userid", "b.userid", "u.id"], "Hash Buckets": 131072, "Original Hash Buckets": 131072, "Hash Batches": 1, "Original Hash Batches": 1, "Peak Memory Usage": 1024, "Plans": [{"Node Type": "Hash Join", "Parent Relationship": "Outer", "Parallel Aware": false, "Join Type": "Inner", "Startup Cost": 1872.87, "Total Cost": 2591.59, "Plan Rows": 111432, "Plan Width": 16, "Actual Startup Time": 4.983, "Actual Total Time": 4.987, "Actual Rows": 0, "Actual Loops": 1, "Output": ["p.owneruserid", "v.userid", "b.userid", "u.id"], "Inner Unique": false, "Hash Cond": "(b.userid = u.id)", "Plans": [{"Node Type": "Seq Scan", "Parent Relationship": "Outer", "Parallel Aware": false, "Relation Name": "badges", "Schema": "public", "Alias": "b", "Startup Cost": 0.0, "Total Cost": 503.24, "Plan Rows": 32624, "Plan Width": 4, "Actual Startup Time": 0.008, "Actual Total Time": 0.008, "Actual Rows": 1, "Actual Loops": 1, "Output": ["b.id", "b.userid", "b.date"]}, {"Node Type": "Hash", "Parent Relationship": "Inner", "Parallel Aware": false, "Startup Cost": 1819.57, "Total Cost": 1819.57, "Plan Rows": 4264, "Plan Width": 12, "Actual Startup Time": 4.952, "Actual Total Time": 4.956, "Actual Rows": 0, "Actual Loops": 1, "Output": ["p.owneruserid", "v.userid", "u.id"], "Hash Buckets": 8192, "Original Hash Buckets": 8192, "Hash Batches": 1, "Original Hash Batches": 1, "Peak Memory Usage": 64, "Plans": [{"Node Type": "Nested Loop", "Parent Relationship": "Outer", "Parallel Aware": false, "Join Type": "Inner", "Startup Cost": 1324.35, "Total Cost": 1819.57, "Plan Rows": 4264, "Plan Width": 12, "Actual Startup Time": 4.952, "Actual Total Time": 4.956, "Actual Rows": 0, "Actual Loops": 1, "Output": ["p.owneruserid", "v.userid", "u.id"], "Inner Unique": false, "Plans": [{"Node Type": "Nested Loop", "Parent Relationship": "Outer", "Parallel Aware": false, "Join Type": "Inner", "Startup Cost": 1324.05, "Total Cost": 1543.38, "Plan Rows": 264, "Plan Width": 8, "Actual Startup Time": 4.952, "Actual Total Time": 4.955, "Actual Rows": 0, "Actual Loops": 1, "Output": ["p.owneruserid", "u.id"], "Inner Unique": true, "Plans": [{"Node Type": "Hash Join", "Parent Relationship": "Outer", "Parallel Aware": false, "Join Type": "Inner", "Startup Cost": 1323.77, "Total Cost": 1401.16, "Plan Rows": 277, "Plan Width": 4, "Actual Startup Time": 4.951, "Actual Total Time": 4.954, "Actual Rows": 0, "Actual Loops": 1, "Output": ["p.owneruserid"], "Inner Unique": true, "Hash Cond": "(pl.relatedpostid = p.id)", "Plans": [{"Node Type": "Seq Scan", "Parent Relationship": "Outer", "Parallel Aware": false, "Relation Name": "postlinks", "Schema": "public", "Alias": "pl", "Startup Cost": 0.0, "Total Cost": 67.33, "Plan Rows": 3833, "Plan Width": 4, "Actual Startup Time": 0.008, "Actual Total Time": 0.008, "Actual Rows": 1, "Actual Loops": 1, "Output": ["pl.id", "pl.creationdate", "pl.postid", "pl.relatedpostid", "pl.linktypeid"]}, {"Node Type": "Hash", "Parent Relationship": "Inner", "Parallel Aware": false, "Startup Cost": 1286.62, "Total Cost": 1286.62, "Plan Rows": 2972, "Plan Width": 8, "Actual Startup Time": 4.926, "Actual Total Time": 4.926, "Actual Rows": 0, "Actual Loops": 1, "Output": ["p.id", "p.owneruserid"], "Hash Buckets": 4096, "Original Hash Buckets": 4096, "Hash Batches": 1, "Original Hash Batches": 1, "Peak Memory Usage": 32, "Plans": [{"Node Type": "Seq Scan", "Parent Relationship": "Outer", "Parallel Aware": false, "Relation Name": "posts", "Schema": "public", "Alias": "p", "Startup Cost": 0.0, "Total Cost": 1286.62, "Plan Rows": 2972, "Plan Width": 8, "Actual Startup Time": 4.925, "Actual Total Time": 4.925, "Actual Rows": 0, "Actual Loops": 1, "Output": ["p.id", "p.owneruserid"], "Filter": "((p.favoritecount >= 0) AND (p.favoritecount <= 2) AND (p.creationdate >= '2010-07-20 09:13:29'::timestamp without time zone) AND (p.creationdate <= '2014-09-03 15:21:31'::timestamp without time zone) AND (p.posttypeid = 2))", "Rows Removed by Filter": 41183}]}]}, {"Node Type": "Index Scan", "Parent Relationship": "Inner", "Parallel Aware": false, "Scan Direction": "Forward", "Index Name": "users_pkey", "Relation Name": "users", "Schema": "public", "Alias": "u", "Startup Cost": 0.29, "Total Cost": 0.51, "Plan Rows": 1, "Plan Width": 4, "Actual Startup Time": 0.0, "Actual Total Time": 0.0, "Actual Rows": 0, "Actual Loops": 0, "Output": ["u.id", "u.reputation", "u.creationdate", "u.views", "u.upvotes", "u.downvotes"], "Index Cond": "(u.id = p.owneruserid)", "Rows Removed by Index Recheck": 0, "Filter": "((u.views <= 111) AND (u.upvotes >= 0))", "Rows Removed by Filter": 0}]}, {"Node Type": "Index Scan", "Parent Relationship": "Inner", "Parallel Aware": false, "Scan Direction": "Forward", "Index Name": "idx_votes_userid", "Relation Name": "votes", "Schema": "public", "Alias": "v", "Startup Cost": 0.29, "Total Cost": 0.91, "Plan Rows": 14, "Plan Width": 4, "Actual Startup Time": 0.0, "Actual Total Time": 0.0, "Actual Rows": 0, "Actual Loops": 0, "Output": ["v.id", "v.postid", "v.votetypeid", "v.creationdate", "v.userid", "v.bountyamount"], "Index Cond": "(v.userid = u.id)", "Rows Removed by Index Recheck": 0, "Filter": "(v.creationdate <= '2014-09-10 00:00:00'::timestamp without time zone)", "Rows Removed by Filter": 0}]}]}]}]}]}]}, "Planning Time": 5.357, "Triggers": [], "Execution Time": 5.593}]#####[{"Plan": {"Node Type": "Aggregate", "Strategy": "Plain", "Partial Mode": "Simple", "Parallel Aware": false, "Startup Cost": 29776.74, "Total Cost": 29776.75, "Plan Rows": 1, "Plan Width": 8, "Actual Startup Time": 10.284, "Actual Total Time": 10.294, "Actual Rows": 1, "Actual Loops": 1, "Output": ["count(*)"], "Plans": [{"Node Type": "Merge Join", "Parent Relationship": "Outer", "Parallel Aware": false, "Join Type": "Inner", "Startup Cost": 1413.88, "Total Cost": 5254.92, "Plan Rows": 9808728, "Plan Width": 0, "Actual Startup Time": 10.273, "Actual Total Time": 10.283, "Actual Rows": 0, "Actual Loops": 1, "Inner Unique": false, "Merge Cond": "(b.userid = u.id)", "Plans": [{"Node Type": "Index Only Scan", "Parent Relationship": "Outer", "Parallel Aware": false, "Scan Direction": "Forward", "Index Name": "idx_badges_userid", "Relation Name": "badges", "Schema": "public", "Alias": "b", "Startup Cost": 0.29, "Total Cost": 713.65, "Plan Rows": 32624, "Plan Width": 4, "Actual Startup Time": 0.043, "Actual Total Time": 0.045, "Actual Rows": 1, "Actual Loops": 1, "Output": ["b.userid"], "Heap Fetches": 0}, {"Node Type": "Materialize", "Parent Relationship": "Inner", "Parallel Aware": false, "Startup Cost": 1413.27, "Total Cost": 3339.22, "Plan Rows": 37537, "Plan Width": 16, "Actual Startup Time": 10.228, "Actual Total Time": 10.235, "Actual Rows": 0, "Actual Loops": 1, "Output": ["p.owneruserid", "ph.userid", "v.userid", "u.id"], "Plans": [{"Node Type": "Merge Join", "Parent Relationship": "Outer", "Parallel Aware": false, "Join Type": "Inner", "Startup Cost": 1413.27, "Total Cost": 3245.37, "Plan Rows": 37537, "Plan Width": 16, "Actual Startup Time": 10.223, "Actual Total Time": 10.229, "Actual Rows": 0, "Actual Loops": 1, "Output": ["p.owneruserid", "ph.userid", "v.userid", "u.id"], "Inner Unique": false, "Merge Cond": "(u.id = v.userid)", "Plans": [{"Node Type": "Nested Loop", "Parent Relationship": "Outer", "Parallel Aware": false, "Join Type": "Inner", "Startup Cost": 1412.97, "Total Cost": 2308.72, "Plan Rows": 23275, "Plan Width": 12, "Actual Startup Time": 10.222, "Actual Total Time": 10.228, "Actual Rows": 0, "Actual Loops": 1, "Output": ["p.owneruserid", "ph.userid", "u.id"], "Inner Unique": false, "Plans": [{"Node Type": "Merge Join", "Parent Relationship": "Outer", "Parallel Aware": false, "Join Type": "Inner", "Startup Cost": 1412.68, "Total Cost": 2036.94, "Plan Rows": 264, "Plan Width": 8, "Actual Startup Time": 10.221, "Actual Total Time": 10.226, "Actual Rows": 0, "Actual Loops": 1, "Output": ["p.owneruserid", "u.id"], "Inner Unique": false, "Merge Cond": "(u.id = p.owneruserid)", "Plans": [{"Node Type": "Index Scan", "Parent Relationship": "Outer", "Parallel Aware": false, "Scan Direction": "Forward", "Index Name": "users_pkey", "Relation Name": "users", "Schema": "public", "Alias": "u", "Startup Cost": 0.29, "Total Cost": 583.99, "Plan Rows": 14627, "Plan Width": 4, "Actual Startup Time": 0.04, "Actual Total Time": 0.04, "Actual Rows": 1, "Actual Loops": 1, "Output": ["u.id", "u.reputation", "u.creationdate", "u.views", "u.upvotes", "u.downvotes"], "Filter": "((u.views <= 111) AND (u.upvotes >= 0))", "Rows Removed by Filter": 0}, {"Node Type": "Sort", "Parent Relationship": "Inner", "Parallel Aware": false, "Startup Cost": 1412.4, "Total Cost": 1413.09, "Plan Rows": 277, "Plan Width": 4, "Actual Startup Time": 10.18, "Actual Total Time": 10.184, "Actual Rows": 0, "Actual Loops": 1, "Output": ["p.owneruserid"], "Sort Key": ["p.owneruserid"], "Sort Method": "quicksort", "Sort Space Used": 25, "Sort Space Type": "Memory", "Plans": [{"Node Type": "Hash Join", "Parent Relationship": "Outer", "Parallel Aware": false, "Join Type": "Inner", "Startup Cost": 1323.77, "Total Cost": 1401.16, "Plan Rows": 277, "Plan Width": 4, "Actual Startup Time": 10.131, "Actual Total Time": 10.135, "Actual Rows": 0, "Actual Loops": 1, "Output": ["p.owneruserid"], "Inner Unique": true, "Hash Cond": "(pl.relatedpostid = p.id)", "Plans": [{"Node Type": "Seq Scan", "Parent Relationship": "Outer", "Parallel Aware": false, "Relation Name": "postlinks", "Schema": "public", "Alias": "pl", "Startup Cost": 0.0, "Total Cost": 67.33, "Plan Rows": 3833, "Plan Width": 4, "Actual Startup Time": 0.024, "Actual Total Time": 0.024, "Actual Rows": 1, "Actual Loops": 1, "Output": ["pl.id", "pl.creationdate", "pl.postid", "pl.relatedpostid", "pl.linktypeid"]}, {"Node Type": "Hash", "Parent Relationship": "Inner", "Parallel Aware": false, "Startup Cost": 1286.62, "Total Cost": 1286.62, "Plan Rows": 2972, "Plan Width": 8, "Actual Startup Time": 10.03, "Actual Total Time": 10.031, "Actual Rows": 0, "Actual Loops": 1, "Output": ["p.id", "p.owneruserid"], "Hash Buckets": 4096, "Original Hash Buckets": 4096, "Hash Batches": 1, "Original Hash Batches": 1, "Peak Memory Usage": 32, "Plans": [{"Node Type": "Seq Scan", "Parent Relationship": "Outer", "Parallel Aware": false, "Relation Name": "posts", "Schema": "public", "Alias": "p", "Startup Cost": 0.0, "Total Cost": 1286.62, "Plan Rows": 2972, "Plan Width": 8, "Actual Startup Time": 10.028, "Actual Total Time": 10.029, "Actual Rows": 0, "Actual Loops": 1, "Output": ["p.id", "p.owneruserid"], "Filter": "((p.favoritecount >= 0) AND (p.favoritecount <= 2) AND (p.creationdate >= '2010-07-20 09:13:29'::timestamp without time zone) AND (p.creationdate <= '2014-09-03 15:21:31'::timestamp without time zone) AND (p.posttypeid = 2))", "Rows Removed by Filter": 41183}]}]}]}]}, {"Node Type": "Index Scan", "Parent Relationship": "Inner", "Parallel Aware": false, "Scan Direction": "Forward", "Index Name": "idx_posthistory_userid", "Relation Name": "posthistory", "Schema": "public", "Alias": "ph", "Startup Cost": 0.29, "Total Cost": 0.99, "Plan Rows": 4, "Plan Width": 4, "Actual Startup Time": 0.0, "Actual Total Time": 0.0, "Actual Rows": 0, "Actual Loops": 0, "Output": ["ph.id", "ph.posthistorytypeid", "ph.postid", "ph.creationdate", "ph.userid"], "Index Cond": "(ph.userid = u.id)", "Rows Removed by Index Recheck": 0, "Filter": "(ph.posthistorytypeid = 5)", "Rows Removed by Filter": 0}]}, {"Node Type": "Index Scan", "Parent Relationship": "Inner", "Parallel Aware": false, "Scan Direction": "Forward", "Index Name": "idx_votes_userid", "Relation Name": "votes", "Schema": "public", "Alias": "v", "Startup Cost": 0.29, "Total Cost": 6320.15, "Plan Rows": 164220, "Plan Width": 4, "Actual Startup Time": 0.0, "Actual Total Time": 0.0, "Actual Rows": 0, "Actual Loops": 0, "Output": ["v.id", "v.postid", "v.votetypeid", "v.creationdate", "v.userid", "v.bountyamount"], "Filter": "(v.creationdate <= '2014-09-10 00:00:00'::timestamp without time zone)", "Rows Removed by Filter": 0}]}]}]}]}, "Planning Time": 6.62, "Triggers": [], "Execution Time": 10.683}]#####[{"Plan": {"Node Type": "Aggregate", "Strategy": "Plain", "Partial Mode": "Simple", "Parallel Aware": false, "Startup Cost": 34275.94, "Total Cost": 34275.95, "Plan Rows": 1, "Plan Width": 8, "Actual Startup Time": 8.843, "Actual Total Time": 8.852, "Actual Rows": 1, "Actual Loops": 1, "Output": ["count(*)"], "Plans": [{"Node Type": "Hash Join", "Parent Relationship": "Outer", "Parallel Aware": false, "Join Type": "Inner", "Startup Cost": 4807.82, "Total Cost": 9754.12, "Plan Rows": 9808728, "Plan Width": 0, "Actual Startup Time": 8.833, "Actual Total Time": 8.841, "Actual Rows": 0, "Actual Loops": 1, "Inner Unique": false, "Hash Cond": "(p.owneruserid = u.id)", "Plans": [{"Node Type": "Nested Loop", "Parent Relationship": "Outer", "Parallel Aware": false, "Join Type": "Inner", "Startup Cost": 1324.35, "Total Cost": 3743.08, "Plan Rows": 116724, "Plan Width": 12, "Actual Startup Time": 8.832, "Actual Total Time": 8.839, "Actual Rows": 0, "Actual Loops": 1, "Output": ["p.owneruserid", "v.userid", "b.userid"], "Inner Unique": false, "Join Filter": "(p.owneruserid = b.userid)", "Rows Removed by Join Filter": 0, "Plans": [{"Node Type": "Nested Loop", "Parent Relationship": "Outer", "Parallel Aware": false, "Join Type": "Inner", "Startup Cost": 1324.06, "Total Cost": 2050.69, "Plan Rows": 4467, "Plan Width": 8, "Actual Startup Time": 8.832, "Actual Total Time": 8.838, "Actual Rows": 0, "Actual Loops": 1, "Output": ["p.owneruserid", "v.userid"], "Inner Unique": false, "Plans": [{"Node Type": "Hash Join", "Parent Relationship": "Outer", "Parallel Aware": false, "Join Type": "Inner", "Startup Cost": 1323.77, "Total Cost": 1401.16, "Plan Rows": 277, "Plan Width": 4, "Actual Startup Time": 8.831, "Actual Total Time": 8.837, "Actual Rows": 0, "Actual Loops": 1, "Output": ["p.owneruserid"], "Inner Unique": true, "Hash Cond": "(pl.relatedpostid = p.id)", "Plans": [{"Node Type": "Seq Scan", "Parent Relationship": "Outer", "Parallel Aware": false, "Relation Name": "postlinks", "Schema": "public", "Alias": "pl", "Startup Cost": 0.0, "Total Cost": 67.33, "Plan Rows": 3833, "Plan Width": 4, "Actual Startup Time": 0.014, "Actual Total Time": 0.017, "Actual Rows": 1, "Actual Loops": 1, "Output": ["pl.id", "pl.creationdate", "pl.postid", "pl.relatedpostid", "pl.linktypeid"]}, {"Node Type": "Hash", "Parent Relationship": "Inner", "Parallel Aware": false, "Startup Cost": 1286.62, "Total Cost": 1286.62, "Plan Rows": 2972, "Plan Width": 8, "Actual Startup Time": 8.753, "Actual Total Time": 8.754, "Actual Rows": 0, "Actual Loops": 1, "Output": ["p.id", "p.owneruserid"], "Hash Buckets": 4096, "Original Hash Buckets": 4096, "Hash Batches": 1, "Original Hash Batches": 1, "Peak Memory Usage": 32, "Plans": [{"Node Type": "Seq Scan", "Parent Relationship": "Outer", "Parallel Aware": false, "Relation Name": "posts", "Schema": "public", "Alias": "p", "Startup Cost": 0.0, "Total Cost": 1286.62, "Plan Rows": 2972, "Plan Width": 8, "Actual Startup Time": 8.752, "Actual Total Time": 8.752, "Actual Rows": 0, "Actual Loops": 1, "Output": ["p.id", "p.owneruserid"], "Filter": "((p.favoritecount >= 0) AND (p.favoritecount <= 2) AND (p.creationdate >= '2010-07-20 09:13:29'::timestamp without time zone) AND (p.creationdate <= '2014-09-03 15:21:31'::timestamp without time zone) AND (p.posttypeid = 2))", "Rows Removed by Filter": 41183}]}]}, {"Node Type": "Index Scan", "Parent Relationship": "Inner", "Parallel Aware": false, "Scan Direction": "Forward", "Index Name": "idx_votes_userid", "Relation Name": "votes", "Schema": "public", "Alias": "v", "Startup Cost": 0.29, "Total Cost": 2.2, "Plan Rows": 14, "Plan Width": 4, "Actual Startup Time": 0.0, "Actual Total Time": 0.0, "Actual Rows": 0, "Actual Loops": 0, "Output": ["v.id", "v.postid", "v.votetypeid", "v.creationdate", "v.userid", "v.bountyamount"], "Index Cond": "(v.userid = p.owneruserid)", "Rows Removed by Index Recheck": 0, "Filter": "(v.creationdate <= '2014-09-10 00:00:00'::timestamp without time zone)", "Rows Removed by Filter": 0}]}, {"Node Type": "Index Only Scan", "Parent Relationship": "Inner", "Parallel Aware": false, "Scan Direction": "Forward", "Index Name": "idx_badges_userid", "Relation Name": "badges", "Schema": "public", "Alias": "b", "Startup Cost": 0.29, "Total Cost": 0.34, "Plan Rows": 3, "Plan Width": 4, "Actual Startup Time": 0.0, "Actual Total Time": 0.0, "Actual Rows": 0, "Actual Loops": 0, "Output": ["b.userid"], "Index Cond": "(b.userid = v.userid)", "Rows Removed by Index Recheck": 0, "Heap Fetches": 0}]}, {"Node Type": "Hash", "Parent Relationship": "Inner", "Parallel Aware": false, "Startup Cost": 3164.51, "Total Cost": 3164.51, "Plan Rows": 25517, "Plan Width": 8, "Actual Startup Time": 0.0, "Actual Total Time": 0.0, "Actual Rows": 0, "Actual Loops": 0, "Output": ["ph.userid", "u.id"], "Plans": [{"Node Type": "Hash Join", "Parent Relationship": "Outer", "Parallel Aware": false, "Join Type": "Inner", "Startup Cost": 516.86, "Total Cost": 3164.51, "Plan Rows": 25517, "Plan Width": 8, "Actual Startup Time": 0.0, "Actual Total Time": 0.0, "Actual Rows": 0, "Actual Loops": 0, "Output": ["ph.userid", "u.id"], "Inner Unique": true, "Hash Cond": "(ph.userid = u.id)", "Plans": [{"Node Type": "Seq Scan", "Parent Relationship": "Outer", "Parallel Aware": false, "Relation Name": "posthistory", "Schema": "public", "Alias": "ph", "Startup Cost": 0.0, "Total Cost": 2572.93, "Plan Rows": 28456, "Plan Width": 4, "Actual Startup Time": 0.0, "Actual Total Time": 0.0, "Actual Rows": 0, "Actual Loops": 0, "Output": ["ph.id", "ph.posthistorytypeid", "ph.postid", "ph.creationdate", "ph.userid"], "Filter": "(ph.posthistorytypeid = 5)", "Rows Removed by Filter": 0}, {"Node Type": "Hash", "Parent Relationship": "Inner", "Parallel Aware": false, "Startup Cost": 334.02, "Total Cost": 334.02, "Plan Rows": 14627, "Plan Width": 4, "Actual Startup Time": 0.0, "Actual Total Time": 0.0, "Actual Rows": 0, "Actual Loops": 0, "Output": ["u.id"], "Plans": [{"Node Type": "Seq Scan", "Parent Relationship": "Outer", "Parallel Aware": false, "Relation Name": "users", "Schema": "public", "Alias": "u", "Startup Cost": 0.0, "Total Cost": 334.02, "Plan Rows": 14627, "Plan Width": 4, "Actual Startup Time": 0.0, "Actual Total Time": 0.0, "Actual Rows": 0, "Actual Loops": 0, "Output": ["u.id"], "Filter": "((u.views <= 111) AND (u.upvotes >= 0))", "Rows Removed by Filter": 0}]}]}]}]}]}, "Planning Time": 4.433, "Triggers": [], "Execution Time": 9.016}]
[{"Plan": {"Node Type": "Aggregate", "Strategy": "Plain", "Partial Mode": "Simple", "Parallel Aware": false, "Startup Cost": 710.91, "Total Cost": 710.92, "Plan Rows": 1, "Plan Width": 8, "Actual Startup Time": 3484.034, "Actual Total Time": 3484.038, "Actual Rows": 1, "Actual Loops": 1, "Output": ["count(*)"], "Plans": [{"Node Type": "Nested Loop", "Parent Relationship": "Outer", "Parallel Aware": false, "Join Type": "Inner", "Startup Cost": 1.16, "Total Cost": 704.11, "Plan Rows": 2720, "Plan Width": 0, "Actual Startup Time": 0.441, "Actual Total Time": 3019.287, "Actual Rows": 13082478, "Actual Loops": 1, "Inner Unique": false, "Join Filter": "(u.id = ph.userid)", "Rows Removed by Join Filter": 0, "Plans": [{"Node Type": "Merge Join", "Parent Relationship": "Outer", "Parallel Aware": false, "Join Type": "Inner", "Startup Cost": 0.87, "Total Cost": 566.96, "Plan Rows": 129, "Plan Width": 12, "Actual Startup Time": 0.196, "Actual Total Time": 18.967, "Actual Rows": 9703, "Actual Loops": 1, "Output": ["v.userid", "u.id", "b.userid"], "Inner Unique": true, "Merge Cond": "(v.userid = u.id)", "Plans": [{"Node Type": "Merge Join", "Parent Relationship": "Outer", "Parallel Aware": false, "Join Type": "Inner", "Startup Cost": 0.58, "Total Cost": 1398.33, "Plan Rows": 988, "Plan Width": 8, "Actual Startup Time": 0.174, "Actual Total Time": 16.2, "Actual Rows": 9703, "Actual Loops": 1, "Output": ["v.userid", "b.userid"], "Inner Unique": false, "Merge Cond": "(v.userid = b.userid)", "Plans": [{"Node Type": "Index Scan", "Parent Relationship": "Outer", "Parallel Aware": false, "Scan Direction": "Forward", "Index Name": "idx_votes_userid", "Relation Name": "votes", "Schema": "public", "Alias": "v", "Startup Cost": 0.29, "Total Cost": 6320.15, "Plan Rows": 629, "Plan Width": 4, "Actual Startup Time": 0.027, "Actual Total Time": 11.037, "Actual Rows": 406, "Actual Loops": 1, "Output": ["v.id", "v.postid", "v.votetypeid", "v.creationdate", "v.userid", "v.bountyamount"], "Filter": "(v.bountyamount >= 0)", "Rows Removed by Filter": 18039}, {"Node Type": "Index Only Scan", "Parent Relationship": "Inner", "Parallel Aware": false, "Scan Direction": "Forward", "Index Name": "idx_badges_userid", "Relation Name": "badges", "Schema": "public", "Alias": "b", "Startup Cost": 0.29, "Total Cost": 713.65, "Plan Rows": 32624, "Plan Width": 4, "Actual Startup Time": 0.019, "Actual Total Time": 2.913, "Actual Rows": 37313, "Actual Loops": 1, "Output": ["b.userid"], "Heap Fetches": 0}]}, {"Node Type": "Index Only Scan", "Parent Relationship": "Inner", "Parallel Aware": false, "Scan Direction": "Forward", "Index Name": "users_pkey", "Relation Name": "users", "Schema": "public", "Alias": "u", "Startup Cost": 0.29, "Total Cost": 396.31, "Plan Rows": 14935, "Plan Width": 4, "Actual Startup Time": 0.02, "Actual Total Time": 1.137, "Actual Rows": 14388, "Actual Loops": 1, "Output": ["u.id"], "Heap Fetches": 0}]}, {"Node Type": "Index Scan", "Parent Relationship": "Inner", "Parallel Aware": false, "Scan Direction": "Forward", "Index Name": "idx_posthistory_userid", "Relation Name": "posthistory", "Schema": "public", "Alias": "ph", "Startup Cost": 0.29, "Total Cost": 0.83, "Plan Rows": 19, "Plan Width": 4, "Actual Startup Time": 0.005, "Actual Total Time": 0.214, "Actual Rows": 1348, "Actual Loops": 9703, "Output": ["ph.id", "ph.posthistorytypeid", "ph.postid", "ph.creationdate", "ph.userid"], "Index Cond": "(ph.userid = b.userid)", "Rows Removed by Index Recheck": 0, "Filter": "(ph.creationdate >= '2010-08-25 17:38:14'::timestamp without time zone)", "Rows Removed by Filter": 21}]}]}, "Planning Time": 2.07, "Triggers": [], "Execution Time": 3484.166}]#####[{"Plan": {"Node Type": "Aggregate", "Strategy": "Plain", "Partial Mode": "Simple", "Parallel Aware": false, "Startup Cost": 4830.58, "Total Cost": 4830.59, "Plan Rows": 1, "Plan Width": 8, "Actual Startup Time": 1275.879, "Actual Total Time": 1275.886, "Actual Rows": 1, "Actual Loops": 1, "Output": ["count(*)"], "Plans": [{"Node Type": "Hash Join", "Parent Relationship": "Outer", "Parallel Aware": false, "Join Type": "Inner", "Startup Cost": 728.21, "Total Cost": 4762.56, "Plan Rows": 27205, "Plan Width": 0, "Actual Startup Time": 26.412, "Actual Total Time": 830.471, "Actual Rows": 13082478, "Actual Loops": 1, "Inner Unique": false, "Hash Cond": "(ph.userid = u.id)", "Plans": [{"Node Type": "Seq Scan", "Parent Relationship": "Outer", "Parallel Aware": false, "Relation Name": "posthistory", "Schema": "public", "Alias": "ph", "Startup Cost": 0.0, "Total Cost": 2572.93, "Plan Rows": 125354, "Plan Width": 4, "Actual Startup Time": 0.953, "Actual Total Time": 15.36, "Actual Rows": 125460, "Actual Loops": 1, "Output": ["ph.id", "ph.posthistorytypeid", "ph.postid", "ph.creationdate", "ph.userid"], "Filter": "(ph.creationdate >= '2010-08-25 17:38:14'::timestamp without time zone)", "Rows Removed by Filter": 4534}, {"Node Type": "Hash", "Parent Relationship": "Inner", "Parallel Aware": false, "Startup Cost": 566.96, "Total Cost": 566.96, "Plan Rows": 12900, "Plan Width": 12, "Actual Startup Time": 25.289, "Actual Total Time": 25.292, "Actual Rows": 9703, "Actual Loops": 1, "Output": ["v.userid", "u.id", "b.userid"], "Hash Buckets": 16384, "Original Hash Buckets": 16384, "Hash Batches": 1, "Original Hash Batches": 1, "Peak Memory Usage": 545, "Plans": [{"Node Type": "Merge Join", "Parent Relationship": "Outer", "Parallel Aware": false, "Join Type": "Inner", "Startup Cost": 0.87, "Total Cost": 566.96, "Plan Rows": 12900, "Plan Width": 12, "Actual Startup Time": 0.304, "Actual Total Time": 23.498, "Actual Rows": 9703, "Actual Loops": 1, "Output": ["v.userid", "u.id", "b.userid"], "Inner Unique": true, "Merge Cond": "(v.userid = u.id)", "Plans": [{"Node Type": "Merge Join", "Parent Relationship": "Outer", "Parallel Aware": false, "Join Type": "Inner", "Startup Cost": 0.58, "Total Cost": 1398.33, "Plan Rows": 988, "Plan Width": 8, "Actual Startup Time": 0.267, "Actual Total Time": 20.152, "Actual Rows": 9703, "Actual Loops": 1, "Output": ["v.userid", "b.userid"], "Inner Unique": false, "Merge Cond": "(v.userid = b.userid)", "Plans": [{"Node Type": "Index Scan", "Parent Relationship": "Outer", "Parallel Aware": false, "Scan Direction": "Forward", "Index Name": "idx_votes_userid", "Relation Name": "votes", "Schema": "public", "Alias": "v", "Startup Cost": 0.29, "Total Cost": 6320.15, "Plan Rows": 629, "Plan Width": 4, "Actual Startup Time": 0.035, "Actual Total Time": 14.144, "Actual Rows": 406, "Actual Loops": 1, "Output": ["v.id", "v.postid", "v.votetypeid", "v.creationdate", "v.userid", "v.bountyamount"], "Filter": "(v.bountyamount >= 0)", "Rows Removed by Filter": 18039}, {"Node Type": "Index Only Scan", "Parent Relationship": "Inner", "Parallel Aware": false, "Scan Direction": "Forward", "Index Name": "idx_badges_userid", "Relation Name": "badges", "Schema": "public", "Alias": "b", "Startup Cost": 0.29, "Total Cost": 713.65, "Plan Rows": 32624, "Plan Width": 4, "Actual Startup Time": 0.03, "Actual Total Time": 3.473, "Actual Rows": 37313, "Actual Loops": 1, "Output": ["b.userid"], "Heap Fetches": 0}]}, {"Node Type": "Index Only Scan", "Parent Relationship": "Inner", "Parallel Aware": false, "Scan Direction": "Forward", "Index Name": "users_pkey", "Relation Name": "users", "Schema": "public", "Alias": "u", "Startup Cost": 0.29, "Total Cost": 396.31, "Plan Rows": 14935, "Plan Width": 4, "Actual Startup Time": 0.034, "Actual Total Time": 1.41, "Actual Rows": 14388, "Actual Loops": 1, "Output": ["u.id"], "Heap Fetches": 0}]}]}]}]}, "Planning Time": 4.025, "Triggers": [], "Execution Time": 1276.136}]
[{"Plan": {"Node Type": "Aggregate", "Strategy": "Plain", "Partial Mode": "Simple", "Parallel Aware": false, "Startup Cost": 4469.39, "Total Cost": 4469.4, "Plan Rows": 1, "Plan Width": 8, "Actual Startup Time": 8.221, "Actual Total Time": 8.224, "Actual Rows": 1, "Actual Loops": 1, "Output": ["count(*)"], "Plans": [{"Node Type": "Nested Loop", "Parent Relationship": "Outer", "Parallel Aware": false, "Join Type": "Inner", "Startup Cost": 0.88, "Total Cost": 4171.1, "Plan Rows": 119318, "Plan Width": 0, "Actual Startup Time": 8.213, "Actual Total Time": 8.216, "Actual Rows": 0, "Actual Loops": 1, "Inner Unique": false, "Plans": [{"Node Type": "Nested Loop", "Parent Relationship": "Outer", "Parallel Aware": false, "Join Type": "Inner", "Startup Cost": 0.58, "Total Cost": 1628.28, "Plan Rows": 2968, "Plan Width": 12, "Actual Startup Time": 8.212, "Actual Total Time": 8.215, "Actual Rows": 0, "Actual Loops": 1, "Output": ["c.userid", "p.owneruserid", "v.userid"], "Inner Unique": false, "Join Filter": "(c.userid = p.owneruserid)", "Rows Removed by Join Filter": 0, "Plans": [{"Node Type": "Nested Loop", "Parent Relationship": "Outer", "Parallel Aware": false, "Join Type": "Inner", "Startup Cost": 0.29, "Total Cost": 1612.9, "Plan Rows": 30, "Plan Width": 8, "Actual Startup Time": 8.212, "Actual Total Time": 8.214, "Actual Rows": 0, "Actual Loops": 1, "Output": ["c.userid", "v.userid"], "Inner Unique": false, "Plans": [{"Node Type": "Seq Scan", "Parent Relationship": "Outer", "Parallel Aware": false, "Relation Name": "comments", "Schema": "public", "Alias": "c", "Startup Cost": 0.0, "Total Cost": 1574.96, "Plan Rows": 1, "Plan Width": 4, "Actual Startup Time": 8.211, "Actual Total Time": 8.213, "Actual Rows": 0, "Actual Loops": 1, "Output": ["c.id", "c.postid", "c.score", "c.creationdate", "c.userid"], "Filter": "(c.creationdate = '2014-04-29 04:26:15'::timestamp without time zone)", "Rows Removed by Filter": 79357}, {"Node Type": "Index Scan", "Parent Relationship": "Inner", "Parallel Aware": false, "Scan Direction": "Forward", "Index Name": "idx_votes_userid", "Relation Name": "votes", "Schema": "public", "Alias": "v", "Startup Cost": 0.29, "Total Cost": 37.8, "Plan Rows": 14, "Plan Width": 4, "Actual Startup Time": 0.0, "Actual Total Time": 0.0, "Actual Rows": 0, "Actual Loops": 0, "Output": ["v.id", "v.postid", "v.votetypeid", "v.creationdate", "v.userid", "v.bountyamount"], "Index Cond": "(v.userid = c.userid)", "Rows Removed by Index Recheck": 0, "Filter": "(v.creationdate <= '2014-09-12 00:00:00'::timestamp without time zone)", "Rows Removed by Filter": 0}]}, {"Node Type": "Index Scan", "Parent Relationship": "Inner", "Parallel Aware": false, "Scan Direction": "Forward", "Index Name": "idx_posts_owneruserid", "Relation Name": "posts", "Schema": "public", "Alias": "p", "Startup Cost": 0.29, "Total Cost": 0.45, "Plan Rows": 5, "Plan Width": 4, "Actual Startup Time": 0.0, "Actual Total Time": 0.0, "Actual Rows": 0, "Actual Loops": 0, "Output": ["p.id", "p.posttypeid", "p.creationdate", "p.score", "p.viewcount", "p.owneruserid", "p.answercount", "p.commentcount", "p.favoritecount", "p.lasteditoruserid"], "Index Cond": "(p.owneruserid = v.userid)", "Rows Removed by Index Recheck": 0, "Filter": "((p.score >= '-1'::integer) AND (p.commentcount >= 0) AND (p.creationdate >= '2010-09-07 23:47:38'::timestamp without time zone))", "Rows Removed by Filter": 0}]}, {"Node Type": "Index Only Scan", "Parent Relationship": "Inner", "Parallel Aware": false, "Scan Direction": "Forward", "Index Name": "idx_posthistory_userid", "Relation Name": "posthistory", "Schema": "public", "Alias": "ph", "Startup Cost": 0.29, "Total Cost": 0.66, "Plan Rows": 20, "Plan Width": 4, "Actual Startup Time": 0.0, "Actual Total Time": 0.0, "Actual Rows": 0, "Actual Loops": 0, "Output": ["ph.userid"], "Index Cond": "(ph.userid = p.owneruserid)", "Rows Removed by Index Recheck": 0, "Heap Fetches": 0}]}]}, "Planning Time": 3.627, "Triggers": [], "Execution Time": 8.339}]#####[{"Plan": {"Node Type": "Aggregate", "Strategy": "Plain", "Partial Mode": "Simple", "Parallel Aware": false, "Startup Cost": 53375.73, "Total Cost": 53375.74, "Plan Rows": 1, "Plan Width": 8, "Actual Startup Time": 6.653, "Actual Total Time": 6.656, "Actual Rows": 1, "Actual Loops": 1, "Output": ["count(*)"], "Plans": [{"Node Type": "Merge Join", "Parent Relationship": "Outer", "Parallel Aware": false, "Join Type": "Inner", "Startup Cost": 1682.06, "Total Cost": 50392.76, "Plan Rows": 1193188, "Plan Width": 0, "Actual Startup Time": 6.648, "Actual Total Time": 6.65, "Actual Rows": 0, "Actual Loops": 1, "Inner Unique": false, "Merge Cond": "(c.userid = p.owneruserid)", "Plans": [{"Node Type": "Sort", "Parent Relationship": "Outer", "Parallel Aware": false, "Startup Cost": 1621.0, "Total Cost": 1623.11, "Plan Rows": 847, "Plan Width": 8, "Actual Startup Time": 6.647, "Actual Total Time": 6.649, "Actual Rows": 0, "Actual Loops": 1, "Output": ["c.userid", "ph.userid"], "Sort Key": ["c.userid"], "Sort Method": "quicksort", "Sort Space Used": 25, "Sort Space Type": "Memory", "Plans": [{"Node Type": "Nested Loop", "Parent Relationship": "Outer", "Parallel Aware": false, "Join Type": "Inner", "Startup Cost": 0.29, "Total Cost": 1579.81, "Plan Rows": 847, "Plan Width": 8, "Actual Startup Time": 6.631, "Actual Total Time": 6.633, "Actual Rows": 0, "Actual Loops": 1, "Output": ["c.userid", "ph.userid"], "Inner Unique": false, "Plans": [{"Node Type": "Seq Scan", "Parent Relationship": "Outer", "Parallel Aware": false, "Relation Name": "comments", "Schema": "public", "Alias": "c", "Startup Cost": 0.0, "Total Cost": 1574.96, "Plan Rows": 1, "Plan Width": 4, "Actual Startup Time": 6.63, "Actual Total Time": 6.631, "Actual Rows": 0, "Actual Loops": 1, "Output": ["c.id", "c.postid", "c.score", "c.creationdate", "c.userid"], "Filter": "(c.creationdate = '2014-04-29 04:26:15'::timestamp without time zone)", "Rows Removed by Filter": 79357}, {"Node Type": "Index Only Scan", "Parent Relationship": "Inner", "Parallel Aware": false, "Scan Direction": "Forward", "Index Name": "idx_posthistory_userid", "Relation Name": "posthistory", "Schema": "public", "Alias": "ph", "Startup Cost": 0.29, "Total Cost": 4.64, "Plan Rows": 20, "Plan Width": 4, "Actual Startup Time": 0.0, "Actual Total Time": 0.0, "Actual Rows": 0, "Actual Loops": 0, "Output": ["ph.userid"], "Index Cond": "(ph.userid = c.userid)", "Rows Removed by Index Recheck": 0, "Heap Fetches": 0}]}]}, {"Node Type": "Materialize", "Parent Relationship": "Inner", "Parallel Aware": false, "Startup Cost": 0.58, "Total Cost": 12997.76, "Plan Rows": 624947, "Plan Width": 8, "Actual Startup Time": 0.0, "Actual Total Time": 0.0, "Actual Rows": 0, "Actual Loops": 0, "Output": ["p.owneruserid", "v.userid"], "Plans": [{"Node Type": "Merge Join", "Parent Relationship": "Outer", "Parallel Aware": false, "Join Type": "Inner", "Startup Cost": 0.58, "Total Cost": 11435.39, "Plan Rows": 624947, "Plan Width": 8, "Actual Startup Time": 0.0, "Actual Total Time": 0.0, "Actual Rows": 0, "Actual Loops": 0, "Output": ["p.owneruserid", "v.userid"], "Inner Unique": false, "Merge Cond": "(p.owneruserid = v.userid)", "Plans": [{"Node Type": "Index Scan", "Parent Relationship": "Outer", "Parallel Aware": false, "Scan Direction": "Forward", "Index Name": "idx_posts_owneruserid", "Relation Name": "posts", "Schema": "public", "Alias": "p", "Startup Cost": 0.29, "Total Cost": 2110.07, "Plan Rows": 38749, "Plan Width": 4, "Actual Startup Time": 0.0, "Actual Total Time": 0.0, "Actual Rows": 0, "Actual Loops": 0, "Output": ["p.id", "p.posttypeid", "p.creationdate", "p.score", "p.viewcount", "p.owneruserid", "p.answercount", "p.commentcount", "p.favoritecount", "p.lasteditoruserid"], "Filter": "((p.score >= '-1'::integer) AND (p.commentcount >= 0) AND (p.creationdate >= '2010-09-07 23:47:38'::timestamp without time zone))", "Rows Removed by Filter": 0}, {"Node Type": "Materialize", "Parent Relationship": "Inner", "Parallel Aware": false, "Startup Cost": 0.29, "Total Cost": 6730.7, "Plan Rows": 164220, "Plan Width": 4, "Actual Startup Time": 0.0, "Actual Total Time": 0.0, "Actual Rows": 0, "Actual Loops": 0, "Output": ["v.id", "v.postid", "v.votetypeid", "v.creationdate", "v.userid", "v.bountyamount"], "Plans": [{"Node Type": "Index Scan", "Parent Relationship": "Outer", "Parallel Aware": false, "Scan Direction": "Forward", "Index Name": "idx_votes_userid", "Relation Name": "votes", "Schema": "public", "Alias": "v", "Startup Cost": 0.29, "Total Cost": 6320.15, "Plan Rows": 164220, "Plan Width": 4, "Actual Startup Time": 0.0, "Actual Total Time": 0.0, "Actual Rows": 0, "Actual Loops": 0, "Output": ["v.id", "v.postid", "v.votetypeid", "v.creationdate", "v.userid", "v.bountyamount"], "Filter": "(v.creationdate <= '2014-09-12 00:00:00'::timestamp without time zone)", "Rows Removed by Filter": 0}]}]}]}]}]}, "Planning Time": 1.677, "Triggers": [], "Execution Time": 6.77}]#####[{"Plan": {"Node Type": "Aggregate", "Strategy": "Plain", "Partial Mode": "Simple", "Parallel Aware": false, "Startup Cost": 7135.36, "Total Cost": 7135.37, "Plan Rows": 1, "Plan Width": 8, "Actual Startup Time": 12.906, "Actual Total Time": 12.911, "Actual Rows": 1, "Actual Loops": 1, "Output": ["count(*)"], "Plans": [{"Node Type": "Nested Loop", "Parent Relationship": "Outer", "Parallel Aware": false, "Join Type": "Inner", "Startup Cost": 0.88, "Total Cost": 4152.39, "Plan Rows": 1193188, "Plan Width": 0, "Actual Startup Time": 12.893, "Actual Total Time": 12.898, "Actual Rows": 0, "Actual Loops": 1, "Inner Unique": false, "Plans": [{"Node Type": "Nested Loop", "Parent Relationship": "Outer", "Parallel Aware": false, "Join Type": "Inner", "Startup Cost": 0.58, "Total Cost": 1609.57, "Plan Rows": 2968, "Plan Width": 12, "Actual Startup Time": 12.893, "Actual Total Time": 12.897, "Actual Rows": 0, "Actual Loops": 1, "Output": ["c.userid", "p.owneruserid", "v.userid"], "Inner Unique": false, "Plans": [{"Node Type": "Nested Loop", "Parent Relationship": "Outer", "Parallel Aware": false, "Join Type": "Inner", "Startup Cost": 0.29, "Total Cost": 1594.45, "Plan Rows": 18, "Plan Width": 8, "Actual Startup Time": 12.893, "Actual Total Time": 12.896, "Actual Rows": 0, "Actual Loops": 1, "Output": ["c.userid", "p.owneruserid"], "Inner Unique": false, "Plans": [{"Node Type": "Seq Scan", "Parent Relationship": "Outer", "Parallel Aware": false, "Relation Name": "comments", "Schema": "public", "Alias": "c", "Startup Cost": 0.0, "Total Cost": 1574.96, "Plan Rows": 1, "Plan Width": 4, "Actual Startup Time": 12.892, "Actual Total Time": 12.894, "Actual Rows": 0, "Actual Loops": 1, "Output": ["c.id", "c.postid", "c.score", "c.creationdate", "c.userid"], "Filter": "(c.creationdate = '2014-04-29 04:26:15'::timestamp without time zone)", "Rows Removed by Filter": 79357}, {"Node Type": "Index Scan", "Parent Relationship": "Inner", "Parallel Aware": false, "Scan Direction": "Forward", "Index Name": "idx_posts_owneruserid", "Relation Name": "posts", "Schema": "public", "Alias": "p", "Startup Cost": 0.29, "Total Cost": 19.44, "Plan Rows": 5, "Plan Width": 4, "Actual Startup Time": 0.0, "Actual Total Time": 0.0, "Actual Rows": 0, "Actual Loops": 0, "Output": ["p.id", "p.posttypeid", "p.creationdate", "p.score", "p.viewcount", "p.owneruserid", "p.answercount", "p.commentcount", "p.favoritecount", "p.lasteditoruserid"], "Index Cond": "(p.owneruserid = c.userid)", "Rows Removed by Index Recheck": 0, "Filter": "((p.score >= '-1'::integer) AND (p.commentcount >= 0) AND (p.creationdate >= '2010-09-07 23:47:38'::timestamp without time zone))", "Rows Removed by Filter": 0}]}, {"Node Type": "Index Scan", "Parent Relationship": "Inner", "Parallel Aware": false, "Scan Direction": "Forward", "Index Name": "idx_votes_userid", "Relation Name": "votes", "Schema": "public", "Alias": "v", "Startup Cost": 0.29, "Total Cost": 0.7, "Plan Rows": 14, "Plan Width": 4, "Actual Startup Time": 0.0, "Actual Total Time": 0.0, "Actual Rows": 0, "Actual Loops": 0, "Output": ["v.id", "v.postid", "v.votetypeid", "v.creationdate", "v.userid", "v.bountyamount"], "Index Cond": "(v.userid = p.owneruserid)", "Rows Removed by Index Recheck": 0, "Filter": "(v.creationdate <= '2014-09-12 00:00:00'::timestamp without time zone)", "Rows Removed by Filter": 0}]}, {"Node Type": "Index Only Scan", "Parent Relationship": "Inner", "Parallel Aware": false, "Scan Direction": "Forward", "Index Name": "idx_posthistory_userid", "Relation Name": "posthistory", "Schema": "public", "Alias": "ph", "Startup Cost": 0.29, "Total Cost": 0.66, "Plan Rows": 20, "Plan Width": 4, "Actual Startup Time": 0.0, "Actual Total Time": 0.0, "Actual Rows": 0, "Actual Loops": 0, "Output": ["ph.userid"], "Index Cond": "(ph.userid = p.owneruserid)", "Rows Removed by Index Recheck": 0, "Heap Fetches": 0}]}]}, "Planning Time": 4.419, "Triggers": [], "Execution Time": 13.118}]
[{"Plan": {"Node Type": "Aggregate", "Strategy": "Plain", "Partial Mode": "Simple", "Parallel Aware": false, "Startup Cost": 1800.18, "Total Cost": 1800.19, "Plan Rows": 1, "Plan Width": 8, "Actual Startup Time": 128.256, "Actual Total Time": 128.263, "Actual Rows": 1, "Actual Loops": 1, "Output": ["count(*)"], "Plans": [{"Node Type": "Nested Loop", "Parent Relationship": "Outer", "Parallel Aware": false, "Join Type": "Inner", "Startup Cost": 1404.25, "Total Cost": 1799.89, "Plan Rows": 116, "Plan Width": 0, "Actual Startup Time": 8.156, "Actual Total Time": 118.901, "Actual Rows": 226644, "Actual Loops": 1, "Inner Unique": false, "Join Filter": "(p.id = v.postid)", "Rows Removed by Join Filter": 0, "Plans": [{"Node Type": "Nested Loop", "Parent Relationship": "Outer", "Parallel Aware": false, "Join Type": "Inner", "Startup Cost": 1403.96, "Total Cost": 1642.23, "Plan Rows": 297, "Plan Width": 16, "Actual Startup Time": 8.132, "Actual Total Time": 29.455, "Actual Rows": 29518, "Actual Loops": 1, "Output": ["c.postid", "p.id", "pl.postid", "ph.postid"], "Inner Unique": false, "Join Filter": "(p.id = ph.postid)", "Rows Removed by Join Filter": 0, "Plans": [{"Node Type": "Nested Loop", "Parent Relationship": "Outer", "Parallel Aware": false, "Join Type": "Inner", "Startup Cost": 1403.67, "Total Cost": 1596.49, "Plan Rows": 95, "Plan Width": 12, "Actual Startup Time": 8.097, "Actual Total Time": 14.405, "Actual Rows": 4296, "Actual Loops": 1, "Output": ["c.postid", "p.id", "pl.postid"], "Inner Unique": false, "Join Filter": "(p.id = c.postid)", "Rows Removed by Join Filter": 0, "Plans": [{"Node Type": "Nested Loop", "Parent Relationship": "Outer", "Parallel Aware": false, "Join Type": "Inner", "Startup Cost": 1403.37, "Total Cost": 1568.72, "Plan Rows": 50, "Plan Width": 8, "Actual Startup Time": 8.084, "Actual Total Time": 11.735, "Actual Rows": 1334, "Actual Loops": 1, "Output": ["p.id", "pl.postid"], "Inner Unique": true, "Plans": [{"Node Type": "Hash Join", "Parent Relationship": "Outer", "Parallel Aware": false, "Join Type": "Inner", "Startup Cost": 1403.09, "Total Cost": 1480.48, "Plan Rows": 101, "Plan Width": 12, "Actual Startup Time": 8.056, "Actual Total Time": 9.381, "Actual Rows": 1728, "Actual Loops": 1, "Output": ["p.id", "p.lasteditoruserid", "pl.postid"], "Inner Unique": true, "Hash Cond": "(pl.postid = p.id)", "Plans": [{"Node Type": "Seq Scan", "Parent Relationship": "Outer", "Parallel Aware": false, "Relation Name": "postlinks", "Schema": "public", "Alias": "pl", "Startup Cost": 0.0, "Total Cost": 67.33, "Plan Rows": 3833, "Plan Width": 4, "Actual Startup Time": 0.013, "Actual Total Time": 0.239, "Actual Rows": 3833, "Actual Loops": 1, "Output": ["pl.id", "pl.creationdate", "pl.postid", "pl.relatedpostid", "pl.linktypeid"]}, {"Node Type": "Hash", "Parent Relationship": "Inner", "Parallel Aware": false, "Startup Cost": 1389.58, "Total Cost": 1389.58, "Plan Rows": 1081, "Plan Width": 8, "Actual Startup Time": 7.991, "Actual Total Time": 7.992, "Actual Rows": 6417, "Actual Loops": 1, "Output": ["p.id", "p.lasteditoruserid"], "Hash Buckets": 8192, "Original Hash Buckets": 2048, "Hash Batches": 1, "Original Hash Batches": 1, "Peak Memory Usage": 309, "Plans": [{"Node Type": "Seq Scan", "Parent Relationship": "Outer", "Parallel Aware": false, "Relation Name": "posts", "Schema": "public", "Alias": "p", "Startup Cost": 0.0, "Total Cost": 1389.58, "Plan Rows": 1081, "Plan Width": 8, "Actual Startup Time": 0.083, "Actual Total Time": 7.101, "Actual Rows": 6417, "Actual Loops": 1, "Output": ["p.id", "p.lasteditoruserid"], "Filter": "((p.score <= 47) AND (p.viewcount >= 0) AND (p.answercount <= 3) AND (p.favoritecount >= 0) AND (p.creationdate >= '2010-07-20 17:22:01'::timestamp without time zone) AND (p.creationdate <= '2014-09-04 12:02:20'::timestamp without time zone))", "Rows Removed by Filter": 34766}]}]}, {"Node Type": "Index Scan", "Parent Relationship": "Inner", "Parallel Aware": false, "Scan Direction": "Forward", "Index Name": "users_pkey", "Relation Name": "users", "Schema": "public", "Alias": "u", "Startup Cost": 0.29, "Total Cost": 0.87, "Plan Rows": 1, "Plan Width": 4, "Actual Startup Time": 0.001, "Actual Total Time": 0.001, "Actual Rows": 1, "Actual Loops": 1728, "Output": ["u.id", "u.reputation", "u.creationdate", "u.views", "u.upvotes", "u.downvotes"], "Index Cond": "(u.id = p.lasteditoruserid)", "Rows Removed by Index Recheck": 0, "Filter": "((u.views >= 0) AND (u.upvotes >= 0))", "Rows Removed by Filter": 0}]}, {"Node Type": "Index Only Scan", "Parent Relationship": "Inner", "Parallel Aware": false, "Scan Direction": "Forward", "Index Name": "idx_comments_postid", "Relation Name": "comments", "Schema": "public", "Alias": "c", "Startup Cost": 0.29, "Total Cost": 0.51, "Plan Rows": 4, "Plan Width": 4, "Actual Startup Time": 0.001, "Actual Total Time": 0.002, "Actual Rows": 3, "Actual Loops": 1334, "Output": ["c.postid"], "Index Cond": "(c.postid = pl.postid)", "Rows Removed by Index Recheck": 0, "Heap Fetches": 0}]}, {"Node Type": "Index Scan", "Parent Relationship": "Inner", "Parallel Aware": false, "Scan Direction": "Forward", "Index Name": "idx_posthistory_postid", "Relation Name": "posthistory", "Schema": "public", "Alias": "ph", "Startup Cost": 0.29, "Total Cost": 0.43, "Plan Rows": 4, "Plan Width": 4, "Actual Startup Time": 0.001, "Actual Total Time": 0.003, "Actual Rows": 7, "Actual Loops": 4296, "Output": ["ph.id", "ph.posthistorytypeid", "ph.postid", "ph.creationdate", "ph.userid"], "Index Cond": "(ph.postid = c.postid)", "Rows Removed by Index Recheck": 0, "Filter": "(ph.creationdate >= '2010-07-28 18:08:36'::timestamp without time zone)", "Rows Removed by Filter": 0}]}, {"Node Type": "Index Scan", "Parent Relationship": "Inner", "Parallel Aware": false, "Scan Direction": "Forward", "Index Name": "idx_votes_postid", "Relation Name": "votes", "Schema": "public", "Alias": "v", "Startup Cost": 0.29, "Total Cost": 0.46, "Plan Rows": 6, "Plan Width": 4, "Actual Startup Time": 0.001, "Actual Total Time": 0.002, "Actual Rows": 8, "Actual Loops": 29518, "Output": ["v.id", "v.postid", "v.votetypeid", "v.creationdate", "v.userid", "v.bountyamount"], "Index Cond": "(v.postid = ph.postid)", "Rows Removed by Index Recheck": 0, "Filter": "(v.creationdate >= '2010-07-21 00:00:00'::timestamp without time zone)", "Rows Removed by Filter": 0}]}]}, "Planning Time": 9.266, "Triggers": [], "Execution Time": 128.446}]#####[{"Plan": {"Node Type": "Aggregate", "Strategy": "Plain", "Partial Mode": "Simple", "Parallel Aware": false, "Startup Cost": 3097.77, "Total Cost": 3097.78, "Plan Rows": 1, "Plan Width": 8, "Actual Startup Time": 171.613, "Actual Total Time": 171.62, "Actual Rows": 1, "Actual Loops": 1, "Output": ["count(*)"], "Plans": [{"Node Type": "Hash Join", "Parent Relationship": "Outer", "Parallel Aware": false, "Join Type": "Inner", "Startup Cost": 1924.68, "Total Cost": 3094.85, "Plan Rows": 1169, "Plan Width": 0, "Actual Startup Time": 13.143, "Actual Total Time": 162.442, "Actual Rows": 226644, "Actual Loops": 1, "Inner Unique": true, "Hash Cond": "(p.lasteditoruserid = u.id)", "Plans": [{"Node Type": "Nested Loop", "Parent Relationship": "Outer", "Parallel Aware": false, "Join Type": "Inner", "Startup Cost": 1403.97, "Total Cost": 1950.09, "Plan Rows": 237700, "Plan Width": 4, "Actual Startup Time": 7.211, "Actual Total Time": 130.525, "Actual Rows": 256826, "Actual Loops": 1, "Output": ["p.lasteditoruserid"], "Inner Unique": false, "Join Filter": "(p.id = v.postid)", "Rows Removed by Join Filter": 0, "Plans": [{"Node Type": "Nested Loop", "Parent Relationship": "Outer", "Parallel Aware": false, "Join Type": "Inner", "Startup Cost": 1403.67, "Total Cost": 1629.98, "Plan Rows": 603, "Plan Width": 20, "Actual Startup Time": 7.186, "Actual Total Time": 29.162, "Actual Rows": 33376, "Actual Loops": 1, "Output": ["c.postid", "p.id", "p.lasteditoruserid", "pl.postid", "ph.postid"], "Inner Unique": false, "Join Filter": "(p.id = ph.postid)", "Rows Removed by Join Filter": 0, "Plans": [{"Node Type": "Nested Loop", "Parent Relationship": "Outer", "Parallel Aware": false, "Join Type": "Inner", "Startup Cost": 1403.38, "Total Cost": 1536.58, "Plan Rows": 194, "Plan Width": 16, "Actual Startup Time": 7.152, "Actual Total Time": 11.813, "Actual Rows": 5220, "Actual Loops": 1, "Output": ["c.postid", "p.id", "p.lasteditoruserid", "pl.postid"], "Inner Unique": false, "Join Filter": "(p.id = c.postid)", "Rows Removed by Join Filter": 0, "Plans": [{"Node Type": "Hash Join", "Parent Relationship": "Outer", "Parallel Aware": false, "Join Type": "Inner", "Startup Cost": 1403.09, "Total Cost": 1480.48, "Plan Rows": 101, "Plan Width": 12, "Actual Startup Time": 7.134, "Actual Total Time": 8.491, "Actual Rows": 1728, "Actual Loops": 1, "Output": ["p.id", "p.lasteditoruserid", "pl.postid"], "Inner Unique": true, "Hash Cond": "(pl.postid = p.id)", "Plans": [{"Node Type": "Seq Scan", "Parent Relationship": "Outer", "Parallel Aware": false, "Relation Name": "postlinks", "Schema": "public", "Alias": "pl", "Startup Cost": 0.0, "Total Cost": 67.33, "Plan Rows": 3833, "Plan Width": 4, "Actual Startup Time": 0.009, "Actual Total Time": 0.254, "Actual Rows": 3833, "Actual Loops": 1, "Output": ["pl.id", "pl.creationdate", "pl.postid", "pl.relatedpostid", "pl.linktypeid"]}, {"Node Type": "Hash", "Parent Relationship": "Inner", "Parallel Aware": false, "Startup Cost": 1389.58, "Total Cost": 1389.58, "Plan Rows": 1081, "Plan Width": 8, "Actual Startup Time": 7.096, "Actual Total Time": 7.097, "Actual Rows": 6417, "Actual Loops": 1, "Output": ["p.id", "p.lasteditoruserid"], "Hash Buckets": 8192, "Original Hash Buckets": 2048, "Hash Batches": 1, "Original Hash Batches": 1, "Peak Memory Usage": 309, "Plans": [{"Node Type": "Seq Scan", "Parent Relationship": "Outer", "Parallel Aware": false, "Relation Name": "posts", "Schema": "public", "Alias": "p", "Startup Cost": 0.0, "Total Cost": 1389.58, "Plan Rows": 1081, "Plan Width": 8, "Actual Startup Time": 0.078, "Actual Total Time": 6.281, "Actual Rows": 6417, "Actual Loops": 1, "Output": ["p.id", "p.lasteditoruserid"], "Filter": "((p.score <= 47) AND (p.viewcount >= 0) AND (p.answercount <= 3) AND (p.favoritecount >= 0) AND (p.creationdate >= '2010-07-20 17:22:01'::timestamp without time zone) AND (p.creationdate <= '2014-09-04 12:02:20'::timestamp without time zone))", "Rows Removed by Filter": 34766}]}]}, {"Node Type": "Index Only Scan", "Parent Relationship": "Inner", "Parallel Aware": false, "Scan Direction": "Forward", "Index Name": "idx_comments_postid", "Relation Name": "comments", "Schema": "public", "Alias": "c", "Startup Cost": 0.29, "Total Cost": 0.51, "Plan Rows": 4, "Plan Width": 4, "Actual Startup Time": 0.001, "Actual Total Time": 0.001, "Actual Rows": 3, "Actual Loops": 1728, "Output": ["c.postid"], "Index Cond": "(c.postid = pl.postid)", "Rows Removed by Index Recheck": 0, "Heap Fetches": 0}]}, {"Node Type": "Index Scan", "Parent Relationship": "Inner", "Parallel Aware": false, "Scan Direction": "Forward", "Index Name": "idx_posthistory_postid", "Relation Name": "posthistory", "Schema": "public", "Alias": "ph", "Startup Cost": 0.29, "Total Cost": 0.43, "Plan Rows": 4, "Plan Width": 4, "Actual Startup Time": 0.001, "Actual Total Time": 0.003, "Actual Rows": 6, "Actual Loops": 5220, "Output": ["ph.id", "ph.posthistorytypeid", "ph.postid", "ph.creationdate", "ph.userid"], "Index Cond": "(ph.postid = c.postid)", "Rows Removed by Index Recheck": 0, "Filter": "(ph.creationdate >= '2010-07-28 18:08:36'::timestamp without time zone)", "Rows Removed by Filter": 0}]}, {"Node Type": "Index Scan", "Parent Relationship": "Inner", "Parallel Aware": false, "Scan Direction": "Forward", "Index Name": "idx_votes_postid", "Relation Name": "votes", "Schema": "public", "Alias": "v", "Startup Cost": 0.29, "Total Cost": 0.46, "Plan Rows": 6, "Plan Width": 4, "Actual Startup Time": 0.001, "Actual Total Time": 0.002, "Actual Rows": 8, "Actual Loops": 33376, "Output": ["v.id", "v.postid", "v.votetypeid", "v.creationdate", "v.userid", "v.bountyamount"], "Index Cond": "(v.postid = ph.postid)", "Rows Removed by Index Recheck": 0, "Filter": "(v.creationdate >= '2010-07-21 00:00:00'::timestamp without time zone)", "Rows Removed by Filter": 0}]}, {"Node Type": "Hash", "Parent Relationship": "Inner", "Parallel Aware": false, "Startup Cost": 334.02, "Total Cost": 334.02, "Plan Rows": 14935, "Plan Width": 4, "Actual Startup Time": 5.814, "Actual Total Time": 5.815, "Actual Rows": 14935, "Actual Loops": 1, "Output": ["u.id"], "Hash Buckets": 16384, "Original Hash Buckets": 16384, "Hash Batches": 1, "Original Hash Batches": 1, "Peak Memory Usage": 654, "Plans": [{"Node Type": "Seq Scan", "Parent Relationship": "Outer", "Parallel Aware": false, "Relation Name": "users", "Schema": "public", "Alias": "u", "Startup Cost": 0.0, "Total Cost": 334.02, "Plan Rows": 14935, "Plan Width": 4, "Actual Startup Time": 0.019, "Actual Total Time": 3.435, "Actual Rows": 14935, "Actual Loops": 1, "Output": ["u.id"], "Filter": "((u.views >= 0) AND (u.upvotes >= 0))", "Rows Removed by Filter": 0}]}]}]}, "Planning Time": 7.548, "Triggers": [], "Execution Time": 171.82}]#####[{"Plan": {"Node Type": "Aggregate", "Strategy": "Plain", "Partial Mode": "Simple", "Parallel Aware": false, "Startup Cost": 2494.54, "Total Cost": 2494.55, "Plan Rows": 1, "Plan Width": 8, "Actual Startup Time": 160.444, "Actual Total Time": 160.448, "Actual Rows": 1, "Actual Loops": 1, "Output": ["count(*)"], "Plans": [{"Node Type": "Merge Join", "Parent Relationship": "Outer", "Parallel Aware": false, "Join Type": "Inner", "Startup Cost": 1.73, "Total Cost": 2491.61, "Plan Rows": 1169, "Plan Width": 0, "Actual Startup Time": 0.24, "Actual Total Time": 150.184, "Actual Rows": 226644, "Actual Loops": 1, "Inner Unique": true, "Merge Cond": "(p.lasteditoruserid = u.id)", "Plans": [{"Node Type": "Nested Loop", "Parent Relationship": "Outer", "Parallel Aware": false, "Join Type": "Inner", "Startup Cost": 1.45, "Total Cost": 3507.36, "Plan Rows": 23770, "Plan Width": 4, "Actual Startup Time": 0.22, "Actual Total Time": 129.032, "Actual Rows": 229501, "Actual Loops": 1, "Output": ["p.lasteditoruserid"], "Inner Unique": false, "Join Filter": "(p.id = v.postid)", "Rows Removed by Join Filter": 0, "Plans": [{"Node Type": "Nested Loop", "Parent Relationship": "Outer", "Parallel Aware": false, "Join Type": "Inner", "Startup Cost": 1.16, "Total Cost": 3187.25, "Plan Rows": 603, "Plan Width": 20, "Actual Startup Time": 0.188, "Actual Total Time": 34.229, "Actual Rows": 30031, "Actual Loops": 1, "Output": ["c.postid", "p.id", "p.lasteditoruserid", "pl.postid", "ph.postid"], "Inner Unique": false, "Join Filter": "(p.id = ph.postid)", "Rows Removed by Join Filter": 0, "Plans": [{"Node Type": "Nested Loop", "Parent Relationship": "Outer", "Parallel Aware": false, "Join Type": "Inner", "Startup Cost": 0.86, "Total Cost": 3093.86, "Plan Rows": 194, "Plan Width": 16, "Actual Startup Time": 0.153, "Actual Total Time": 17.606, "Actual Rows": 4386, "Actual Loops": 1, "Output": ["c.postid", "p.id", "p.lasteditoruserid", "pl.postid"], "Inner Unique": false, "Join Filter": "(p.id = c.postid)", "Rows Removed by Join Filter": 0, "Plans": [{"Node Type": "Nested Loop", "Parent Relationship": "Outer", "Parallel Aware": false, "Join Type": "Inner", "Startup Cost": 0.57, "Total Cost": 3037.76, "Plan Rows": 101, "Plan Width": 12, "Actual Startup Time": 0.131, "Actual Total Time": 14.23, "Actual Rows": 1366, "Actual Loops": 1, "Output": ["p.id", "p.lasteditoruserid", "pl.postid"], "Inner Unique": false, "Plans": [{"Node Type": "Index Scan", "Parent Relationship": "Outer", "Parallel Aware": false, "Scan Direction": "Forward", "Index Name": "idx_posts_lasteditoruserid", "Relation Name": "posts", "Schema": "public", "Alias": "p", "Startup Cost": 0.29, "Total Cost": 2657.35, "Plan Rows": 1081, "Plan Width": 8, "Actual Startup Time": 0.073, "Actual Total Time": 9.625, "Actual Rows": 4910, "Actual Loops": 1, "Output": ["p.id", "p.posttypeid", "p.creationdate", "p.score", "p.viewcount", "p.owneruserid", "p.answercount", "p.commentcount", "p.favoritecount", "p.lasteditoruserid"], "Filter": "((p.score <= 47) AND (p.viewcount >= 0) AND (p.answercount <= 3) AND (p.favoritecount >= 0) AND (p.creationdate >= '2010-07-20 17:22:01'::timestamp without time zone) AND (p.creationdate <= '2014-09-04 12:02:20'::timestamp without time zone))", "Rows Removed by Filter": 16043}, {"Node Type": "Index Only Scan", "Parent Relationship": "Inner", "Parallel Aware": false, "Scan Direction": "Forward", "Index Name": "idx_postlinks_postid", "Relation Name": "postlinks", "Schema": "public", "Alias": "pl", "Startup Cost": 0.28, "Total Cost": 0.34, "Plan Rows": 1, "Plan Width": 4, "Actual Startup Time": 0.001, "Actual Total Time": 0.001, "Actual Rows": 0, "Actual Loops": 4910, "Output": ["pl.postid"], "Index Cond": "(pl.postid = p.id)", "Rows Removed by Index Recheck": 0, "Heap Fetches": 0}]}, {"Node Type": "Index Only Scan", "Parent Relationship": "Inner", "Parallel Aware": false, "Scan Direction": "Forward", "Index Name": "idx_comments_postid", "Relation Name": "comments", "Schema": "public", "Alias": "c", "Startup Cost": 0.29, "Total Cost": 0.51, "Plan Rows": 4, "Plan Width": 4, "Actual Startup Time": 0.002, "Actual Total Time": 0.002, "Actual Rows": 3, "Actual Loops": 1366, "Output": ["c.postid"], "Index Cond": "(c.postid = pl.postid)", "Rows Removed by Index Recheck": 0, "Heap Fetches": 0}]}, {"Node Type": "Index Scan", "Parent Relationship": "Inner", "Parallel Aware": false, "Scan Direction": "Forward", "Index Name": "idx_posthistory_postid", "Relation Name": "posthistory", "Schema": "public", "Alias": "ph", "Startup Cost": 0.29, "Total Cost": 0.43, "Plan Rows": 4, "Plan Width": 4, "Actual Startup Time": 0.002, "Actual Total Time": 0.003, "Actual Rows": 7, "Actual Loops": 4386, "Output": ["ph.id", "ph.posthistorytypeid", "ph.postid", "ph.creationdate", "ph.userid"], "Index Cond": "(ph.postid = c.postid)", "Rows Removed by Index Recheck": 0, "Filter": "(ph.creationdate >= '2010-07-28 18:08:36'::timestamp without time zone)", "Rows Removed by Filter": 0}]}, {"Node Type": "Index Scan", "Parent Relationship": "Inner", "Parallel Aware": false, "Scan Direction": "Forward", "Index Name": "idx_votes_postid", "Relation Name": "votes", "Schema": "public", "Alias": "v", "Startup Cost": 0.29, "Total Cost": 0.46, "Plan Rows": 6, "Plan Width": 4, "Actual Startup Time": 0.001, "Actual Total Time": 0.003, "Actual Rows": 8, "Actual Loops": 30031, "Output": ["v.id", "v.postid", "v.votetypeid", "v.creationdate", "v.userid", "v.bountyamount"], "Index Cond": "(v.postid = ph.postid)", "Rows Removed by Index Recheck": 0, "Filter": "(v.creationdate >= '2010-07-21 00:00:00'::timestamp without time zone)", "Rows Removed by Filter": 0}]}, {"Node Type": "Index Scan", "Parent Relationship": "Inner", "Parallel Aware": false, "Scan Direction": "Forward", "Index Name": "users_pkey", "Relation Name": "users", "Schema": "public", "Alias": "u", "Startup Cost": 0.29, "Total Cost": 583.99, "Plan Rows": 14935, "Plan Width": 4, "Actual Startup Time": 0.018, "Actual Total Time": 2.647, "Actual Rows": 14934, "Actual Loops": 1, "Output": ["u.id", "u.reputation", "u.creationdate", "u.views", "u.upvotes", "u.downvotes"], "Filter": "((u.views >= 0) AND (u.upvotes >= 0))", "Rows Removed by Filter": 0}]}]}, "Planning Time": 8.609, "Triggers": [], "Execution Time": 160.644}]
[{"Plan": {"Node Type": "Aggregate", "Strategy": "Plain", "Partial Mode": "Simple", "Parallel Aware": false, "Startup Cost": 4035.71, "Total Cost": 4035.72, "Plan Rows": 1, "Plan Width": 8, "Actual Startup Time": 58.301, "Actual Total Time": 58.307, "Actual Rows": 1, "Actual Loops": 1, "Output": ["count(*)"], "Plans": [{"Node Type": "Nested Loop", "Parent Relationship": "Outer", "Parallel Aware": false, "Join Type": "Inner", "Startup Cost": 1066.98, "Total Cost": 4033.67, "Plan Rows": 814, "Plan Width": 0, "Actual Startup Time": 12.67, "Actual Total Time": 56.813, "Actual Rows": 33162, "Actual Loops": 1, "Inner Unique": false, "Join Filter": "(p.id = v.postid)", "Rows Removed by Join Filter": 0, "Plans": [{"Node Type": "Nested Loop", "Parent Relationship": "Outer", "Parallel Aware": false, "Join Type": "Inner", "Startup Cost": 1066.68, "Total Cost": 2812.56, "Plan Rows": 2062, "Plan Width": 16, "Actual Startup Time": 12.649, "Actual Total Time": 35.317, "Actual Rows": 7238, "Actual Loops": 1, "Output": ["c.postid", "p.id", "pl.postid", "ph.postid"], "Inner Unique": false, "Join Filter": "(p.id = c.postid)", "Rows Removed by Join Filter": 0, "Plans": [{"Node Type": "Nested Loop", "Parent Relationship": "Outer", "Parallel Aware": false, "Join Type": "Inner", "Startup Cost": 1066.39, "Total Cost": 2132.82, "Plan Rows": 1415, "Plan Width": 12, "Actual Startup Time": 12.575, "Actual Total Time": 26.058, "Actual Rows": 3332, "Actual Loops": 1, "Output": ["p.id", "pl.postid", "ph.postid"], "Inner Unique": false, "Plans": [{"Node Type": "Hash Join", "Parent Relationship": "Outer", "Parallel Aware": false, "Join Type": "Inner", "Startup Cost": 1066.1, "Total Cost": 1153.07, "Plan Rows": 1424, "Plan Width": 8, "Actual Startup Time": 12.537, "Actual Total Time": 14.327, "Actual Rows": 3332, "Actual Loops": 1, "Output": ["p.id", "pl.postid"], "Inner Unique": true, "Hash Cond": "(pl.postid = p.id)", "Plans": [{"Node Type": "Seq Scan", "Parent Relationship": "Outer", "Parallel Aware": false, "Relation Name": "postlinks", "Schema": "public", "Alias": "pl", "Startup Cost": 0.0, "Total Cost": 76.91, "Plan Rows": 3833, "Plan Width": 4, "Actual Startup Time": 0.029, "Actual Total Time": 0.666, "Actual Rows": 3833, "Actual Loops": 1, "Output": ["pl.id", "pl.creationdate", "pl.postid", "pl.relatedpostid", "pl.linktypeid"], "Filter": "(pl.creationdate <= '2014-08-04 21:30:11'::timestamp without time zone)", "Rows Removed by Filter": 0}, {"Node Type": "Hash", "Parent Relationship": "Inner", "Parallel Aware": false, "Startup Cost": 874.79, "Total Cost": 874.79, "Plan Rows": 15305, "Plan Width": 4, "Actual Startup Time": 12.321, "Actual Total Time": 12.322, "Actual Rows": 15292, "Actual Loops": 1, "Output": ["p.id"], "Hash Buckets": 16384, "Original Hash Buckets": 16384, "Hash Batches": 1, "Original Hash Batches": 1, "Peak Memory Usage": 666, "Plans": [{"Node Type": "Seq Scan", "Parent Relationship": "Outer", "Parallel Aware": false, "Relation Name": "posts", "Schema": "public", "Alias": "p", "Startup Cost": 0.0, "Total Cost": 874.79, "Plan Rows": 15305, "Plan Width": 4, "Actual Startup Time": 0.03, "Actual Total Time": 9.495, "Actual Rows": 15292, "Actual Loops": 1, "Output": ["p.id"], "Filter": "(p.answercount <= 3)", "Rows Removed by Filter": 25891}]}]}, {"Node Type": "Index Scan", "Parent Relationship": "Inner", "Parallel Aware": false, "Scan Direction": "Forward", "Index Name": "idx_posthistory_postid", "Relation Name": "posthistory", "Schema": "public", "Alias": "ph", "Startup Cost": 0.29, "Total Cost": 0.68, "Plan Rows": 1, "Plan Width": 4, "Actual Startup Time": 0.002, "Actual Total Time": 0.003, "Actual Rows": 1, "Actual Loops": 3332, "Output": ["ph.id", "ph.posthistorytypeid", "ph.postid", "ph.creationdate", "ph.userid"], "Index Cond": "(ph.postid = p.id)", "Rows Removed by Index Recheck": 0, "Filter": "(ph.posthistorytypeid = 2)", "Rows Removed by Filter": 5}]}, {"Node Type": "Index Scan", "Parent Relationship": "Inner", "Parallel Aware": false, "Scan Direction": "Forward", "Index Name": "idx_comments_postid", "Relation Name": "comments", "Schema": "public", "Alias": "c", "Startup Cost": 0.29, "Total Cost": 0.44, "Plan Rows": 3, "Plan Width": 4, "Actual Startup Time": 0.002, "Actual Total Time": 0.002, "Actual Rows": 2, "Actual Loops": 3332, "Output": ["c.id", "c.postid", "c.score", "c.creationdate", "c.userid"], "Index Cond": "(c.postid = ph.postid)", "Rows Removed by Index Recheck": 0, "Filter": "(c.score = 0)", "Rows Removed by Filter": 1}]}, {"Node Type": "Index Scan", "Parent Relationship": "Inner", "Parallel Aware": false, "Scan Direction": "Forward", "Index Name": "idx_votes_postid", "Relation Name": "votes", "Schema": "public", "Alias": "v", "Startup Cost": 0.29, "Total Cost": 0.52, "Plan Rows": 6, "Plan Width": 4, "Actual Startup Time": 0.001, "Actual Total Time": 0.003, "Actual Rows": 5, "Actual Loops": 7238, "Output": ["v.id", "v.postid", "v.votetypeid", "v.creationdate", "v.userid", "v.bountyamount"], "Index Cond": "(v.postid = c.postid)", "Rows Removed by Index Recheck": 0, "Filter": "((v.creationdate >= '2010-07-20 00:00:00'::timestamp without time zone) AND (v.creationdate <= '2014-09-12 00:00:00'::timestamp without time zone))", "Rows Removed by Filter": 0}]}]}, "Planning Time": 3.912, "Triggers": [], "Execution Time": 58.522}]#####[{"Plan": {"Node Type": "Aggregate", "Strategy": "Plain", "Partial Mode": "Simple", "Parallel Aware": false, "Startup Cost": 9889.11, "Total Cost": 9889.12, "Plan Rows": 1, "Plan Width": 8, "Actual Startup Time": 67.015, "Actual Total Time": 67.023, "Actual Rows": 1, "Actual Loops": 1, "Output": ["count(*)"], "Plans": [{"Node Type": "Hash Join", "Parent Relationship": "Outer", "Parallel Aware": false, "Join Type": "Inner", "Startup Cost": 3202.44, "Total Cost": 9868.73, "Plan Rows": 8149, "Plan Width": 0, "Actual Startup Time": 30.637, "Actual Total Time": 65.759, "Actual Rows": 33162, "Actual Loops": 1, "Inner Unique": false, "Hash Cond": "(pl.postid = p.id)", "Plans": [{"Node Type": "Nested Loop", "Parent Relationship": "Outer", "Parallel Aware": false, "Join Type": "Inner", "Startup Cost": 125.12, "Total Cost": 6486.55, "Plan Rows": 33265, "Plan Width": 12, "Actual Startup Time": 1.568, "Actual Total Time": 34.829, "Actual Rows": 25982, "Actual Loops": 1, "Output": ["pl.postid", "ph.postid", "v.postid"], "Inner Unique": false, "Join Filter": "(pl.postid = v.postid)", "Rows Removed by Join Filter": 0, "Plans": [{"Node Type": "Hash Join", "Parent Relationship": "Outer", "Parallel Aware": false, "Join Type": "Inner", "Startup Cost": 124.82, "Total Cost": 3260.2, "Plan Rows": 5098, "Plan Width": 8, "Actual Startup Time": 1.533, "Actual Total Time": 17.04, "Actual Rows": 3833, "Actual Loops": 1, "Output": ["pl.postid", "ph.postid"], "Inner Unique": false, "Hash Cond": "(ph.postid = pl.postid)", "Plans": [{"Node Type": "Seq Scan", "Parent Relationship": "Outer", "Parallel Aware": false, "Relation Name": "posthistory", "Schema": "public", "Alias": "ph", "Startup Cost": 0.0, "Total Cost": 2572.93, "Plan Rows": 40918, "Plan Width": 4, "Actual Startup Time": 0.02, "Actual Total Time": 11.436, "Actual Rows": 41183, "Actual Loops": 1, "Output": ["ph.id", "ph.posthistorytypeid", "ph.postid", "ph.creationdate", "ph.userid"], "Filter": "(ph.posthistorytypeid = 2)", "Rows Removed by Filter": 88811}, {"Node Type": "Hash", "Parent Relationship": "Inner", "Parallel Aware": false, "Startup Cost": 76.91, "Total Cost": 76.91, "Plan Rows": 3833, "Plan Width": 4, "Actual Startup Time": 1.452, "Actual Total Time": 1.453, "Actual Rows": 3833, "Actual Loops": 1, "Output": ["pl.postid"], "Hash Buckets": 4096, "Original Hash Buckets": 4096, "Hash Batches": 1, "Original Hash Batches": 1, "Peak Memory Usage": 167, "Plans": [{"Node Type": "Seq Scan", "Parent Relationship": "Outer", "Parallel Aware": false, "Relation Name": "postlinks", "Schema": "public", "Alias": "pl", "Startup Cost": 0.0, "Total Cost": 76.91, "Plan Rows": 3833, "Plan Width": 4, "Actual Startup Time": 0.014, "Actual Total Time": 0.837, "Actual Rows": 3833, "Actual Loops": 1, "Output": ["pl.postid"], "Filter": "(pl.creationdate <= '2014-08-04 21:30:11'::timestamp without time zone)", "Rows Removed by Filter": 0}]}]}, {"Node Type": "Index Scan", "Parent Relationship": "Inner", "Parallel Aware": false, "Scan Direction": "Forward", "Index Name": "idx_votes_postid", "Relation Name": "votes", "Schema": "public", "Alias": "v", "Startup Cost": 0.29, "Total Cost": 0.56, "Plan Rows": 6, "Plan Width": 4, "Actual Startup Time": 0.001, "Actual Total Time": 0.004, "Actual Rows": 7, "Actual Loops": 3833, "Output": ["v.id", "v.postid", "v.votetypeid", "v.creationdate", "v.userid", "v.bountyamount"], "Index Cond": "(v.postid = ph.postid)", "Rows Removed by Index Recheck": 0, "Filter": "((v.creationdate >= '2010-07-20 00:00:00'::timestamp without time zone) AND (v.creationdate <= '2014-09-12 00:00:00'::timestamp without time zone))", "Rows Removed by Filter": 0}]}, {"Node Type": "Hash", "Parent Relationship": "Inner", "Parallel Aware": false, "Startup Cost": 2798.58, "Total Cost": 2798.58, "Plan Rows": 22299, "Plan Width": 8, "Actual Startup Time": 26.568, "Actual Total Time": 26.57, "Actual Rows": 24537, "Actual Loops": 1, "Output": ["c.postid", "p.id"], "Hash Buckets": 32768, "Original Hash Buckets": 32768, "Hash Batches": 1, "Original Hash Batches": 1, "Peak Memory Usage": 1215, "Plans": [{"Node Type": "Hash Join", "Parent Relationship": "Outer", "Parallel Aware": false, "Join Type": "Inner", "Startup Cost": 1066.1, "Total Cost": 2798.58, "Plan Rows": 22299, "Plan Width": 8, "Actual Startup Time": 8.714, "Actual Total Time": 23.666, "Actual Rows": 24537, "Actual Loops": 1, "Output": ["c.postid", "p.id"], "Inner Unique": true, "Hash Cond": "(c.postid = p.id)", "Plans": [{"Node Type": "Seq Scan", "Parent Relationship": "Outer", "Parallel Aware": false, "Relation Name": "comments", "Schema": "public", "Alias": "c", "Startup Cost": 0.0, "Total Cost": 1574.96, "Plan Rows": 60002, "Plan Width": 4, "Actual Startup Time": 0.009, "Actual Total Time": 8.925, "Actual Rows": 60206, "Actual Loops": 1, "Output": ["c.id", "c.postid", "c.score", "c.creationdate", "c.userid"], "Filter": "(c.score = 0)", "Rows Removed by Filter": 19151}, {"Node Type": "Hash", "Parent Relationship": "Inner", "Parallel Aware": false, "Startup Cost": 874.79, "Total Cost": 874.79, "Plan Rows": 15305, "Plan Width": 4, "Actual Startup Time": 8.64, "Actual Total Time": 8.641, "Actual Rows": 15292, "Actual Loops": 1, "Output": ["p.id"], "Hash Buckets": 16384, "Original Hash Buckets": 16384, "Hash Batches": 1, "Original Hash Batches": 1, "Peak Memory Usage": 666, "Plans": [{"Node Type": "Seq Scan", "Parent Relationship": "Outer", "Parallel Aware": false, "Relation Name": "posts", "Schema": "public", "Alias": "p", "Startup Cost": 0.0, "Total Cost": 874.79, "Plan Rows": 15305, "Plan Width": 4, "Actual Startup Time": 0.008, "Actual Total Time": 6.643, "Actual Rows": 15292, "Actual Loops": 1, "Output": ["p.id"], "Filter": "(p.answercount <= 3)", "Rows Removed by Filter": 25891}]}]}]}]}]}, "Planning Time": 7.393, "Triggers": [], "Execution Time": 67.227}]#####[{"Plan": {"Node Type": "Aggregate", "Strategy": "Plain", "Partial Mode": "Simple", "Parallel Aware": false, "Startup Cost": 6587.4, "Total Cost": 6587.41, "Plan Rows": 1, "Plan Width": 8, "Actual Startup Time": 52.77, "Actual Total Time": 52.779, "Actual Rows": 1, "Actual Loops": 1, "Output": ["count(*)"], "Plans": [{"Node Type": "Hash Join", "Parent Relationship": "Outer", "Parallel Aware": false, "Join Type": "Inner", "Startup Cost": 3727.32, "Total Cost": 6567.03, "Plan Rows": 8149, "Plan Width": 0, "Actual Startup Time": 38.144, "Actual Total Time": 51.546, "Actual Rows": 33162, "Actual Loops": 1, "Inner Unique": false, "Hash Cond": "(c.postid = p.id)", "Plans": [{"Node Type": "Seq Scan", "Parent Relationship": "Outer", "Parallel Aware": false, "Relation Name": "comments", "Schema": "public", "Alias": "c", "Startup Cost": 0.0, "Total Cost": 1574.96, "Plan Rows": 60002, "Plan Width": 4, "Actual Startup Time": 0.013, "Actual Total Time": 7.31, "Actual Rows": 60206, "Actual Loops": 1, "Output": ["c.id", "c.postid", "c.score", "c.creationdate", "c.userid"], "Filter": "(c.score = 0)", "Rows Removed by Filter": 19151}, {"Node Type": "Hash", "Parent Relationship": "Inner", "Parallel Aware": false, "Startup Cost": 3028.32, "Total Cost": 3028.32, "Plan Rows": 55920, "Plan Width": 16, "Actual Startup Time": 37.819, "Actual Total Time": 37.825, "Actual Rows": 14971, "Actual Loops": 1, "Output": ["p.id", "pl.postid", "ph.postid", "v.postid"], "Hash Buckets": 65536, "Original Hash Buckets": 65536, "Hash Batches": 1, "Original Hash Batches": 1, "Peak Memory Usage": 1214, "Plans": [{"Node Type": "Nested Loop", "Parent Relationship": "Outer", "Parallel Aware": false, "Join Type": "Inner", "Startup Cost": 1066.69, "Total Cost": 3028.32, "Plan Rows": 55920, "Plan Width": 16, "Actual Startup Time": 8.432, "Actual Total Time": 35.689, "Actual Rows": 14971, "Actual Loops": 1, "Output": ["p.id", "pl.postid", "ph.postid", "v.postid"], "Inner Unique": false, "Join Filter": "(p.id = v.postid)", "Rows Removed by Join Filter": 0, "Plans": [{"Node Type": "Nested Loop", "Parent Relationship": "Outer", "Parallel Aware": false, "Join Type": "Inner", "Startup Cost": 1066.39, "Total Cost": 2132.82, "Plan Rows": 1415, "Plan Width": 12, "Actual Startup Time": 8.406, "Actual Total Time": 21.411, "Actual Rows": 3332, "Actual Loops": 1, "Output": ["p.id", "pl.postid", "ph.postid"], "Inner Unique": false, "Plans": [{"Node Type": "Hash Join", "Parent Relationship": "Outer", "Parallel Aware": false, "Join Type": "Inner", "Startup Cost": 1066.1, "Total Cost": 1153.07, "Plan Rows": 1424, "Plan Width": 8, "Actual Startup Time": 8.374, "Actual Total Time": 9.954, "Actual Rows": 3332, "Actual Loops": 1, "Output": ["p.id", "pl.postid"], "Inner Unique": true, "Hash Cond": "(pl.postid = p.id)", "Plans": [{"Node Type": "Seq Scan", "Parent Relationship": "Outer", "Parallel Aware": false, "Relation Name": "postlinks", "Schema": "public", "Alias": "pl", "Startup Cost": 0.0, "Total Cost": 76.91, "Plan Rows": 3833, "Plan Width": 4, "Actual Startup Time": 0.013, "Actual Total Time": 0.655, "Actual Rows": 3833, "Actual Loops": 1, "Output": ["pl.id", "pl.creationdate", "pl.postid", "pl.relatedpostid", "pl.linktypeid"], "Filter": "(pl.creationdate <= '2014-08-04 21:30:11'::timestamp without time zone)", "Rows Removed by Filter": 0}, {"Node Type": "Hash", "Parent Relationship": "Inner", "Parallel Aware": false, "Startup Cost": 874.79, "Total Cost": 874.79, "Plan Rows": 15305, "Plan Width": 4, "Actual Startup Time": 8.3, "Actual Total Time": 8.302, "Actual Rows": 15292, "Actual Loops": 1, "Output": ["p.id"], "Hash Buckets": 16384, "Original Hash Buckets": 16384, "Hash Batches": 1, "Original Hash Batches": 1, "Peak Memory Usage": 666, "Plans": [{"Node Type": "Seq Scan", "Parent Relationship": "Outer", "Parallel Aware": false, "Relation Name": "posts", "Schema": "public", "Alias": "p", "Startup Cost": 0.0, "Total Cost": 874.79, "Plan Rows": 15305, "Plan Width": 4, "Actual Startup Time": 0.01, "Actual Total Time": 6.411, "Actual Rows": 15292, "Actual Loops": 1, "Output": ["p.id"], "Filter": "(p.answercount <= 3)", "Rows Removed by Filter": 25891}]}]}, {"Node Type": "Index Scan", "Parent Relationship": "Inner", "Parallel Aware": false, "Scan Direction": "Forward", "Index Name": "idx_posthistory_postid", "Relation Name": "posthistory", "Schema": "public", "Alias": "ph", "Startup Cost": 0.29, "Total Cost": 0.68, "Plan Rows": 1, "Plan Width": 4, "Actual Startup Time": 0.002, "Actual Total Time": 0.003, "Actual Rows": 1, "Actual Loops": 3332, "Output": ["ph.id", "ph.posthistorytypeid", "ph.postid", "ph.creationdate", "ph.userid"], "Index Cond": "(ph.postid = p.id)", "Rows Removed by Index Recheck": 0, "Filter": "(ph.posthistorytypeid = 2)", "Rows Removed by Filter": 5}]}, {"Node Type": "Index Scan", "Parent Relationship": "Inner", "Parallel Aware": false, "Scan Direction": "Forward", "Index Name": "idx_votes_postid", "Relation Name": "votes", "Schema": "public", "Alias": "v", "Startup Cost": 0.29, "Total Cost": 0.56, "Plan Rows": 6, "Plan Width": 4, "Actual Startup Time": 0.002, "Actual Total Time": 0.004, "Actual Rows": 4, "Actual Loops": 3332, "Output": ["v.id", "v.postid", "v.votetypeid", "v.creationdate", "v.userid", "v.bountyamount"], "Index Cond": "(v.postid = ph.postid)", "Rows Removed by Index Recheck": 0, "Filter": "((v.creationdate >= '2010-07-20 00:00:00'::timestamp without time zone) AND (v.creationdate <= '2014-09-12 00:00:00'::timestamp without time zone))", "Rows Removed by Filter": 0}]}]}]}]}, "Planning Time": 6.738, "Triggers": [], "Execution Time": 52.936}]
[{"Plan": {"Node Type": "Aggregate", "Strategy": "Plain", "Partial Mode": "Simple", "Parallel Aware": false, "Startup Cost": 4364.1, "Total Cost": 4364.11, "Plan Rows": 1, "Plan Width": 8, "Actual Startup Time": 56.693, "Actual Total Time": 56.701, "Actual Rows": 1, "Actual Loops": 1, "Output": ["count(*)"], "Plans": [{"Node Type": "Hash Join", "Parent Relationship": "Outer", "Parallel Aware": false, "Join Type": "Inner", "Startup Cost": 1864.55, "Total Cost": 3912.6, "Plan Rows": 180600, "Plan Width": 0, "Actual Startup Time": 18.503, "Actual Total Time": 48.041, "Actual Rows": 249588, "Actual Loops": 1, "Inner Unique": false, "Hash Cond": "(c.userid = u.id)", "Plans": [{"Node Type": "Seq Scan", "Parent Relationship": "Outer", "Parallel Aware": false, "Relation Name": "comments", "Schema": "public", "Alias": "c", "Startup Cost": 0.0, "Total Cost": 1574.96, "Plan Rows": 60002, "Plan Width": 4, "Actual Startup Time": 0.018, "Actual Total Time": 8.931, "Actual Rows": 60206, "Actual Loops": 1, "Output": ["c.id", "c.postid", "c.score", "c.creationdate", "c.userid"], "Filter": "(c.score = 0)", "Rows Removed by Filter": 19151}, {"Node Type": "Hash", "Parent Relationship": "Inner", "Parallel Aware": false, "Startup Cost": 1785.29, "Total Cost": 1785.29, "Plan Rows": 6341, "Plan Width": 8, "Actual Startup Time": 18.394, "Actual Total Time": 18.399, "Actual Rows": 6198, "Actual Loops": 1, "Output": ["p.owneruserid", "u.id"], "Hash Buckets": 8192, "Original Hash Buckets": 8192, "Hash Batches": 1, "Original Hash Batches": 1, "Peak Memory Usage": 307, "Plans": [{"Node Type": "Hash Join", "Parent Relationship": "Outer", "Parallel Aware": false, "Join Type": "Inner", "Startup Cost": 481.41, "Total Cost": 1785.29, "Plan Rows": 6341, "Plan Width": 8, "Actual Startup Time": 7.473, "Actual Total Time": 17.294, "Actual Rows": 6198, "Actual Loops": 1, "Output": ["p.owneruserid", "u.id"], "Inner Unique": true, "Hash Cond": "(p.owneruserid = u.id)", "Plans": [{"Node Type": "Seq Scan", "Parent Relationship": "Outer", "Parallel Aware": false, "Relation Name": "posts", "Schema": "public", "Alias": "p", "Startup Cost": 0.0, "Total Cost": 1286.62, "Plan Rows": 6574, "Plan Width": 4, "Actual Startup Time": 0.259, "Actual Total Time": 8.474, "Actual Rows": 6623, "Actual Loops": 1, "Output": ["p.id", "p.posttypeid", "p.creationdate", "p.score", "p.viewcount", "p.owneruserid", "p.answercount", "p.commentcount", "p.favoritecount", "p.lasteditoruserid"], "Filter": "((p.commentcount >= 0) AND (p.commentcount <= 10) AND (p.favoritecount >= 0) AND (p.favoritecount <= 7) AND (p.creationdate >= '2010-07-28 18:05:11'::timestamp without time zone))", "Rows Removed by Filter": 34560}, {"Node Type": "Hash", "Parent Relationship": "Inner", "Parallel Aware": false, "Startup Cost": 296.69, "Total Cost": 296.69, "Plan Rows": 14778, "Plan Width": 4, "Actual Startup Time": 7.112, "Actual Total Time": 7.114, "Actual Rows": 14762, "Actual Loops": 1, "Output": ["u.id"], "Hash Buckets": 16384, "Original Hash Buckets": 16384, "Hash Batches": 1, "Original Hash Batches": 1, "Peak Memory Usage": 647, "Plans": [{"Node Type": "Seq Scan", "Parent Relationship": "Outer", "Parallel Aware": false, "Relation Name": "users", "Schema": "public", "Alias": "u", "Startup Cost": 0.0, "Total Cost": 296.69, "Plan Rows": 14778, "Plan Width": 4, "Actual Startup Time": 0.052, "Actual Total Time": 4.031, "Actual Rows": 14762, "Actual Loops": 1, "Output": ["u.id"], "Filter": "(u.creationdate >= '2010-07-20 07:04:04'::timestamp without time zone)", "Rows Removed by Filter": 173}]}]}]}]}]}, "Planning Time": 2.187, "Triggers": [], "Execution Time": 56.854}]#####[{"Plan": {"Node Type": "Aggregate", "Strategy": "Plain", "Partial Mode": "Simple", "Parallel Aware": false, "Startup Cost": 6929.89, "Total Cost": 6929.9, "Plan Rows": 1, "Plan Width": 8, "Actual Startup Time": 107.072, "Actual Total Time": 107.078, "Actual Rows": 1, "Actual Loops": 1, "Output": ["count(*)"], "Plans": [{"Node Type": "Nested Loop", "Parent Relationship": "Outer", "Parallel Aware": false, "Join Type": "Inner", "Startup Cost": 481.71, "Total Cost": 2414.87, "Plan Rows": 1806005, "Plan Width": 0, "Actual Startup Time": 3.429, "Actual Total Time": 97.756, "Actual Rows": 249588, "Actual Loops": 1, "Inner Unique": false, "Plans": [{"Node Type": "Hash Join", "Parent Relationship": "Outer", "Parallel Aware": false, "Join Type": "Inner", "Startup Cost": 481.41, "Total Cost": 1785.29, "Plan Rows": 634, "Plan Width": 8, "Actual Startup Time": 3.406, "Actual Total Time": 11.093, "Actual Rows": 6198, "Actual Loops": 1, "Output": ["p.owneruserid", "u.id"], "Inner Unique": true, "Hash Cond": "(p.owneruserid = u.id)", "Plans": [{"Node Type": "Seq Scan", "Parent Relationship": "Outer", "Parallel Aware": false, "Relation Name": "posts", "Schema": "public", "Alias": "p", "Startup Cost": 0.0, "Total Cost": 1286.62, "Plan Rows": 6574, "Plan Width": 4, "Actual Startup Time": 0.126, "Actual Total Time": 5.966, "Actual Rows": 6623, "Actual Loops": 1, "Output": ["p.id", "p.posttypeid", "p.creationdate", "p.score", "p.viewcount", "p.owneruserid", "p.answercount", "p.commentcount", "p.favoritecount", "p.lasteditoruserid"], "Filter": "((p.commentcount >= 0) AND (p.commentcount <= 10) AND (p.favoritecount >= 0) AND (p.favoritecount <= 7) AND (p.creationdate >= '2010-07-28 18:05:11'::timestamp without time zone))", "Rows Removed by Filter": 34560}, {"Node Type": "Hash", "Parent Relationship": "Inner", "Parallel Aware": false, "Startup Cost": 296.69, "Total Cost": 296.69, "Plan Rows": 14778, "Plan Width": 4, "Actual Startup Time": 3.217, "Actual Total Time": 3.217, "Actual Rows": 14762, "Actual Loops": 1, "Output": ["u.id"], "Hash Buckets": 16384, "Original Hash Buckets": 16384, "Hash Batches": 1, "Original Hash Batches": 1, "Peak Memory Usage": 647, "Plans": [{"Node Type": "Seq Scan", "Parent Relationship": "Outer", "Parallel Aware": false, "Relation Name": "users", "Schema": "public", "Alias": "u", "Startup Cost": 0.0, "Total Cost": 296.69, "Plan Rows": 14778, "Plan Width": 4, "Actual Startup Time": 0.026, "Actual Total Time": 1.91, "Actual Rows": 14762, "Actual Loops": 1, "Output": ["u.id"], "Filter": "(u.creationdate >= '2010-07-20 07:04:04'::timestamp without time zone)", "Rows Removed by Filter": 173}]}]}, {"Node Type": "Index Scan", "Parent Relationship": "Inner", "Parallel Aware": false, "Scan Direction": "Forward", "Index Name": "idx_comments_userid", "Relation Name": "comments", "Schema": "public", "Alias": "c", "Startup Cost": 0.29, "Total Cost": 0.85, "Plan Rows": 14, "Plan Width": 4, "Actual Startup Time": 0.001, "Actual Total Time": 0.012, "Actual Rows": 40, "Actual Loops": 6198, "Output": ["c.id", "c.postid", "c.score", "c.creationdate", "c.userid"], "Index Cond": "(c.userid = u.id)", "Rows Removed by Index Recheck": 0, "Filter": "(c.score = 0)", "Rows Removed by Filter": 11}]}]}, "Planning Time": 1.049, "Triggers": [], "Execution Time": 107.153}]
[{"Plan": {"Node Type": "Aggregate", "Strategy": "Plain", "Partial Mode": "Simple", "Parallel Aware": false, "Startup Cost": 5261.23, "Total Cost": 5261.24, "Plan Rows": 1, "Plan Width": 8, "Actual Startup Time": 105.334, "Actual Total Time": 105.346, "Actual Rows": 1, "Actual Loops": 1, "Output": ["count(*)"], "Plans": [{"Node Type": "Hash Join", "Parent Relationship": "Outer", "Parallel Aware": false, "Join Type": "Inner", "Startup Cost": 4173.19, "Total Cost": 5148.09, "Plan Rows": 45257, "Plan Width": 0, "Actual Startup Time": 33.395, "Actual Total Time": 81.72, "Actual Rows": 701011, "Actual Loops": 1, "Inner Unique": false, "Hash Cond": "(b.userid = u.id)", "Plans": [{"Node Type": "Seq Scan", "Parent Relationship": "Outer", "Parallel Aware": false, "Relation Name": "badges", "Schema": "public", "Alias": "b", "Startup Cost": 0.0, "Total Cost": 584.8, "Plan Rows": 32496, "Plan Width": 4, "Actual Startup Time": 0.028, "Actual Total Time": 2.963, "Actual Rows": 32474, "Actual Loops": 1, "Output": ["b.id", "b.userid", "b.date"], "Filter": "(b.date >= '2010-07-19 20:39:07'::timestamp without time zone)", "Rows Removed by Filter": 150}, {"Node Type": "Hash", "Parent Relationship": "Inner", "Parallel Aware": false, "Startup Cost": 4019.09, "Total Cost": 4019.09, "Plan Rows": 12328, "Plan Width": 8, "Actual Startup Time": 33.259, "Actual Total Time": 33.269, "Actual Rows": 48503, "Actual Loops": 1, "Output": ["p.lasteditoruserid", "u.id"], "Hash Buckets": 65536, "Original Hash Buckets": 16384, "Hash Batches": 1, "Original Hash Batches": 1, "Peak Memory Usage": 2407, "Plans": [{"Node Type": "Nested Loop", "Parent Relationship": "Outer", "Parallel Aware": false, "Join Type": "Inner", "Startup Cost": 1751.59, "Total Cost": 4019.09, "Plan Rows": 12328, "Plan Width": 8, "Actual Startup Time": 17.374, "Actual Total Time": 28.334, "Actual Rows": 48503, "Actual Loops": 1, "Output": ["p.lasteditoruserid", "u.id"], "Inner Unique": false, "Plans": [{"Node Type": "Nested Loop", "Parent Relationship": "Outer", "Parallel Aware": false, "Join Type": "Inner", "Startup Cost": 1751.3, "Total Cost": 2523.54, "Plan Rows": 3091, "Plan Width": 20, "Actual Startup Time": 17.356, "Actual Total Time": 20.027, "Actual Rows": 2673, "Actual Loops": 1, "Output": ["c.postid", "p.id", "p.lasteditoruserid", "pl.relatedpostid", "u.id"], "Inner Unique": false, "Plans": [{"Node Type": "Hash Join", "Parent Relationship": "Outer", "Parallel Aware": false, "Join Type": "Inner", "Startup Cost": 1751.01, "Total Cost": 1856.37, "Plan Rows": 1604, "Plan Width": 16, "Actual Startup Time": 17.328, "Actual Total Time": 18.263, "Actual Rows": 732, "Actual Loops": 1, "Output": ["p.id", "p.lasteditoruserid", "pl.relatedpostid", "u.id"], "Inner Unique": false, "Hash Cond": "(pl.relatedpostid = p.id)", "Plans": [{"Node Type": "Seq Scan", "Parent Relationship": "Outer", "Parallel Aware": false, "Relation Name": "postlinks", "Schema": "public", "Alias": "pl", "Startup Cost": 0.0, "Total Cost": 76.91, "Plan Rows": 3311, "Plan Width": 4, "Actual Startup Time": 0.075, "Actual Total Time": 0.529, "Actual Rows": 3313, "Actual Loops": 1, "Output": ["pl.id", "pl.creationdate", "pl.postid", "pl.relatedpostid", "pl.linktypeid"], "Filter": "(pl.creationdate >= '2011-04-28 15:08:53'::timestamp without time zone)", "Rows Removed by Filter": 520}, {"Node Type": "Hash", "Parent Relationship": "Inner", "Parallel Aware": false, "Startup Cost": 1501.59, "Total Cost": 1501.59, "Plan Rows": 19953, "Plan Width": 12, "Actual Startup Time": 17.119, "Actual Total Time": 17.123, "Actual Rows": 6982, "Actual Loops": 1, "Output": ["p.id", "p.lasteditoruserid", "u.id"], "Hash Buckets": 32768, "Original Hash Buckets": 32768, "Hash Batches": 1, "Original Hash Batches": 1, "Peak Memory Usage": 557, "Plans": [{"Node Type": "Hash Join", "Parent Relationship": "Outer", "Parallel Aware": false, "Join Type": "Inner", "Startup Cost": 519.76, "Total Cost": 1501.59, "Plan Rows": 19953, "Plan Width": 12, "Actual Startup Time": 5.29, "Actual Total Time": 15.903, "Actual Rows": 6982, "Actual Loops": 1, "Output": ["p.id", "p.lasteditoruserid", "u.id"], "Inner Unique": true, "Hash Cond": "(p.lasteditoruserid = u.id)", "Plans": [{"Node Type": "Seq Scan", "Parent Relationship": "Outer", "Parallel Aware": false, "Relation Name": "posts", "Schema": "public", "Alias": "p", "Startup Cost": 0.0, "Total Cost": 874.79, "Plan Rows": 40774, "Plan Width": 8, "Actual Startup Time": 0.015, "Actual Total Time": 6.04, "Actual Rows": 41160, "Actual Loops": 1, "Output": ["p.id", "p.posttypeid", "p.creationdate", "p.score", "p.viewcount", "p.owneruserid", "p.answercount", "p.commentcount", "p.favoritecount", "p.lasteditoruserid"], "Filter": "(p.creationdate >= '2010-07-19 19:12:12'::timestamp without time zone)", "Rows Removed by Filter": 23}, {"Node Type": "Hash", "Parent Relationship": "Inner", "Parallel Aware": false, "Startup Cost": 334.02, "Total Cost": 334.02, "Plan Rows": 14859, "Plan Width": 4, "Actual Startup Time": 5.202, "Actual Total Time": 5.204, "Actual Rows": 14859, "Actual Loops": 1, "Output": ["u.id"], "Hash Buckets": 16384, "Original Hash Buckets": 16384, "Hash Batches": 1, "Original Hash Batches": 1, "Peak Memory Usage": 651, "Plans": [{"Node Type": "Seq Scan", "Parent Relationship": "Outer", "Parallel Aware": false, "Relation Name": "users", "Schema": "public", "Alias": "u", "Startup Cost": 0.0, "Total Cost": 334.02, "Plan Rows": 14859, "Plan Width": 4, "Actual Startup Time": 0.009, "Actual Total Time": 3.067, "Actual Rows": 14859, "Actual Loops": 1, "Output": ["u.id"], "Filter": "((u.upvotes >= 0) AND (u.upvotes <= 444))", "Rows Removed by Filter": 76}]}]}]}]}, {"Node Type": "Index Only Scan", "Parent Relationship": "Inner", "Parallel Aware": false, "Scan Direction": "Forward", "Index Name": "idx_comments_postid", "Relation Name": "comments", "Schema": "public", "Alias": "c", "Startup Cost": 0.29, "Total Cost": 0.38, "Plan Rows": 4, "Plan Width": 4, "Actual Startup Time": 0.002, "Actual Total Time": 0.002, "Actual Rows": 4, "Actual Loops": 732, "Output": ["c.postid"], "Index Cond": "(c.postid = p.id)", "Rows Removed by Index Recheck": 0, "Heap Fetches": 0}]}, {"Node Type": "Index Only Scan", "Parent Relationship": "Inner", "Parallel Aware": false, "Scan Direction": "Forward", "Index Name": "idx_votes_postid", "Relation Name": "votes", "Schema": "public", "Alias": "v", "Startup Cost": 0.29, "Total Cost": 0.42, "Plan Rows": 6, "Plan Width": 4, "Actual Startup Time": 0.001, "Actual Total Time": 0.002, "Actual Rows": 18, "Actual Loops": 2673, "Output": ["v.postid"], "Index Cond": "(v.postid = p.id)", "Rows Removed by Index Recheck": 0, "Heap Fetches": 0}]}]}]}]}, "Planning Time": 5.914, "Triggers": [], "Execution Time": 105.59}]#####[{"Plan": {"Node Type": "Aggregate", "Strategy": "Plain", "Partial Mode": "Simple", "Parallel Aware": false, "Startup Cost": 5653.01, "Total Cost": 5653.02, "Plan Rows": 1, "Plan Width": 8, "Actual Startup Time": 290.996, "Actual Total Time": 291.004, "Actual Rows": 1, "Actual Loops": 1, "Output": ["count(*)"], "Plans": [{"Node Type": "Nested Loop", "Parent Relationship": "Outer", "Parallel Aware": false, "Join Type": "Inner", "Startup Cost": 1751.88, "Total Cost": 4521.57, "Plan Rows": 452578, "Plan Width": 0, "Actual Startup Time": 14.013, "Actual Total Time": 264.227, "Actual Rows": 701011, "Actual Loops": 1, "Inner Unique": false, "Join Filter": "(u.id = b.userid)", "Rows Removed by Join Filter": 0, "Plans": [{"Node Type": "Nested Loop", "Parent Relationship": "Outer", "Parallel Aware": false, "Join Type": "Inner", "Startup Cost": 1751.59, "Total Cost": 4019.09, "Plan Rows": 1232, "Plan Width": 8, "Actual Startup Time": 13.99, "Actual Total Time": 27.015, "Actual Rows": 48503, "Actual Loops": 1, "Output": ["p.lasteditoruserid", "u.id"], "Inner Unique": false, "Plans": [{"Node Type": "Nested Loop", "Parent Relationship": "Outer", "Parallel Aware": false, "Join Type": "Inner", "Startup Cost": 1751.3, "Total Cost": 2523.54, "Plan Rows": 3091, "Plan Width": 20, "Actual Startup Time": 13.973, "Actual Total Time": 16.977, "Actual Rows": 2673, "Actual Loops": 1, "Output": ["c.postid", "p.id", "p.lasteditoruserid", "pl.relatedpostid", "u.id"], "Inner Unique": false, "Plans": [{"Node Type": "Hash Join", "Parent Relationship": "Outer", "Parallel Aware": false, "Join Type": "Inner", "Startup Cost": 1751.01, "Total Cost": 1856.37, "Plan Rows": 1604, "Plan Width": 16, "Actual Startup Time": 13.947, "Actual Total Time": 15.021, "Actual Rows": 732, "Actual Loops": 1, "Output": ["p.id", "p.lasteditoruserid", "pl.relatedpostid", "u.id"], "Inner Unique": false, "Hash Cond": "(pl.relatedpostid = p.id)", "Plans": [{"Node Type": "Seq Scan", "Parent Relationship": "Outer", "Parallel Aware": false, "Relation Name": "postlinks", "Schema": "public", "Alias": "pl", "Startup Cost": 0.0, "Total Cost": 76.91, "Plan Rows": 3311, "Plan Width": 4, "Actual Startup Time": 0.051, "Actual Total Time": 0.498, "Actual Rows": 3313, "Actual Loops": 1, "Output": ["pl.id", "pl.creationdate", "pl.postid", "pl.relatedpostid", "pl.linktypeid"], "Filter": "(pl.creationdate >= '2011-04-28 15:08:53'::timestamp without time zone)", "Rows Removed by Filter": 520}, {"Node Type": "Hash", "Parent Relationship": "Inner", "Parallel Aware": false, "Startup Cost": 1501.59, "Total Cost": 1501.59, "Plan Rows": 19953, "Plan Width": 12, "Actual Startup Time": 13.77, "Actual Total Time": 13.775, "Actual Rows": 6982, "Actual Loops": 1, "Output": ["p.id", "p.lasteditoruserid", "u.id"], "Hash Buckets": 32768, "Original Hash Buckets": 32768, "Hash Batches": 1, "Original Hash Batches": 1, "Peak Memory Usage": 557, "Plans": [{"Node Type": "Hash Join", "Parent Relationship": "Outer", "Parallel Aware": false, "Join Type": "Inner", "Startup Cost": 519.76, "Total Cost": 1501.59, "Plan Rows": 19953, "Plan Width": 12, "Actual Startup Time": 3.635, "Actual Total Time": 12.684, "Actual Rows": 6982, "Actual Loops": 1, "Output": ["p.id", "p.lasteditoruserid", "u.id"], "Inner Unique": true, "Hash Cond": "(p.lasteditoruserid = u.id)", "Plans": [{"Node Type": "Seq Scan", "Parent Relationship": "Outer", "Parallel Aware": false, "Relation Name": "posts", "Schema": "public", "Alias": "p", "Startup Cost": 0.0, "Total Cost": 874.79, "Plan Rows": 40774, "Plan Width": 8, "Actual Startup Time": 0.007, "Actual Total Time": 5.248, "Actual Rows": 41160, "Actual Loops": 1, "Output": ["p.id", "p.posttypeid", "p.creationdate", "p.score", "p.viewcount", "p.owneruserid", "p.answercount", "p.commentcount", "p.favoritecount", "p.lasteditoruserid"], "Filter": "(p.creationdate >= '2010-07-19 19:12:12'::timestamp without time zone)", "Rows Removed by Filter": 23}, {"Node Type": "Hash", "Parent Relationship": "Inner", "Parallel Aware": false, "Startup Cost": 334.02, "Total Cost": 334.02, "Plan Rows": 14859, "Plan Width": 4, "Actual Startup Time": 3.576, "Actual Total Time": 3.577, "Actual Rows": 14859, "Actual Loops": 1, "Output": ["u.id"], "Hash Buckets": 16384, "Original Hash Buckets": 16384, "Hash Batches": 1, "Original Hash Batches": 1, "Peak Memory Usage": 651, "Plans": [{"Node Type": "Seq Scan", "Parent Relationship": "Outer", "Parallel Aware": false, "Relation Name": "users", "Schema": "public", "Alias": "u", "Startup Cost": 0.0, "Total Cost": 334.02, "Plan Rows": 14859, "Plan Width": 4, "Actual Startup Time": 0.006, "Actual Total Time": 2.158, "Actual Rows": 14859, "Actual Loops": 1, "Output": ["u.id"], "Filter": "((u.upvotes >= 0) AND (u.upvotes <= 444))", "Rows Removed by Filter": 76}]}]}]}]}, {"Node Type": "Index Only Scan", "Parent Relationship": "Inner", "Parallel Aware": false, "Scan Direction": "Forward", "Index Name": "idx_comments_postid", "Relation Name": "comments", "Schema": "public", "Alias": "c", "Startup Cost": 0.29, "Total Cost": 0.38, "Plan Rows": 4, "Plan Width": 4, "Actual Startup Time": 0.002, "Actual Total Time": 0.002, "Actual Rows": 4, "Actual Loops": 732, "Output": ["c.postid"], "Index Cond": "(c.postid = p.id)", "Rows Removed by Index Recheck": 0, "Heap Fetches": 0}]}, {"Node Type": "Index Only Scan", "Parent Relationship": "Inner", "Parallel Aware": false, "Scan Direction": "Forward", "Index Name": "idx_votes_postid", "Relation Name": "votes", "Schema": "public", "Alias": "v", "Startup Cost": 0.29, "Total Cost": 0.42, "Plan Rows": 6, "Plan Width": 4, "Actual Startup Time": 0.001, "Actual Total Time": 0.003, "Actual Rows": 18, "Actual Loops": 2673, "Output": ["v.postid"], "Index Cond": "(v.postid = p.id)", "Rows Removed by Index Recheck": 0, "Heap Fetches": 0}]}, {"Node Type": "Index Scan", "Parent Relationship": "Inner", "Parallel Aware": false, "Scan Direction": "Forward", "Index Name": "idx_badges_userid", "Relation Name": "badges", "Schema": "public", "Alias": "b", "Startup Cost": 0.29, "Total Cost": 0.37, "Plan Rows": 3, "Plan Width": 4, "Actual Startup Time": 0.001, "Actual Total Time": 0.004, "Actual Rows": 14, "Actual Loops": 48503, "Output": ["b.id", "b.userid", "b.date"], "Index Cond": "(b.userid = p.lasteditoruserid)", "Rows Removed by Index Recheck": 0, "Filter": "(b.date >= '2010-07-19 20:39:07'::timestamp without time zone)", "Rows Removed by Filter": 0}]}]}, "Planning Time": 2.934, "Triggers": [], "Execution Time": 291.161}]#####[{"Plan": {"Node Type": "Aggregate", "Strategy": "Plain", "Partial Mode": "Simple", "Parallel Aware": false, "Startup Cost": 8265.19, "Total Cost": 8265.2, "Plan Rows": 1, "Plan Width": 8, "Actual Startup Time": 145.815, "Actual Total Time": 145.826, "Actual Rows": 1, "Actual Loops": 1, "Output": ["count(*)"], "Plans": [{"Node Type": "Hash Join", "Parent Relationship": "Outer", "Parallel Aware": false, "Join Type": "Inner", "Startup Cost": 4813.51, "Total Cost": 7133.75, "Plan Rows": 452578, "Plan Width": 0, "Actual Startup Time": 45.593, "Actual Total Time": 122.369, "Actual Rows": 701011, "Actual Loops": 1, "Inner Unique": false, "Hash Cond": "(p.lasteditoruserid = u.id)", "Plans": [{"Node Type": "Hash Join", "Parent Relationship": "Outer", "Parallel Aware": false, "Join Type": "Inner", "Startup Cost": 3219.49, "Total Cost": 5145.54, "Plan Rows": 25191, "Plan Width": 4, "Actual Startup Time": 31.079, "Actual Total Time": 57.661, "Actual Rows": 193049, "Actual Loops": 1, "Output": ["p.lasteditoruserid"], "Inner Unique": false, "Hash Cond": "(c.postid = p.id)", "Plans": [{"Node Type": "Seq Scan", "Parent Relationship": "Outer", "Parallel Aware": false, "Relation Name": "comments", "Schema": "public", "Alias": "c", "Startup Cost": 0.0, "Total Cost": 1376.57, "Plan Rows": 79357, "Plan Width": 4, "Actual Startup Time": 0.007, "Actual Total Time": 4.295, "Actual Rows": 79357, "Actual Loops": 1, "Output": ["c.id", "c.postid", "c.score", "c.creationdate", "c.userid"]}, {"Node Type": "Hash", "Parent Relationship": "Inner", "Parallel Aware": false, "Startup Cost": 3056.09, "Total Cost": 3056.09, "Plan Rows": 13072, "Plan Width": 16, "Actual Startup Time": 31.011, "Actual Total Time": 31.016, "Actual Rows": 59015, "Actual Loops": 1, "Output": ["p.id", "p.lasteditoruserid", "pl.relatedpostid", "v.postid"], "Hash Buckets": 65536, "Original Hash Buckets": 16384, "Hash Batches": 1, "Original Hash Batches": 1, "Peak Memory Usage": 3250, "Plans": [{"Node Type": "Nested Loop", "Parent Relationship": "Outer", "Parallel Aware": false, "Join Type": "Inner", "Startup Cost": 1384.76, "Total Cost": 3056.09, "Plan Rows": 13072, "Plan Width": 16, "Actual Startup Time": 11.477, "Actual Total Time": 24.238, "Actual Rows": 59015, "Actual Loops": 1, "Output": ["p.id", "p.lasteditoruserid", "pl.relatedpostid", "v.postid"], "Inner Unique": false, "Plans": [{"Node Type": "Hash Join", "Parent Relationship": "Outer", "Parallel Aware": false, "Join Type": "Inner", "Startup Cost": 1384.46, "Total Cost": 1470.07, "Plan Rows": 3278, "Plan Width": 12, "Actual Startup Time": 11.451, "Actual Total Time": 12.815, "Actual Rows": 3313, "Actual Loops": 1, "Output": ["p.id", "p.lasteditoruserid", "pl.relatedpostid"], "Inner Unique": true, "Hash Cond": "(pl.relatedpostid = p.id)", "Plans": [{"Node Type": "Seq Scan", "Parent Relationship": "Outer", "Parallel Aware": false, "Relation Name": "postlinks", "Schema": "public", "Alias": "pl", "Startup Cost": 0.0, "Total Cost": 76.91, "Plan Rows": 3311, "Plan Width": 4, "Actual Startup Time": 0.046, "Actual Total Time": 0.603, "Actual Rows": 3313, "Actual Loops": 1, "Output": ["pl.id", "pl.creationdate", "pl.postid", "pl.relatedpostid", "pl.linktypeid"], "Filter": "(pl.creationdate >= '2011-04-28 15:08:53'::timestamp without time zone)", "Rows Removed by Filter": 520}, {"Node Type": "Hash", "Parent Relationship": "Inner", "Parallel Aware": false, "Startup Cost": 874.79, "Total Cost": 874.79, "Plan Rows": 40774, "Plan Width": 8, "Actual Startup Time": 11.23, "Actual Total Time": 11.231, "Actual Rows": 41160, "Actual Loops": 1, "Output": ["p.id", "p.lasteditoruserid"], "Hash Buckets": 65536, "Original Hash Buckets": 65536, "Hash Batches": 1, "Original Hash Batches": 1, "Peak Memory Usage": 2039, "Plans": [{"Node Type": "Seq Scan", "Parent Relationship": "Outer", "Parallel Aware": false, "Relation Name": "posts", "Schema": "public", "Alias": "p", "Startup Cost": 0.0, "Total Cost": 874.79, "Plan Rows": 40774, "Plan Width": 8, "Actual Startup Time": 0.007, "Actual Total Time": 6.902, "Actual Rows": 41160, "Actual Loops": 1, "Output": ["p.id", "p.lasteditoruserid"], "Filter": "(p.creationdate >= '2010-07-19 19:12:12'::timestamp without time zone)", "Rows Removed by Filter": 23}]}]}, {"Node Type": "Index Only Scan", "Parent Relationship": "Inner", "Parallel Aware": false, "Scan Direction": "Forward", "Index Name": "idx_votes_postid", "Relation Name": "votes", "Schema": "public", "Alias": "v", "Startup Cost": 0.29, "Total Cost": 0.42, "Plan Rows": 6, "Plan Width": 4, "Actual Startup Time": 0.001, "Actual Total Time": 0.002, "Actual Rows": 18, "Actual Loops": 3313, "Output": ["v.postid"], "Index Cond": "(v.postid = p.id)", "Rows Removed by Index Recheck": 0, "Heap Fetches": 0}]}]}]}, {"Node Type": "Hash", "Parent Relationship": "Inner", "Parallel Aware": false, "Startup Cost": 1189.89, "Total Cost": 1189.89, "Plan Rows": 32331, "Plan Width": 8, "Actual Startup Time": 14.234, "Actual Total Time": 14.236, "Actual Rows": 28966, "Actual Loops": 1, "Output": ["b.userid", "u.id"], "Hash Buckets": 32768, "Original Hash Buckets": 32768, "Hash Batches": 1, "Original Hash Batches": 1, "Peak Memory Usage": 1388, "Plans": [{"Node Type": "Hash Join", "Parent Relationship": "Outer", "Parallel Aware": false, "Join Type": "Inner", "Startup Cost": 519.76, "Total Cost": 1189.89, "Plan Rows": 32331, "Plan Width": 8, "Actual Startup Time": 3.564, "Actual Total Time": 11.184, "Actual Rows": 28966, "Actual Loops": 1, "Output": ["b.userid", "u.id"], "Inner Unique": true, "Hash Cond": "(b.userid = u.id)", "Plans": [{"Node Type": "Seq Scan", "Parent Relationship": "Outer", "Parallel Aware": false, "Relation Name": "badges", "Schema": "public", "Alias": "b", "Startup Cost": 0.0, "Total Cost": 584.8, "Plan Rows": 32496, "Plan Width": 4, "Actual Startup Time": 0.022, "Actual Total Time": 3.586, "Actual Rows": 32474, "Actual Loops": 1, "Output": ["b.id", "b.userid", "b.date"], "Filter": "(b.date >= '2010-07-19 20:39:07'::timestamp without time zone)", "Rows Removed by Filter": 150}, {"Node Type": "Hash", "Parent Relationship": "Inner", "Parallel Aware": false, "Startup Cost": 334.02, "Total Cost": 334.02, "Plan Rows": 14859, "Plan Width": 4, "Actual Startup Time": 3.492, "Actual Total Time": 3.493, "Actual Rows": 14859, "Actual Loops": 1, "Output": ["u.id"], "Hash Buckets": 16384, "Original Hash Buckets": 16384, "Hash Batches": 1, "Original Hash Batches": 1, "Peak Memory Usage": 651, "Plans": [{"Node Type": "Seq Scan", "Parent Relationship": "Outer", "Parallel Aware": false, "Relation Name": "users", "Schema": "public", "Alias": "u", "Startup Cost": 0.0, "Total Cost": 334.02, "Plan Rows": 14859, "Plan Width": 4, "Actual Startup Time": 0.007, "Actual Total Time": 2.129, "Actual Rows": 14859, "Actual Loops": 1, "Output": ["u.id"], "Filter": "((u.upvotes >= 0) AND (u.upvotes <= 444))", "Rows Removed by Filter": 76}]}]}]}]}]}, "Planning Time": 2.939, "Triggers": [], "Execution Time": 146.09}]
[{"Plan": {"Node Type": "Aggregate", "Strategy": "Plain", "Partial Mode": "Simple", "Parallel Aware": false, "Startup Cost": 1405.26, "Total Cost": 1405.27, "Plan Rows": 1, "Plan Width": 8, "Actual Startup Time": 45.462, "Actual Total Time": 45.465, "Actual Rows": 1, "Actual Loops": 1, "Output": ["count(*)"], "Plans": [{"Node Type": "Merge Join", "Parent Relationship": "Outer", "Parallel Aware": false, "Join Type": "Inner", "Startup Cost": 0.87, "Total Cost": 1399.85, "Plan Rows": 2164, "Plan Width": 0, "Actual Startup Time": 12.578, "Actual Total Time": 44.164, "Actual Rows": 35754, "Actual Loops": 1, "Inner Unique": true, "Merge Cond": "(v.userid = u.id)", "Plans": [{"Node Type": "Merge Join", "Parent Relationship": "Outer", "Parallel Aware": false, "Join Type": "Inner", "Startup Cost": 0.58, "Total Cost": 5359.93, "Plan Rows": 237682, "Plan Width": 8, "Actual Startup Time": 0.532, "Actual Total Time": 34.491, "Actual Rows": 135789, "Actual Loops": 1, "Output": ["v.userid", "p.owneruserid"], "Inner Unique": false, "Merge Cond": "(p.owneruserid = v.userid)", "Plans": [{"Node Type": "Index Scan", "Parent Relationship": "Outer", "Parallel Aware": false, "Scan Direction": "Forward", "Index Name": "idx_posts_owneruserid", "Relation Name": "posts", "Schema": "public", "Alias": "p", "Startup Cost": 0.29, "Total Cost": 2213.03, "Plan Rows": 14736, "Plan Width": 4, "Actual Startup Time": 0.487, "Actual Total Time": 14.029, "Actual Rows": 14611, "Actual Loops": 1, "Output": ["p.id", "p.posttypeid", "p.creationdate", "p.score", "p.viewcount", "p.owneruserid", "p.answercount", "p.commentcount", "p.favoritecount", "p.lasteditoruserid"], "Filter": "((p.score <= 19) AND (p.viewcount <= 3199) AND (p.creationdate >= '2010-07-24 09:09:14'::timestamp without time zone) AND (p.creationdate <= '2014-09-05 12:13:54'::timestamp without time zone))", "Rows Removed by Filter": 25504}, {"Node Type": "Materialize", "Parent Relationship": "Inner", "Parallel Aware": false, "Startup Cost": 0.29, "Total Cost": 3458.37, "Plan Rows": 164233, "Plan Width": 4, "Actual Startup Time": 0.036, "Actual Total Time": 7.05, "Actual Rows": 139605, "Actual Loops": 1, "Output": ["v.userid"], "Plans": [{"Node Type": "Index Only Scan", "Parent Relationship": "Outer", "Parallel Aware": false, "Scan Direction": "Forward", "Index Name": "idx_votes_userid", "Relation Name": "votes", "Schema": "public", "Alias": "v", "Startup Cost": 0.29, "Total Cost": 3047.79, "Plan Rows": 164233, "Plan Width": 4, "Actual Startup Time": 0.028, "Actual Total Time": 1.073, "Actual Rows": 15606, "Actual Loops": 1, "Output": ["v.userid"], "Heap Fetches": 0}]}]}, {"Node Type": "Index Scan", "Parent Relationship": "Inner", "Parallel Aware": false, "Scan Direction": "Forward", "Index Name": "users_pkey", "Relation Name": "users", "Schema": "public", "Alias": "u", "Startup Cost": 0.29, "Total Cost": 583.99, "Plan Rows": 14390, "Plan Width": 4, "Actual Startup Time": 0.097, "Actual Total Time": 2.751, "Actual Rows": 14405, "Actual Loops": 1, "Output": ["u.id", "u.reputation", "u.creationdate", "u.views", "u.upvotes", "u.downvotes"], "Filter": "((u.views <= 146) AND (u.creationdate >= '2010-07-27 03:35:03'::timestamp without time zone))", "Rows Removed by Filter": 528}]}]}, "Planning Time": 1.678, "Triggers": [], "Execution Time": 45.586}]#####[{"Plan": {"Node Type": "Aggregate", "Strategy": "Plain", "Partial Mode": "Simple", "Parallel Aware": false, "Startup Cost": 28109.33, "Total Cost": 28109.34, "Plan Rows": 1, "Plan Width": 8, "Actual Startup Time": 28.275, "Actual Total Time": 28.278, "Actual Rows": 1, "Actual Loops": 1, "Output": ["count(*)"], "Plans": [{"Node Type": "Merge Join", "Parent Relationship": "Outer", "Parallel Aware": false, "Join Type": "Inner", "Startup Cost": 0.87, "Total Cost": 28055.2, "Plan Rows": 21649, "Plan Width": 0, "Actual Startup Time": 3.313, "Actual Total Time": 26.79, "Actual Rows": 35754, "Actual Loops": 1, "Inner Unique": false, "Merge Cond": "(p.owneruserid = v.userid)", "Plans": [{"Node Type": "Index Scan", "Parent Relationship": "Outer", "Parallel Aware": false, "Scan Direction": "Forward", "Index Name": "idx_posts_owneruserid", "Relation Name": "posts", "Schema": "public", "Alias": "p", "Startup Cost": 0.29, "Total Cost": 2213.03, "Plan Rows": 14736, "Plan Width": 4, "Actual Startup Time": 0.379, "Actual Total Time": 14.275, "Actual Rows": 14611, "Actual Loops": 1, "Output": ["p.id", "p.posttypeid", "p.creationdate", "p.score", "p.viewcount", "p.owneruserid", "p.answercount", "p.commentcount", "p.favoritecount", "p.lasteditoruserid"], "Filter": "((p.score <= 19) AND (p.viewcount <= 3199) AND (p.creationdate >= '2010-07-24 09:09:14'::timestamp without time zone) AND (p.creationdate <= '2014-09-05 12:13:54'::timestamp without time zone))", "Rows Removed by Filter": 25504}, {"Node Type": "Materialize", "Parent Relationship": "Inner", "Parallel Aware": false, "Startup Cost": 0.58, "Total Cost": 4836.49, "Plan Rows": 1495900, "Plan Width": 8, "Actual Startup Time": 0.346, "Actual Total Time": 8.189, "Actual Rows": 38859, "Actual Loops": 1, "Output": ["v.userid", "u.id"], "Plans": [{"Node Type": "Merge Join", "Parent Relationship": "Outer", "Parallel Aware": false, "Join Type": "Inner", "Startup Cost": 0.58, "Total Cost": 1096.74, "Plan Rows": 1495900, "Plan Width": 8, "Actual Startup Time": 0.341, "Actual Total Time": 5.811, "Actual Rows": 9284, "Actual Loops": 1, "Output": ["v.userid", "u.id"], "Inner Unique": true, "Merge Cond": "(v.userid = u.id)", "Plans": [{"Node Type": "Index Only Scan", "Parent Relationship": "Outer", "Parallel Aware": false, "Scan Direction": "Forward", "Index Name": "idx_votes_userid", "Relation Name": "votes", "Schema": "public", "Alias": "v", "Startup Cost": 0.29, "Total Cost": 3047.79, "Plan Rows": 164233, "Plan Width": 4, "Actual Startup Time": 0.019, "Actual Total Time": 1.15, "Actual Rows": 15606, "Actual Loops": 1, "Output": ["v.userid"], "Heap Fetches": 0}, {"Node Type": "Index Scan", "Parent Relationship": "Inner", "Parallel Aware": false, "Scan Direction": "Forward", "Index Name": "users_pkey", "Relation Name": "users", "Schema": "public", "Alias": "u", "Startup Cost": 0.29, "Total Cost": 583.99, "Plan Rows": 14390, "Plan Width": 4, "Actual Startup Time": 0.076, "Actual Total Time": 2.81, "Actual Rows": 14406, "Actual Loops": 1, "Output": ["u.id", "u.reputation", "u.creationdate", "u.views", "u.upvotes", "u.downvotes"], "Filter": "((u.views <= 146) AND (u.creationdate >= '2010-07-27 03:35:03'::timestamp without time zone))", "Rows Removed by Filter": 528}]}]}]}]}, "Planning Time": 2.66, "Triggers": [], "Execution Time": 28.378}]
[{"Plan": {"Node Type": "Aggregate", "Strategy": "Plain", "Partial Mode": "Simple", "Parallel Aware": false, "Startup Cost": 1238.69, "Total Cost": 1238.7, "Plan Rows": 1, "Plan Width": 8, "Actual Startup Time": 10.268, "Actual Total Time": 10.273, "Actual Rows": 1, "Actual Loops": 1, "Output": ["count(*)"], "Plans": [{"Node Type": "Nested Loop", "Parent Relationship": "Outer", "Parallel Aware": false, "Join Type": "Inner", "Startup Cost": 1085.16, "Total Cost": 1238.67, "Plan Rows": 6, "Plan Width": 0, "Actual Startup Time": 8.893, "Actual Total Time": 10.236, "Actual Rows": 614, "Actual Loops": 1, "Inner Unique": false, "Plans": [{"Node Type": "Nested Loop", "Parent Relationship": "Outer", "Parallel Aware": false, "Join Type": "Inner", "Startup Cost": 1084.88, "Total Cost": 1227.89, "Plan Rows": 28, "Plan Width": 8, "Actual Startup Time": 8.874, "Actual Total Time": 9.897, "Actual Rows": 66, "Actual Loops": 1, "Output": ["p.owneruserid", "u.id"], "Inner Unique": true, "Plans": [{"Node Type": "Hash Join", "Parent Relationship": "Outer", "Parallel Aware": false, "Join Type": "Inner", "Startup Cost": 1084.59, "Total Cost": 1161.98, "Plan Rows": 29, "Plan Width": 4, "Actual Startup Time": 8.852, "Actual Total Time": 9.516, "Actual Rows": 69, "Actual Loops": 1, "Output": ["p.owneruserid"], "Inner Unique": true, "Hash Cond": "(pl.relatedpostid = p.id)", "Plans": [{"Node Type": "Seq Scan", "Parent Relationship": "Outer", "Parallel Aware": false, "Relation Name": "postlinks", "Schema": "public", "Alias": "pl", "Startup Cost": 0.0, "Total Cost": 67.33, "Plan Rows": 3833, "Plan Width": 4, "Actual Startup Time": 0.014, "Actual Total Time": 0.268, "Actual Rows": 3833, "Actual Loops": 1, "Output": ["pl.id", "pl.creationdate", "pl.postid", "pl.relatedpostid", "pl.linktypeid"]}, {"Node Type": "Hash", "Parent Relationship": "Inner", "Parallel Aware": false, "Startup Cost": 1080.7, "Total Cost": 1080.7, "Plan Rows": 311, "Plan Width": 8, "Actual Startup Time": 8.779, "Actual Total Time": 8.779, "Actual Rows": 339, "Actual Loops": 1, "Output": ["p.id", "p.owneruserid"], "Hash Buckets": 1024, "Original Hash Buckets": 1024, "Hash Batches": 1, "Original Hash Batches": 1, "Peak Memory Usage": 22, "Plans": [{"Node Type": "Seq Scan", "Parent Relationship": "Outer", "Parallel Aware": false, "Relation Name": "posts", "Schema": "public", "Alias": "p", "Startup Cost": 0.0, "Total Cost": 1080.7, "Plan Rows": 311, "Plan Width": 8, "Actual Startup Time": 0.186, "Actual Total Time": 8.697, "Actual Rows": 339, "Actual Loops": 1, "Output": ["p.id", "p.owneruserid"], "Filter": "((p.creationdate >= '2010-07-26 21:13:43'::timestamp without time zone) AND (p.creationdate <= '2014-09-02 09:24:47'::timestamp without time zone) AND (p.favoritecount = 0))", "Rows Removed by Filter": 40844}]}]}, {"Node Type": "Index Scan", "Parent Relationship": "Inner", "Parallel Aware": false, "Scan Direction": "Forward", "Index Name": "users_pkey", "Relation Name": "users", "Schema": "public", "Alias": "u", "Startup Cost": 0.29, "Total Cost": 2.27, "Plan Rows": 1, "Plan Width": 4, "Actual Startup Time": 0.005, "Actual Total Time": 0.005, "Actual Rows": 1, "Actual Loops": 69, "Output": ["u.id", "u.reputation", "u.creationdate", "u.views", "u.upvotes", "u.downvotes"], "Index Cond": "(u.id = p.owneruserid)", "Rows Removed by Index Recheck": 0, "Filter": "(u.downvotes >= 0)", "Rows Removed by Filter": 0}]}, {"Node Type": "Index Only Scan", "Parent Relationship": "Inner", "Parallel Aware": false, "Scan Direction": "Forward", "Index Name": "idx_badges_userid", "Relation Name": "badges", "Schema": "public", "Alias": "b", "Startup Cost": 0.29, "Total Cost": 0.35, "Plan Rows": 3, "Plan Width": 4, "Actual Startup Time": 0.004, "Actual Total Time": 0.004, "Actual Rows": 9, "Actual Loops": 66, "Output": ["b.userid"], "Index Cond": "(b.userid = u.id)", "Rows Removed by Index Recheck": 0, "Heap Fetches": 0}]}]}, "Planning Time": 2.086, "Triggers": [], "Execution Time": 10.411}]#####[{"Plan": {"Node Type": "Aggregate", "Strategy": "Plain", "Partial Mode": "Simple", "Parallel Aware": false, "Startup Cost": 1218.97, "Total Cost": 1218.98, "Plan Rows": 1, "Plan Width": 8, "Actual Startup Time": 6.925, "Actual Total Time": 6.929, "Actual Rows": 1, "Actual Loops": 1, "Output": ["count(*)"], "Plans": [{"Node Type": "Nested Loop", "Parent Relationship": "Outer", "Parallel Aware": false, "Join Type": "Inner", "Startup Cost": 1085.16, "Total Cost": 1218.82, "Plan Rows": 61, "Plan Width": 0, "Actual Startup Time": 5.203, "Actual Total Time": 6.883, "Actual Rows": 614, "Actual Loops": 1, "Inner Unique": true, "Join Filter": "(p.owneruserid = u.id)", "Rows Removed by Join Filter": 0, "Plans": [{"Node Type": "Nested Loop", "Parent Relationship": "Outer", "Parallel Aware": false, "Join Type": "Inner", "Startup Cost": 1084.88, "Total Cost": 1193.6, "Plan Rows": 75, "Plan Width": 8, "Actual Startup Time": 5.191, "Actual Total Time": 6.031, "Actual Rows": 614, "Actual Loops": 1, "Output": ["p.owneruserid", "b.userid"], "Inner Unique": false, "Plans": [{"Node Type": "Hash Join", "Parent Relationship": "Outer", "Parallel Aware": false, "Join Type": "Inner", "Startup Cost": 1084.59, "Total Cost": 1161.98, "Plan Rows": 29, "Plan Width": 4, "Actual Startup Time": 5.169, "Actual Total Time": 5.721, "Actual Rows": 69, "Actual Loops": 1, "Output": ["p.owneruserid"], "Inner Unique": true, "Hash Cond": "(pl.relatedpostid = p.id)", "Plans": [{"Node Type": "Seq Scan", "Parent Relationship": "Outer", "Parallel Aware": false, "Relation Name": "postlinks", "Schema": "public", "Alias": "pl", "Startup Cost": 0.0, "Total Cost": 67.33, "Plan Rows": 3833, "Plan Width": 4, "Actual Startup Time": 0.008, "Actual Total Time": 0.216, "Actual Rows": 3833, "Actual Loops": 1, "Output": ["pl.id", "pl.creationdate", "pl.postid", "pl.relatedpostid", "pl.linktypeid"]}, {"Node Type": "Hash", "Parent Relationship": "Inner", "Parallel Aware": false, "Startup Cost": 1080.7, "Total Cost": 1080.7, "Plan Rows": 311, "Plan Width": 8, "Actual Startup Time": 5.125, "Actual Total Time": 5.126, "Actual Rows": 339, "Actual Loops": 1, "Output": ["p.id", "p.owneruserid"], "Hash Buckets": 1024, "Original Hash Buckets": 1024, "Hash Batches": 1, "Original Hash Batches": 1, "Peak Memory Usage": 22, "Plans": [{"Node Type": "Seq Scan", "Parent Relationship": "Outer", "Parallel Aware": false, "Relation Name": "posts", "Schema": "public", "Alias": "p", "Startup Cost": 0.0, "Total Cost": 1080.7, "Plan Rows": 311, "Plan Width": 8, "Actual Startup Time": 0.111, "Actual Total Time": 5.076, "Actual Rows": 339, "Actual Loops": 1, "Output": ["p.id", "p.owneruserid"], "Filter": "((p.creationdate >= '2010-07-26 21:13:43'::timestamp without time zone) AND (p.creationdate <= '2014-09-02 09:24:47'::timestamp without time zone) AND (p.favoritecount = 0))", "Rows Removed by Filter": 40844}]}]}, {"Node Type": "Index Only Scan", "Parent Relationship": "Inner", "Parallel Aware": false, "Scan Direction": "Forward", "Index Name": "idx_badges_userid", "Relation Name": "badges", "Schema": "public", "Alias": "b", "Startup Cost": 0.29, "Total Cost": 1.06, "Plan Rows": 3, "Plan Width": 4, "Actual Startup Time": 0.003, "Actual Total Time": 0.004, "Actual Rows": 9, "Actual Loops": 69, "Output": ["b.userid"], "Index Cond": "(b.userid = p.owneruserid)", "Rows Removed by Index Recheck": 0, "Heap Fetches": 0}]}, {"Node Type": "Index Scan", "Parent Relationship": "Inner", "Parallel Aware": false, "Scan Direction": "Forward", "Index Name": "users_pkey", "Relation Name": "users", "Schema": "public", "Alias": "u", "Startup Cost": 0.29, "Total Cost": 0.32, "Plan Rows": 1, "Plan Width": 4, "Actual Startup Time": 0.001, "Actual Total Time": 0.001, "Actual Rows": 1, "Actual Loops": 614, "Output": ["u.id", "u.reputation", "u.creationdate", "u.views", "u.upvotes", "u.downvotes"], "Index Cond": "(u.id = b.userid)", "Rows Removed by Index Recheck": 0, "Filter": "(u.downvotes >= 0)", "Rows Removed by Filter": 0}]}]}, "Planning Time": 1.526, "Triggers": [], "Execution Time": 7.024}]#####[{"Plan": {"Node Type": "Aggregate", "Strategy": "Plain", "Partial Mode": "Simple", "Parallel Aware": false, "Startup Cost": 1876.16, "Total Cost": 1876.17, "Plan Rows": 1, "Plan Width": 8, "Actual Startup Time": 9.48, "Actual Total Time": 9.485, "Actual Rows": 1, "Actual Loops": 1, "Output": ["count(*)"], "Plans": [{"Node Type": "Hash Join", "Parent Relationship": "Outer", "Parallel Aware": false, "Join Type": "Inner", "Startup Cost": 1568.25, "Total Cost": 1876.0, "Plan Rows": 61, "Plan Width": 0, "Actual Startup Time": 8.561, "Actual Total Time": 9.455, "Actual Rows": 614, "Actual Loops": 1, "Inner Unique": true, "Hash Cond": "(p.owneruserid = u.id)", "Plans": [{"Node Type": "Nested Loop", "Parent Relationship": "Outer", "Parallel Aware": false, "Join Type": "Inner", "Startup Cost": 1084.88, "Total Cost": 1193.6, "Plan Rows": 75800, "Plan Width": 8, "Actual Startup Time": 5.076, "Actual Total Time": 5.897, "Actual Rows": 614, "Actual Loops": 1, "Output": ["p.owneruserid", "b.userid"], "Inner Unique": false, "Plans": [{"Node Type": "Hash Join", "Parent Relationship": "Outer", "Parallel Aware": false, "Join Type": "Inner", "Startup Cost": 1084.59, "Total Cost": 1161.98, "Plan Rows": 29, "Plan Width": 4, "Actual Startup Time": 5.051, "Actual Total Time": 5.607, "Actual Rows": 69, "Actual Loops": 1, "Output": ["p.owneruserid"], "Inner Unique": true, "Hash Cond": "(pl.relatedpostid = p.id)", "Plans": [{"Node Type": "Seq Scan", "Parent Relationship": "Outer", "Parallel Aware": false, "Relation Name": "postlinks", "Schema": "public", "Alias": "pl", "Startup Cost": 0.0, "Total Cost": 67.33, "Plan Rows": 3833, "Plan Width": 4, "Actual Startup Time": 0.007, "Actual Total Time": 0.222, "Actual Rows": 3833, "Actual Loops": 1, "Output": ["pl.id", "pl.creationdate", "pl.postid", "pl.relatedpostid", "pl.linktypeid"]}, {"Node Type": "Hash", "Parent Relationship": "Inner", "Parallel Aware": false, "Startup Cost": 1080.7, "Total Cost": 1080.7, "Plan Rows": 311, "Plan Width": 8, "Actual Startup Time": 5.022, "Actual Total Time": 5.022, "Actual Rows": 339, "Actual Loops": 1, "Output": ["p.id", "p.owneruserid"], "Hash Buckets": 1024, "Original Hash Buckets": 1024, "Hash Batches": 1, "Original Hash Batches": 1, "Peak Memory Usage": 22, "Plans": [{"Node Type": "Seq Scan", "Parent Relationship": "Outer", "Parallel Aware": false, "Relation Name": "posts", "Schema": "public", "Alias": "p", "Startup Cost": 0.0, "Total Cost": 1080.7, "Plan Rows": 311, "Plan Width": 8, "Actual Startup Time": 0.109, "Actual Total Time": 4.969, "Actual Rows": 339, "Actual Loops": 1, "Output": ["p.id", "p.owneruserid"], "Filter": "((p.creationdate >= '2010-07-26 21:13:43'::timestamp without time zone) AND (p.creationdate <= '2014-09-02 09:24:47'::timestamp without time zone) AND (p.favoritecount = 0))", "Rows Removed by Filter": 40844}]}]}, {"Node Type": "Index Only Scan", "Parent Relationship": "Inner", "Parallel Aware": false, "Scan Direction": "Forward", "Index Name": "idx_badges_userid", "Relation Name": "badges", "Schema": "public", "Alias": "b", "Startup Cost": 0.29, "Total Cost": 1.06, "Plan Rows": 3, "Plan Width": 4, "Actual Startup Time": 0.003, "Actual Total Time": 0.004, "Actual Rows": 9, "Actual Loops": 69, "Output": ["b.userid"], "Index Cond": "(b.userid = p.owneruserid)", "Rows Removed by Index Recheck": 0, "Heap Fetches": 0}]}, {"Node Type": "Hash", "Parent Relationship": "Inner", "Parallel Aware": false, "Startup Cost": 296.69, "Total Cost": 296.69, "Plan Rows": 14935, "Plan Width": 4, "Actual Startup Time": 3.42, "Actual Total Time": 3.42, "Actual Rows": 14935, "Actual Loops": 1, "Output": ["u.id"], "Hash Buckets": 16384, "Original Hash Buckets": 16384, "Hash Batches": 1, "Original Hash Batches": 1, "Peak Memory Usage": 654, "Plans": [{"Node Type": "Seq Scan", "Parent Relationship": "Outer", "Parallel Aware": false, "Relation Name": "users", "Schema": "public", "Alias": "u", "Startup Cost": 0.0, "Total Cost": 296.69, "Plan Rows": 14935, "Plan Width": 4, "Actual Startup Time": 0.008, "Actual Total Time": 2.046, "Actual Rows": 14935, "Actual Loops": 1, "Output": ["u.id"], "Filter": "(u.downvotes >= 0)", "Rows Removed by Filter": 0}]}]}]}, "Planning Time": 1.237, "Triggers": [], "Execution Time": 9.577}]
[{"Plan": {"Node Type": "Aggregate", "Strategy": "Plain", "Partial Mode": "Simple", "Parallel Aware": false, "Startup Cost": 6494.21, "Total Cost": 6494.22, "Plan Rows": 1, "Plan Width": 8, "Actual Startup Time": 16.477, "Actual Total Time": 16.484, "Actual Rows": 1, "Actual Loops": 1, "Output": ["count(*)"], "Plans": [{"Node Type": "Hash Join", "Parent Relationship": "Outer", "Parallel Aware": false, "Join Type": "Inner", "Startup Cost": 5725.48, "Total Cost": 6480.03, "Plan Rows": 5672, "Plan Width": 0, "Actual Startup Time": 16.468, "Actual Total Time": 16.474, "Actual Rows": 0, "Actual Loops": 1, "Inner Unique": false, "Hash Cond": "(b.userid = u.id)", "Plans": [{"Node Type": "Seq Scan", "Parent Relationship": "Outer", "Parallel Aware": false, "Relation Name": "badges", "Schema": "public", "Alias": "b", "Startup Cost": 0.0, "Total Cost": 584.8, "Plan Rows": 32621, "Plan Width": 4, "Actual Startup Time": 0.022, "Actual Total Time": 0.024, "Actual Rows": 1, "Actual Loops": 1, "Output": ["b.id", "b.userid", "b.date"], "Filter": "(b.date <= '2014-08-28 21:04:36'::timestamp without time zone)", "Rows Removed by Filter": 0}, {"Node Type": "Hash", "Parent Relationship": "Inner", "Parallel Aware": false, "Startup Cost": 5698.34, "Total Cost": 5698.34, "Plan Rows": 2171, "Plan Width": 8, "Actual Startup Time": 16.385, "Actual Total Time": 16.389, "Actual Rows": 0, "Actual Loops": 1, "Output": ["p.owneruserid", "u.id"], "Hash Buckets": 4096, "Original Hash Buckets": 4096, "Hash Batches": 1, "Original Hash Batches": 1, "Peak Memory Usage": 32, "Plans": [{"Node Type": "Nested Loop", "Parent Relationship": "Outer", "Parallel Aware": false, "Join Type": "Inner", "Startup Cost": 1480.6, "Total Cost": 5698.34, "Plan Rows": 2171, "Plan Width": 8, "Actual Startup Time": 16.384, "Actual Total Time": 16.388, "Actual Rows": 0, "Actual Loops": 1, "Output": ["p.owneruserid", "u.id"], "Inner Unique": false, "Plans": [{"Node Type": "Nested Loop", "Parent Relationship": "Outer", "Parallel Aware": false, "Join Type": "Inner", "Startup Cost": 1480.31, "Total Cost": 5406.28, "Plan Rows": 688, "Plan Width": 20, "Actual Startup Time": 16.384, "Actual Total Time": 16.387, "Actual Rows": 0, "Actual Loops": 1, "Output": ["c.postid", "p.owneruserid", "p.id", "v.postid", "u.id"], "Inner Unique": false, "Plans": [{"Node Type": "Nested Loop", "Parent Relationship": "Outer", "Parallel Aware": false, "Join Type": "Inner", "Startup Cost": 1480.02, "Total Cost": 5171.92, "Plan Rows": 484, "Plan Width": 16, "Actual Startup Time": 16.383, "Actual Total Time": 16.387, "Actual Rows": 0, "Actual Loops": 1, "Output": ["p.owneruserid", "p.id", "v.postid", "u.id"], "Inner Unique": true, "Plans": [{"Node Type": "Hash Join", "Parent Relationship": "Outer", "Parallel Aware": false, "Join Type": "Inner", "Startup Cost": 1479.73, "Total Cost": 5009.58, "Plan Rows": 503, "Plan Width": 12, "Actual Startup Time": 16.383, "Actual Total Time": 16.386, "Actual Rows": 0, "Actual Loops": 1, "Output": ["p.owneruserid", "p.id", "v.postid"], "Inner Unique": true, "Hash Cond": "(v.postid = p.id)", "Plans": [{"Node Type": "Seq Scan", "Parent Relationship": "Outer", "Parallel Aware": false, "Relation Name": "votes", "Schema": "public", "Alias": "v", "Startup Cost": 0.0, "Total Cost": 3528.49, "Plan Rows": 516, "Plan Width": 4, "Actual Startup Time": 16.382, "Actual Total Time": 16.382, "Actual Rows": 0, "Actual Loops": 1, "Output": ["v.id", "v.postid", "v.votetypeid", "v.creationdate", "v.userid", "v.bountyamount"], "Filter": "((v.bountyamount >= 0) AND (v.votetypeid = 2))", "Rows Removed by Filter": 164233}, {"Node Type": "Hash", "Parent Relationship": "Inner", "Parallel Aware": false, "Startup Cost": 977.75, "Total Cost": 977.75, "Plan Rows": 40159, "Plan Width": 8, "Actual Startup Time": 0.0, "Actual Total Time": 0.0, "Actual Rows": 0, "Actual Loops": 0, "Output": ["p.owneruserid", "p.id"], "Plans": [{"Node Type": "Seq Scan", "Parent Relationship": "Outer", "Parallel Aware": false, "Relation Name": "posts", "Schema": "public", "Alias": "p", "Startup Cost": 0.0, "Total Cost": 977.75, "Plan Rows": 40159, "Plan Width": 8, "Actual Startup Time": 0.0, "Actual Total Time": 0.0, "Actual Rows": 0, "Actual Loops": 0, "Output": ["p.owneruserid", "p.id"], "Filter": "((p.score >= '-2'::integer) AND (p.creationdate >= '2010-07-31 01:08:08'::timestamp without time zone))", "Rows Removed by Filter": 0}]}]}, {"Node Type": "Index Scan", "Parent Relationship": "Inner", "Parallel Aware": false, "Scan Direction": "Forward", "Index Name": "users_pkey", "Relation Name": "users", "Schema": "public", "Alias": "u", "Startup Cost": 0.29, "Total Cost": 0.32, "Plan Rows": 1, "Plan Width": 4, "Actual Startup Time": 0.0, "Actual Total Time": 0.0, "Actual Rows": 0, "Actual Loops": 0, "Output": ["u.id", "u.reputation", "u.creationdate", "u.views", "u.upvotes", "u.downvotes"], "Index Cond": "(u.id = p.owneruserid)", "Rows Removed by Index Recheck": 0, "Filter": "((u.downvotes >= 0) AND (u.downvotes <= 4))", "Rows Removed by Filter": 0}]}, {"Node Type": "Index Scan", "Parent Relationship": "Inner", "Parallel Aware": false, "Scan Direction": "Forward", "Index Name": "idx_comments_postid", "Relation Name": "comments", "Schema": "public", "Alias": "c", "Startup Cost": 0.29, "Total Cost": 0.45, "Plan Rows": 3, "Plan Width": 4, "Actual Startup Time": 0.0, "Actual Total Time": 0.0, "Actual Rows": 0, "Actual Loops": 0, "Output": ["c.id", "c.postid", "c.score", "c.creationdate", "c.userid"], "Index Cond": "(c.postid = p.id)", "Rows Removed by Index Recheck": 0, "Filter": "((c.creationdate >= '2010-08-24 22:46:09'::timestamp without time zone) AND (c.score = 0))", "Rows Removed by Filter": 0}]}, {"Node Type": "Index Only Scan", "Parent Relationship": "Inner", "Parallel Aware": false, "Scan Direction": "Forward", "Index Name": "idx_posthistory_postid", "Relation Name": "posthistory", "Schema": "public", "Alias": "ph", "Startup Cost": 0.29, "Total Cost": 0.38, "Plan Rows": 4, "Plan Width": 4, "Actual Startup Time": 0.0, "Actual Total Time": 0.0, "Actual Rows": 0, "Actual Loops": 0, "Output": ["ph.postid"], "Index Cond": "(ph.postid = p.id)", "Rows Removed by Index Recheck": 0, "Heap Fetches": 0}]}]}]}]}, "Planning Time": 7.73, "Triggers": [], "Execution Time": 16.642}]#####[{"Plan": {"Node Type": "Aggregate", "Strategy": "Plain", "Partial Mode": "Simple", "Parallel Aware": false, "Startup Cost": 5928.73, "Total Cost": 5928.74, "Plan Rows": 1, "Plan Width": 8, "Actual Startup Time": 19.642, "Actual Total Time": 19.65, "Actual Rows": 1, "Actual Loops": 1, "Output": ["count(*)"], "Plans": [{"Node Type": "Nested Loop", "Parent Relationship": "Outer", "Parallel Aware": false, "Join Type": "Inner", "Startup Cost": 1480.89, "Total Cost": 5786.93, "Plan Rows": 56722, "Plan Width": 0, "Actual Startup Time": 19.631, "Actual Total Time": 19.638, "Actual Rows": 0, "Actual Loops": 1, "Inner Unique": false, "Join Filter": "(u.id = b.userid)", "Rows Removed by Join Filter": 0, "Plans": [{"Node Type": "Nested Loop", "Parent Relationship": "Outer", "Parallel Aware": false, "Join Type": "Inner", "Startup Cost": 1480.6, "Total Cost": 5698.34, "Plan Rows": 217, "Plan Width": 8, "Actual Startup Time": 19.63, "Actual Total Time": 19.637, "Actual Rows": 0, "Actual Loops": 1, "Output": ["p.owneruserid", "u.id"], "Inner Unique": false, "Plans": [{"Node Type": "Nested Loop", "Parent Relationship": "Outer", "Parallel Aware": false, "Join Type": "Inner", "Startup Cost": 1480.31, "Total Cost": 5406.28, "Plan Rows": 688, "Plan Width": 20, "Actual Startup Time": 19.63, "Actual Total Time": 19.636, "Actual Rows": 0, "Actual Loops": 1, "Output": ["c.postid", "p.owneruserid", "p.id", "v.postid", "u.id"], "Inner Unique": false, "Plans": [{"Node Type": "Nested Loop", "Parent Relationship": "Outer", "Parallel Aware": false, "Join Type": "Inner", "Startup Cost": 1480.02, "Total Cost": 5171.92, "Plan Rows": 484, "Plan Width": 16, "Actual Startup Time": 19.629, "Actual Total Time": 19.635, "Actual Rows": 0, "Actual Loops": 1, "Output": ["p.owneruserid", "p.id", "v.postid", "u.id"], "Inner Unique": true, "Plans": [{"Node Type": "Hash Join", "Parent Relationship": "Outer", "Parallel Aware": false, "Join Type": "Inner", "Startup Cost": 1479.73, "Total Cost": 5009.58, "Plan Rows": 503, "Plan Width": 12, "Actual Startup Time": 19.629, "Actual Total Time": 19.634, "Actual Rows": 0, "Actual Loops": 1, "Output": ["p.owneruserid", "p.id", "v.postid"], "Inner Unique": true, "Hash Cond": "(v.postid = p.id)", "Plans": [{"Node Type": "Seq Scan", "Parent Relationship": "Outer", "Parallel Aware": false, "Relation Name": "votes", "Schema": "public", "Alias": "v", "Startup Cost": 0.0, "Total Cost": 3528.49, "Plan Rows": 516, "Plan Width": 4, "Actual Startup Time": 19.627, "Actual Total Time": 19.629, "Actual Rows": 0, "Actual Loops": 1, "Output": ["v.id", "v.postid", "v.votetypeid", "v.creationdate", "v.userid", "v.bountyamount"], "Filter": "((v.bountyamount >= 0) AND (v.votetypeid = 2))", "Rows Removed by Filter": 164233}, {"Node Type": "Hash", "Parent Relationship": "Inner", "Parallel Aware": false, "Startup Cost": 977.75, "Total Cost": 977.75, "Plan Rows": 40159, "Plan Width": 8, "Actual Startup Time": 0.0, "Actual Total Time": 0.0, "Actual Rows": 0, "Actual Loops": 0, "Output": ["p.owneruserid", "p.id"], "Plans": [{"Node Type": "Seq Scan", "Parent Relationship": "Outer", "Parallel Aware": false, "Relation Name": "posts", "Schema": "public", "Alias": "p", "Startup Cost": 0.0, "Total Cost": 977.75, "Plan Rows": 40159, "Plan Width": 8, "Actual Startup Time": 0.0, "Actual Total Time": 0.0, "Actual Rows": 0, "Actual Loops": 0, "Output": ["p.owneruserid", "p.id"], "Filter": "((p.score >= '-2'::integer) AND (p.creationdate >= '2010-07-31 01:08:08'::timestamp without time zone))", "Rows Removed by Filter": 0}]}]}, {"Node Type": "Index Scan", "Parent Relationship": "Inner", "Parallel Aware": false, "Scan Direction": "Forward", "Index Name": "users_pkey", "Relation Name": "users", "Schema": "public", "Alias": "u", "Startup Cost": 0.29, "Total Cost": 0.32, "Plan Rows": 1, "Plan Width": 4, "Actual Startup Time": 0.0, "Actual Total Time": 0.0, "Actual Rows": 0, "Actual Loops": 0, "Output": ["u.id", "u.reputation", "u.creationdate", "u.views", "u.upvotes", "u.downvotes"], "Index Cond": "(u.id = p.owneruserid)", "Rows Removed by Index Recheck": 0, "Filter": "((u.downvotes >= 0) AND (u.downvotes <= 4))", "Rows Removed by Filter": 0}]}, {"Node Type": "Index Scan", "Parent Relationship": "Inner", "Parallel Aware": false, "Scan Direction": "Forward", "Index Name": "idx_comments_postid", "Relation Name": "comments", "Schema": "public", "Alias": "c", "Startup Cost": 0.29, "Total Cost": 0.45, "Plan Rows": 3, "Plan Width": 4, "Actual Startup Time": 0.0, "Actual Total Time": 0.0, "Actual Rows": 0, "Actual Loops": 0, "Output": ["c.id", "c.postid", "c.score", "c.creationdate", "c.userid"], "Index Cond": "(c.postid = p.id)", "Rows Removed by Index Recheck": 0, "Filter": "((c.creationdate >= '2010-08-24 22:46:09'::timestamp without time zone) AND (c.score = 0))", "Rows Removed by Filter": 0}]}, {"Node Type": "Index Only Scan", "Parent Relationship": "Inner", "Parallel Aware": false, "Scan Direction": "Forward", "Index Name": "idx_posthistory_postid", "Relation Name": "posthistory", "Schema": "public", "Alias": "ph", "Startup Cost": 0.29, "Total Cost": 0.38, "Plan Rows": 4, "Plan Width": 4, "Actual Startup Time": 0.0, "Actual Total Time": 0.0, "Actual Rows": 0, "Actual Loops": 0, "Output": ["ph.postid"], "Index Cond": "(ph.postid = p.id)", "Rows Removed by Index Recheck": 0, "Heap Fetches": 0}]}, {"Node Type": "Index Scan", "Parent Relationship": "Inner", "Parallel Aware": false, "Scan Direction": "Forward", "Index Name": "idx_badges_userid", "Relation Name": "badges", "Schema": "public", "Alias": "b", "Startup Cost": 0.29, "Total Cost": 0.37, "Plan Rows": 3, "Plan Width": 4, "Actual Startup Time": 0.0, "Actual Total Time": 0.0, "Actual Rows": 0, "Actual Loops": 0, "Output": ["b.id", "b.userid", "b.date"], "Index Cond": "(b.userid = p.owneruserid)", "Rows Removed by Index Recheck": 0, "Filter": "(b.date <= '2014-08-28 21:04:36'::timestamp without time zone)", "Rows Removed by Filter": 0}]}]}, "Planning Time": 3.046, "Triggers": [], "Execution Time": 19.86}]#####[{"Plan": {"Node Type": "Aggregate", "Strategy": "Plain", "Partial Mode": "Simple", "Parallel Aware": false, "Startup Cost": 7348.58, "Total Cost": 7348.59, "Plan Rows": 1, "Plan Width": 8, "Actual Startup Time": 34.663, "Actual Total Time": 34.67, "Actual Rows": 1, "Actual Loops": 1, "Output": ["count(*)"], "Plans": [{"Node Type": "Hash Join", "Parent Relationship": "Outer", "Parallel Aware": false, "Join Type": "Inner", "Startup Cost": 3072.16, "Total Cost": 7206.77, "Plan Rows": 56722, "Plan Width": 0, "Actual Startup Time": 34.652, "Actual Total Time": 34.659, "Actual Rows": 0, "Actual Loops": 1, "Inner Unique": false, "Hash Cond": "(p.owneruserid = u.id)", "Plans": [{"Node Type": "Nested Loop", "Parent Relationship": "Outer", "Parallel Aware": false, "Join Type": "Inner", "Startup Cost": 1480.32, "Total Cost": 5556.24, "Plan Rows": 2254, "Plan Width": 4, "Actual Startup Time": 13.407, "Actual Total Time": 13.412, "Actual Rows": 0, "Actual Loops": 1, "Output": ["p.owneruserid"], "Inner Unique": false, "Plans": [{"Node Type": "Nested Loop", "Parent Relationship": "Outer", "Parallel Aware": false, "Join Type": "Inner", "Startup Cost": 1480.03, "Total Cost": 5253.14, "Plan Rows": 714, "Plan Width": 16, "Actual Startup Time": 13.406, "Actual Total Time": 13.411, "Actual Rows": 0, "Actual Loops": 1, "Output": ["c.postid", "p.owneruserid", "p.id", "v.postid"], "Inner Unique": false, "Plans": [{"Node Type": "Hash Join", "Parent Relationship": "Outer", "Parallel Aware": false, "Join Type": "Inner", "Startup Cost": 1479.73, "Total Cost": 5009.58, "Plan Rows": 503, "Plan Width": 12, "Actual Startup Time": 13.405, "Actual Total Time": 13.41, "Actual Rows": 0, "Actual Loops": 1, "Output": ["p.owneruserid", "p.id", "v.postid"], "Inner Unique": true, "Hash Cond": "(v.postid = p.id)", "Plans": [{"Node Type": "Seq Scan", "Parent Relationship": "Outer", "Parallel Aware": false, "Relation Name": "votes", "Schema": "public", "Alias": "v", "Startup Cost": 0.0, "Total Cost": 3528.49, "Plan Rows": 516, "Plan Width": 4, "Actual Startup Time": 13.404, "Actual Total Time": 13.406, "Actual Rows": 0, "Actual Loops": 1, "Output": ["v.id", "v.postid", "v.votetypeid", "v.creationdate", "v.userid", "v.bountyamount"], "Filter": "((v.bountyamount >= 0) AND (v.votetypeid = 2))", "Rows Removed by Filter": 164233}, {"Node Type": "Hash", "Parent Relationship": "Inner", "Parallel Aware": false, "Startup Cost": 977.75, "Total Cost": 977.75, "Plan Rows": 40159, "Plan Width": 8, "Actual Startup Time": 0.0, "Actual Total Time": 0.0, "Actual Rows": 0, "Actual Loops": 0, "Output": ["p.owneruserid", "p.id"], "Plans": [{"Node Type": "Seq Scan", "Parent Relationship": "Outer", "Parallel Aware": false, "Relation Name": "posts", "Schema": "public", "Alias": "p", "Startup Cost": 0.0, "Total Cost": 977.75, "Plan Rows": 40159, "Plan Width": 8, "Actual Startup Time": 0.0, "Actual Total Time": 0.0, "Actual Rows": 0, "Actual Loops": 0, "Output": ["p.owneruserid", "p.id"], "Filter": "((p.score >= '-2'::integer) AND (p.creationdate >= '2010-07-31 01:08:08'::timestamp without time zone))", "Rows Removed by Filter": 0}]}]}, {"Node Type": "Index Scan", "Parent Relationship": "Inner", "Parallel Aware": false, "Scan Direction": "Forward", "Index Name": "idx_comments_postid", "Relation Name": "comments", "Schema": "public", "Alias": "c", "Startup Cost": 0.29, "Total Cost": 0.45, "Plan Rows": 3, "Plan Width": 4, "Actual Startup Time": 0.0, "Actual Total Time": 0.0, "Actual Rows": 0, "Actual Loops": 0, "Output": ["c.id", "c.postid", "c.score", "c.creationdate", "c.userid"], "Index Cond": "(c.postid = p.id)", "Rows Removed by Index Recheck": 0, "Filter": "((c.creationdate >= '2010-08-24 22:46:09'::timestamp without time zone) AND (c.score = 0))", "Rows Removed by Filter": 0}]}, {"Node Type": "Index Only Scan", "Parent Relationship": "Inner", "Parallel Aware": false, "Scan Direction": "Forward", "Index Name": "idx_posthistory_postid", "Relation Name": "posthistory", "Schema": "public", "Alias": "ph", "Startup Cost": 0.29, "Total Cost": 0.38, "Plan Rows": 4, "Plan Width": 4, "Actual Startup Time": 0.0, "Actual Total Time": 0.0, "Actual Rows": 0, "Actual Loops": 0, "Output": ["ph.postid"], "Index Cond": "(ph.postid = p.id)", "Rows Removed by Index Recheck": 0, "Heap Fetches": 0}]}, {"Node Type": "Hash", "Parent Relationship": "Inner", "Parallel Aware": false, "Startup Cost": 1188.94, "Total Cost": 1188.94, "Plan Rows": 32232, "Plan Width": 8, "Actual Startup Time": 20.953, "Actual Total Time": 20.955, "Actual Rows": 27605, "Actual Loops": 1, "Output": ["b.userid", "u.id"], "Hash Buckets": 32768, "Original Hash Buckets": 32768, "Hash Batches": 1, "Original Hash Batches": 1, "Peak Memory Usage": 1335, "Plans": [{"Node Type": "Hash Join", "Parent Relationship": "Outer", "Parallel Aware": false, "Join Type": "Inner", "Startup Cost": 518.49, "Total Cost": 1188.94, "Plan Rows": 32232, "Plan Width": 8, "Actual Startup Time": 6.462, "Actual Total Time": 16.753, "Actual Rows": 27605, "Actual Loops": 1, "Output": ["b.userid", "u.id"], "Inner Unique": true, "Hash Cond": "(b.userid = u.id)", "Plans": [{"Node Type": "Seq Scan", "Parent Relationship": "Outer", "Parallel Aware": false, "Relation Name": "badges", "Schema": "public", "Alias": "b", "Startup Cost": 0.0, "Total Cost": 584.8, "Plan Rows": 32621, "Plan Width": 4, "Actual Startup Time": 0.018, "Actual Total Time": 4.735, "Actual Rows": 32624, "Actual Loops": 1, "Output": ["b.id", "b.userid", "b.date"], "Filter": "(b.date <= '2014-08-28 21:04:36'::timestamp without time zone)", "Rows Removed by Filter": 0}, {"Node Type": "Hash", "Parent Relationship": "Inner", "Parallel Aware": false, "Startup Cost": 334.02, "Total Cost": 334.02, "Plan Rows": 14757, "Plan Width": 4, "Actual Startup Time": 6.356, "Actual Total Time": 6.357, "Actual Rows": 14757, "Actual Loops": 1, "Output": ["u.id"], "Hash Buckets": 16384, "Original Hash Buckets": 16384, "Hash Batches": 1, "Original Hash Batches": 1, "Peak Memory Usage": 647, "Plans": [{"Node Type": "Seq Scan", "Parent Relationship": "Outer", "Parallel Aware": false, "Relation Name": "users", "Schema": "public", "Alias": "u", "Startup Cost": 0.0, "Total Cost": 334.02, "Plan Rows": 14757, "Plan Width": 4, "Actual Startup Time": 0.017, "Actual Total Time": 3.731, "Actual Rows": 14757, "Actual Loops": 1, "Output": ["u.id"], "Filter": "((u.downvotes >= 0) AND (u.downvotes <= 4))", "Rows Removed by Filter": 178}]}]}]}]}]}, "Planning Time": 6.993, "Triggers": [], "Execution Time": 34.946}]
[{"Plan": {"Node Type": "Aggregate", "Strategy": "Plain", "Partial Mode": "Simple", "Parallel Aware": false, "Startup Cost": 5979.92, "Total Cost": 5979.93, "Plan Rows": 1, "Plan Width": 8, "Actual Startup Time": 16.627, "Actual Total Time": 16.631, "Actual Rows": 1, "Actual Loops": 1, "Output": ["count(*)"], "Plans": [{"Node Type": "Merge Join", "Parent Relationship": "Outer", "Parallel Aware": false, "Join Type": "Inner", "Startup Cost": 1.76, "Total Cost": 3011.12, "Plan Rows": 1187517, "Plan Width": 0, "Actual Startup Time": 16.616, "Actual Total Time": 16.619, "Actual Rows": 0, "Actual Loops": 1, "Inner Unique": false, "Merge Cond": "(u.id = c.userid)", "Plans": [{"Node Type": "Nested Loop", "Parent Relationship": "Outer", "Parallel Aware": false, "Join Type": "Inner", "Startup Cost": 1.16, "Total Cost": 870.53, "Plan Rows": 8494, "Plan Width": 16, "Actual Startup Time": 16.615, "Actual Total Time": 16.619, "Actual Rows": 0, "Actual Loops": 1, "Output": ["p.owneruserid", "v.userid", "b.userid", "u.id"], "Inner Unique": false, "Join Filter": "(u.id = p.owneruserid)", "Rows Removed by Join Filter": 0, "Plans": [{"Node Type": "Merge Join", "Parent Relationship": "Outer", "Parallel Aware": false, "Join Type": "Inner", "Startup Cost": 0.87, "Total Cost": 764.88, "Plan Rows": 198, "Plan Width": 12, "Actual Startup Time": 16.615, "Actual Total Time": 16.618, "Actual Rows": 0, "Actual Loops": 1, "Output": ["v.userid", "b.userid", "u.id"], "Inner Unique": true, "Merge Cond": "(v.userid = u.id)", "Plans": [{"Node Type": "Merge Join", "Parent Relationship": "Outer", "Parallel Aware": false, "Join Type": "Inner", "Startup Cost": 0.58, "Total Cost": 1488.32, "Plan Rows": 2121, "Plan Width": 8, "Actual Startup Time": 16.614, "Actual Total Time": 16.617, "Actual Rows": 0, "Actual Loops": 1, "Output": ["v.userid", "b.userid"], "Inner Unique": false, "Merge Cond": "(v.userid = b.userid)", "Plans": [{"Node Type": "Index Scan", "Parent Relationship": "Outer", "Parallel Aware": false, "Scan Direction": "Forward", "Index Name": "idx_votes_userid", "Relation Name": "votes", "Schema": "public", "Alias": "v", "Startup Cost": 0.29, "Total Cost": 7141.32, "Plan Rows": 1351, "Plan Width": 4, "Actual Startup Time": 16.613, "Actual Total Time": 16.615, "Actual Rows": 1, "Actual Loops": 1, "Output": ["v.id", "v.postid", "v.votetypeid", "v.creationdate", "v.userid", "v.bountyamount"], "Filter": "((v.creationdate >= '2010-07-20 00:00:00'::timestamp without time zone) AND (v.creationdate <= '2014-09-11 00:00:00'::timestamp without time zone) AND (v.votetypeid = 15))", "Rows Removed by Filter": 35188}, {"Node Type": "Index Only Scan", "Parent Relationship": "Inner", "Parallel Aware": false, "Scan Direction": "Forward", "Index Name": "idx_badges_userid", "Relation Name": "badges", "Schema": "public", "Alias": "b", "Startup Cost": 0.29, "Total Cost": 713.65, "Plan Rows": 32624, "Plan Width": 4, "Actual Startup Time": 0.0, "Actual Total Time": 0.0, "Actual Rows": 0, "Actual Loops": 0, "Output": ["b.userid"], "Heap Fetches": 0}]}, {"Node Type": "Index Scan", "Parent Relationship": "Inner", "Parallel Aware": false, "Scan Direction": "Forward", "Index Name": "users_pkey", "Relation Name": "users", "Schema": "public", "Alias": "u", "Startup Cost": 0.29, "Total Cost": 583.99, "Plan Rows": 14735, "Plan Width": 4, "Actual Startup Time": 0.0, "Actual Total Time": 0.0, "Actual Rows": 0, "Actual Loops": 0, "Output": ["u.id", "u.reputation", "u.creationdate", "u.views", "u.upvotes", "u.downvotes"], "Filter": "((u.views <= 189) AND (u.creationdate <= '2014-08-05 16:04:53'::timestamp without time zone))", "Rows Removed by Filter": 0}]}, {"Node Type": "Index Scan", "Parent Relationship": "Inner", "Parallel Aware": false, "Scan Direction": "Forward", "Index Name": "idx_posts_owneruserid", "Relation Name": "posts", "Schema": "public", "Alias": "p", "Startup Cost": 0.29, "Total Cost": 0.52, "Plan Rows": 1, "Plan Width": 4, "Actual Startup Time": 0.0, "Actual Total Time": 0.0, "Actual Rows": 0, "Actual Loops": 0, "Output": ["p.id", "p.posttypeid", "p.creationdate", "p.score", "p.viewcount", "p.owneruserid", "p.answercount", "p.commentcount", "p.favoritecount", "p.lasteditoruserid"], "Index Cond": "(p.owneruserid = b.userid)", "Rows Removed by Index Recheck": 0, "Filter": "((p.score <= 50) AND (p.answercount >= 0) AND (p.answercount <= 6) AND (p.commentcount <= 24) AND (p.favoritecount <= 5))", "Rows Removed by Filter": 0}]}, {"Node Type": "Index Only Scan", "Parent Relationship": "Inner", "Parallel Aware": false, "Scan Direction": "Forward", "Index Name": "idx_comments_userid", "Relation Name": "comments", "Schema": "public", "Alias": "c", "Startup Cost": 0.29, "Total Cost": 1526.65, "Plan Rows": 79357, "Plan Width": 4, "Actual Startup Time": 0.0, "Actual Total Time": 0.0, "Actual Rows": 0, "Actual Loops": 0, "Output": ["c.userid"], "Heap Fetches": 0}]}]}, "Planning Time": 6.49, "Triggers": [], "Execution Time": 16.892}]#####[{"Plan": {"Node Type": "Aggregate", "Strategy": "Plain", "Partial Mode": "Simple", "Parallel Aware": false, "Startup Cost": 31269.76, "Total Cost": 31269.77, "Plan Rows": 1, "Plan Width": 8, "Actual Startup Time": 13.457, "Actual Total Time": 13.46, "Actual Rows": 1, "Actual Loops": 1, "Output": ["count(*)"], "Plans": [{"Node Type": "Nested Loop", "Parent Relationship": "Outer", "Parallel Aware": false, "Join Type": "Inner", "Startup Cost": 1.45, "Total Cost": 1581.83, "Plan Rows": 11875174, "Plan Width": 0, "Actual Startup Time": 13.449, "Actual Total Time": 13.451, "Actual Rows": 0, "Actual Loops": 1, "Inner Unique": false, "Plans": [{"Node Type": "Nested Loop", "Parent Relationship": "Outer", "Parallel Aware": false, "Join Type": "Inner", "Startup Cost": 1.16, "Total Cost": 870.53, "Plan Rows": 849, "Plan Width": 16, "Actual Startup Time": 13.448, "Actual Total Time": 13.451, "Actual Rows": 0, "Actual Loops": 1, "Output": ["p.owneruserid", "v.userid", "b.userid", "u.id"], "Inner Unique": false, "Join Filter": "(u.id = p.owneruserid)", "Rows Removed by Join Filter": 0, "Plans": [{"Node Type": "Merge Join", "Parent Relationship": "Outer", "Parallel Aware": false, "Join Type": "Inner", "Startup Cost": 0.87, "Total Cost": 764.88, "Plan Rows": 198, "Plan Width": 12, "Actual Startup Time": 13.448, "Actual Total Time": 13.45, "Actual Rows": 0, "Actual Loops": 1, "Output": ["v.userid", "b.userid", "u.id"], "Inner Unique": true, "Merge Cond": "(v.userid = u.id)", "Plans": [{"Node Type": "Merge Join", "Parent Relationship": "Outer", "Parallel Aware": false, "Join Type": "Inner", "Startup Cost": 0.58, "Total Cost": 1488.32, "Plan Rows": 2121, "Plan Width": 8, "Actual Startup Time": 13.447, "Actual Total Time": 13.449, "Actual Rows": 0, "Actual Loops": 1, "Output": ["v.userid", "b.userid"], "Inner Unique": false, "Merge Cond": "(v.userid = b.userid)", "Plans": [{"Node Type": "Index Scan", "Parent Relationship": "Outer", "Parallel Aware": false, "Scan Direction": "Forward", "Index Name": "idx_votes_userid", "Relation Name": "votes", "Schema": "public", "Alias": "v", "Startup Cost": 0.29, "Total Cost": 7141.32, "Plan Rows": 1351, "Plan Width": 4, "Actual Startup Time": 13.446, "Actual Total Time": 13.448, "Actual Rows": 1, "Actual Loops": 1, "Output": ["v.id", "v.postid", "v.votetypeid", "v.creationdate", "v.userid", "v.bountyamount"], "Filter": "((v.creationdate >= '2010-07-20 00:00:00'::timestamp without time zone) AND (v.creationdate <= '2014-09-11 00:00:00'::timestamp without time zone) AND (v.votetypeid = 15))", "Rows Removed by Filter": 35188}, {"Node Type": "Index Only Scan", "Parent Relationship": "Inner", "Parallel Aware": false, "Scan Direction": "Forward", "Index Name": "idx_badges_userid", "Relation Name": "badges", "Schema": "public", "Alias": "b", "Startup Cost": 0.29, "Total Cost": 713.65, "Plan Rows": 32624, "Plan Width": 4, "Actual Startup Time": 0.0, "Actual Total Time": 0.0, "Actual Rows": 0, "Actual Loops": 0, "Output": ["b.userid"], "Heap Fetches": 0}]}, {"Node Type": "Index Scan", "Parent Relationship": "Inner", "Parallel Aware": false, "Scan Direction": "Forward", "Index Name": "users_pkey", "Relation Name": "users", "Schema": "public", "Alias": "u", "Startup Cost": 0.29, "Total Cost": 583.99, "Plan Rows": 14735, "Plan Width": 4, "Actual Startup Time": 0.0, "Actual Total Time": 0.0, "Actual Rows": 0, "Actual Loops": 0, "Output": ["u.id", "u.reputation", "u.creationdate", "u.views", "u.upvotes", "u.downvotes"], "Filter": "((u.views <= 189) AND (u.creationdate <= '2014-08-05 16:04:53'::timestamp without time zone))", "Rows Removed by Filter": 0}]}, {"Node Type": "Index Scan", "Parent Relationship": "Inner", "Parallel Aware": false, "Scan Direction": "Forward", "Index Name": "idx_posts_owneruserid", "Relation Name": "posts", "Schema": "public", "Alias": "p", "Startup Cost": 0.29, "Total Cost": 0.52, "Plan Rows": 1, "Plan Width": 4, "Actual Startup Time": 0.0, "Actual Total Time": 0.0, "Actual Rows": 0, "Actual Loops": 0, "Output": ["p.id", "p.posttypeid", "p.creationdate", "p.score", "p.viewcount", "p.owneruserid", "p.answercount", "p.commentcount", "p.favoritecount", "p.lasteditoruserid"], "Index Cond": "(p.owneruserid = b.userid)", "Rows Removed by Index Recheck": 0, "Filter": "((p.score <= 50) AND (p.answercount >= 0) AND (p.answercount <= 6) AND (p.commentcount <= 24) AND (p.favoritecount <= 5))", "Rows Removed by Filter": 0}]}, {"Node Type": "Index Only Scan", "Parent Relationship": "Inner", "Parallel Aware": false, "Scan Direction": "Forward", "Index Name": "idx_comments_userid", "Relation Name": "comments", "Schema": "public", "Alias": "c", "Startup Cost": 0.29, "Total Cost": 0.65, "Plan Rows": 19, "Plan Width": 4, "Actual Startup Time": 0.0, "Actual Total Time": 0.0, "Actual Rows": 0, "Actual Loops": 0, "Output": ["c.userid"], "Index Cond": "(c.userid = u.id)", "Rows Removed by Index Recheck": 0, "Heap Fetches": 0}]}]}, "Planning Time": 6.778, "Triggers": [], "Execution Time": 13.609}]#####[{"Plan": {"Node Type": "Aggregate", "Strategy": "Plain", "Partial Mode": "Simple", "Parallel Aware": false, "Startup Cost": 34848.86, "Total Cost": 34848.87, "Plan Rows": 1, "Plan Width": 8, "Actual Startup Time": 12.761, "Actual Total Time": 12.768, "Actual Rows": 1, "Actual Loops": 1, "Output": ["count(*)"], "Plans": [{"Node Type": "Hash Join", "Parent Relationship": "Outer", "Parallel Aware": false, "Join Type": "Inner", "Startup Cost": 1639.83, "Total Cost": 5160.93, "Plan Rows": 11875174, "Plan Width": 0, "Actual Startup Time": 12.752, "Actual Total Time": 12.759, "Actual Rows": 0, "Actual Loops": 1, "Inner Unique": false, "Hash Cond": "(p.owneruserid = u.id)", "Plans": [{"Node Type": "Nested Loop", "Parent Relationship": "Outer", "Parallel Aware": false, "Join Type": "Inner", "Startup Cost": 0.29, "Total Cost": 2454.49, "Plan Rows": 66659, "Plan Width": 8, "Actual Startup Time": 0.036, "Actual Total Time": 0.039, "Actual Rows": 1, "Actual Loops": 1, "Output": ["p.owneruserid", "b.userid"], "Inner Unique": false, "Plans": [{"Node Type": "Seq Scan", "Parent Relationship": "Outer", "Parallel Aware": false, "Relation Name": "posts", "Schema": "public", "Alias": "p", "Startup Cost": 0.0, "Total Cost": 1286.62, "Plan Rows": 2551, "Plan Width": 4, "Actual Startup Time": 0.018, "Actual Total Time": 0.02, "Actual Rows": 1, "Actual Loops": 1, "Output": ["p.id", "p.posttypeid", "p.creationdate", "p.score", "p.viewcount", "p.owneruserid", "p.answercount", "p.commentcount", "p.favoritecount", "p.lasteditoruserid"], "Filter": "((p.score <= 50) AND (p.answercount >= 0) AND (p.answercount <= 6) AND (p.commentcount <= 24) AND (p.favoritecount <= 5))", "Rows Removed by Filter": 3}, {"Node Type": "Index Only Scan", "Parent Relationship": "Inner", "Parallel Aware": false, "Scan Direction": "Forward", "Index Name": "idx_badges_userid", "Relation Name": "badges", "Schema": "public", "Alias": "b", "Startup Cost": 0.29, "Total Cost": 0.43, "Plan Rows": 3, "Plan Width": 4, "Actual Startup Time": 0.016, "Actual Total Time": 0.016, "Actual Rows": 1, "Actual Loops": 1, "Output": ["b.userid"], "Index Cond": "(b.userid = p.owneruserid)", "Rows Removed by Index Recheck": 0, "Heap Fetches": 0}]}, {"Node Type": "Hash", "Parent Relationship": "Inner", "Parallel Aware": false, "Startup Cost": 1404.83, "Total Cost": 1404.83, "Plan Rows": 18777, "Plan Width": 12, "Actual Startup Time": 12.595, "Actual Total Time": 12.597, "Actual Rows": 0, "Actual Loops": 1, "Output": ["c.userid", "v.userid", "u.id"], "Hash Buckets": 32768, "Original Hash Buckets": 32768, "Hash Batches": 1, "Original Hash Batches": 1, "Peak Memory Usage": 256, "Plans": [{"Node Type": "Nested Loop", "Parent Relationship": "Outer", "Parallel Aware": false, "Join Type": "Inner", "Startup Cost": 0.87, "Total Cost": 1404.83, "Plan Rows": 18777, "Plan Width": 12, "Actual Startup Time": 12.595, "Actual Total Time": 12.596, "Actual Rows": 0, "Actual Loops": 1, "Output": ["c.userid", "v.userid", "u.id"], "Inner Unique": false, "Plans": [{"Node Type": "Merge Join", "Parent Relationship": "Outer", "Parallel Aware": false, "Join Type": "Inner", "Startup Cost": 0.58, "Total Cost": 1299.27, "Plan Rows": 126, "Plan Width": 8, "Actual Startup Time": 12.595, "Actual Total Time": 12.595, "Actual Rows": 0, "Actual Loops": 1, "Output": ["v.userid", "u.id"], "Inner Unique": true, "Merge Cond": "(v.userid = u.id)", "Plans": [{"Node Type": "Index Scan", "Parent Relationship": "Outer", "Parallel Aware": false, "Scan Direction": "Forward", "Index Name": "idx_votes_userid", "Relation Name": "votes", "Schema": "public", "Alias": "v", "Startup Cost": 0.29, "Total Cost": 7141.32, "Plan Rows": 1351, "Plan Width": 4, "Actual Startup Time": 12.593, "Actual Total Time": 12.593, "Actual Rows": 1, "Actual Loops": 1, "Output": ["v.id", "v.postid", "v.votetypeid", "v.creationdate", "v.userid", "v.bountyamount"], "Filter": "((v.creationdate >= '2010-07-20 00:00:00'::timestamp without time zone) AND (v.creationdate <= '2014-09-11 00:00:00'::timestamp without time zone) AND (v.votetypeid = 15))", "Rows Removed by Filter": 35188}, {"Node Type": "Index Scan", "Parent Relationship": "Inner", "Parallel Aware": false, "Scan Direction": "Forward", "Index Name": "users_pkey", "Relation Name": "users", "Schema": "public", "Alias": "u", "Startup Cost": 0.29, "Total Cost": 583.99, "Plan Rows": 14735, "Plan Width": 4, "Actual Startup Time": 0.0, "Actual Total Time": 0.0, "Actual Rows": 0, "Actual Loops": 0, "Output": ["u.id", "u.reputation", "u.creationdate", "u.views", "u.upvotes", "u.downvotes"], "Filter": "((u.views <= 189) AND (u.creationdate <= '2014-08-05 16:04:53'::timestamp without time zone))", "Rows Removed by Filter": 0}]}, {"Node Type": "Index Only Scan", "Parent Relationship": "Inner", "Parallel Aware": false, "Scan Direction": "Forward", "Index Name": "idx_comments_userid", "Relation Name": "comments", "Schema": "public", "Alias": "c", "Startup Cost": 0.29, "Total Cost": 0.65, "Plan Rows": 19, "Plan Width": 4, "Actual Startup Time": 0.0, "Actual Total Time": 0.0, "Actual Rows": 0, "Actual Loops": 0, "Output": ["c.userid"], "Index Cond": "(c.userid = u.id)", "Rows Removed by Index Recheck": 0, "Heap Fetches": 0}]}]}]}]}, "Planning Time": 7.208, "Triggers": [], "Execution Time": 12.923}]
[{"Plan": {"Node Type": "Aggregate", "Strategy": "Plain", "Partial Mode": "Simple", "Parallel Aware": false, "Startup Cost": 58940.12, "Total Cost": 58940.13, "Plan Rows": 1, "Plan Width": 8, "Actual Startup Time": 419398.8, "Actual Total Time": 419398.808, "Actual Rows": 1, "Actual Loops": 1, "Output": ["count(*)"], "Plans": [{"Node Type": "Nested Loop", "Parent Relationship": "Outer", "Parallel Aware": false, "Join Type": "Inner", "Startup Cost": 1679.39, "Total Cost": 55174.82, "Plan Rows": 1506123, "Plan Width": 0, "Actual Startup Time": 21.778, "Actual Total Time": 371330.218, "Actual Rows": 1373083196, "Actual Loops": 1, "Inner Unique": false, "Plans": [{"Node Type": "Hash Join", "Parent Relationship": "Outer", "Parallel Aware": false, "Join Type": "Inner", "Startup Cost": 1679.1, "Total Cost": 2860.54, "Plan Rows": 51508, "Plan Width": 12, "Actual Startup Time": 17.822, "Actual Total Time": 243.214, "Actual Rows": 1019250, "Actual Loops": 1, "Output": ["p.owneruserid", "u.id", "b.userid"], "Inner Unique": false, "Hash Cond": "(b.userid = u.id)", "Plans": [{"Node Type": "Seq Scan", "Parent Relationship": "Outer", "Parallel Aware": false, "Relation Name": "badges", "Schema": "public", "Alias": "b", "Startup Cost": 0.0, "Total Cost": 503.24, "Plan Rows": 32624, "Plan Width": 4, "Actual Startup Time": 0.012, "Actual Total Time": 3.538, "Actual Rows": 32624, "Actual Loops": 1, "Output": ["b.id", "b.userid", "b.date"]}, {"Node Type": "Hash", "Parent Relationship": "Inner", "Parallel Aware": false, "Startup Cost": 1384.35, "Total Cost": 1384.35, "Plan Rows": 23580, "Plan Width": 8, "Actual Startup Time": 17.659, "Actual Total Time": 17.664, "Actual Rows": 23625, "Actual Loops": 1, "Output": ["p.owneruserid", "u.id"], "Hash Buckets": 32768, "Original Hash Buckets": 32768, "Hash Batches": 1, "Original Hash Batches": 1, "Peak Memory Usage": 1179, "Plans": [{"Node Type": "Hash Join", "Parent Relationship": "Outer", "Parallel Aware": false, "Join Type": "Inner", "Startup Cost": 446.04, "Total Cost": 1384.35, "Plan Rows": 23580, "Plan Width": 8, "Actual Startup Time": 4.444, "Actual Total Time": 14.675, "Actual Rows": 23625, "Actual Loops": 1, "Output": ["p.owneruserid", "u.id"], "Inner Unique": true, "Hash Cond": "(p.owneruserid = u.id)", "Plans": [{"Node Type": "Seq Scan", "Parent Relationship": "Outer", "Parallel Aware": false, "Relation Name": "posts", "Schema": "public", "Alias": "p", "Startup Cost": 0.0, "Total Cost": 874.79, "Plan Rows": 24190, "Plan Width": 4, "Actual Startup Time": 0.013, "Actual Total Time": 5.832, "Actual Rows": 24165, "Actual Loops": 1, "Output": ["p.id", "p.posttypeid", "p.creationdate", "p.score", "p.viewcount", "p.owneruserid", "p.answercount", "p.commentcount", "p.favoritecount", "p.lasteditoruserid"], "Filter": "(p.posttypeid = 2)", "Rows Removed by Filter": 17018}, {"Node Type": "Hash", "Parent Relationship": "Inner", "Parallel Aware": false, "Startup Cost": 259.35, "Total Cost": 259.35, "Plan Rows": 14935, "Plan Width": 4, "Actual Startup Time": 4.359, "Actual Total Time": 4.36, "Actual Rows": 14935, "Actual Loops": 1, "Output": ["u.id"], "Hash Buckets": 16384, "Original Hash Buckets": 16384, "Hash Batches": 1, "Original Hash Batches": 1, "Peak Memory Usage": 654, "Plans": [{"Node Type": "Seq Scan", "Parent Relationship": "Outer", "Parallel Aware": false, "Relation Name": "users", "Schema": "public", "Alias": "u", "Startup Cost": 0.0, "Total Cost": 259.35, "Plan Rows": 14935, "Plan Width": 4, "Actual Startup Time": 0.012, "Actual Total Time": 2.355, "Actual Rows": 14935, "Actual Loops": 1, "Output": ["u.id"]}]}]}]}]}, {"Node Type": "Index Scan", "Parent Relationship": "Inner", "Parallel Aware": false, "Scan Direction": "Forward", "Index Name": "idx_posthistory_userid", "Relation Name": "posthistory", "Schema": "public", "Alias": "ph", "Startup Cost": 0.29, "Total Cost": 0.88, "Plan Rows": 14, "Plan Width": 4, "Actual Startup Time": 0.076, "Actual Total Time": 0.294, "Actual Rows": 1347, "Actual Loops": 1019250, "Output": ["ph.id", "ph.posthistorytypeid", "ph.postid", "ph.creationdate", "ph.userid"], "Index Cond": "(ph.userid = b.userid)", "Rows Removed by Index Recheck": 0, "Filter": "((ph.creationdate >= '2011-07-27 18:08:19'::timestamp without time zone) AND (ph.creationdate <= '2015-09-10 08:22:43'::timestamp without time zone))", "Rows Removed by Filter": 584}]}]}, "Planning Time": 4.092, "Triggers": [], "Execution Time": 419398.956}]#####[{"Plan": {"Node Type": "Aggregate", "Strategy": "Plain", "Partial Mode": "Simple", "Parallel Aware": false, "Startup Cost": 95331.57, "Total Cost": 95331.58, "Plan Rows": 1, "Plan Width": 8, "Actual Startup Time": 129271.337, "Actual Total Time": 129271.344, "Actual Rows": 1, "Actual Loops": 1, "Output": ["count(*)"], "Plans": [{"Node Type": "Hash Join", "Parent Relationship": "Outer", "Parallel Aware": false, "Join Type": "Inner", "Startup Cost": 4674.45, "Total Cost": 57678.49, "Plan Rows": 15061231, "Plan Width": 0, "Actual Startup Time": 42.25, "Actual Total Time": 82707.675, "Actual Rows": 1373083196, "Actual Loops": 1, "Inner Unique": false, "Hash Cond": "(b.userid = u.id)", "Plans": [{"Node Type": "Nested Loop", "Parent Relationship": "Outer", "Parallel Aware": false, "Join Type": "Inner", "Startup Cost": 0.29, "Total Cost": 10049.09, "Plan Rows": 632093, "Plan Width": 8, "Actual Startup Time": 0.028, "Actual Total Time": 190.483, "Actual Rows": 1019250, "Actual Loops": 1, "Output": ["p.owneruserid", "b.userid"], "Inner Unique": false, "Plans": [{"Node Type": "Seq Scan", "Parent Relationship": "Outer", "Parallel Aware": false, "Relation Name": "posts", "Schema": "public", "Alias": "p", "Startup Cost": 0.0, "Total Cost": 874.79, "Plan Rows": 24190, "Plan Width": 4, "Actual Startup Time": 0.015, "Actual Total Time": 8.339, "Actual Rows": 24165, "Actual Loops": 1, "Output": ["p.id", "p.posttypeid", "p.creationdate", "p.score", "p.viewcount", "p.owneruserid", "p.answercount", "p.commentcount", "p.favoritecount", "p.lasteditoruserid"], "Filter": "(p.posttypeid = 2)", "Rows Removed by Filter": 17018}, {"Node Type": "Index Only Scan", "Parent Relationship": "Inner", "Parallel Aware": false, "Scan Direction": "Forward", "Index Name": "idx_badges_userid", "Relation Name": "badges", "Schema": "public", "Alias": "b", "Startup Cost": 0.29, "Total Cost": 0.35, "Plan Rows": 3, "Plan Width": 4, "Actual Startup Time": 0.001, "Actual Total Time": 0.004, "Actual Rows": 42, "Actual Loops": 24165, "Output": ["b.userid"], "Index Cond": "(b.userid = p.owneruserid)", "Rows Removed by Index Recheck": 0, "Heap Fetches": 0}]}, {"Node Type": "Hash", "Parent Relationship": "Inner", "Parallel Aware": false, "Startup Cost": 3592.18, "Total Cost": 3592.18, "Plan Rows": 86559, "Plan Width": 8, "Actual Startup Time": 41.701, "Actual Total Time": 41.705, "Actual Rows": 86533, "Actual Loops": 1, "Output": ["ph.userid", "u.id"], "Hash Buckets": 131072, "Original Hash Buckets": 131072, "Hash Batches": 1, "Original Hash Batches": 1, "Peak Memory Usage": 4405, "Plans": [{"Node Type": "Hash Join", "Parent Relationship": "Outer", "Parallel Aware": false, "Join Type": "Inner", "Startup Cost": 446.04, "Total Cost": 3592.18, "Plan Rows": 86559, "Plan Width": 8, "Actual Startup Time": 7.73, "Actual Total Time": 32.33, "Actual Rows": 86533, "Actual Loops": 1, "Output": ["ph.userid", "u.id"], "Inner Unique": true, "Hash Cond": "(ph.userid = u.id)", "Plans": [{"Node Type": "Seq Scan", "Parent Relationship": "Outer", "Parallel Aware": false, "Relation Name": "posthistory", "Schema": "public", "Alias": "ph", "Startup Cost": 0.0, "Total Cost": 2897.91, "Plan Rows": 94538, "Plan Width": 4, "Actual Startup Time": 3.828, "Actual Total Time": 15.828, "Actual Rows": 94491, "Actual Loops": 1, "Output": ["ph.id", "ph.posthistorytypeid", "ph.postid", "ph.creationdate", "ph.userid"], "Filter": "((ph.creationdate >= '2011-07-27 18:08:19'::timestamp without time zone) AND (ph.creationdate <= '2015-09-10 08:22:43'::timestamp without time zone))", "Rows Removed by Filter": 35503}, {"Node Type": "Hash", "Parent Relationship": "Inner", "Parallel Aware": false, "Startup Cost": 259.35, "Total Cost": 259.35, "Plan Rows": 14935, "Plan Width": 4, "Actual Startup Time": 3.825, "Actual Total Time": 3.825, "Actual Rows": 14935, "Actual Loops": 1, "Output": ["u.id"], "Hash Buckets": 16384, "Original Hash Buckets": 16384, "Hash Batches": 1, "Original Hash Batches": 1, "Peak Memory Usage": 654, "Plans": [{"Node Type": "Seq Scan", "Parent Relationship": "Outer", "Parallel Aware": false, "Relation Name": "users", "Schema": "public", "Alias": "u", "Startup Cost": 0.0, "Total Cost": 259.35, "Plan Rows": 14935, "Plan Width": 4, "Actual Startup Time": 0.011, "Actual Total Time": 2.042, "Actual Rows": 14935, "Actual Loops": 1, "Output": ["u.id"]}]}]}]}]}]}, "Planning Time": 4.213, "Triggers": [], "Execution Time": 129271.589}]#####[{"Plan": {"Node Type": "Aggregate", "Strategy": "Plain", "Partial Mode": "Simple", "Parallel Aware": false, "Startup Cost": 170494.65, "Total Cost": 170494.66, "Plan Rows": 1, "Plan Width": 8, "Actual Startup Time": 423564.897, "Actual Total Time": 423564.901, "Actual Rows": 1, "Actual Loops": 1, "Output": ["count(*)"], "Plans": [{"Node Type": "Nested Loop", "Parent Relationship": "Outer", "Parallel Aware": false, "Join Type": "Inner", "Startup Cost": 3.77, "Total Cost": 132841.57, "Plan Rows": 15061231, "Plan Width": 0, "Actual Startup Time": 414.046, "Actual Total Time": 374350.405, "Actual Rows": 1373083196, "Actual Loops": 1, "Inner Unique": false, "Plans": [{"Node Type": "Merge Join", "Parent Relationship": "Outer", "Parallel Aware": false, "Join Type": "Inner", "Startup Cost": 3.47, "Total Cost": 80527.29, "Plan Rows": 51508, "Plan Width": 12, "Actual Startup Time": 0.489, "Actual Total Time": 284.522, "Actual Rows": 1019250, "Actual Loops": 1, "Output": ["p.owneruserid", "u.id", "b.userid"], "Inner Unique": false, "Merge Cond": "(b.userid = u.id)", "Plans": [{"Node Type": "Index Only Scan", "Parent Relationship": "Outer", "Parallel Aware": false, "Scan Direction": "Forward", "Index Name": "idx_badges_userid", "Relation Name": "badges", "Schema": "public", "Alias": "b", "Startup Cost": 0.29, "Total Cost": 713.65, "Plan Rows": 32624, "Plan Width": 4, "Actual Startup Time": 0.023, "Actual Total Time": 3.662, "Actual Rows": 32624, "Actual Loops": 1, "Output": ["b.userid"], "Heap Fetches": 0}, {"Node Type": "Materialize", "Parent Relationship": "Inner", "Parallel Aware": false, "Startup Cost": 0.57, "Total Cost": 8476.05, "Plan Rows": 2358000, "Plan Width": 8, "Actual Startup Time": 0.462, "Actual Total Time": 108.254, "Actual Rows": 1019437, "Actual Loops": 1, "Output": ["p.owneruserid", "u.id"], "Plans": [{"Node Type": "Merge Join", "Parent Relationship": "Outer", "Parallel Aware": false, "Join Type": "Inner", "Startup Cost": 0.57, "Total Cost": 2581.05, "Plan Rows": 2358000, "Plan Width": 8, "Actual Startup Time": 0.458, "Actual Total Time": 23.758, "Actual Rows": 23625, "Actual Loops": 1, "Output": ["p.owneruserid", "u.id"], "Inner Unique": true, "Merge Cond": "(p.owneruserid = u.id)", "Plans": [{"Node Type": "Index Scan", "Parent Relationship": "Outer", "Parallel Aware": false, "Scan Direction": "Forward", "Index Name": "idx_posts_owneruserid", "Relation Name": "posts", "Schema": "public", "Alias": "p", "Startup Cost": 0.29, "Total Cost": 1904.15, "Plan Rows": 24190, "Plan Width": 4, "Actual Startup Time": 0.431, "Actual Total Time": 18.343, "Actual Rows": 23635, "Actual Loops": 1, "Output": ["p.id", "p.posttypeid", "p.creationdate", "p.score", "p.viewcount", "p.owneruserid", "p.answercount", "p.commentcount", "p.favoritecount", "p.lasteditoruserid"], "Filter": "(p.posttypeid = 2)", "Rows Removed by Filter": 16506}, {"Node Type": "Index Only Scan", "Parent Relationship": "Inner", "Parallel Aware": false, "Scan Direction": "Forward", "Index Name": "users_pkey", "Relation Name": "users", "Schema": "public", "Alias": "u", "Startup Cost": 0.29, "Total Cost": 396.31, "Plan Rows": 14935, "Plan Width": 4, "Actual Startup Time": 0.024, "Actual Total Time": 1.345, "Actual Rows": 14935, "Actual Loops": 1, "Output": ["u.id"], "Heap Fetches": 0}]}]}]}, {"Node Type": "Index Scan", "Parent Relationship": "Inner", "Parallel Aware": false, "Scan Direction": "Forward", "Index Name": "idx_posthistory_userid", "Relation Name": "posthistory", "Schema": "public", "Alias": "ph", "Startup Cost": 0.29, "Total Cost": 0.88, "Plan Rows": 14, "Plan Width": 4, "Actual Startup Time": 0.077, "Actual Total Time": 0.299, "Actual Rows": 1347, "Actual Loops": 1019250, "Output": ["ph.id", "ph.posthistorytypeid", "ph.postid", "ph.creationdate", "ph.userid"], "Index Cond": "(ph.userid = b.userid)", "Rows Removed by Index Recheck": 0, "Filter": "((ph.creationdate >= '2011-07-27 18:08:19'::timestamp without time zone) AND (ph.creationdate <= '2015-09-10 08:22:43'::timestamp without time zone))", "Rows Removed by Filter": 584}]}]}, "Planning Time": 4.286, "Triggers": [], "Execution Time": 423565.054}]
[{"Plan": {"Node Type": "Aggregate", "Strategy": "Plain", "Partial Mode": "Simple", "Parallel Aware": false, "Startup Cost": 18030.6, "Total Cost": 18030.6, "Plan Rows": 1, "Plan Width": 8, "Actual Startup Time": 234.76, "Actual Total Time": 234.771, "Actual Rows": 1, "Actual Loops": 1, "Output": ["count(*)"], "Plans": [{"Node Type": "Hash Join", "Parent Relationship": "Outer", "Parallel Aware": false, "Join Type": "Inner", "Startup Cost": 8493.44, "Total Cost": 17259.9, "Plan Rows": 308278, "Plan Width": 0, "Actual Startup Time": 64.618, "Actual Total Time": 197.33, "Actual Rows": 1128019, "Actual Loops": 1, "Inner Unique": false, "Hash Cond": "(p.owneruserid = u.id)", "Plans": [{"Node Type": "Hash Join", "Parent Relationship": "Outer", "Parallel Aware": false, "Join Type": "Inner", "Startup Cost": 6866.75, "Total Cost": 12440.42, "Plan Rows": 123135, "Plan Width": 4, "Actual Startup Time": 48.341, "Actual Total Time": 97.014, "Actual Rows": 189736, "Actual Loops": 1, "Output": ["p.owneruserid"], "Inner Unique": false, "Hash Cond": "(v.postid = p.id)", "Plans": [{"Node Type": "Seq Scan", "Parent Relationship": "Outer", "Parallel Aware": false, "Relation Name": "votes", "Schema": "public", "Alias": "v", "Startup Cost": 0.0, "Total Cost": 3528.49, "Plan Rows": 162764, "Plan Width": 4, "Actual Startup Time": 0.042, "Actual Total Time": 20.418, "Actual Rows": 163819, "Actual Loops": 1, "Output": ["v.id", "v.postid", "v.votetypeid", "v.creationdate", "v.userid", "v.bountyamount"], "Filter": "((v.creationdate >= '2010-07-20 00:00:00'::timestamp without time zone) AND (v.creationdate <= '2014-09-11 00:00:00'::timestamp without time zone))", "Rows Removed by Filter": 414}, {"Node Type": "Hash", "Parent Relationship": "Inner", "Parallel Aware": false, "Startup Cost": 6477.3, "Total Cost": 6477.3, "Plan Rows": 31156, "Plan Width": 16, "Actual Startup Time": 48.198, "Actual Total Time": 48.204, "Actual Rows": 36678, "Actual Loops": 1, "Output": ["c.postid", "p.owneruserid", "p.id", "ph.postid"], "Hash Buckets": 65536, "Original Hash Buckets": 32768, "Hash Batches": 1, "Original Hash Batches": 1, "Peak Memory Usage": 2228, "Plans": [{"Node Type": "Hash Join", "Parent Relationship": "Outer", "Parallel Aware": false, "Join Type": "Inner", "Startup Cost": 4491.57, "Total Cost": 6477.3, "Plan Rows": 31156, "Plan Width": 16, "Actual Startup Time": 27.233, "Actual Total Time": 43.264, "Actual Rows": 36678, "Actual Loops": 1, "Output": ["c.postid", "p.owneruserid", "p.id", "ph.postid"], "Inner Unique": false, "Hash Cond": "(c.postid = p.id)", "Plans": [{"Node Type": "Seq Scan", "Parent Relationship": "Outer", "Parallel Aware": false, "Relation Name": "comments", "Schema": "public", "Alias": "c", "Startup Cost": 0.0, "Total Cost": 1376.57, "Plan Rows": 79357, "Plan Width": 4, "Actual Startup Time": 0.005, "Actual Total Time": 4.338, "Actual Rows": 79357, "Actual Loops": 1, "Output": ["c.id", "c.postid", "c.score", "c.creationdate", "c.userid"]}, {"Node Type": "Hash", "Parent Relationship": "Inner", "Parallel Aware": false, "Startup Cost": 4289.46, "Total Cost": 4289.46, "Plan Rows": 16169, "Plan Width": 12, "Actual Startup Time": 27.175, "Actual Total Time": 27.18, "Actual Rows": 16463, "Actual Loops": 1, "Output": ["p.owneruserid", "p.id", "ph.postid"], "Hash Buckets": 32768, "Original Hash Buckets": 16384, "Hash Batches": 1, "Original Hash Batches": 1, "Peak Memory Usage": 962, "Plans": [{"Node Type": "Hash Join", "Parent Relationship": "Outer", "Parallel Aware": false, "Join Type": "Inner", "Startup Cost": 1284.14, "Total Cost": 4289.46, "Plan Rows": 16169, "Plan Width": 12, "Actual Startup Time": 7.08, "Actual Total Time": 24.922, "Actual Rows": 16463, "Actual Loops": 1, "Output": ["p.owneruserid", "p.id", "ph.postid"], "Inner Unique": true, "Hash Cond": "(ph.postid = p.id)", "Plans": [{"Node Type": "Seq Scan", "Parent Relationship": "Outer", "Parallel Aware": false, "Relation Name": "posthistory", "Schema": "public", "Alias": "ph", "Startup Cost": 0.0, "Total Cost": 2897.91, "Plan Rows": 40914, "Plan Width": 4, "Actual Startup Time": 0.008, "Actual Total Time": 13.345, "Actual Rows": 41183, "Actual Loops": 1, "Output": ["ph.id", "ph.posthistorytypeid", "ph.postid", "ph.creationdate", "ph.userid"], "Filter": "((ph.creationdate <= '2014-06-23 11:45:23'::timestamp without time zone) AND (ph.posthistorytypeid = 2))", "Rows Removed by Filter": 88811}, {"Node Type": "Hash", "Parent Relationship": "Inner", "Parallel Aware": false, "Startup Cost": 1080.7, "Total Cost": 1080.7, "Plan Rows": 16275, "Plan Width": 8, "Actual Startup Time": 7.015, "Actual Total Time": 7.016, "Actual Rows": 16463, "Actual Loops": 1, "Output": ["p.owneruserid", "p.id"], "Hash Buckets": 32768, "Original Hash Buckets": 16384, "Hash Batches": 1, "Original Hash Batches": 1, "Peak Memory Usage": 898, "Plans": [{"Node Type": "Seq Scan", "Parent Relationship": "Outer", "Parallel Aware": false, "Relation Name": "posts", "Schema": "public", "Alias": "p", "Startup Cost": 0.0, "Total Cost": 1080.7, "Plan Rows": 16275, "Plan Width": 8, "Actual Startup Time": 0.009, "Actual Total Time": 5.238, "Actual Rows": 16463, "Actual Loops": 1, "Output": ["p.owneruserid", "p.id"], "Filter": "((p.answercount >= 0) AND (p.creationdate >= '2010-07-19 19:16:27'::timestamp without time zone) AND (p.creationdate <= '2014-09-10 20:59:09'::timestamp without time zone))", "Rows Removed by Filter": 24720}]}]}]}]}]}]}, {"Node Type": "Hash", "Parent Relationship": "Inner", "Parallel Aware": false, "Startup Cost": 1225.85, "Total Cost": 1225.85, "Plan Rows": 32067, "Plan Width": 8, "Actual Startup Time": 16.094, "Actual Total Time": 16.096, "Actual Rows": 26920, "Actual Loops": 1, "Output": ["b.userid", "u.id"], "Hash Buckets": 32768, "Original Hash Buckets": 32768, "Hash Batches": 1, "Original Hash Batches": 1, "Peak Memory Usage": 1308, "Plans": [{"Node Type": "Hash Join", "Parent Relationship": "Outer", "Parallel Aware": false, "Join Type": "Inner", "Startup Cost": 555.85, "Total Cost": 1225.85, "Plan Rows": 32067, "Plan Width": 8, "Actual Startup Time": 4.662, "Actual Total Time": 12.911, "Actual Rows": 26920, "Actual Loops": 1, "Output": ["b.userid", "u.id"], "Inner Unique": true, "Hash Cond": "(b.userid = u.id)", "Plans": [{"Node Type": "Seq Scan", "Parent Relationship": "Outer", "Parallel Aware": false, "Relation Name": "badges", "Schema": "public", "Alias": "b", "Startup Cost": 0.0, "Total Cost": 584.8, "Plan Rows": 32449, "Plan Width": 4, "Actual Startup Time": 0.043, "Actual Total Time": 3.89, "Actual Rows": 32391, "Actual Loops": 1, "Output": ["b.id", "b.userid", "b.date"], "Filter": "(b.date >= '2010-07-20 00:34:07'::timestamp without time zone)", "Rows Removed by Filter": 233}, {"Node Type": "Hash", "Parent Relationship": "Inner", "Parallel Aware": false, "Startup Cost": 371.36, "Total Cost": 371.36, "Plan Rows": 14759, "Plan Width": 4, "Actual Startup Time": 4.543, "Actual Total Time": 4.544, "Actual Rows": 14760, "Actual Loops": 1, "Output": ["u.id"], "Hash Buckets": 16384, "Original Hash Buckets": 16384, "Hash Batches": 1, "Original Hash Batches": 1, "Peak Memory Usage": 647, "Plans": [{"Node Type": "Seq Scan", "Parent Relationship": "Outer", "Parallel Aware": false, "Relation Name": "users", "Schema": "public", "Alias": "u", "Startup Cost": 0.0, "Total Cost": 371.36, "Plan Rows": 14759, "Plan Width": 4, "Actual Startup Time": 0.014, "Actual Total Time": 2.738, "Actual Rows": 14760, "Actual Loops": 1, "Output": ["u.id"], "Filter": "((u.reputation >= 1) AND (u.reputation <= 1460) AND (u.views >= 0))", "Rows Removed by Filter": 175}]}]}]}]}]}, "Planning Time": 7.741, "Triggers": [], "Execution Time": 235.046}]#####[{"Plan": {"Node Type": "Aggregate", "Strategy": "Plain", "Partial Mode": "Simple", "Parallel Aware": false, "Startup Cost": 21779.75, "Total Cost": 21779.76, "Plan Rows": 1, "Plan Width": 8, "Actual Startup Time": 240.026, "Actual Total Time": 240.036, "Actual Rows": 1, "Actual Loops": 1, "Output": ["count(*)"], "Plans": [{"Node Type": "Hash Join", "Parent Relationship": "Outer", "Parallel Aware": false, "Join Type": "Inner", "Startup Cost": 13108.6, "Total Cost": 14072.78, "Plan Rows": 3082785, "Plan Width": 0, "Actual Startup Time": 117.808, "Actual Total Time": 198.976, "Actual Rows": 1128019, "Actual Loops": 1, "Inner Unique": false, "Hash Cond": "(b.userid = u.id)", "Plans": [{"Node Type": "Seq Scan", "Parent Relationship": "Outer", "Parallel Aware": false, "Relation Name": "badges", "Schema": "public", "Alias": "b", "Startup Cost": 0.0, "Total Cost": 584.8, "Plan Rows": 32449, "Plan Width": 4, "Actual Startup Time": 0.043, "Actual Total Time": 3.767, "Actual Rows": 32391, "Actual Loops": 1, "Output": ["b.id", "b.userid", "b.date"], "Filter": "(b.date >= '2010-07-20 00:34:07'::timestamp without time zone)", "Rows Removed by Filter": 233}, {"Node Type": "Hash", "Parent Relationship": "Inner", "Parallel Aware": false, "Startup Cost": 12960.34, "Total Cost": 12960.34, "Plan Rows": 11861, "Plan Width": 8, "Actual Startup Time": 117.647, "Actual Total Time": 117.654, "Actual Rows": 144667, "Actual Loops": 1, "Output": ["p.owneruserid", "u.id"], "Hash Buckets": 262144, "Original Hash Buckets": 16384, "Hash Batches": 1, "Original Hash Batches": 1, "Peak Memory Usage": 7700, "Plans": [{"Node Type": "Hash Join", "Parent Relationship": "Outer", "Parallel Aware": false, "Join Type": "Inner", "Startup Cost": 7431.88, "Total Cost": 12960.34, "Plan Rows": 11861, "Plan Width": 8, "Actual Startup Time": 55.999, "Actual Total Time": 101.861, "Actual Rows": 144667, "Actual Loops": 1, "Output": ["p.owneruserid", "u.id"], "Inner Unique": false, "Hash Cond": "(v.postid = p.id)", "Plans": [{"Node Type": "Seq Scan", "Parent Relationship": "Outer", "Parallel Aware": false, "Relation Name": "votes", "Schema": "public", "Alias": "v", "Startup Cost": 0.0, "Total Cost": 3528.49, "Plan Rows": 162764, "Plan Width": 4, "Actual Startup Time": 0.065, "Actual Total Time": 19.423, "Actual Rows": 163819, "Actual Loops": 1, "Output": ["v.id", "v.postid", "v.votetypeid", "v.creationdate", "v.userid", "v.bountyamount"], "Filter": "((v.creationdate >= '2010-07-20 00:00:00'::timestamp without time zone) AND (v.creationdate <= '2014-09-11 00:00:00'::timestamp without time zone))", "Rows Removed by Filter": 414}, {"Node Type": "Hash", "Parent Relationship": "Inner", "Parallel Aware": false, "Startup Cost": 7056.73, "Total Cost": 7056.73, "Plan Rows": 30012, "Plan Width": 20, "Actual Startup Time": 55.789, "Actual Total Time": 55.795, "Actual Rows": 32102, "Actual Loops": 1, "Output": ["c.postid", "p.owneruserid", "p.id", "ph.postid", "u.id"], "Hash Buckets": 32768, "Original Hash Buckets": 32768, "Hash Batches": 1, "Original Hash Batches": 1, "Peak Memory Usage": 1887, "Plans": [{"Node Type": "Hash Join", "Parent Relationship": "Outer", "Parallel Aware": false, "Join Type": "Inner", "Startup Cost": 5082.45, "Total Cost": 7056.73, "Plan Rows": 30012, "Plan Width": 20, "Actual Startup Time": 35.262, "Actual Total Time": 51.399, "Actual Rows": 32102, "Actual Loops": 1, "Output": ["c.postid", "p.owneruserid", "p.id", "ph.postid", "u.id"], "Inner Unique": false, "Hash Cond": "(c.postid = p.id)", "Plans": [{"Node Type": "Seq Scan", "Parent Relationship": "Outer", "Parallel Aware": false, "Relation Name": "comments", "Schema": "public", "Alias": "c", "Startup Cost": 0.0, "Total Cost": 1376.57, "Plan Rows": 79357, "Plan Width": 4, "Actual Startup Time": 0.007, "Actual Total Time": 4.38, "Actual Rows": 79357, "Actual Loops": 1, "Output": ["c.id", "c.postid", "c.score", "c.creationdate", "c.userid"]}, {"Node Type": "Hash", "Parent Relationship": "Inner", "Parallel Aware": false, "Startup Cost": 4887.77, "Total Cost": 4887.77, "Plan Rows": 15575, "Plan Width": 16, "Actual Startup Time": 35.182, "Actual Total Time": 35.187, "Actual Rows": 14438, "Actual Loops": 1, "Output": ["p.owneruserid", "p.id", "ph.postid", "u.id"], "Hash Buckets": 16384, "Original Hash Buckets": 16384, "Hash Batches": 1, "Original Hash Batches": 1, "Peak Memory Usage": 805, "Plans": [{"Node Type": "Hash Join", "Parent Relationship": "Outer", "Parallel Aware": false, "Join Type": "Inner", "Startup Cost": 1839.99, "Total Cost": 4887.77, "Plan Rows": 15575, "Plan Width": 16, "Actual Startup Time": 12.212, "Actual Total Time": 33.156, "Actual Rows": 14438, "Actual Loops": 1, "Output": ["p.owneruserid", "p.id", "ph.postid", "u.id"], "Inner Unique": true, "Hash Cond": "(p.owneruserid = u.id)", "Plans": [{"Node Type": "Hash Join", "Parent Relationship": "Outer", "Parallel Aware": false, "Join Type": "Inner", "Startup Cost": 1284.14, "Total Cost": 4289.46, "Plan Rows": 16169, "Plan Width": 12, "Actual Startup Time": 8.055, "Actual Total Time": 26.277, "Actual Rows": 16463, "Actual Loops": 1, "Output": ["p.owneruserid", "p.id", "ph.postid"], "Inner Unique": true, "Hash Cond": "(ph.postid = p.id)", "Plans": [{"Node Type": "Seq Scan", "Parent Relationship": "Outer", "Parallel Aware": false, "Relation Name": "posthistory", "Schema": "public", "Alias": "ph", "Startup Cost": 0.0, "Total Cost": 2897.91, "Plan Rows": 40914, "Plan Width": 4, "Actual Startup Time": 0.011, "Actual Total Time": 13.441, "Actual Rows": 41183, "Actual Loops": 1, "Output": ["ph.id", "ph.posthistorytypeid", "ph.postid", "ph.creationdate", "ph.userid"], "Filter": "((ph.creationdate <= '2014-06-23 11:45:23'::timestamp without time zone) AND (ph.posthistorytypeid = 2))", "Rows Removed by Filter": 88811}, {"Node Type": "Hash", "Parent Relationship": "Inner", "Parallel Aware": false, "Startup Cost": 1080.7, "Total Cost": 1080.7, "Plan Rows": 16275, "Plan Width": 8, "Actual Startup Time": 7.983, "Actual Total Time": 7.984, "Actual Rows": 16463, "Actual Loops": 1, "Output": ["p.owneruserid", "p.id"], "Hash Buckets": 32768, "Original Hash Buckets": 16384, "Hash Batches": 1, "Original Hash Batches": 1, "Peak Memory Usage": 898, "Plans": [{"Node Type": "Seq Scan", "Parent Relationship": "Outer", "Parallel Aware": false, "Relation Name": "posts", "Schema": "public", "Alias": "p", "Startup Cost": 0.0, "Total Cost": 1080.7, "Plan Rows": 16275, "Plan Width": 8, "Actual Startup Time": 0.01, "Actual Total Time": 6.009, "Actual Rows": 16463, "Actual Loops": 1, "Output": ["p.owneruserid", "p.id"], "Filter": "((p.answercount >= 0) AND (p.creationdate >= '2010-07-19 19:16:27'::timestamp without time zone) AND (p.creationdate <= '2014-09-10 20:59:09'::timestamp without time zone))", "Rows Removed by Filter": 24720}]}]}, {"Node Type": "Hash", "Parent Relationship": "Inner", "Parallel Aware": false, "Startup Cost": 371.36, "Total Cost": 371.36, "Plan Rows": 14759, "Plan Width": 4, "Actual Startup Time": 4.087, "Actual Total Time": 4.088, "Actual Rows": 14760, "Actual Loops": 1, "Output": ["u.id"], "Hash Buckets": 16384, "Original Hash Buckets": 16384, "Hash Batches": 1, "Original Hash Batches": 1, "Peak Memory Usage": 647, "Plans": [{"Node Type": "Seq Scan", "Parent Relationship": "Outer", "Parallel Aware": false, "Relation Name": "users", "Schema": "public", "Alias": "u", "Startup Cost": 0.0, "Total Cost": 371.36, "Plan Rows": 14759, "Plan Width": 4, "Actual Startup Time": 0.014, "Actual Total Time": 2.479, "Actual Rows": 14760, "Actual Loops": 1, "Output": ["u.id"], "Filter": "((u.reputation >= 1) AND (u.reputation <= 1460) AND (u.views >= 0))", "Rows Removed by Filter": 175}]}]}]}]}]}]}]}]}]}, "Planning Time": 7.737, "Triggers": [], "Execution Time": 240.394}]#####[{"Plan": {"Node Type": "Aggregate", "Strategy": "Plain", "Partial Mode": "Simple", "Parallel Aware": false, "Startup Cost": 21072.06, "Total Cost": 21072.07, "Plan Rows": 1, "Plan Width": 8, "Actual Startup Time": 597.574, "Actual Total Time": 597.584, "Actual Rows": 1, "Actual Loops": 1, "Output": ["count(*)"], "Plans": [{"Node Type": "Nested Loop", "Parent Relationship": "Outer", "Parallel Aware": false, "Join Type": "Inner", "Startup Cost": 6118.56, "Total Cost": 13365.09, "Plan Rows": 3082785, "Plan Width": 0, "Actual Startup Time": 45.225, "Actual Total Time": 553.695, "Actual Rows": 1128019, "Actual Loops": 1, "Inner Unique": false, "Join Filter": "(p.id = v.postid)", "Rows Removed by Join Filter": 0, "Plans": [{"Node Type": "Hash Join", "Parent Relationship": "Outer", "Parallel Aware": false, "Join Type": "Inner", "Startup Cost": 6118.26, "Total Cost": 8911.84, "Plan Rows": 7800, "Plan Width": 12, "Actual Startup Time": 45.197, "Actual Total Time": 86.21, "Actual Rows": 196160, "Actual Loops": 1, "Output": ["c.postid", "p.id", "ph.postid"], "Inner Unique": false, "Hash Cond": "(p.owneruserid = u.id)", "Plans": [{"Node Type": "Hash Join", "Parent Relationship": "Outer", "Parallel Aware": false, "Join Type": "Inner", "Startup Cost": 4491.57, "Total Cost": 6477.3, "Plan Rows": 31156, "Plan Width": 16, "Actual Startup Time": 27.029, "Actual Total Time": 47.038, "Actual Rows": 36678, "Actual Loops": 1, "Output": ["c.postid", "p.owneruserid", "p.id", "ph.postid"], "Inner Unique": false, "Hash Cond": "(c.postid = p.id)", "Plans": [{"Node Type": "Seq Scan", "Parent Relationship": "Outer", "Parallel Aware": false, "Relation Name": "comments", "Schema": "public", "Alias": "c", "Startup Cost": 0.0, "Total Cost": 1376.57, "Plan Rows": 79357, "Plan Width": 4, "Actual Startup Time": 0.005, "Actual Total Time": 4.695, "Actual Rows": 79357, "Actual Loops": 1, "Output": ["c.id", "c.postid", "c.score", "c.creationdate", "c.userid"]}, {"Node Type": "Hash", "Parent Relationship": "Inner", "Parallel Aware": false, "Startup Cost": 4289.46, "Total Cost": 4289.46, "Plan Rows": 16169, "Plan Width": 12, "Actual Startup Time": 26.957, "Actual Total Time": 26.961, "Actual Rows": 16463, "Actual Loops": 1, "Output": ["p.owneruserid", "p.id", "ph.postid"], "Hash Buckets": 32768, "Original Hash Buckets": 16384, "Hash Batches": 1, "Original Hash Batches": 1, "Peak Memory Usage": 962, "Plans": [{"Node Type": "Hash Join", "Parent Relationship": "Outer", "Parallel Aware": false, "Join Type": "Inner", "Startup Cost": 1284.14, "Total Cost": 4289.46, "Plan Rows": 16169, "Plan Width": 12, "Actual Startup Time": 7.195, "Actual Total Time": 24.787, "Actual Rows": 16463, "Actual Loops": 1, "Output": ["p.owneruserid", "p.id", "ph.postid"], "Inner Unique": true, "Hash Cond": "(ph.postid = p.id)", "Plans": [{"Node Type": "Seq Scan", "Parent Relationship": "Outer", "Parallel Aware": false, "Relation Name": "posthistory", "Schema": "public", "Alias": "ph", "Startup Cost": 0.0, "Total Cost": 2897.91, "Plan Rows": 40914, "Plan Width": 4, "Actual Startup Time": 0.009, "Actual Total Time": 13.24, "Actual Rows": 41183, "Actual Loops": 1, "Output": ["ph.id", "ph.posthistorytypeid", "ph.postid", "ph.creationdate", "ph.userid"], "Filter": "((ph.creationdate <= '2014-06-23 11:45:23'::timestamp without time zone) AND (ph.posthistorytypeid = 2))", "Rows Removed by Filter": 88811}, {"Node Type": "Hash", "Parent Relationship": "Inner", "Parallel Aware": false, "Startup Cost": 1080.7, "Total Cost": 1080.7, "Plan Rows": 16275, "Plan Width": 8, "Actual Startup Time": 7.129, "Actual Total Time": 7.131, "Actual Rows": 16463, "Actual Loops": 1, "Output": ["p.owneruserid", "p.id"], "Hash Buckets": 32768, "Original Hash Buckets": 16384, "Hash Batches": 1, "Original Hash Batches": 1, "Peak Memory Usage": 898, "Plans": [{"Node Type": "Seq Scan", "Parent Relationship": "Outer", "Parallel Aware": false, "Relation Name": "posts", "Schema": "public", "Alias": "p", "Startup Cost": 0.0, "Total Cost": 1080.7, "Plan Rows": 16275, "Plan Width": 8, "Actual Startup Time": 0.009, "Actual Total Time": 5.313, "Actual Rows": 16463, "Actual Loops": 1, "Output": ["p.owneruserid", "p.id"], "Filter": "((p.answercount >= 0) AND (p.creationdate >= '2010-07-19 19:16:27'::timestamp without time zone) AND (p.creationdate <= '2014-09-10 20:59:09'::timestamp without time zone))", "Rows Removed by Filter": 24720}]}]}]}]}, {"Node Type": "Hash", "Parent Relationship": "Inner", "Parallel Aware": false, "Startup Cost": 1225.85, "Total Cost": 1225.85, "Plan Rows": 32067, "Plan Width": 8, "Actual Startup Time": 17.993, "Actual Total Time": 17.995, "Actual Rows": 26920, "Actual Loops": 1, "Output": ["b.userid", "u.id"], "Hash Buckets": 32768, "Original Hash Buckets": 32768, "Hash Batches": 1, "Original Hash Batches": 1, "Peak Memory Usage": 1308, "Plans": [{"Node Type": "Hash Join", "Parent Relationship": "Outer", "Parallel Aware": false, "Join Type": "Inner", "Startup Cost": 555.85, "Total Cost": 1225.85, "Plan Rows": 32067, "Plan Width": 8, "Actual Startup Time": 5.616, "Actual Total Time": 14.546, "Actual Rows": 26920, "Actual Loops": 1, "Output": ["b.userid", "u.id"], "Inner Unique": true, "Hash Cond": "(b.userid = u.id)", "Plans": [{"Node Type": "Seq Scan", "Parent Relationship": "Outer", "Parallel Aware": false, "Relation Name": "badges", "Schema": "public", "Alias": "b", "Startup Cost": 0.0, "Total Cost": 584.8, "Plan Rows": 32449, "Plan Width": 4, "Actual Startup Time": 0.039, "Actual Total Time": 4.23, "Actual Rows": 32391, "Actual Loops": 1, "Output": ["b.id", "b.userid", "b.date"], "Filter": "(b.date >= '2010-07-20 00:34:07'::timestamp without time zone)", "Rows Removed by Filter": 233}, {"Node Type": "Hash", "Parent Relationship": "Inner", "Parallel Aware": false, "Startup Cost": 371.36, "Total Cost": 371.36, "Plan Rows": 14759, "Plan Width": 4, "Actual Startup Time": 5.503, "Actual Total Time": 5.504, "Actual Rows": 14760, "Actual Loops": 1, "Output": ["u.id"], "Hash Buckets": 16384, "Original Hash Buckets": 16384, "Hash Batches": 1, "Original Hash Batches": 1, "Peak Memory Usage": 647, "Plans": [{"Node Type": "Seq Scan", "Parent Relationship": "Outer", "Parallel Aware": false, "Relation Name": "users", "Schema": "public", "Alias": "u", "Startup Cost": 0.0, "Total Cost": 371.36, "Plan Rows": 14759, "Plan Width": 4, "Actual Startup Time": 0.014, "Actual Total Time": 3.256, "Actual Rows": 14760, "Actual Loops": 1, "Output": ["u.id"], "Filter": "((u.reputation >= 1) AND (u.reputation <= 1460) AND (u.views >= 0))", "Rows Removed by Filter": 175}]}]}]}]}, {"Node Type": "Index Scan", "Parent Relationship": "Inner", "Parallel Aware": false, "Scan Direction": "Forward", "Index Name": "idx_votes_postid", "Relation Name": "votes", "Schema": "public", "Alias": "v", "Startup Cost": 0.29, "Total Cost": 0.5, "Plan Rows": 6, "Plan Width": 4, "Actual Startup Time": 0.001, "Actual Total Time": 0.002, "Actual Rows": 6, "Actual Loops": 196160, "Output": ["v.id", "v.postid", "v.votetypeid", "v.creationdate", "v.userid", "v.bountyamount"], "Index Cond": "(v.postid = c.postid)", "Rows Removed by Index Recheck": 0, "Filter": "((v.creationdate >= '2010-07-20 00:00:00'::timestamp without time zone) AND (v.creationdate <= '2014-09-11 00:00:00'::timestamp without time zone))", "Rows Removed by Filter": 0}]}]}, "Planning Time": 6.683, "Triggers": [], "Execution Time": 597.814}]
[{"Plan": {"Node Type": "Aggregate", "Strategy": "Plain", "Partial Mode": "Simple", "Parallel Aware": false, "Startup Cost": 1084.98, "Total Cost": 1084.99, "Plan Rows": 1, "Plan Width": 8, "Actual Startup Time": 19.56, "Actual Total Time": 19.563, "Actual Rows": 1, "Actual Loops": 1, "Output": ["count(*)"], "Plans": [{"Node Type": "Nested Loop", "Parent Relationship": "Outer", "Parallel Aware": false, "Join Type": "Inner", "Startup Cost": 1.16, "Total Cost": 984.33, "Plan Rows": 40261, "Plan Width": 0, "Actual Startup Time": 4.512, "Actual Total Time": 19.381, "Actual Rows": 4164, "Actual Loops": 1, "Inner Unique": false, "Join Filter": "(u.id = c.userid)", "Rows Removed by Join Filter": 0, "Plans": [{"Node Type": "Merge Join", "Parent Relationship": "Outer", "Parallel Aware": false, "Join Type": "Inner", "Startup Cost": 0.87, "Total Cost": 903.0, "Plan Rows": 82, "Plan Width": 12, "Actual Startup Time": 4.493, "Actual Total Time": 16.97, "Actual Rows": 555, "Actual Loops": 1, "Output": ["v.userid", "b.userid", "u.id"], "Inner Unique": true, "Merge Cond": "(v.userid = u.id)", "Plans": [{"Node Type": "Merge Join", "Parent Relationship": "Outer", "Parallel Aware": false, "Join Type": "Inner", "Startup Cost": 0.58, "Total Cost": 1436.84, "Plan Rows": 988, "Plan Width": 8, "Actual Startup Time": 0.134, "Actual Total Time": 13.34, "Actual Rows": 9703, "Actual Loops": 1, "Output": ["v.userid", "b.userid"], "Inner Unique": false, "Merge Cond": "(v.userid = b.userid)", "Plans": [{"Node Type": "Index Scan", "Parent Relationship": "Outer", "Parallel Aware": false, "Scan Direction": "Forward", "Index Name": "idx_votes_userid", "Relation Name": "votes", "Schema": "public", "Alias": "v", "Startup Cost": 0.29, "Total Cost": 6730.74, "Plan Rows": 629, "Plan Width": 4, "Actual Startup Time": 0.019, "Actual Total Time": 9.149, "Actual Rows": 406, "Actual Loops": 1, "Output": ["v.id", "v.postid", "v.votetypeid", "v.creationdate", "v.userid", "v.bountyamount"], "Filter": "((v.bountyamount >= 0) AND (v.creationdate <= '2014-09-09 00:00:00'::timestamp without time zone))", "Rows Removed by Filter": 18039}, {"Node Type": "Index Only Scan", "Parent Relationship": "Inner", "Parallel Aware": false, "Scan Direction": "Forward", "Index Name": "idx_badges_userid", "Relation Name": "badges", "Schema": "public", "Alias": "b", "Startup Cost": 0.29, "Total Cost": 713.65, "Plan Rows": 32624, "Plan Width": 4, "Actual Startup Time": 0.015, "Actual Total Time": 2.534, "Actual Rows": 37313, "Actual Loops": 1, "Output": ["b.userid"], "Heap Fetches": 0}]}, {"Node Type": "Index Scan", "Parent Relationship": "Inner", "Parallel Aware": false, "Scan Direction": "Forward", "Index Name": "users_pkey", "Relation Name": "users", "Schema": "public", "Alias": "u", "Startup Cost": 0.29, "Total Cost": 733.33, "Plan Rows": 13135, "Plan Width": 4, "Actual Startup Time": 0.015, "Actual Total Time": 2.808, "Actual Rows": 13132, "Actual Loops": 1, "Output": ["u.id", "u.reputation", "u.creationdate", "u.views", "u.upvotes", "u.downvotes"], "Filter": "((u.reputation >= 1) AND (u.views >= 0) AND (u.views <= 48) AND (u.downvotes <= 16) AND (u.upvotes >= 0) AND (u.upvotes <= 14))", "Rows Removed by Filter": 1256}]}, {"Node Type": "Index Scan", "Parent Relationship": "Inner", "Parallel Aware": false, "Scan Direction": "Forward", "Index Name": "idx_comments_userid", "Relation Name": "comments", "Schema": "public", "Alias": "c", "Startup Cost": 0.29, "Total Cost": 0.75, "Plan Rows": 19, "Plan Width": 4, "Actual Startup Time": 0.001, "Actual Total Time": 0.004, "Actual Rows": 8, "Actual Loops": 555, "Output": ["c.id", "c.postid", "c.score", "c.creationdate", "c.userid"], "Index Cond": "(c.userid = b.userid)", "Rows Removed by Index Recheck": 0, "Filter": "(c.creationdate >= '2010-07-19 20:46:12'::timestamp without time zone)", "Rows Removed by Filter": 0}]}]}, "Planning Time": 1.505, "Triggers": [], "Execution Time": 19.646}]#####[{"Plan": {"Node Type": "Aggregate", "Strategy": "Plain", "Partial Mode": "Simple", "Parallel Aware": false, "Startup Cost": 4301.8, "Total Cost": 4301.81, "Plan Rows": 1, "Plan Width": 8, "Actual Startup Time": 30.346, "Actual Total Time": 30.352, "Actual Rows": 1, "Actual Loops": 1, "Output": ["count(*)"], "Plans": [{"Node Type": "Hash Join", "Parent Relationship": "Outer", "Parallel Aware": false, "Join Type": "Inner", "Startup Cost": 1005.5, "Total Cost": 3295.27, "Plan Rows": 402612, "Plan Width": 0, "Actual Startup Time": 17.041, "Actual Total Time": 30.186, "Actual Rows": 4164, "Actual Loops": 1, "Inner Unique": false, "Hash Cond": "(c.userid = u.id)", "Plans": [{"Node Type": "Seq Scan", "Parent Relationship": "Outer", "Parallel Aware": false, "Relation Name": "comments", "Schema": "public", "Alias": "c", "Startup Cost": 0.0, "Total Cost": 1574.96, "Plan Rows": 78579, "Plan Width": 4, "Actual Startup Time": 0.012, "Actual Total Time": 8.748, "Actual Rows": 79276, "Actual Loops": 1, "Output": ["c.id", "c.postid", "c.score", "c.creationdate", "c.userid"], "Filter": "(c.creationdate >= '2010-07-19 20:46:12'::timestamp without time zone)", "Rows Removed by Filter": 81}, {"Node Type": "Hash", "Parent Relationship": "Inner", "Parallel Aware": false, "Startup Cost": 903.0, "Total Cost": 903.0, "Plan Rows": 8200, "Plan Width": 12, "Actual Startup Time": 16.68, "Actual Total Time": 16.681, "Actual Rows": 555, "Actual Loops": 1, "Output": ["v.userid", "b.userid", "u.id"], "Hash Buckets": 16384, "Original Hash Buckets": 16384, "Hash Batches": 1, "Original Hash Batches": 1, "Peak Memory Usage": 152, "Plans": [{"Node Type": "Merge Join", "Parent Relationship": "Outer", "Parallel Aware": false, "Join Type": "Inner", "Startup Cost": 0.87, "Total Cost": 903.0, "Plan Rows": 8200, "Plan Width": 12, "Actual Startup Time": 4.311, "Actual Total Time": 16.602, "Actual Rows": 555, "Actual Loops": 1, "Output": ["v.userid", "b.userid", "u.id"], "Inner Unique": true, "Merge Cond": "(v.userid = u.id)", "Plans": [{"Node Type": "Merge Join", "Parent Relationship": "Outer", "Parallel Aware": false, "Join Type": "Inner", "Startup Cost": 0.58, "Total Cost": 1436.84, "Plan Rows": 988, "Plan Width": 8, "Actual Startup Time": 0.113, "Actual Total Time": 12.935, "Actual Rows": 9703, "Actual Loops": 1, "Output": ["v.userid", "b.userid"], "Inner Unique": false, "Merge Cond": "(v.userid = b.userid)", "Plans": [{"Node Type": "Index Scan", "Parent Relationship": "Outer", "Parallel Aware": false, "Scan Direction": "Forward", "Index Name": "idx_votes_userid", "Relation Name": "votes", "Schema": "public", "Alias": "v", "Startup Cost": 0.29, "Total Cost": 6730.74, "Plan Rows": 629, "Plan Width": 4, "Actual Startup Time": 0.013, "Actual Total Time": 8.857, "Actual Rows": 406, "Actual Loops": 1, "Output": ["v.id", "v.postid", "v.votetypeid", "v.creationdate", "v.userid", "v.bountyamount"], "Filter": "((v.bountyamount >= 0) AND (v.creationdate <= '2014-09-09 00:00:00'::timestamp without time zone))", "Rows Removed by Filter": 18039}, {"Node Type": "Index Only Scan", "Parent Relationship": "Inner", "Parallel Aware": false, "Scan Direction": "Forward", "Index Name": "idx_badges_userid", "Relation Name": "badges", "Schema": "public", "Alias": "b", "Startup Cost": 0.29, "Total Cost": 713.65, "Plan Rows": 32624, "Plan Width": 4, "Actual Startup Time": 0.013, "Actual Total Time": 2.399, "Actual Rows": 37313, "Actual Loops": 1, "Output": ["b.userid"], "Heap Fetches": 0}]}, {"Node Type": "Index Scan", "Parent Relationship": "Inner", "Parallel Aware": false, "Scan Direction": "Forward", "Index Name": "users_pkey", "Relation Name": "users", "Schema": "public", "Alias": "u", "Startup Cost": 0.29, "Total Cost": 733.33, "Plan Rows": 13135, "Plan Width": 4, "Actual Startup Time": 0.014, "Actual Total Time": 2.844, "Actual Rows": 13132, "Actual Loops": 1, "Output": ["u.id", "u.reputation", "u.creationdate", "u.views", "u.upvotes", "u.downvotes"], "Filter": "((u.reputation >= 1) AND (u.views >= 0) AND (u.views <= 48) AND (u.downvotes <= 16) AND (u.upvotes >= 0) AND (u.upvotes <= 14))", "Rows Removed by Filter": 1256}]}]}]}]}, "Planning Time": 1.503, "Triggers": [], "Execution Time": 30.458}]
[{"Plan": {"Node Type": "Aggregate", "Strategy": "Plain", "Partial Mode": "Simple", "Parallel Aware": false, "Startup Cost": 5817.18, "Total Cost": 5817.19, "Plan Rows": 1, "Plan Width": 8, "Actual Startup Time": 33.145, "Actual Total Time": 33.152, "Actual Rows": 1, "Actual Loops": 1, "Output": ["count(*)"], "Plans": [{"Node Type": "Hash Join", "Parent Relationship": "Outer", "Parallel Aware": false, "Join Type": "Inner", "Startup Cost": 1486.76, "Total Cost": 4861.15, "Plan Rows": 382414, "Plan Width": 0, "Actual Startup Time": 12.371, "Actual Total Time": 30.501, "Actual Rows": 76996, "Actual Loops": 1, "Inner Unique": false, "Hash Cond": "(c.userid = u.id)", "Plans": [{"Node Type": "Seq Scan", "Parent Relationship": "Outer", "Parallel Aware": false, "Relation Name": "comments", "Schema": "public", "Alias": "c", "Startup Cost": 0.0, "Total Cost": 1376.57, "Plan Rows": 79357, "Plan Width": 4, "Actual Startup Time": 0.007, "Actual Total Time": 4.531, "Actual Rows": 79357, "Actual Loops": 1, "Output": ["c.id", "c.postid", "c.score", "c.creationdate", "c.userid"]}, {"Node Type": "Hash", "Parent Relationship": "Inner", "Parallel Aware": false, "Startup Cost": 1099.99, "Total Cost": 1099.99, "Plan Rows": 30942, "Plan Width": 8, "Actual Startup Time": 12.256, "Actual Total Time": 12.26, "Actual Rows": 21351, "Actual Loops": 1, "Output": ["b.userid", "u.id"], "Hash Buckets": 32768, "Original Hash Buckets": 32768, "Hash Batches": 1, "Original Hash Batches": 1, "Peak Memory Usage": 1091, "Plans": [{"Node Type": "Hash Join", "Parent Relationship": "Outer", "Parallel Aware": false, "Join Type": "Inner", "Startup Cost": 511.09, "Total Cost": 1099.99, "Plan Rows": 30942, "Plan Width": 8, "Actual Startup Time": 3.332, "Actual Total Time": 10.011, "Actual Rows": 21351, "Actual Loops": 1, "Output": ["b.userid", "u.id"], "Inner Unique": true, "Hash Cond": "(b.userid = u.id)", "Plans": [{"Node Type": "Seq Scan", "Parent Relationship": "Outer", "Parallel Aware": false, "Relation Name": "badges", "Schema": "public", "Alias": "b", "Startup Cost": 0.0, "Total Cost": 503.24, "Plan Rows": 32624, "Plan Width": 4, "Actual Startup Time": 0.008, "Actual Total Time": 1.836, "Actual Rows": 32624, "Actual Loops": 1, "Output": ["b.id", "b.userid", "b.date"]}, {"Node Type": "Hash", "Parent Relationship": "Inner", "Parallel Aware": false, "Startup Cost": 334.02, "Total Cost": 334.02, "Plan Rows": 14165, "Plan Width": 4, "Actual Startup Time": 3.275, "Actual Total Time": 3.276, "Actual Rows": 14165, "Actual Loops": 1, "Output": ["u.id"], "Hash Buckets": 16384, "Original Hash Buckets": 16384, "Hash Batches": 1, "Original Hash Batches": 1, "Peak Memory Usage": 626, "Plans": [{"Node Type": "Seq Scan", "Parent Relationship": "Outer", "Parallel Aware": false, "Relation Name": "users", "Schema": "public", "Alias": "u", "Startup Cost": 0.0, "Total Cost": 334.02, "Plan Rows": 14165, "Plan Width": 4, "Actual Startup Time": 0.01, "Actual Total Time": 2.007, "Actual Rows": 14165, "Actual Loops": 1, "Output": ["u.id"], "Filter": "((u.views >= 0) AND (u.views <= 40))", "Rows Removed by Filter": 770}]}]}]}]}]}, "Planning Time": 0.938, "Triggers": [], "Execution Time": 33.249}]#####[{"Plan": {"Node Type": "Aggregate", "Strategy": "Plain", "Partial Mode": "Simple", "Parallel Aware": false, "Startup Cost": 10919.5, "Total Cost": 10919.51, "Plan Rows": 1, "Plan Width": 8, "Actual Startup Time": 38.315, "Actual Total Time": 38.32, "Actual Rows": 1, "Actual Loops": 1, "Output": ["count(*)"], "Plans": [{"Node Type": "Nested Loop", "Parent Relationship": "Outer", "Parallel Aware": false, "Join Type": "Inner", "Startup Cost": 511.38, "Total Cost": 1359.15, "Plan Rows": 3824141, "Plan Width": 0, "Actual Startup Time": 3.339, "Actual Total Time": 35.375, "Actual Rows": 76996, "Actual Loops": 1, "Inner Unique": false, "Plans": [{"Node Type": "Hash Join", "Parent Relationship": "Outer", "Parallel Aware": false, "Join Type": "Inner", "Startup Cost": 511.09, "Total Cost": 1099.99, "Plan Rows": 309, "Plan Width": 8, "Actual Startup Time": 3.324, "Actual Total Time": 10.183, "Actual Rows": 21351, "Actual Loops": 1, "Output": ["b.userid", "u.id"], "Inner Unique": true, "Hash Cond": "(b.userid = u.id)", "Plans": [{"Node Type": "Seq Scan", "Parent Relationship": "Outer", "Parallel Aware": false, "Relation Name": "badges", "Schema": "public", "Alias": "b", "Startup Cost": 0.0, "Total Cost": 503.24, "Plan Rows": 32624, "Plan Width": 4, "Actual Startup Time": 0.008, "Actual Total Time": 1.845, "Actual Rows": 32624, "Actual Loops": 1, "Output": ["b.id", "b.userid", "b.date"]}, {"Node Type": "Hash", "Parent Relationship": "Inner", "Parallel Aware": false, "Startup Cost": 334.02, "Total Cost": 334.02, "Plan Rows": 14165, "Plan Width": 4, "Actual Startup Time": 3.252, "Actual Total Time": 3.253, "Actual Rows": 14165, "Actual Loops": 1, "Output": ["u.id"], "Hash Buckets": 16384, "Original Hash Buckets": 16384, "Hash Batches": 1, "Original Hash Batches": 1, "Peak Memory Usage": 626, "Plans": [{"Node Type": "Seq Scan", "Parent Relationship": "Outer", "Parallel Aware": false, "Relation Name": "users", "Schema": "public", "Alias": "u", "Startup Cost": 0.0, "Total Cost": 334.02, "Plan Rows": 14165, "Plan Width": 4, "Actual Startup Time": 0.009, "Actual Total Time": 1.982, "Actual Rows": 14165, "Actual Loops": 1, "Output": ["u.id"], "Filter": "((u.views >= 0) AND (u.views <= 40))", "Rows Removed by Filter": 770}]}]}, {"Node Type": "Index Only Scan", "Parent Relationship": "Inner", "Parallel Aware": false, "Scan Direction": "Forward", "Index Name": "idx_comments_userid", "Relation Name": "comments", "Schema": "public", "Alias": "c", "Startup Cost": 0.29, "Total Cost": 0.65, "Plan Rows": 19, "Plan Width": 4, "Actual Startup Time": 0.001, "Actual Total Time": 0.001, "Actual Rows": 4, "Actual Loops": 21351, "Output": ["c.userid"], "Index Cond": "(c.userid = u.id)", "Rows Removed by Index Recheck": 0, "Heap Fetches": 0}]}]}, "Planning Time": 0.973, "Triggers": [], "Execution Time": 38.401}]
[{"Plan": {"Node Type": "Aggregate", "Strategy": "Plain", "Partial Mode": "Simple", "Parallel Aware": false, "Startup Cost": 969.28, "Total Cost": 969.29, "Plan Rows": 1, "Plan Width": 8, "Actual Startup Time": 43.483, "Actual Total Time": 43.485, "Actual Rows": 1, "Actual Loops": 1, "Output": ["count(*)"], "Plans": [{"Node Type": "Nested Loop", "Parent Relationship": "Outer", "Parallel Aware": false, "Join Type": "Inner", "Startup Cost": 1.16, "Total Cost": 891.26, "Plan Rows": 31209, "Plan Width": 0, "Actual Startup Time": 1.479, "Actual Total Time": 41.722, "Actual Rows": 47200, "Actual Loops": 1, "Inner Unique": false, "Join Filter": "(u.id = c.userid)", "Rows Removed by Join Filter": 0, "Plans": [{"Node Type": "Merge Join", "Parent Relationship": "Outer", "Parallel Aware": false, "Join Type": "Inner", "Startup Cost": 0.87, "Total Cost": 813.52, "Plan Rows": 83, "Plan Width": 12, "Actual Startup Time": 1.463, "Actual Total Time": 24.658, "Actual Rows": 1770, "Actual Loops": 1, "Output": ["v.userid", "b.userid", "u.id"], "Inner Unique": true, "Merge Cond": "(v.userid = u.id)", "Plans": [{"Node Type": "Merge Join", "Parent Relationship": "Outer", "Parallel Aware": false, "Join Type": "Inner", "Startup Cost": 0.58, "Total Cost": 2018.96, "Plan Rows": 906, "Plan Width": 8, "Actual Startup Time": 0.204, "Actual Total Time": 21.256, "Actual Rows": 8725, "Actual Loops": 1, "Output": ["v.userid", "b.userid"], "Inner Unique": false, "Merge Cond": "(v.userid = b.userid)", "Plans": [{"Node Type": "Index Scan", "Parent Relationship": "Outer", "Parallel Aware": false, "Scan Direction": "Forward", "Index Name": "idx_votes_userid", "Relation Name": "votes", "Schema": "public", "Alias": "v", "Startup Cost": 0.29, "Total Cost": 6320.15, "Plan Rows": 629, "Plan Width": 4, "Actual Startup Time": 0.02, "Actual Total Time": 9.097, "Actual Rows": 406, "Actual Loops": 1, "Output": ["v.id", "v.postid", "v.votetypeid", "v.creationdate", "v.userid", "v.bountyamount"], "Filter": "(v.bountyamount >= 0)", "Rows Removed by Filter": 18039}, {"Node Type": "Index Scan", "Parent Relationship": "Inner", "Parallel Aware": false, "Scan Direction": "Forward", "Index Name": "idx_badges_userid", "Relation Name": "badges", "Schema": "public", "Alias": "b", "Startup Cost": 0.29, "Total Cost": 1341.8, "Plan Rows": 29943, "Plan Width": 4, "Actual Startup Time": 0.023, "Actual Total Time": 10.501, "Actual Rows": 34039, "Actual Loops": 1, "Output": ["b.id", "b.userid", "b.date"], "Filter": "((b.date >= '2010-10-30 16:40:27'::timestamp without time zone) AND (b.date <= '2014-07-24 00:51:44'::timestamp without time zone))", "Rows Removed by Filter": 3010}]}, {"Node Type": "Index Scan", "Parent Relationship": "Inner", "Parallel Aware": false, "Scan Direction": "Forward", "Index Name": "users_pkey", "Relation Name": "users", "Schema": "public", "Alias": "u", "Startup Cost": 0.29, "Total Cost": 583.99, "Plan Rows": 14528, "Plan Width": 4, "Actual Startup Time": 0.013, "Actual Total Time": 2.478, "Actual Rows": 13986, "Actual Loops": 1, "Output": ["u.id", "u.reputation", "u.creationdate", "u.views", "u.upvotes", "u.downvotes"], "Filter": "((u.views >= 0) AND (u.upvotes <= 60))", "Rows Removed by Filter": 402}]}, {"Node Type": "Index Scan", "Parent Relationship": "Inner", "Parallel Aware": false, "Scan Direction": "Forward", "Index Name": "idx_comments_userid", "Relation Name": "comments", "Schema": "public", "Alias": "c", "Startup Cost": 0.29, "Total Cost": 0.76, "Plan Rows": 14, "Plan Width": 4, "Actual Startup Time": 0.001, "Actual Total Time": 0.008, "Actual Rows": 27, "Actual Loops": 1770, "Output": ["c.id", "c.postid", "c.score", "c.creationdate", "c.userid"], "Index Cond": "(c.userid = b.userid)", "Rows Removed by Index Recheck": 0, "Filter": "(c.score = 0)", "Rows Removed by Filter": 2}]}]}, "Planning Time": 1.513, "Triggers": [], "Execution Time": 43.568}]#####[{"Plan": {"Node Type": "Aggregate", "Strategy": "Plain", "Partial Mode": "Simple", "Parallel Aware": false, "Startup Cost": 3822.2, "Total Cost": 3822.21, "Plan Rows": 1, "Plan Width": 8, "Actual Startup Time": 48.457, "Actual Total Time": 48.463, "Actual Rows": 1, "Actual Loops": 1, "Output": ["count(*)"], "Plans": [{"Node Type": "Hash Join", "Parent Relationship": "Outer", "Parallel Aware": false, "Join Type": "Inner", "Startup Cost": 917.27, "Total Cost": 3041.96, "Plan Rows": 312094, "Plan Width": 0, "Actual Startup Time": 32.197, "Actual Total Time": 46.835, "Actual Rows": 47200, "Actual Loops": 1, "Inner Unique": false, "Hash Cond": "(c.userid = u.id)", "Plans": [{"Node Type": "Seq Scan", "Parent Relationship": "Outer", "Parallel Aware": false, "Relation Name": "comments", "Schema": "public", "Alias": "c", "Startup Cost": 0.0, "Total Cost": 1574.96, "Plan Rows": 60002, "Plan Width": 4, "Actual Startup Time": 0.016, "Actual Total Time": 7.75, "Actual Rows": 60206, "Actual Loops": 1, "Output": ["c.id", "c.postid", "c.score", "c.creationdate", "c.userid"], "Filter": "(c.score = 0)", "Rows Removed by Filter": 19151}, {"Node Type": "Hash", "Parent Relationship": "Inner", "Parallel Aware": false, "Startup Cost": 813.52, "Total Cost": 813.52, "Plan Rows": 8300, "Plan Width": 12, "Actual Startup Time": 32.055, "Actual Total Time": 32.057, "Actual Rows": 1770, "Actual Loops": 1, "Output": ["v.userid", "b.userid", "u.id"], "Hash Buckets": 16384, "Original Hash Buckets": 16384, "Hash Batches": 1, "Original Hash Batches": 1, "Peak Memory Usage": 205, "Plans": [{"Node Type": "Merge Join", "Parent Relationship": "Outer", "Parallel Aware": false, "Join Type": "Inner", "Startup Cost": 0.87, "Total Cost": 813.52, "Plan Rows": 8300, "Plan Width": 12, "Actual Startup Time": 2.825, "Actual Total Time": 31.779, "Actual Rows": 1770, "Actual Loops": 1, "Output": ["v.userid", "b.userid", "u.id"], "Inner Unique": true, "Merge Cond": "(v.userid = u.id)", "Plans": [{"Node Type": "Merge Join", "Parent Relationship": "Outer", "Parallel Aware": false, "Join Type": "Inner", "Startup Cost": 0.58, "Total Cost": 2018.96, "Plan Rows": 906, "Plan Width": 8, "Actual Startup Time": 0.385, "Actual Total Time": 27.88, "Actual Rows": 8725, "Actual Loops": 1, "Output": ["v.userid", "b.userid"], "Inner Unique": false, "Merge Cond": "(v.userid = b.userid)", "Plans": [{"Node Type": "Index Scan", "Parent Relationship": "Outer", "Parallel Aware": false, "Scan Direction": "Forward", "Index Name": "idx_votes_userid", "Relation Name": "votes", "Schema": "public", "Alias": "v", "Startup Cost": 0.29, "Total Cost": 6320.15, "Plan Rows": 629, "Plan Width": 4, "Actual Startup Time": 0.031, "Actual Total Time": 12.283, "Actual Rows": 406, "Actual Loops": 1, "Output": ["v.id", "v.postid", "v.votetypeid", "v.creationdate", "v.userid", "v.bountyamount"], "Filter": "(v.bountyamount >= 0)", "Rows Removed by Filter": 18039}, {"Node Type": "Index Scan", "Parent Relationship": "Inner", "Parallel Aware": false, "Scan Direction": "Forward", "Index Name": "idx_badges_userid", "Relation Name": "badges", "Schema": "public", "Alias": "b", "Startup Cost": 0.29, "Total Cost": 1341.8, "Plan Rows": 29943, "Plan Width": 4, "Actual Startup Time": 0.047, "Actual Total Time": 13.52, "Actual Rows": 34039, "Actual Loops": 1, "Output": ["b.id", "b.userid", "b.date"], "Filter": "((b.date >= '2010-10-30 16:40:27'::timestamp without time zone) AND (b.date <= '2014-07-24 00:51:44'::timestamp without time zone))", "Rows Removed by Filter": 3010}]}, {"Node Type": "Index Scan", "Parent Relationship": "Inner", "Parallel Aware": false, "Scan Direction": "Forward", "Index Name": "users_pkey", "Relation Name": "users", "Schema": "public", "Alias": "u", "Startup Cost": 0.29, "Total Cost": 583.99, "Plan Rows": 14528, "Plan Width": 4, "Actual Startup Time": 0.028, "Actual Total Time": 2.728, "Actual Rows": 13986, "Actual Loops": 1, "Output": ["u.id", "u.reputation", "u.creationdate", "u.views", "u.upvotes", "u.downvotes"], "Filter": "((u.views >= 0) AND (u.upvotes <= 60))", "Rows Removed by Filter": 402}]}]}]}]}, "Planning Time": 1.55, "Triggers": [], "Execution Time": 48.652}]
[{"Plan": {"Node Type": "Aggregate", "Strategy": "Plain", "Partial Mode": "Simple", "Parallel Aware": false, "Startup Cost": 1535.1, "Total Cost": 1535.11, "Plan Rows": 1, "Plan Width": 8, "Actual Startup Time": 1148.654, "Actual Total Time": 1148.658, "Actual Rows": 1, "Actual Loops": 1, "Output": ["count(*)"], "Plans": [{"Node Type": "Merge Join", "Parent Relationship": "Outer", "Parallel Aware": false, "Join Type": "Inner", "Startup Cost": 1.8, "Total Cost": 1527.71, "Plan Rows": 2953, "Plan Width": 0, "Actual Startup Time": 963.861, "Actual Total Time": 1123.208, "Actual Rows": 709225, "Actual Loops": 1, "Inner Unique": true, "Merge Cond": "(v.userid = u.id)", "Plans": [{"Node Type": "Merge Join", "Parent Relationship": "Outer", "Parallel Aware": false, "Join Type": "Inner", "Startup Cost": 1.51, "Total Cost": 5958.25, "Plan Rows": 383582, "Plan Width": 12, "Actual Startup Time": 0.585, "Actual Total Time": 849.733, "Actual Rows": 5772008, "Actual Loops": 1, "Output": ["v.userid", "p.owneruserid", "b.userid"], "Inner Unique": false, "Merge Cond": "(b.userid = v.userid)", "Plans": [{"Node Type": "Index Only Scan", "Parent Relationship": "Outer", "Parallel Aware": false, "Scan Direction": "Forward", "Index Name": "idx_badges_userid", "Relation Name": "badges", "Schema": "public", "Alias": "b", "Startup Cost": 0.29, "Total Cost": 713.65, "Plan Rows": 32624, "Plan Width": 4, "Actual Startup Time": 0.021, "Actual Total Time": 2.584, "Actual Rows": 32624, "Actual Loops": 1, "Output": ["b.userid"], "Heap Fetches": 0}, {"Node Type": "Materialize", "Parent Relationship": "Inner", "Parallel Aware": false, "Startup Cost": 0.58, "Total Cost": 6071.17, "Plan Rows": 244311, "Plan Width": 8, "Actual Startup Time": 0.56, "Actual Total Time": 259.338, "Actual Rows": 5772026, "Actual Loops": 1, "Output": ["v.userid", "p.owneruserid"], "Plans": [{"Node Type": "Merge Join", "Parent Relationship": "Outer", "Parallel Aware": false, "Join Type": "Inner", "Startup Cost": 0.58, "Total Cost": 5460.39, "Plan Rows": 244311, "Plan Width": 8, "Actual Startup Time": 0.556, "Actual Total Time": 35.265, "Actual Rows": 132916, "Actual Loops": 1, "Output": ["v.userid", "p.owneruserid"], "Inner Unique": false, "Merge Cond": "(p.owneruserid = v.userid)", "Plans": [{"Node Type": "Index Scan", "Parent Relationship": "Outer", "Parallel Aware": false, "Scan Direction": "Forward", "Index Name": "idx_posts_owneruserid", "Relation Name": "posts", "Schema": "public", "Alias": "p", "Startup Cost": 0.29, "Total Cost": 2213.03, "Plan Rows": 15147, "Plan Width": 4, "Actual Startup Time": 0.515, "Actual Total Time": 15.489, "Actual Rows": 14786, "Actual Loops": 1, "Output": ["p.id", "p.posttypeid", "p.creationdate", "p.score", "p.viewcount", "p.owneruserid", "p.answercount", "p.commentcount", "p.favoritecount", "p.lasteditoruserid"], "Filter": "((p.answercount <= 3) AND (p.commentcount >= 0) AND (p.commentcount <= 24) AND (p.creationdate >= '2010-07-19 21:18:12'::timestamp without time zone))", "Rows Removed by Filter": 25329}, {"Node Type": "Materialize", "Parent Relationship": "Inner", "Parallel Aware": false, "Startup Cost": 0.29, "Total Cost": 3458.37, "Plan Rows": 164233, "Plan Width": 4, "Actual Startup Time": 0.031, "Actual Total Time": 7.124, "Actual Rows": 136749, "Actual Loops": 1, "Output": ["v.userid"], "Plans": [{"Node Type": "Index Only Scan", "Parent Relationship": "Outer", "Parallel Aware": false, "Scan Direction": "Forward", "Index Name": "idx_votes_userid", "Relation Name": "votes", "Schema": "public", "Alias": "v", "Startup Cost": 0.29, "Total Cost": 3047.79, "Plan Rows": 164233, "Plan Width": 4, "Actual Startup Time": 0.021, "Actual Total Time": 1.18, "Actual Rows": 15606, "Actual Loops": 1, "Output": ["v.userid"], "Heap Fetches": 0}]}]}]}]}, {"Node Type": "Index Scan", "Parent Relationship": "Inner", "Parallel Aware": false, "Scan Direction": "Forward", "Index Name": "users_pkey", "Relation Name": "users", "Schema": "public", "Alias": "u", "Startup Cost": 0.29, "Total Cost": 546.65, "Plan Rows": 12166, "Plan Width": 4, "Actual Startup Time": 0.856, "Actual Total Time": 2.894, "Actual Rows": 12178, "Actual Loops": 1, "Output": ["u.id", "u.reputation", "u.creationdate", "u.views", "u.upvotes", "u.downvotes"], "Filter": "(u.creationdate >= '2011-04-27 14:37:17'::timestamp without time zone)", "Rows Removed by Filter": 2755}]}]}, "Planning Time": 3.988, "Triggers": [], "Execution Time": 1148.991}]#####[{"Plan": {"Node Type": "Aggregate", "Strategy": "Plain", "Partial Mode": "Simple", "Parallel Aware": false, "Startup Cost": 2817.02, "Total Cost": 2817.03, "Plan Rows": 1, "Plan Width": 8, "Actual Startup Time": 164.542, "Actual Total Time": 164.546, "Actual Rows": 1, "Actual Loops": 1, "Output": ["count(*)"], "Plans": [{"Node Type": "Merge Join", "Parent Relationship": "Outer", "Parallel Aware": false, "Join Type": "Inner", "Startup Cost": 1.25, "Total Cost": 2743.17, "Plan Rows": 29538, "Plan Width": 0, "Actual Startup Time": 38.965, "Actual Total Time": 139.642, "Actual Rows": 709225, "Actual Loops": 1, "Inner Unique": false, "Merge Cond": "(u.id = v.userid)", "Plans": [{"Node Type": "Merge Join", "Parent Relationship": "Outer", "Parallel Aware": false, "Join Type": "Inner", "Startup Cost": 0.67, "Total Cost": 1633.56, "Plan Rows": 26575, "Plan Width": 8, "Actual Startup Time": 2.122, "Actual Total Time": 8.171, "Actual Rows": 19975, "Actual Loops": 1, "Output": ["b.userid", "u.id"], "Inner Unique": true, "Merge Cond": "(b.userid = u.id)", "Plans": [{"Node Type": "Index Only Scan", "Parent Relationship": "Outer", "Parallel Aware": false, "Scan Direction": "Forward", "Index Name": "idx_badges_userid", "Relation Name": "badges", "Schema": "public", "Alias": "b", "Startup Cost": 0.29, "Total Cost": 713.65, "Plan Rows": 32624, "Plan Width": 4, "Actual Startup Time": 0.016, "Actual Total Time": 2.509, "Actual Rows": 32624, "Actual Loops": 1, "Output": ["b.userid"], "Heap Fetches": 0}, {"Node Type": "Index Scan", "Parent Relationship": "Inner", "Parallel Aware": false, "Scan Direction": "Forward", "Index Name": "users_pkey", "Relation Name": "users", "Schema": "public", "Alias": "u", "Startup Cost": 0.29, "Total Cost": 546.65, "Plan Rows": 12166, "Plan Width": 4, "Actual Startup Time": 0.529, "Actual Total Time": 2.607, "Actual Rows": 12178, "Actual Loops": 1, "Output": ["u.id", "u.reputation", "u.creationdate", "u.views", "u.upvotes", "u.downvotes"], "Filter": "(u.creationdate >= '2011-04-27 14:37:17'::timestamp without time zone)", "Rows Removed by Filter": 2755}]}, {"Node Type": "Materialize", "Parent Relationship": "Inner", "Parallel Aware": false, "Startup Cost": 0.58, "Total Cost": 6071.17, "Plan Rows": 244311, "Plan Width": 8, "Actual Startup Time": 0.439, "Actual Total Time": 68.625, "Actual Rows": 801751, "Actual Loops": 1, "Output": ["v.userid", "p.owneruserid"], "Plans": [{"Node Type": "Merge Join", "Parent Relationship": "Outer", "Parallel Aware": false, "Join Type": "Inner", "Startup Cost": 0.58, "Total Cost": 5460.39, "Plan Rows": 244311, "Plan Width": 8, "Actual Startup Time": 0.435, "Actual Total Time": 33.037, "Actual Rows": 132916, "Actual Loops": 1, "Output": ["v.userid", "p.owneruserid"], "Inner Unique": false, "Merge Cond": "(p.owneruserid = v.userid)", "Plans": [{"Node Type": "Index Scan", "Parent Relationship": "Outer", "Parallel Aware": false, "Scan Direction": "Forward", "Index Name": "idx_posts_owneruserid", "Relation Name": "posts", "Schema": "public", "Alias": "p", "Startup Cost": 0.29, "Total Cost": 2213.03, "Plan Rows": 15147, "Plan Width": 4, "Actual Startup Time": 0.412, "Actual Total Time": 13.421, "Actual Rows": 14786, "Actual Loops": 1, "Output": ["p.id", "p.posttypeid", "p.creationdate", "p.score", "p.viewcount", "p.owneruserid", "p.answercount", "p.commentcount", "p.favoritecount", "p.lasteditoruserid"], "Filter": "((p.answercount <= 3) AND (p.commentcount >= 0) AND (p.commentcount <= 24) AND (p.creationdate >= '2010-07-19 21:18:12'::timestamp without time zone))", "Rows Removed by Filter": 25329}, {"Node Type": "Materialize", "Parent Relationship": "Inner", "Parallel Aware": false, "Startup Cost": 0.29, "Total Cost": 3458.37, "Plan Rows": 164233, "Plan Width": 4, "Actual Startup Time": 0.017, "Actual Total Time": 6.836, "Actual Rows": 136749, "Actual Loops": 1, "Output": ["v.userid"], "Plans": [{"Node Type": "Index Only Scan", "Parent Relationship": "Outer", "Parallel Aware": false, "Scan Direction": "Forward", "Index Name": "idx_votes_userid", "Relation Name": "votes", "Schema": "public", "Alias": "v", "Startup Cost": 0.29, "Total Cost": 3047.79, "Plan Rows": 164233, "Plan Width": 4, "Actual Startup Time": 0.013, "Actual Total Time": 1.112, "Actual Rows": 15606, "Actual Loops": 1, "Output": ["v.userid"], "Heap Fetches": 0}]}]}]}]}]}, "Planning Time": 3.993, "Triggers": [], "Execution Time": 164.685}]#####[{"Plan": {"Node Type": "Aggregate", "Strategy": "Plain", "Partial Mode": "Simple", "Parallel Aware": false, "Startup Cost": 23248.57, "Total Cost": 23248.58, "Plan Rows": 1, "Plan Width": 8, "Actual Startup Time": 138.049, "Actual Total Time": 138.053, "Actual Rows": 1, "Actual Loops": 1, "Output": ["count(*)"], "Plans": [{"Node Type": "Merge Join", "Parent Relationship": "Outer", "Parallel Aware": false, "Join Type": "Inner", "Startup Cost": 4.67, "Total Cost": 23174.72, "Plan Rows": 29538, "Plan Width": 0, "Actual Startup Time": 14.526, "Actual Total Time": 113.749, "Actual Rows": 709225, "Actual Loops": 1, "Inner Unique": false, "Merge Cond": "(u.id = b.userid)", "Plans": [{"Node Type": "Merge Join", "Parent Relationship": "Outer", "Parallel Aware": false, "Join Type": "Inner", "Startup Cost": 0.87, "Total Cost": 21968.42, "Plan Rows": 18814, "Plan Width": 12, "Actual Startup Time": 11.231, "Actual Total Time": 29.277, "Actual Rows": 40406, "Actual Loops": 1, "Output": ["v.userid", "p.owneruserid", "u.id"], "Inner Unique": false, "Merge Cond": "(v.userid = u.id)", "Plans": [{"Node Type": "Index Only Scan", "Parent Relationship": "Outer", "Parallel Aware": false, "Scan Direction": "Forward", "Index Name": "idx_votes_userid", "Relation Name": "votes", "Schema": "public", "Alias": "v", "Startup Cost": 0.29, "Total Cost": 3047.79, "Plan Rows": 164233, "Plan Width": 4, "Actual Startup Time": 0.016, "Actual Total Time": 1.206, "Actual Rows": 15606, "Actual Loops": 1, "Output": ["v.userid"], "Heap Fetches": 0}, {"Node Type": "Materialize", "Parent Relationship": "Inner", "Parallel Aware": false, "Startup Cost": 0.57, "Total Cost": 5894.2, "Plan Rows": 1202700, "Plan Width": 8, "Actual Startup Time": 10.216, "Actual Total Time": 23.114, "Actual Rows": 47630, "Actual Loops": 1, "Output": ["p.owneruserid", "u.id"], "Plans": [{"Node Type": "Merge Join", "Parent Relationship": "Outer", "Parallel Aware": false, "Join Type": "Inner", "Startup Cost": 0.57, "Total Cost": 2887.45, "Plan Rows": 1202700, "Plan Width": 8, "Actual Startup Time": 10.209, "Actual Total Time": 20.566, "Actual Rows": 10563, "Actual Loops": 1, "Output": ["p.owneruserid", "u.id"], "Inner Unique": true, "Merge Cond": "(p.owneruserid = u.id)", "Plans": [{"Node Type": "Index Scan", "Parent Relationship": "Outer", "Parallel Aware": false, "Scan Direction": "Forward", "Index Name": "idx_posts_owneruserid", "Relation Name": "posts", "Schema": "public", "Alias": "p", "Startup Cost": 0.29, "Total Cost": 2213.03, "Plan Rows": 15147, "Plan Width": 4, "Actual Startup Time": 0.409, "Actual Total Time": 15.919, "Actual Rows": 14792, "Actual Loops": 1, "Output": ["p.id", "p.posttypeid", "p.creationdate", "p.score", "p.viewcount", "p.owneruserid", "p.answercount", "p.commentcount", "p.favoritecount", "p.lasteditoruserid"], "Filter": "((p.answercount <= 3) AND (p.commentcount >= 0) AND (p.commentcount <= 24) AND (p.creationdate >= '2010-07-19 21:18:12'::timestamp without time zone))", "Rows Removed by Filter": 25335}, {"Node Type": "Index Scan", "Parent Relationship": "Inner", "Parallel Aware": false, "Scan Direction": "Forward", "Index Name": "users_pkey", "Relation Name": "users", "Schema": "public", "Alias": "u", "Startup Cost": 0.29, "Total Cost": 546.65, "Plan Rows": 12166, "Plan Width": 4, "Actual Startup Time": 0.514, "Actual Total Time": 2.688, "Actual Rows": 12179, "Actual Loops": 1, "Output": ["u.id", "u.reputation", "u.creationdate", "u.views", "u.upvotes", "u.downvotes"], "Filter": "(u.creationdate >= '2011-04-27 14:37:17'::timestamp without time zone)", "Rows Removed by Filter": 2755}]}]}]}, {"Node Type": "Materialize", "Parent Relationship": "Inner", "Parallel Aware": false, "Startup Cost": 0.29, "Total Cost": 795.21, "Plan Rows": 32624, "Plan Width": 4, "Actual Startup Time": 0.015, "Actual Total Time": 27.142, "Actual Rows": 736457, "Actual Loops": 1, "Output": ["b.userid"], "Plans": [{"Node Type": "Index Only Scan", "Parent Relationship": "Outer", "Parallel Aware": false, "Scan Direction": "Forward", "Index Name": "idx_badges_userid", "Relation Name": "badges", "Schema": "public", "Alias": "b", "Startup Cost": 0.29, "Total Cost": 713.65, "Plan Rows": 32624, "Plan Width": 4, "Actual Startup Time": 0.013, "Actual Total Time": 2.379, "Actual Rows": 32624, "Actual Loops": 1, "Output": ["b.userid"], "Heap Fetches": 0}]}]}]}, "Planning Time": 4.093, "Triggers": [], "Execution Time": 138.17}]
[{"Plan": {"Node Type": "Aggregate", "Strategy": "Plain", "Partial Mode": "Simple", "Parallel Aware": false, "Startup Cost": 4446.73, "Total Cost": 4446.74, "Plan Rows": 1, "Plan Width": 8, "Actual Startup Time": 84.296, "Actual Total Time": 84.301, "Actual Rows": 1, "Actual Loops": 1, "Output": ["count(*)"], "Plans": [{"Node Type": "Nested Loop", "Parent Relationship": "Outer", "Parallel Aware": false, "Join Type": "Inner", "Startup Cost": 1184.41, "Total Cost": 4443.48, "Plan Rows": 1303, "Plan Width": 0, "Actual Startup Time": 10.817, "Actual Total Time": 78.856, "Actual Rows": 135930, "Actual Loops": 1, "Inner Unique": false, "Join Filter": "(p.id = v.postid)", "Rows Removed by Join Filter": 0, "Plans": [{"Node Type": "Nested Loop", "Parent Relationship": "Outer", "Parallel Aware": false, "Join Type": "Inner", "Startup Cost": 1184.12, "Total Cost": 2687.29, "Plan Rows": 3312, "Plan Width": 16, "Actual Startup Time": 10.802, "Actual Total Time": 25.327, "Actual Rows": 17584, "Actual Loops": 1, "Output": ["c.postid", "p.id", "pl.postid", "ph.postid"], "Inner Unique": false, "Join Filter": "(p.id = ph.postid)", "Rows Removed by Join Filter": 0, "Plans": [{"Node Type": "Nested Loop", "Parent Relationship": "Outer", "Parallel Aware": false, "Join Type": "Inner", "Startup Cost": 1183.82, "Total Cost": 2238.54, "Plan Rows": 1049, "Plan Width": 12, "Actual Startup Time": 10.787, "Actual Total Time": 19.811, "Actual Rows": 2486, "Actual Loops": 1, "Output": ["c.postid", "p.id", "pl.postid"], "Inner Unique": false, "Plans": [{"Node Type": "Nested Loop", "Parent Relationship": "Outer", "Parallel Aware": false, "Join Type": "Inner", "Startup Cost": 1183.53, "Total Cost": 1799.54, "Plan Rows": 747, "Plan Width": 8, "Actual Startup Time": 10.686, "Actual Total Time": 16.109, "Actual Rows": 879, "Actual Loops": 1, "Output": ["p.id", "pl.postid"], "Inner Unique": true, "Plans": [{"Node Type": "Hash Join", "Parent Relationship": "Outer", "Parallel Aware": false, "Join Type": "Inner", "Startup Cost": 1183.24, "Total Cost": 1260.64, "Plan Rows": 1530, "Plan Width": 12, "Actual Startup Time": 10.666, "Actual Total Time": 12.008, "Actual Rows": 3833, "Actual Loops": 1, "Output": ["p.id", "p.lasteditoruserid", "pl.postid"], "Inner Unique": true, "Hash Cond": "(pl.postid = p.id)", "Plans": [{"Node Type": "Seq Scan", "Parent Relationship": "Outer", "Parallel Aware": false, "Relation Name": "postlinks", "Schema": "public", "Alias": "pl", "Startup Cost": 0.0, "Total Cost": 67.33, "Plan Rows": 3833, "Plan Width": 4, "Actual Startup Time": 0.014, "Actual Total Time": 0.245, "Actual Rows": 3833, "Actual Loops": 1, "Output": ["pl.id", "pl.creationdate", "pl.postid", "pl.relatedpostid", "pl.linktypeid"]}, {"Node Type": "Hash", "Parent Relationship": "Inner", "Parallel Aware": false, "Startup Cost": 977.75, "Total Cost": 977.75, "Plan Rows": 16440, "Plan Width": 8, "Actual Startup Time": 10.486, "Actual Total Time": 10.487, "Actual Rows": 16474, "Actual Loops": 1, "Output": ["p.id", "p.lasteditoruserid"], "Hash Buckets": 32768, "Original Hash Buckets": 32768, "Hash Batches": 1, "Original Hash Batches": 1, "Peak Memory Usage": 883, "Plans": [{"Node Type": "Seq Scan", "Parent Relationship": "Outer", "Parallel Aware": false, "Relation Name": "posts", "Schema": "public", "Alias": "p", "Startup Cost": 0.0, "Total Cost": 977.75, "Plan Rows": 16440, "Plan Width": 8, "Actual Startup Time": 0.011, "Actual Total Time": 8.08, "Actual Rows": 16474, "Actual Loops": 1, "Output": ["p.id", "p.lasteditoruserid"], "Filter": "((p.commentcount >= 0) AND (p.posttypeid = 1))", "Rows Removed by Filter": 24709}]}]}, {"Node Type": "Index Scan", "Parent Relationship": "Inner", "Parallel Aware": false, "Scan Direction": "Forward", "Index Name": "users_pkey", "Relation Name": "users", "Schema": "public", "Alias": "u", "Startup Cost": 0.29, "Total Cost": 0.35, "Plan Rows": 1, "Plan Width": 4, "Actual Startup Time": 0.001, "Actual Total Time": 0.001, "Actual Rows": 0, "Actual Loops": 3833, "Output": ["u.id", "u.reputation", "u.creationdate", "u.views", "u.upvotes", "u.downvotes"], "Index Cond": "(u.id = p.lasteditoruserid)", "Rows Removed by Index Recheck": 0, "Filter": "((u.reputation >= 1) AND (u.views >= 0) AND (u.views <= 361) AND (u.upvotes >= 0) AND (u.creationdate <= '2014-09-02 06:39:09'::timestamp without time zone))", "Rows Removed by Filter": 1}]}, {"Node Type": "Index Scan", "Parent Relationship": "Inner", "Parallel Aware": false, "Scan Direction": "Forward", "Index Name": "idx_comments_postid", "Relation Name": "comments", "Schema": "public", "Alias": "c", "Startup Cost": 0.29, "Total Cost": 0.56, "Plan Rows": 3, "Plan Width": 4, "Actual Startup Time": 0.003, "Actual Total Time": 0.004, "Actual Rows": 3, "Actual Loops": 879, "Output": ["c.id", "c.postid", "c.score", "c.creationdate", "c.userid"], "Index Cond": "(c.postid = p.id)", "Rows Removed by Index Recheck": 0, "Filter": "((c.creationdate >= '2010-09-13 16:14:58'::timestamp without time zone) AND (c.score = 0))", "Rows Removed by Filter": 1}]}, {"Node Type": "Index Only Scan", "Parent Relationship": "Inner", "Parallel Aware": false, "Scan Direction": "Forward", "Index Name": "idx_posthistory_postid", "Relation Name": "posthistory", "Schema": "public", "Alias": "ph", "Startup Cost": 0.29, "Total Cost": 0.38, "Plan Rows": 4, "Plan Width": 4, "Actual Startup Time": 0.001, "Actual Total Time": 0.001, "Actual Rows": 7, "Actual Loops": 2486, "Output": ["ph.postid"], "Index Cond": "(ph.postid = c.postid)", "Rows Removed by Index Recheck": 0, "Heap Fetches": 0}]}, {"Node Type": "Index Scan", "Parent Relationship": "Inner", "Parallel Aware": false, "Scan Direction": "Forward", "Index Name": "idx_votes_postid", "Relation Name": "votes", "Schema": "public", "Alias": "v", "Startup Cost": 0.29, "Total Cost": 0.46, "Plan Rows": 6, "Plan Width": 4, "Actual Startup Time": 0.001, "Actual Total Time": 0.002, "Actual Rows": 8, "Actual Loops": 17584, "Output": ["v.id", "v.postid", "v.votetypeid", "v.creationdate", "v.userid", "v.bountyamount"], "Index Cond": "(v.postid = ph.postid)", "Rows Removed by Index Recheck": 0, "Filter": "(v.creationdate >= '2010-07-27 00:00:00'::timestamp without time zone)", "Rows Removed by Filter": 0}]}]}, "Planning Time": 6.648, "Triggers": [], "Execution Time": 84.454}]#####[{"Plan": {"Node Type": "Aggregate", "Strategy": "Plain", "Partial Mode": "Simple", "Parallel Aware": false, "Startup Cost": 11467.2, "Total Cost": 11467.21, "Plan Rows": 1, "Plan Width": 8, "Actual Startup Time": 82.555, "Actual Total Time": 82.562, "Actual Rows": 1, "Actual Loops": 1, "Output": ["count(*)"], "Plans": [{"Node Type": "Hash Join", "Parent Relationship": "Outer", "Parallel Aware": false, "Join Type": "Inner", "Startup Cost": 8665.12, "Total Cost": 11434.62, "Plan Rows": 13030, "Plan Width": 0, "Actual Startup Time": 61.005, "Actual Total Time": 77.584, "Actual Rows": 135930, "Actual Loops": 1, "Inner Unique": false, "Hash Cond": "(pl.postid = p.id)", "Plans": [{"Node Type": "Nested Loop", "Parent Relationship": "Outer", "Parallel Aware": false, "Join Type": "Inner", "Startup Cost": 0.29, "Total Cost": 2494.11, "Plan Rows": 16197, "Plan Width": 8, "Actual Startup Time": 0.029, "Actual Total Time": 7.205, "Actual Rows": 22701, "Actual Loops": 1, "Output": ["pl.postid", "ph.postid"], "Inner Unique": false, "Plans": [{"Node Type": "Seq Scan", "Parent Relationship": "Outer", "Parallel Aware": false, "Relation Name": "postlinks", "Schema": "public", "Alias": "pl", "Startup Cost": 0.0, "Total Cost": 67.33, "Plan Rows": 3833, "Plan Width": 4, "Actual Startup Time": 0.009, "Actual Total Time": 0.218, "Actual Rows": 3833, "Actual Loops": 1, "Output": ["pl.id", "pl.creationdate", "pl.postid", "pl.relatedpostid", "pl.linktypeid"]}, {"Node Type": "Index Only Scan", "Parent Relationship": "Inner", "Parallel Aware": false, "Scan Direction": "Forward", "Index Name": "idx_posthistory_postid", "Relation Name": "posthistory", "Schema": "public", "Alias": "ph", "Startup Cost": 0.29, "Total Cost": 0.59, "Plan Rows": 4, "Plan Width": 4, "Actual Startup Time": 0.001, "Actual Total Time": 0.001, "Actual Rows": 6, "Actual Loops": 3833, "Output": ["ph.postid"], "Index Cond": "(ph.postid = pl.postid)", "Rows Removed by Index Recheck": 0, "Heap Fetches": 0}]}, {"Node Type": "Hash", "Parent Relationship": "Inner", "Parallel Aware": false, "Startup Cost": 8110.39, "Total Cost": 8110.39, "Plan Rows": 44355, "Plan Width": 12, "Actual Startup Time": 60.728, "Actual Total Time": 60.733, "Actual Rows": 33986, "Actual Loops": 1, "Output": ["c.postid", "p.id", "v.postid"], "Hash Buckets": 65536, "Original Hash Buckets": 65536, "Hash Batches": 1, "Original Hash Batches": 1, "Peak Memory Usage": 1973, "Plans": [{"Node Type": "Hash Join", "Parent Relationship": "Outer", "Parallel Aware": false, "Join Type": "Inner", "Startup Cost": 3941.34, "Total Cost": 8110.39, "Plan Rows": 44355, "Plan Width": 12, "Actual Startup Time": 29.593, "Actual Total Time": 57.011, "Actual Rows": 33986, "Actual Loops": 1, "Output": ["c.postid", "p.id", "v.postid"], "Inner Unique": false, "Hash Cond": "(v.postid = p.id)", "Plans": [{"Node Type": "Seq Scan", "Parent Relationship": "Outer", "Parallel Aware": false, "Relation Name": "votes", "Schema": "public", "Alias": "v", "Startup Cost": 0.0, "Total Cost": 3117.91, "Plan Rows": 162024, "Plan Width": 4, "Actual Startup Time": 0.177, "Actual Total Time": 16.073, "Actual Rows": 162293, "Actual Loops": 1, "Output": ["v.id", "v.postid", "v.votetypeid", "v.creationdate", "v.userid", "v.bountyamount"], "Filter": "(v.creationdate >= '2010-07-27 00:00:00'::timestamp without time zone)", "Rows Removed by Filter": 1940}, {"Node Type": "Hash", "Parent Relationship": "Inner", "Parallel Aware": false, "Startup Cost": 3800.41, "Total Cost": 3800.41, "Plan Rows": 11274, "Plan Width": 8, "Actual Startup Time": 29.363, "Actual Total Time": 29.367, "Actual Rows": 7592, "Actual Loops": 1, "Output": ["c.postid", "p.id"], "Hash Buckets": 16384, "Original Hash Buckets": 16384, "Hash Batches": 1, "Original Hash Batches": 1, "Peak Memory Usage": 425, "Plans": [{"Node Type": "Hash Join", "Parent Relationship": "Outer", "Parallel Aware": false, "Join Type": "Inner", "Startup Cost": 1814.69, "Total Cost": 3800.41, "Plan Rows": 11274, "Plan Width": 8, "Actual Startup Time": 11.565, "Actual Total Time": 28.371, "Actual Rows": 7592, "Actual Loops": 1, "Output": ["c.postid", "p.id"], "Inner Unique": true, "Hash Cond": "(p.lasteditoruserid = u.id)", "Plans": [{"Node Type": "Hash Join", "Parent Relationship": "Outer", "Parallel Aware": false, "Join Type": "Inner", "Startup Cost": 1183.24, "Total Cost": 3108.37, "Plan Rows": 23079, "Plan Width": 12, "Actual Startup Time": 7.918, "Actual Total Time": 22.678, "Actual Rows": 25756, "Actual Loops": 1, "Output": ["c.postid", "p.id", "p.lasteditoruserid"], "Inner Unique": true, "Hash Cond": "(c.postid = p.id)", "Plans": [{"Node Type": "Seq Scan", "Parent Relationship": "Outer", "Parallel Aware": false, "Relation Name": "comments", "Schema": "public", "Alias": "c", "Startup Cost": 0.0, "Total Cost": 1773.36, "Plan Rows": 57813, "Plan Width": 4, "Actual Startup Time": 0.248, "Actual Total Time": 9.065, "Actual Rows": 58160, "Actual Loops": 1, "Output": ["c.id", "c.postid", "c.score", "c.creationdate", "c.userid"], "Filter": "((c.creationdate >= '2010-09-13 16:14:58'::timestamp without time zone) AND (c.score = 0))", "Rows Removed by Filter": 21197}, {"Node Type": "Hash", "Parent Relationship": "Inner", "Parallel Aware": false, "Startup Cost": 977.75, "Total Cost": 977.75, "Plan Rows": 16440, "Plan Width": 8, "Actual Startup Time": 7.58, "Actual Total Time": 7.581, "Actual Rows": 16474, "Actual Loops": 1, "Output": ["p.id", "p.lasteditoruserid"], "Hash Buckets": 32768, "Original Hash Buckets": 32768, "Hash Batches": 1, "Original Hash Batches": 1, "Peak Memory Usage": 883, "Plans": [{"Node Type": "Seq Scan", "Parent Relationship": "Outer", "Parallel Aware": false, "Relation Name": "posts", "Schema": "public", "Alias": "p", "Startup Cost": 0.0, "Total Cost": 977.75, "Plan Rows": 16440, "Plan Width": 8, "Actual Startup Time": 0.007, "Actual Total Time": 5.8, "Actual Rows": 16474, "Actual Loops": 1, "Output": ["p.id", "p.lasteditoruserid"], "Filter": "((p.commentcount >= 0) AND (p.posttypeid = 1))", "Rows Removed by Filter": 24709}]}]}, {"Node Type": "Hash", "Parent Relationship": "Inner", "Parallel Aware": false, "Startup Cost": 446.04, "Total Cost": 446.04, "Plan Rows": 14833, "Plan Width": 4, "Actual Startup Time": 3.593, "Actual Total Time": 3.593, "Actual Rows": 14834, "Actual Loops": 1, "Output": ["u.id"], "Hash Buckets": 16384, "Original Hash Buckets": 16384, "Hash Batches": 1, "Original Hash Batches": 1, "Peak Memory Usage": 650, "Plans": [{"Node Type": "Seq Scan", "Parent Relationship": "Outer", "Parallel Aware": false, "Relation Name": "users", "Schema": "public", "Alias": "u", "Startup Cost": 0.0, "Total Cost": 446.04, "Plan Rows": 14833, "Plan Width": 4, "Actual Startup Time": 0.009, "Actual Total Time": 2.242, "Actual Rows": 14834, "Actual Loops": 1, "Output": ["u.id"], "Filter": "((u.reputation >= 1) AND (u.views >= 0) AND (u.views <= 361) AND (u.upvotes >= 0) AND (u.creationdate <= '2014-09-02 06:39:09'::timestamp without time zone))", "Rows Removed by Filter": 101}]}]}]}]}]}]}]}, "Planning Time": 3.32, "Triggers": [], "Execution Time": 82.752}]#####[{"Plan": {"Node Type": "Aggregate", "Strategy": "Plain", "Partial Mode": "Simple", "Parallel Aware": false, "Startup Cost": 7759.46, "Total Cost": 7759.47, "Plan Rows": 1, "Plan Width": 8, "Actual Startup Time": 60.58, "Actual Total Time": 60.588, "Actual Rows": 1, "Actual Loops": 1, "Output": ["count(*)"], "Plans": [{"Node Type": "Hash Join", "Parent Relationship": "Outer", "Parallel Aware": false, "Join Type": "Inner", "Startup Cost": 3363.48, "Total Cost": 7726.89, "Plan Rows": 13030, "Plan Width": 0, "Actual Startup Time": 29.014, "Actual Total Time": 56.031, "Actual Rows": 135930, "Actual Loops": 1, "Inner Unique": false, "Hash Cond": "(ph.postid = p.id)", "Plans": [{"Node Type": "Seq Scan", "Parent Relationship": "Outer", "Parallel Aware": false, "Relation Name": "posthistory", "Schema": "public", "Alias": "ph", "Startup Cost": 0.0, "Total Cost": 2247.94, "Plan Rows": 129994, "Plan Width": 4, "Actual Startup Time": 0.009, "Actual Total Time": 6.349, "Actual Rows": 129994, "Actual Loops": 1, "Output": ["ph.id", "ph.posthistorytypeid", "ph.postid", "ph.creationdate", "ph.userid"]}, {"Node Type": "Hash", "Parent Relationship": "Inner", "Parallel Aware": false, "Startup Cost": 2847.48, "Total Cost": 2847.48, "Plan Rows": 41280, "Plan Width": 16, "Actual Startup Time": 28.667, "Actual Total Time": 28.673, "Actual Rows": 16373, "Actual Loops": 1, "Output": ["c.postid", "p.id", "pl.postid", "v.postid"], "Hash Buckets": 65536, "Original Hash Buckets": 65536, "Hash Batches": 1, "Original Hash Batches": 1, "Peak Memory Usage": 1280, "Plans": [{"Node Type": "Nested Loop", "Parent Relationship": "Outer", "Parallel Aware": false, "Join Type": "Inner", "Startup Cost": 1184.12, "Total Cost": 2847.48, "Plan Rows": 41280, "Plan Width": 16, "Actual Startup Time": 7.83, "Actual Total Time": 26.678, "Actual Rows": 16373, "Actual Loops": 1, "Output": ["c.postid", "p.id", "pl.postid", "v.postid"], "Inner Unique": false, "Join Filter": "(p.id = v.postid)", "Rows Removed by Join Filter": 0, "Plans": [{"Node Type": "Nested Loop", "Parent Relationship": "Outer", "Parallel Aware": false, "Join Type": "Inner", "Startup Cost": 1183.82, "Total Cost": 2238.54, "Plan Rows": 1049, "Plan Width": 12, "Actual Startup Time": 7.817, "Actual Total Time": 16.778, "Actual Rows": 2486, "Actual Loops": 1, "Output": ["c.postid", "p.id", "pl.postid"], "Inner Unique": false, "Plans": [{"Node Type": "Nested Loop", "Parent Relationship": "Outer", "Parallel Aware": false, "Join Type": "Inner", "Startup Cost": 1183.53, "Total Cost": 1799.54, "Plan Rows": 747, "Plan Width": 8, "Actual Startup Time": 7.72, "Actual Total Time": 13.004, "Actual Rows": 879, "Actual Loops": 1, "Output": ["p.id", "pl.postid"], "Inner Unique": true, "Plans": [{"Node Type": "Hash Join", "Parent Relationship": "Outer", "Parallel Aware": false, "Join Type": "Inner", "Startup Cost": 1183.24, "Total Cost": 1260.64, "Plan Rows": 1530, "Plan Width": 12, "Actual Startup Time": 7.7, "Actual Total Time": 8.972, "Actual Rows": 3833, "Actual Loops": 1, "Output": ["p.id", "p.lasteditoruserid", "pl.postid"], "Inner Unique": true, "Hash Cond": "(pl.postid = p.id)", "Plans": [{"Node Type": "Seq Scan", "Parent Relationship": "Outer", "Parallel Aware": false, "Relation Name": "postlinks", "Schema": "public", "Alias": "pl", "Startup Cost": 0.0, "Total Cost": 67.33, "Plan Rows": 3833, "Plan Width": 4, "Actual Startup Time": 0.006, "Actual Total Time": 0.241, "Actual Rows": 3833, "Actual Loops": 1, "Output": ["pl.id", "pl.creationdate", "pl.postid", "pl.relatedpostid", "pl.linktypeid"]}, {"Node Type": "Hash", "Parent Relationship": "Inner", "Parallel Aware": false, "Startup Cost": 977.75, "Total Cost": 977.75, "Plan Rows": 16440, "Plan Width": 8, "Actual Startup Time": 7.605, "Actual Total Time": 7.606, "Actual Rows": 16474, "Actual Loops": 1, "Output": ["p.id", "p.lasteditoruserid"], "Hash Buckets": 32768, "Original Hash Buckets": 32768, "Hash Batches": 1, "Original Hash Batches": 1, "Peak Memory Usage": 883, "Plans": [{"Node Type": "Seq Scan", "Parent Relationship": "Outer", "Parallel Aware": false, "Relation Name": "posts", "Schema": "public", "Alias": "p", "Startup Cost": 0.0, "Total Cost": 977.75, "Plan Rows": 16440, "Plan Width": 8, "Actual Startup Time": 0.009, "Actual Total Time": 5.891, "Actual Rows": 16474, "Actual Loops": 1, "Output": ["p.id", "p.lasteditoruserid"], "Filter": "((p.commentcount >= 0) AND (p.posttypeid = 1))", "Rows Removed by Filter": 24709}]}]}, {"Node Type": "Index Scan", "Parent Relationship": "Inner", "Parallel Aware": false, "Scan Direction": "Forward", "Index Name": "users_pkey", "Relation Name": "users", "Schema": "public", "Alias": "u", "Startup Cost": 0.29, "Total Cost": 0.35, "Plan Rows": 1, "Plan Width": 4, "Actual Startup Time": 0.001, "Actual Total Time": 0.001, "Actual Rows": 0, "Actual Loops": 3833, "Output": ["u.id", "u.reputation", "u.creationdate", "u.views", "u.upvotes", "u.downvotes"], "Index Cond": "(u.id = p.lasteditoruserid)", "Rows Removed by Index Recheck": 0, "Filter": "((u.reputation >= 1) AND (u.views >= 0) AND (u.views <= 361) AND (u.upvotes >= 0) AND (u.creationdate <= '2014-09-02 06:39:09'::timestamp without time zone))", "Rows Removed by Filter": 1}]}, {"Node Type": "Index Scan", "Parent Relationship": "Inner", "Parallel Aware": false, "Scan Direction": "Forward", "Index Name": "idx_comments_postid", "Relation Name": "comments", "Schema": "public", "Alias": "c", "Startup Cost": 0.29, "Total Cost": 0.56, "Plan Rows": 3, "Plan Width": 4, "Actual Startup Time": 0.003, "Actual Total Time": 0.004, "Actual Rows": 3, "Actual Loops": 879, "Output": ["c.id", "c.postid", "c.score", "c.creationdate", "c.userid"], "Index Cond": "(c.postid = p.id)", "Rows Removed by Index Recheck": 0, "Filter": "((c.creationdate >= '2010-09-13 16:14:58'::timestamp without time zone) AND (c.score = 0))", "Rows Removed by Filter": 1}]}, {"Node Type": "Index Scan", "Parent Relationship": "Inner", "Parallel Aware": false, "Scan Direction": "Forward", "Index Name": "idx_votes_postid", "Relation Name": "votes", "Schema": "public", "Alias": "v", "Startup Cost": 0.29, "Total Cost": 0.51, "Plan Rows": 6, "Plan Width": 4, "Actual Startup Time": 0.001, "Actual Total Time": 0.003, "Actual Rows": 7, "Actual Loops": 2486, "Output": ["v.id", "v.postid", "v.votetypeid", "v.creationdate", "v.userid", "v.bountyamount"], "Index Cond": "(v.postid = c.postid)", "Rows Removed by Index Recheck": 0, "Filter": "(v.creationdate >= '2010-07-27 00:00:00'::timestamp without time zone)", "Rows Removed by Filter": 0}]}]}]}]}, "Planning Time": 3.321, "Triggers": [], "Execution Time": 60.742}]
[{"Plan": {"Node Type": "Aggregate", "Strategy": "Plain", "Partial Mode": "Simple", "Parallel Aware": false, "Startup Cost": 1680.22, "Total Cost": 1680.23, "Plan Rows": 1, "Plan Width": 8, "Actual Startup Time": 902.993, "Actual Total Time": 902.996, "Actual Rows": 1, "Actual Loops": 1, "Output": ["count(*)"], "Plans": [{"Node Type": "Merge Join", "Parent Relationship": "Outer", "Parallel Aware": false, "Join Type": "Inner", "Startup Cost": 1.75, "Total Cost": 1673.85, "Plan Rows": 2546, "Plan Width": 0, "Actual Startup Time": 25.974, "Actual Total Time": 902.774, "Actual Rows": 5263, "Actual Loops": 1, "Inner Unique": true, "Merge Cond": "(v.userid = u.id)", "Plans": [{"Node Type": "Merge Join", "Parent Relationship": "Outer", "Parallel Aware": false, "Join Type": "Inner", "Startup Cost": 1.46, "Total Cost": 6420.39, "Plan Rows": 371834, "Plan Width": 12, "Actual Startup Time": 0.435, "Actual Total Time": 704.929, "Actual Rows": 5558497, "Actual Loops": 1, "Output": ["v.userid", "p.owneruserid", "b.userid"], "Inner Unique": false, "Merge Cond": "(b.userid = v.userid)", "Plans": [{"Node Type": "Index Scan", "Parent Relationship": "Outer", "Parallel Aware": false, "Scan Direction": "Forward", "Index Name": "idx_badges_userid", "Relation Name": "badges", "Schema": "public", "Alias": "b", "Startup Cost": 0.29, "Total Cost": 1341.8, "Plan Rows": 31738, "Plan Width": 4, "Actual Startup Time": 0.024, "Actual Total Time": 10.725, "Actual Rows": 31712, "Actual Loops": 1, "Output": ["b.id", "b.userid", "b.date"], "Filter": "((b.date >= '2010-07-29 01:58:59'::timestamp without time zone) AND (b.date <= '2014-09-01 22:38:33'::timestamp without time zone))", "Rows Removed by Filter": 912}, {"Node Type": "Materialize", "Parent Relationship": "Inner", "Parallel Aware": false, "Startup Cost": 0.58, "Total Cost": 6158.75, "Plan Rows": 243440, "Plan Width": 8, "Actual Startup Time": 0.372, "Actual Total Time": 213.737, "Actual Rows": 5558516, "Actual Loops": 1, "Output": ["v.userid", "p.owneruserid"], "Plans": [{"Node Type": "Merge Join", "Parent Relationship": "Outer", "Parallel Aware": false, "Join Type": "Inner", "Startup Cost": 0.58, "Total Cost": 5550.15, "Plan Rows": 243440, "Plan Width": 8, "Actual Startup Time": 0.368, "Actual Total Time": 32.491, "Actual Rows": 132242, "Actual Loops": 1, "Output": ["v.userid", "p.owneruserid"], "Inner Unique": false, "Merge Cond": "(p.owneruserid = v.userid)", "Plans": [{"Node Type": "Index Scan", "Parent Relationship": "Outer", "Parallel Aware": false, "Scan Direction": "Forward", "Index Name": "idx_posts_owneruserid", "Relation Name": "posts", "Schema": "public", "Alias": "p", "Startup Cost": 0.29, "Total Cost": 2315.98, "Plan Rows": 15093, "Plan Width": 4, "Actual Startup Time": 0.347, "Actual Total Time": 14.336, "Actual Rows": 14746, "Actual Loops": 1, "Output": ["p.id", "p.posttypeid", "p.creationdate", "p.score", "p.viewcount", "p.owneruserid", "p.answercount", "p.commentcount", "p.favoritecount", "p.lasteditoruserid"], "Filter": "((p.answercount >= 0) AND (p.answercount <= 3) AND (p.commentcount >= 0) AND (p.commentcount <= 14) AND (p.creationdate >= '2010-07-19 19:12:12'::timestamp without time zone))", "Rows Removed by Filter": 25369}, {"Node Type": "Materialize", "Parent Relationship": "Inner", "Parallel Aware": false, "Startup Cost": 0.29, "Total Cost": 3458.37, "Plan Rows": 164233, "Plan Width": 4, "Actual Startup Time": 0.016, "Actual Total Time": 6.6, "Actual Rows": 136056, "Actual Loops": 1, "Output": ["v.userid"], "Plans": [{"Node Type": "Index Only Scan", "Parent Relationship": "Outer", "Parallel Aware": false, "Scan Direction": "Forward", "Index Name": "idx_votes_userid", "Relation Name": "votes", "Schema": "public", "Alias": "v", "Startup Cost": 0.29, "Total Cost": 3047.79, "Plan Rows": 164233, "Plan Width": 4, "Actual Startup Time": 0.014, "Actual Total Time": 1.119, "Actual Rows": 15606, "Actual Loops": 1, "Output": ["v.userid"], "Heap Fetches": 0}]}]}]}]}, {"Node Type": "Index Scan", "Parent Relationship": "Inner", "Parallel Aware": false, "Scan Direction": "Forward", "Index Name": "users_pkey", "Relation Name": "users", "Schema": "public", "Alias": "u", "Startup Cost": 0.29, "Total Cost": 696.0, "Plan Rows": 10820, "Plan Width": 4, "Actual Startup Time": 0.013, "Actual Total Time": 2.868, "Actual Rows": 11894, "Actual Loops": 1, "Output": ["u.id", "u.reputation", "u.creationdate", "u.views", "u.upvotes", "u.downvotes"], "Filter": "((u.reputation >= 1) AND (u.reputation <= 115) AND (u.views <= 42) AND (u.upvotes <= 25) AND (u.creationdate <= '2014-09-08 15:48:59'::timestamp without time zone))", "Rows Removed by Filter": 3041}]}]}, "Planning Time": 1.475, "Triggers": [], "Execution Time": 903.236}]#####[{"Plan": {"Node Type": "Aggregate", "Strategy": "Plain", "Partial Mode": "Simple", "Parallel Aware": false, "Startup Cost": 3445.22, "Total Cost": 3445.23, "Plan Rows": 1, "Plan Width": 8, "Actual Startup Time": 77.535, "Actual Total Time": 77.54, "Actual Rows": 1, "Actual Loops": 1, "Output": ["count(*)"], "Plans": [{"Node Type": "Merge Join", "Parent Relationship": "Outer", "Parallel Aware": false, "Join Type": "Inner", "Startup Cost": 2621.54, "Total Cost": 3381.56, "Plan Rows": 25466, "Plan Width": 0, "Actual Startup Time": 16.13, "Actual Total Time": 77.329, "Actual Rows": 5263, "Actual Loops": 1, "Inner Unique": false, "Merge Cond": "(v.userid = u.id)", "Plans": [{"Node Type": "Merge Join", "Parent Relationship": "Outer", "Parallel Aware": false, "Join Type": "Inner", "Startup Cost": 0.93, "Total Cost": 4728.01, "Plan Rows": 250852, "Plan Width": 8, "Actual Startup Time": 0.085, "Actual Total Time": 52.018, "Actual Rows": 350195, "Actual Loops": 1, "Output": ["v.userid", "b.userid"], "Inner Unique": false, "Merge Cond": "(b.userid = v.userid)", "Plans": [{"Node Type": "Index Scan", "Parent Relationship": "Outer", "Parallel Aware": false, "Scan Direction": "Forward", "Index Name": "idx_badges_userid", "Relation Name": "badges", "Schema": "public", "Alias": "b", "Startup Cost": 0.29, "Total Cost": 1341.8, "Plan Rows": 31738, "Plan Width": 4, "Actual Startup Time": 0.022, "Actual Total Time": 9.195, "Actual Rows": 31712, "Actual Loops": 1, "Output": ["b.id", "b.userid", "b.date"], "Filter": "((b.date >= '2010-07-29 01:58:59'::timestamp without time zone) AND (b.date <= '2014-09-01 22:38:33'::timestamp without time zone))", "Rows Removed by Filter": 912}, {"Node Type": "Materialize", "Parent Relationship": "Inner", "Parallel Aware": false, "Startup Cost": 0.29, "Total Cost": 3458.37, "Plan Rows": 164233, "Plan Width": 4, "Actual Startup Time": 0.016, "Actual Total Time": 13.122, "Actual Rows": 351333, "Actual Loops": 1, "Output": ["v.userid"], "Plans": [{"Node Type": "Index Only Scan", "Parent Relationship": "Outer", "Parallel Aware": false, "Scan Direction": "Forward", "Index Name": "idx_votes_userid", "Relation Name": "votes", "Schema": "public", "Alias": "v", "Startup Cost": 0.29, "Total Cost": 3047.79, "Plan Rows": 164233, "Plan Width": 4, "Actual Startup Time": 0.012, "Actual Total Time": 1.008, "Actual Rows": 15603, "Actual Loops": 1, "Output": ["v.userid"], "Heap Fetches": 0}]}]}, {"Node Type": "Sort", "Parent Relationship": "Inner", "Parallel Aware": false, "Startup Cost": 2620.61, "Total Cost": 2647.26, "Plan Rows": 10659, "Plan Width": 8, "Actual Startup Time": 11.198, "Actual Total Time": 11.685, "Actual Rows": 10648, "Actual Loops": 1, "Output": ["p.owneruserid", "u.id"], "Sort Key": ["p.owneruserid"], "Sort Method": "quicksort", "Sort Space Used": 474, "Sort Space Type": "Memory", "Plans": [{"Node Type": "Hash Join", "Parent Relationship": "Outer", "Parallel Aware": false, "Join Type": "Inner", "Startup Cost": 581.29, "Total Cost": 1907.54, "Plan Rows": 10659, "Plan Width": 8, "Actual Startup Time": 3.326, "Actual Total Time": 10.098, "Actual Rows": 5996, "Actual Loops": 1, "Output": ["p.owneruserid", "u.id"], "Inner Unique": true, "Hash Cond": "(p.owneruserid = u.id)", "Plans": [{"Node Type": "Seq Scan", "Parent Relationship": "Outer", "Parallel Aware": false, "Relation Name": "posts", "Schema": "public", "Alias": "p", "Startup Cost": 0.0, "Total Cost": 1286.62, "Plan Rows": 15093, "Plan Width": 4, "Actual Startup Time": 0.009, "Actual Total Time": 5.29, "Actual Rows": 15229, "Actual Loops": 1, "Output": ["p.id", "p.posttypeid", "p.creationdate", "p.score", "p.viewcount", "p.owneruserid", "p.answercount", "p.commentcount", "p.favoritecount", "p.lasteditoruserid"], "Filter": "((p.answercount >= 0) AND (p.answercount <= 3) AND (p.commentcount >= 0) AND (p.commentcount <= 14) AND (p.creationdate >= '2010-07-19 19:12:12'::timestamp without time zone))", "Rows Removed by Filter": 25954}, {"Node Type": "Hash", "Parent Relationship": "Inner", "Parallel Aware": false, "Startup Cost": 446.04, "Total Cost": 446.04, "Plan Rows": 10820, "Plan Width": 4, "Actual Startup Time": 3.24, "Actual Total Time": 3.241, "Actual Rows": 11894, "Actual Loops": 1, "Output": ["u.id"], "Hash Buckets": 16384, "Original Hash Buckets": 16384, "Hash Batches": 1, "Original Hash Batches": 1, "Peak Memory Usage": 547, "Plans": [{"Node Type": "Seq Scan", "Parent Relationship": "Outer", "Parallel Aware": false, "Relation Name": "users", "Schema": "public", "Alias": "u", "Startup Cost": 0.0, "Total Cost": 446.04, "Plan Rows": 10820, "Plan Width": 4, "Actual Startup Time": 0.01, "Actual Total Time": 2.161, "Actual Rows": 11894, "Actual Loops": 1, "Output": ["u.id"], "Filter": "((u.reputation >= 1) AND (u.reputation <= 115) AND (u.views <= 42) AND (u.upvotes <= 25) AND (u.creationdate <= '2014-09-08 15:48:59'::timestamp without time zone))", "Rows Removed by Filter": 3041}]}]}]}]}]}, "Planning Time": 1.542, "Triggers": [], "Execution Time": 77.667}]#####[{"Plan": {"Node Type": "Aggregate", "Strategy": "Plain", "Partial Mode": "Simple", "Parallel Aware": false, "Startup Cost": 21519.13, "Total Cost": 21519.14, "Plan Rows": 1, "Plan Width": 8, "Actual Startup Time": 25.841, "Actual Total Time": 25.847, "Actual Rows": 1, "Actual Loops": 1, "Output": ["count(*)"], "Plans": [{"Node Type": "Hash Join", "Parent Relationship": "Outer", "Parallel Aware": false, "Join Type": "Inner", "Startup Cost": 20276.12, "Total Cost": 21455.46, "Plan Rows": 25466, "Plan Width": 0, "Actual Startup Time": 20.244, "Actual Total Time": 25.652, "Actual Rows": 5263, "Actual Loops": 1, "Inner Unique": false, "Hash Cond": "(b.userid = u.id)", "Plans": [{"Node Type": "Seq Scan", "Parent Relationship": "Outer", "Parallel Aware": false, "Relation Name": "badges", "Schema": "public", "Alias": "b", "Startup Cost": 0.0, "Total Cost": 666.36, "Plan Rows": 31738, "Plan Width": 4, "Actual Startup Time": 0.075, "Actual Total Time": 3.29, "Actual Rows": 31712, "Actual Loops": 1, "Output": ["b.id", "b.userid", "b.date"], "Filter": "((b.date >= '2010-07-29 01:58:59'::timestamp without time zone) AND (b.date <= '2014-09-01 22:38:33'::timestamp without time zone))", "Rows Removed by Filter": 912}, {"Node Type": "Hash", "Parent Relationship": "Inner", "Parallel Aware": false, "Startup Cost": 20067.72, "Total Cost": 20067.72, "Plan Rows": 16672, "Plan Width": 12, "Actual Startup Time": 20.07, "Actual Total Time": 20.072, "Actual Rows": 1382, "Actual Loops": 1, "Output": ["v.userid", "p.owneruserid", "u.id"], "Hash Buckets": 32768, "Original Hash Buckets": 32768, "Hash Batches": 1, "Original Hash Batches": 1, "Peak Memory Usage": 316, "Plans": [{"Node Type": "Merge Join", "Parent Relationship": "Outer", "Parallel Aware": false, "Join Type": "Inner", "Startup Cost": 0.87, "Total Cost": 20067.72, "Plan Rows": 16672, "Plan Width": 12, "Actual Startup Time": 1.666, "Actual Total Time": 19.865, "Actual Rows": 1382, "Actual Loops": 1, "Output": ["v.userid", "p.owneruserid", "u.id"], "Inner Unique": false, "Merge Cond": "(v.userid = u.id)", "Plans": [{"Node Type": "Index Only Scan", "Parent Relationship": "Outer", "Parallel Aware": false, "Scan Direction": "Forward", "Index Name": "idx_votes_userid", "Relation Name": "votes", "Schema": "public", "Alias": "v", "Startup Cost": 0.29, "Total Cost": 3047.79, "Plan Rows": 164233, "Plan Width": 4, "Actual Startup Time": 0.009, "Actual Total Time": 0.955, "Actual Rows": 15606, "Actual Loops": 1, "Output": ["v.userid"], "Heap Fetches": 0}, {"Node Type": "Materialize", "Parent Relationship": "Inner", "Parallel Aware": false, "Startup Cost": 0.57, "Total Cost": 5784.64, "Plan Rows": 1065900, "Plan Width": 8, "Actual Startup Time": 1.381, "Actual Total Time": 17.77, "Actual Rows": 6758, "Actual Loops": 1, "Output": ["p.owneruserid", "u.id"], "Plans": [{"Node Type": "Merge Join", "Parent Relationship": "Outer", "Parallel Aware": false, "Join Type": "Inner", "Startup Cost": 0.57, "Total Cost": 3119.89, "Plan Rows": 1065900, "Plan Width": 8, "Actual Startup Time": 1.379, "Actual Total Time": 16.987, "Actual Rows": 5996, "Actual Loops": 1, "Output": ["p.owneruserid", "u.id"], "Inner Unique": true, "Merge Cond": "(p.owneruserid = u.id)", "Plans": [{"Node Type": "Index Scan", "Parent Relationship": "Outer", "Parallel Aware": false, "Scan Direction": "Forward", "Index Name": "idx_posts_owneruserid", "Relation Name": "posts", "Schema": "public", "Alias": "p", "Startup Cost": 0.29, "Total Cost": 2315.98, "Plan Rows": 15093, "Plan Width": 4, "Actual Startup Time": 0.342, "Actual Total Time": 12.502, "Actual Rows": 14760, "Actual Loops": 1, "Output": ["p.id", "p.posttypeid", "p.creationdate", "p.score", "p.viewcount", "p.owneruserid", "p.answercount", "p.commentcount", "p.favoritecount", "p.lasteditoruserid"], "Filter": "((p.answercount >= 0) AND (p.answercount <= 3) AND (p.commentcount >= 0) AND (p.commentcount <= 14) AND (p.creationdate >= '2010-07-19 19:12:12'::timestamp without time zone))", "Rows Removed by Filter": 25376}, {"Node Type": "Index Scan", "Parent Relationship": "Inner", "Parallel Aware": false, "Scan Direction": "Forward", "Index Name": "users_pkey", "Relation Name": "users", "Schema": "public", "Alias": "u", "Startup Cost": 0.29, "Total Cost": 696.0, "Plan Rows": 10820, "Plan Width": 4, "Actual Startup Time": 0.013, "Actual Total Time": 2.956, "Actual Rows": 11894, "Actual Loops": 1, "Output": ["u.id", "u.reputation", "u.creationdate", "u.views", "u.upvotes", "u.downvotes"], "Filter": "((u.reputation >= 1) AND (u.reputation <= 115) AND (u.views <= 42) AND (u.upvotes <= 25) AND (u.creationdate <= '2014-09-08 15:48:59'::timestamp without time zone))", "Rows Removed by Filter": 3041}]}]}]}]}]}]}, "Planning Time": 1.552, "Triggers": [], "Execution Time": 25.964}]
[{"Plan": {"Node Type": "Aggregate", "Strategy": "Plain", "Partial Mode": "Simple", "Parallel Aware": false, "Startup Cost": 14559.12, "Total Cost": 14559.13, "Plan Rows": 1, "Plan Width": 8, "Actual Startup Time": 138.741, "Actual Total Time": 138.744, "Actual Rows": 1, "Actual Loops": 1, "Output": ["count(*)"], "Plans": [{"Node Type": "Merge Join", "Parent Relationship": "Outer", "Parallel Aware": false, "Join Type": "Inner", "Startup Cost": 3.74, "Total Cost": 14480.98, "Plan Rows": 31255, "Plan Width": 0, "Actual Startup Time": 0.113, "Actual Total Time": 125.939, "Actual Rows": 370038, "Actual Loops": 1, "Inner Unique": false, "Merge Cond": "(pl.postid = v.postid)", "Plans": [{"Node Type": "Merge Join", "Parent Relationship": "Outer", "Parallel Aware": false, "Join Type": "Inner", "Startup Cost": 1.03, "Total Cost": 6243.86, "Plan Rows": 47472, "Plan Width": 12, "Actual Startup Time": 0.066, "Actual Total Time": 47.34, "Actual Rows": 52010, "Actual Loops": 1, "Output": ["c.postid", "pl.postid", "ph.postid"], "Inner Unique": false, "Merge Cond": "(pl.postid = c.postid)", "Plans": [{"Node Type": "Nested Loop", "Parent Relationship": "Outer", "Parallel Aware": false, "Join Type": "Inner", "Startup Cost": 0.57, "Total Cost": 2532.56, "Plan Rows": 16197, "Plan Width": 8, "Actual Startup Time": 0.022, "Actual Total Time": 7.628, "Actual Rows": 22701, "Actual Loops": 1, "Output": ["pl.postid", "ph.postid"], "Inner Unique": false, "Plans": [{"Node Type": "Index Only Scan", "Parent Relationship": "Outer", "Parallel Aware": false, "Scan Direction": "Forward", "Index Name": "idx_postlinks_postid", "Relation Name": "postlinks", "Schema": "public", "Alias": "pl", "Startup Cost": 0.28, "Total Cost": 105.77, "Plan Rows": 3833, "Plan Width": 4, "Actual Startup Time": 0.014, "Actual Total Time": 0.352, "Actual Rows": 3833, "Actual Loops": 1, "Output": ["pl.postid"], "Heap Fetches": 0}, {"Node Type": "Index Only Scan", "Parent Relationship": "Inner", "Parallel Aware": false, "Scan Direction": "Forward", "Index Name": "idx_posthistory_postid", "Relation Name": "posthistory", "Schema": "public", "Alias": "ph", "Startup Cost": 0.29, "Total Cost": 0.59, "Plan Rows": 4, "Plan Width": 4, "Actual Startup Time": 0.001, "Actual Total Time": 0.001, "Actual Rows": 6, "Actual Loops": 3833, "Output": ["ph.postid"], "Index Cond": "(ph.postid = pl.postid)", "Rows Removed by Index Recheck": 0, "Heap Fetches": 0}]}, {"Node Type": "Index Scan", "Parent Relationship": "Inner", "Parallel Aware": false, "Scan Direction": "Forward", "Index Name": "idx_comments_postid", "Relation Name": "comments", "Schema": "public", "Alias": "c", "Startup Cost": 0.29, "Total Cost": 3050.91, "Plan Rows": 58448, "Plan Width": 4, "Actual Startup Time": 0.042, "Actual Total Time": 32.14, "Actual Rows": 104786, "Actual Loops": 1, "Output": ["c.id", "c.postid", "c.score", "c.creationdate", "c.userid"], "Filter": "((c.creationdate >= '2010-08-24 19:37:24'::timestamp without time zone) AND (c.creationdate <= '2014-09-11 15:50:01'::timestamp without time zone) AND (c.score = 0))", "Rows Removed by Filter": 37156}]}, {"Node Type": "Materialize", "Parent Relationship": "Inner", "Parallel Aware": false, "Startup Cost": 0.29, "Total Cost": 3846.37, "Plan Rows": 164233, "Plan Width": 4, "Actual Startup Time": 0.015, "Actual Total Time": 38.75, "Actual Rows": 522059, "Actual Loops": 1, "Output": ["v.postid"], "Plans": [{"Node Type": "Index Only Scan", "Parent Relationship": "Outer", "Parallel Aware": false, "Scan Direction": "Forward", "Index Name": "idx_votes_postid", "Relation Name": "votes", "Schema": "public", "Alias": "v", "Startup Cost": 0.29, "Total Cost": 3435.79, "Plan Rows": 164233, "Plan Width": 4, "Actual Startup Time": 0.011, "Actual Total Time": 10.924, "Actual Rows": 163958, "Actual Loops": 1, "Output": ["v.postid"], "Heap Fetches": 0}]}]}]}, "Planning Time": 1.605, "Triggers": [], "Execution Time": 138.839}]#####[{"Plan": {"Node Type": "Aggregate", "Strategy": "Plain", "Partial Mode": "Simple", "Parallel Aware": false, "Startup Cost": 9315.57, "Total Cost": 9315.58, "Plan Rows": 1, "Plan Width": 8, "Actual Startup Time": 144.968, "Actual Total Time": 144.971, "Actual Rows": 1, "Actual Loops": 1, "Output": ["count(*)"], "Plans": [{"Node Type": "Nested Loop", "Parent Relationship": "Outer", "Parallel Aware": false, "Join Type": "Inner", "Startup Cost": 1.32, "Total Cost": 8534.18, "Plan Rows": 312555, "Plan Width": 0, "Actual Startup Time": 0.071, "Actual Total Time": 131.73, "Actual Rows": 370038, "Actual Loops": 1, "Inner Unique": false, "Join Filter": "(pl.postid = v.postid)", "Rows Removed by Join Filter": 0, "Plans": [{"Node Type": "Merge Join", "Parent Relationship": "Outer", "Parallel Aware": false, "Join Type": "Inner", "Startup Cost": 1.03, "Total Cost": 6243.86, "Plan Rows": 4747, "Plan Width": 12, "Actual Startup Time": 0.061, "Actual Total Time": 47.688, "Actual Rows": 52010, "Actual Loops": 1, "Output": ["c.postid", "pl.postid", "ph.postid"], "Inner Unique": false, "Merge Cond": "(pl.postid = c.postid)", "Plans": [{"Node Type": "Nested Loop", "Parent Relationship": "Outer", "Parallel Aware": false, "Join Type": "Inner", "Startup Cost": 0.57, "Total Cost": 2532.56, "Plan Rows": 16197, "Plan Width": 8, "Actual Startup Time": 0.022, "Actual Total Time": 7.817, "Actual Rows": 22701, "Actual Loops": 1, "Output": ["pl.postid", "ph.postid"], "Inner Unique": false, "Plans": [{"Node Type": "Index Only Scan", "Parent Relationship": "Outer", "Parallel Aware": false, "Scan Direction": "Forward", "Index Name": "idx_postlinks_postid", "Relation Name": "postlinks", "Schema": "public", "Alias": "pl", "Startup Cost": 0.28, "Total Cost": 105.77, "Plan Rows": 3833, "Plan Width": 4, "Actual Startup Time": 0.014, "Actual Total Time": 0.396, "Actual Rows": 3833, "Actual Loops": 1, "Output": ["pl.postid"], "Heap Fetches": 0}, {"Node Type": "Index Only Scan", "Parent Relationship": "Inner", "Parallel Aware": false, "Scan Direction": "Forward", "Index Name": "idx_posthistory_postid", "Relation Name": "posthistory", "Schema": "public", "Alias": "ph", "Startup Cost": 0.29, "Total Cost": 0.59, "Plan Rows": 4, "Plan Width": 4, "Actual Startup Time": 0.001, "Actual Total Time": 0.001, "Actual Rows": 6, "Actual Loops": 3833, "Output": ["ph.postid"], "Index Cond": "(ph.postid = pl.postid)", "Rows Removed by Index Recheck": 0, "Heap Fetches": 0}]}, {"Node Type": "Index Scan", "Parent Relationship": "Inner", "Parallel Aware": false, "Scan Direction": "Forward", "Index Name": "idx_comments_postid", "Relation Name": "comments", "Schema": "public", "Alias": "c", "Startup Cost": 0.29, "Total Cost": 3050.91, "Plan Rows": 58448, "Plan Width": 4, "Actual Startup Time": 0.038, "Actual Total Time": 31.993, "Actual Rows": 104786, "Actual Loops": 1, "Output": ["c.id", "c.postid", "c.score", "c.creationdate", "c.userid"], "Filter": "((c.creationdate >= '2010-08-24 19:37:24'::timestamp without time zone) AND (c.creationdate <= '2014-09-11 15:50:01'::timestamp without time zone) AND (c.score = 0))", "Rows Removed by Filter": 37156}]}, {"Node Type": "Index Only Scan", "Parent Relationship": "Inner", "Parallel Aware": false, "Scan Direction": "Forward", "Index Name": "idx_votes_postid", "Relation Name": "votes", "Schema": "public", "Alias": "v", "Startup Cost": 0.29, "Total Cost": 0.41, "Plan Rows": 6, "Plan Width": 4, "Actual Startup Time": 0.001, "Actual Total Time": 0.001, "Actual Rows": 7, "Actual Loops": 52010, "Output": ["v.postid"], "Index Cond": "(v.postid = ph.postid)", "Rows Removed by Index Recheck": 0, "Heap Fetches": 0}]}]}, "Planning Time": 1.663, "Triggers": [], "Execution Time": 145.067}]#####[{"Plan": {"Node Type": "Aggregate", "Strategy": "Plain", "Partial Mode": "Simple", "Parallel Aware": false, "Startup Cost": 18118.67, "Total Cost": 18118.68, "Plan Rows": 1, "Plan Width": 8, "Actual Startup Time": 173.592, "Actual Total Time": 173.595, "Actual Rows": 1, "Actual Loops": 1, "Output": ["count(*)"], "Plans": [{"Node Type": "Merge Join", "Parent Relationship": "Outer", "Parallel Aware": false, "Join Type": "Inner", "Startup Cost": 1.75, "Total Cost": 17337.29, "Plan Rows": 312555, "Plan Width": 0, "Actual Startup Time": 0.088, "Actual Total Time": 161.047, "Actual Rows": 370038, "Actual Loops": 1, "Inner Unique": false, "Merge Cond": "(pl.postid = c.postid)", "Plans": [{"Node Type": "Nested Loop", "Parent Relationship": "Outer", "Parallel Aware": false, "Join Type": "Inner", "Startup Cost": 0.57, "Total Cost": 2840.95, "Plan Rows": 25236, "Plan Width": 8, "Actual Startup Time": 0.022, "Actual Total Time": 7.788, "Actual Rows": 26024, "Actual Loops": 1, "Output": ["pl.postid", "v.postid"], "Inner Unique": false, "Plans": [{"Node Type": "Index Only Scan", "Parent Relationship": "Outer", "Parallel Aware": false, "Scan Direction": "Forward", "Index Name": "idx_postlinks_postid", "Relation Name": "postlinks", "Schema": "public", "Alias": "pl", "Startup Cost": 0.28, "Total Cost": 105.77, "Plan Rows": 3833, "Plan Width": 4, "Actual Startup Time": 0.014, "Actual Total Time": 0.339, "Actual Rows": 3833, "Actual Loops": 1, "Output": ["pl.postid"], "Heap Fetches": 0}, {"Node Type": "Index Only Scan", "Parent Relationship": "Inner", "Parallel Aware": false, "Scan Direction": "Forward", "Index Name": "idx_votes_postid", "Relation Name": "votes", "Schema": "public", "Alias": "v", "Startup Cost": 0.29, "Total Cost": 0.65, "Plan Rows": 6, "Plan Width": 4, "Actual Startup Time": 0.001, "Actual Total Time": 0.001, "Actual Rows": 7, "Actual Loops": 3833, "Output": ["v.postid"], "Index Cond": "(v.postid = pl.postid)", "Rows Removed by Index Recheck": 0, "Heap Fetches": 0}]}, {"Node Type": "Materialize", "Parent Relationship": "Inner", "Parallel Aware": false, "Startup Cost": 0.66, "Total Cost": 10359.3, "Plan Rows": 247381, "Plan Width": 8, "Actual Startup Time": 0.065, "Actual Total Time": 112.461, "Actual Rows": 554819, "Actual Loops": 1, "Output": ["c.postid", "ph.postid"], "Plans": [{"Node Type": "Merge Join", "Parent Relationship": "Outer", "Parallel Aware": false, "Join Type": "Inner", "Startup Cost": 0.66, "Total Cost": 9740.85, "Plan Rows": 247381, "Plan Width": 8, "Actual Startup Time": 0.061, "Actual Total Time": 77.139, "Actual Rows": 219786, "Actual Loops": 1, "Output": ["c.postid", "ph.postid"], "Inner Unique": false, "Merge Cond": "(c.postid = ph.postid)", "Plans": [{"Node Type": "Index Scan", "Parent Relationship": "Outer", "Parallel Aware": false, "Scan Direction": "Forward", "Index Name": "idx_comments_postid", "Relation Name": "comments", "Schema": "public", "Alias": "c", "Startup Cost": 0.29, "Total Cost": 3050.91, "Plan Rows": 58448, "Plan Width": 4, "Actual Startup Time": 0.04, "Actual Total Time": 20.293, "Actual Rows": 58752, "Actual Loops": 1, "Output": ["c.id", "c.postid", "c.score", "c.creationdate", "c.userid"], "Filter": "((c.creationdate >= '2010-08-24 19:37:24'::timestamp without time zone) AND (c.creationdate <= '2014-09-11 15:50:01'::timestamp without time zone) AND (c.score = 0))", "Rows Removed by Filter": 20583}, {"Node Type": "Materialize", "Parent Relationship": "Inner", "Parallel Aware": false, "Startup Cost": 0.29, "Total Cost": 3159.19, "Plan Rows": 129994, "Plan Width": 4, "Actual Startup Time": 0.014, "Actual Total Time": 28.642, "Actual Rows": 276805, "Actual Loops": 1, "Output": ["ph.postid"], "Plans": [{"Node Type": "Index Only Scan", "Parent Relationship": "Outer", "Parallel Aware": false, "Scan Direction": "Forward", "Index Name": "idx_posthistory_postid", "Relation Name": "posthistory", "Schema": "public", "Alias": "ph", "Startup Cost": 0.29, "Total Cost": 2834.2, "Plan Rows": 129994, "Plan Width": 4, "Actual Startup Time": 0.012, "Actual Total Time": 9.351, "Actual Rows": 129912, "Actual Loops": 1, "Output": ["ph.postid"], "Heap Fetches": 0}]}]}]}]}]}, "Planning Time": 1.673, "Triggers": [], "Execution Time": 173.698}]
[{"Plan": {"Node Type": "Aggregate", "Strategy": "Plain", "Partial Mode": "Simple", "Parallel Aware": false, "Startup Cost": 3705.94, "Total Cost": 3705.95, "Plan Rows": 1, "Plan Width": 8, "Actual Startup Time": 120.392, "Actual Total Time": 120.398, "Actual Rows": 1, "Actual Loops": 1, "Output": ["count(*)"], "Plans": [{"Node Type": "Nested Loop", "Parent Relationship": "Outer", "Parallel Aware": false, "Join Type": "Inner", "Startup Cost": 961.83, "Total Cost": 3703.22, "Plan Rows": 1090, "Plan Width": 0, "Actual Startup Time": 5.774, "Actual Total Time": 113.627, "Actual Rows": 171025, "Actual Loops": 1, "Inner Unique": false, "Join Filter": "(p.id = v.postid)", "Rows Removed by Join Filter": 0, "Plans": [{"Node Type": "Nested Loop", "Parent Relationship": "Outer", "Parallel Aware": false, "Join Type": "Inner", "Startup Cost": 961.54, "Total Cost": 1955.19, "Plan Rows": 3332, "Plan Width": 16, "Actual Startup Time": 5.755, "Actual Total Time": 27.968, "Actual Rows": 32996, "Actual Loops": 1, "Output": ["c.postid", "p.id", "pl.postid", "ph.postid"], "Inner Unique": false, "Join Filter": "(p.id = ph.postid)", "Rows Removed by Join Filter": 0, "Plans": [{"Node Type": "Nested Loop", "Parent Relationship": "Outer", "Parallel Aware": false, "Join Type": "Inner", "Startup Cost": 961.24, "Total Cost": 1347.79, "Plan Rows": 1236, "Plan Width": 12, "Actual Startup Time": 5.707, "Actual Total Time": 10.225, "Actual Rows": 5635, "Actual Loops": 1, "Output": ["c.postid", "p.id", "pl.postid"], "Inner Unique": false, "Plans": [{"Node Type": "Hash Join", "Parent Relationship": "Outer", "Parallel Aware": false, "Join Type": "Inner", "Startup Cost": 960.95, "Total Cost": 1038.34, "Plan Rows": 642, "Plan Width": 8, "Actual Startup Time": 5.693, "Actual Total Time": 6.952, "Actual Rows": 1860, "Actual Loops": 1, "Output": ["p.id", "pl.postid"], "Inner Unique": true, "Hash Cond": "(pl.postid = p.id)", "Plans": [{"Node Type": "Seq Scan", "Parent Relationship": "Outer", "Parallel Aware": false, "Relation Name": "postlinks", "Schema": "public", "Alias": "pl", "Startup Cost": 0.0, "Total Cost": 67.33, "Plan Rows": 3833, "Plan Width": 4, "Actual Startup Time": 0.009, "Actual Total Time": 0.232, "Actual Rows": 3833, "Actual Loops": 1, "Output": ["pl.id", "pl.creationdate", "pl.postid", "pl.relatedpostid", "pl.linktypeid"]}, {"Node Type": "Hash", "Parent Relationship": "Inner", "Parallel Aware": false, "Startup Cost": 874.79, "Total Cost": 874.79, "Plan Rows": 6893, "Plan Width": 4, "Actual Startup Time": 5.626, "Actual Total Time": 5.627, "Actual Rows": 6971, "Actual Loops": 1, "Output": ["p.id"], "Hash Buckets": 8192, "Original Hash Buckets": 8192, "Hash Batches": 1, "Original Hash Batches": 1, "Peak Memory Usage": 310, "Plans": [{"Node Type": "Seq Scan", "Parent Relationship": "Outer", "Parallel Aware": false, "Relation Name": "posts", "Schema": "public", "Alias": "p", "Startup Cost": 0.0, "Total Cost": 874.79, "Plan Rows": 6893, "Plan Width": 4, "Actual Startup Time": 0.008, "Actual Total Time": 4.954, "Actual Rows": 6971, "Actual Loops": 1, "Output": ["p.id"], "Filter": "(p.favoritecount <= 8)", "Rows Removed by Filter": 34212}]}]}, {"Node Type": "Index Only Scan", "Parent Relationship": "Inner", "Parallel Aware": false, "Scan Direction": "Forward", "Index Name": "idx_comments_postid", "Relation Name": "comments", "Schema": "public", "Alias": "c", "Startup Cost": 0.29, "Total Cost": 0.44, "Plan Rows": 4, "Plan Width": 4, "Actual Startup Time": 0.001, "Actual Total Time": 0.001, "Actual Rows": 3, "Actual Loops": 1860, "Output": ["c.postid"], "Index Cond": "(c.postid = p.id)", "Rows Removed by Index Recheck": 0, "Heap Fetches": 0}]}, {"Node Type": "Index Scan", "Parent Relationship": "Inner", "Parallel Aware": false, "Scan Direction": "Forward", "Index Name": "idx_posthistory_postid", "Relation Name": "posthistory", "Schema": "public", "Alias": "ph", "Startup Cost": 0.29, "Total Cost": 0.44, "Plan Rows": 4, "Plan Width": 4, "Actual Startup Time": 0.001, "Actual Total Time": 0.003, "Actual Rows": 6, "Actual Loops": 5635, "Output": ["ph.id", "ph.posthistorytypeid", "ph.postid", "ph.creationdate", "ph.userid"], "Index Cond": "(ph.postid = c.postid)", "Rows Removed by Index Recheck": 0, "Filter": "((ph.creationdate >= '2011-03-02 17:30:26'::timestamp without time zone) AND (ph.creationdate <= '2014-09-12 11:53:07'::timestamp without time zone))", "Rows Removed by Filter": 1}]}, {"Node Type": "Index Scan", "Parent Relationship": "Inner", "Parallel Aware": false, "Scan Direction": "Forward", "Index Name": "idx_votes_postid", "Relation Name": "votes", "Schema": "public", "Alias": "v", "Startup Cost": 0.29, "Total Cost": 0.46, "Plan Rows": 5, "Plan Width": 4, "Actual Startup Time": 0.001, "Actual Total Time": 0.002, "Actual Rows": 5, "Actual Loops": 32996, "Output": ["v.id", "v.postid", "v.votetypeid", "v.creationdate", "v.userid", "v.bountyamount"], "Index Cond": "(v.postid = ph.postid)", "Rows Removed by Index Recheck": 0, "Filter": "(v.votetypeid = 2)", "Rows Removed by Filter": 2}]}]}, "Planning Time": 2.521, "Triggers": [], "Execution Time": 120.486}]#####[{"Plan": {"Node Type": "Aggregate", "Strategy": "Plain", "Partial Mode": "Simple", "Parallel Aware": false, "Startup Cost": 12332.23, "Total Cost": 12332.24, "Plan Rows": 1, "Plan Width": 8, "Actual Startup Time": 101.398, "Actual Total Time": 101.407, "Actual Rows": 1, "Actual Loops": 1, "Output": ["count(*)"], "Plans": [{"Node Type": "Hash Join", "Parent Relationship": "Outer", "Parallel Aware": false, "Join Type": "Inner", "Startup Cost": 7596.43, "Total Cost": 12304.97, "Plan Rows": 10901, "Plan Width": 0, "Actual Startup Time": 62.216, "Actual Total Time": 95.349, "Actual Rows": 171025, "Actual Loops": 1, "Inner Unique": false, "Hash Cond": "(pl.postid = p.id)", "Plans": [{"Node Type": "Hash Join", "Parent Relationship": "Outer", "Parallel Aware": false, "Join Type": "Inner", "Startup Cost": 115.24, "Total Cost": 4539.45, "Plan Rows": 13835, "Plan Width": 8, "Actual Startup Time": 2.441, "Actual Total Time": 23.657, "Actual Rows": 20338, "Actual Loops": 1, "Output": ["pl.postid", "ph.postid"], "Inner Unique": false, "Hash Cond": "(ph.postid = pl.postid)", "Plans": [{"Node Type": "Seq Scan", "Parent Relationship": "Outer", "Parallel Aware": false, "Relation Name": "posthistory", "Schema": "public", "Alias": "ph", "Startup Cost": 0.0, "Total Cost": 2897.91, "Plan Rows": 111036, "Plan Width": 4, "Actual Startup Time": 1.622, "Actual Total Time": 14.479, "Actual Rows": 111164, "Actual Loops": 1, "Output": ["ph.id", "ph.posthistorytypeid", "ph.postid", "ph.creationdate", "ph.userid"], "Filter": "((ph.creationdate >= '2011-03-02 17:30:26'::timestamp without time zone) AND (ph.creationdate <= '2014-09-12 11:53:07'::timestamp without time zone))", "Rows Removed by Filter": 18830}, {"Node Type": "Hash", "Parent Relationship": "Inner", "Parallel Aware": false, "Startup Cost": 67.33, "Total Cost": 67.33, "Plan Rows": 3833, "Plan Width": 4, "Actual Startup Time": 0.769, "Actual Total Time": 0.77, "Actual Rows": 3833, "Actual Loops": 1, "Output": ["pl.postid"], "Hash Buckets": 4096, "Original Hash Buckets": 4096, "Hash Batches": 1, "Original Hash Batches": 1, "Peak Memory Usage": 167, "Plans": [{"Node Type": "Seq Scan", "Parent Relationship": "Outer", "Parallel Aware": false, "Relation Name": "postlinks", "Schema": "public", "Alias": "pl", "Startup Cost": 0.0, "Total Cost": 67.33, "Plan Rows": 3833, "Plan Width": 4, "Actual Startup Time": 0.01, "Actual Total Time": 0.433, "Actual Rows": 3833, "Actual Loops": 1, "Output": ["pl.postid"]}]}]}, {"Node Type": "Hash", "Parent Relationship": "Inner", "Parallel Aware": false, "Startup Cost": 6938.02, "Total Cost": 6938.02, "Plan Rows": 43454, "Plan Width": 12, "Actual Startup Time": 59.582, "Actual Total Time": 59.585, "Actual Rows": 74048, "Actual Loops": 1, "Output": ["c.postid", "p.id", "v.postid"], "Hash Buckets": 131072, "Original Hash Buckets": 65536, "Hash Batches": 1, "Original Hash Batches": 1, "Peak Memory Usage": 4206, "Plans": [{"Node Type": "Hash Join", "Parent Relationship": "Outer", "Parallel Aware": false, "Join Type": "Inner", "Startup Cost": 2711.88, "Total Cost": 6938.02, "Plan Rows": 43454, "Plan Width": 12, "Actual Startup Time": 20.572, "Actual Total Time": 50.799, "Actual Rows": 74048, "Actual Loops": 1, "Output": ["c.postid", "p.id", "v.postid"], "Inner Unique": false, "Hash Cond": "(v.postid = p.id)", "Plans": [{"Node Type": "Seq Scan", "Parent Relationship": "Outer", "Parallel Aware": false, "Relation Name": "votes", "Schema": "public", "Alias": "v", "Startup Cost": 0.0, "Total Cost": 3117.91, "Plan Rows": 134737, "Plan Width": 4, "Actual Startup Time": 0.008, "Actual Total Time": 15.671, "Actual Rows": 134683, "Actual Loops": 1, "Output": ["v.id", "v.postid", "v.votetypeid", "v.creationdate", "v.userid", "v.bountyamount"], "Filter": "(v.votetypeid = 2)", "Rows Removed by Filter": 29550}, {"Node Type": "Hash", "Parent Relationship": "Inner", "Parallel Aware": false, "Startup Cost": 2545.85, "Total Cost": 2545.85, "Plan Rows": 13282, "Plan Width": 8, "Actual Startup Time": 20.507, "Actual Total Time": 20.509, "Actual Rows": 15812, "Actual Loops": 1, "Output": ["c.postid", "p.id"], "Hash Buckets": 16384, "Original Hash Buckets": 16384, "Hash Batches": 1, "Original Hash Batches": 1, "Peak Memory Usage": 746, "Plans": [{"Node Type": "Hash Join", "Parent Relationship": "Outer", "Parallel Aware": false, "Join Type": "Inner", "Startup Cost": 960.95, "Total Cost": 2545.85, "Plan Rows": 13282, "Plan Width": 8, "Actual Startup Time": 5.534, "Actual Total Time": 18.784, "Actual Rows": 15812, "Actual Loops": 1, "Output": ["c.postid", "p.id"], "Inner Unique": true, "Hash Cond": "(c.postid = p.id)", "Plans": [{"Node Type": "Seq Scan", "Parent Relationship": "Outer", "Parallel Aware": false, "Relation Name": "comments", "Schema": "public", "Alias": "c", "Startup Cost": 0.0, "Total Cost": 1376.57, "Plan Rows": 79357, "Plan Width": 4, "Actual Startup Time": 0.004, "Actual Total Time": 4.411, "Actual Rows": 79357, "Actual Loops": 1, "Output": ["c.id", "c.postid", "c.score", "c.creationdate", "c.userid"]}, {"Node Type": "Hash", "Parent Relationship": "Inner", "Parallel Aware": false, "Startup Cost": 874.79, "Total Cost": 874.79, "Plan Rows": 6893, "Plan Width": 4, "Actual Startup Time": 5.494, "Actual Total Time": 5.495, "Actual Rows": 6971, "Actual Loops": 1, "Output": ["p.id"], "Hash Buckets": 8192, "Original Hash Buckets": 8192, "Hash Batches": 1, "Original Hash Batches": 1, "Peak Memory Usage": 310, "Plans": [{"Node Type": "Seq Scan", "Parent Relationship": "Outer", "Parallel Aware": false, "Relation Name": "posts", "Schema": "public", "Alias": "p", "Startup Cost": 0.0, "Total Cost": 874.79, "Plan Rows": 6893, "Plan Width": 4, "Actual Startup Time": 0.006, "Actual Total Time": 4.81, "Actual Rows": 6971, "Actual Loops": 1, "Output": ["p.id"], "Filter": "(p.favoritecount <= 8)", "Rows Removed by Filter": 34212}]}]}]}]}]}]}]}, "Planning Time": 2.598, "Triggers": [], "Execution Time": 101.627}]#####[{"Plan": {"Node Type": "Aggregate", "Strategy": "Plain", "Partial Mode": "Simple", "Parallel Aware": false, "Startup Cost": 6629.11, "Total Cost": 6629.12, "Plan Rows": 1, "Plan Width": 8, "Actual Startup Time": 91.988, "Actual Total Time": 91.991, "Actual Rows": 1, "Actual Loops": 1, "Output": ["count(*)"], "Plans": [{"Node Type": "Merge Join", "Parent Relationship": "Outer", "Parallel Aware": false, "Join Type": "Inner", "Startup Cost": 1315.44, "Total Cost": 6601.86, "Plan Rows": 10901, "Plan Width": 0, "Actual Startup Time": 7.88, "Actual Total Time": 85.891, "Actual Rows": 171025, "Actual Loops": 1, "Inner Unique": false, "Merge Cond": "(p.id = c.postid)", "Plans": [{"Node Type": "Nested Loop", "Parent Relationship": "Outer", "Parallel Aware": false, "Join Type": "Inner", "Startup Cost": 1315.12, "Total Cost": 3085.35, "Plan Rows": 56630, "Plan Width": 16, "Actual Startup Time": 7.777, "Actual Total Time": 46.624, "Actual Rows": 44571, "Actual Loops": 1, "Output": ["p.id", "pl.postid", "ph.postid", "v.postid"], "Inner Unique": false, "Join Filter": "(p.id = v.postid)", "Rows Removed by Join Filter": 0, "Plans": [{"Node Type": "Nested Loop", "Parent Relationship": "Outer", "Parallel Aware": false, "Join Type": "Inner", "Startup Cost": 1314.82, "Total Cost": 2177.23, "Plan Rows": 1731, "Plan Width": 12, "Actual Startup Time": 7.758, "Actual Total Time": 17.642, "Actual Rows": 9997, "Actual Loops": 1, "Output": ["p.id", "pl.postid", "ph.postid"], "Inner Unique": false, "Plans": [{"Node Type": "Merge Join", "Parent Relationship": "Outer", "Parallel Aware": false, "Join Type": "Inner", "Startup Cost": 1314.53, "Total Cost": 1470.47, "Plan Rows": 642, "Plan Width": 8, "Actual Startup Time": 7.657, "Actual Total Time": 9.09, "Actual Rows": 1860, "Actual Loops": 1, "Output": ["p.id", "pl.postid"], "Inner Unique": true, "Merge Cond": "(pl.postid = p.id)", "Plans": [{"Node Type": "Index Only Scan", "Parent Relationship": "Outer", "Parallel Aware": false, "Scan Direction": "Forward", "Index Name": "idx_postlinks_postid", "Relation Name": "postlinks", "Schema": "public", "Alias": "pl", "Startup Cost": 0.28, "Total Cost": 105.77, "Plan Rows": 3833, "Plan Width": 4, "Actual Startup Time": 0.032, "Actual Total Time": 0.393, "Actual Rows": 3833, "Actual Loops": 1, "Output": ["pl.postid"], "Heap Fetches": 0}, {"Node Type": "Sort", "Parent Relationship": "Inner", "Parallel Aware": false, "Startup Cost": 1314.25, "Total Cost": 1331.48, "Plan Rows": 6893, "Plan Width": 4, "Actual Startup Time": 7.621, "Actual Total Time": 7.94, "Actual Rows": 6967, "Actual Loops": 1, "Output": ["p.id"], "Sort Key": ["p.id"], "Sort Method": "quicksort", "Sort Space Used": 519, "Sort Space Type": "Memory", "Plans": [{"Node Type": "Seq Scan", "Parent Relationship": "Outer", "Parallel Aware": false, "Relation Name": "posts", "Schema": "public", "Alias": "p", "Startup Cost": 0.0, "Total Cost": 874.79, "Plan Rows": 6893, "Plan Width": 4, "Actual Startup Time": 0.015, "Actual Total Time": 6.65, "Actual Rows": 6971, "Actual Loops": 1, "Output": ["p.id"], "Filter": "(p.favoritecount <= 8)", "Rows Removed by Filter": 34212}]}]}, {"Node Type": "Index Scan", "Parent Relationship": "Inner", "Parallel Aware": false, "Scan Direction": "Forward", "Index Name": "idx_posthistory_postid", "Relation Name": "posthistory", "Schema": "public", "Alias": "ph", "Startup Cost": 0.29, "Total Cost": 1.06, "Plan Rows": 4, "Plan Width": 4, "Actual Startup Time": 0.002, "Actual Total Time": 0.004, "Actual Rows": 5, "Actual Loops": 1860, "Output": ["ph.id", "ph.posthistorytypeid", "ph.postid", "ph.creationdate", "ph.userid"], "Index Cond": "(ph.postid = p.id)", "Rows Removed by Index Recheck": 0, "Filter": "((ph.creationdate >= '2011-03-02 17:30:26'::timestamp without time zone) AND (ph.creationdate <= '2014-09-12 11:53:07'::timestamp without time zone))", "Rows Removed by Filter": 1}]}, {"Node Type": "Index Scan", "Parent Relationship": "Inner", "Parallel Aware": false, "Scan Direction": "Forward", "Index Name": "idx_votes_postid", "Relation Name": "votes", "Schema": "public", "Alias": "v", "Startup Cost": 0.29, "Total Cost": 0.46, "Plan Rows": 5, "Plan Width": 4, "Actual Startup Time": 0.001, "Actual Total Time": 0.002, "Actual Rows": 4, "Actual Loops": 9997, "Output": ["v.id", "v.postid", "v.votetypeid", "v.creationdate", "v.userid", "v.bountyamount"], "Index Cond": "(v.postid = ph.postid)", "Rows Removed by Index Recheck": 0, "Filter": "(v.votetypeid = 2)", "Rows Removed by Filter": 2}]}, {"Node Type": "Materialize", "Parent Relationship": "Inner", "Parallel Aware": false, "Startup Cost": 0.29, "Total Cost": 1937.04, "Plan Rows": 79357, "Plan Width": 4, "Actual Startup Time": 0.013, "Actual Total Time": 18.785, "Actual Rows": 246721, "Actual Loops": 1, "Output": ["c.postid"], "Plans": [{"Node Type": "Index Only Scan", "Parent Relationship": "Outer", "Parallel Aware": false, "Scan Direction": "Forward", "Index Name": "idx_comments_postid", "Relation Name": "comments", "Schema": "public", "Alias": "c", "Startup Cost": 0.29, "Total Cost": 1738.65, "Plan Rows": 79357, "Plan Width": 4, "Actual Startup Time": 0.011, "Actual Total Time": 5.368, "Actual Rows": 79234, "Actual Loops": 1, "Output": ["c.postid"], "Heap Fetches": 0}]}]}]}, "Planning Time": 7.097, "Triggers": [], "Execution Time": 92.19}]
[{"Plan": {"Node Type": "Aggregate", "Strategy": "Plain", "Partial Mode": "Simple", "Parallel Aware": false, "Startup Cost": 101182.86, "Total Cost": 101182.87, "Plan Rows": 1, "Plan Width": 8, "Actual Startup Time": 537415.009, "Actual Total Time": 537415.016, "Actual Rows": 1, "Actual Loops": 1, "Output": ["count(*)"], "Plans": [{"Node Type": "Nested Loop", "Parent Relationship": "Outer", "Parallel Aware": false, "Join Type": "Inner", "Startup Cost": 1999.14, "Total Cost": 92543.75, "Plan Rows": 3455643, "Plan Width": 0, "Actual Startup Time": 19.054, "Actual Total Time": 461458.111, "Actual Rows": 2155762922, "Actual Loops": 1, "Inner Unique": false, "Plans": [{"Node Type": "Hash Join", "Parent Relationship": "Outer", "Parallel Aware": false, "Join Type": "Inner", "Startup Cost": 1998.84, "Total Cost": 3573.43, "Plan Rows": 86745, "Plan Width": 12, "Actual Startup Time": 19.031, "Actual Total Time": 250.767, "Actual Rows": 1213346, "Actual Loops": 1, "Output": ["p.owneruserid", "u.id", "b.userid"], "Inner Unique": false, "Hash Cond": "(b.userid = u.id)", "Plans": [{"Node Type": "Seq Scan", "Parent Relationship": "Outer", "Parallel Aware": false, "Relation Name": "badges", "Schema": "public", "Alias": "b", "Startup Cost": 0.0, "Total Cost": 503.24, "Plan Rows": 32624, "Plan Width": 4, "Actual Startup Time": 0.009, "Actual Total Time": 3.478, "Actual Rows": 32624, "Actual Loops": 1, "Output": ["b.id", "b.userid", "b.date"]}, {"Node Type": "Hash", "Parent Relationship": "Inner", "Parallel Aware": false, "Startup Cost": 1502.46, "Total Cost": 1502.46, "Plan Rows": 39711, "Plan Width": 8, "Actual Startup Time": 18.839, "Actual Total Time": 18.843, "Actual Rows": 39652, "Actual Loops": 1, "Output": ["p.owneruserid", "u.id"], "Hash Buckets": 65536, "Original Hash Buckets": 65536, "Hash Batches": 1, "Original Hash Batches": 1, "Peak Memory Usage": 2061, "Plans": [{"Node Type": "Hash Join", "Parent Relationship": "Outer", "Parallel Aware": false, "Join Type": "Inner", "Startup Cost": 520.67, "Total Cost": 1502.46, "Plan Rows": 39711, "Plan Width": 8, "Actual Startup Time": 3.363, "Actual Total Time": 14.859, "Actual Rows": 39652, "Actual Loops": 1, "Output": ["p.owneruserid", "u.id"], "Inner Unique": true, "Hash Cond": "(p.owneruserid = u.id)", "Plans": [{"Node Type": "Seq Scan", "Parent Relationship": "Outer", "Parallel Aware": false, "Relation Name": "posts", "Schema": "public", "Alias": "p", "Startup Cost": 0.0, "Total Cost": 874.79, "Plan Rows": 40747, "Plan Width": 4, "Actual Startup Time": 0.007, "Actual Total Time": 5.817, "Actual Rows": 40740, "Actual Loops": 1, "Output": ["p.id", "p.posttypeid", "p.creationdate", "p.score", "p.viewcount", "p.owneruserid", "p.answercount", "p.commentcount", "p.favoritecount", "p.lasteditoruserid"], "Filter": "(p.score >= 0)", "Rows Removed by Filter": 443}, {"Node Type": "Hash", "Parent Relationship": "Inner", "Parallel Aware": false, "Startup Cost": 334.02, "Total Cost": 334.02, "Plan Rows": 14932, "Plan Width": 4, "Actual Startup Time": 3.307, "Actual Total Time": 3.308, "Actual Rows": 14935, "Actual Loops": 1, "Output": ["u.id"], "Hash Buckets": 16384, "Original Hash Buckets": 16384, "Hash Batches": 1, "Original Hash Batches": 1, "Peak Memory Usage": 654, "Plans": [{"Node Type": "Seq Scan", "Parent Relationship": "Outer", "Parallel Aware": false, "Relation Name": "users", "Schema": "public", "Alias": "u", "Startup Cost": 0.0, "Total Cost": 334.02, "Plan Rows": 14932, "Plan Width": 4, "Actual Startup Time": 0.007, "Actual Total Time": 1.997, "Actual Rows": 14935, "Actual Loops": 1, "Output": ["u.id"], "Filter": "((u.creationdate >= '2010-07-09 02:56:06'::timestamp without time zone) AND (u.creationdate <= '2014-09-09 10:44:00'::timestamp without time zone))", "Rows Removed by Filter": 0}]}]}]}]}, {"Node Type": "Index Scan", "Parent Relationship": "Inner", "Parallel Aware": false, "Scan Direction": "Forward", "Index Name": "idx_posthistory_userid", "Relation Name": "posthistory", "Schema": "public", "Alias": "ph", "Startup Cost": 0.29, "Total Cost": 0.83, "Plan Rows": 20, "Plan Width": 4, "Actual Startup Time": 0.002, "Actual Total Time": 0.29, "Actual Rows": 1777, "Actual Loops": 1213346, "Output": ["ph.id", "ph.posthistorytypeid", "ph.postid", "ph.creationdate", "ph.userid"], "Index Cond": "(ph.userid = b.userid)", "Rows Removed by Index Recheck": 0, "Filter": "(ph.creationdate >= '2010-06-13 00:00:00'::timestamp without time zone)", "Rows Removed by Filter": 0}]}]}, "Planning Time": 1.558, "Triggers": [], "Execution Time": 537415.173}]#####[{"Plan": {"Node Type": "Aggregate", "Strategy": "Plain", "Partial Mode": "Simple", "Parallel Aware": false, "Startup Cost": 204834.65, "Total Cost": 204834.66, "Plan Rows": 1, "Plan Width": 8, "Actual Startup Time": 206336.601, "Actual Total Time": 206336.607, "Actual Rows": 1, "Actual Loops": 1, "Output": ["count(*)"], "Plans": [{"Node Type": "Hash Join", "Parent Relationship": "Outer", "Parallel Aware": false, "Join Type": "Inner", "Startup Cost": 4905.84, "Total Cost": 118443.56, "Plan Rows": 34556433, "Plan Width": 0, "Actual Startup Time": 51.895, "Actual Total Time": 132724.164, "Actual Rows": 2155762922, "Actual Loops": 1, "Inner Unique": false, "Hash Cond": "(b.userid = u.id)", "Plans": [{"Node Type": "Nested Loop", "Parent Relationship": "Outer", "Parallel Aware": false, "Join Type": "Inner", "Startup Cost": 0.29, "Total Cost": 16175.18, "Plan Rows": 1064733, "Plan Width": 8, "Actual Startup Time": 0.023, "Actual Total Time": 240.312, "Actual Rows": 1213346, "Actual Loops": 1, "Output": ["p.owneruserid", "b.userid"], "Inner Unique": false, "Plans": [{"Node Type": "Seq Scan", "Parent Relationship": "Outer", "Parallel Aware": false, "Relation Name": "posts", "Schema": "public", "Alias": "p", "Startup Cost": 0.0, "Total Cost": 874.79, "Plan Rows": 40747, "Plan Width": 4, "Actual Startup Time": 0.01, "Actual Total Time": 9.013, "Actual Rows": 40740, "Actual Loops": 1, "Output": ["p.id", "p.posttypeid", "p.creationdate", "p.score", "p.viewcount", "p.owneruserid", "p.answercount", "p.commentcount", "p.favoritecount", "p.lasteditoruserid"], "Filter": "(p.score >= 0)", "Rows Removed by Filter": 443}, {"Node Type": "Index Only Scan", "Parent Relationship": "Inner", "Parallel Aware": false, "Scan Direction": "Forward", "Index Name": "idx_badges_userid", "Relation Name": "badges", "Schema": "public", "Alias": "b", "Startup Cost": 0.29, "Total Cost": 0.35, "Plan Rows": 3, "Plan Width": 4, "Actual Startup Time": 0.001, "Actual Total Time": 0.003, "Actual Rows": 30, "Actual Loops": 40740, "Output": ["b.userid"], "Index Cond": "(b.userid = p.owneruserid)", "Rows Removed by Index Recheck": 0, "Heap Fetches": 0}]}, {"Node Type": "Hash", "Parent Relationship": "Inner", "Parallel Aware": false, "Startup Cost": 3431.78, "Total Cost": 3431.78, "Plan Rows": 117902, "Plan Width": 8, "Actual Startup Time": 51.408, "Actual Total Time": 51.411, "Actual Rows": 118699, "Actual Loops": 1, "Output": ["ph.userid", "u.id"], "Hash Buckets": 131072, "Original Hash Buckets": 131072, "Hash Batches": 1, "Original Hash Batches": 1, "Peak Memory Usage": 5661, "Plans": [{"Node Type": "Hash Join", "Parent Relationship": "Outer", "Parallel Aware": false, "Join Type": "Inner", "Startup Cost": 520.67, "Total Cost": 3431.78, "Plan Rows": 117902, "Plan Width": 8, "Actual Startup Time": 5.288, "Actual Total Time": 38.741, "Actual Rows": 118699, "Actual Loops": 1, "Output": ["ph.userid", "u.id"], "Inner Unique": true, "Hash Cond": "(ph.userid = u.id)", "Plans": [{"Node Type": "Seq Scan", "Parent Relationship": "Outer", "Parallel Aware": false, "Relation Name": "posthistory", "Schema": "public", "Alias": "ph", "Startup Cost": 0.0, "Total Cost": 2572.93, "Plan Rows": 128796, "Plan Width": 4, "Actual Startup Time": 0.008, "Actual Total Time": 16.432, "Actual Rows": 129969, "Actual Loops": 1, "Output": ["ph.id", "ph.posthistorytypeid", "ph.postid", "ph.creationdate", "ph.userid"], "Filter": "(ph.creationdate >= '2010-06-13 00:00:00'::timestamp without time zone)", "Rows Removed by Filter": 25}, {"Node Type": "Hash", "Parent Relationship": "Inner", "Parallel Aware": false, "Startup Cost": 334.02, "Total Cost": 334.02, "Plan Rows": 14932, "Plan Width": 4, "Actual Startup Time": 5.216, "Actual Total Time": 5.217, "Actual Rows": 14935, "Actual Loops": 1, "Output": ["u.id"], "Hash Buckets": 16384, "Original Hash Buckets": 16384, "Hash Batches": 1, "Original Hash Batches": 1, "Peak Memory Usage": 654, "Plans": [{"Node Type": "Seq Scan", "Parent Relationship": "Outer", "Parallel Aware": false, "Relation Name": "users", "Schema": "public", "Alias": "u", "Startup Cost": 0.0, "Total Cost": 334.02, "Plan Rows": 14932, "Plan Width": 4, "Actual Startup Time": 0.008, "Actual Total Time": 3.008, "Actual Rows": 14935, "Actual Loops": 1, "Output": ["u.id"], "Filter": "((u.creationdate >= '2010-07-09 02:56:06'::timestamp without time zone) AND (u.creationdate <= '2014-09-09 10:44:00'::timestamp without time zone))", "Rows Removed by Filter": 0}]}]}]}]}]}, "Planning Time": 1.543, "Triggers": [], "Execution Time": 206336.844}]#####[{"Plan": {"Node Type": "Aggregate", "Strategy": "Plain", "Partial Mode": "Simple", "Parallel Aware": false, "Startup Cost": 309067.35, "Total Cost": 309067.36, "Plan Rows": 1, "Plan Width": 8, "Actual Startup Time": 524451.11, "Actual Total Time": 524451.113, "Actual Rows": 1, "Actual Loops": 1, "Output": ["count(*)"], "Plans": [{"Node Type": "Nested Loop", "Parent Relationship": "Outer", "Parallel Aware": false, "Join Type": "Inner", "Startup Cost": 5.32, "Total Cost": 222676.26, "Plan Rows": 34556433, "Plan Width": 0, "Actual Startup Time": 0.571, "Actual Total Time": 448497.216, "Actual Rows": 2155762922, "Actual Loops": 1, "Inner Unique": false, "Plans": [{"Node Type": "Merge Join", "Parent Relationship": "Outer", "Parallel Aware": false, "Join Type": "Inner", "Startup Cost": 5.03, "Total Cost": 133705.95, "Plan Rows": 86745, "Plan Width": 12, "Actual Startup Time": 0.545, "Actual Total Time": 265.678, "Actual Rows": 1213346, "Actual Loops": 1, "Output": ["p.owneruserid", "u.id", "b.userid"], "Inner Unique": false, "Merge Cond": "(b.userid = u.id)", "Plans": [{"Node Type": "Index Only Scan", "Parent Relationship": "Outer", "Parallel Aware": false, "Scan Direction": "Forward", "Index Name": "idx_badges_userid", "Relation Name": "badges", "Schema": "public", "Alias": "b", "Startup Cost": 0.29, "Total Cost": 713.65, "Plan Rows": 32624, "Plan Width": 4, "Actual Startup Time": 0.019, "Actual Total Time": 3.558, "Actual Rows": 32624, "Actual Loops": 1, "Output": ["b.userid"], "Heap Fetches": 0}, {"Node Type": "Materialize", "Parent Relationship": "Inner", "Parallel Aware": false, "Startup Cost": 0.57, "Total Cost": 12898.05, "Plan Rows": 3971100, "Plan Width": 8, "Actual Startup Time": 0.045, "Actual Total Time": 106.161, "Actual Rows": 1214055, "Actual Loops": 1, "Output": ["p.owneruserid", "u.id"], "Plans": [{"Node Type": "Merge Join", "Parent Relationship": "Outer", "Parallel Aware": false, "Join Type": "Inner", "Startup Cost": 0.57, "Total Cost": 2970.3, "Plan Rows": 3971100, "Plan Width": 8, "Actual Startup Time": 0.04, "Actual Total Time": 28.375, "Actual Rows": 39645, "Actual Loops": 1, "Output": ["p.owneruserid", "u.id"], "Inner Unique": true, "Merge Cond": "(p.owneruserid = u.id)", "Plans": [{"Node Type": "Index Scan", "Parent Relationship": "Outer", "Parallel Aware": false, "Scan Direction": "Forward", "Index Name": "idx_posts_owneruserid", "Relation Name": "posts", "Schema": "public", "Alias": "p", "Startup Cost": 0.29, "Total Cost": 1904.15, "Plan Rows": 40747, "Plan Width": 4, "Actual Startup Time": 0.022, "Actual Total Time": 19.005, "Actual Rows": 39690, "Actual Loops": 1, "Output": ["p.id", "p.posttypeid", "p.creationdate", "p.score", "p.viewcount", "p.owneruserid", "p.answercount", "p.commentcount", "p.favoritecount", "p.lasteditoruserid"], "Filter": "(p.score >= 0)", "Rows Removed by Filter": 437}, {"Node Type": "Index Scan", "Parent Relationship": "Inner", "Parallel Aware": false, "Scan Direction": "Forward", "Index Name": "users_pkey", "Relation Name": "users", "Schema": "public", "Alias": "u", "Startup Cost": 0.29, "Total Cost": 583.99, "Plan Rows": 14932, "Plan Width": 4, "Actual Startup Time": 0.016, "Actual Total Time": 3.112, "Actual Rows": 14934, "Actual Loops": 1, "Output": ["u.id", "u.reputation", "u.creationdate", "u.views", "u.upvotes", "u.downvotes"], "Filter": "((u.creationdate >= '2010-07-09 02:56:06'::timestamp without time zone) AND (u.creationdate <= '2014-09-09 10:44:00'::timestamp without time zone))", "Rows Removed by Filter": 0}]}]}]}, {"Node Type": "Index Scan", "Parent Relationship": "Inner", "Parallel Aware": false, "Scan Direction": "Forward", "Index Name": "idx_posthistory_userid", "Relation Name": "posthistory", "Schema": "public", "Alias": "ph", "Startup Cost": 0.29, "Total Cost": 0.83, "Plan Rows": 20, "Plan Width": 4, "Actual Startup Time": 0.002, "Actual Total Time": 0.285, "Actual Rows": 1777, "Actual Loops": 1213346, "Output": ["ph.id", "ph.posthistorytypeid", "ph.postid", "ph.creationdate", "ph.userid"], "Index Cond": "(ph.userid = b.userid)", "Rows Removed by Index Recheck": 0, "Filter": "(ph.creationdate >= '2010-06-13 00:00:00'::timestamp without time zone)", "Rows Removed by Filter": 0}]}]}, "Planning Time": 1.66, "Triggers": [], "Execution Time": 524451.293}]
[{"Plan": {"Node Type": "Aggregate", "Strategy": "Plain", "Partial Mode": "Simple", "Parallel Aware": false, "Startup Cost": 5683.05, "Total Cost": 5683.06, "Plan Rows": 1, "Plan Width": 8, "Actual Startup Time": 81.139, "Actual Total Time": 81.145, "Actual Rows": 1, "Actual Loops": 1, "Output": ["count(*)"], "Plans": [{"Node Type": "Hash Join", "Parent Relationship": "Outer", "Parallel Aware": false, "Join Type": "Inner", "Startup Cost": 1687.79, "Total Cost": 4308.85, "Plan Rows": 549678, "Plan Width": 0, "Actual Startup Time": 12.671, "Actual Total Time": 62.048, "Actual Rows": 566160, "Actual Loops": 1, "Inner Unique": false, "Hash Cond": "(c.userid = u.id)", "Plans": [{"Node Type": "Seq Scan", "Parent Relationship": "Outer", "Parallel Aware": false, "Relation Name": "comments", "Schema": "public", "Alias": "c", "Startup Cost": 0.0, "Total Cost": 1574.96, "Plan Rows": 77618, "Plan Width": 4, "Actual Startup Time": 0.155, "Actual Total Time": 8.833, "Actual Rows": 77713, "Actual Loops": 1, "Output": ["c.id", "c.postid", "c.score", "c.creationdate", "c.userid"], "Filter": "(c.creationdate >= '2010-08-16 19:20:24'::timestamp without time zone)", "Rows Removed by Filter": 1644}, {"Node Type": "Hash", "Parent Relationship": "Inner", "Parallel Aware": false, "Startup Cost": 1501.31, "Total Cost": 1501.31, "Plan Rows": 14919, "Plan Width": 8, "Actual Startup Time": 12.457, "Actual Total Time": 12.461, "Actual Rows": 14806, "Actual Loops": 1, "Output": ["p.owneruserid", "u.id"], "Hash Buckets": 16384, "Original Hash Buckets": 16384, "Hash Batches": 1, "Original Hash Batches": 1, "Peak Memory Usage": 707, "Plans": [{"Node Type": "Hash Join", "Parent Relationship": "Outer", "Parallel Aware": false, "Join Type": "Inner", "Startup Cost": 483.38, "Total Cost": 1501.31, "Plan Rows": 14919, "Plan Width": 8, "Actual Startup Time": 3.357, "Actual Total Time": 10.926, "Actual Rows": 14806, "Actual Loops": 1, "Output": ["p.owneruserid", "u.id"], "Inner Unique": true, "Hash Cond": "(p.owneruserid = u.id)", "Plans": [{"Node Type": "Seq Scan", "Parent Relationship": "Outer", "Parallel Aware": false, "Relation Name": "posts", "Schema": "public", "Alias": "p", "Startup Cost": 0.0, "Total Cost": 977.75, "Plan Rows": 15305, "Plan Width": 4, "Actual Startup Time": 0.008, "Actual Total Time": 5.427, "Actual Rows": 15292, "Actual Loops": 1, "Output": ["p.id", "p.posttypeid", "p.creationdate", "p.score", "p.viewcount", "p.owneruserid", "p.answercount", "p.commentcount", "p.favoritecount", "p.lasteditoruserid"], "Filter": "((p.answercount >= 0) AND (p.answercount <= 3))", "Rows Removed by Filter": 25891}, {"Node Type": "Hash", "Parent Relationship": "Inner", "Parallel Aware": false, "Startup Cost": 296.69, "Total Cost": 296.69, "Plan Rows": 14935, "Plan Width": 4, "Actual Startup Time": 3.303, "Actual Total Time": 3.305, "Actual Rows": 14935, "Actual Loops": 1, "Output": ["u.id"], "Hash Buckets": 16384, "Original Hash Buckets": 16384, "Hash Batches": 1, "Original Hash Batches": 1, "Peak Memory Usage": 654, "Plans": [{"Node Type": "Seq Scan", "Parent Relationship": "Outer", "Parallel Aware": false, "Relation Name": "users", "Schema": "public", "Alias": "u", "Startup Cost": 0.0, "Total Cost": 296.69, "Plan Rows": 14935, "Plan Width": 4, "Actual Startup Time": 0.006, "Actual Total Time": 1.959, "Actual Rows": 14935, "Actual Loops": 1, "Output": ["u.id"], "Filter": "(u.reputation >= 1)", "Rows Removed by Filter": 0}]}]}]}]}]}, "Planning Time": 1.261, "Triggers": [], "Execution Time": 81.234}]#####[{"Plan": {"Node Type": "Aggregate", "Strategy": "Plain", "Partial Mode": "Simple", "Parallel Aware": false, "Startup Cost": 16795.61, "Total Cost": 16795.62, "Plan Rows": 1, "Plan Width": 8, "Actual Startup Time": 203.998, "Actual Total Time": 204.003, "Actual Rows": 1, "Actual Loops": 1, "Output": ["count(*)"], "Plans": [{"Node Type": "Nested Loop", "Parent Relationship": "Outer", "Parallel Aware": false, "Join Type": "Inner", "Startup Cost": 483.67, "Total Cost": 3053.65, "Plan Rows": 5496785, "Plan Width": 0, "Actual Startup Time": 3.406, "Actual Total Time": 183.082, "Actual Rows": 566160, "Actual Loops": 1, "Inner Unique": false, "Plans": [{"Node Type": "Hash Join", "Parent Relationship": "Outer", "Parallel Aware": false, "Join Type": "Inner", "Startup Cost": 483.38, "Total Cost": 1501.31, "Plan Rows": 1491, "Plan Width": 8, "Actual Startup Time": 3.356, "Actual Total Time": 13.496, "Actual Rows": 14806, "Actual Loops": 1, "Output": ["p.owneruserid", "u.id"], "Inner Unique": true, "Hash Cond": "(p.owneruserid = u.id)", "Plans": [{"Node Type": "Seq Scan", "Parent Relationship": "Outer", "Parallel Aware": false, "Relation Name": "posts", "Schema": "public", "Alias": "p", "Startup Cost": 0.0, "Total Cost": 977.75, "Plan Rows": 15305, "Plan Width": 4, "Actual Startup Time": 0.01, "Actual Total Time": 6.703, "Actual Rows": 15292, "Actual Loops": 1, "Output": ["p.id", "p.posttypeid", "p.creationdate", "p.score", "p.viewcount", "p.owneruserid", "p.answercount", "p.commentcount", "p.favoritecount", "p.lasteditoruserid"], "Filter": "((p.answercount >= 0) AND (p.answercount <= 3))", "Rows Removed by Filter": 25891}, {"Node Type": "Hash", "Parent Relationship": "Inner", "Parallel Aware": false, "Startup Cost": 296.69, "Total Cost": 296.69, "Plan Rows": 14935, "Plan Width": 4, "Actual Startup Time": 3.283, "Actual Total Time": 3.284, "Actual Rows": 14935, "Actual Loops": 1, "Output": ["u.id"], "Hash Buckets": 16384, "Original Hash Buckets": 16384, "Hash Batches": 1, "Original Hash Batches": 1, "Peak Memory Usage": 654, "Plans": [{"Node Type": "Seq Scan", "Parent Relationship": "Outer", "Parallel Aware": false, "Relation Name": "users", "Schema": "public", "Alias": "u", "Startup Cost": 0.0, "Total Cost": 296.69, "Plan Rows": 14935, "Plan Width": 4, "Actual Startup Time": 0.006, "Actual Total Time": 1.914, "Actual Rows": 14935, "Actual Loops": 1, "Output": ["u.id"], "Filter": "(u.reputation >= 1)", "Rows Removed by Filter": 0}]}]}, {"Node Type": "Index Scan", "Parent Relationship": "Inner", "Parallel Aware": false, "Scan Direction": "Forward", "Index Name": "idx_comments_userid", "Relation Name": "comments", "Schema": "public", "Alias": "c", "Startup Cost": 0.29, "Total Cost": 0.85, "Plan Rows": 19, "Plan Width": 4, "Actual Startup Time": 0.001, "Actual Total Time": 0.009, "Actual Rows": 38, "Actual Loops": 14806, "Output": ["c.id", "c.postid", "c.score", "c.creationdate", "c.userid"], "Index Cond": "(c.userid = u.id)", "Rows Removed by Index Recheck": 0, "Filter": "(c.creationdate >= '2010-08-16 19:20:24'::timestamp without time zone)", "Rows Removed by Filter": 1}]}]}, "Planning Time": 2.637, "Triggers": [], "Execution Time": 204.086}]
[{"Plan": {"Node Type": "Aggregate", "Strategy": "Plain", "Partial Mode": "Simple", "Parallel Aware": false, "Startup Cost": 1621.84, "Total Cost": 1621.85, "Plan Rows": 1, "Plan Width": 8, "Actual Startup Time": 20.077, "Actual Total Time": 20.08, "Actual Rows": 1, "Actual Loops": 1, "Output": ["count(*)"], "Plans": [{"Node Type": "Merge Join", "Parent Relationship": "Outer", "Parallel Aware": false, "Join Type": "Inner", "Startup Cost": 1350.23, "Total Cost": 1619.53, "Plan Rows": 924, "Plan Width": 0, "Actual Startup Time": 20.071, "Actual Total Time": 20.074, "Actual Rows": 0, "Actual Loops": 1, "Inner Unique": false, "Merge Cond": "(p.owneruserid = v.userid)", "Plans": [{"Node Type": "Sort", "Parent Relationship": "Outer", "Parallel Aware": false, "Startup Cost": 1349.65, "Total Cost": 1368.12, "Plan Rows": 7390, "Plan Width": 4, "Actual Startup Time": 10.933, "Actual Total Time": 10.935, "Actual Rows": 1, "Actual Loops": 1, "Output": ["p.owneruserid"], "Sort Key": ["p.owneruserid"], "Sort Method": "quicksort", "Sort Space Used": 539, "Sort Space Type": "Memory", "Plans": [{"Node Type": "Seq Scan", "Parent Relationship": "Outer", "Parallel Aware": false, "Relation Name": "posts", "Schema": "public", "Alias": "p", "Startup Cost": 0.0, "Total Cost": 874.79, "Plan Rows": 7390, "Plan Width": 4, "Actual Startup Time": 0.017, "Actual Total Time": 8.776, "Actual Rows": 7473, "Actual Loops": 1, "Output": ["p.owneruserid"], "Filter": "(p.favoritecount >= 0)", "Rows Removed by Filter": 33710}]}, {"Node Type": "Materialize", "Parent Relationship": "Inner", "Parallel Aware": false, "Startup Cost": 0.58, "Total Cost": 1448.9, "Plan Rows": 12736, "Plan Width": 8, "Actual Startup Time": 9.136, "Actual Total Time": 9.137, "Actual Rows": 0, "Actual Loops": 1, "Output": ["v.userid", "u.id"], "Plans": [{"Node Type": "Merge Join", "Parent Relationship": "Outer", "Parallel Aware": false, "Join Type": "Inner", "Startup Cost": 0.58, "Total Cost": 1417.06, "Plan Rows": 12736, "Plan Width": 8, "Actual Startup Time": 9.135, "Actual Total Time": 9.135, "Actual Rows": 0, "Actual Loops": 1, "Output": ["v.userid", "u.id"], "Inner Unique": true, "Merge Cond": "(v.userid = u.id)", "Plans": [{"Node Type": "Index Scan", "Parent Relationship": "Outer", "Parallel Aware": false, "Scan Direction": "Forward", "Index Name": "idx_votes_userid", "Relation Name": "votes", "Schema": "public", "Alias": "v", "Startup Cost": 0.29, "Total Cost": 6730.74, "Plan Rows": 134726, "Plan Width": 4, "Actual Startup Time": 9.134, "Actual Total Time": 9.134, "Actual Rows": 1, "Actual Loops": 1, "Output": ["v.id", "v.postid", "v.votetypeid", "v.creationdate", "v.userid", "v.bountyamount"], "Filter": "((v.creationdate <= '2014-09-12 00:00:00'::timestamp without time zone) AND (v.votetypeid = 2))", "Rows Removed by Filter": 15605}, {"Node Type": "Index Scan", "Parent Relationship": "Inner", "Parallel Aware": false, "Scan Direction": "Forward", "Index Name": "users_pkey", "Relation Name": "users", "Schema": "public", "Alias": "u", "Startup Cost": 0.29, "Total Cost": 583.99, "Plan Rows": 14935, "Plan Width": 4, "Actual Startup Time": 0.0, "Actual Total Time": 0.0, "Actual Rows": 0, "Actual Loops": 0, "Output": ["u.id", "u.reputation", "u.creationdate", "u.views", "u.upvotes", "u.downvotes"], "Filter": "((u.downvotes >= 0) AND (u.upvotes >= 0))", "Rows Removed by Filter": 0}]}]}]}]}, "Planning Time": 1.222, "Triggers": [], "Execution Time": 20.292}]#####[{"Plan": {"Node Type": "Aggregate", "Strategy": "Plain", "Partial Mode": "Simple", "Parallel Aware": false, "Startup Cost": 1553.35, "Total Cost": 1553.36, "Plan Rows": 1, "Plan Width": 8, "Actual Startup Time": 8.701, "Actual Total Time": 8.703, "Actual Rows": 1, "Actual Loops": 1, "Output": ["count(*)"], "Plans": [{"Node Type": "Merge Join", "Parent Relationship": "Outer", "Parallel Aware": false, "Join Type": "Inner", "Startup Cost": 1350.23, "Total Cost": 1530.24, "Plan Rows": 9244, "Plan Width": 0, "Actual Startup Time": 8.696, "Actual Total Time": 8.698, "Actual Rows": 0, "Actual Loops": 1, "Inner Unique": false, "Merge Cond": "(v.userid = p.owneruserid)", "Plans": [{"Node Type": "Merge Join", "Parent Relationship": "Outer", "Parallel Aware": false, "Join Type": "Inner", "Startup Cost": 0.58, "Total Cost": 1417.06, "Plan Rows": 1273, "Plan Width": 8, "Actual Startup Time": 8.695, "Actual Total Time": 8.697, "Actual Rows": 0, "Actual Loops": 1, "Output": ["v.userid", "u.id"], "Inner Unique": true, "Merge Cond": "(v.userid = u.id)", "Plans": [{"Node Type": "Index Scan", "Parent Relationship": "Outer", "Parallel Aware": false, "Scan Direction": "Forward", "Index Name": "idx_votes_userid", "Relation Name": "votes", "Schema": "public", "Alias": "v", "Startup Cost": 0.29, "Total Cost": 6730.74, "Plan Rows": 134726, "Plan Width": 4, "Actual Startup Time": 8.695, "Actual Total Time": 8.696, "Actual Rows": 1, "Actual Loops": 1, "Output": ["v.id", "v.postid", "v.votetypeid", "v.creationdate", "v.userid", "v.bountyamount"], "Filter": "((v.creationdate <= '2014-09-12 00:00:00'::timestamp without time zone) AND (v.votetypeid = 2))", "Rows Removed by Filter": 15605}, {"Node Type": "Index Scan", "Parent Relationship": "Inner", "Parallel Aware": false, "Scan Direction": "Forward", "Index Name": "users_pkey", "Relation Name": "users", "Schema": "public", "Alias": "u", "Startup Cost": 0.29, "Total Cost": 583.99, "Plan Rows": 14935, "Plan Width": 4, "Actual Startup Time": 0.0, "Actual Total Time": 0.0, "Actual Rows": 0, "Actual Loops": 0, "Output": ["u.id", "u.reputation", "u.creationdate", "u.views", "u.upvotes", "u.downvotes"], "Filter": "((u.downvotes >= 0) AND (u.upvotes >= 0))", "Rows Removed by Filter": 0}]}, {"Node Type": "Sort", "Parent Relationship": "Inner", "Parallel Aware": false, "Startup Cost": 1349.65, "Total Cost": 1368.12, "Plan Rows": 7390, "Plan Width": 4, "Actual Startup Time": 0.0, "Actual Total Time": 0.0, "Actual Rows": 0, "Actual Loops": 0, "Output": ["p.owneruserid"], "Sort Key": ["p.owneruserid"], "Plans": [{"Node Type": "Seq Scan", "Parent Relationship": "Outer", "Parallel Aware": false, "Relation Name": "posts", "Schema": "public", "Alias": "p", "Startup Cost": 0.0, "Total Cost": 874.79, "Plan Rows": 7390, "Plan Width": 4, "Actual Startup Time": 0.0, "Actual Total Time": 0.0, "Actual Rows": 0, "Actual Loops": 0, "Output": ["p.owneruserid"], "Filter": "(p.favoritecount >= 0)", "Rows Removed by Filter": 0}]}]}]}, "Planning Time": 1.172, "Triggers": [], "Execution Time": 8.772}]#####[{"Plan": {"Node Type": "Aggregate", "Strategy": "Plain", "Partial Mode": "Simple", "Parallel Aware": false, "Startup Cost": 1495.09, "Total Cost": 1495.1, "Plan Rows": 1, "Plan Width": 8, "Actual Startup Time": 8.38, "Actual Total Time": 8.382, "Actual Rows": 1, "Actual Loops": 1, "Output": ["count(*)"], "Plans": [{"Node Type": "Nested Loop", "Parent Relationship": "Outer", "Parallel Aware": false, "Join Type": "Inner", "Startup Cost": 0.87, "Total Cost": 1471.98, "Plan Rows": 9244, "Plan Width": 0, "Actual Startup Time": 8.376, "Actual Total Time": 8.377, "Actual Rows": 0, "Actual Loops": 1, "Inner Unique": false, "Plans": [{"Node Type": "Merge Join", "Parent Relationship": "Outer", "Parallel Aware": false, "Join Type": "Inner", "Startup Cost": 0.58, "Total Cost": 1417.06, "Plan Rows": 127, "Plan Width": 8, "Actual Startup Time": 8.375, "Actual Total Time": 8.377, "Actual Rows": 0, "Actual Loops": 1, "Output": ["v.userid", "u.id"], "Inner Unique": true, "Merge Cond": "(v.userid = u.id)", "Plans": [{"Node Type": "Index Scan", "Parent Relationship": "Outer", "Parallel Aware": false, "Scan Direction": "Forward", "Index Name": "idx_votes_userid", "Relation Name": "votes", "Schema": "public", "Alias": "v", "Startup Cost": 0.29, "Total Cost": 6730.74, "Plan Rows": 134726, "Plan Width": 4, "Actual Startup Time": 8.374, "Actual Total Time": 8.375, "Actual Rows": 1, "Actual Loops": 1, "Output": ["v.id", "v.postid", "v.votetypeid", "v.creationdate", "v.userid", "v.bountyamount"], "Filter": "((v.creationdate <= '2014-09-12 00:00:00'::timestamp without time zone) AND (v.votetypeid = 2))", "Rows Removed by Filter": 15605}, {"Node Type": "Index Scan", "Parent Relationship": "Inner", "Parallel Aware": false, "Scan Direction": "Forward", "Index Name": "users_pkey", "Relation Name": "users", "Schema": "public", "Alias": "u", "Startup Cost": 0.29, "Total Cost": 583.99, "Plan Rows": 14935, "Plan Width": 4, "Actual Startup Time": 0.0, "Actual Total Time": 0.0, "Actual Rows": 0, "Actual Loops": 0, "Output": ["u.id", "u.reputation", "u.creationdate", "u.views", "u.upvotes", "u.downvotes"], "Filter": "((u.downvotes >= 0) AND (u.upvotes >= 0))", "Rows Removed by Filter": 0}]}, {"Node Type": "Index Scan", "Parent Relationship": "Inner", "Parallel Aware": false, "Scan Direction": "Forward", "Index Name": "idx_posts_owneruserid", "Relation Name": "posts", "Schema": "public", "Alias": "p", "Startup Cost": 0.29, "Total Cost": 0.42, "Plan Rows": 1, "Plan Width": 4, "Actual Startup Time": 0.0, "Actual Total Time": 0.0, "Actual Rows": 0, "Actual Loops": 0, "Output": ["p.id", "p.posttypeid", "p.creationdate", "p.score", "p.viewcount", "p.owneruserid", "p.answercount", "p.commentcount", "p.favoritecount", "p.lasteditoruserid"], "Index Cond": "(p.owneruserid = v.userid)", "Rows Removed by Index Recheck": 0, "Filter": "(p.favoritecount >= 0)", "Rows Removed by Filter": 0}]}]}, "Planning Time": 1.329, "Triggers": [], "Execution Time": 8.453}]
[{"Plan": {"Node Type": "Aggregate", "Strategy": "Plain", "Partial Mode": "Simple", "Parallel Aware": false, "Startup Cost": 4056.85, "Total Cost": 4056.86, "Plan Rows": 1, "Plan Width": 8, "Actual Startup Time": 79.968, "Actual Total Time": 79.974, "Actual Rows": 1, "Actual Loops": 1, "Output": ["count(*)"], "Plans": [{"Node Type": "Nested Loop", "Parent Relationship": "Outer", "Parallel Aware": false, "Join Type": "Inner", "Startup Cost": 1564.53, "Total Cost": 4054.27, "Plan Rows": 1033, "Plan Width": 0, "Actual Startup Time": 8.265, "Actual Total Time": 74.484, "Actual Rows": 140681, "Actual Loops": 1, "Inner Unique": false, "Join Filter": "(p.id = ph.postid)", "Rows Removed by Join Filter": 0, "Plans": [{"Node Type": "Nested Loop", "Parent Relationship": "Outer", "Parallel Aware": false, "Join Type": "Inner", "Startup Cost": 1564.23, "Total Cost": 2681.84, "Plan Rows": 3275, "Plan Width": 16, "Actual Startup Time": 8.247, "Actual Total Time": 38.794, "Actual Rows": 22250, "Actual Loops": 1, "Output": ["c.postid", "p.id", "pl.postid", "v.postid"], "Inner Unique": false, "Join Filter": "(p.id = v.postid)", "Rows Removed by Join Filter": 0, "Plans": [{"Node Type": "Nested Loop", "Parent Relationship": "Outer", "Parallel Aware": false, "Join Type": "Inner", "Startup Cost": 1563.94, "Total Cost": 2136.63, "Plan Rows": 1001, "Plan Width": 12, "Actual Startup Time": 8.228, "Actual Total Time": 17.617, "Actual Rows": 7535, "Actual Loops": 1, "Output": ["c.postid", "p.id", "pl.postid"], "Inner Unique": false, "Plans": [{"Node Type": "Hash Join", "Parent Relationship": "Outer", "Parallel Aware": false, "Join Type": "Inner", "Startup Cost": 1563.65, "Total Cost": 1650.62, "Plan Rows": 529, "Plan Width": 8, "Actual Startup Time": 8.152, "Actual Total Time": 9.549, "Actual Rows": 3022, "Actual Loops": 1, "Output": ["p.id", "pl.postid"], "Inner Unique": true, "Hash Cond": "(pl.postid = p.id)", "Plans": [{"Node Type": "Seq Scan", "Parent Relationship": "Outer", "Parallel Aware": false, "Relation Name": "postlinks", "Schema": "public", "Alias": "pl", "Startup Cost": 0.0, "Total Cost": 76.91, "Plan Rows": 3833, "Plan Width": 4, "Actual Startup Time": 0.009, "Actual Total Time": 0.595, "Actual Rows": 3833, "Actual Loops": 1, "Output": ["pl.id", "pl.creationdate", "pl.postid", "pl.relatedpostid", "pl.linktypeid"], "Filter": "(pl.linktypeid = 1)", "Rows Removed by Filter": 0}, {"Node Type": "Hash", "Parent Relationship": "Inner", "Parallel Aware": false, "Startup Cost": 1492.53, "Total Cost": 1492.53, "Plan Rows": 5689, "Plan Width": 4, "Actual Startup Time": 8.099, "Actual Total Time": 8.1, "Actual Rows": 14404, "Actual Loops": 1, "Output": ["p.id"], "Hash Buckets": 16384, "Original Hash Buckets": 8192, "Hash Batches": 1, "Original Hash Batches": 1, "Peak Memory Usage": 635, "Plans": [{"Node Type": "Seq Scan", "Parent Relationship": "Outer", "Parallel Aware": false, "Relation Name": "posts", "Schema": "public", "Alias": "p", "Startup Cost": 0.0, "Total Cost": 1492.53, "Plan Rows": 5689, "Plan Width": 4, "Actual Startup Time": 0.009, "Actual Total Time": 6.653, "Actual Rows": 14404, "Actual Loops": 1, "Output": ["p.id"], "Filter": "((p.score >= 0) AND (p.score <= 16) AND (p.viewcount >= 0) AND (p.answercount <= 3) AND (p.commentcount >= 0) AND (p.commentcount <= 8) AND (p.creationdate <= '2014-09-02 19:10:17'::timestamp without time zone))", "Rows Removed by Filter": 26779}]}]}, {"Node Type": "Index Scan", "Parent Relationship": "Inner", "Parallel Aware": false, "Scan Direction": "Forward", "Index Name": "idx_comments_postid", "Relation Name": "comments", "Schema": "public", "Alias": "c", "Startup Cost": 0.29, "Total Cost": 0.88, "Plan Rows": 4, "Plan Width": 4, "Actual Startup Time": 0.002, "Actual Total Time": 0.002, "Actual Rows": 2, "Actual Loops": 3022, "Output": ["c.id", "c.postid", "c.score", "c.creationdate", "c.userid"], "Index Cond": "(c.postid = p.id)", "Rows Removed by Index Recheck": 0, "Filter": "(c.creationdate >= '2010-08-10 14:59:40'::timestamp without time zone)", "Rows Removed by Filter": 0}]}, {"Node Type": "Index Scan", "Parent Relationship": "Inner", "Parallel Aware": false, "Scan Direction": "Forward", "Index Name": "idx_votes_postid", "Relation Name": "votes", "Schema": "public", "Alias": "v", "Startup Cost": 0.29, "Total Cost": 0.48, "Plan Rows": 5, "Plan Width": 4, "Actual Startup Time": 0.001, "Actual Total Time": 0.002, "Actual Rows": 3, "Actual Loops": 7535, "Output": ["v.id", "v.postid", "v.votetypeid", "v.creationdate", "v.userid", "v.bountyamount"], "Index Cond": "(v.postid = c.postid)", "Rows Removed by Index Recheck": 0, "Filter": "(v.votetypeid = 2)", "Rows Removed by Filter": 1}]}, {"Node Type": "Index Only Scan", "Parent Relationship": "Inner", "Parallel Aware": false, "Scan Direction": "Forward", "Index Name": "idx_posthistory_postid", "Relation Name": "posthistory", "Schema": "public", "Alias": "ph", "Startup Cost": 0.29, "Total Cost": 0.37, "Plan Rows": 4, "Plan Width": 4, "Actual Startup Time": 0.001, "Actual Total Time": 0.001, "Actual Rows": 6, "Actual Loops": 22250, "Output": ["ph.postid"], "Index Cond": "(ph.postid = v.postid)", "Rows Removed by Index Recheck": 0, "Heap Fetches": 0}]}]}, "Planning Time": 2.695, "Triggers": [], "Execution Time": 80.071}]#####[{"Plan": {"Node Type": "Aggregate", "Strategy": "Plain", "Partial Mode": "Simple", "Parallel Aware": false, "Startup Cost": 2750.36, "Total Cost": 2750.37, "Plan Rows": 1, "Plan Width": 8, "Actual Startup Time": 128.436, "Actual Total Time": 128.441, "Actual Rows": 1, "Actual Loops": 1, "Output": ["count(*)"], "Plans": [{"Node Type": "Nested Loop", "Parent Relationship": "Outer", "Parallel Aware": false, "Join Type": "Inner", "Startup Cost": 1564.53, "Total Cost": 2724.51, "Plan Rows": 10338, "Plan Width": 0, "Actual Startup Time": 8.097, "Actual Total Time": 122.227, "Actual Rows": 140681, "Actual Loops": 1, "Inner Unique": false, "Join Filter": "(p.id = v.postid)", "Rows Removed by Join Filter": 0, "Plans": [{"Node Type": "Nested Loop", "Parent Relationship": "Outer", "Parallel Aware": false, "Join Type": "Inner", "Startup Cost": 1564.23, "Total Cost": 2560.91, "Plan Rows": 316, "Plan Width": 16, "Actual Startup Time": 8.075, "Actual Total Time": 32.313, "Actual Rows": 45074, "Actual Loops": 1, "Output": ["c.postid", "p.id", "pl.postid", "ph.postid"], "Inner Unique": false, "Join Filter": "(p.id = ph.postid)", "Rows Removed by Join Filter": 0, "Plans": [{"Node Type": "Nested Loop", "Parent Relationship": "Outer", "Parallel Aware": false, "Join Type": "Inner", "Startup Cost": 1563.94, "Total Cost": 2136.63, "Plan Rows": 1001, "Plan Width": 12, "Actual Startup Time": 8.061, "Actual Total Time": 17.432, "Actual Rows": 7535, "Actual Loops": 1, "Output": ["c.postid", "p.id", "pl.postid"], "Inner Unique": false, "Plans": [{"Node Type": "Hash Join", "Parent Relationship": "Outer", "Parallel Aware": false, "Join Type": "Inner", "Startup Cost": 1563.65, "Total Cost": 1650.62, "Plan Rows": 529, "Plan Width": 8, "Actual Startup Time": 7.985, "Actual Total Time": 9.422, "Actual Rows": 3022, "Actual Loops": 1, "Output": ["p.id", "pl.postid"], "Inner Unique": true, "Hash Cond": "(pl.postid = p.id)", "Plans": [{"Node Type": "Seq Scan", "Parent Relationship": "Outer", "Parallel Aware": false, "Relation Name": "postlinks", "Schema": "public", "Alias": "pl", "Startup Cost": 0.0, "Total Cost": 76.91, "Plan Rows": 3833, "Plan Width": 4, "Actual Startup Time": 0.009, "Actual Total Time": 0.579, "Actual Rows": 3833, "Actual Loops": 1, "Output": ["pl.id", "pl.creationdate", "pl.postid", "pl.relatedpostid", "pl.linktypeid"], "Filter": "(pl.linktypeid = 1)", "Rows Removed by Filter": 0}, {"Node Type": "Hash", "Parent Relationship": "Inner", "Parallel Aware": false, "Startup Cost": 1492.53, "Total Cost": 1492.53, "Plan Rows": 5689, "Plan Width": 4, "Actual Startup Time": 7.925, "Actual Total Time": 7.926, "Actual Rows": 14404, "Actual Loops": 1, "Output": ["p.id"], "Hash Buckets": 16384, "Original Hash Buckets": 8192, "Hash Batches": 1, "Original Hash Batches": 1, "Peak Memory Usage": 635, "Plans": [{"Node Type": "Seq Scan", "Parent Relationship": "Outer", "Parallel Aware": false, "Relation Name": "posts", "Schema": "public", "Alias": "p", "Startup Cost": 0.0, "Total Cost": 1492.53, "Plan Rows": 5689, "Plan Width": 4, "Actual Startup Time": 0.009, "Actual Total Time": 6.486, "Actual Rows": 14404, "Actual Loops": 1, "Output": ["p.id"], "Filter": "((p.score >= 0) AND (p.score <= 16) AND (p.viewcount >= 0) AND (p.answercount <= 3) AND (p.commentcount >= 0) AND (p.commentcount <= 8) AND (p.creationdate <= '2014-09-02 19:10:17'::timestamp without time zone))", "Rows Removed by Filter": 26779}]}]}, {"Node Type": "Index Scan", "Parent Relationship": "Inner", "Parallel Aware": false, "Scan Direction": "Forward", "Index Name": "idx_comments_postid", "Relation Name": "comments", "Schema": "public", "Alias": "c", "Startup Cost": 0.29, "Total Cost": 0.88, "Plan Rows": 4, "Plan Width": 4, "Actual Startup Time": 0.002, "Actual Total Time": 0.002, "Actual Rows": 2, "Actual Loops": 3022, "Output": ["c.id", "c.postid", "c.score", "c.creationdate", "c.userid"], "Index Cond": "(c.postid = p.id)", "Rows Removed by Index Recheck": 0, "Filter": "(c.creationdate >= '2010-08-10 14:59:40'::timestamp without time zone)", "Rows Removed by Filter": 0}]}, {"Node Type": "Index Only Scan", "Parent Relationship": "Inner", "Parallel Aware": false, "Scan Direction": "Forward", "Index Name": "idx_posthistory_postid", "Relation Name": "posthistory", "Schema": "public", "Alias": "ph", "Startup Cost": 0.29, "Total Cost": 0.37, "Plan Rows": 4, "Plan Width": 4, "Actual Startup Time": 0.001, "Actual Total Time": 0.001, "Actual Rows": 6, "Actual Loops": 7535, "Output": ["ph.postid"], "Index Cond": "(ph.postid = c.postid)", "Rows Removed by Index Recheck": 0, "Heap Fetches": 0}]}, {"Node Type": "Index Scan", "Parent Relationship": "Inner", "Parallel Aware": false, "Scan Direction": "Forward", "Index Name": "idx_votes_postid", "Relation Name": "votes", "Schema": "public", "Alias": "v", "Startup Cost": 0.29, "Total Cost": 0.46, "Plan Rows": 5, "Plan Width": 4, "Actual Startup Time": 0.001, "Actual Total Time": 0.002, "Actual Rows": 3, "Actual Loops": 45074, "Output": ["v.id", "v.postid", "v.votetypeid", "v.creationdate", "v.userid", "v.bountyamount"], "Index Cond": "(v.postid = ph.postid)", "Rows Removed by Index Recheck": 0, "Filter": "(v.votetypeid = 2)", "Rows Removed by Filter": 1}]}]}, "Planning Time": 5.875, "Triggers": [], "Execution Time": 128.542}]#####[{"Plan": {"Node Type": "Aggregate", "Strategy": "Plain", "Partial Mode": "Simple", "Parallel Aware": false, "Startup Cost": 10891.23, "Total Cost": 10891.24, "Plan Rows": 1, "Plan Width": 8, "Actual Startup Time": 88.487, "Actual Total Time": 88.494, "Actual Rows": 1, "Actual Loops": 1, "Output": ["count(*)"], "Plans": [{"Node Type": "Hash Join", "Parent Relationship": "Outer", "Parallel Aware": false, "Join Type": "Inner", "Startup Cost": 8061.56, "Total Cost": 10865.38, "Plan Rows": 10338, "Plan Width": 0, "Actual Startup Time": 66.186, "Actual Total Time": 83.437, "Actual Rows": 140681, "Actual Loops": 1, "Inner Unique": false, "Hash Cond": "(pl.postid = p.id)", "Plans": [{"Node Type": "Nested Loop", "Parent Relationship": "Outer", "Parallel Aware": false, "Join Type": "Inner", "Startup Cost": 0.29, "Total Cost": 2503.7, "Plan Rows": 16197, "Plan Width": 8, "Actual Startup Time": 0.025, "Actual Total Time": 7.41, "Actual Rows": 22701, "Actual Loops": 1, "Output": ["pl.postid", "ph.postid"], "Inner Unique": false, "Plans": [{"Node Type": "Seq Scan", "Parent Relationship": "Outer", "Parallel Aware": false, "Relation Name": "postlinks", "Schema": "public", "Alias": "pl", "Startup Cost": 0.0, "Total Cost": 76.91, "Plan Rows": 3833, "Plan Width": 4, "Actual Startup Time": 0.009, "Actual Total Time": 0.523, "Actual Rows": 3833, "Actual Loops": 1, "Output": ["pl.id", "pl.creationdate", "pl.postid", "pl.relatedpostid", "pl.linktypeid"], "Filter": "(pl.linktypeid = 1)", "Rows Removed by Filter": 0}, {"Node Type": "Index Only Scan", "Parent Relationship": "Inner", "Parallel Aware": false, "Scan Direction": "Forward", "Index Name": "idx_posthistory_postid", "Relation Name": "posthistory", "Schema": "public", "Alias": "ph", "Startup Cost": 0.29, "Total Cost": 0.59, "Plan Rows": 4, "Plan Width": 4, "Actual Startup Time": 0.001, "Actual Total Time": 0.001, "Actual Rows": 6, "Actual Loops": 3833, "Output": ["ph.postid"], "Index Cond": "(ph.postid = pl.postid)", "Rows Removed by Index Recheck": 0, "Heap Fetches": 0}]}, {"Node Type": "Hash", "Parent Relationship": "Inner", "Parallel Aware": false, "Startup Cost": 7621.23, "Total Cost": 7621.23, "Plan Rows": 35203, "Plan Width": 12, "Actual Startup Time": 65.889, "Actual Total Time": 65.893, "Actual Rows": 70319, "Actual Loops": 1, "Output": ["c.postid", "p.id", "v.postid"], "Hash Buckets": 131072, "Original Hash Buckets": 65536, "Hash Batches": 1, "Original Hash Batches": 1, "Peak Memory Usage": 4046, "Plans": [{"Node Type": "Hash Join", "Parent Relationship": "Outer", "Parallel Aware": false, "Join Type": "Inner", "Startup Cost": 3477.6, "Total Cost": 7621.23, "Plan Rows": 35203, "Plan Width": 12, "Actual Startup Time": 26.433, "Actual Total Time": 57.272, "Actual Rows": 70319, "Actual Loops": 1, "Output": ["c.postid", "p.id", "v.postid"], "Inner Unique": false, "Hash Cond": "(v.postid = p.id)", "Plans": [{"Node Type": "Seq Scan", "Parent Relationship": "Outer", "Parallel Aware": false, "Relation Name": "votes", "Schema": "public", "Alias": "v", "Startup Cost": 0.0, "Total Cost": 3117.91, "Plan Rows": 134737, "Plan Width": 4, "Actual Startup Time": 0.01, "Actual Total Time": 16.539, "Actual Rows": 134683, "Actual Loops": 1, "Output": ["v.id", "v.postid", "v.votetypeid", "v.creationdate", "v.userid", "v.bountyamount"], "Filter": "(v.votetypeid = 2)", "Rows Removed by Filter": 29550}, {"Node Type": "Hash", "Parent Relationship": "Inner", "Parallel Aware": false, "Startup Cost": 3343.1, "Total Cost": 3343.1, "Plan Rows": 10760, "Plan Width": 8, "Actual Startup Time": 26.36, "Actual Total Time": 26.364, "Actual Rows": 26721, "Actual Loops": 1, "Output": ["c.postid", "p.id"], "Hash Buckets": 32768, "Original Hash Buckets": 16384, "Hash Batches": 1, "Original Hash Batches": 1, "Peak Memory Usage": 1300, "Plans": [{"Node Type": "Hash Join", "Parent Relationship": "Outer", "Parallel Aware": false, "Join Type": "Inner", "Startup Cost": 1563.65, "Total Cost": 3343.1, "Plan Rows": 10760, "Plan Width": 8, "Actual Startup Time": 8.097, "Actual Total Time": 23.349, "Actual Rows": 26721, "Actual Loops": 1, "Output": ["c.postid", "p.id"], "Inner Unique": true, "Hash Cond": "(c.postid = p.id)", "Plans": [{"Node Type": "Seq Scan", "Parent Relationship": "Outer", "Parallel Aware": false, "Relation Name": "comments", "Schema": "public", "Alias": "c", "Startup Cost": 0.0, "Total Cost": 1574.96, "Plan Rows": 77895, "Plan Width": 4, "Actual Startup Time": 0.128, "Actual Total Time": 8.626, "Actual Rows": 77989, "Actual Loops": 1, "Output": ["c.id", "c.postid", "c.score", "c.creationdate", "c.userid"], "Filter": "(c.creationdate >= '2010-08-10 14:59:40'::timestamp without time zone)", "Rows Removed by Filter": 1368}, {"Node Type": "Hash", "Parent Relationship": "Inner", "Parallel Aware": false, "Startup Cost": 1492.53, "Total Cost": 1492.53, "Plan Rows": 5689, "Plan Width": 4, "Actual Startup Time": 7.94, "Actual Total Time": 7.941, "Actual Rows": 14404, "Actual Loops": 1, "Output": ["p.id"], "Hash Buckets": 16384, "Original Hash Buckets": 8192, "Hash Batches": 1, "Original Hash Batches": 1, "Peak Memory Usage": 635, "Plans": [{"Node Type": "Seq Scan", "Parent Relationship": "Outer", "Parallel Aware": false, "Relation Name": "posts", "Schema": "public", "Alias": "p", "Startup Cost": 0.0, "Total Cost": 1492.53, "Plan Rows": 5689, "Plan Width": 4, "Actual Startup Time": 0.008, "Actual Total Time": 6.457, "Actual Rows": 14404, "Actual Loops": 1, "Output": ["p.id"], "Filter": "((p.score >= 0) AND (p.score <= 16) AND (p.viewcount >= 0) AND (p.answercount <= 3) AND (p.commentcount >= 0) AND (p.commentcount <= 8) AND (p.creationdate <= '2014-09-02 19:10:17'::timestamp without time zone))", "Rows Removed by Filter": 26779}]}]}]}]}]}]}]}, "Planning Time": 5.857, "Triggers": [], "Execution Time": 88.72}]
[{"Plan": {"Node Type": "Aggregate", "Strategy": "Plain", "Partial Mode": "Simple", "Parallel Aware": false, "Startup Cost": 7399.25, "Total Cost": 7399.26, "Plan Rows": 1, "Plan Width": 8, "Actual Startup Time": 83.269, "Actual Total Time": 83.274, "Actual Rows": 1, "Actual Loops": 1, "Output": ["count(*)"], "Plans": [{"Node Type": "Hash Join", "Parent Relationship": "Outer", "Parallel Aware": false, "Join Type": "Inner", "Startup Cost": 1677.76, "Total Cost": 3474.64, "Plan Rows": 1569844, "Plan Width": 0, "Actual Startup Time": 75.082, "Actual Total Time": 82.846, "Actual Rows": 12047, "Actual Loops": 1, "Inner Unique": false, "Hash Cond": "(c.userid = u.id)", "Plans": [{"Node Type": "Seq Scan", "Parent Relationship": "Outer", "Parallel Aware": false, "Relation Name": "comments", "Schema": "public", "Alias": "c", "Startup Cost": 0.0, "Total Cost": 1574.96, "Plan Rows": 11576, "Plan Width": 4, "Actual Startup Time": 0.027, "Actual Total Time": 6.338, "Actual Rows": 11485, "Actual Loops": 1, "Output": ["c.id", "c.postid", "c.score", "c.creationdate", "c.userid"], "Filter": "(c.score = 1)", "Rows Removed by Filter": 67872}, {"Node Type": "Hash", "Parent Relationship": "Inner", "Parallel Aware": false, "Startup Cost": 1406.11, "Total Cost": 1406.11, "Plan Rows": 21732, "Plan Width": 12, "Actual Startup Time": 74.667, "Actual Total Time": 74.668, "Actual Rows": 20154, "Actual Loops": 1, "Output": ["v.userid", "b.userid", "u.id"], "Hash Buckets": 32768, "Original Hash Buckets": 32768, "Hash Batches": 1, "Original Hash Batches": 1, "Peak Memory Usage": 1122, "Plans": [{"Node Type": "Merge Join", "Parent Relationship": "Outer", "Parallel Aware": false, "Join Type": "Inner", "Startup Cost": 1.23, "Total Cost": 1406.11, "Plan Rows": 21732, "Plan Width": 12, "Actual Startup Time": 23.327, "Actual Total Time": 72.418, "Actual Rows": 20154, "Actual Loops": 1, "Output": ["v.userid", "b.userid", "u.id"], "Inner Unique": true, "Merge Cond": "(v.userid = u.id)", "Plans": [{"Node Type": "Merge Join", "Parent Relationship": "Outer", "Parallel Aware": false, "Join Type": "Inner", "Startup Cost": 0.94, "Total Cost": 4207.11, "Plan Rows": 257855, "Plan Width": 8, "Actual Startup Time": 0.081, "Actual Total Time": 53.604, "Actual Rows": 360495, "Actual Loops": 1, "Output": ["v.userid", "b.userid"], "Inner Unique": false, "Merge Cond": "(b.userid = v.userid)", "Plans": [{"Node Type": "Index Only Scan", "Parent Relationship": "Outer", "Parallel Aware": false, "Scan Direction": "Forward", "Index Name": "idx_badges_userid", "Relation Name": "badges", "Schema": "public", "Alias": "b", "Startup Cost": 0.29, "Total Cost": 713.65, "Plan Rows": 32624, "Plan Width": 4, "Actual Startup Time": 0.025, "Actual Total Time": 2.563, "Actual Rows": 32624, "Actual Loops": 1, "Output": ["b.userid"], "Heap Fetches": 0}, {"Node Type": "Materialize", "Parent Relationship": "Inner", "Parallel Aware": false, "Startup Cost": 0.29, "Total Cost": 3458.37, "Plan Rows": 164233, "Plan Width": 4, "Actual Startup Time": 0.041, "Actual Total Time": 16.509, "Actual Rows": 361570, "Actual Loops": 1, "Output": ["v.userid"], "Plans": [{"Node Type": "Index Only Scan", "Parent Relationship": "Outer", "Parallel Aware": false, "Scan Direction": "Forward", "Index Name": "idx_votes_userid", "Relation Name": "votes", "Schema": "public", "Alias": "v", "Startup Cost": 0.29, "Total Cost": 3047.79, "Plan Rows": 164233, "Plan Width": 4, "Actual Startup Time": 0.032, "Actual Total Time": 1.155, "Actual Rows": 15603, "Actual Loops": 1, "Output": ["v.userid"], "Heap Fetches": 0}]}]}, {"Node Type": "Index Scan", "Parent Relationship": "Inner", "Parallel Aware": false, "Scan Direction": "Forward", "Index Name": "users_pkey", "Relation Name": "users", "Schema": "public", "Alias": "u", "Startup Cost": 0.29, "Total Cost": 696.0, "Plan Rows": 13315, "Plan Width": 4, "Actual Startup Time": 0.143, "Actual Total Time": 3.239, "Actual Rows": 13824, "Actual Loops": 1, "Output": ["u.id", "u.reputation", "u.creationdate", "u.views", "u.upvotes", "u.downvotes"], "Filter": "((u.reputation >= 1) AND (u.reputation <= 305) AND (u.downvotes >= 0) AND (u.downvotes <= 0) AND (u.creationdate >= '2010-07-26 19:19:36'::timestamp without time zone))", "Rows Removed by Filter": 1111}]}]}]}]}, "Planning Time": 1.756, "Triggers": [], "Execution Time": 83.511}]#####[{"Plan": {"Node Type": "Aggregate", "Strategy": "Plain", "Partial Mode": "Simple", "Parallel Aware": false, "Startup Cost": 42230.37, "Total Cost": 42230.38, "Plan Rows": 1, "Plan Width": 8, "Actual Startup Time": 115.877, "Actual Total Time": 115.88, "Actual Rows": 1, "Actual Loops": 1, "Output": ["count(*)"], "Plans": [{"Node Type": "Nested Loop", "Parent Relationship": "Outer", "Parallel Aware": false, "Join Type": "Inner", "Startup Cost": 1.52, "Total Cost": 2984.25, "Plan Rows": 15698449, "Plan Width": 0, "Actual Startup Time": 15.77, "Actual Total Time": 115.139, "Actual Rows": 12047, "Actual Loops": 1, "Inner Unique": false, "Join Filter": "(u.id = c.userid)", "Rows Removed by Join Filter": 0, "Plans": [{"Node Type": "Merge Join", "Parent Relationship": "Outer", "Parallel Aware": false, "Join Type": "Inner", "Startup Cost": 1.23, "Total Cost": 1406.11, "Plan Rows": 2173, "Plan Width": 12, "Actual Startup Time": 15.746, "Actual Total Time": 64.826, "Actual Rows": 20154, "Actual Loops": 1, "Output": ["v.userid", "b.userid", "u.id"], "Inner Unique": true, "Merge Cond": "(v.userid = u.id)", "Plans": [{"Node Type": "Merge Join", "Parent Relationship": "Outer", "Parallel Aware": false, "Join Type": "Inner", "Startup Cost": 0.94, "Total Cost": 4207.11, "Plan Rows": 257855, "Plan Width": 8, "Actual Startup Time": 0.041, "Actual Total Time": 47.573, "Actual Rows": 360495, "Actual Loops": 1, "Output": ["v.userid", "b.userid"], "Inner Unique": false, "Merge Cond": "(b.userid = v.userid)", "Plans": [{"Node Type": "Index Only Scan", "Parent Relationship": "Outer", "Parallel Aware": false, "Scan Direction": "Forward", "Index Name": "idx_badges_userid", "Relation Name": "badges", "Schema": "public", "Alias": "b", "Startup Cost": 0.29, "Total Cost": 713.65, "Plan Rows": 32624, "Plan Width": 4, "Actual Startup Time": 0.014, "Actual Total Time": 2.405, "Actual Rows": 32624, "Actual Loops": 1, "Output": ["b.userid"], "Heap Fetches": 0}, {"Node Type": "Materialize", "Parent Relationship": "Inner", "Parallel Aware": false, "Startup Cost": 0.29, "Total Cost": 3458.37, "Plan Rows": 164233, "Plan Width": 4, "Actual Startup Time": 0.019, "Actual Total Time": 14.152, "Actual Rows": 361570, "Actual Loops": 1, "Output": ["v.userid"], "Plans": [{"Node Type": "Index Only Scan", "Parent Relationship": "Outer", "Parallel Aware": false, "Scan Direction": "Forward", "Index Name": "idx_votes_userid", "Relation Name": "votes", "Schema": "public", "Alias": "v", "Startup Cost": 0.29, "Total Cost": 3047.79, "Plan Rows": 164233, "Plan Width": 4, "Actual Startup Time": 0.015, "Actual Total Time": 1.117, "Actual Rows": 15603, "Actual Loops": 1, "Output": ["v.userid"], "Heap Fetches": 0}]}]}, {"Node Type": "Index Scan", "Parent Relationship": "Inner", "Parallel Aware": false, "Scan Direction": "Forward", "Index Name": "users_pkey", "Relation Name": "users", "Schema": "public", "Alias": "u", "Startup Cost": 0.29, "Total Cost": 696.0, "Plan Rows": 13315, "Plan Width": 4, "Actual Startup Time": 0.067, "Actual Total Time": 3.053, "Actual Rows": 13824, "Actual Loops": 1, "Output": ["u.id", "u.reputation", "u.creationdate", "u.views", "u.upvotes", "u.downvotes"], "Filter": "((u.reputation >= 1) AND (u.reputation <= 305) AND (u.downvotes >= 0) AND (u.downvotes <= 0) AND (u.creationdate >= '2010-07-26 19:19:36'::timestamp without time zone))", "Rows Removed by Filter": 1111}]}, {"Node Type": "Index Scan", "Parent Relationship": "Inner", "Parallel Aware": false, "Scan Direction": "Forward", "Index Name": "idx_comments_userid", "Relation Name": "comments", "Schema": "public", "Alias": "c", "Startup Cost": 0.29, "Total Cost": 0.69, "Plan Rows": 3, "Plan Width": 4, "Actual Startup Time": 0.002, "Actual Total Time": 0.002, "Actual Rows": 1, "Actual Loops": 20154, "Output": ["c.id", "c.postid", "c.score", "c.creationdate", "c.userid"], "Index Cond": "(c.userid = v.userid)", "Rows Removed by Index Recheck": 0, "Filter": "(c.score = 1)", "Rows Removed by Filter": 8}]}]}, "Planning Time": 4.341, "Triggers": [], "Execution Time": 115.986}]#####[{"Plan": {"Node Type": "Aggregate", "Strategy": "Plain", "Partial Mode": "Simple", "Parallel Aware": false, "Startup Cost": 42837.58, "Total Cost": 42837.59, "Plan Rows": 1, "Plan Width": 8, "Actual Startup Time": 75.098, "Actual Total Time": 75.103, "Actual Rows": 1, "Actual Loops": 1, "Output": ["count(*)"], "Plans": [{"Node Type": "Merge Join", "Parent Relationship": "Outer", "Parallel Aware": false, "Join Type": "Inner", "Startup Cost": 2886.85, "Total Cost": 3591.46, "Plan Rows": 15698449, "Plan Width": 0, "Actual Startup Time": 29.558, "Actual Total Time": 74.644, "Actual Rows": 12047, "Actual Loops": 1, "Inner Unique": false, "Merge Cond": "(v.userid = u.id)", "Plans": [{"Node Type": "Merge Join", "Parent Relationship": "Outer", "Parallel Aware": false, "Join Type": "Inner", "Startup Cost": 0.94, "Total Cost": 4207.11, "Plan Rows": 257855, "Plan Width": 8, "Actual Startup Time": 0.056, "Actual Total Time": 45.17, "Actual Rows": 360483, "Actual Loops": 1, "Output": ["v.userid", "b.userid"], "Inner Unique": false, "Merge Cond": "(b.userid = v.userid)", "Plans": [{"Node Type": "Index Only Scan", "Parent Relationship": "Outer", "Parallel Aware": false, "Scan Direction": "Forward", "Index Name": "idx_badges_userid", "Relation Name": "badges", "Schema": "public", "Alias": "b", "Startup Cost": 0.29, "Total Cost": 713.65, "Plan Rows": 32624, "Plan Width": 4, "Actual Startup Time": 0.023, "Actual Total Time": 2.357, "Actual Rows": 32623, "Actual Loops": 1, "Output": ["b.userid"], "Heap Fetches": 0}, {"Node Type": "Materialize", "Parent Relationship": "Inner", "Parallel Aware": false, "Startup Cost": 0.29, "Total Cost": 3458.37, "Plan Rows": 164233, "Plan Width": 4, "Actual Startup Time": 0.024, "Actual Total Time": 13.447, "Actual Rows": 361557, "Actual Loops": 1, "Output": ["v.userid"], "Plans": [{"Node Type": "Index Only Scan", "Parent Relationship": "Outer", "Parallel Aware": false, "Scan Direction": "Forward", "Index Name": "idx_votes_userid", "Relation Name": "votes", "Schema": "public", "Alias": "v", "Startup Cost": 0.29, "Total Cost": 3047.79, "Plan Rows": 164233, "Plan Width": 4, "Actual Startup Time": 0.019, "Actual Total Time": 1.013, "Actual Rows": 15590, "Actual Loops": 1, "Output": ["v.userid"], "Heap Fetches": 0}]}]}, {"Node Type": "Sort", "Parent Relationship": "Inner", "Parallel Aware": false, "Startup Cost": 2885.9, "Total Cost": 2911.03, "Plan Rows": 10050, "Plan Width": 8, "Actual Startup Time": 15.709, "Actual Total Time": 16.196, "Actual Rows": 12729, "Actual Loops": 1, "Output": ["c.userid", "u.id"], "Sort Key": ["c.userid"], "Sort Method": "quicksort", "Sort Space Used": 70, "Sort Space Type": "Memory", "Plans": [{"Node Type": "Hash Join", "Parent Relationship": "Outer", "Parallel Aware": false, "Join Type": "Inner", "Startup Cost": 612.47, "Total Cost": 2217.84, "Plan Rows": 10050, "Plan Width": 8, "Actual Startup Time": 6.196, "Actual Total Time": 15.482, "Actual Rows": 974, "Actual Loops": 1, "Output": ["c.userid", "u.id"], "Inner Unique": true, "Hash Cond": "(c.userid = u.id)", "Plans": [{"Node Type": "Seq Scan", "Parent Relationship": "Outer", "Parallel Aware": false, "Relation Name": "comments", "Schema": "public", "Alias": "c", "Startup Cost": 0.0, "Total Cost": 1574.96, "Plan Rows": 11576, "Plan Width": 4, "Actual Startup Time": 0.015, "Actual Total Time": 8.159, "Actual Rows": 11485, "Actual Loops": 1, "Output": ["c.id", "c.postid", "c.score", "c.creationdate", "c.userid"], "Filter": "(c.score = 1)", "Rows Removed by Filter": 67872}, {"Node Type": "Hash", "Parent Relationship": "Inner", "Parallel Aware": false, "Startup Cost": 446.04, "Total Cost": 446.04, "Plan Rows": 13315, "Plan Width": 4, "Actual Startup Time": 5.985, "Actual Total Time": 5.985, "Actual Rows": 13824, "Actual Loops": 1, "Output": ["u.id"], "Hash Buckets": 16384, "Original Hash Buckets": 16384, "Hash Batches": 1, "Original Hash Batches": 1, "Peak Memory Usage": 614, "Plans": [{"Node Type": "Seq Scan", "Parent Relationship": "Outer", "Parallel Aware": false, "Relation Name": "users", "Schema": "public", "Alias": "u", "Startup Cost": 0.0, "Total Cost": 446.04, "Plan Rows": 13315, "Plan Width": 4, "Actual Startup Time": 0.061, "Actual Total Time": 3.788, "Actual Rows": 13824, "Actual Loops": 1, "Output": ["u.id"], "Filter": "((u.reputation >= 1) AND (u.reputation <= 305) AND (u.downvotes >= 0) AND (u.downvotes <= 0) AND (u.creationdate >= '2010-07-26 19:19:36'::timestamp without time zone))", "Rows Removed by Filter": 1111}]}]}]}]}]}, "Planning Time": 3.2, "Triggers": [], "Execution Time": 75.267}]
[{"Plan": {"Node Type": "Aggregate", "Strategy": "Plain", "Partial Mode": "Simple", "Parallel Aware": false, "Startup Cost": 5341.97, "Total Cost": 5341.98, "Plan Rows": 1, "Plan Width": 8, "Actual Startup Time": 996.039, "Actual Total Time": 996.042, "Actual Rows": 1, "Actual Loops": 1, "Output": ["count(*)"], "Plans": [{"Node Type": "Nested Loop", "Parent Relationship": "Outer", "Parallel Aware": false, "Join Type": "Inner", "Startup Cost": 1.74, "Total Cost": 5317.48, "Plan Rows": 9798, "Plan Width": 0, "Actual Startup Time": 0.673, "Actual Total Time": 804.566, "Actual Rows": 5584865, "Actual Loops": 1, "Inner Unique": false, "Plans": [{"Node Type": "Nested Loop", "Parent Relationship": "Outer", "Parallel Aware": false, "Join Type": "Inner", "Startup Cost": 1.45, "Total Cost": 4617.32, "Plan Rows": 1878, "Plan Width": 4, "Actual Startup Time": 0.659, "Actual Total Time": 157.867, "Actual Rows": 87676, "Actual Loops": 1, "Output": ["c.userid"], "Inner Unique": false, "Plans": [{"Node Type": "Nested Loop", "Parent Relationship": "Outer", "Parallel Aware": false, "Join Type": "Inner", "Startup Cost": 1.16, "Total Cost": 4157.17, "Plan Rows": 974, "Plan Width": 16, "Actual Startup Time": 0.644, "Actual Total Time": 104.019, "Actual Rows": 25018, "Actual Loops": 1, "Output": ["p.id", "pl.relatedpostid", "ph.postid", "v.postid"], "Inner Unique": false, "Plans": [{"Node Type": "Nested Loop", "Parent Relationship": "Outer", "Parallel Aware": false, "Join Type": "Inner", "Startup Cost": 0.86, "Total Cost": 3443.65, "Plan Rows": 1410, "Plan Width": 12, "Actual Startup Time": 0.072, "Actual Total Time": 38.989, "Actual Rows": 26200, "Actual Loops": 1, "Output": ["p.id", "pl.relatedpostid", "v.postid"], "Inner Unique": false, "Plans": [{"Node Type": "Merge Join", "Parent Relationship": "Outer", "Parallel Aware": false, "Join Type": "Inner", "Startup Cost": 0.57, "Total Cost": 1327.67, "Plan Rows": 3833, "Plan Width": 8, "Actual Startup Time": 0.049, "Actual Total Time": 5.763, "Actual Rows": 3833, "Actual Loops": 1, "Output": ["p.id", "pl.relatedpostid"], "Inner Unique": false, "Merge Cond": "(p.id = pl.relatedpostid)", "Plans": [{"Node Type": "Index Only Scan", "Parent Relationship": "Outer", "Parallel Aware": false, "Scan Direction": "Forward", "Index Name": "posts_pkey", "Relation Name": "posts", "Schema": "public", "Alias": "p", "Startup Cost": 0.29, "Total Cost": 1078.03, "Plan Rows": 41183, "Plan Width": 4, "Actual Startup Time": 0.023, "Actual Total Time": 3.403, "Actual Rows": 41070, "Actual Loops": 1, "Output": ["p.id"], "Heap Fetches": 0}, {"Node Type": "Index Only Scan", "Parent Relationship": "Inner", "Parallel Aware": false, "Scan Direction": "Forward", "Index Name": "idx_postlinks_relatedpostid", "Relation Name": "postlinks", "Schema": "public", "Alias": "pl", "Startup Cost": 0.28, "Total Cost": 101.78, "Plan Rows": 3833, "Plan Width": 4, "Actual Startup Time": 0.023, "Actual Total Time": 0.456, "Actual Rows": 3833, "Actual Loops": 1, "Output": ["pl.relatedpostid"], "Heap Fetches": 0}]}, {"Node Type": "Index Scan", "Parent Relationship": "Inner", "Parallel Aware": false, "Scan Direction": "Forward", "Index Name": "idx_votes_postid", "Relation Name": "votes", "Schema": "public", "Alias": "v", "Startup Cost": 0.29, "Total Cost": 0.54, "Plan Rows": 1, "Plan Width": 4, "Actual Startup Time": 0.002, "Actual Total Time": 0.008, "Actual Rows": 7, "Actual Loops": 3833, "Output": ["v.id", "v.postid", "v.votetypeid", "v.creationdate", "v.userid", "v.bountyamount"], "Index Cond": "(v.postid = p.id)", "Rows Removed by Index Recheck": 0, "Filter": "(v.votetypeid = 5)", "Rows Removed by Filter": 12}]}, {"Node Type": "Index Scan", "Parent Relationship": "Inner", "Parallel Aware": false, "Scan Direction": "Forward", "Index Name": "idx_posthistory_postid", "Relation Name": "posthistory", "Schema": "public", "Alias": "ph", "Startup Cost": 0.29, "Total Cost": 0.5, "Plan Rows": 1, "Plan Width": 4, "Actual Startup Time": 0.002, "Actual Total Time": 0.002, "Actual Rows": 1, "Actual Loops": 26200, "Output": ["ph.id", "ph.posthistorytypeid", "ph.postid", "ph.creationdate", "ph.userid"], "Index Cond": "(ph.postid = p.id)", "Rows Removed by Index Recheck": 0, "Filter": "((ph.creationdate <= '2014-08-15 08:50:40'::timestamp without time zone) AND (ph.posthistorytypeid = 5))", "Rows Removed by Filter": 6}]}, {"Node Type": "Index Scan", "Parent Relationship": "Inner", "Parallel Aware": false, "Scan Direction": "Forward", "Index Name": "idx_comments_postid", "Relation Name": "comments", "Schema": "public", "Alias": "c", "Startup Cost": 0.29, "Total Cost": 0.43, "Plan Rows": 4, "Plan Width": 8, "Actual Startup Time": 0.001, "Actual Total Time": 0.002, "Actual Rows": 4, "Actual Loops": 25018, "Output": ["c.id", "c.postid", "c.score", "c.creationdate", "c.userid"], "Index Cond": "(c.postid = p.id)", "Rows Removed by Index Recheck": 0}]}, {"Node Type": "Index Only Scan", "Parent Relationship": "Inner", "Parallel Aware": false, "Scan Direction": "Forward", "Index Name": "idx_badges_userid", "Relation Name": "badges", "Schema": "public", "Alias": "b", "Startup Cost": 0.29, "Total Cost": 0.34, "Plan Rows": 3, "Plan Width": 4, "Actual Startup Time": 0.001, "Actual Total Time": 0.004, "Actual Rows": 64, "Actual Loops": 87676, "Output": ["b.userid"], "Index Cond": "(b.userid = c.userid)", "Rows Removed by Index Recheck": 0, "Heap Fetches": 0}]}]}, "Planning Time": 5.66, "Triggers": [], "Execution Time": 996.205}]#####[{"Plan": {"Node Type": "Aggregate", "Strategy": "Plain", "Partial Mode": "Simple", "Parallel Aware": false, "Startup Cost": 17506.4, "Total Cost": 17506.41, "Plan Rows": 1, "Plan Width": 8, "Actual Startup Time": 933.454, "Actual Total Time": 933.461, "Actual Rows": 1, "Actual Loops": 1, "Output": ["count(*)"], "Plans": [{"Node Type": "Merge Join", "Parent Relationship": "Outer", "Parallel Aware": false, "Join Type": "Inner", "Startup Cost": 8430.71, "Total Cost": 17261.44, "Plan Rows": 97986, "Plan Width": 0, "Actual Startup Time": 34.781, "Actual Total Time": 745.769, "Actual Rows": 5584865, "Actual Loops": 1, "Inner Unique": false, "Merge Cond": "(p.id = ph.postid)", "Plans": [{"Node Type": "Nested Loop", "Parent Relationship": "Outer", "Parallel Aware": false, "Join Type": "Inner", "Startup Cost": 1.15, "Total Cost": 5892.17, "Plan Rows": 385369, "Plan Width": 12, "Actual Startup Time": 0.049, "Actual Total Time": 105.062, "Actual Rows": 733871, "Actual Loops": 1, "Output": ["c.postid", "p.id", "pl.relatedpostid"], "Inner Unique": false, "Plans": [{"Node Type": "Nested Loop", "Parent Relationship": "Outer", "Parallel Aware": false, "Join Type": "Inner", "Startup Cost": 0.86, "Total Cost": 3138.5, "Plan Rows": 7386, "Plan Width": 16, "Actual Startup Time": 0.043, "Actual Total Time": 15.499, "Actual Rows": 10787, "Actual Loops": 1, "Output": ["c.postid", "c.userid", "p.id", "pl.relatedpostid"], "Inner Unique": false, "Plans": [{"Node Type": "Merge Join", "Parent Relationship": "Outer", "Parallel Aware": false, "Join Type": "Inner", "Startup Cost": 0.57, "Total Cost": 1327.67, "Plan Rows": 3833, "Plan Width": 8, "Actual Startup Time": 0.03, "Actual Total Time": 5.401, "Actual Rows": 3833, "Actual Loops": 1, "Output": ["p.id", "pl.relatedpostid"], "Inner Unique": false, "Merge Cond": "(p.id = pl.relatedpostid)", "Plans": [{"Node Type": "Index Only Scan", "Parent Relationship": "Outer", "Parallel Aware": false, "Scan Direction": "Forward", "Index Name": "posts_pkey", "Relation Name": "posts", "Schema": "public", "Alias": "p", "Startup Cost": 0.29, "Total Cost": 1078.03, "Plan Rows": 41183, "Plan Width": 4, "Actual Startup Time": 0.015, "Actual Total Time": 3.16, "Actual Rows": 41070, "Actual Loops": 1, "Output": ["p.id"], "Heap Fetches": 0}, {"Node Type": "Index Only Scan", "Parent Relationship": "Inner", "Parallel Aware": false, "Scan Direction": "Forward", "Index Name": "idx_postlinks_relatedpostid", "Relation Name": "postlinks", "Schema": "public", "Alias": "pl", "Startup Cost": 0.28, "Total Cost": 101.78, "Plan Rows": 3833, "Plan Width": 4, "Actual Startup Time": 0.013, "Actual Total Time": 0.359, "Actual Rows": 3833, "Actual Loops": 1, "Output": ["pl.relatedpostid"], "Heap Fetches": 0}]}, {"Node Type": "Index Scan", "Parent Relationship": "Inner", "Parallel Aware": false, "Scan Direction": "Forward", "Index Name": "idx_comments_postid", "Relation Name": "comments", "Schema": "public", "Alias": "c", "Startup Cost": 0.29, "Total Cost": 0.43, "Plan Rows": 4, "Plan Width": 8, "Actual Startup Time": 0.001, "Actual Total Time": 0.002, "Actual Rows": 3, "Actual Loops": 3833, "Output": ["c.id", "c.postid", "c.score", "c.creationdate", "c.userid"], "Index Cond": "(c.postid = p.id)", "Rows Removed by Index Recheck": 0}]}, {"Node Type": "Index Only Scan", "Parent Relationship": "Inner", "Parallel Aware": false, "Scan Direction": "Forward", "Index Name": "idx_badges_userid", "Relation Name": "badges", "Schema": "public", "Alias": "b", "Startup Cost": 0.29, "Total Cost": 0.34, "Plan Rows": 3, "Plan Width": 4, "Actual Startup Time": 0.001, "Actual Total Time": 0.004, "Actual Rows": 68, "Actual Loops": 10787, "Output": ["b.userid"], "Index Cond": "(b.userid = c.userid)", "Rows Removed by Index Recheck": 0, "Heap Fetches": 0}]}, {"Node Type": "Sort", "Parent Relationship": "Inner", "Parallel Aware": false, "Startup Cost": 8429.56, "Total Cost": 8464.76, "Plan Rows": 14080, "Plan Width": 8, "Actual Startup Time": 34.644, "Actual Total Time": 204.26, "Actual Rows": 5594011, "Actual Loops": 1, "Output": ["ph.postid", "v.postid"], "Sort Key": ["ph.postid"], "Sort Method": "quicksort", "Sort Space Used": 1113, "Sort Space Type": "Memory", "Plans": [{"Node Type": "Hash Join", "Parent Relationship": "Outer", "Parallel Aware": false, "Join Type": "Inner", "Startup Cost": 3253.57, "Total Cost": 7459.35, "Plan Rows": 14080, "Plan Width": 8, "Actual Startup Time": 16.296, "Actual Total Time": 32.069, "Actual Rows": 15534, "Actual Loops": 1, "Output": ["ph.postid", "v.postid"], "Inner Unique": false, "Hash Cond": "(v.postid = ph.postid)", "Plans": [{"Node Type": "Seq Scan", "Parent Relationship": "Outer", "Parallel Aware": false, "Relation Name": "votes", "Schema": "public", "Alias": "v", "Startup Cost": 0.0, "Total Cost": 3117.91, "Plan Rows": 15153, "Plan Width": 4, "Actual Startup Time": 0.01, "Actual Total Time": 13.052, "Actual Rows": 15200, "Actual Loops": 1, "Output": ["v.id", "v.postid", "v.votetypeid", "v.creationdate", "v.userid", "v.bountyamount"], "Filter": "(v.votetypeid = 5)", "Rows Removed by Filter": 149033}, {"Node Type": "Hash", "Parent Relationship": "Inner", "Parallel Aware": false, "Startup Cost": 2897.91, "Total Cost": 2897.91, "Plan Rows": 28453, "Plan Width": 4, "Actual Startup Time": 16.175, "Actual Total Time": 16.176, "Actual Rows": 28443, "Actual Loops": 1, "Output": ["ph.postid"], "Hash Buckets": 32768, "Original Hash Buckets": 32768, "Hash Batches": 1, "Original Hash Batches": 1, "Peak Memory Usage": 1256, "Plans": [{"Node Type": "Seq Scan", "Parent Relationship": "Outer", "Parallel Aware": false, "Relation Name": "posthistory", "Schema": "public", "Alias": "ph", "Startup Cost": 0.0, "Total Cost": 2897.91, "Plan Rows": 28453, "Plan Width": 4, "Actual Startup Time": 0.009, "Actual Total Time": 13.309, "Actual Rows": 28443, "Actual Loops": 1, "Output": ["ph.postid"], "Filter": "((ph.creationdate <= '2014-08-15 08:50:40'::timestamp without time zone) AND (ph.posthistorytypeid = 5))", "Rows Removed by Filter": 101551}]}]}]}]}]}, "Planning Time": 4.813, "Triggers": [], "Execution Time": 933.714}]#####[{"Plan": {"Node Type": "Aggregate", "Strategy": "Plain", "Partial Mode": "Simple", "Parallel Aware": false, "Startup Cost": 10570.35, "Total Cost": 10570.36, "Plan Rows": 1, "Plan Width": 8, "Actual Startup Time": 949.373, "Actual Total Time": 949.377, "Actual Rows": 1, "Actual Loops": 1, "Output": ["count(*)"], "Plans": [{"Node Type": "Nested Loop", "Parent Relationship": "Outer", "Parallel Aware": false, "Join Type": "Inner", "Startup Cost": 1.83, "Total Cost": 10325.38, "Plan Rows": 97986, "Plan Width": 0, "Actual Startup Time": 0.454, "Actual Total Time": 755.355, "Actual Rows": 5584865, "Actual Loops": 1, "Inner Unique": false, "Plans": [{"Node Type": "Merge Join", "Parent Relationship": "Outer", "Parallel Aware": false, "Join Type": "Inner", "Startup Cost": 1.54, "Total Cost": 9625.22, "Plan Rows": 1878, "Plan Width": 4, "Actual Startup Time": 0.445, "Actual Total Time": 139.216, "Actual Rows": 87676, "Actual Loops": 1, "Output": ["c.userid"], "Inner Unique": false, "Merge Cond": "(c.postid = p.id)", "Plans": [{"Node Type": "Index Scan", "Parent Relationship": "Outer", "Parallel Aware": false, "Scan Direction": "Forward", "Index Name": "idx_comments_postid", "Relation Name": "comments", "Schema": "public", "Alias": "c", "Startup Cost": 0.29, "Total Cost": 2455.73, "Plan Rows": 79357, "Plan Width": 8, "Actual Startup Time": 0.021, "Actual Total Time": 17.059, "Actual Rows": 79039, "Actual Loops": 1, "Output": ["c.id", "c.postid", "c.score", "c.creationdate", "c.userid"]}, {"Node Type": "Materialize", "Parent Relationship": "Inner", "Parallel Aware": false, "Startup Cost": 1.16, "Total Cost": 4400.67, "Plan Rows": 97400, "Plan Width": 16, "Actual Startup Time": 0.413, "Actual Total Time": 109.392, "Actual Rows": 92914, "Actual Loops": 1, "Output": ["p.id", "pl.relatedpostid", "ph.postid", "v.postid"], "Plans": [{"Node Type": "Nested Loop", "Parent Relationship": "Outer", "Parallel Aware": false, "Join Type": "Inner", "Startup Cost": 1.16, "Total Cost": 4157.17, "Plan Rows": 97400, "Plan Width": 16, "Actual Startup Time": 0.409, "Actual Total Time": 102.575, "Actual Rows": 25018, "Actual Loops": 1, "Output": ["p.id", "pl.relatedpostid", "ph.postid", "v.postid"], "Inner Unique": false, "Plans": [{"Node Type": "Nested Loop", "Parent Relationship": "Outer", "Parallel Aware": false, "Join Type": "Inner", "Startup Cost": 0.86, "Total Cost": 3443.65, "Plan Rows": 1410, "Plan Width": 12, "Actual Startup Time": 0.044, "Actual Total Time": 38.694, "Actual Rows": 26200, "Actual Loops": 1, "Output": ["p.id", "pl.relatedpostid", "v.postid"], "Inner Unique": false, "Plans": [{"Node Type": "Merge Join", "Parent Relationship": "Outer", "Parallel Aware": false, "Join Type": "Inner", "Startup Cost": 0.57, "Total Cost": 1327.67, "Plan Rows": 3833, "Plan Width": 8, "Actual Startup Time": 0.029, "Actual Total Time": 5.497, "Actual Rows": 3833, "Actual Loops": 1, "Output": ["p.id", "pl.relatedpostid"], "Inner Unique": false, "Merge Cond": "(p.id = pl.relatedpostid)", "Plans": [{"Node Type": "Index Only Scan", "Parent Relationship": "Outer", "Parallel Aware": false, "Scan Direction": "Forward", "Index Name": "posts_pkey", "Relation Name": "posts", "Schema": "public", "Alias": "p", "Startup Cost": 0.29, "Total Cost": 1078.03, "Plan Rows": 41183, "Plan Width": 4, "Actual Startup Time": 0.015, "Actual Total Time": 3.047, "Actual Rows": 41070, "Actual Loops": 1, "Output": ["p.id"], "Heap Fetches": 0}, {"Node Type": "Index Only Scan", "Parent Relationship": "Inner", "Parallel Aware": false, "Scan Direction": "Forward", "Index Name": "idx_postlinks_relatedpostid", "Relation Name": "postlinks", "Schema": "public", "Alias": "pl", "Startup Cost": 0.28, "Total Cost": 101.78, "Plan Rows": 3833, "Plan Width": 4, "Actual Startup Time": 0.013, "Actual Total Time": 0.422, "Actual Rows": 3833, "Actual Loops": 1, "Output": ["pl.relatedpostid"], "Heap Fetches": 0}]}, {"Node Type": "Index Scan", "Parent Relationship": "Inner", "Parallel Aware": false, "Scan Direction": "Forward", "Index Name": "idx_votes_postid", "Relation Name": "votes", "Schema": "public", "Alias": "v", "Startup Cost": 0.29, "Total Cost": 0.54, "Plan Rows": 1, "Plan Width": 4, "Actual Startup Time": 0.002, "Actual Total Time": 0.008, "Actual Rows": 7, "Actual Loops": 3833, "Output": ["v.id", "v.postid", "v.votetypeid", "v.creationdate", "v.userid", "v.bountyamount"], "Index Cond": "(v.postid = p.id)", "Rows Removed by Index Recheck": 0, "Filter": "(v.votetypeid = 5)", "Rows Removed by Filter": 12}]}, {"Node Type": "Index Scan", "Parent Relationship": "Inner", "Parallel Aware": false, "Scan Direction": "Forward", "Index Name": "idx_posthistory_postid", "Relation Name": "posthistory", "Schema": "public", "Alias": "ph", "Startup Cost": 0.29, "Total Cost": 0.5, "Plan Rows": 1, "Plan Width": 4, "Actual Startup Time": 0.002, "Actual Total Time": 0.002, "Actual Rows": 1, "Actual Loops": 26200, "Output": ["ph.id", "ph.posthistorytypeid", "ph.postid", "ph.creationdate", "ph.userid"], "Index Cond": "(ph.postid = p.id)", "Rows Removed by Index Recheck": 0, "Filter": "((ph.creationdate <= '2014-08-15 08:50:40'::timestamp without time zone) AND (ph.posthistorytypeid = 5))", "Rows Removed by Filter": 6}]}]}]}, {"Node Type": "Index Only Scan", "Parent Relationship": "Inner", "Parallel Aware": false, "Scan Direction": "Forward", "Index Name": "idx_badges_userid", "Relation Name": "badges", "Schema": "public", "Alias": "b", "Startup Cost": 0.29, "Total Cost": 0.34, "Plan Rows": 3, "Plan Width": 4, "Actual Startup Time": 0.001, "Actual Total Time": 0.004, "Actual Rows": 64, "Actual Loops": 87676, "Output": ["b.userid"], "Index Cond": "(b.userid = c.userid)", "Rows Removed by Index Recheck": 0, "Heap Fetches": 0}]}]}, "Planning Time": 3.592, "Triggers": [], "Execution Time": 949.499}]
[{"Plan": {"Node Type": "Aggregate", "Strategy": "Plain", "Partial Mode": "Simple", "Parallel Aware": false, "Startup Cost": 1651.95, "Total Cost": 1651.96, "Plan Rows": 1, "Plan Width": 8, "Actual Startup Time": 7.446, "Actual Total Time": 7.45, "Actual Rows": 1, "Actual Loops": 1, "Output": ["count(*)"], "Plans": [{"Node Type": "Nested Loop", "Parent Relationship": "Outer", "Parallel Aware": false, "Join Type": "Inner", "Startup Cost": 1206.01, "Total Cost": 1650.06, "Plan Rows": 756, "Plan Width": 0, "Actual Startup Time": 7.439, "Actual Total Time": 7.444, "Actual Rows": 0, "Actual Loops": 1, "Inner Unique": false, "Plans": [{"Node Type": "Nested Loop", "Parent Relationship": "Outer", "Parallel Aware": false, "Join Type": "Inner", "Startup Cost": 1205.73, "Total Cost": 1595.87, "Plan Rows": 145, "Plan Width": 4, "Actual Startup Time": 7.439, "Actual Total Time": 7.443, "Actual Rows": 0, "Actual Loops": 1, "Output": ["c.userid"], "Inner Unique": false, "Join Filter": "(p.id = v.postid)", "Rows Removed by Join Filter": 0, "Plans": [{"Node Type": "Nested Loop", "Parent Relationship": "Outer", "Parallel Aware": false, "Join Type": "Inner", "Startup Cost": 1205.43, "Total Cost": 1569.11, "Plan Rows": 45, "Plan Width": 20, "Actual Startup Time": 7.439, "Actual Total Time": 7.443, "Actual Rows": 0, "Actual Loops": 1, "Output": ["c.postid", "c.userid", "p.id", "pl.relatedpostid", "ph.postid"], "Inner Unique": false, "Join Filter": "(p.id = c.postid)", "Rows Removed by Join Filter": 0, "Plans": [{"Node Type": "Nested Loop", "Parent Relationship": "Outer", "Parallel Aware": false, "Join Type": "Inner", "Startup Cost": 1205.14, "Total Cost": 1545.4, "Plan Rows": 31, "Plan Width": 12, "Actual Startup Time": 7.439, "Actual Total Time": 7.442, "Actual Rows": 0, "Actual Loops": 1, "Output": ["p.id", "pl.relatedpostid", "ph.postid"], "Inner Unique": false, "Join Filter": "(p.id = ph.postid)", "Rows Removed by Join Filter": 0, "Plans": [{"Node Type": "Hash Join", "Parent Relationship": "Outer", "Parallel Aware": false, "Join Type": "Inner", "Startup Cost": 1204.85, "Total Cost": 1291.82, "Plan Rows": 158, "Plan Width": 8, "Actual Startup Time": 7.438, "Actual Total Time": 7.442, "Actual Rows": 0, "Actual Loops": 1, "Output": ["p.id", "pl.relatedpostid"], "Inner Unique": true, "Hash Cond": "(pl.relatedpostid = p.id)", "Plans": [{"Node Type": "Seq Scan", "Parent Relationship": "Outer", "Parallel Aware": false, "Relation Name": "postlinks", "Schema": "public", "Alias": "pl", "Startup Cost": 0.0, "Total Cost": 76.91, "Plan Rows": 3833, "Plan Width": 4, "Actual Startup Time": 0.015, "Actual Total Time": 0.016, "Actual Rows": 1, "Actual Loops": 1, "Output": ["pl.id", "pl.creationdate", "pl.postid", "pl.relatedpostid", "pl.linktypeid"], "Filter": "(pl.linktypeid = 1)", "Rows Removed by Filter": 0}, {"Node Type": "Hash", "Parent Relationship": "Inner", "Parallel Aware": false, "Startup Cost": 1183.66, "Total Cost": 1183.66, "Plan Rows": 1695, "Plan Width": 4, "Actual Startup Time": 7.369, "Actual Total Time": 7.37, "Actual Rows": 0, "Actual Loops": 1, "Output": ["p.id"], "Hash Buckets": 2048, "Original Hash Buckets": 2048, "Hash Batches": 1, "Original Hash Batches": 1, "Peak Memory Usage": 16, "Plans": [{"Node Type": "Seq Scan", "Parent Relationship": "Outer", "Parallel Aware": false, "Relation Name": "posts", "Schema": "public", "Alias": "p", "Startup Cost": 0.0, "Total Cost": 1183.66, "Plan Rows": 1695, "Plan Width": 4, "Actual Startup Time": 7.369, "Actual Total Time": 7.369, "Actual Rows": 0, "Actual Loops": 1, "Output": ["p.id"], "Filter": "((p.score >= '-1'::integer) AND (p.creationdate <= '2014-09-02 02:56:44'::timestamp without time zone) AND (p.answercount = 0) AND (p.posttypeid = 2))", "Rows Removed by Filter": 41183}]}]}, {"Node Type": "Index Scan", "Parent Relationship": "Inner", "Parallel Aware": false, "Scan Direction": "Forward", "Index Name": "idx_posthistory_postid", "Relation Name": "posthistory", "Schema": "public", "Alias": "ph", "Startup Cost": 0.29, "Total Cost": 1.59, "Plan Rows": 1, "Plan Width": 4, "Actual Startup Time": 0.0, "Actual Total Time": 0.0, "Actual Rows": 0, "Actual Loops": 0, "Output": ["ph.id", "ph.posthistorytypeid", "ph.postid", "ph.creationdate", "ph.userid"], "Index Cond": "(ph.postid = pl.relatedpostid)", "Rows Removed by Index Recheck": 0, "Filter": "(ph.posthistorytypeid = 4)", "Rows Removed by Filter": 0}]}, {"Node Type": "Index Scan", "Parent Relationship": "Inner", "Parallel Aware": false, "Scan Direction": "Forward", "Index Name": "idx_comments_postid", "Relation Name": "comments", "Schema": "public", "Alias": "c", "Startup Cost": 0.29, "Total Cost": 0.73, "Plan Rows": 3, "Plan Width": 8, "Actual Startup Time": 0.0, "Actual Total Time": 0.0, "Actual Rows": 0, "Actual Loops": 0, "Output": ["c.id", "c.postid", "c.score", "c.creationdate", "c.userid"], "Index Cond": "(c.postid = ph.postid)", "Rows Removed by Index Recheck": 0, "Filter": "(c.score = 0)", "Rows Removed by Filter": 0}]}, {"Node Type": "Index Scan", "Parent Relationship": "Inner", "Parallel Aware": false, "Scan Direction": "Forward", "Index Name": "idx_votes_postid", "Relation Name": "votes", "Schema": "public", "Alias": "v", "Startup Cost": 0.29, "Total Cost": 0.53, "Plan Rows": 5, "Plan Width": 4, "Actual Startup Time": 0.0, "Actual Total Time": 0.0, "Actual Rows": 0, "Actual Loops": 0, "Output": ["v.id", "v.postid", "v.votetypeid", "v.creationdate", "v.userid", "v.bountyamount"], "Index Cond": "(v.postid = c.postid)", "Rows Removed by Index Recheck": 0, "Filter": "((v.creationdate >= '2010-08-01 00:00:00'::timestamp without time zone) AND (v.creationdate <= '2014-09-10 00:00:00'::timestamp without time zone) AND (v.votetypeid = 2))", "Rows Removed by Filter": 0}]}, {"Node Type": "Index Only Scan", "Parent Relationship": "Inner", "Parallel Aware": false, "Scan Direction": "Forward", "Index Name": "idx_badges_userid", "Relation Name": "badges", "Schema": "public", "Alias": "b", "Startup Cost": 0.29, "Total Cost": 0.34, "Plan Rows": 3, "Plan Width": 4, "Actual Startup Time": 0.0, "Actual Total Time": 0.0, "Actual Rows": 0, "Actual Loops": 0, "Output": ["b.userid"], "Index Cond": "(b.userid = c.userid)", "Rows Removed by Index Recheck": 0, "Heap Fetches": 0}]}]}, "Planning Time": 8.874, "Triggers": [], "Execution Time": 7.591}]#####[{"Plan": {"Node Type": "Aggregate", "Strategy": "Plain", "Partial Mode": "Simple", "Parallel Aware": false, "Startup Cost": 4099.9, "Total Cost": 4099.91, "Plan Rows": 1, "Plan Width": 8, "Actual Startup Time": 5.174, "Actual Total Time": 5.178, "Actual Rows": 1, "Actual Loops": 1, "Output": ["count(*)"], "Plans": [{"Node Type": "Nested Loop", "Parent Relationship": "Outer", "Parallel Aware": false, "Join Type": "Inner", "Startup Cost": 1706.41, "Total Cost": 4080.99, "Plan Rows": 7565, "Plan Width": 0, "Actual Startup Time": 5.169, "Actual Total Time": 5.173, "Actual Rows": 0, "Actual Loops": 1, "Inner Unique": false, "Plans": [{"Node Type": "Hash Join", "Parent Relationship": "Outer", "Parallel Aware": false, "Join Type": "Inner", "Startup Cost": 1706.12, "Total Cost": 4026.8, "Plan Rows": 145, "Plan Width": 4, "Actual Startup Time": 5.168, "Actual Total Time": 5.172, "Actual Rows": 0, "Actual Loops": 1, "Output": ["c.userid"], "Inner Unique": false, "Hash Cond": "(c.postid = p.id)", "Plans": [{"Node Type": "Seq Scan", "Parent Relationship": "Outer", "Parallel Aware": false, "Relation Name": "comments", "Schema": "public", "Alias": "c", "Startup Cost": 0.0, "Total Cost": 1574.96, "Plan Rows": 60002, "Plan Width": 8, "Actual Startup Time": 0.011, "Actual Total Time": 0.012, "Actual Rows": 1, "Actual Loops": 1, "Output": ["c.id", "c.postid", "c.score", "c.creationdate", "c.userid"], "Filter": "(c.score = 0)", "Rows Removed by Filter": 1}, {"Node Type": "Hash", "Parent Relationship": "Inner", "Parallel Aware": false, "Startup Cost": 1581.12, "Total Cost": 1581.12, "Plan Rows": 10000, "Plan Width": 16, "Actual Startup Time": 5.091, "Actual Total Time": 5.094, "Actual Rows": 0, "Actual Loops": 1, "Output": ["p.id", "pl.relatedpostid", "ph.postid", "v.postid"], "Hash Buckets": 16384, "Original Hash Buckets": 16384, "Hash Batches": 1, "Original Hash Batches": 1, "Peak Memory Usage": 128, "Plans": [{"Node Type": "Nested Loop", "Parent Relationship": "Outer", "Parallel Aware": false, "Join Type": "Inner", "Startup Cost": 1205.43, "Total Cost": 1581.12, "Plan Rows": 10000, "Plan Width": 16, "Actual Startup Time": 5.091, "Actual Total Time": 5.093, "Actual Rows": 0, "Actual Loops": 1, "Output": ["p.id", "pl.relatedpostid", "ph.postid", "v.postid"], "Inner Unique": false, "Join Filter": "(p.id = v.postid)", "Rows Removed by Join Filter": 0, "Plans": [{"Node Type": "Nested Loop", "Parent Relationship": "Outer", "Parallel Aware": false, "Join Type": "Inner", "Startup Cost": 1205.14, "Total Cost": 1545.4, "Plan Rows": 31, "Plan Width": 12, "Actual Startup Time": 5.091, "Actual Total Time": 5.093, "Actual Rows": 0, "Actual Loops": 1, "Output": ["p.id", "pl.relatedpostid", "ph.postid"], "Inner Unique": false, "Join Filter": "(p.id = ph.postid)", "Rows Removed by Join Filter": 0, "Plans": [{"Node Type": "Hash Join", "Parent Relationship": "Outer", "Parallel Aware": false, "Join Type": "Inner", "Startup Cost": 1204.85, "Total Cost": 1291.82, "Plan Rows": 158, "Plan Width": 8, "Actual Startup Time": 5.09, "Actual Total Time": 5.092, "Actual Rows": 0, "Actual Loops": 1, "Output": ["p.id", "pl.relatedpostid"], "Inner Unique": true, "Hash Cond": "(pl.relatedpostid = p.id)", "Plans": [{"Node Type": "Seq Scan", "Parent Relationship": "Outer", "Parallel Aware": false, "Relation Name": "postlinks", "Schema": "public", "Alias": "pl", "Startup Cost": 0.0, "Total Cost": 76.91, "Plan Rows": 3833, "Plan Width": 4, "Actual Startup Time": 0.006, "Actual Total Time": 0.006, "Actual Rows": 1, "Actual Loops": 1, "Output": ["pl.id", "pl.creationdate", "pl.postid", "pl.relatedpostid", "pl.linktypeid"], "Filter": "(pl.linktypeid = 1)", "Rows Removed by Filter": 0}, {"Node Type": "Hash", "Parent Relationship": "Inner", "Parallel Aware": false, "Startup Cost": 1183.66, "Total Cost": 1183.66, "Plan Rows": 1695, "Plan Width": 4, "Actual Startup Time": 5.077, "Actual Total Time": 5.077, "Actual Rows": 0, "Actual Loops": 1, "Output": ["p.id"], "Hash Buckets": 2048, "Original Hash Buckets": 2048, "Hash Batches": 1, "Original Hash Batches": 1, "Peak Memory Usage": 16, "Plans": [{"Node Type": "Seq Scan", "Parent Relationship": "Outer", "Parallel Aware": false, "Relation Name": "posts", "Schema": "public", "Alias": "p", "Startup Cost": 0.0, "Total Cost": 1183.66, "Plan Rows": 1695, "Plan Width": 4, "Actual Startup Time": 5.076, "Actual Total Time": 5.076, "Actual Rows": 0, "Actual Loops": 1, "Output": ["p.id"], "Filter": "((p.score >= '-1'::integer) AND (p.creationdate <= '2014-09-02 02:56:44'::timestamp without time zone) AND (p.answercount = 0) AND (p.posttypeid = 2))", "Rows Removed by Filter": 41183}]}]}, {"Node Type": "Index Scan", "Parent Relationship": "Inner", "Parallel Aware": false, "Scan Direction": "Forward", "Index Name": "idx_posthistory_postid", "Relation Name": "posthistory", "Schema": "public", "Alias": "ph", "Startup Cost": 0.29, "Total Cost": 1.59, "Plan Rows": 1, "Plan Width": 4, "Actual Startup Time": 0.0, "Actual Total Time": 0.0, "Actual Rows": 0, "Actual Loops": 0, "Output": ["ph.id", "ph.posthistorytypeid", "ph.postid", "ph.creationdate", "ph.userid"], "Index Cond": "(ph.postid = pl.relatedpostid)", "Rows Removed by Index Recheck": 0, "Filter": "(ph.posthistorytypeid = 4)", "Rows Removed by Filter": 0}]}, {"Node Type": "Index Scan", "Parent Relationship": "Inner", "Parallel Aware": false, "Scan Direction": "Forward", "Index Name": "idx_votes_postid", "Relation Name": "votes", "Schema": "public", "Alias": "v", "Startup Cost": 0.29, "Total Cost": 1.09, "Plan Rows": 5, "Plan Width": 4, "Actual Startup Time": 0.0, "Actual Total Time": 0.0, "Actual Rows": 0, "Actual Loops": 0, "Output": ["v.id", "v.postid", "v.votetypeid", "v.creationdate", "v.userid", "v.bountyamount"], "Index Cond": "(v.postid = ph.postid)", "Rows Removed by Index Recheck": 0, "Filter": "((v.creationdate >= '2010-08-01 00:00:00'::timestamp without time zone) AND (v.creationdate <= '2014-09-10 00:00:00'::timestamp without time zone) AND (v.votetypeid = 2))", "Rows Removed by Filter": 0}]}]}]}, {"Node Type": "Index Only Scan", "Parent Relationship": "Inner", "Parallel Aware": false, "Scan Direction": "Forward", "Index Name": "idx_badges_userid", "Relation Name": "badges", "Schema": "public", "Alias": "b", "Startup Cost": 0.29, "Total Cost": 0.34, "Plan Rows": 3, "Plan Width": 4, "Actual Startup Time": 0.0, "Actual Total Time": 0.0, "Actual Rows": 0, "Actual Loops": 0, "Output": ["b.userid"], "Index Cond": "(b.userid = c.userid)", "Rows Removed by Index Recheck": 0, "Heap Fetches": 0}]}]}, "Planning Time": 7.141, "Triggers": [], "Execution Time": 5.279}]#####[{"Plan": {"Node Type": "Aggregate", "Strategy": "Plain", "Partial Mode": "Simple", "Parallel Aware": false, "Startup Cost": 1585.83, "Total Cost": 1585.84, "Plan Rows": 1, "Plan Width": 8, "Actual Startup Time": 4.997, "Actual Total Time": 5.001, "Actual Rows": 1, "Actual Loops": 1, "Output": ["count(*)"], "Plans": [{"Node Type": "Nested Loop", "Parent Relationship": "Outer", "Parallel Aware": false, "Join Type": "Inner", "Startup Cost": 1206.01, "Total Cost": 1566.92, "Plan Rows": 7565, "Plan Width": 0, "Actual Startup Time": 4.993, "Actual Total Time": 4.997, "Actual Rows": 0, "Actual Loops": 1, "Inner Unique": false, "Plans": [{"Node Type": "Nested Loop", "Parent Relationship": "Outer", "Parallel Aware": false, "Join Type": "Inner", "Startup Cost": 1205.73, "Total Cost": 1512.73, "Plan Rows": 145, "Plan Width": 4, "Actual Startup Time": 4.993, "Actual Total Time": 4.996, "Actual Rows": 0, "Actual Loops": 1, "Output": ["c.userid"], "Inner Unique": false, "Join Filter": "(p.id = v.postid)", "Rows Removed by Join Filter": 0, "Plans": [{"Node Type": "Nested Loop", "Parent Relationship": "Outer", "Parallel Aware": false, "Join Type": "Inner", "Startup Cost": 1205.43, "Total Cost": 1485.97, "Plan Rows": 45, "Plan Width": 20, "Actual Startup Time": 4.992, "Actual Total Time": 4.996, "Actual Rows": 0, "Actual Loops": 1, "Output": ["c.postid", "c.userid", "p.id", "pl.relatedpostid", "ph.postid"], "Inner Unique": false, "Join Filter": "(p.id = ph.postid)", "Rows Removed by Join Filter": 0, "Plans": [{"Node Type": "Nested Loop", "Parent Relationship": "Outer", "Parallel Aware": false, "Join Type": "Inner", "Startup Cost": 1205.14, "Total Cost": 1475.32, "Plan Rows": 23, "Plan Width": 16, "Actual Startup Time": 4.992, "Actual Total Time": 4.996, "Actual Rows": 0, "Actual Loops": 1, "Output": ["c.postid", "c.userid", "p.id", "pl.relatedpostid"], "Inner Unique": false, "Join Filter": "(p.id = c.postid)", "Rows Removed by Join Filter": 0, "Plans": [{"Node Type": "Hash Join", "Parent Relationship": "Outer", "Parallel Aware": false, "Join Type": "Inner", "Startup Cost": 1204.85, "Total Cost": 1291.82, "Plan Rows": 158, "Plan Width": 8, "Actual Startup Time": 4.992, "Actual Total Time": 4.995, "Actual Rows": 0, "Actual Loops": 1, "Output": ["p.id", "pl.relatedpostid"], "Inner Unique": true, "Hash Cond": "(pl.relatedpostid = p.id)", "Plans": [{"Node Type": "Seq Scan", "Parent Relationship": "Outer", "Parallel Aware": false, "Relation Name": "postlinks", "Schema": "public", "Alias": "pl", "Startup Cost": 0.0, "Total Cost": 76.91, "Plan Rows": 3833, "Plan Width": 4, "Actual Startup Time": 0.009, "Actual Total Time": 0.01, "Actual Rows": 1, "Actual Loops": 1, "Output": ["pl.id", "pl.creationdate", "pl.postid", "pl.relatedpostid", "pl.linktypeid"], "Filter": "(pl.linktypeid = 1)", "Rows Removed by Filter": 0}, {"Node Type": "Hash", "Parent Relationship": "Inner", "Parallel Aware": false, "Startup Cost": 1183.66, "Total Cost": 1183.66, "Plan Rows": 1695, "Plan Width": 4, "Actual Startup Time": 4.949, "Actual Total Time": 4.949, "Actual Rows": 0, "Actual Loops": 1, "Output": ["p.id"], "Hash Buckets": 2048, "Original Hash Buckets": 2048, "Hash Batches": 1, "Original Hash Batches": 1, "Peak Memory Usage": 16, "Plans": [{"Node Type": "Seq Scan", "Parent Relationship": "Outer", "Parallel Aware": false, "Relation Name": "posts", "Schema": "public", "Alias": "p", "Startup Cost": 0.0, "Total Cost": 1183.66, "Plan Rows": 1695, "Plan Width": 4, "Actual Startup Time": 4.949, "Actual Total Time": 4.949, "Actual Rows": 0, "Actual Loops": 1, "Output": ["p.id"], "Filter": "((p.score >= '-1'::integer) AND (p.creationdate <= '2014-09-02 02:56:44'::timestamp without time zone) AND (p.answercount = 0) AND (p.posttypeid = 2))", "Rows Removed by Filter": 41183}]}]}, {"Node Type": "Index Scan", "Parent Relationship": "Inner", "Parallel Aware": false, "Scan Direction": "Forward", "Index Name": "idx_comments_postid", "Relation Name": "comments", "Schema": "public", "Alias": "c", "Startup Cost": 0.29, "Total Cost": 1.12, "Plan Rows": 3, "Plan Width": 8, "Actual Startup Time": 0.0, "Actual Total Time": 0.0, "Actual Rows": 0, "Actual Loops": 0, "Output": ["c.id", "c.postid", "c.score", "c.creationdate", "c.userid"], "Index Cond": "(c.postid = pl.relatedpostid)", "Rows Removed by Index Recheck": 0, "Filter": "(c.score = 0)", "Rows Removed by Filter": 0}]}, {"Node Type": "Index Scan", "Parent Relationship": "Inner", "Parallel Aware": false, "Scan Direction": "Forward", "Index Name": "idx_posthistory_postid", "Relation Name": "posthistory", "Schema": "public", "Alias": "ph", "Startup Cost": 0.29, "Total Cost": 0.45, "Plan Rows": 1, "Plan Width": 4, "Actual Startup Time": 0.0, "Actual Total Time": 0.0, "Actual Rows": 0, "Actual Loops": 0, "Output": ["ph.id", "ph.posthistorytypeid", "ph.postid", "ph.creationdate", "ph.userid"], "Index Cond": "(ph.postid = c.postid)", "Rows Removed by Index Recheck": 0, "Filter": "(ph.posthistorytypeid = 4)", "Rows Removed by Filter": 0}]}, {"Node Type": "Index Scan", "Parent Relationship": "Inner", "Parallel Aware": false, "Scan Direction": "Forward", "Index Name": "idx_votes_postid", "Relation Name": "votes", "Schema": "public", "Alias": "v", "Startup Cost": 0.29, "Total Cost": 0.53, "Plan Rows": 5, "Plan Width": 4, "Actual Startup Time": 0.0, "Actual Total Time": 0.0, "Actual Rows": 0, "Actual Loops": 0, "Output": ["v.id", "v.postid", "v.votetypeid", "v.creationdate", "v.userid", "v.bountyamount"], "Index Cond": "(v.postid = c.postid)", "Rows Removed by Index Recheck": 0, "Filter": "((v.creationdate >= '2010-08-01 00:00:00'::timestamp without time zone) AND (v.creationdate <= '2014-09-10 00:00:00'::timestamp without time zone) AND (v.votetypeid = 2))", "Rows Removed by Filter": 0}]}, {"Node Type": "Index Only Scan", "Parent Relationship": "Inner", "Parallel Aware": false, "Scan Direction": "Forward", "Index Name": "idx_badges_userid", "Relation Name": "badges", "Schema": "public", "Alias": "b", "Startup Cost": 0.29, "Total Cost": 0.34, "Plan Rows": 3, "Plan Width": 4, "Actual Startup Time": 0.0, "Actual Total Time": 0.0, "Actual Rows": 0, "Actual Loops": 0, "Output": ["b.userid"], "Index Cond": "(b.userid = c.userid)", "Rows Removed by Index Recheck": 0, "Heap Fetches": 0}]}]}, "Planning Time": 7.934, "Triggers": [], "Execution Time": 5.089}]
[{"Plan": {"Node Type": "Aggregate", "Strategy": "Plain", "Partial Mode": "Simple", "Parallel Aware": false, "Startup Cost": 6312.02, "Total Cost": 6312.03, "Plan Rows": 1, "Plan Width": 8, "Actual Startup Time": 5.231, "Actual Total Time": 5.234, "Actual Rows": 1, "Actual Loops": 1, "Output": ["count(*)"], "Plans": [{"Node Type": "Hash Join", "Parent Relationship": "Outer", "Parallel Aware": false, "Join Type": "Inner", "Startup Cost": 2946.8, "Total Cost": 6085.09, "Plan Rows": 90775, "Plan Width": 0, "Actual Startup Time": 5.226, "Actual Total Time": 5.23, "Actual Rows": 0, "Actual Loops": 1, "Inner Unique": false, "Hash Cond": "(ph.userid = u.id)", "Plans": [{"Node Type": "Seq Scan", "Parent Relationship": "Outer", "Parallel Aware": false, "Relation Name": "posthistory", "Schema": "public", "Alias": "ph", "Startup Cost": 0.0, "Total Cost": 2897.91, "Plan Rows": 16118, "Plan Width": 4, "Actual Startup Time": 0.25, "Actual Total Time": 0.251, "Actual Rows": 1, "Actual Loops": 1, "Output": ["ph.id", "ph.posthistorytypeid", "ph.postid", "ph.creationdate", "ph.userid"], "Filter": "((ph.creationdate >= '2010-08-04 22:36:49'::timestamp without time zone) AND (ph.posthistorytypeid = 1))", "Rows Removed by Filter": 2577}, {"Node Type": "Hash", "Parent Relationship": "Inner", "Parallel Aware": false, "Startup Cost": 2719.19, "Total Cost": 2719.19, "Plan Rows": 18209, "Plan Width": 12, "Actual Startup Time": 4.868, "Actual Total Time": 4.871, "Actual Rows": 0, "Actual Loops": 1, "Output": ["p.owneruserid", "u.id", "b.userid"], "Hash Buckets": 32768, "Original Hash Buckets": 32768, "Hash Batches": 1, "Original Hash Batches": 1, "Peak Memory Usage": 256, "Plans": [{"Node Type": "Hash Join", "Parent Relationship": "Outer", "Parallel Aware": false, "Join Type": "Inner", "Startup Cost": 1749.07, "Total Cost": 2719.19, "Plan Rows": 18209, "Plan Width": 12, "Actual Startup Time": 4.868, "Actual Total Time": 4.87, "Actual Rows": 0, "Actual Loops": 1, "Output": ["p.owneruserid", "u.id", "b.userid"], "Inner Unique": false, "Hash Cond": "(b.userid = u.id)", "Plans": [{"Node Type": "Seq Scan", "Parent Relationship": "Outer", "Parallel Aware": false, "Relation Name": "badges", "Schema": "public", "Alias": "b", "Startup Cost": 0.0, "Total Cost": 666.36, "Plan Rows": 32445, "Plan Width": 4, "Actual Startup Time": 0.025, "Actual Total Time": 0.025, "Actual Rows": 1, "Actual Loops": 1, "Output": ["b.id", "b.userid", "b.date"], "Filter": "((b.date >= '2010-07-20 00:49:07'::timestamp without time zone) AND (b.date <= '2014-09-12 17:42:45'::timestamp without time zone))", "Rows Removed by Filter": 234}, {"Node Type": "Hash", "Parent Relationship": "Inner", "Parallel Aware": false, "Startup Cost": 1644.3, "Total Cost": 1644.3, "Plan Rows": 8382, "Plan Width": 8, "Actual Startup Time": 4.8, "Actual Total Time": 4.802, "Actual Rows": 0, "Actual Loops": 1, "Output": ["p.owneruserid", "u.id"], "Hash Buckets": 16384, "Original Hash Buckets": 16384, "Hash Batches": 1, "Original Hash Batches": 1, "Peak Memory Usage": 128, "Plans": [{"Node Type": "Hash Join", "Parent Relationship": "Outer", "Parallel Aware": false, "Join Type": "Inner", "Startup Cost": 538.35, "Total Cost": 1644.3, "Plan Rows": 8382, "Plan Width": 8, "Actual Startup Time": 4.8, "Actual Total Time": 4.802, "Actual Rows": 0, "Actual Loops": 1, "Output": ["p.owneruserid", "u.id"], "Inner Unique": true, "Hash Cond": "(p.owneruserid = u.id)", "Plans": [{"Node Type": "Seq Scan", "Parent Relationship": "Outer", "Parallel Aware": false, "Relation Name": "posts", "Schema": "public", "Alias": "p", "Startup Cost": 0.0, "Total Cost": 1080.7, "Plan Rows": 9613, "Plan Width": 4, "Actual Startup Time": 4.8, "Actual Total Time": 4.8, "Actual Rows": 0, "Actual Loops": 1, "Output": ["p.id", "p.posttypeid", "p.creationdate", "p.score", "p.viewcount", "p.owneruserid", "p.answercount", "p.commentcount", "p.favoritecount", "p.lasteditoruserid"], "Filter": "((p.answercount >= 0) AND (p.answercount <= 9) AND (p.posttypeid = 2))", "Rows Removed by Filter": 41183}, {"Node Type": "Hash", "Parent Relationship": "Inner", "Parallel Aware": false, "Startup Cost": 371.36, "Total Cost": 371.36, "Plan Rows": 13359, "Plan Width": 4, "Actual Startup Time": 0.0, "Actual Total Time": 0.0, "Actual Rows": 0, "Actual Loops": 0, "Output": ["u.id"], "Plans": [{"Node Type": "Seq Scan", "Parent Relationship": "Outer", "Parallel Aware": false, "Relation Name": "users", "Schema": "public", "Alias": "u", "Startup Cost": 0.0, "Total Cost": 371.36, "Plan Rows": 13359, "Plan Width": 4, "Actual Startup Time": 0.0, "Actual Total Time": 0.0, "Actual Rows": 0, "Actual Loops": 0, "Output": ["u.id"], "Filter": "((u.views >= 0) AND (u.views <= 57) AND (u.upvotes <= 16))", "Rows Removed by Filter": 0}]}]}]}]}]}]}]}, "Planning Time": 1.593, "Triggers": [], "Execution Time": 5.322}]#####[{"Plan": {"Node Type": "Aggregate", "Strategy": "Plain", "Partial Mode": "Simple", "Parallel Aware": false, "Startup Cost": 6629.1, "Total Cost": 6629.11, "Plan Rows": 1, "Plan Width": 8, "Actual Startup Time": 4.802, "Actual Total Time": 4.806, "Actual Rows": 1, "Actual Loops": 1, "Output": ["count(*)"], "Plans": [{"Node Type": "Nested Loop", "Parent Relationship": "Outer", "Parallel Aware": false, "Join Type": "Inner", "Startup Cost": 1749.37, "Total Cost": 4359.72, "Plan Rows": 907754, "Plan Width": 0, "Actual Startup Time": 4.797, "Actual Total Time": 4.801, "Actual Rows": 0, "Actual Loops": 1, "Inner Unique": false, "Join Filter": "(u.id = ph.userid)", "Rows Removed by Join Filter": 0, "Plans": [{"Node Type": "Hash Join", "Parent Relationship": "Outer", "Parallel Aware": false, "Join Type": "Inner", "Startup Cost": 1749.07, "Total Cost": 2719.19, "Plan Rows": 1820, "Plan Width": 12, "Actual Startup Time": 4.797, "Actual Total Time": 4.8, "Actual Rows": 0, "Actual Loops": 1, "Output": ["p.owneruserid", "u.id", "b.userid"], "Inner Unique": false, "Hash Cond": "(b.userid = u.id)", "Plans": [{"Node Type": "Seq Scan", "Parent Relationship": "Outer", "Parallel Aware": false, "Relation Name": "badges", "Schema": "public", "Alias": "b", "Startup Cost": 0.0, "Total Cost": 666.36, "Plan Rows": 32445, "Plan Width": 4, "Actual Startup Time": 0.027, "Actual Total Time": 0.029, "Actual Rows": 1, "Actual Loops": 1, "Output": ["b.id", "b.userid", "b.date"], "Filter": "((b.date >= '2010-07-20 00:49:07'::timestamp without time zone) AND (b.date <= '2014-09-12 17:42:45'::timestamp without time zone))", "Rows Removed by Filter": 234}, {"Node Type": "Hash", "Parent Relationship": "Inner", "Parallel Aware": false, "Startup Cost": 1644.3, "Total Cost": 1644.3, "Plan Rows": 8382, "Plan Width": 8, "Actual Startup Time": 4.704, "Actual Total Time": 4.706, "Actual Rows": 0, "Actual Loops": 1, "Output": ["p.owneruserid", "u.id"], "Hash Buckets": 16384, "Original Hash Buckets": 16384, "Hash Batches": 1, "Original Hash Batches": 1, "Peak Memory Usage": 128, "Plans": [{"Node Type": "Hash Join", "Parent Relationship": "Outer", "Parallel Aware": false, "Join Type": "Inner", "Startup Cost": 538.35, "Total Cost": 1644.3, "Plan Rows": 8382, "Plan Width": 8, "Actual Startup Time": 4.704, "Actual Total Time": 4.706, "Actual Rows": 0, "Actual Loops": 1, "Output": ["p.owneruserid", "u.id"], "Inner Unique": true, "Hash Cond": "(p.owneruserid = u.id)", "Plans": [{"Node Type": "Seq Scan", "Parent Relationship": "Outer", "Parallel Aware": false, "Relation Name": "posts", "Schema": "public", "Alias": "p", "Startup Cost": 0.0, "Total Cost": 1080.7, "Plan Rows": 9613, "Plan Width": 4, "Actual Startup Time": 4.704, "Actual Total Time": 4.704, "Actual Rows": 0, "Actual Loops": 1, "Output": ["p.id", "p.posttypeid", "p.creationdate", "p.score", "p.viewcount", "p.owneruserid", "p.answercount", "p.commentcount", "p.favoritecount", "p.lasteditoruserid"], "Filter": "((p.answercount >= 0) AND (p.answercount <= 9) AND (p.posttypeid = 2))", "Rows Removed by Filter": 41183}, {"Node Type": "Hash", "Parent Relationship": "Inner", "Parallel Aware": false, "Startup Cost": 371.36, "Total Cost": 371.36, "Plan Rows": 13359, "Plan Width": 4, "Actual Startup Time": 0.0, "Actual Total Time": 0.0, "Actual Rows": 0, "Actual Loops": 0, "Output": ["u.id"], "Plans": [{"Node Type": "Seq Scan", "Parent Relationship": "Outer", "Parallel Aware": false, "Relation Name": "users", "Schema": "public", "Alias": "u", "Startup Cost": 0.0, "Total Cost": 371.36, "Plan Rows": 13359, "Plan Width": 4, "Actual Startup Time": 0.0, "Actual Total Time": 0.0, "Actual Rows": 0, "Actual Loops": 0, "Output": ["u.id"], "Filter": "((u.views >= 0) AND (u.views <= 57) AND (u.upvotes <= 16))", "Rows Removed by Filter": 0}]}]}]}]}, {"Node Type": "Index Scan", "Parent Relationship": "Inner", "Parallel Aware": false, "Scan Direction": "Forward", "Index Name": "idx_posthistory_userid", "Relation Name": "posthistory", "Schema": "public", "Alias": "ph", "Startup Cost": 0.29, "Total Cost": 0.88, "Plan Rows": 2, "Plan Width": 4, "Actual Startup Time": 0.0, "Actual Total Time": 0.0, "Actual Rows": 0, "Actual Loops": 0, "Output": ["ph.id", "ph.posthistorytypeid", "ph.postid", "ph.creationdate", "ph.userid"], "Index Cond": "(ph.userid = b.userid)", "Rows Removed by Index Recheck": 0, "Filter": "((ph.creationdate >= '2010-08-04 22:36:49'::timestamp without time zone) AND (ph.posthistorytypeid = 1))", "Rows Removed by Filter": 0}]}]}, "Planning Time": 1.576, "Triggers": [], "Execution Time": 4.884}]#####[{"Plan": {"Node Type": "Aggregate", "Strategy": "Plain", "Partial Mode": "Simple", "Parallel Aware": false, "Startup Cost": 14715.68, "Total Cost": 14715.69, "Plan Rows": 1, "Plan Width": 8, "Actual Startup Time": 4.588, "Actual Total Time": 4.592, "Actual Rows": 1, "Actual Loops": 1, "Output": ["count(*)"], "Plans": [{"Node Type": "Hash Join", "Parent Relationship": "Outer", "Parallel Aware": false, "Join Type": "Inner", "Startup Cost": 3643.87, "Total Cost": 12446.3, "Plan Rows": 907754, "Plan Width": 0, "Actual Startup Time": 4.583, "Actual Total Time": 4.587, "Actual Rows": 0, "Actual Loops": 1, "Inner Unique": false, "Hash Cond": "(p.owneruserid = u.id)", "Plans": [{"Node Type": "Nested Loop", "Parent Relationship": "Outer", "Parallel Aware": false, "Join Type": "Inner", "Startup Cost": 0.29, "Total Cost": 5713.71, "Plan Rows": 249813, "Plan Width": 8, "Actual Startup Time": 4.583, "Actual Total Time": 4.584, "Actual Rows": 0, "Actual Loops": 1, "Output": ["p.owneruserid", "b.userid"], "Inner Unique": false, "Plans": [{"Node Type": "Seq Scan", "Parent Relationship": "Outer", "Parallel Aware": false, "Relation Name": "posts", "Schema": "public", "Alias": "p", "Startup Cost": 0.0, "Total Cost": 1080.7, "Plan Rows": 9613, "Plan Width": 4, "Actual Startup Time": 4.582, "Actual Total Time": 4.584, "Actual Rows": 0, "Actual Loops": 1, "Output": ["p.id", "p.posttypeid", "p.creationdate", "p.score", "p.viewcount", "p.owneruserid", "p.answercount", "p.commentcount", "p.favoritecount", "p.lasteditoruserid"], "Filter": "((p.answercount >= 0) AND (p.answercount <= 9) AND (p.posttypeid = 2))", "Rows Removed by Filter": 41183}, {"Node Type": "Index Scan", "Parent Relationship": "Inner", "Parallel Aware": false, "Scan Direction": "Forward", "Index Name": "idx_badges_userid", "Relation Name": "badges", "Schema": "public", "Alias": "b", "Startup Cost": 0.29, "Total Cost": 0.45, "Plan Rows": 3, "Plan Width": 4, "Actual Startup Time": 0.0, "Actual Total Time": 0.0, "Actual Rows": 0, "Actual Loops": 0, "Output": ["b.id", "b.userid", "b.date"], "Index Cond": "(b.userid = p.owneruserid)", "Rows Removed by Index Recheck": 0, "Filter": "((b.date >= '2010-07-20 00:49:07'::timestamp without time zone) AND (b.date <= '2014-09-12 17:42:45'::timestamp without time zone))", "Rows Removed by Filter": 0}]}, {"Node Type": "Hash", "Parent Relationship": "Inner", "Parallel Aware": false, "Startup Cost": 3478.58, "Total Cost": 3478.58, "Plan Rows": 13200, "Plan Width": 8, "Actual Startup Time": 0.0, "Actual Total Time": 0.0, "Actual Rows": 0, "Actual Loops": 0, "Output": ["ph.userid", "u.id"], "Plans": [{"Node Type": "Hash Join", "Parent Relationship": "Outer", "Parallel Aware": false, "Join Type": "Inner", "Startup Cost": 538.35, "Total Cost": 3478.58, "Plan Rows": 13200, "Plan Width": 8, "Actual Startup Time": 0.0, "Actual Total Time": 0.0, "Actual Rows": 0, "Actual Loops": 0, "Output": ["ph.userid", "u.id"], "Inner Unique": true, "Hash Cond": "(ph.userid = u.id)", "Plans": [{"Node Type": "Seq Scan", "Parent Relationship": "Outer", "Parallel Aware": false, "Relation Name": "posthistory", "Schema": "public", "Alias": "ph", "Startup Cost": 0.0, "Total Cost": 2897.91, "Plan Rows": 16118, "Plan Width": 4, "Actual Startup Time": 0.0, "Actual Total Time": 0.0, "Actual Rows": 0, "Actual Loops": 0, "Output": ["ph.id", "ph.posthistorytypeid", "ph.postid", "ph.creationdate", "ph.userid"], "Filter": "((ph.creationdate >= '2010-08-04 22:36:49'::timestamp without time zone) AND (ph.posthistorytypeid = 1))", "Rows Removed by Filter": 0}, {"Node Type": "Hash", "Parent Relationship": "Inner", "Parallel Aware": false, "Startup Cost": 371.36, "Total Cost": 371.36, "Plan Rows": 13359, "Plan Width": 4, "Actual Startup Time": 0.0, "Actual Total Time": 0.0, "Actual Rows": 0, "Actual Loops": 0, "Output": ["u.id"], "Plans": [{"Node Type": "Seq Scan", "Parent Relationship": "Outer", "Parallel Aware": false, "Relation Name": "users", "Schema": "public", "Alias": "u", "Startup Cost": 0.0, "Total Cost": 371.36, "Plan Rows": 13359, "Plan Width": 4, "Actual Startup Time": 0.0, "Actual Total Time": 0.0, "Actual Rows": 0, "Actual Loops": 0, "Output": ["u.id"], "Filter": "((u.views >= 0) AND (u.views <= 57) AND (u.upvotes <= 16))", "Rows Removed by Filter": 0}]}]}]}]}]}, "Planning Time": 1.962, "Triggers": [], "Execution Time": 4.653}]
[{"Plan": {"Node Type": "Aggregate", "Strategy": "Plain", "Partial Mode": "Simple", "Parallel Aware": false, "Startup Cost": 6167.94, "Total Cost": 6167.95, "Plan Rows": 1, "Plan Width": 8, "Actual Startup Time": 47.045, "Actual Total Time": 47.051, "Actual Rows": 1, "Actual Loops": 1, "Output": ["count(*)"], "Plans": [{"Node Type": "Hash Join", "Parent Relationship": "Outer", "Parallel Aware": false, "Join Type": "Inner", "Startup Cost": 4126.76, "Total Cost": 6163.21, "Plan Rows": 1895, "Plan Width": 0, "Actual Startup Time": 32.217, "Actual Total Time": 46.834, "Actual Rows": 5929, "Actual Loops": 1, "Inner Unique": false, "Hash Cond": "(c.postid = p.id)", "Plans": [{"Node Type": "Hash Join", "Parent Relationship": "Outer", "Parallel Aware": false, "Join Type": "Inner", "Startup Cost": 465.43, "Total Cost": 2050.36, "Plan Rows": 69848, "Plan Width": 4, "Actual Startup Time": 3.142, "Actual Total Time": 16.498, "Actual Rows": 13852, "Actual Loops": 1, "Output": ["c.postid"], "Inner Unique": true, "Hash Cond": "(c.userid = u.id)", "Plans": [{"Node Type": "Seq Scan", "Parent Relationship": "Outer", "Parallel Aware": false, "Relation Name": "comments", "Schema": "public", "Alias": "c", "Startup Cost": 0.0, "Total Cost": 1376.57, "Plan Rows": 79357, "Plan Width": 8, "Actual Startup Time": 0.007, "Actual Total Time": 3.944, "Actual Rows": 79357, "Actual Loops": 1, "Output": ["c.id", "c.postid", "c.score", "c.creationdate", "c.userid"]}, {"Node Type": "Hash", "Parent Relationship": "Inner", "Parallel Aware": false, "Startup Cost": 296.69, "Total Cost": 296.69, "Plan Rows": 13499, "Plan Width": 4, "Actual Startup Time": 3.064, "Actual Total Time": 3.064, "Actual Rows": 13498, "Actual Loops": 1, "Output": ["u.id"], "Hash Buckets": 16384, "Original Hash Buckets": 16384, "Hash Batches": 1, "Original Hash Batches": 1, "Peak Memory Usage": 603, "Plans": [{"Node Type": "Seq Scan", "Parent Relationship": "Outer", "Parallel Aware": false, "Relation Name": "users", "Schema": "public", "Alias": "u", "Startup Cost": 0.0, "Total Cost": 296.69, "Plan Rows": 13499, "Plan Width": 4, "Actual Startup Time": 0.007, "Actual Total Time": 1.852, "Actual Rows": 13498, "Actual Loops": 1, "Output": ["u.id"], "Filter": "(u.reputation <= 171)", "Rows Removed by Filter": 1437}]}]}, {"Node Type": "Hash", "Parent Relationship": "Inner", "Parallel Aware": false, "Startup Cost": 3521.61, "Total Cost": 3521.61, "Plan Rows": 11178, "Plan Width": 12, "Actual Startup Time": 29.02, "Actual Total Time": 29.021, "Actual Rows": 19299, "Actual Loops": 1, "Output": ["p.id", "pl.relatedpostid", "ph.postid"], "Hash Buckets": 32768, "Original Hash Buckets": 16384, "Hash Batches": 1, "Original Hash Batches": 1, "Peak Memory Usage": 1086, "Plans": [{"Node Type": "Nested Loop", "Parent Relationship": "Outer", "Parallel Aware": false, "Join Type": "Inner", "Startup Cost": 1389.82, "Total Cost": 3521.61, "Plan Rows": 11178, "Plan Width": 12, "Actual Startup Time": 10.073, "Actual Total Time": 26.565, "Actual Rows": 19299, "Actual Loops": 1, "Output": ["p.id", "pl.relatedpostid", "ph.postid"], "Inner Unique": false, "Plans": [{"Node Type": "Hash Join", "Parent Relationship": "Outer", "Parallel Aware": false, "Join Type": "Inner", "Startup Cost": 1389.53, "Total Cost": 1466.92, "Plan Rows": 3833, "Plan Width": 8, "Actual Startup Time": 10.02, "Actual Total Time": 11.35, "Actual Rows": 3833, "Actual Loops": 1, "Output": ["p.id", "pl.relatedpostid"], "Inner Unique": true, "Hash Cond": "(pl.relatedpostid = p.id)", "Plans": [{"Node Type": "Seq Scan", "Parent Relationship": "Outer", "Parallel Aware": false, "Relation Name": "postlinks", "Schema": "public", "Alias": "pl", "Startup Cost": 0.0, "Total Cost": 67.33, "Plan Rows": 3833, "Plan Width": 4, "Actual Startup Time": 0.004, "Actual Total Time": 0.235, "Actual Rows": 3833, "Actual Loops": 1, "Output": ["pl.id", "pl.creationdate", "pl.postid", "pl.relatedpostid", "pl.linktypeid"]}, {"Node Type": "Hash", "Parent Relationship": "Inner", "Parallel Aware": false, "Startup Cost": 874.79, "Total Cost": 874.79, "Plan Rows": 41179, "Plan Width": 4, "Actual Startup Time": 9.839, "Actual Total Time": 9.839, "Actual Rows": 41183, "Actual Loops": 1, "Output": ["p.id"], "Hash Buckets": 65536, "Original Hash Buckets": 65536, "Hash Batches": 1, "Original Hash Batches": 1, "Peak Memory Usage": 1960, "Plans": [{"Node Type": "Seq Scan", "Parent Relationship": "Outer", "Parallel Aware": false, "Relation Name": "posts", "Schema": "public", "Alias": "p", "Startup Cost": 0.0, "Total Cost": 874.79, "Plan Rows": 41179, "Plan Width": 4, "Actual Startup Time": 0.006, "Actual Total Time": 5.848, "Actual Rows": 41183, "Actual Loops": 1, "Output": ["p.id"], "Filter": "(p.creationdate <= '2014-09-12 13:12:56'::timestamp without time zone)", "Rows Removed by Filter": 0}]}]}, {"Node Type": "Index Scan", "Parent Relationship": "Inner", "Parallel Aware": false, "Scan Direction": "Forward", "Index Name": "idx_posthistory_postid", "Relation Name": "posthistory", "Schema": "public", "Alias": "ph", "Startup Cost": 0.29, "Total Cost": 0.5, "Plan Rows": 4, "Plan Width": 4, "Actual Startup Time": 0.002, "Actual Total Time": 0.004, "Actual Rows": 5, "Actual Loops": 3833, "Output": ["ph.id", "ph.posthistorytypeid", "ph.postid", "ph.creationdate", "ph.userid"], "Index Cond": "(ph.postid = p.id)", "Rows Removed by Index Recheck": 0, "Filter": "((ph.creationdate >= '2010-11-03 15:07:30'::timestamp without time zone) AND (ph.creationdate <= '2014-08-07 14:13:24'::timestamp without time zone))", "Rows Removed by Filter": 1}]}]}]}]}, "Planning Time": 2.042, "Triggers": [], "Execution Time": 47.221}]#####[{"Plan": {"Node Type": "Aggregate", "Strategy": "Plain", "Partial Mode": "Simple", "Parallel Aware": false, "Startup Cost": 4129.4, "Total Cost": 4129.41, "Plan Rows": 1, "Plan Width": 8, "Actual Startup Time": 30.131, "Actual Total Time": 30.136, "Actual Rows": 1, "Actual Loops": 1, "Output": ["count(*)"], "Plans": [{"Node Type": "Nested Loop", "Parent Relationship": "Outer", "Parallel Aware": false, "Join Type": "Inner", "Startup Cost": 1855.54, "Total Cost": 4082.01, "Plan Rows": 18955, "Plan Width": 0, "Actual Startup Time": 13.422, "Actual Total Time": 29.884, "Actual Rows": 5929, "Actual Loops": 1, "Inner Unique": false, "Join Filter": "(p.id = ph.postid)", "Rows Removed by Join Filter": 0, "Plans": [{"Node Type": "Hash Join", "Parent Relationship": "Outer", "Parallel Aware": false, "Join Type": "Inner", "Startup Cost": 1855.24, "Total Cost": 3762.58, "Plan Rows": 650, "Plan Width": 12, "Actual Startup Time": 13.264, "Actual Total Time": 25.131, "Actual Rows": 993, "Actual Loops": 1, "Output": ["c.postid", "p.id", "pl.relatedpostid"], "Inner Unique": true, "Hash Cond": "(c.userid = u.id)", "Plans": [{"Node Type": "Nested Loop", "Parent Relationship": "Outer", "Parallel Aware": false, "Join Type": "Inner", "Startup Cost": 1389.82, "Total Cost": 3277.77, "Plan Rows": 7385, "Plan Width": 16, "Actual Startup Time": 10.021, "Actual Total Time": 20.987, "Actual Rows": 10787, "Actual Loops": 1, "Output": ["c.postid", "c.userid", "p.id", "pl.relatedpostid"], "Inner Unique": false, "Plans": [{"Node Type": "Hash Join", "Parent Relationship": "Outer", "Parallel Aware": false, "Join Type": "Inner", "Startup Cost": 1389.53, "Total Cost": 1466.92, "Plan Rows": 3833, "Plan Width": 8, "Actual Startup Time": 9.994, "Actual Total Time": 11.272, "Actual Rows": 3833, "Actual Loops": 1, "Output": ["p.id", "pl.relatedpostid"], "Inner Unique": true, "Hash Cond": "(pl.relatedpostid = p.id)", "Plans": [{"Node Type": "Seq Scan", "Parent Relationship": "Outer", "Parallel Aware": false, "Relation Name": "postlinks", "Schema": "public", "Alias": "pl", "Startup Cost": 0.0, "Total Cost": 67.33, "Plan Rows": 3833, "Plan Width": 4, "Actual Startup Time": 0.006, "Actual Total Time": 0.231, "Actual Rows": 3833, "Actual Loops": 1, "Output": ["pl.id", "pl.creationdate", "pl.postid", "pl.relatedpostid", "pl.linktypeid"]}, {"Node Type": "Hash", "Parent Relationship": "Inner", "Parallel Aware": false, "Startup Cost": 874.79, "Total Cost": 874.79, "Plan Rows": 41179, "Plan Width": 4, "Actual Startup Time": 9.809, "Actual Total Time": 9.809, "Actual Rows": 41183, "Actual Loops": 1, "Output": ["p.id"], "Hash Buckets": 65536, "Original Hash Buckets": 65536, "Hash Batches": 1, "Original Hash Batches": 1, "Peak Memory Usage": 1960, "Plans": [{"Node Type": "Seq Scan", "Parent Relationship": "Outer", "Parallel Aware": false, "Relation Name": "posts", "Schema": "public", "Alias": "p", "Startup Cost": 0.0, "Total Cost": 874.79, "Plan Rows": 41179, "Plan Width": 4, "Actual Startup Time": 0.007, "Actual Total Time": 5.818, "Actual Rows": 41183, "Actual Loops": 1, "Output": ["p.id"], "Filter": "(p.creationdate <= '2014-09-12 13:12:56'::timestamp without time zone)", "Rows Removed by Filter": 0}]}]}, {"Node Type": "Index Scan", "Parent Relationship": "Inner", "Parallel Aware": false, "Scan Direction": "Forward", "Index Name": "idx_comments_postid", "Relation Name": "comments", "Schema": "public", "Alias": "c", "Startup Cost": 0.29, "Total Cost": 0.43, "Plan Rows": 4, "Plan Width": 8, "Actual Startup Time": 0.001, "Actual Total Time": 0.002, "Actual Rows": 3, "Actual Loops": 3833, "Output": ["c.id", "c.postid", "c.score", "c.creationdate", "c.userid"], "Index Cond": "(c.postid = p.id)", "Rows Removed by Index Recheck": 0}]}, {"Node Type": "Hash", "Parent Relationship": "Inner", "Parallel Aware": false, "Startup Cost": 296.69, "Total Cost": 296.69, "Plan Rows": 13499, "Plan Width": 4, "Actual Startup Time": 3.131, "Actual Total Time": 3.131, "Actual Rows": 13498, "Actual Loops": 1, "Output": ["u.id"], "Hash Buckets": 16384, "Original Hash Buckets": 16384, "Hash Batches": 1, "Original Hash Batches": 1, "Peak Memory Usage": 603, "Plans": [{"Node Type": "Seq Scan", "Parent Relationship": "Outer", "Parallel Aware": false, "Relation Name": "users", "Schema": "public", "Alias": "u", "Startup Cost": 0.0, "Total Cost": 296.69, "Plan Rows": 13499, "Plan Width": 4, "Actual Startup Time": 0.008, "Actual Total Time": 1.906, "Actual Rows": 13498, "Actual Loops": 1, "Output": ["u.id"], "Filter": "(u.reputation <= 171)", "Rows Removed by Filter": 1437}]}]}, {"Node Type": "Index Scan", "Parent Relationship": "Inner", "Parallel Aware": false, "Scan Direction": "Forward", "Index Name": "idx_posthistory_postid", "Relation Name": "posthistory", "Schema": "public", "Alias": "ph", "Startup Cost": 0.29, "Total Cost": 0.44, "Plan Rows": 4, "Plan Width": 4, "Actual Startup Time": 0.003, "Actual Total Time": 0.004, "Actual Rows": 6, "Actual Loops": 993, "Output": ["ph.id", "ph.posthistorytypeid", "ph.postid", "ph.creationdate", "ph.userid"], "Index Cond": "(ph.postid = c.postid)", "Rows Removed by Index Recheck": 0, "Filter": "((ph.creationdate >= '2010-11-03 15:07:30'::timestamp without time zone) AND (ph.creationdate <= '2014-08-07 14:13:24'::timestamp without time zone))", "Rows Removed by Filter": 1}]}]}, "Planning Time": 2.01, "Triggers": [], "Execution Time": 30.287}]#####[{"Plan": {"Node Type": "Aggregate", "Strategy": "Plain", "Partial Mode": "Simple", "Parallel Aware": false, "Startup Cost": 4209.8, "Total Cost": 4209.81, "Plan Rows": 1, "Plan Width": 8, "Actual Startup Time": 60.0, "Actual Total Time": 60.005, "Actual Rows": 1, "Actual Loops": 1, "Output": ["count(*)"], "Plans": [{"Node Type": "Hash Join", "Parent Relationship": "Outer", "Parallel Aware": false, "Join Type": "Inner", "Startup Cost": 1855.54, "Total Cost": 4162.41, "Plan Rows": 18955, "Plan Width": 0, "Actual Startup Time": 13.821, "Actual Total Time": 59.753, "Actual Rows": 5929, "Actual Loops": 1, "Inner Unique": true, "Hash Cond": "(c.userid = u.id)", "Plans": [{"Node Type": "Nested Loop", "Parent Relationship": "Outer", "Parallel Aware": false, "Join Type": "Inner", "Startup Cost": 1390.11, "Total Cost": 3640.44, "Plan Rows": 21536, "Plan Width": 4, "Actual Startup Time": 10.261, "Actual Total Time": 52.729, "Actual Rows": 61330, "Actual Loops": 1, "Output": ["c.userid"], "Inner Unique": false, "Join Filter": "(p.id = ph.postid)", "Rows Removed by Join Filter": 0, "Plans": [{"Node Type": "Nested Loop", "Parent Relationship": "Outer", "Parallel Aware": false, "Join Type": "Inner", "Startup Cost": 1389.82, "Total Cost": 3277.77, "Plan Rows": 738, "Plan Width": 16, "Actual Startup Time": 10.216, "Actual Total Time": 21.715, "Actual Rows": 10787, "Actual Loops": 1, "Output": ["c.postid", "c.userid", "p.id", "pl.relatedpostid"], "Inner Unique": false, "Plans": [{"Node Type": "Hash Join", "Parent Relationship": "Outer", "Parallel Aware": false, "Join Type": "Inner", "Startup Cost": 1389.53, "Total Cost": 1466.92, "Plan Rows": 3833, "Plan Width": 8, "Actual Startup Time": 10.192, "Actual Total Time": 11.65, "Actual Rows": 3833, "Actual Loops": 1, "Output": ["p.id", "pl.relatedpostid"], "Inner Unique": true, "Hash Cond": "(pl.relatedpostid = p.id)", "Plans": [{"Node Type": "Seq Scan", "Parent Relationship": "Outer", "Parallel Aware": false, "Relation Name": "postlinks", "Schema": "public", "Alias": "pl", "Startup Cost": 0.0, "Total Cost": 67.33, "Plan Rows": 3833, "Plan Width": 4, "Actual Startup Time": 0.005, "Actual Total Time": 0.252, "Actual Rows": 3833, "Actual Loops": 1, "Output": ["pl.id", "pl.creationdate", "pl.postid", "pl.relatedpostid", "pl.linktypeid"]}, {"Node Type": "Hash", "Parent Relationship": "Inner", "Parallel Aware": false, "Startup Cost": 874.79, "Total Cost": 874.79, "Plan Rows": 41179, "Plan Width": 4, "Actual Startup Time": 10.008, "Actual Total Time": 10.009, "Actual Rows": 41183, "Actual Loops": 1, "Output": ["p.id"], "Hash Buckets": 65536, "Original Hash Buckets": 65536, "Hash Batches": 1, "Original Hash Batches": 1, "Peak Memory Usage": 1960, "Plans": [{"Node Type": "Seq Scan", "Parent Relationship": "Outer", "Parallel Aware": false, "Relation Name": "posts", "Schema": "public", "Alias": "p", "Startup Cost": 0.0, "Total Cost": 874.79, "Plan Rows": 41179, "Plan Width": 4, "Actual Startup Time": 0.006, "Actual Total Time": 5.986, "Actual Rows": 41183, "Actual Loops": 1, "Output": ["p.id"], "Filter": "(p.creationdate <= '2014-09-12 13:12:56'::timestamp without time zone)", "Rows Removed by Filter": 0}]}]}, {"Node Type": "Index Scan", "Parent Relationship": "Inner", "Parallel Aware": false, "Scan Direction": "Forward", "Index Name": "idx_comments_postid", "Relation Name": "comments", "Schema": "public", "Alias": "c", "Startup Cost": 0.29, "Total Cost": 0.43, "Plan Rows": 4, "Plan Width": 8, "Actual Startup Time": 0.002, "Actual Total Time": 0.002, "Actual Rows": 3, "Actual Loops": 3833, "Output": ["c.id", "c.postid", "c.score", "c.creationdate", "c.userid"], "Index Cond": "(c.postid = p.id)", "Rows Removed by Index Recheck": 0}]}, {"Node Type": "Index Scan", "Parent Relationship": "Inner", "Parallel Aware": false, "Scan Direction": "Forward", "Index Name": "idx_posthistory_postid", "Relation Name": "posthistory", "Schema": "public", "Alias": "ph", "Startup Cost": 0.29, "Total Cost": 0.44, "Plan Rows": 4, "Plan Width": 4, "Actual Startup Time": 0.001, "Actual Total Time": 0.002, "Actual Rows": 6, "Actual Loops": 10787, "Output": ["ph.id", "ph.posthistorytypeid", "ph.postid", "ph.creationdate", "ph.userid"], "Index Cond": "(ph.postid = c.postid)", "Rows Removed by Index Recheck": 0, "Filter": "((ph.creationdate >= '2010-11-03 15:07:30'::timestamp without time zone) AND (ph.creationdate <= '2014-08-07 14:13:24'::timestamp without time zone))", "Rows Removed by Filter": 1}]}, {"Node Type": "Hash", "Parent Relationship": "Inner", "Parallel Aware": false, "Startup Cost": 296.69, "Total Cost": 296.69, "Plan Rows": 13499, "Plan Width": 4, "Actual Startup Time": 3.075, "Actual Total Time": 3.076, "Actual Rows": 13498, "Actual Loops": 1, "Output": ["u.id"], "Hash Buckets": 16384, "Original Hash Buckets": 16384, "Hash Batches": 1, "Original Hash Batches": 1, "Peak Memory Usage": 603, "Plans": [{"Node Type": "Seq Scan", "Parent Relationship": "Outer", "Parallel Aware": false, "Relation Name": "users", "Schema": "public", "Alias": "u", "Startup Cost": 0.0, "Total Cost": 296.69, "Plan Rows": 13499, "Plan Width": 4, "Actual Startup Time": 0.009, "Actual Total Time": 1.876, "Actual Rows": 13498, "Actual Loops": 1, "Output": ["u.id"], "Filter": "(u.reputation <= 171)", "Rows Removed by Filter": 1437}]}]}]}, "Planning Time": 1.946, "Triggers": [], "Execution Time": 60.164}]
[{"Plan": {"Node Type": "Aggregate", "Strategy": "Plain", "Partial Mode": "Simple", "Parallel Aware": false, "Startup Cost": 1542.43, "Total Cost": 1542.44, "Plan Rows": 1, "Plan Width": 8, "Actual Startup Time": 6.575, "Actual Total Time": 6.579, "Actual Rows": 1, "Actual Loops": 1, "Output": ["count(*)"], "Plans": [{"Node Type": "Nested Loop", "Parent Relationship": "Outer", "Parallel Aware": false, "Join Type": "Inner", "Startup Cost": 1392.5, "Total Cost": 1542.42, "Plan Rows": 3, "Plan Width": 0, "Actual Startup Time": 5.459, "Actual Total Time": 6.566, "Actual Rows": 173, "Actual Loops": 1, "Inner Unique": false, "Plans": [{"Node Type": "Nested Loop", "Parent Relationship": "Outer", "Parallel Aware": false, "Join Type": "Inner", "Startup Cost": 1392.21, "Total Cost": 1536.62, "Plan Rows": 15, "Plan Width": 8, "Actual Startup Time": 5.444, "Actual Total Time": 6.395, "Actual Rows": 33, "Actual Loops": 1, "Output": ["p.owneruserid", "u.id"], "Inner Unique": true, "Plans": [{"Node Type": "Hash Join", "Parent Relationship": "Outer", "Parallel Aware": false, "Join Type": "Inner", "Startup Cost": 1391.92, "Total Cost": 1478.9, "Plan Rows": 17, "Plan Width": 4, "Actual Startup Time": 5.424, "Actual Total Time": 6.08, "Actual Rows": 50, "Actual Loops": 1, "Output": ["p.owneruserid"], "Inner Unique": true, "Hash Cond": "(pl.relatedpostid = p.id)", "Plans": [{"Node Type": "Seq Scan", "Parent Relationship": "Outer", "Parallel Aware": false, "Relation Name": "postlinks", "Schema": "public", "Alias": "pl", "Startup Cost": 0.0, "Total Cost": 76.91, "Plan Rows": 3833, "Plan Width": 4, "Actual Startup Time": 0.023, "Actual Total Time": 0.494, "Actual Rows": 3833, "Actual Loops": 1, "Output": ["pl.id", "pl.creationdate", "pl.postid", "pl.relatedpostid", "pl.linktypeid"], "Filter": "(pl.linktypeid = 1)", "Rows Removed by Filter": 0}, {"Node Type": "Hash", "Parent Relationship": "Inner", "Parallel Aware": false, "Startup Cost": 1389.58, "Total Cost": 1389.58, "Plan Rows": 188, "Plan Width": 8, "Actual Startup Time": 5.33, "Actual Total Time": 5.331, "Actual Rows": 700, "Actual Loops": 1, "Output": ["p.id", "p.owneruserid"], "Hash Buckets": 1024, "Original Hash Buckets": 1024, "Hash Batches": 1, "Original Hash Batches": 1, "Peak Memory Usage": 36, "Plans": [{"Node Type": "Seq Scan", "Parent Relationship": "Outer", "Parallel Aware": false, "Relation Name": "posts", "Schema": "public", "Alias": "p", "Startup Cost": 0.0, "Total Cost": 1389.58, "Plan Rows": 188, "Plan Width": 8, "Actual Startup Time": 0.057, "Actual Total Time": 5.238, "Actual Rows": 700, "Actual Loops": 1, "Output": ["p.id", "p.owneruserid"], "Filter": "((p.viewcount <= 3692) AND (p.commentcount >= 0) AND (p.favoritecount >= 0) AND (p.favoritecount <= 13) AND (p.creationdate <= '2014-08-26 21:01:07'::timestamp without time zone) AND (p.answercount = 0))", "Rows Removed by Filter": 40483}]}]}, {"Node Type": "Index Scan", "Parent Relationship": "Inner", "Parallel Aware": false, "Scan Direction": "Forward", "Index Name": "users_pkey", "Relation Name": "users", "Schema": "public", "Alias": "u", "Startup Cost": 0.29, "Total Cost": 3.4, "Plan Rows": 1, "Plan Width": 4, "Actual Startup Time": 0.006, "Actual Total Time": 0.006, "Actual Rows": 1, "Actual Loops": 50, "Output": ["u.id", "u.reputation", "u.creationdate", "u.views", "u.upvotes", "u.downvotes"], "Index Cond": "(u.id = p.owneruserid)", "Rows Removed by Index Recheck": 0, "Filter": "((u.views >= 0) AND (u.upvotes >= 0) AND (u.upvotes <= 8))", "Rows Removed by Filter": 0}]}, {"Node Type": "Index Only Scan", "Parent Relationship": "Inner", "Parallel Aware": false, "Scan Direction": "Forward", "Index Name": "idx_badges_userid", "Relation Name": "badges", "Schema": "public", "Alias": "b", "Startup Cost": 0.29, "Total Cost": 0.36, "Plan Rows": 3, "Plan Width": 4, "Actual Startup Time": 0.004, "Actual Total Time": 0.005, "Actual Rows": 5, "Actual Loops": 33, "Output": ["b.userid"], "Index Cond": "(b.userid = u.id)", "Rows Removed by Index Recheck": 0, "Heap Fetches": 0}]}]}, "Planning Time": 1.314, "Triggers": [], "Execution Time": 6.64}]#####[{"Plan": {"Node Type": "Aggregate", "Strategy": "Plain", "Partial Mode": "Simple", "Parallel Aware": false, "Startup Cost": 1520.54, "Total Cost": 1520.55, "Plan Rows": 1, "Plan Width": 8, "Actual Startup Time": 6.689, "Actual Total Time": 6.693, "Actual Rows": 1, "Actual Loops": 1, "Output": ["count(*)"], "Plans": [{"Node Type": "Nested Loop", "Parent Relationship": "Outer", "Parallel Aware": false, "Join Type": "Inner", "Startup Cost": 1392.5, "Total Cost": 1520.46, "Plan Rows": 33, "Plan Width": 0, "Actual Startup Time": 5.276, "Actual Total Time": 6.677, "Actual Rows": 173, "Actual Loops": 1, "Inner Unique": true, "Join Filter": "(p.owneruserid = u.id)", "Rows Removed by Join Filter": 0, "Plans": [{"Node Type": "Nested Loop", "Parent Relationship": "Outer", "Parallel Aware": false, "Join Type": "Inner", "Startup Cost": 1392.21, "Total Cost": 1505.44, "Plan Rows": 44, "Plan Width": 8, "Actual Startup Time": 5.26, "Actual Total Time": 6.064, "Actual Rows": 385, "Actual Loops": 1, "Output": ["p.owneruserid", "b.userid"], "Inner Unique": false, "Plans": [{"Node Type": "Hash Join", "Parent Relationship": "Outer", "Parallel Aware": false, "Join Type": "Inner", "Startup Cost": 1391.92, "Total Cost": 1478.9, "Plan Rows": 17, "Plan Width": 4, "Actual Startup Time": 5.243, "Actual Total Time": 5.809, "Actual Rows": 50, "Actual Loops": 1, "Output": ["p.owneruserid"], "Inner Unique": true, "Hash Cond": "(pl.relatedpostid = p.id)", "Plans": [{"Node Type": "Seq Scan", "Parent Relationship": "Outer", "Parallel Aware": false, "Relation Name": "postlinks", "Schema": "public", "Alias": "pl", "Startup Cost": 0.0, "Total Cost": 76.91, "Plan Rows": 3833, "Plan Width": 4, "Actual Startup Time": 0.01, "Actual Total Time": 0.382, "Actual Rows": 3833, "Actual Loops": 1, "Output": ["pl.id", "pl.creationdate", "pl.postid", "pl.relatedpostid", "pl.linktypeid"], "Filter": "(pl.linktypeid = 1)", "Rows Removed by Filter": 0}, {"Node Type": "Hash", "Parent Relationship": "Inner", "Parallel Aware": false, "Startup Cost": 1389.58, "Total Cost": 1389.58, "Plan Rows": 188, "Plan Width": 8, "Actual Startup Time": 5.176, "Actual Total Time": 5.177, "Actual Rows": 700, "Actual Loops": 1, "Output": ["p.id", "p.owneruserid"], "Hash Buckets": 1024, "Original Hash Buckets": 1024, "Hash Batches": 1, "Original Hash Batches": 1, "Peak Memory Usage": 36, "Plans": [{"Node Type": "Seq Scan", "Parent Relationship": "Outer", "Parallel Aware": false, "Relation Name": "posts", "Schema": "public", "Alias": "p", "Startup Cost": 0.0, "Total Cost": 1389.58, "Plan Rows": 188, "Plan Width": 8, "Actual Startup Time": 0.054, "Actual Total Time": 5.094, "Actual Rows": 700, "Actual Loops": 1, "Output": ["p.id", "p.owneruserid"], "Filter": "((p.viewcount <= 3692) AND (p.commentcount >= 0) AND (p.favoritecount >= 0) AND (p.favoritecount <= 13) AND (p.creationdate <= '2014-08-26 21:01:07'::timestamp without time zone) AND (p.answercount = 0))", "Rows Removed by Filter": 40483}]}]}, {"Node Type": "Index Only Scan", "Parent Relationship": "Inner", "Parallel Aware": false, "Scan Direction": "Forward", "Index Name": "idx_badges_userid", "Relation Name": "badges", "Schema": "public", "Alias": "b", "Startup Cost": 0.29, "Total Cost": 1.53, "Plan Rows": 3, "Plan Width": 4, "Actual Startup Time": 0.004, "Actual Total Time": 0.004, "Actual Rows": 8, "Actual Loops": 50, "Output": ["b.userid"], "Index Cond": "(b.userid = p.owneruserid)", "Rows Removed by Index Recheck": 0, "Heap Fetches": 0}]}, {"Node Type": "Index Scan", "Parent Relationship": "Inner", "Parallel Aware": false, "Scan Direction": "Forward", "Index Name": "users_pkey", "Relation Name": "users", "Schema": "public", "Alias": "u", "Startup Cost": 0.29, "Total Cost": 0.33, "Plan Rows": 1, "Plan Width": 4, "Actual Startup Time": 0.001, "Actual Total Time": 0.001, "Actual Rows": 0, "Actual Loops": 385, "Output": ["u.id", "u.reputation", "u.creationdate", "u.views", "u.upvotes", "u.downvotes"], "Index Cond": "(u.id = b.userid)", "Rows Removed by Index Recheck": 0, "Filter": "((u.views >= 0) AND (u.upvotes >= 0) AND (u.upvotes <= 8))", "Rows Removed by Filter": 1}]}]}, "Planning Time": 1.291, "Triggers": [], "Execution Time": 6.753}]#####[{"Plan": {"Node Type": "Aggregate", "Strategy": "Plain", "Partial Mode": "Simple", "Parallel Aware": false, "Startup Cost": 2027.83, "Total Cost": 2027.84, "Plan Rows": 1, "Plan Width": 8, "Actual Startup Time": 9.298, "Actual Total Time": 9.302, "Actual Rows": 1, "Actual Loops": 1, "Output": ["count(*)"], "Plans": [{"Node Type": "Nested Loop", "Parent Relationship": "Outer", "Parallel Aware": false, "Join Type": "Inner", "Startup Cost": 1930.8, "Total Cost": 2027.75, "Plan Rows": 33, "Plan Width": 0, "Actual Startup Time": 8.572, "Actual Total Time": 9.289, "Actual Rows": 173, "Actual Loops": 1, "Inner Unique": false, "Plans": [{"Node Type": "Hash Join", "Parent Relationship": "Outer", "Parallel Aware": false, "Join Type": "Inner", "Startup Cost": 1930.51, "Total Cost": 2021.95, "Plan Rows": 15, "Plan Width": 8, "Actual Startup Time": 8.553, "Actual Total Time": 9.123, "Actual Rows": 33, "Actual Loops": 1, "Output": ["p.owneruserid", "u.id"], "Inner Unique": true, "Hash Cond": "(p.owneruserid = u.id)", "Plans": [{"Node Type": "Hash Join", "Parent Relationship": "Outer", "Parallel Aware": false, "Join Type": "Inner", "Startup Cost": 1391.92, "Total Cost": 1478.9, "Plan Rows": 1700, "Plan Width": 4, "Actual Startup Time": 5.178, "Actual Total Time": 5.738, "Actual Rows": 50, "Actual Loops": 1, "Output": ["p.owneruserid"], "Inner Unique": true, "Hash Cond": "(pl.relatedpostid = p.id)", "Plans": [{"Node Type": "Seq Scan", "Parent Relationship": "Outer", "Parallel Aware": false, "Relation Name": "postlinks", "Schema": "public", "Alias": "pl", "Startup Cost": 0.0, "Total Cost": 76.91, "Plan Rows": 3833, "Plan Width": 4, "Actual Startup Time": 0.006, "Actual Total Time": 0.373, "Actual Rows": 3833, "Actual Loops": 1, "Output": ["pl.id", "pl.creationdate", "pl.postid", "pl.relatedpostid", "pl.linktypeid"], "Filter": "(pl.linktypeid = 1)", "Rows Removed by Filter": 0}, {"Node Type": "Hash", "Parent Relationship": "Inner", "Parallel Aware": false, "Startup Cost": 1389.58, "Total Cost": 1389.58, "Plan Rows": 188, "Plan Width": 8, "Actual Startup Time": 5.129, "Actual Total Time": 5.129, "Actual Rows": 700, "Actual Loops": 1, "Output": ["p.id", "p.owneruserid"], "Hash Buckets": 1024, "Original Hash Buckets": 1024, "Hash Batches": 1, "Original Hash Batches": 1, "Peak Memory Usage": 36, "Plans": [{"Node Type": "Seq Scan", "Parent Relationship": "Outer", "Parallel Aware": false, "Relation Name": "posts", "Schema": "public", "Alias": "p", "Startup Cost": 0.0, "Total Cost": 1389.58, "Plan Rows": 188, "Plan Width": 8, "Actual Startup Time": 0.053, "Actual Total Time": 5.043, "Actual Rows": 700, "Actual Loops": 1, "Output": ["p.id", "p.owneruserid"], "Filter": "((p.viewcount <= 3692) AND (p.commentcount >= 0) AND (p.favoritecount >= 0) AND (p.favoritecount <= 13) AND (p.creationdate <= '2014-08-26 21:01:07'::timestamp without time zone) AND (p.answercount = 0))", "Rows Removed by Filter": 40483}]}]}, {"Node Type": "Hash", "Parent Relationship": "Inner", "Parallel Aware": false, "Startup Cost": 371.36, "Total Cost": 371.36, "Plan Rows": 13378, "Plan Width": 4, "Actual Startup Time": 3.317, "Actual Total Time": 3.317, "Actual Rows": 13378, "Actual Loops": 1, "Output": ["u.id"], "Hash Buckets": 16384, "Original Hash Buckets": 16384, "Hash Batches": 1, "Original Hash Batches": 1, "Peak Memory Usage": 599, "Plans": [{"Node Type": "Seq Scan", "Parent Relationship": "Outer", "Parallel Aware": false, "Relation Name": "users", "Schema": "public", "Alias": "u", "Startup Cost": 0.0, "Total Cost": 371.36, "Plan Rows": 13378, "Plan Width": 4, "Actual Startup Time": 0.009, "Actual Total Time": 2.105, "Actual Rows": 13378, "Actual Loops": 1, "Output": ["u.id"], "Filter": "((u.views >= 0) AND (u.upvotes >= 0) AND (u.upvotes <= 8))", "Rows Removed by Filter": 1557}]}]}, {"Node Type": "Index Only Scan", "Parent Relationship": "Inner", "Parallel Aware": false, "Scan Direction": "Forward", "Index Name": "idx_badges_userid", "Relation Name": "badges", "Schema": "public", "Alias": "b", "Startup Cost": 0.29, "Total Cost": 0.36, "Plan Rows": 3, "Plan Width": 4, "Actual Startup Time": 0.004, "Actual Total Time": 0.005, "Actual Rows": 5, "Actual Loops": 33, "Output": ["b.userid"], "Index Cond": "(b.userid = u.id)", "Rows Removed by Index Recheck": 0, "Heap Fetches": 0}]}]}, "Planning Time": 2.164, "Triggers": [], "Execution Time": 9.362}]
[{"Plan": {"Node Type": "Aggregate", "Strategy": "Plain", "Partial Mode": "Simple", "Parallel Aware": false, "Startup Cost": 42747.76, "Total Cost": 42747.77, "Plan Rows": 1, "Plan Width": 8, "Actual Startup Time": 11.553, "Actual Total Time": 11.558, "Actual Rows": 1, "Actual Loops": 1, "Output": ["count(*)"], "Plans": [{"Node Type": "Hash Join", "Parent Relationship": "Outer", "Parallel Aware": false, "Join Type": "Inner", "Startup Cost": 2888.52, "Total Cost": 16589.02, "Plan Rows": 10463497, "Plan Width": 0, "Actual Startup Time": 11.549, "Actual Total Time": 11.553, "Actual Rows": 0, "Actual Loops": 1, "Inner Unique": false, "Hash Cond": "(ph.userid = u.id)", "Plans": [{"Node Type": "Nested Loop", "Parent Relationship": "Outer", "Parallel Aware": false, "Join Type": "Inner", "Startup Cost": 0.29, "Total Cost": 4972.53, "Plan Rows": 220433, "Plan Width": 8, "Actual Startup Time": 11.548, "Actual Total Time": 11.55, "Actual Rows": 0, "Actual Loops": 1, "Output": ["ph.userid", "b.userid"], "Inner Unique": false, "Plans": [{"Node Type": "Seq Scan", "Parent Relationship": "Outer", "Parallel Aware": false, "Relation Name": "posthistory", "Schema": "public", "Alias": "ph", "Startup Cost": 0.0, "Total Cost": 2572.93, "Plan Rows": 5880, "Plan Width": 4, "Actual Startup Time": 1.204, "Actual Total Time": 10.501, "Actual Rows": 5913, "Actual Loops": 1, "Output": ["ph.id", "ph.posthistorytypeid", "ph.postid", "ph.creationdate", "ph.userid"], "Filter": "(ph.posthistorytypeid = 25)", "Rows Removed by Filter": 124081}, {"Node Type": "Index Only Scan", "Parent Relationship": "Inner", "Parallel Aware": false, "Scan Direction": "Forward", "Index Name": "idx_badges_userid", "Relation Name": "badges", "Schema": "public", "Alias": "b", "Startup Cost": 0.29, "Total Cost": 0.38, "Plan Rows": 3, "Plan Width": 4, "Actual Startup Time": 0.0, "Actual Total Time": 0.0, "Actual Rows": 0, "Actual Loops": 5913, "Output": ["b.userid"], "Index Cond": "(b.userid = ph.userid)", "Rows Removed by Index Recheck": 0, "Heap Fetches": 0}]}, {"Node Type": "Hash", "Parent Relationship": "Inner", "Parallel Aware": false, "Startup Cost": 2233.81, "Total Cost": 2233.81, "Plan Rows": 52354, "Plan Width": 8, "Actual Startup Time": 0.0, "Actual Total Time": 0.0, "Actual Rows": 0, "Actual Loops": 0, "Output": ["c.userid", "u.id"], "Plans": [{"Node Type": "Hash Join", "Parent Relationship": "Outer", "Parallel Aware": false, "Join Type": "Inner", "Startup Cost": 501.3, "Total Cost": 2233.81, "Plan Rows": 52354, "Plan Width": 8, "Actual Startup Time": 0.0, "Actual Total Time": 0.0, "Actual Rows": 0, "Actual Loops": 0, "Output": ["c.userid", "u.id"], "Inner Unique": true, "Hash Cond": "(c.userid = u.id)", "Plans": [{"Node Type": "Seq Scan", "Parent Relationship": "Outer", "Parallel Aware": false, "Relation Name": "comments", "Schema": "public", "Alias": "c", "Startup Cost": 0.0, "Total Cost": 1574.96, "Plan Rows": 60002, "Plan Width": 4, "Actual Startup Time": 0.0, "Actual Total Time": 0.0, "Actual Rows": 0, "Actual Loops": 0, "Output": ["c.id", "c.postid", "c.score", "c.creationdate", "c.userid"], "Filter": "(c.score = 0)", "Rows Removed by Filter": 0}, {"Node Type": "Hash", "Parent Relationship": "Inner", "Parallel Aware": false, "Startup Cost": 334.02, "Total Cost": 334.02, "Plan Rows": 13382, "Plan Width": 4, "Actual Startup Time": 0.0, "Actual Total Time": 0.0, "Actual Rows": 0, "Actual Loops": 0, "Output": ["u.id"], "Plans": [{"Node Type": "Seq Scan", "Parent Relationship": "Outer", "Parallel Aware": false, "Relation Name": "users", "Schema": "public", "Alias": "u", "Startup Cost": 0.0, "Total Cost": 334.02, "Plan Rows": 13382, "Plan Width": 4, "Actual Startup Time": 0.0, "Actual Total Time": 0.0, "Actual Rows": 0, "Actual Loops": 0, "Output": ["u.id"], "Filter": "((u.reputation <= 193) AND (u.downvotes <= 1))", "Rows Removed by Filter": 0}]}]}]}]}]}, "Planning Time": 1.675, "Triggers": [], "Execution Time": 11.63}]#####[{"Plan": {"Node Type": "Aggregate", "Strategy": "Plain", "Partial Mode": "Simple", "Parallel Aware": false, "Startup Cost": 268276.88, "Total Cost": 268276.89, "Plan Rows": 1, "Plan Width": 8, "Actual Startup Time": 13.863, "Actual Total Time": 13.867, "Actual Rows": 1, "Actual Loops": 1, "Output": ["count(*)"], "Plans": [{"Node Type": "Hash Join", "Parent Relationship": "Outer", "Parallel Aware": false, "Join Type": "Inner", "Startup Cost": 4106.97, "Total Cost": 6689.44, "Plan Rows": 104634973, "Plan Width": 0, "Actual Startup Time": 13.858, "Actual Total Time": 13.862, "Actual Rows": 0, "Actual Loops": 1, "Inner Unique": false, "Hash Cond": "(c.userid = u.id)", "Plans": [{"Node Type": "Seq Scan", "Parent Relationship": "Outer", "Parallel Aware": false, "Relation Name": "comments", "Schema": "public", "Alias": "c", "Startup Cost": 0.0, "Total Cost": 1574.96, "Plan Rows": 60002, "Plan Width": 4, "Actual Startup Time": 0.01, "Actual Total Time": 0.011, "Actual Rows": 1, "Actual Loops": 1, "Output": ["c.id", "c.postid", "c.score", "c.creationdate", "c.userid"], "Filter": "(c.score = 0)", "Rows Removed by Filter": 1}, {"Node Type": "Hash", "Parent Relationship": "Inner", "Parallel Aware": false, "Startup Cost": 3880.92, "Total Cost": 3880.92, "Plan Rows": 18084, "Plan Width": 12, "Actual Startup Time": 13.75, "Actual Total Time": 13.753, "Actual Rows": 0, "Actual Loops": 1, "Output": ["ph.userid", "b.userid", "u.id"], "Hash Buckets": 32768, "Original Hash Buckets": 32768, "Hash Batches": 1, "Original Hash Batches": 1, "Peak Memory Usage": 256, "Plans": [{"Node Type": "Hash Join", "Parent Relationship": "Outer", "Parallel Aware": false, "Join Type": "Inner", "Startup Cost": 3149.96, "Total Cost": 3880.92, "Plan Rows": 18084, "Plan Width": 12, "Actual Startup Time": 13.75, "Actual Total Time": 13.752, "Actual Rows": 0, "Actual Loops": 1, "Output": ["ph.userid", "b.userid", "u.id"], "Inner Unique": false, "Hash Cond": "(b.userid = u.id)", "Plans": [{"Node Type": "Seq Scan", "Parent Relationship": "Outer", "Parallel Aware": false, "Relation Name": "badges", "Schema": "public", "Alias": "b", "Startup Cost": 0.0, "Total Cost": 503.24, "Plan Rows": 32624, "Plan Width": 4, "Actual Startup Time": 0.005, "Actual Total Time": 0.005, "Actual Rows": 1, "Actual Loops": 1, "Output": ["b.id", "b.userid", "b.date"]}, {"Node Type": "Hash", "Parent Relationship": "Inner", "Parallel Aware": false, "Startup Cost": 3089.66, "Total Cost": 3089.66, "Plan Rows": 4824, "Plan Width": 8, "Actual Startup Time": 13.724, "Actual Total Time": 13.727, "Actual Rows": 0, "Actual Loops": 1, "Output": ["ph.userid", "u.id"], "Hash Buckets": 8192, "Original Hash Buckets": 8192, "Hash Batches": 1, "Original Hash Batches": 1, "Peak Memory Usage": 64, "Plans": [{"Node Type": "Hash Join", "Parent Relationship": "Outer", "Parallel Aware": false, "Join Type": "Inner", "Startup Cost": 501.3, "Total Cost": 3089.66, "Plan Rows": 4824, "Plan Width": 8, "Actual Startup Time": 13.724, "Actual Total Time": 13.726, "Actual Rows": 0, "Actual Loops": 1, "Output": ["ph.userid", "u.id"], "Inner Unique": true, "Hash Cond": "(ph.userid = u.id)", "Plans": [{"Node Type": "Seq Scan", "Parent Relationship": "Outer", "Parallel Aware": false, "Relation Name": "posthistory", "Schema": "public", "Alias": "ph", "Startup Cost": 0.0, "Total Cost": 2572.93, "Plan Rows": 5880, "Plan Width": 4, "Actual Startup Time": 1.151, "Actual Total Time": 10.127, "Actual Rows": 5913, "Actual Loops": 1, "Output": ["ph.id", "ph.posthistorytypeid", "ph.postid", "ph.creationdate", "ph.userid"], "Filter": "(ph.posthistorytypeid = 25)", "Rows Removed by Filter": 124081}, {"Node Type": "Hash", "Parent Relationship": "Inner", "Parallel Aware": false, "Startup Cost": 334.02, "Total Cost": 334.02, "Plan Rows": 13382, "Plan Width": 4, "Actual Startup Time": 3.271, "Actual Total Time": 3.271, "Actual Rows": 13682, "Actual Loops": 1, "Output": ["u.id"], "Hash Buckets": 16384, "Original Hash Buckets": 16384, "Hash Batches": 1, "Original Hash Batches": 1, "Peak Memory Usage": 610, "Plans": [{"Node Type": "Seq Scan", "Parent Relationship": "Outer", "Parallel Aware": false, "Relation Name": "users", "Schema": "public", "Alias": "u", "Startup Cost": 0.0, "Total Cost": 334.02, "Plan Rows": 13382, "Plan Width": 4, "Actual Startup Time": 0.008, "Actual Total Time": 2.063, "Actual Rows": 13682, "Actual Loops": 1, "Output": ["u.id"], "Filter": "((u.reputation <= 193) AND (u.downvotes <= 1))", "Rows Removed by Filter": 1253}]}]}]}]}]}]}]}, "Planning Time": 1.568, "Triggers": [], "Execution Time": 13.982}]#####[{"Plan": {"Node Type": "Aggregate", "Strategy": "Plain", "Partial Mode": "Simple", "Parallel Aware": false, "Startup Cost": 267148.49, "Total Cost": 267148.5, "Plan Rows": 1, "Plan Width": 8, "Actual Startup Time": 13.717, "Actual Total Time": 13.721, "Actual Rows": 1, "Actual Loops": 1, "Output": ["count(*)"], "Plans": [{"Node Type": "Nested Loop", "Parent Relationship": "Outer", "Parallel Aware": false, "Join Type": "Inner", "Startup Cost": 3150.25, "Total Cost": 5561.06, "Plan Rows": 104634973, "Plan Width": 0, "Actual Startup Time": 13.712, "Actual Total Time": 13.716, "Actual Rows": 0, "Actual Loops": 1, "Inner Unique": false, "Join Filter": "(u.id = c.userid)", "Rows Removed by Join Filter": 0, "Plans": [{"Node Type": "Hash Join", "Parent Relationship": "Outer", "Parallel Aware": false, "Join Type": "Inner", "Startup Cost": 3149.96, "Total Cost": 3880.92, "Plan Rows": 1808, "Plan Width": 12, "Actual Startup Time": 13.712, "Actual Total Time": 13.716, "Actual Rows": 0, "Actual Loops": 1, "Output": ["ph.userid", "b.userid", "u.id"], "Inner Unique": false, "Hash Cond": "(b.userid = u.id)", "Plans": [{"Node Type": "Seq Scan", "Parent Relationship": "Outer", "Parallel Aware": false, "Relation Name": "badges", "Schema": "public", "Alias": "b", "Startup Cost": 0.0, "Total Cost": 503.24, "Plan Rows": 32624, "Plan Width": 4, "Actual Startup Time": 0.009, "Actual Total Time": 0.01, "Actual Rows": 1, "Actual Loops": 1, "Output": ["b.id", "b.userid", "b.date"]}, {"Node Type": "Hash", "Parent Relationship": "Inner", "Parallel Aware": false, "Startup Cost": 3089.66, "Total Cost": 3089.66, "Plan Rows": 4824, "Plan Width": 8, "Actual Startup Time": 13.668, "Actual Total Time": 13.67, "Actual Rows": 0, "Actual Loops": 1, "Output": ["ph.userid", "u.id"], "Hash Buckets": 8192, "Original Hash Buckets": 8192, "Hash Batches": 1, "Original Hash Batches": 1, "Peak Memory Usage": 64, "Plans": [{"Node Type": "Hash Join", "Parent Relationship": "Outer", "Parallel Aware": false, "Join Type": "Inner", "Startup Cost": 501.3, "Total Cost": 3089.66, "Plan Rows": 4824, "Plan Width": 8, "Actual Startup Time": 13.667, "Actual Total Time": 13.669, "Actual Rows": 0, "Actual Loops": 1, "Output": ["ph.userid", "u.id"], "Inner Unique": true, "Hash Cond": "(ph.userid = u.id)", "Plans": [{"Node Type": "Seq Scan", "Parent Relationship": "Outer", "Parallel Aware": false, "Relation Name": "posthistory", "Schema": "public", "Alias": "ph", "Startup Cost": 0.0, "Total Cost": 2572.93, "Plan Rows": 5880, "Plan Width": 4, "Actual Startup Time": 1.169, "Actual Total Time": 10.069, "Actual Rows": 5913, "Actual Loops": 1, "Output": ["ph.id", "ph.posthistorytypeid", "ph.postid", "ph.creationdate", "ph.userid"], "Filter": "(ph.posthistorytypeid = 25)", "Rows Removed by Filter": 124081}, {"Node Type": "Hash", "Parent Relationship": "Inner", "Parallel Aware": false, "Startup Cost": 334.02, "Total Cost": 334.02, "Plan Rows": 13382, "Plan Width": 4, "Actual Startup Time": 3.278, "Actual Total Time": 3.279, "Actual Rows": 13682, "Actual Loops": 1, "Output": ["u.id"], "Hash Buckets": 16384, "Original Hash Buckets": 16384, "Hash Batches": 1, "Original Hash Batches": 1, "Peak Memory Usage": 610, "Plans": [{"Node Type": "Seq Scan", "Parent Relationship": "Outer", "Parallel Aware": false, "Relation Name": "users", "Schema": "public", "Alias": "u", "Startup Cost": 0.0, "Total Cost": 334.02, "Plan Rows": 13382, "Plan Width": 4, "Actual Startup Time": 0.006, "Actual Total Time": 2.021, "Actual Rows": 13682, "Actual Loops": 1, "Output": ["u.id"], "Filter": "((u.reputation <= 193) AND (u.downvotes <= 1))", "Rows Removed by Filter": 1253}]}]}]}]}, {"Node Type": "Index Scan", "Parent Relationship": "Inner", "Parallel Aware": false, "Scan Direction": "Forward", "Index Name": "idx_comments_userid", "Relation Name": "comments", "Schema": "public", "Alias": "c", "Startup Cost": 0.29, "Total Cost": 0.75, "Plan Rows": 14, "Plan Width": 4, "Actual Startup Time": 0.0, "Actual Total Time": 0.0, "Actual Rows": 0, "Actual Loops": 0, "Output": ["c.id", "c.postid", "c.score", "c.creationdate", "c.userid"], "Index Cond": "(c.userid = b.userid)", "Rows Removed by Index Recheck": 0, "Filter": "(c.score = 0)", "Rows Removed by Filter": 0}]}]}, "Planning Time": 2.169, "Triggers": [], "Execution Time": 13.817}]
[{"Plan": {"Node Type": "Aggregate", "Strategy": "Plain", "Partial Mode": "Simple", "Parallel Aware": false, "Startup Cost": 5866.42, "Total Cost": 5866.43, "Plan Rows": 1, "Plan Width": 8, "Actual Startup Time": 44.113, "Actual Total Time": 44.118, "Actual Rows": 1, "Actual Loops": 1, "Output": ["count(*)"], "Plans": [{"Node Type": "Nested Loop", "Parent Relationship": "Outer", "Parallel Aware": false, "Join Type": "Inner", "Startup Cost": 1246.35, "Total Cost": 5856.57, "Plan Rows": 3943, "Plan Width": 0, "Actual Startup Time": 8.76, "Actual Total Time": 42.177, "Actual Rows": 51109, "Actual Loops": 1, "Inner Unique": false, "Plans": [{"Node Type": "Nested Loop", "Parent Relationship": "Outer", "Parallel Aware": false, "Join Type": "Inner", "Startup Cost": 1246.07, "Total Cost": 5275.33, "Plan Rows": 1509, "Plan Width": 8, "Actual Startup Time": 8.748, "Actual Total Time": 29.354, "Actual Rows": 9493, "Actual Loops": 1, "Output": ["p.owneruserid", "u.id"], "Inner Unique": false, "Join Filter": "(p.id = ph.postid)", "Rows Removed by Join Filter": 0, "Plans": [{"Node Type": "Nested Loop", "Parent Relationship": "Outer", "Parallel Aware": false, "Join Type": "Inner", "Startup Cost": 1245.77, "Total Cost": 5029.13, "Plan Rows": 501, "Plan Width": 20, "Actual Startup Time": 8.712, "Actual Total Time": 23.409, "Actual Rows": 1157, "Actual Loops": 1, "Output": ["c.postid", "p.owneruserid", "p.id", "v.postid", "u.id"], "Inner Unique": false, "Plans": [{"Node Type": "Nested Loop", "Parent Relationship": "Outer", "Parallel Aware": false, "Join Type": "Inner", "Startup Cost": 1245.48, "Total Cost": 4895.53, "Plan Rows": 260, "Plan Width": 16, "Actual Startup Time": 8.701, "Actual Total Time": 22.004, "Actual Rows": 452, "Actual Loops": 1, "Output": ["p.owneruserid", "p.id", "v.postid", "u.id"], "Inner Unique": true, "Plans": [{"Node Type": "Hash Join", "Parent Relationship": "Outer", "Parallel Aware": false, "Join Type": "Inner", "Startup Cost": 1245.2, "Total Cost": 4779.62, "Plan Rows": 270, "Plan Width": 12, "Actual Startup Time": 8.681, "Actual Total Time": 20.627, "Actual Rows": 486, "Actual Loops": 1, "Output": ["p.owneruserid", "p.id", "v.postid"], "Inner Unique": true, "Hash Cond": "(v.postid = p.id)", "Plans": [{"Node Type": "Seq Scan", "Parent Relationship": "Outer", "Parallel Aware": false, "Relation Name": "votes", "Schema": "public", "Alias": "v", "Startup Cost": 0.0, "Total Cost": 3528.49, "Plan Rows": 2258, "Plan Width": 4, "Actual Startup Time": 2.363, "Actual Total Time": 14.074, "Actual Rows": 2260, "Actual Loops": 1, "Output": ["v.id", "v.postid", "v.votetypeid", "v.creationdate", "v.userid", "v.bountyamount"], "Filter": "((v.creationdate >= '2010-07-23 00:00:00'::timestamp without time zone) AND (v.votetypeid = 16))", "Rows Removed by Filter": 161973}, {"Node Type": "Hash", "Parent Relationship": "Inner", "Parallel Aware": false, "Startup Cost": 1183.66, "Total Cost": 1183.66, "Plan Rows": 4923, "Plan Width": 8, "Actual Startup Time": 6.178, "Actual Total Time": 6.179, "Actual Rows": 5094, "Actual Loops": 1, "Output": ["p.owneruserid", "p.id"], "Hash Buckets": 8192, "Original Hash Buckets": 8192, "Hash Batches": 1, "Original Hash Batches": 1, "Peak Memory Usage": 263, "Plans": [{"Node Type": "Seq Scan", "Parent Relationship": "Outer", "Parallel Aware": false, "Relation Name": "posts", "Schema": "public", "Alias": "p", "Startup Cost": 0.0, "Total Cost": 1183.66, "Plan Rows": 4923, "Plan Width": 8, "Actual Startup Time": 0.008, "Actual Total Time": 5.643, "Actual Rows": 5094, "Actual Loops": 1, "Output": ["p.owneruserid", "p.id"], "Filter": "((p.score >= '-1'::integer) AND (p.score <= 18) AND (p.commentcount <= 11) AND (p.favoritecount <= 2))", "Rows Removed by Filter": 36089}]}]}, {"Node Type": "Index Scan", "Parent Relationship": "Inner", "Parallel Aware": false, "Scan Direction": "Forward", "Index Name": "users_pkey", "Relation Name": "users", "Schema": "public", "Alias": "u", "Startup Cost": 0.29, "Total Cost": 0.43, "Plan Rows": 1, "Plan Width": 4, "Actual Startup Time": 0.003, "Actual Total Time": 0.003, "Actual Rows": 1, "Actual Loops": 486, "Output": ["u.id", "u.reputation", "u.creationdate", "u.views", "u.upvotes", "u.downvotes"], "Index Cond": "(u.id = p.owneruserid)", "Rows Removed by Index Recheck": 0, "Filter": "(u.reputation <= 1443)", "Rows Removed by Filter": 0}]}, {"Node Type": "Index Only Scan", "Parent Relationship": "Inner", "Parallel Aware": false, "Scan Direction": "Forward", "Index Name": "idx_comments_postid", "Relation Name": "comments", "Schema": "public", "Alias": "c", "Startup Cost": 0.29, "Total Cost": 0.47, "Plan Rows": 4, "Plan Width": 4, "Actual Startup Time": 0.003, "Actual Total Time": 0.003, "Actual Rows": 3, "Actual Loops": 452, "Output": ["c.postid"], "Index Cond": "(c.postid = p.id)", "Rows Removed by Index Recheck": 0, "Heap Fetches": 0}]}, {"Node Type": "Index Scan", "Parent Relationship": "Inner", "Parallel Aware": false, "Scan Direction": "Forward", "Index Name": "idx_posthistory_postid", "Relation Name": "posthistory", "Schema": "public", "Alias": "ph", "Startup Cost": 0.29, "Total Cost": 0.44, "Plan Rows": 4, "Plan Width": 4, "Actual Startup Time": 0.002, "Actual Total Time": 0.004, "Actual Rows": 8, "Actual Loops": 1157, "Output": ["ph.id", "ph.posthistorytypeid", "ph.postid", "ph.creationdate", "ph.userid"], "Index Cond": "(ph.postid = c.postid)", "Rows Removed by Index Recheck": 0, "Filter": "((ph.creationdate >= '2010-09-11 20:20:34'::timestamp without time zone) AND (ph.creationdate <= '2014-08-17 18:35:35'::timestamp without time zone))", "Rows Removed by Filter": 0}]}, {"Node Type": "Index Only Scan", "Parent Relationship": "Inner", "Parallel Aware": false, "Scan Direction": "Forward", "Index Name": "idx_badges_userid", "Relation Name": "badges", "Schema": "public", "Alias": "b", "Startup Cost": 0.29, "Total Cost": 0.36, "Plan Rows": 3, "Plan Width": 4, "Actual Startup Time": 0.001, "Actual Total Time": 0.001, "Actual Rows": 5, "Actual Loops": 9493, "Output": ["b.userid"], "Index Cond": "(b.userid = u.id)", "Rows Removed by Index Recheck": 0, "Heap Fetches": 0}]}]}, "Planning Time": 2.795, "Triggers": [], "Execution Time": 44.205}]#####[{"Plan": {"Node Type": "Aggregate", "Strategy": "Plain", "Partial Mode": "Simple", "Parallel Aware": false, "Startup Cost": 6786.28, "Total Cost": 6786.29, "Plan Rows": 1, "Plan Width": 8, "Actual Startup Time": 46.302, "Actual Total Time": 46.307, "Actual Rows": 1, "Actual Loops": 1, "Output": ["count(*)"], "Plans": [{"Node Type": "Hash Join", "Parent Relationship": "Outer", "Parallel Aware": false, "Join Type": "Inner", "Startup Cost": 2718.77, "Total Cost": 6687.68, "Plan Rows": 39437, "Plan Width": 0, "Actual Startup Time": 21.838, "Actual Total Time": 44.489, "Actual Rows": 51109, "Actual Loops": 1, "Inner Unique": false, "Hash Cond": "(p.owneruserid = u.id)", "Plans": [{"Node Type": "Nested Loop", "Parent Relationship": "Outer", "Parallel Aware": false, "Join Type": "Inner", "Startup Cost": 1245.78, "Total Cost": 5173.89, "Plan Rows": 1567, "Plan Width": 4, "Actual Startup Time": 8.516, "Actual Total Time": 27.363, "Actual Rows": 10464, "Actual Loops": 1, "Output": ["p.owneruserid"], "Inner Unique": false, "Join Filter": "(p.id = ph.postid)", "Rows Removed by Join Filter": 0, "Plans": [{"Node Type": "Nested Loop", "Parent Relationship": "Outer", "Parallel Aware": false, "Join Type": "Inner", "Startup Cost": 1245.49, "Total Cost": 4918.35, "Plan Rows": 520, "Plan Width": 16, "Actual Startup Time": 8.489, "Actual Total Time": 21.756, "Actual Rows": 1260, "Actual Loops": 1, "Output": ["c.postid", "p.owneruserid", "p.id", "v.postid"], "Inner Unique": false, "Plans": [{"Node Type": "Hash Join", "Parent Relationship": "Outer", "Parallel Aware": false, "Join Type": "Inner", "Startup Cost": 1245.2, "Total Cost": 4779.62, "Plan Rows": 270, "Plan Width": 12, "Actual Startup Time": 8.458, "Actual Total Time": 20.541, "Actual Rows": 486, "Actual Loops": 1, "Output": ["p.owneruserid", "p.id", "v.postid"], "Inner Unique": true, "Hash Cond": "(v.postid = p.id)", "Plans": [{"Node Type": "Seq Scan", "Parent Relationship": "Outer", "Parallel Aware": false, "Relation Name": "votes", "Schema": "public", "Alias": "v", "Startup Cost": 0.0, "Total Cost": 3528.49, "Plan Rows": 2258, "Plan Width": 4, "Actual Startup Time": 2.282, "Actual Total Time": 14.153, "Actual Rows": 2260, "Actual Loops": 1, "Output": ["v.id", "v.postid", "v.votetypeid", "v.creationdate", "v.userid", "v.bountyamount"], "Filter": "((v.creationdate >= '2010-07-23 00:00:00'::timestamp without time zone) AND (v.votetypeid = 16))", "Rows Removed by Filter": 161973}, {"Node Type": "Hash", "Parent Relationship": "Inner", "Parallel Aware": false, "Startup Cost": 1183.66, "Total Cost": 1183.66, "Plan Rows": 4923, "Plan Width": 8, "Actual Startup Time": 6.055, "Actual Total Time": 6.056, "Actual Rows": 5094, "Actual Loops": 1, "Output": ["p.owneruserid", "p.id"], "Hash Buckets": 8192, "Original Hash Buckets": 8192, "Hash Batches": 1, "Original Hash Batches": 1, "Peak Memory Usage": 263, "Plans": [{"Node Type": "Seq Scan", "Parent Relationship": "Outer", "Parallel Aware": false, "Relation Name": "posts", "Schema": "public", "Alias": "p", "Startup Cost": 0.0, "Total Cost": 1183.66, "Plan Rows": 4923, "Plan Width": 8, "Actual Startup Time": 0.008, "Actual Total Time": 5.5, "Actual Rows": 5094, "Actual Loops": 1, "Output": ["p.owneruserid", "p.id"], "Filter": "((p.score >= '-1'::integer) AND (p.score <= 18) AND (p.commentcount <= 11) AND (p.favoritecount <= 2))", "Rows Removed by Filter": 36089}]}]}, {"Node Type": "Index Only Scan", "Parent Relationship": "Inner", "Parallel Aware": false, "Scan Direction": "Forward", "Index Name": "idx_comments_postid", "Relation Name": "comments", "Schema": "public", "Alias": "c", "Startup Cost": 0.29, "Total Cost": 0.47, "Plan Rows": 4, "Plan Width": 4, "Actual Startup Time": 0.002, "Actual Total Time": 0.002, "Actual Rows": 3, "Actual Loops": 486, "Output": ["c.postid"], "Index Cond": "(c.postid = p.id)", "Rows Removed by Index Recheck": 0, "Heap Fetches": 0}]}, {"Node Type": "Index Scan", "Parent Relationship": "Inner", "Parallel Aware": false, "Scan Direction": "Forward", "Index Name": "idx_posthistory_postid", "Relation Name": "posthistory", "Schema": "public", "Alias": "ph", "Startup Cost": 0.29, "Total Cost": 0.44, "Plan Rows": 4, "Plan Width": 4, "Actual Startup Time": 0.002, "Actual Total Time": 0.004, "Actual Rows": 8, "Actual Loops": 1260, "Output": ["ph.id", "ph.posthistorytypeid", "ph.postid", "ph.creationdate", "ph.userid"], "Index Cond": "(ph.postid = c.postid)", "Rows Removed by Index Recheck": 0, "Filter": "((ph.creationdate >= '2010-09-11 20:20:34'::timestamp without time zone) AND (ph.creationdate <= '2014-08-17 18:35:35'::timestamp without time zone))", "Rows Removed by Filter": 0}]}, {"Node Type": "Hash", "Parent Relationship": "Inner", "Parallel Aware": false, "Startup Cost": 1070.05, "Total Cost": 1070.05, "Plan Rows": 32235, "Plan Width": 8, "Actual Startup Time": 13.179, "Actual Total Time": 13.18, "Actual Rows": 27042, "Actual Loops": 1, "Output": ["b.userid", "u.id"], "Hash Buckets": 32768, "Original Hash Buckets": 32768, "Hash Batches": 1, "Original Hash Batches": 1, "Peak Memory Usage": 1313, "Plans": [{"Node Type": "Hash Join", "Parent Relationship": "Outer", "Parallel Aware": false, "Join Type": "Inner", "Startup Cost": 481.15, "Total Cost": 1070.05, "Plan Rows": 32235, "Plan Width": 8, "Actual Startup Time": 3.295, "Actual Total Time": 10.318, "Actual Rows": 27042, "Actual Loops": 1, "Output": ["b.userid", "u.id"], "Inner Unique": true, "Hash Cond": "(b.userid = u.id)", "Plans": [{"Node Type": "Seq Scan", "Parent Relationship": "Outer", "Parallel Aware": false, "Relation Name": "badges", "Schema": "public", "Alias": "b", "Startup Cost": 0.0, "Total Cost": 503.24, "Plan Rows": 32624, "Plan Width": 4, "Actual Startup Time": 0.008, "Actual Total Time": 1.863, "Actual Rows": 32624, "Actual Loops": 1, "Output": ["b.id", "b.userid", "b.date"]}, {"Node Type": "Hash", "Parent Relationship": "Inner", "Parallel Aware": false, "Startup Cost": 296.69, "Total Cost": 296.69, "Plan Rows": 14757, "Plan Width": 4, "Actual Startup Time": 3.236, "Actual Total Time": 3.237, "Actual Rows": 14756, "Actual Loops": 1, "Output": ["u.id"], "Hash Buckets": 16384, "Original Hash Buckets": 16384, "Hash Batches": 1, "Original Hash Batches": 1, "Peak Memory Usage": 647, "Plans": [{"Node Type": "Seq Scan", "Parent Relationship": "Outer", "Parallel Aware": false, "Relation Name": "users", "Schema": "public", "Alias": "u", "Startup Cost": 0.0, "Total Cost": 296.69, "Plan Rows": 14757, "Plan Width": 4, "Actual Startup Time": 0.007, "Actual Total Time": 1.888, "Actual Rows": 14756, "Actual Loops": 1, "Output": ["u.id"], "Filter": "(u.reputation <= 1443)", "Rows Removed by Filter": 179}]}]}]}]}]}, "Planning Time": 4.829, "Triggers": [], "Execution Time": 46.44}]#####[{"Plan": {"Node Type": "Aggregate", "Strategy": "Plain", "Partial Mode": "Simple", "Parallel Aware": false, "Startup Cost": 6558.54, "Total Cost": 6558.55, "Plan Rows": 1, "Plan Width": 8, "Actual Startup Time": 38.183, "Actual Total Time": 38.189, "Actual Rows": 1, "Actual Loops": 1, "Output": ["count(*)"], "Plans": [{"Node Type": "Hash Join", "Parent Relationship": "Outer", "Parallel Aware": false, "Join Type": "Inner", "Startup Cost": 5463.95, "Total Cost": 6459.94, "Plan Rows": 39437, "Plan Width": 0, "Actual Startup Time": 29.28, "Actual Total Time": 36.451, "Actual Rows": 51109, "Actual Loops": 1, "Inner Unique": false, "Hash Cond": "(b.userid = u.id)", "Plans": [{"Node Type": "Seq Scan", "Parent Relationship": "Outer", "Parallel Aware": false, "Relation Name": "badges", "Schema": "public", "Alias": "b", "Startup Cost": 0.0, "Total Cost": 503.24, "Plan Rows": 32624, "Plan Width": 4, "Actual Startup Time": 0.012, "Actual Total Time": 1.601, "Actual Rows": 32624, "Actual Loops": 1, "Output": ["b.id", "b.userid", "b.date"]}, {"Node Type": "Hash", "Parent Relationship": "Inner", "Parallel Aware": false, "Startup Cost": 5275.33, "Total Cost": 5275.33, "Plan Rows": 15090, "Plan Width": 8, "Actual Startup Time": 29.139, "Actual Total Time": 29.142, "Actual Rows": 9493, "Actual Loops": 1, "Output": ["p.owneruserid", "u.id"], "Hash Buckets": 16384, "Original Hash Buckets": 16384, "Hash Batches": 1, "Original Hash Batches": 1, "Peak Memory Usage": 499, "Plans": [{"Node Type": "Nested Loop", "Parent Relationship": "Outer", "Parallel Aware": false, "Join Type": "Inner", "Startup Cost": 1246.07, "Total Cost": 5275.33, "Plan Rows": 15090, "Plan Width": 8, "Actual Startup Time": 8.645, "Actual Total Time": 28.112, "Actual Rows": 9493, "Actual Loops": 1, "Output": ["p.owneruserid", "u.id"], "Inner Unique": false, "Join Filter": "(p.id = ph.postid)", "Rows Removed by Join Filter": 0, "Plans": [{"Node Type": "Nested Loop", "Parent Relationship": "Outer", "Parallel Aware": false, "Join Type": "Inner", "Startup Cost": 1245.77, "Total Cost": 5029.13, "Plan Rows": 501, "Plan Width": 20, "Actual Startup Time": 8.622, "Actual Total Time": 22.959, "Actual Rows": 1157, "Actual Loops": 1, "Output": ["c.postid", "p.owneruserid", "p.id", "v.postid", "u.id"], "Inner Unique": false, "Plans": [{"Node Type": "Nested Loop", "Parent Relationship": "Outer", "Parallel Aware": false, "Join Type": "Inner", "Startup Cost": 1245.48, "Total Cost": 4895.53, "Plan Rows": 260, "Plan Width": 16, "Actual Startup Time": 8.61, "Actual Total Time": 21.811, "Actual Rows": 452, "Actual Loops": 1, "Output": ["p.owneruserid", "p.id", "v.postid", "u.id"], "Inner Unique": true, "Plans": [{"Node Type": "Hash Join", "Parent Relationship": "Outer", "Parallel Aware": false, "Join Type": "Inner", "Startup Cost": 1245.2, "Total Cost": 4779.62, "Plan Rows": 270, "Plan Width": 12, "Actual Startup Time": 8.592, "Actual Total Time": 20.446, "Actual Rows": 486, "Actual Loops": 1, "Output": ["p.owneruserid", "p.id", "v.postid"], "Inner Unique": true, "Hash Cond": "(v.postid = p.id)", "Plans": [{"Node Type": "Seq Scan", "Parent Relationship": "Outer", "Parallel Aware": false, "Relation Name": "votes", "Schema": "public", "Alias": "v", "Startup Cost": 0.0, "Total Cost": 3528.49, "Plan Rows": 2258, "Plan Width": 4, "Actual Startup Time": 2.338, "Actual Total Time": 13.99, "Actual Rows": 2260, "Actual Loops": 1, "Output": ["v.id", "v.postid", "v.votetypeid", "v.creationdate", "v.userid", "v.bountyamount"], "Filter": "((v.creationdate >= '2010-07-23 00:00:00'::timestamp without time zone) AND (v.votetypeid = 16))", "Rows Removed by Filter": 161973}, {"Node Type": "Hash", "Parent Relationship": "Inner", "Parallel Aware": false, "Startup Cost": 1183.66, "Total Cost": 1183.66, "Plan Rows": 4923, "Plan Width": 8, "Actual Startup Time": 6.138, "Actual Total Time": 6.138, "Actual Rows": 5094, "Actual Loops": 1, "Output": ["p.owneruserid", "p.id"], "Hash Buckets": 8192, "Original Hash Buckets": 8192, "Hash Batches": 1, "Original Hash Batches": 1, "Peak Memory Usage": 263, "Plans": [{"Node Type": "Seq Scan", "Parent Relationship": "Outer", "Parallel Aware": false, "Relation Name": "posts", "Schema": "public", "Alias": "p", "Startup Cost": 0.0, "Total Cost": 1183.66, "Plan Rows": 4923, "Plan Width": 8, "Actual Startup Time": 0.008, "Actual Total Time": 5.575, "Actual Rows": 5094, "Actual Loops": 1, "Output": ["p.owneruserid", "p.id"], "Filter": "((p.score >= '-1'::integer) AND (p.score <= 18) AND (p.commentcount <= 11) AND (p.favoritecount <= 2))", "Rows Removed by Filter": 36089}]}]}, {"Node Type": "Index Scan", "Parent Relationship": "Inner", "Parallel Aware": false, "Scan Direction": "Forward", "Index Name": "users_pkey", "Relation Name": "users", "Schema": "public", "Alias": "u", "Startup Cost": 0.29, "Total Cost": 0.43, "Plan Rows": 1, "Plan Width": 4, "Actual Startup Time": 0.003, "Actual Total Time": 0.003, "Actual Rows": 1, "Actual Loops": 486, "Output": ["u.id", "u.reputation", "u.creationdate", "u.views", "u.upvotes", "u.downvotes"], "Index Cond": "(u.id = p.owneruserid)", "Rows Removed by Index Recheck": 0, "Filter": "(u.reputation <= 1443)", "Rows Removed by Filter": 0}]}, {"Node Type": "Index Only Scan", "Parent Relationship": "Inner", "Parallel Aware": false, "Scan Direction": "Forward", "Index Name": "idx_comments_postid", "Relation Name": "comments", "Schema": "public", "Alias": "c", "Startup Cost": 0.29, "Total Cost": 0.47, "Plan Rows": 4, "Plan Width": 4, "Actual Startup Time": 0.002, "Actual Total Time": 0.002, "Actual Rows": 3, "Actual Loops": 452, "Output": ["c.postid"], "Index Cond": "(c.postid = p.id)", "Rows Removed by Index Recheck": 0, "Heap Fetches": 0}]}, {"Node Type": "Index Scan", "Parent Relationship": "Inner", "Parallel Aware": false, "Scan Direction": "Forward", "Index Name": "idx_posthistory_postid", "Relation Name": "posthistory", "Schema": "public", "Alias": "ph", "Startup Cost": 0.29, "Total Cost": 0.44, "Plan Rows": 4, "Plan Width": 4, "Actual Startup Time": 0.002, "Actual Total Time": 0.004, "Actual Rows": 8, "Actual Loops": 1157, "Output": ["ph.id", "ph.posthistorytypeid", "ph.postid", "ph.creationdate", "ph.userid"], "Index Cond": "(ph.postid = c.postid)", "Rows Removed by Index Recheck": 0, "Filter": "((ph.creationdate >= '2010-09-11 20:20:34'::timestamp without time zone) AND (ph.creationdate <= '2014-08-17 18:35:35'::timestamp without time zone))", "Rows Removed by Filter": 0}]}]}]}]}, "Planning Time": 3.891, "Triggers": [], "Execution Time": 38.296}]
[{"Plan": {"Node Type": "Aggregate", "Strategy": "Plain", "Partial Mode": "Simple", "Parallel Aware": false, "Startup Cost": 4832.95, "Total Cost": 4832.96, "Plan Rows": 1, "Plan Width": 8, "Actual Startup Time": 37.558, "Actual Total Time": 37.563, "Actual Rows": 1, "Actual Loops": 1, "Output": ["count(*)"], "Plans": [{"Node Type": "Hash Join", "Parent Relationship": "Outer", "Parallel Aware": false, "Join Type": "Inner", "Startup Cost": 1365.42, "Total Cost": 3608.08, "Plan Rows": 489946, "Plan Width": 0, "Actual Startup Time": 19.54, "Actual Total Time": 35.746, "Actual Rows": 51669, "Actual Loops": 1, "Inner Unique": false, "Hash Cond": "(c.userid = u.id)", "Plans": [{"Node Type": "Seq Scan", "Parent Relationship": "Outer", "Parallel Aware": false, "Relation Name": "comments", "Schema": "public", "Alias": "c", "Startup Cost": 0.0, "Total Cost": 1773.36, "Plan Rows": 79249, "Plan Width": 4, "Actual Startup Time": 0.013, "Actual Total Time": 8.502, "Actual Rows": 79338, "Actual Loops": 1, "Output": ["c.id", "c.postid", "c.score", "c.creationdate", "c.userid"], "Filter": "((c.creationdate >= '2009-04-12 07:48:50'::timestamp without time zone) AND (c.creationdate <= '2014-09-13 21:10:37'::timestamp without time zone))", "Rows Removed by Filter": 19}, {"Node Type": "Hash", "Parent Relationship": "Inner", "Parallel Aware": false, "Startup Cost": 1323.78, "Total Cost": 1323.78, "Plan Rows": 3331, "Plan Width": 16, "Actual Startup Time": 19.496, "Actual Total Time": 19.498, "Actual Rows": 2613, "Actual Loops": 1, "Output": ["p.owneruserid", "ph.userid", "v.userid", "u.id"], "Hash Buckets": 4096, "Original Hash Buckets": 4096, "Hash Batches": 1, "Original Hash Batches": 1, "Peak Memory Usage": 155, "Plans": [{"Node Type": "Nested Loop", "Parent Relationship": "Outer", "Parallel Aware": false, "Join Type": "Inner", "Startup Cost": 1.16, "Total Cost": 1323.78, "Plan Rows": 3331, "Plan Width": 16, "Actual Startup Time": 1.801, "Actual Total Time": 19.157, "Actual Rows": 2613, "Actual Loops": 1, "Output": ["p.owneruserid", "ph.userid", "v.userid", "u.id"], "Inner Unique": false, "Plans": [{"Node Type": "Nested Loop", "Parent Relationship": "Outer", "Parallel Aware": false, "Join Type": "Inner", "Startup Cost": 0.87, "Total Cost": 1253.92, "Plan Rows": 65, "Plan Width": 12, "Actual Startup Time": 1.783, "Actual Total Time": 14.532, "Actual Rows": 348, "Actual Loops": 1, "Output": ["p.owneruserid", "v.userid", "u.id"], "Inner Unique": false, "Plans": [{"Node Type": "Merge Join", "Parent Relationship": "Outer", "Parallel Aware": false, "Join Type": "Inner", "Startup Cost": 0.58, "Total Cost": 1222.78, "Plan Rows": 55, "Plan Width": 8, "Actual Startup Time": 0.028, "Actual Total Time": 12.452, "Actual Rows": 170, "Actual Loops": 1, "Output": ["v.userid", "u.id"], "Inner Unique": true, "Merge Cond": "(v.userid = u.id)", "Plans": [{"Node Type": "Index Scan", "Parent Relationship": "Outer", "Parallel Aware": false, "Scan Direction": "Forward", "Index Name": "idx_votes_userid", "Relation Name": "votes", "Schema": "public", "Alias": "v", "Startup Cost": 0.29, "Total Cost": 6320.15, "Plan Rows": 609, "Plan Width": 4, "Actual Startup Time": 0.016, "Actual Total Time": 9.436, "Actual Rows": 402, "Actual Loops": 1, "Output": ["v.id", "v.postid", "v.votetypeid", "v.creationdate", "v.userid", "v.bountyamount"], "Filter": "(v.bountyamount <= 200)", "Rows Removed by Filter": 18043}, {"Node Type": "Index Scan", "Parent Relationship": "Inner", "Parallel Aware": false, "Scan Direction": "Forward", "Index Name": "users_pkey", "Relation Name": "users", "Schema": "public", "Alias": "u", "Startup Cost": 0.29, "Total Cost": 583.99, "Plan Rows": 14366, "Plan Width": 4, "Actual Startup Time": 0.011, "Actual Total Time": 2.491, "Actual Rows": 13824, "Actual Loops": 1, "Output": ["u.id", "u.reputation", "u.creationdate", "u.views", "u.upvotes", "u.downvotes"], "Filter": "((u.views >= 0) AND (u.views <= 58))", "Rows Removed by Filter": 564}]}, {"Node Type": "Index Scan", "Parent Relationship": "Inner", "Parallel Aware": false, "Scan Direction": "Forward", "Index Name": "idx_posts_owneruserid", "Relation Name": "posts", "Schema": "public", "Alias": "p", "Startup Cost": 0.29, "Total Cost": 0.56, "Plan Rows": 1, "Plan Width": 4, "Actual Startup Time": 0.007, "Actual Total Time": 0.012, "Actual Rows": 2, "Actual Loops": 170, "Output": ["p.id", "p.posttypeid", "p.creationdate", "p.score", "p.viewcount", "p.owneruserid", "p.answercount", "p.commentcount", "p.favoritecount", "p.lasteditoruserid"], "Index Cond": "(p.owneruserid = u.id)", "Rows Removed by Index Recheck": 0, "Filter": "((p.answercount <= 5) AND (p.favoritecount >= 0) AND (p.posttypeid = 1))", "Rows Removed by Filter": 11}]}, {"Node Type": "Index Scan", "Parent Relationship": "Inner", "Parallel Aware": false, "Scan Direction": "Forward", "Index Name": "idx_posthistory_userid", "Relation Name": "posthistory", "Schema": "public", "Alias": "ph", "Startup Cost": 0.29, "Total Cost": 1.04, "Plan Rows": 3, "Plan Width": 4, "Actual Startup Time": 0.003, "Actual Total Time": 0.013, "Actual Rows": 8, "Actual Loops": 348, "Output": ["ph.id", "ph.posthistorytypeid", "ph.postid", "ph.creationdate", "ph.userid"], "Index Cond": "(ph.userid = u.id)", "Rows Removed by Index Recheck": 0, "Filter": "((ph.creationdate <= '2014-07-28 03:46:50'::timestamp without time zone) AND (ph.posthistorytypeid = 3))", "Rows Removed by Filter": 27}]}]}]}]}, "Planning Time": 2.532, "Triggers": [], "Execution Time": 37.662}]#####[{"Plan": {"Node Type": "Aggregate", "Strategy": "Plain", "Partial Mode": "Simple", "Parallel Aware": false, "Startup Cost": 13937.31, "Total Cost": 13937.32, "Plan Rows": 1, "Plan Width": 8, "Actual Startup Time": 39.309, "Actual Total Time": 39.311, "Actual Rows": 1, "Actual Loops": 1, "Output": ["count(*)"], "Plans": [{"Node Type": "Nested Loop", "Parent Relationship": "Outer", "Parallel Aware": false, "Join Type": "Inner", "Startup Cost": 1.46, "Total Cost": 1688.66, "Plan Rows": 4899460, "Plan Width": 0, "Actual Startup Time": 1.786, "Actual Total Time": 37.338, "Actual Rows": 51669, "Actual Loops": 1, "Inner Unique": false, "Plans": [{"Node Type": "Nested Loop", "Parent Relationship": "Outer", "Parallel Aware": false, "Join Type": "Inner", "Startup Cost": 1.16, "Total Cost": 1323.78, "Plan Rows": 333, "Plan Width": 16, "Actual Startup Time": 1.772, "Actual Total Time": 19.389, "Actual Rows": 2613, "Actual Loops": 1, "Output": ["p.owneruserid", "ph.userid", "v.userid", "u.id"], "Inner Unique": false, "Plans": [{"Node Type": "Nested Loop", "Parent Relationship": "Outer", "Parallel Aware": false, "Join Type": "Inner", "Startup Cost": 0.87, "Total Cost": 1253.92, "Plan Rows": 65, "Plan Width": 12, "Actual Startup Time": 1.756, "Actual Total Time": 14.58, "Actual Rows": 348, "Actual Loops": 1, "Output": ["p.owneruserid", "v.userid", "u.id"], "Inner Unique": false, "Plans": [{"Node Type": "Merge Join", "Parent Relationship": "Outer", "Parallel Aware": false, "Join Type": "Inner", "Startup Cost": 0.58, "Total Cost": 1222.78, "Plan Rows": 55, "Plan Width": 8, "Actual Startup Time": 0.032, "Actual Total Time": 12.506, "Actual Rows": 170, "Actual Loops": 1, "Output": ["v.userid", "u.id"], "Inner Unique": true, "Merge Cond": "(v.userid = u.id)", "Plans": [{"Node Type": "Index Scan", "Parent Relationship": "Outer", "Parallel Aware": false, "Scan Direction": "Forward", "Index Name": "idx_votes_userid", "Relation Name": "votes", "Schema": "public", "Alias": "v", "Startup Cost": 0.29, "Total Cost": 6320.15, "Plan Rows": 609, "Plan Width": 4, "Actual Startup Time": 0.019, "Actual Total Time": 9.473, "Actual Rows": 402, "Actual Loops": 1, "Output": ["v.id", "v.postid", "v.votetypeid", "v.creationdate", "v.userid", "v.bountyamount"], "Filter": "(v.bountyamount <= 200)", "Rows Removed by Filter": 18043}, {"Node Type": "Index Scan", "Parent Relationship": "Inner", "Parallel Aware": false, "Scan Direction": "Forward", "Index Name": "users_pkey", "Relation Name": "users", "Schema": "public", "Alias": "u", "Startup Cost": 0.29, "Total Cost": 583.99, "Plan Rows": 14366, "Plan Width": 4, "Actual Startup Time": 0.011, "Actual Total Time": 2.478, "Actual Rows": 13824, "Actual Loops": 1, "Output": ["u.id", "u.reputation", "u.creationdate", "u.views", "u.upvotes", "u.downvotes"], "Filter": "((u.views >= 0) AND (u.views <= 58))", "Rows Removed by Filter": 564}]}, {"Node Type": "Index Scan", "Parent Relationship": "Inner", "Parallel Aware": false, "Scan Direction": "Forward", "Index Name": "idx_posts_owneruserid", "Relation Name": "posts", "Schema": "public", "Alias": "p", "Startup Cost": 0.29, "Total Cost": 0.56, "Plan Rows": 1, "Plan Width": 4, "Actual Startup Time": 0.007, "Actual Total Time": 0.012, "Actual Rows": 2, "Actual Loops": 170, "Output": ["p.id", "p.posttypeid", "p.creationdate", "p.score", "p.viewcount", "p.owneruserid", "p.answercount", "p.commentcount", "p.favoritecount", "p.lasteditoruserid"], "Index Cond": "(p.owneruserid = u.id)", "Rows Removed by Index Recheck": 0, "Filter": "((p.answercount <= 5) AND (p.favoritecount >= 0) AND (p.posttypeid = 1))", "Rows Removed by Filter": 11}]}, {"Node Type": "Index Scan", "Parent Relationship": "Inner", "Parallel Aware": false, "Scan Direction": "Forward", "Index Name": "idx_posthistory_userid", "Relation Name": "posthistory", "Schema": "public", "Alias": "ph", "Startup Cost": 0.29, "Total Cost": 1.04, "Plan Rows": 3, "Plan Width": 4, "Actual Startup Time": 0.003, "Actual Total Time": 0.013, "Actual Rows": 8, "Actual Loops": 348, "Output": ["ph.id", "ph.posthistorytypeid", "ph.postid", "ph.creationdate", "ph.userid"], "Index Cond": "(ph.userid = u.id)", "Rows Removed by Index Recheck": 0, "Filter": "((ph.creationdate <= '2014-07-28 03:46:50'::timestamp without time zone) AND (ph.posthistorytypeid = 3))", "Rows Removed by Filter": 27}]}, {"Node Type": "Index Scan", "Parent Relationship": "Inner", "Parallel Aware": false, "Scan Direction": "Forward", "Index Name": "idx_comments_userid", "Relation Name": "comments", "Schema": "public", "Alias": "c", "Startup Cost": 0.29, "Total Cost": 0.91, "Plan Rows": 19, "Plan Width": 4, "Actual Startup Time": 0.001, "Actual Total Time": 0.006, "Actual Rows": 20, "Actual Loops": 2613, "Output": ["c.id", "c.postid", "c.score", "c.creationdate", "c.userid"], "Index Cond": "(c.userid = u.id)", "Rows Removed by Index Recheck": 0, "Filter": "((c.creationdate >= '2009-04-12 07:48:50'::timestamp without time zone) AND (c.creationdate <= '2014-09-13 21:10:37'::timestamp without time zone))", "Rows Removed by Filter": 0}]}]}, "Planning Time": 2.489, "Triggers": [], "Execution Time": 39.407}]#####[{"Plan": {"Node Type": "Aggregate", "Strategy": "Plain", "Partial Mode": "Simple", "Parallel Aware": false, "Startup Cost": 17917.32, "Total Cost": 17917.33, "Plan Rows": 1, "Plan Width": 8, "Actual Startup Time": 274.496, "Actual Total Time": 274.503, "Actual Rows": 1, "Actual Loops": 1, "Output": ["count(*)"], "Plans": [{"Node Type": "Hash Join", "Parent Relationship": "Outer", "Parallel Aware": false, "Join Type": "Inner", "Startup Cost": 4562.99, "Total Cost": 5668.67, "Plan Rows": 4899460, "Plan Width": 0, "Actual Startup Time": 33.148, "Actual Total Time": 272.714, "Actual Rows": 51669, "Actual Loops": 1, "Inner Unique": false, "Hash Cond": "(p.owneruserid = u.id)", "Plans": [{"Node Type": "Nested Loop", "Parent Relationship": "Outer", "Parallel Aware": false, "Join Type": "Inner", "Startup Cost": 1140.04, "Total Cost": 2042.49, "Plan Rows": 3553, "Plan Width": 12, "Actual Startup Time": 6.689, "Actual Total Time": 240.152, "Actual Rows": 146390, "Actual Loops": 1, "Output": ["p.owneruserid", "ph.userid", "v.userid"], "Inner Unique": false, "Plans": [{"Node Type": "Merge Join", "Parent Relationship": "Outer", "Parallel Aware": false, "Join Type": "Inner", "Startup Cost": 1139.75, "Total Cost": 1748.25, "Plan Rows": 69, "Plan Width": 8, "Actual Startup Time": 6.675, "Actual Total Time": 17.547, "Actual Rows": 3384, "Actual Loops": 1, "Output": ["p.owneruserid", "v.userid"], "Inner Unique": false, "Merge Cond": "(v.userid = p.owneruserid)", "Plans": [{"Node Type": "Index Scan", "Parent Relationship": "Outer", "Parallel Aware": false, "Scan Direction": "Forward", "Index Name": "idx_votes_userid", "Relation Name": "votes", "Schema": "public", "Alias": "v", "Startup Cost": 0.29, "Total Cost": 6320.15, "Plan Rows": 609, "Plan Width": 4, "Actual Startup Time": 0.017, "Actual Total Time": 9.539, "Actual Rows": 402, "Actual Loops": 1, "Output": ["v.id", "v.postid", "v.votetypeid", "v.creationdate", "v.userid", "v.bountyamount"], "Filter": "(v.bountyamount <= 200)", "Rows Removed by Filter": 18043}, {"Node Type": "Sort", "Parent Relationship": "Inner", "Parallel Aware": false, "Startup Cost": 1139.46, "Total Cost": 1142.34, "Plan Rows": 1155, "Plan Width": 4, "Actual Startup Time": 6.592, "Actual Total Time": 7.286, "Actual Rows": 8963, "Actual Loops": 1, "Output": ["p.owneruserid"], "Sort Key": ["p.owneruserid"], "Sort Method": "quicksort", "Sort Space Used": 524, "Sort Space Type": "Memory", "Plans": [{"Node Type": "Seq Scan", "Parent Relationship": "Outer", "Parallel Aware": false, "Relation Name": "posts", "Schema": "public", "Alias": "p", "Startup Cost": 0.0, "Total Cost": 1080.7, "Plan Rows": 1155, "Plan Width": 4, "Actual Startup Time": 0.008, "Actual Total Time": 5.339, "Actual Rows": 7145, "Actual Loops": 1, "Output": ["p.owneruserid"], "Filter": "((p.answercount <= 5) AND (p.favoritecount >= 0) AND (p.posttypeid = 1))", "Rows Removed by Filter": 34038}]}]}, {"Node Type": "Index Scan", "Parent Relationship": "Inner", "Parallel Aware": false, "Scan Direction": "Forward", "Index Name": "idx_posthistory_userid", "Relation Name": "posthistory", "Schema": "public", "Alias": "ph", "Startup Cost": 0.29, "Total Cost": 4.23, "Plan Rows": 3, "Plan Width": 4, "Actual Startup Time": 0.002, "Actual Total Time": 0.063, "Actual Rows": 43, "Actual Loops": 3384, "Output": ["ph.id", "ph.posthistorytypeid", "ph.postid", "ph.creationdate", "ph.userid"], "Index Cond": "(ph.userid = p.owneruserid)", "Rows Removed by Index Recheck": 0, "Filter": "((ph.creationdate <= '2014-07-28 03:46:50'::timestamp without time zone) AND (ph.posthistorytypeid = 3))", "Rows Removed by Filter": 343}]}, {"Node Type": "Hash", "Parent Relationship": "Inner", "Parallel Aware": false, "Startup Cost": 2495.04, "Total Cost": 2495.04, "Plan Rows": 74233, "Plan Width": 8, "Actual Startup Time": 21.971, "Actual Total Time": 21.974, "Actual Rows": 20550, "Actual Loops": 1, "Output": ["c.userid", "u.id"], "Hash Buckets": 131072, "Original Hash Buckets": 131072, "Hash Batches": 1, "Original Hash Batches": 1, "Peak Memory Usage": 1827, "Plans": [{"Node Type": "Hash Join", "Parent Relationship": "Outer", "Parallel Aware": false, "Join Type": "Inner", "Startup Cost": 513.6, "Total Cost": 2495.04, "Plan Rows": 74233, "Plan Width": 8, "Actual Startup Time": 3.271, "Actual Total Time": 19.665, "Actual Rows": 20550, "Actual Loops": 1, "Output": ["c.userid", "u.id"], "Inner Unique": true, "Hash Cond": "(c.userid = u.id)", "Plans": [{"Node Type": "Seq Scan", "Parent Relationship": "Outer", "Parallel Aware": false, "Relation Name": "comments", "Schema": "public", "Alias": "c", "Startup Cost": 0.0, "Total Cost": 1773.36, "Plan Rows": 79249, "Plan Width": 4, "Actual Startup Time": 0.008, "Actual Total Time": 9.257, "Actual Rows": 79338, "Actual Loops": 1, "Output": ["c.id", "c.postid", "c.score", "c.creationdate", "c.userid"], "Filter": "((c.creationdate >= '2009-04-12 07:48:50'::timestamp without time zone) AND (c.creationdate <= '2014-09-13 21:10:37'::timestamp without time zone))", "Rows Removed by Filter": 19}, {"Node Type": "Hash", "Parent Relationship": "Inner", "Parallel Aware": false, "Startup Cost": 334.02, "Total Cost": 334.02, "Plan Rows": 14366, "Plan Width": 4, "Actual Startup Time": 3.212, "Actual Total Time": 3.213, "Actual Rows": 14366, "Actual Loops": 1, "Output": ["u.id"], "Hash Buckets": 16384, "Original Hash Buckets": 16384, "Hash Batches": 1, "Original Hash Batches": 1, "Peak Memory Usage": 634, "Plans": [{"Node Type": "Seq Scan", "Parent Relationship": "Outer", "Parallel Aware": false, "Relation Name": "users", "Schema": "public", "Alias": "u", "Startup Cost": 0.0, "Total Cost": 334.02, "Plan Rows": 14366, "Plan Width": 4, "Actual Startup Time": 0.006, "Actual Total Time": 1.918, "Actual Rows": 14366, "Actual Loops": 1, "Output": ["u.id"], "Filter": "((u.views >= 0) AND (u.views <= 58))", "Rows Removed by Filter": 569}]}]}]}]}]}, "Planning Time": 4.329, "Triggers": [], "Execution Time": 274.754}]
[{"Plan": {"Node Type": "Aggregate", "Strategy": "Plain", "Partial Mode": "Simple", "Parallel Aware": false, "Startup Cost": 7289.99, "Total Cost": 7290.0, "Plan Rows": 1, "Plan Width": 8, "Actual Startup Time": 33.992, "Actual Total Time": 33.996, "Actual Rows": 1, "Actual Loops": 1, "Output": ["count(*)"], "Plans": [{"Node Type": "Hash Join", "Parent Relationship": "Outer", "Parallel Aware": false, "Join Type": "Inner", "Startup Cost": 3027.39, "Total Cost": 7287.28, "Plan Rows": 1083, "Plan Width": 0, "Actual Startup Time": 18.65, "Actual Total Time": 33.948, "Actual Rows": 777, "Actual Loops": 1, "Inner Unique": false, "Hash Cond": "(v.postid = c.postid)", "Plans": [{"Node Type": "Seq Scan", "Parent Relationship": "Outer", "Parallel Aware": false, "Relation Name": "votes", "Schema": "public", "Alias": "v", "Startup Cost": 0.0, "Total Cost": 3939.08, "Plan Rows": 6799, "Plan Width": 4, "Actual Startup Time": 0.14, "Actual Total Time": 14.666, "Actual Rows": 7027, "Actual Loops": 1, "Output": ["v.id", "v.postid", "v.votetypeid", "v.creationdate", "v.userid", "v.bountyamount"], "Filter": "((v.creationdate >= '2010-07-23 00:00:00'::timestamp without time zone) AND (v.creationdate <= '2014-09-10 00:00:00'::timestamp without time zone) AND (v.votetypeid = 1))", "Rows Removed by Filter": 157206}, {"Node Type": "Hash", "Parent Relationship": "Inner", "Parallel Aware": false, "Startup Cost": 2520.76, "Total Cost": 2520.76, "Plan Rows": 40531, "Plan Width": 4, "Actual Startup Time": 18.307, "Actual Total Time": 18.309, "Actual Rows": 5246, "Actual Loops": 1, "Output": ["c.postid"], "Hash Buckets": 65536, "Original Hash Buckets": 65536, "Hash Batches": 1, "Original Hash Batches": 1, "Peak Memory Usage": 697, "Plans": [{"Node Type": "Hash Join", "Parent Relationship": "Outer", "Parallel Aware": false, "Join Type": "Inner", "Startup Cost": 548.74, "Total Cost": 2520.76, "Plan Rows": 40531, "Plan Width": 4, "Actual Startup Time": 3.456, "Actual Total Time": 17.664, "Actual Rows": 5246, "Actual Loops": 1, "Output": ["c.postid"], "Inner Unique": true, "Hash Cond": "(c.userid = u.id)", "Plans": [{"Node Type": "Seq Scan", "Parent Relationship": "Outer", "Parallel Aware": false, "Relation Name": "comments", "Schema": "public", "Alias": "c", "Startup Cost": 0.0, "Total Cost": 1773.36, "Plan Rows": 75660, "Plan Width": 8, "Actual Startup Time": 0.325, "Actual Total Time": 9.163, "Actual Rows": 75659, "Actual Loops": 1, "Output": ["c.id", "c.postid", "c.score", "c.creationdate", "c.userid"], "Filter": "((c.creationdate >= '2010-10-01 09:40:13'::timestamp without time zone) AND (c.creationdate <= '2014-09-13 08:08:01'::timestamp without time zone))", "Rows Removed by Filter": 3698}, {"Node Type": "Hash", "Parent Relationship": "Inner", "Parallel Aware": false, "Startup Cost": 446.04, "Total Cost": 446.04, "Plan Rows": 8216, "Plan Width": 4, "Actual Startup Time": 3.077, "Actual Total Time": 3.078, "Actual Rows": 9652, "Actual Loops": 1, "Output": ["u.id"], "Hash Buckets": 16384, "Original Hash Buckets": 16384, "Hash Batches": 1, "Original Hash Batches": 1, "Peak Memory Usage": 468, "Plans": [{"Node Type": "Seq Scan", "Parent Relationship": "Outer", "Parallel Aware": false, "Relation Name": "users", "Schema": "public", "Alias": "u", "Startup Cost": 0.0, "Total Cost": 446.04, "Plan Rows": 8216, "Plan Width": 4, "Actual Startup Time": 0.007, "Actual Total Time": 2.168, "Actual Rows": 9652, "Actual Loops": 1, "Output": ["u.id"], "Filter": "((u.views >= 0) AND (u.views <= 11) AND (u.downvotes >= 0) AND (u.downvotes <= 0) AND (u.upvotes = 0))", "Rows Removed by Filter": 5283}]}]}]}]}]}, "Planning Time": 1.012, "Triggers": [], "Execution Time": 34.109}]#####[{"Plan": {"Node Type": "Aggregate", "Strategy": "Plain", "Partial Mode": "Simple", "Parallel Aware": false, "Startup Cost": 4672.23, "Total Cost": 4672.24, "Plan Rows": 1, "Plan Width": 8, "Actual Startup Time": 31.13, "Actual Total Time": 31.134, "Actual Rows": 1, "Actual Loops": 1, "Output": ["count(*)"], "Plans": [{"Node Type": "Nested Loop", "Parent Relationship": "Outer", "Parallel Aware": false, "Join Type": "Inner", "Startup Cost": 549.03, "Total Cost": 4645.14, "Plan Rows": 10834, "Plan Width": 0, "Actual Startup Time": 3.679, "Actual Total Time": 31.066, "Actual Rows": 777, "Actual Loops": 1, "Inner Unique": false, "Plans": [{"Node Type": "Hash Join", "Parent Relationship": "Outer", "Parallel Aware": false, "Join Type": "Inner", "Startup Cost": 548.74, "Total Cost": 2520.76, "Plan Rows": 4053, "Plan Width": 4, "Actual Startup Time": 3.441, "Actual Total Time": 17.662, "Actual Rows": 5246, "Actual Loops": 1, "Output": ["c.postid"], "Inner Unique": true, "Hash Cond": "(c.userid = u.id)", "Plans": [{"Node Type": "Seq Scan", "Parent Relationship": "Outer", "Parallel Aware": false, "Relation Name": "comments", "Schema": "public", "Alias": "c", "Startup Cost": 0.0, "Total Cost": 1773.36, "Plan Rows": 75660, "Plan Width": 8, "Actual Startup Time": 0.329, "Actual Total Time": 9.119, "Actual Rows": 75659, "Actual Loops": 1, "Output": ["c.id", "c.postid", "c.score", "c.creationdate", "c.userid"], "Filter": "((c.creationdate >= '2010-10-01 09:40:13'::timestamp without time zone) AND (c.creationdate <= '2014-09-13 08:08:01'::timestamp without time zone))", "Rows Removed by Filter": 3698}, {"Node Type": "Hash", "Parent Relationship": "Inner", "Parallel Aware": false, "Startup Cost": 446.04, "Total Cost": 446.04, "Plan Rows": 8216, "Plan Width": 4, "Actual Startup Time": 3.045, "Actual Total Time": 3.046, "Actual Rows": 9652, "Actual Loops": 1, "Output": ["u.id"], "Hash Buckets": 16384, "Original Hash Buckets": 16384, "Hash Batches": 1, "Original Hash Batches": 1, "Peak Memory Usage": 468, "Plans": [{"Node Type": "Seq Scan", "Parent Relationship": "Outer", "Parallel Aware": false, "Relation Name": "users", "Schema": "public", "Alias": "u", "Startup Cost": 0.0, "Total Cost": 446.04, "Plan Rows": 8216, "Plan Width": 4, "Actual Startup Time": 0.009, "Actual Total Time": 2.173, "Actual Rows": 9652, "Actual Loops": 1, "Output": ["u.id"], "Filter": "((u.views >= 0) AND (u.views <= 11) AND (u.downvotes >= 0) AND (u.downvotes <= 0) AND (u.upvotes = 0))", "Rows Removed by Filter": 5283}]}]}, {"Node Type": "Index Scan", "Parent Relationship": "Inner", "Parallel Aware": false, "Scan Direction": "Forward", "Index Name": "idx_votes_postid", "Relation Name": "votes", "Schema": "public", "Alias": "v", "Startup Cost": 0.29, "Total Cost": 0.51, "Plan Rows": 1, "Plan Width": 4, "Actual Startup Time": 0.002, "Actual Total Time": 0.002, "Actual Rows": 0, "Actual Loops": 5246, "Output": ["v.id", "v.postid", "v.votetypeid", "v.creationdate", "v.userid", "v.bountyamount"], "Index Cond": "(v.postid = c.postid)", "Rows Removed by Index Recheck": 0, "Filter": "((v.creationdate >= '2010-07-23 00:00:00'::timestamp without time zone) AND (v.creationdate <= '2014-09-10 00:00:00'::timestamp without time zone) AND (v.votetypeid = 1))", "Rows Removed by Filter": 3}]}]}, "Planning Time": 1.008, "Triggers": [], "Execution Time": 31.204}]#####[{"Plan": {"Node Type": "Aggregate", "Strategy": "Plain", "Partial Mode": "Simple", "Parallel Aware": false, "Startup Cost": 13120.19, "Total Cost": 13120.2, "Plan Rows": 1, "Plan Width": 8, "Actual Startup Time": 40.132, "Actual Total Time": 40.137, "Actual Rows": 1, "Actual Loops": 1, "Output": ["count(*)"], "Plans": [{"Node Type": "Hash Join", "Parent Relationship": "Outer", "Parallel Aware": false, "Join Type": "Inner", "Startup Cost": 3267.84, "Total Cost": 13093.1, "Plan Rows": 10834, "Plan Width": 0, "Actual Startup Time": 21.929, "Actual Total Time": 40.086, "Actual Rows": 777, "Actual Loops": 1, "Inner Unique": true, "Hash Cond": "(c.userid = u.id)", "Plans": [{"Node Type": "Hash Join", "Parent Relationship": "Outer", "Parallel Aware": false, "Join Type": "Inner", "Startup Cost": 2719.11, "Total Cost": 7234.36, "Plan Rows": 2022300, "Plan Width": 4, "Actual Startup Time": 18.778, "Actual Total Time": 35.882, "Actual Rows": 15396, "Actual Loops": 1, "Output": ["c.userid"], "Inner Unique": false, "Hash Cond": "(v.postid = c.postid)", "Plans": [{"Node Type": "Seq Scan", "Parent Relationship": "Outer", "Parallel Aware": false, "Relation Name": "votes", "Schema": "public", "Alias": "v", "Startup Cost": 0.0, "Total Cost": 3939.08, "Plan Rows": 6799, "Plan Width": 4, "Actual Startup Time": 0.129, "Actual Total Time": 14.826, "Actual Rows": 7027, "Actual Loops": 1, "Output": ["v.id", "v.postid", "v.votetypeid", "v.creationdate", "v.userid", "v.bountyamount"], "Filter": "((v.creationdate >= '2010-07-23 00:00:00'::timestamp without time zone) AND (v.creationdate <= '2014-09-10 00:00:00'::timestamp without time zone) AND (v.votetypeid = 1))", "Rows Removed by Filter": 157206}, {"Node Type": "Hash", "Parent Relationship": "Inner", "Parallel Aware": false, "Startup Cost": 1773.36, "Total Cost": 1773.36, "Plan Rows": 75660, "Plan Width": 8, "Actual Startup Time": 18.281, "Actual Total Time": 18.282, "Actual Rows": 75659, "Actual Loops": 1, "Output": ["c.userid", "c.postid"], "Hash Buckets": 131072, "Original Hash Buckets": 131072, "Hash Batches": 1, "Original Hash Batches": 1, "Peak Memory Usage": 3973, "Plans": [{"Node Type": "Seq Scan", "Parent Relationship": "Outer", "Parallel Aware": false, "Relation Name": "comments", "Schema": "public", "Alias": "c", "Startup Cost": 0.0, "Total Cost": 1773.36, "Plan Rows": 75660, "Plan Width": 8, "Actual Startup Time": 0.312, "Actual Total Time": 10.596, "Actual Rows": 75659, "Actual Loops": 1, "Output": ["c.userid", "c.postid"], "Filter": "((c.creationdate >= '2010-10-01 09:40:13'::timestamp without time zone) AND (c.creationdate <= '2014-09-13 08:08:01'::timestamp without time zone))", "Rows Removed by Filter": 3698}]}]}, {"Node Type": "Hash", "Parent Relationship": "Inner", "Parallel Aware": false, "Startup Cost": 446.04, "Total Cost": 446.04, "Plan Rows": 8216, "Plan Width": 4, "Actual Startup Time": 3.074, "Actual Total Time": 3.075, "Actual Rows": 9652, "Actual Loops": 1, "Output": ["u.id"], "Hash Buckets": 16384, "Original Hash Buckets": 16384, "Hash Batches": 1, "Original Hash Batches": 1, "Peak Memory Usage": 468, "Plans": [{"Node Type": "Seq Scan", "Parent Relationship": "Outer", "Parallel Aware": false, "Relation Name": "users", "Schema": "public", "Alias": "u", "Startup Cost": 0.0, "Total Cost": 446.04, "Plan Rows": 8216, "Plan Width": 4, "Actual Startup Time": 0.009, "Actual Total Time": 2.189, "Actual Rows": 9652, "Actual Loops": 1, "Output": ["u.id"], "Filter": "((u.views >= 0) AND (u.views <= 11) AND (u.downvotes >= 0) AND (u.downvotes <= 0) AND (u.upvotes = 0))", "Rows Removed by Filter": 5283}]}]}]}, "Planning Time": 1.186, "Triggers": [], "Execution Time": 40.303}]
[{"Plan": {"Node Type": "Aggregate", "Strategy": "Plain", "Partial Mode": "Simple", "Parallel Aware": false, "Startup Cost": 177082.68, "Total Cost": 177082.69, "Plan Rows": 1, "Plan Width": 8, "Actual Startup Time": 394.536, "Actual Total Time": 394.543, "Actual Rows": 1, "Actual Loops": 1, "Output": ["count(*)"], "Plans": [{"Node Type": "Hash Join", "Parent Relationship": "Outer", "Parallel Aware": false, "Join Type": "Inner", "Startup Cost": 4800.43, "Total Cost": 62364.78, "Plan Rows": 45887157, "Plan Width": 0, "Actual Startup Time": 43.101, "Actual Total Time": 374.624, "Actual Rows": 580488, "Actual Loops": 1, "Inner Unique": false, "Hash Cond": "(c.userid = u.id)", "Plans": [{"Node Type": "Nested Loop", "Parent Relationship": "Outer", "Parallel Aware": false, "Join Type": "Inner", "Startup Cost": 0.29, "Total Cost": 6876.9, "Plan Rows": 600393, "Plan Width": 8, "Actual Startup Time": 0.086, "Actual Total Time": 260.166, "Actual Rows": 874689, "Actual Loops": 1, "Output": ["c.userid", "b.userid"], "Inner Unique": false, "Plans": [{"Node Type": "Seq Scan", "Parent Relationship": "Outer", "Parallel Aware": false, "Relation Name": "comments", "Schema": "public", "Alias": "c", "Startup Cost": 0.0, "Total Cost": 1574.96, "Plan Rows": 11576, "Plan Width": 4, "Actual Startup Time": 0.041, "Actual Total Time": 7.711, "Actual Rows": 11485, "Actual Loops": 1, "Output": ["c.id", "c.postid", "c.score", "c.creationdate", "c.userid"], "Filter": "(c.score = 1)", "Rows Removed by Filter": 67872}, {"Node Type": "Index Scan", "Parent Relationship": "Inner", "Parallel Aware": false, "Scan Direction": "Forward", "Index Name": "idx_badges_userid", "Relation Name": "badges", "Schema": "public", "Alias": "b", "Startup Cost": 0.29, "Total Cost": 0.43, "Plan Rows": 3, "Plan Width": 4, "Actual Startup Time": 0.001, "Actual Total Time": 0.017, "Actual Rows": 76, "Actual Loops": 11485, "Output": ["b.id", "b.userid", "b.date"], "Index Cond": "(b.userid = c.userid)", "Rows Removed by Index Recheck": 0, "Filter": "(b.date >= '2010-07-20 03:44:08'::timestamp without time zone)", "Rows Removed by Filter": 0}]}, {"Node Type": "Hash", "Parent Relationship": "Inner", "Parallel Aware": false, "Startup Cost": 3421.28, "Total Cost": 3421.28, "Plan Rows": 110309, "Plan Width": 8, "Actual Startup Time": 38.467, "Actual Total Time": 38.47, "Actual Rows": 49874, "Actual Loops": 1, "Output": ["ph.userid", "u.id"], "Hash Buckets": 131072, "Original Hash Buckets": 131072, "Hash Batches": 1, "Original Hash Batches": 1, "Peak Memory Usage": 2973, "Plans": [{"Node Type": "Hash Join", "Parent Relationship": "Outer", "Parallel Aware": false, "Join Type": "Inner", "Startup Cost": 507.06, "Total Cost": 3421.28, "Plan Rows": 110309, "Plan Width": 8, "Actual Startup Time": 5.115, "Actual Total Time": 33.109, "Actual Rows": 49874, "Actual Loops": 1, "Output": ["ph.userid", "u.id"], "Inner Unique": true, "Hash Cond": "(ph.userid = u.id)", "Plans": [{"Node Type": "Seq Scan", "Parent Relationship": "Outer", "Parallel Aware": false, "Relation Name": "posthistory", "Schema": "public", "Alias": "ph", "Startup Cost": 0.0, "Total Cost": 2572.93, "Plan Rows": 129981, "Plan Width": 4, "Actual Startup Time": 0.008, "Actual Total Time": 16.079, "Actual Rows": 129994, "Actual Loops": 1, "Output": ["ph.id", "ph.posthistorytypeid", "ph.postid", "ph.creationdate", "ph.userid"], "Filter": "(ph.creationdate <= '2014-08-20 15:40:32'::timestamp without time zone)", "Rows Removed by Filter": 0}, {"Node Type": "Hash", "Parent Relationship": "Inner", "Parallel Aware": false, "Startup Cost": 334.02, "Total Cost": 334.02, "Plan Rows": 13843, "Plan Width": 4, "Actual Startup Time": 4.44, "Actual Total Time": 4.442, "Actual Rows": 13948, "Actual Loops": 1, "Output": ["u.id"], "Hash Buckets": 16384, "Original Hash Buckets": 16384, "Hash Batches": 1, "Original Hash Batches": 1, "Peak Memory Usage": 619, "Plans": [{"Node Type": "Seq Scan", "Parent Relationship": "Outer", "Parallel Aware": false, "Relation Name": "users", "Schema": "public", "Alias": "u", "Startup Cost": 0.0, "Total Cost": 334.02, "Plan Rows": 13843, "Plan Width": 4, "Actual Startup Time": 0.074, "Actual Total Time": 2.745, "Actual Rows": 13948, "Actual Loops": 1, "Output": ["u.id"], "Filter": "((u.creationdate >= '2010-08-04 03:06:13'::timestamp without time zone) AND (u.downvotes = 0))", "Rows Removed by Filter": 987}]}]}]}]}]}, "Planning Time": 2.628, "Triggers": [], "Execution Time": 394.754}]#####[{"Plan": {"Node Type": "Aggregate", "Strategy": "Plain", "Partial Mode": "Simple", "Parallel Aware": false, "Startup Cost": 1158898.67, "Total Cost": 1158898.68, "Plan Rows": 1, "Plan Width": 8, "Actual Startup Time": 102.261, "Actual Total Time": 102.268, "Actual Rows": 1, "Actual Loops": 1, "Output": ["count(*)"], "Plans": [{"Node Type": "Hash Join", "Parent Relationship": "Outer", "Parallel Aware": false, "Join Type": "Inner", "Startup Cost": 3853.69, "Total Cost": 11719.73, "Plan Rows": 458871578, "Plan Width": 0, "Actual Startup Time": 21.113, "Actual Total Time": 79.425, "Actual Rows": 580488, "Actual Loops": 1, "Inner Unique": false, "Hash Cond": "(ph.userid = u.id)", "Plans": [{"Node Type": "Seq Scan", "Parent Relationship": "Outer", "Parallel Aware": false, "Relation Name": "posthistory", "Schema": "public", "Alias": "ph", "Startup Cost": 0.0, "Total Cost": 2572.93, "Plan Rows": 129981, "Plan Width": 4, "Actual Startup Time": 0.012, "Actual Total Time": 14.838, "Actual Rows": 129994, "Actual Loops": 1, "Output": ["ph.id", "ph.posthistorytypeid", "ph.postid", "ph.creationdate", "ph.userid"], "Filter": "(ph.creationdate <= '2014-08-20 15:40:32'::timestamp without time zone)", "Rows Removed by Filter": 0}, {"Node Type": "Hash", "Parent Relationship": "Inner", "Parallel Aware": false, "Startup Cost": 3176.31, "Total Cost": 3176.31, "Plan Rows": 54191, "Plan Width": 12, "Actual Startup Time": 20.335, "Actual Total Time": 20.34, "Actual Rows": 11624, "Actual Loops": 1, "Output": ["c.userid", "b.userid", "u.id"], "Hash Buckets": 65536, "Original Hash Buckets": 65536, "Hash Batches": 1, "Original Hash Batches": 1, "Peak Memory Usage": 1012, "Plans": [{"Node Type": "Hash Join", "Parent Relationship": "Outer", "Parallel Aware": false, "Join Type": "Inner", "Startup Cost": 2243.02, "Total Cost": 3176.31, "Plan Rows": 54191, "Plan Width": 12, "Actual Startup Time": 13.715, "Actual Total Time": 19.047, "Actual Rows": 11624, "Actual Loops": 1, "Output": ["c.userid", "b.userid", "u.id"], "Inner Unique": false, "Hash Cond": "(b.userid = u.id)", "Plans": [{"Node Type": "Seq Scan", "Parent Relationship": "Outer", "Parallel Aware": false, "Relation Name": "badges", "Schema": "public", "Alias": "b", "Startup Cost": 0.0, "Total Cost": 584.8, "Plan Rows": 32430, "Plan Width": 4, "Actual Startup Time": 0.041, "Actual Total Time": 2.927, "Actual Rows": 32366, "Actual Loops": 1, "Output": ["b.id", "b.userid", "b.date"], "Filter": "(b.date >= '2010-07-20 03:44:08'::timestamp without time zone)", "Rows Removed by Filter": 258}, {"Node Type": "Hash", "Parent Relationship": "Inner", "Parallel Aware": false, "Startup Cost": 2112.42, "Total Cost": 2112.42, "Plan Rows": 10448, "Plan Width": 8, "Actual Startup Time": 13.475, "Actual Total Time": 13.478, "Actual Rows": 1658, "Actual Loops": 1, "Output": ["c.userid", "u.id"], "Hash Buckets": 16384, "Original Hash Buckets": 16384, "Hash Batches": 1, "Original Hash Batches": 1, "Peak Memory Usage": 193, "Plans": [{"Node Type": "Hash Join", "Parent Relationship": "Outer", "Parallel Aware": false, "Join Type": "Inner", "Startup Cost": 507.06, "Total Cost": 2112.42, "Plan Rows": 10448, "Plan Width": 8, "Actual Startup Time": 4.696, "Actual Total Time": 13.229, "Actual Rows": 1658, "Actual Loops": 1, "Output": ["c.userid", "u.id"], "Inner Unique": true, "Hash Cond": "(c.userid = u.id)", "Plans": [{"Node Type": "Seq Scan", "Parent Relationship": "Outer", "Parallel Aware": false, "Relation Name": "comments", "Schema": "public", "Alias": "c", "Startup Cost": 0.0, "Total Cost": 1574.96, "Plan Rows": 11576, "Plan Width": 4, "Actual Startup Time": 0.008, "Actual Total Time": 7.458, "Actual Rows": 11485, "Actual Loops": 1, "Output": ["c.id", "c.postid", "c.score", "c.creationdate", "c.userid"], "Filter": "(c.score = 1)", "Rows Removed by Filter": 67872}, {"Node Type": "Hash", "Parent Relationship": "Inner", "Parallel Aware": false, "Startup Cost": 334.02, "Total Cost": 334.02, "Plan Rows": 13843, "Plan Width": 4, "Actual Startup Time": 4.465, "Actual Total Time": 4.466, "Actual Rows": 13948, "Actual Loops": 1, "Output": ["u.id"], "Hash Buckets": 16384, "Original Hash Buckets": 16384, "Hash Batches": 1, "Original Hash Batches": 1, "Peak Memory Usage": 619, "Plans": [{"Node Type": "Seq Scan", "Parent Relationship": "Outer", "Parallel Aware": false, "Relation Name": "users", "Schema": "public", "Alias": "u", "Startup Cost": 0.0, "Total Cost": 334.02, "Plan Rows": 13843, "Plan Width": 4, "Actual Startup Time": 0.091, "Actual Total Time": 2.736, "Actual Rows": 13948, "Actual Loops": 1, "Output": ["u.id"], "Filter": "((u.creationdate >= '2010-08-04 03:06:13'::timestamp without time zone) AND (u.downvotes = 0))", "Rows Removed by Filter": 987}]}]}]}]}]}]}]}, "Planning Time": 2.349, "Triggers": [], "Execution Time": 102.455}]#####[{"Plan": {"Node Type": "Aggregate", "Strategy": "Plain", "Partial Mode": "Simple", "Parallel Aware": false, "Startup Cost": 1244831.05, "Total Cost": 1244831.06, "Plan Rows": 1, "Plan Width": 8, "Actual Startup Time": 112.399, "Actual Total Time": 112.405, "Actual Rows": 1, "Actual Loops": 1, "Output": ["count(*)"], "Plans": [{"Node Type": "Hash Join", "Parent Relationship": "Outer", "Parallel Aware": false, "Join Type": "Inner", "Startup Cost": 45234.85, "Total Cost": 97652.11, "Plan Rows": 458871578, "Plan Width": 0, "Actual Startup Time": 30.125, "Actual Total Time": 88.689, "Actual Rows": 580488, "Actual Loops": 1, "Inner Unique": false, "Hash Cond": "(ph.userid = u.id)", "Plans": [{"Node Type": "Seq Scan", "Parent Relationship": "Outer", "Parallel Aware": false, "Relation Name": "posthistory", "Schema": "public", "Alias": "ph", "Startup Cost": 0.0, "Total Cost": 2572.93, "Plan Rows": 129981, "Plan Width": 4, "Actual Startup Time": 0.008, "Actual Total Time": 14.876, "Actual Rows": 129994, "Actual Loops": 1, "Output": ["ph.id", "ph.posthistorytypeid", "ph.postid", "ph.creationdate", "ph.userid"], "Filter": "(ph.creationdate <= '2014-08-20 15:40:32'::timestamp without time zone)", "Rows Removed by Filter": 0}, {"Node Type": "Hash", "Parent Relationship": "Inner", "Parallel Aware": false, "Startup Cost": 38460.93, "Total Cost": 38460.93, "Plan Rows": 541914, "Plan Width": 12, "Actual Startup Time": 26.855, "Actual Total Time": 26.858, "Actual Rows": 11624, "Actual Loops": 1, "Output": ["c.userid", "b.userid", "u.id"], "Hash Buckets": 1048576, "Original Hash Buckets": 1048576, "Hash Batches": 1, "Original Hash Batches": 1, "Peak Memory Usage": 8692, "Plans": [{"Node Type": "Merge Join", "Parent Relationship": "Outer", "Parallel Aware": false, "Join Type": "Inner", "Startup Cost": 2358.16, "Total Cost": 38460.93, "Plan Rows": 541914, "Plan Width": 12, "Actual Startup Time": 10.871, "Actual Total Time": 25.527, "Actual Rows": 11624, "Actual Loops": 1, "Output": ["c.userid", "b.userid", "u.id"], "Inner Unique": false, "Merge Cond": "(b.userid = u.id)", "Plans": [{"Node Type": "Index Scan", "Parent Relationship": "Outer", "Parallel Aware": false, "Scan Direction": "Forward", "Index Name": "idx_badges_userid", "Relation Name": "badges", "Schema": "public", "Alias": "b", "Startup Cost": 0.29, "Total Cost": 1260.24, "Plan Rows": 32430, "Plan Width": 4, "Actual Startup Time": 0.022, "Actual Total Time": 9.507, "Actual Rows": 32366, "Actual Loops": 1, "Output": ["b.id", "b.userid", "b.date"], "Filter": "(b.date >= '2010-07-20 03:44:08'::timestamp without time zone)", "Rows Removed by Filter": 258}, {"Node Type": "Materialize", "Parent Relationship": "Inner", "Parallel Aware": false, "Startup Cost": 2356.78, "Total Cost": 5747.71, "Plan Rows": 1044800, "Plan Width": 8, "Actual Startup Time": 8.791, "Actual Total Time": 13.602, "Actual Rows": 11641, "Actual Loops": 1, "Output": ["c.userid", "u.id"], "Plans": [{"Node Type": "Merge Join", "Parent Relationship": "Outer", "Parallel Aware": false, "Join Type": "Inner", "Startup Cost": 2356.78, "Total Cost": 3135.71, "Plan Rows": 1044800, "Plan Width": 8, "Actual Startup Time": 8.788, "Actual Total Time": 13.037, "Actual Rows": 1658, "Actual Loops": 1, "Output": ["c.userid", "u.id"], "Inner Unique": false, "Merge Cond": "(u.id = c.userid)", "Plans": [{"Node Type": "Index Scan", "Parent Relationship": "Outer", "Parallel Aware": false, "Scan Direction": "Forward", "Index Name": "users_pkey", "Relation Name": "users", "Schema": "public", "Alias": "u", "Startup Cost": 0.29, "Total Cost": 583.99, "Plan Rows": 13843, "Plan Width": 4, "Actual Startup Time": 0.093, "Actual Total Time": 2.748, "Actual Rows": 13947, "Actual Loops": 1, "Output": ["u.id", "u.reputation", "u.creationdate", "u.views", "u.upvotes", "u.downvotes"], "Filter": "((u.creationdate >= '2010-08-04 03:06:13'::timestamp without time zone) AND (u.downvotes = 0))", "Rows Removed by Filter": 987}, {"Node Type": "Sort", "Parent Relationship": "Inner", "Parallel Aware": false, "Startup Cost": 2356.28, "Total Cost": 2385.22, "Plan Rows": 11576, "Plan Width": 4, "Actual Startup Time": 8.531, "Actual Total Time": 9.111, "Actual Rows": 11184, "Actual Loops": 1, "Output": ["c.userid"], "Sort Key": ["c.userid"], "Sort Method": "quicksort", "Sort Space Used": 918, "Sort Space Type": "Memory", "Plans": [{"Node Type": "Seq Scan", "Parent Relationship": "Outer", "Parallel Aware": false, "Relation Name": "comments", "Schema": "public", "Alias": "c", "Startup Cost": 0.0, "Total Cost": 1574.96, "Plan Rows": 11576, "Plan Width": 4, "Actual Startup Time": 0.007, "Actual Total Time": 6.89, "Actual Rows": 11485, "Actual Loops": 1, "Output": ["c.userid"], "Filter": "(c.score = 1)", "Rows Removed by Filter": 67872}]}]}]}]}]}]}]}, "Planning Time": 1.944, "Triggers": [], "Execution Time": 113.304}]
[{"Plan": {"Node Type": "Aggregate", "Strategy": "Plain", "Partial Mode": "Simple", "Parallel Aware": false, "Startup Cost": 977.37, "Total Cost": 977.38, "Plan Rows": 1, "Plan Width": 8, "Actual Startup Time": 25.121, "Actual Total Time": 25.123, "Actual Rows": 1, "Actual Loops": 1, "Output": ["count(*)"], "Plans": [{"Node Type": "Nested Loop", "Parent Relationship": "Outer", "Parallel Aware": false, "Join Type": "Inner", "Startup Cost": 1.16, "Total Cost": 868.66, "Plan Rows": 43483, "Plan Width": 0, "Actual Startup Time": 3.766, "Actual Total Time": 24.477, "Actual Rows": 17467, "Actual Loops": 1, "Inner Unique": false, "Plans": [{"Node Type": "Merge Join", "Parent Relationship": "Outer", "Parallel Aware": false, "Join Type": "Inner", "Startup Cost": 0.87, "Total Cost": 794.87, "Plan Rows": 88, "Plan Width": 12, "Actual Startup Time": 3.747, "Actual Total Time": 21.4, "Actual Rows": 1246, "Actual Loops": 1, "Output": ["v.userid", "b.userid", "u.id"], "Inner Unique": true, "Merge Cond": "(v.userid = u.id)", "Plans": [{"Node Type": "Merge Join", "Parent Relationship": "Outer", "Parallel Aware": false, "Join Type": "Inner", "Startup Cost": 0.58, "Total Cost": 1444.85, "Plan Rows": 975, "Plan Width": 8, "Actual Startup Time": 0.339, "Actual Total Time": 17.76, "Actual Rows": 9703, "Actual Loops": 1, "Output": ["v.userid", "b.userid"], "Inner Unique": false, "Merge Cond": "(v.userid = b.userid)", "Plans": [{"Node Type": "Index Scan", "Parent Relationship": "Outer", "Parallel Aware": false, "Scan Direction": "Forward", "Index Name": "idx_votes_userid", "Relation Name": "votes", "Schema": "public", "Alias": "v", "Startup Cost": 0.29, "Total Cost": 6730.74, "Plan Rows": 621, "Plan Width": 4, "Actual Startup Time": 0.031, "Actual Total Time": 13.597, "Actual Rows": 406, "Actual Loops": 1, "Output": ["v.id", "v.postid", "v.votetypeid", "v.creationdate", "v.userid", "v.bountyamount"], "Filter": "((v.bountyamount >= 0) AND (v.creationdate >= '2010-07-23 00:00:00'::timestamp without time zone))", "Rows Removed by Filter": 18039}, {"Node Type": "Index Only Scan", "Parent Relationship": "Inner", "Parallel Aware": false, "Scan Direction": "Forward", "Index Name": "idx_badges_userid", "Relation Name": "badges", "Schema": "public", "Alias": "b", "Startup Cost": 0.29, "Total Cost": 713.65, "Plan Rows": 32624, "Plan Width": 4, "Actual Startup Time": 0.014, "Actual Total Time": 2.502, "Actual Rows": 37313, "Actual Loops": 1, "Output": ["b.userid"], "Heap Fetches": 0}]}, {"Node Type": "Index Scan", "Parent Relationship": "Inner", "Parallel Aware": false, "Scan Direction": "Forward", "Index Name": "users_pkey", "Relation Name": "users", "Schema": "public", "Alias": "u", "Startup Cost": 0.29, "Total Cost": 621.32, "Plan Rows": 14229, "Plan Width": 4, "Actual Startup Time": 0.013, "Actual Total Time": 2.73, "Actual Rows": 13806, "Actual Loops": 1, "Output": ["u.id", "u.reputation", "u.creationdate", "u.views", "u.upvotes", "u.downvotes"], "Filter": "((u.views >= 0) AND (u.views <= 57) AND (u.downvotes <= 6))", "Rows Removed by Filter": 582}]}, {"Node Type": "Index Only Scan", "Parent Relationship": "Inner", "Parallel Aware": false, "Scan Direction": "Forward", "Index Name": "idx_comments_userid", "Relation Name": "comments", "Schema": "public", "Alias": "c", "Startup Cost": 0.29, "Total Cost": 0.65, "Plan Rows": 19, "Plan Width": 4, "Actual Startup Time": 0.001, "Actual Total Time": 0.002, "Actual Rows": 14, "Actual Loops": 1246, "Output": ["c.userid"], "Index Cond": "(c.userid = u.id)", "Rows Removed by Index Recheck": 0, "Heap Fetches": 0}]}]}, "Planning Time": 1.529, "Triggers": [], "Execution Time": 25.202}]#####[{"Plan": {"Node Type": "Aggregate", "Strategy": "Plain", "Partial Mode": "Simple", "Parallel Aware": false, "Startup Cost": 4039.16, "Total Cost": 4039.17, "Plan Rows": 1, "Plan Width": 8, "Actual Startup Time": 26.679, "Actual Total Time": 26.682, "Actual Rows": 1, "Actual Loops": 1, "Output": ["count(*)"], "Plans": [{"Node Type": "Merge Join", "Parent Relationship": "Outer", "Parallel Aware": false, "Join Type": "Inner", "Startup Cost": 1.44, "Total Cost": 2952.06, "Plan Rows": 434839, "Plan Width": 0, "Actual Startup Time": 1.553, "Actual Total Time": 26.024, "Actual Rows": 17467, "Actual Loops": 1, "Inner Unique": false, "Merge Cond": "(u.id = c.userid)", "Plans": [{"Node Type": "Merge Join", "Parent Relationship": "Outer", "Parallel Aware": false, "Join Type": "Inner", "Startup Cost": 0.87, "Total Cost": 794.87, "Plan Rows": 8800, "Plan Width": 12, "Actual Startup Time": 1.431, "Actual Total Time": 16.925, "Actual Rows": 1246, "Actual Loops": 1, "Output": ["v.userid", "b.userid", "u.id"], "Inner Unique": true, "Merge Cond": "(v.userid = u.id)", "Plans": [{"Node Type": "Merge Join", "Parent Relationship": "Outer", "Parallel Aware": false, "Join Type": "Inner", "Startup Cost": 0.58, "Total Cost": 1444.85, "Plan Rows": 975, "Plan Width": 8, "Actual Startup Time": 0.113, "Actual Total Time": 13.351, "Actual Rows": 9703, "Actual Loops": 1, "Output": ["v.userid", "b.userid"], "Inner Unique": false, "Merge Cond": "(v.userid = b.userid)", "Plans": [{"Node Type": "Index Scan", "Parent Relationship": "Outer", "Parallel Aware": false, "Scan Direction": "Forward", "Index Name": "idx_votes_userid", "Relation Name": "votes", "Schema": "public", "Alias": "v", "Startup Cost": 0.29, "Total Cost": 6730.74, "Plan Rows": 621, "Plan Width": 4, "Actual Startup Time": 0.016, "Actual Total Time": 9.229, "Actual Rows": 406, "Actual Loops": 1, "Output": ["v.id", "v.postid", "v.votetypeid", "v.creationdate", "v.userid", "v.bountyamount"], "Filter": "((v.bountyamount >= 0) AND (v.creationdate >= '2010-07-23 00:00:00'::timestamp without time zone))", "Rows Removed by Filter": 18039}, {"Node Type": "Index Only Scan", "Parent Relationship": "Inner", "Parallel Aware": false, "Scan Direction": "Forward", "Index Name": "idx_badges_userid", "Relation Name": "badges", "Schema": "public", "Alias": "b", "Startup Cost": 0.29, "Total Cost": 713.65, "Plan Rows": 32624, "Plan Width": 4, "Actual Startup Time": 0.015, "Actual Total Time": 2.452, "Actual Rows": 37313, "Actual Loops": 1, "Output": ["b.userid"], "Heap Fetches": 0}]}, {"Node Type": "Index Scan", "Parent Relationship": "Inner", "Parallel Aware": false, "Scan Direction": "Forward", "Index Name": "users_pkey", "Relation Name": "users", "Schema": "public", "Alias": "u", "Startup Cost": 0.29, "Total Cost": 621.32, "Plan Rows": 14229, "Plan Width": 4, "Actual Startup Time": 0.013, "Actual Total Time": 2.649, "Actual Rows": 13806, "Actual Loops": 1, "Output": ["u.id", "u.reputation", "u.creationdate", "u.views", "u.upvotes", "u.downvotes"], "Filter": "((u.views >= 0) AND (u.views <= 57) AND (u.downvotes <= 6))", "Rows Removed by Filter": 582}]}, {"Node Type": "Index Only Scan", "Parent Relationship": "Inner", "Parallel Aware": false, "Scan Direction": "Forward", "Index Name": "idx_comments_userid", "Relation Name": "comments", "Schema": "public", "Alias": "c", "Startup Cost": 0.29, "Total Cost": 1526.65, "Plan Rows": 79357, "Plan Width": 4, "Actual Startup Time": 0.012, "Actual Total Time": 5.213, "Actual Rows": 92935, "Actual Loops": 1, "Output": ["c.userid"], "Heap Fetches": 0}]}]}, "Planning Time": 2.561, "Triggers": [], "Execution Time": 26.769}]
[{"Plan": {"Node Type": "Aggregate", "Strategy": "Plain", "Partial Mode": "Simple", "Parallel Aware": false, "Startup Cost": 33714.21, "Total Cost": 33714.22, "Plan Rows": 1, "Plan Width": 8, "Actual Startup Time": 45309.199, "Actual Total Time": 45309.206, "Actual Rows": 1, "Actual Loops": 1, "Output": ["count(*)"], "Plans": [{"Node Type": "Hash Join", "Parent Relationship": "Outer", "Parallel Aware": false, "Join Type": "Inner", "Startup Cost": 3891.26, "Total Cost": 32165.79, "Plan Rows": 619365, "Plan Width": 0, "Actual Startup Time": 24.362, "Actual Total Time": 28912.645, "Actual Rows": 482388310, "Actual Loops": 1, "Inner Unique": false, "Hash Cond": "(b.userid = u.id)", "Plans": [{"Node Type": "Nested Loop", "Parent Relationship": "Outer", "Parallel Aware": false, "Join Type": "Inner", "Startup Cost": 0.29, "Total Cost": 10049.09, "Plan Rows": 632093, "Plan Width": 8, "Actual Startup Time": 0.019, "Actual Total Time": 173.779, "Actual Rows": 1019250, "Actual Loops": 1, "Output": ["p.owneruserid", "b.userid"], "Inner Unique": false, "Plans": [{"Node Type": "Seq Scan", "Parent Relationship": "Outer", "Parallel Aware": false, "Relation Name": "posts", "Schema": "public", "Alias": "p", "Startup Cost": 0.0, "Total Cost": 874.79, "Plan Rows": 24190, "Plan Width": 4, "Actual Startup Time": 0.009, "Actual Total Time": 6.429, "Actual Rows": 24165, "Actual Loops": 1, "Output": ["p.id", "p.posttypeid", "p.creationdate", "p.score", "p.viewcount", "p.owneruserid", "p.answercount", "p.commentcount", "p.favoritecount", "p.lasteditoruserid"], "Filter": "(p.posttypeid = 2)", "Rows Removed by Filter": 17018}, {"Node Type": "Index Only Scan", "Parent Relationship": "Inner", "Parallel Aware": false, "Scan Direction": "Forward", "Index Name": "idx_badges_userid", "Relation Name": "badges", "Schema": "public", "Alias": "b", "Startup Cost": 0.29, "Total Cost": 0.35, "Plan Rows": 3, "Plan Width": 4, "Actual Startup Time": 0.001, "Actual Total Time": 0.004, "Actual Rows": 42, "Actual Loops": 24165, "Output": ["b.userid"], "Index Cond": "(b.userid = p.owneruserid)", "Rows Removed by Index Recheck": 0, "Heap Fetches": 0}]}, {"Node Type": "Hash", "Parent Relationship": "Inner", "Parallel Aware": false, "Startup Cost": 3446.02, "Total Cost": 3446.02, "Plan Rows": 35596, "Plan Width": 8, "Actual Startup Time": 24.109, "Actual Total Time": 24.113, "Actual Rows": 35222, "Actual Loops": 1, "Output": ["ph.userid", "u.id"], "Hash Buckets": 65536, "Original Hash Buckets": 65536, "Hash Batches": 1, "Original Hash Batches": 1, "Peak Memory Usage": 1888, "Plans": [{"Node Type": "Hash Join", "Parent Relationship": "Outer", "Parallel Aware": false, "Join Type": "Inner", "Startup Cost": 446.04, "Total Cost": 3446.02, "Plan Rows": 35596, "Plan Width": 8, "Actual Startup Time": 10.997, "Actual Total Time": 20.529, "Actual Rows": 35222, "Actual Loops": 1, "Output": ["ph.userid", "u.id"], "Inner Unique": true, "Hash Cond": "(ph.userid = u.id)", "Plans": [{"Node Type": "Seq Scan", "Parent Relationship": "Outer", "Parallel Aware": false, "Relation Name": "posthistory", "Schema": "public", "Alias": "ph", "Startup Cost": 0.0, "Total Cost": 2897.91, "Plan Rows": 38877, "Plan Width": 4, "Actual Startup Time": 7.914, "Actual Total Time": 12.728, "Actual Rows": 38580, "Actual Loops": 1, "Output": ["ph.id", "ph.posthistorytypeid", "ph.postid", "ph.creationdate", "ph.userid"], "Filter": "((ph.creationdate >= '2012-07-27 18:08:19'::timestamp without time zone) AND (ph.creationdate <= '2014-10-10 08:22:43'::timestamp without time zone))", "Rows Removed by Filter": 91414}, {"Node Type": "Hash", "Parent Relationship": "Inner", "Parallel Aware": false, "Startup Cost": 259.35, "Total Cost": 259.35, "Plan Rows": 14935, "Plan Width": 4, "Actual Startup Time": 3.024, "Actual Total Time": 3.025, "Actual Rows": 14935, "Actual Loops": 1, "Output": ["u.id"], "Hash Buckets": 16384, "Original Hash Buckets": 16384, "Hash Batches": 1, "Original Hash Batches": 1, "Peak Memory Usage": 654, "Plans": [{"Node Type": "Seq Scan", "Parent Relationship": "Outer", "Parallel Aware": false, "Relation Name": "users", "Schema": "public", "Alias": "u", "Startup Cost": 0.0, "Total Cost": 259.35, "Plan Rows": 14935, "Plan Width": 4, "Actual Startup Time": 0.007, "Actual Total Time": 1.69, "Actual Rows": 14935, "Actual Loops": 1, "Output": ["u.id"]}]}]}]}]}]}, "Planning Time": 1.532, "Triggers": [], "Execution Time": 45309.348}]#####[{"Plan": {"Node Type": "Aggregate", "Strategy": "Plain", "Partial Mode": "Simple", "Parallel Aware": false, "Startup Cost": 23163.28, "Total Cost": 23163.29, "Plan Rows": 1, "Plan Width": 8, "Actual Startup Time": 326770.809, "Actual Total Time": 326770.816, "Actual Rows": 1, "Actual Loops": 1, "Output": ["count(*)"], "Plans": [{"Node Type": "Nested Loop", "Parent Relationship": "Outer", "Parallel Aware": false, "Join Type": "Inner", "Startup Cost": 1679.39, "Total Cost": 7679.15, "Plan Rows": 6193652, "Plan Width": 0, "Actual Startup Time": 29.117, "Actual Total Time": 309737.815, "Actual Rows": 482388310, "Actual Loops": 1, "Inner Unique": false, "Plans": [{"Node Type": "Hash Join", "Parent Relationship": "Outer", "Parallel Aware": false, "Join Type": "Inner", "Startup Cost": 1679.1, "Total Cost": 2860.54, "Plan Rows": 5150, "Plan Width": 12, "Actual Startup Time": 24.464, "Actual Total Time": 235.059, "Actual Rows": 1019250, "Actual Loops": 1, "Output": ["p.owneruserid", "u.id", "b.userid"], "Inner Unique": false, "Hash Cond": "(b.userid = u.id)", "Plans": [{"Node Type": "Seq Scan", "Parent Relationship": "Outer", "Parallel Aware": false, "Relation Name": "badges", "Schema": "public", "Alias": "b", "Startup Cost": 0.0, "Total Cost": 503.24, "Plan Rows": 32624, "Plan Width": 4, "Actual Startup Time": 0.016, "Actual Total Time": 3.953, "Actual Rows": 32624, "Actual Loops": 1, "Output": ["b.id", "b.userid", "b.date"]}, {"Node Type": "Hash", "Parent Relationship": "Inner", "Parallel Aware": false, "Startup Cost": 1384.35, "Total Cost": 1384.35, "Plan Rows": 23580, "Plan Width": 8, "Actual Startup Time": 24.119, "Actual Total Time": 24.123, "Actual Rows": 23625, "Actual Loops": 1, "Output": ["p.owneruserid", "u.id"], "Hash Buckets": 32768, "Original Hash Buckets": 32768, "Hash Batches": 1, "Original Hash Batches": 1, "Peak Memory Usage": 1179, "Plans": [{"Node Type": "Hash Join", "Parent Relationship": "Outer", "Parallel Aware": false, "Join Type": "Inner", "Startup Cost": 446.04, "Total Cost": 1384.35, "Plan Rows": 23580, "Plan Width": 8, "Actual Startup Time": 8.112, "Actual Total Time": 20.527, "Actual Rows": 23625, "Actual Loops": 1, "Output": ["p.owneruserid", "u.id"], "Inner Unique": true, "Hash Cond": "(p.owneruserid = u.id)", "Plans": [{"Node Type": "Seq Scan", "Parent Relationship": "Outer", "Parallel Aware": false, "Relation Name": "posts", "Schema": "public", "Alias": "p", "Startup Cost": 0.0, "Total Cost": 874.79, "Plan Rows": 24190, "Plan Width": 4, "Actual Startup Time": 0.024, "Actual Total Time": 7.116, "Actual Rows": 24165, "Actual Loops": 1, "Output": ["p.id", "p.posttypeid", "p.creationdate", "p.score", "p.viewcount", "p.owneruserid", "p.answercount", "p.commentcount", "p.favoritecount", "p.lasteditoruserid"], "Filter": "(p.posttypeid = 2)", "Rows Removed by Filter": 17018}, {"Node Type": "Hash", "Parent Relationship": "Inner", "Parallel Aware": false, "Startup Cost": 259.35, "Total Cost": 259.35, "Plan Rows": 14935, "Plan Width": 4, "Actual Startup Time": 7.958, "Actual Total Time": 7.959, "Actual Rows": 14935, "Actual Loops": 1, "Output": ["u.id"], "Hash Buckets": 16384, "Original Hash Buckets": 16384, "Hash Batches": 1, "Original Hash Batches": 1, "Peak Memory Usage": 654, "Plans": [{"Node Type": "Seq Scan", "Parent Relationship": "Outer", "Parallel Aware": false, "Relation Name": "users", "Schema": "public", "Alias": "u", "Startup Cost": 0.0, "Total Cost": 259.35, "Plan Rows": 14935, "Plan Width": 4, "Actual Startup Time": 0.013, "Actual Total Time": 4.261, "Actual Rows": 14935, "Actual Loops": 1, "Output": ["u.id"]}]}]}]}]}, {"Node Type": "Index Scan", "Parent Relationship": "Inner", "Parallel Aware": false, "Scan Direction": "Forward", "Index Name": "idx_posthistory_userid", "Relation Name": "posthistory", "Schema": "public", "Alias": "ph", "Startup Cost": 0.29, "Total Cost": 0.88, "Plan Rows": 6, "Plan Width": 4, "Actual Startup Time": 0.198, "Actual Total Time": 0.279, "Actual Rows": 473, "Actual Loops": 1019250, "Output": ["ph.id", "ph.posthistorytypeid", "ph.postid", "ph.creationdate", "ph.userid"], "Index Cond": "(ph.userid = b.userid)", "Rows Removed by Index Recheck": 0, "Filter": "((ph.creationdate >= '2012-07-27 18:08:19'::timestamp without time zone) AND (ph.creationdate <= '2014-10-10 08:22:43'::timestamp without time zone))", "Rows Removed by Filter": 1457}]}]}, "Planning Time": 1.522, "Triggers": [], "Execution Time": 326771.028}]#####[{"Plan": {"Node Type": "Aggregate", "Strategy": "Plain", "Partial Mode": "Simple", "Parallel Aware": false, "Startup Cost": 136069.24, "Total Cost": 136069.25, "Plan Rows": 1, "Plan Width": 8, "Actual Startup Time": 72301.849, "Actual Total Time": 72301.853, "Actual Rows": 1, "Actual Loops": 1, "Output": ["count(*)"], "Plans": [{"Node Type": "Merge Join", "Parent Relationship": "Outer", "Parallel Aware": false, "Join Type": "Inner", "Startup Cost": 120.45, "Total Cost": 120585.11, "Plan Rows": 6193652, "Plan Width": 0, "Actual Startup Time": 10.04, "Actual Total Time": 52101.433, "Actual Rows": 482388310, "Actual Loops": 1, "Inner Unique": false, "Merge Cond": "(ph.userid = b.userid)", "Plans": [{"Node Type": "Index Scan", "Parent Relationship": "Outer", "Parallel Aware": false, "Scan Direction": "Forward", "Index Name": "idx_posthistory_userid", "Relation Name": "posthistory", "Schema": "public", "Alias": "ph", "Startup Cost": 0.29, "Total Cost": 5983.71, "Plan Rows": 38877, "Plan Width": 4, "Actual Startup Time": 2.923, "Actual Total Time": 45.414, "Actual Rows": 35229, "Actual Loops": 1, "Output": ["ph.id", "ph.posthistorytypeid", "ph.postid", "ph.creationdate", "ph.userid"], "Filter": "((ph.creationdate >= '2012-07-27 18:08:19'::timestamp without time zone) AND (ph.creationdate <= '2014-10-10 08:22:43'::timestamp without time zone))", "Rows Removed by Filter": 83474}, {"Node Type": "Materialize", "Parent Relationship": "Inner", "Parallel Aware": false, "Startup Cost": 3.47, "Total Cost": 80656.06, "Plan Rows": 51508, "Plan Width": 12, "Actual Startup Time": 0.437, "Actual Total Time": 14716.968, "Actual Rows": 482476102, "Actual Loops": 1, "Output": ["p.owneruserid", "u.id", "b.userid"], "Plans": [{"Node Type": "Merge Join", "Parent Relationship": "Outer", "Parallel Aware": false, "Join Type": "Inner", "Startup Cost": 3.47, "Total Cost": 80527.29, "Plan Rows": 51508, "Plan Width": 12, "Actual Startup Time": 0.433, "Actual Total Time": 153.662, "Actual Rows": 1019250, "Actual Loops": 1, "Output": ["p.owneruserid", "u.id", "b.userid"], "Inner Unique": false, "Merge Cond": "(b.userid = u.id)", "Plans": [{"Node Type": "Index Only Scan", "Parent Relationship": "Outer", "Parallel Aware": false, "Scan Direction": "Forward", "Index Name": "idx_badges_userid", "Relation Name": "badges", "Schema": "public", "Alias": "b", "Startup Cost": 0.29, "Total Cost": 713.65, "Plan Rows": 32624, "Plan Width": 4, "Actual Startup Time": 0.023, "Actual Total Time": 2.538, "Actual Rows": 32624, "Actual Loops": 1, "Output": ["b.userid"], "Heap Fetches": 0}, {"Node Type": "Materialize", "Parent Relationship": "Inner", "Parallel Aware": false, "Startup Cost": 0.57, "Total Cost": 8476.05, "Plan Rows": 2358000, "Plan Width": 8, "Actual Startup Time": 0.407, "Actual Total Time": 56.626, "Actual Rows": 1019437, "Actual Loops": 1, "Output": ["p.owneruserid", "u.id"], "Plans": [{"Node Type": "Merge Join", "Parent Relationship": "Outer", "Parallel Aware": false, "Join Type": "Inner", "Startup Cost": 0.57, "Total Cost": 2581.05, "Plan Rows": 2358000, "Plan Width": 8, "Actual Startup Time": 0.401, "Actual Total Time": 23.02, "Actual Rows": 23625, "Actual Loops": 1, "Output": ["p.owneruserid", "u.id"], "Inner Unique": true, "Merge Cond": "(p.owneruserid = u.id)", "Plans": [{"Node Type": "Index Scan", "Parent Relationship": "Outer", "Parallel Aware": false, "Scan Direction": "Forward", "Index Name": "idx_posts_owneruserid", "Relation Name": "posts", "Schema": "public", "Alias": "p", "Startup Cost": 0.29, "Total Cost": 1904.15, "Plan Rows": 24190, "Plan Width": 4, "Actual Startup Time": 0.37, "Actual Total Time": 17.877, "Actual Rows": 23635, "Actual Loops": 1, "Output": ["p.id", "p.posttypeid", "p.creationdate", "p.score", "p.viewcount", "p.owneruserid", "p.answercount", "p.commentcount", "p.favoritecount", "p.lasteditoruserid"], "Filter": "(p.posttypeid = 2)", "Rows Removed by Filter": 16506}, {"Node Type": "Index Only Scan", "Parent Relationship": "Inner", "Parallel Aware": false, "Scan Direction": "Forward", "Index Name": "users_pkey", "Relation Name": "users", "Schema": "public", "Alias": "u", "Startup Cost": 0.29, "Total Cost": 396.31, "Plan Rows": 14935, "Plan Width": 4, "Actual Startup Time": 0.028, "Actual Total Time": 1.611, "Actual Rows": 14935, "Actual Loops": 1, "Output": ["u.id"], "Heap Fetches": 0}]}]}]}]}]}]}, "Planning Time": 1.486, "Triggers": [], "Execution Time": 72303.01}]
[{"Plan": {"Node Type": "Aggregate", "Strategy": "Plain", "Partial Mode": "Simple", "Parallel Aware": false, "Startup Cost": 12470.36, "Total Cost": 12470.37, "Plan Rows": 1, "Plan Width": 8, "Actual Startup Time": 158.677, "Actual Total Time": 158.688, "Actual Rows": 1, "Actual Loops": 1, "Output": ["count(*)"], "Plans": [{"Node Type": "Hash Join", "Parent Relationship": "Outer", "Parallel Aware": false, "Join Type": "Inner", "Startup Cost": 7589.1, "Total Cost": 12239.94, "Plan Rows": 92168, "Plan Width": 0, "Actual Startup Time": 59.427, "Actual Total Time": 139.47, "Actual Rows": 577171, "Actual Loops": 1, "Inner Unique": false, "Hash Cond": "(p.owneruserid = u.id)", "Plans": [{"Node Type": "Hash Join", "Parent Relationship": "Outer", "Parallel Aware": false, "Join Type": "Inner", "Startup Cost": 6049.67, "Total Cost": 9744.31, "Plan Rows": 37143, "Plan Width": 4, "Actual Startup Time": 45.985, "Actual Total Time": 82.336, "Actual Rows": 114137, "Actual Loops": 1, "Output": ["p.owneruserid"], "Inner Unique": false, "Hash Cond": "(v.postid = p.id)", "Plans": [{"Node Type": "Seq Scan", "Parent Relationship": "Outer", "Parallel Aware": false, "Relation Name": "votes", "Schema": "public", "Alias": "v", "Startup Cost": 0.0, "Total Cost": 2707.33, "Plan Rows": 164233, "Plan Width": 4, "Actual Startup Time": 0.007, "Actual Total Time": 12.58, "Actual Rows": 164233, "Actual Loops": 1, "Output": ["v.id", "v.postid", "v.votetypeid", "v.creationdate", "v.userid", "v.bountyamount"]}, {"Node Type": "Hash", "Parent Relationship": "Inner", "Parallel Aware": false, "Startup Cost": 5933.25, "Total Cost": 5933.25, "Plan Rows": 9314, "Plan Width": 16, "Actual Startup Time": 45.924, "Actual Total Time": 45.93, "Actual Rows": 26010, "Actual Loops": 1, "Output": ["c.postid", "p.owneruserid", "p.id", "ph.postid"], "Hash Buckets": 32768, "Original Hash Buckets": 16384, "Hash Batches": 1, "Original Hash Batches": 1, "Peak Memory Usage": 1473, "Plans": [{"Node Type": "Hash Join", "Parent Relationship": "Outer", "Parallel Aware": false, "Join Type": "Inner", "Startup Cost": 3113.74, "Total Cost": 5933.25, "Plan Rows": 9314, "Plan Width": 16, "Actual Startup Time": 24.855, "Actual Total Time": 42.667, "Actual Rows": 26010, "Actual Loops": 1, "Output": ["c.postid", "p.owneruserid", "p.id", "ph.postid"], "Inner Unique": false, "Hash Cond": "(ph.postid = p.id)", "Plans": [{"Node Type": "Seq Scan", "Parent Relationship": "Outer", "Parallel Aware": false, "Relation Name": "posthistory", "Schema": "public", "Alias": "ph", "Startup Cost": 0.0, "Total Cost": 2572.93, "Plan Rows": 40918, "Plan Width": 4, "Actual Startup Time": 0.007, "Actual Total Time": 11.784, "Actual Rows": 41183, "Actual Loops": 1, "Output": ["ph.id", "ph.posthistorytypeid", "ph.postid", "ph.creationdate", "ph.userid"], "Filter": "(ph.posthistorytypeid = 2)", "Rows Removed by Filter": 88811}, {"Node Type": "Hash", "Parent Relationship": "Inner", "Parallel Aware": false, "Startup Cost": 2996.56, "Total Cost": 2996.56, "Plan Rows": 9374, "Plan Width": 12, "Actual Startup Time": 24.799, "Actual Total Time": 24.803, "Actual Rows": 26010, "Actual Loops": 1, "Output": ["c.postid", "p.owneruserid", "p.id"], "Hash Buckets": 32768, "Original Hash Buckets": 16384, "Hash Batches": 1, "Original Hash Batches": 1, "Peak Memory Usage": 1371, "Plans": [{"Node Type": "Hash Join", "Parent Relationship": "Outer", "Parallel Aware": false, "Join Type": "Inner", "Startup Cost": 1264.08, "Total Cost": 2996.56, "Plan Rows": 9374, "Plan Width": 12, "Actual Startup Time": 7.547, "Actual Total Time": 21.734, "Actual Rows": 26010, "Actual Loops": 1, "Output": ["c.postid", "p.owneruserid", "p.id"], "Inner Unique": true, "Hash Cond": "(c.postid = p.id)", "Plans": [{"Node Type": "Seq Scan", "Parent Relationship": "Outer", "Parallel Aware": false, "Relation Name": "comments", "Schema": "public", "Alias": "c", "Startup Cost": 0.0, "Total Cost": 1574.96, "Plan Rows": 60002, "Plan Width": 4, "Actual Startup Time": 0.006, "Actual Total Time": 8.381, "Actual Rows": 60206, "Actual Loops": 1, "Output": ["c.id", "c.postid", "c.score", "c.creationdate", "c.userid"], "Filter": "(c.score = 0)", "Rows Removed by Filter": 19151}, {"Node Type": "Hash", "Parent Relationship": "Inner", "Parallel Aware": false, "Startup Cost": 1183.66, "Total Cost": 1183.66, "Plan Rows": 6434, "Plan Width": 8, "Actual Startup Time": 7.511, "Actual Total Time": 7.512, "Actual Rows": 16168, "Actual Loops": 1, "Output": ["p.owneruserid", "p.id"], "Hash Buckets": 16384, "Original Hash Buckets": 8192, "Hash Batches": 1, "Original Hash Batches": 1, "Peak Memory Usage": 758, "Plans": [{"Node Type": "Seq Scan", "Parent Relationship": "Outer", "Parallel Aware": false, "Relation Name": "posts", "Schema": "public", "Alias": "p", "Startup Cost": 0.0, "Total Cost": 1183.66, "Plan Rows": 6434, "Plan Width": 8, "Actual Startup Time": 0.007, "Actual Total Time": 5.818, "Actual Rows": 16168, "Actual Loops": 1, "Output": ["p.owneruserid", "p.id"], "Filter": "((p.viewcount >= 0) AND (p.viewcount <= 8483) AND (p.answercount >= 0) AND (p.commentcount >= 0))", "Rows Removed by Filter": 25015}]}]}]}]}]}]}, {"Node Type": "Hash", "Parent Relationship": "Inner", "Parallel Aware": false, "Startup Cost": 1142.14, "Total Cost": 1142.14, "Plan Rows": 31783, "Plan Width": 8, "Actual Startup Time": 13.331, "Actual Total Time": 13.333, "Actual Rows": 25994, "Actual Loops": 1, "Output": ["b.userid", "u.id"], "Hash Buckets": 32768, "Original Hash Buckets": 32768, "Hash Batches": 1, "Original Hash Batches": 1, "Peak Memory Usage": 1272, "Plans": [{"Node Type": "Hash Join", "Parent Relationship": "Outer", "Parallel Aware": false, "Join Type": "Inner", "Startup Cost": 553.24, "Total Cost": 1142.14, "Plan Rows": 31783, "Plan Width": 8, "Actual Startup Time": 3.632, "Actual Total Time": 10.67, "Actual Rows": 25994, "Actual Loops": 1, "Output": ["b.userid", "u.id"], "Inner Unique": true, "Hash Cond": "(b.userid = u.id)", "Plans": [{"Node Type": "Seq Scan", "Parent Relationship": "Outer", "Parallel Aware": false, "Relation Name": "badges", "Schema": "public", "Alias": "b", "Startup Cost": 0.0, "Total Cost": 503.24, "Plan Rows": 32624, "Plan Width": 4, "Actual Startup Time": 0.005, "Actual Total Time": 1.892, "Actual Rows": 32624, "Actual Loops": 1, "Output": ["b.id", "b.userid", "b.date"]}, {"Node Type": "Hash", "Parent Relationship": "Inner", "Parallel Aware": false, "Startup Cost": 371.36, "Total Cost": 371.36, "Plan Rows": 14550, "Plan Width": 4, "Actual Startup Time": 3.577, "Actual Total Time": 3.578, "Actual Rows": 14663, "Actual Loops": 1, "Output": ["u.id"], "Hash Buckets": 16384, "Original Hash Buckets": 16384, "Hash Batches": 1, "Original Hash Batches": 1, "Peak Memory Usage": 644, "Plans": [{"Node Type": "Seq Scan", "Parent Relationship": "Outer", "Parallel Aware": false, "Relation Name": "users", "Schema": "public", "Alias": "u", "Startup Cost": 0.0, "Total Cost": 371.36, "Plan Rows": 14550, "Plan Width": 4, "Actual Startup Time": 0.007, "Actual Total Time": 2.246, "Actual Rows": 14663, "Actual Loops": 1, "Output": ["u.id"], "Filter": "((u.reputation <= 1443) AND (u.downvotes >= 0) AND (u.downvotes <= 3))", "Rows Removed by Filter": 272}]}]}]}]}]}, "Planning Time": 7.709, "Triggers": [], "Execution Time": 158.911}]#####[{"Plan": {"Node Type": "Aggregate", "Strategy": "Plain", "Partial Mode": "Simple", "Parallel Aware": false, "Startup Cost": 13337.92, "Total Cost": 13337.93, "Plan Rows": 1, "Plan Width": 8, "Actual Startup Time": 157.572, "Actual Total Time": 157.582, "Actual Rows": 1, "Actual Loops": 1, "Output": ["count(*)"], "Plans": [{"Node Type": "Hash Join", "Parent Relationship": "Outer", "Parallel Aware": false, "Join Type": "Inner", "Startup Cost": 10331.1, "Total Cost": 11033.72, "Plan Rows": 921681, "Plan Width": 0, "Actual Startup Time": 94.461, "Actual Total Time": 136.756, "Actual Rows": 577171, "Actual Loops": 1, "Inner Unique": false, "Hash Cond": "(b.userid = u.id)", "Plans": [{"Node Type": "Seq Scan", "Parent Relationship": "Outer", "Parallel Aware": false, "Relation Name": "badges", "Schema": "public", "Alias": "b", "Startup Cost": 0.0, "Total Cost": 503.24, "Plan Rows": 32624, "Plan Width": 4, "Actual Startup Time": 0.005, "Actual Total Time": 1.711, "Actual Rows": 32624, "Actual Loops": 1, "Output": ["b.id", "b.userid", "b.date"]}, {"Node Type": "Hash", "Parent Relationship": "Inner", "Parallel Aware": false, "Startup Cost": 10287.01, "Total Cost": 10287.01, "Plan Rows": 3527, "Plan Width": 8, "Actual Startup Time": 94.421, "Actual Total Time": 94.429, "Actual Rows": 85292, "Actual Loops": 1, "Output": ["p.owneruserid", "u.id"], "Hash Buckets": 131072, "Original Hash Buckets": 4096, "Hash Batches": 1, "Original Hash Batches": 1, "Peak Memory Usage": 4356, "Plans": [{"Node Type": "Hash Join", "Parent Relationship": "Outer", "Parallel Aware": false, "Join Type": "Inner", "Startup Cost": 6611.07, "Total Cost": 10287.01, "Plan Rows": 3527, "Plan Width": 8, "Actual Startup Time": 52.768, "Actual Total Time": 85.497, "Actual Rows": 85292, "Actual Loops": 1, "Output": ["p.owneruserid", "u.id"], "Inner Unique": false, "Hash Cond": "(v.postid = p.id)", "Plans": [{"Node Type": "Seq Scan", "Parent Relationship": "Outer", "Parallel Aware": false, "Relation Name": "votes", "Schema": "public", "Alias": "v", "Startup Cost": 0.0, "Total Cost": 2707.33, "Plan Rows": 164233, "Plan Width": 4, "Actual Startup Time": 0.007, "Actual Total Time": 9.142, "Actual Rows": 164233, "Actual Loops": 1, "Output": ["v.id", "v.postid", "v.votetypeid", "v.creationdate", "v.userid", "v.bountyamount"]}, {"Node Type": "Hash", "Parent Relationship": "Inner", "Parallel Aware": false, "Startup Cost": 6500.51, "Total Cost": 6500.51, "Plan Rows": 8845, "Plan Width": 20, "Actual Startup Time": 52.712, "Actual Total Time": 52.718, "Actual Rows": 22020, "Actual Loops": 1, "Output": ["c.postid", "p.owneruserid", "p.id", "ph.postid", "u.id"], "Hash Buckets": 32768, "Original Hash Buckets": 16384, "Hash Batches": 1, "Original Hash Batches": 1, "Peak Memory Usage": 1375, "Plans": [{"Node Type": "Hash Join", "Parent Relationship": "Outer", "Parallel Aware": false, "Join Type": "Inner", "Startup Cost": 3685.69, "Total Cost": 6500.51, "Plan Rows": 8845, "Plan Width": 20, "Actual Startup Time": 32.144, "Actual Total Time": 49.627, "Actual Rows": 22020, "Actual Loops": 1, "Output": ["c.postid", "p.owneruserid", "p.id", "ph.postid", "u.id"], "Inner Unique": false, "Hash Cond": "(ph.postid = p.id)", "Plans": [{"Node Type": "Seq Scan", "Parent Relationship": "Outer", "Parallel Aware": false, "Relation Name": "posthistory", "Schema": "public", "Alias": "ph", "Startup Cost": 0.0, "Total Cost": 2572.93, "Plan Rows": 40918, "Plan Width": 4, "Actual Startup Time": 0.007, "Actual Total Time": 11.755, "Actual Rows": 41183, "Actual Loops": 1, "Output": ["ph.id", "ph.posthistorytypeid", "ph.postid", "ph.creationdate", "ph.userid"], "Filter": "(ph.posthistorytypeid = 2)", "Rows Removed by Filter": 88811}, {"Node Type": "Hash", "Parent Relationship": "Inner", "Parallel Aware": false, "Startup Cost": 3574.42, "Total Cost": 3574.42, "Plan Rows": 8902, "Plan Width": 16, "Actual Startup Time": 32.09, "Actual Total Time": 32.095, "Actual Rows": 22020, "Actual Loops": 1, "Output": ["c.postid", "p.owneruserid", "p.id", "u.id"], "Hash Buckets": 32768, "Original Hash Buckets": 16384, "Hash Batches": 1, "Original Hash Batches": 1, "Peak Memory Usage": 1289, "Plans": [{"Node Type": "Hash Join", "Parent Relationship": "Outer", "Parallel Aware": false, "Join Type": "Inner", "Startup Cost": 1817.32, "Total Cost": 3574.42, "Plan Rows": 8902, "Plan Width": 16, "Actual Startup Time": 11.117, "Actual Total Time": 29.303, "Actual Rows": 22020, "Actual Loops": 1, "Output": ["c.postid", "p.owneruserid", "p.id", "u.id"], "Inner Unique": true, "Hash Cond": "(p.owneruserid = u.id)", "Plans": [{"Node Type": "Hash Join", "Parent Relationship": "Outer", "Parallel Aware": false, "Join Type": "Inner", "Startup Cost": 1264.08, "Total Cost": 2996.56, "Plan Rows": 9374, "Plan Width": 12, "Actual Startup Time": 7.512, "Actual Total Time": 22.363, "Actual Rows": 26010, "Actual Loops": 1, "Output": ["c.postid", "p.owneruserid", "p.id"], "Inner Unique": true, "Hash Cond": "(c.postid = p.id)", "Plans": [{"Node Type": "Seq Scan", "Parent Relationship": "Outer", "Parallel Aware": false, "Relation Name": "comments", "Schema": "public", "Alias": "c", "Startup Cost": 0.0, "Total Cost": 1574.96, "Plan Rows": 60002, "Plan Width": 4, "Actual Startup Time": 0.007, "Actual Total Time": 8.715, "Actual Rows": 60206, "Actual Loops": 1, "Output": ["c.id", "c.postid", "c.score", "c.creationdate", "c.userid"], "Filter": "(c.score = 0)", "Rows Removed by Filter": 19151}, {"Node Type": "Hash", "Parent Relationship": "Inner", "Parallel Aware": false, "Startup Cost": 1183.66, "Total Cost": 1183.66, "Plan Rows": 6434, "Plan Width": 8, "Actual Startup Time": 7.472, "Actual Total Time": 7.473, "Actual Rows": 16168, "Actual Loops": 1, "Output": ["p.owneruserid", "p.id"], "Hash Buckets": 16384, "Original Hash Buckets": 8192, "Hash Batches": 1, "Original Hash Batches": 1, "Peak Memory Usage": 758, "Plans": [{"Node Type": "Seq Scan", "Parent Relationship": "Outer", "Parallel Aware": false, "Relation Name": "posts", "Schema": "public", "Alias": "p", "Startup Cost": 0.0, "Total Cost": 1183.66, "Plan Rows": 6434, "Plan Width": 8, "Actual Startup Time": 0.006, "Actual Total Time": 5.813, "Actual Rows": 16168, "Actual Loops": 1, "Output": ["p.owneruserid", "p.id"], "Filter": "((p.viewcount >= 0) AND (p.viewcount <= 8483) AND (p.answercount >= 0) AND (p.commentcount >= 0))", "Rows Removed by Filter": 25015}]}]}, {"Node Type": "Hash", "Parent Relationship": "Inner", "Parallel Aware": false, "Startup Cost": 371.36, "Total Cost": 371.36, "Plan Rows": 14550, "Plan Width": 4, "Actual Startup Time": 3.559, "Actual Total Time": 3.56, "Actual Rows": 14663, "Actual Loops": 1, "Output": ["u.id"], "Hash Buckets": 16384, "Original Hash Buckets": 16384, "Hash Batches": 1, "Original Hash Batches": 1, "Peak Memory Usage": 644, "Plans": [{"Node Type": "Seq Scan", "Parent Relationship": "Outer", "Parallel Aware": false, "Relation Name": "users", "Schema": "public", "Alias": "u", "Startup Cost": 0.0, "Total Cost": 371.36, "Plan Rows": 14550, "Plan Width": 4, "Actual Startup Time": 0.006, "Actual Total Time": 2.226, "Actual Rows": 14663, "Actual Loops": 1, "Output": ["u.id"], "Filter": "((u.reputation <= 1443) AND (u.downvotes >= 0) AND (u.downvotes <= 3))", "Rows Removed by Filter": 272}]}]}]}]}]}]}]}]}]}, "Planning Time": 7.747, "Triggers": [], "Execution Time": 157.869}]#####[{"Plan": {"Node Type": "Aggregate", "Strategy": "Plain", "Partial Mode": "Simple", "Parallel Aware": false, "Startup Cost": 10869.23, "Total Cost": 10869.24, "Plan Rows": 1, "Plan Width": 8, "Actual Startup Time": 260.235, "Actual Total Time": 260.244, "Actual Rows": 1, "Actual Loops": 1, "Output": ["count(*)"], "Plans": [{"Node Type": "Nested Loop", "Parent Relationship": "Outer", "Parallel Aware": false, "Join Type": "Inner", "Startup Cost": 6611.37, "Total Cost": 8565.03, "Plan Rows": 921681, "Plan Width": 0, "Actual Startup Time": 52.592, "Actual Total Time": 239.152, "Actual Rows": 577171, "Actual Loops": 1, "Inner Unique": false, "Join Filter": "(p.id = v.postid)", "Rows Removed by Join Filter": 0, "Plans": [{"Node Type": "Hash Join", "Parent Relationship": "Outer", "Parallel Aware": false, "Join Type": "Inner", "Startup Cost": 6611.07, "Total Cost": 7429.86, "Plan Rows": 2311, "Plan Width": 12, "Actual Startup Time": 52.553, "Actual Total Time": 70.171, "Actual Rows": 124327, "Actual Loops": 1, "Output": ["c.postid", "p.id", "ph.postid"], "Inner Unique": false, "Hash Cond": "(b.userid = u.id)", "Plans": [{"Node Type": "Seq Scan", "Parent Relationship": "Outer", "Parallel Aware": false, "Relation Name": "badges", "Schema": "public", "Alias": "b", "Startup Cost": 0.0, "Total Cost": 503.24, "Plan Rows": 32624, "Plan Width": 4, "Actual Startup Time": 0.005, "Actual Total Time": 1.784, "Actual Rows": 32624, "Actual Loops": 1, "Output": ["b.id", "b.userid", "b.date"]}, {"Node Type": "Hash", "Parent Relationship": "Inner", "Parallel Aware": false, "Startup Cost": 6500.51, "Total Cost": 6500.51, "Plan Rows": 8845, "Plan Width": 20, "Actual Startup Time": 52.481, "Actual Total Time": 52.487, "Actual Rows": 22020, "Actual Loops": 1, "Output": ["c.postid", "p.owneruserid", "p.id", "ph.postid", "u.id"], "Hash Buckets": 32768, "Original Hash Buckets": 16384, "Hash Batches": 1, "Original Hash Batches": 1, "Peak Memory Usage": 1375, "Plans": [{"Node Type": "Hash Join", "Parent Relationship": "Outer", "Parallel Aware": false, "Join Type": "Inner", "Startup Cost": 3685.69, "Total Cost": 6500.51, "Plan Rows": 8845, "Plan Width": 20, "Actual Startup Time": 31.941, "Actual Total Time": 49.488, "Actual Rows": 22020, "Actual Loops": 1, "Output": ["c.postid", "p.owneruserid", "p.id", "ph.postid", "u.id"], "Inner Unique": false, "Hash Cond": "(ph.postid = p.id)", "Plans": [{"Node Type": "Seq Scan", "Parent Relationship": "Outer", "Parallel Aware": false, "Relation Name": "posthistory", "Schema": "public", "Alias": "ph", "Startup Cost": 0.0, "Total Cost": 2572.93, "Plan Rows": 40918, "Plan Width": 4, "Actual Startup Time": 0.007, "Actual Total Time": 11.769, "Actual Rows": 41183, "Actual Loops": 1, "Output": ["ph.id", "ph.posthistorytypeid", "ph.postid", "ph.creationdate", "ph.userid"], "Filter": "(ph.posthistorytypeid = 2)", "Rows Removed by Filter": 88811}, {"Node Type": "Hash", "Parent Relationship": "Inner", "Parallel Aware": false, "Startup Cost": 3574.42, "Total Cost": 3574.42, "Plan Rows": 8902, "Plan Width": 16, "Actual Startup Time": 31.883, "Actual Total Time": 31.888, "Actual Rows": 22020, "Actual Loops": 1, "Output": ["c.postid", "p.owneruserid", "p.id", "u.id"], "Hash Buckets": 32768, "Original Hash Buckets": 16384, "Hash Batches": 1, "Original Hash Batches": 1, "Peak Memory Usage": 1289, "Plans": [{"Node Type": "Hash Join", "Parent Relationship": "Outer", "Parallel Aware": false, "Join Type": "Inner", "Startup Cost": 1817.32, "Total Cost": 3574.42, "Plan Rows": 8902, "Plan Width": 16, "Actual Startup Time": 11.187, "Actual Total Time": 29.054, "Actual Rows": 22020, "Actual Loops": 1, "Output": ["c.postid", "p.owneruserid", "p.id", "u.id"], "Inner Unique": true, "Hash Cond": "(p.owneruserid = u.id)", "Plans": [{"Node Type": "Hash Join", "Parent Relationship": "Outer", "Parallel Aware": false, "Join Type": "Inner", "Startup Cost": 1264.08, "Total Cost": 2996.56, "Plan Rows": 9374, "Plan Width": 12, "Actual Startup Time": 7.514, "Actual Total Time": 22.132, "Actual Rows": 26010, "Actual Loops": 1, "Output": ["c.postid", "p.owneruserid", "p.id"], "Inner Unique": true, "Hash Cond": "(c.postid = p.id)", "Plans": [{"Node Type": "Seq Scan", "Parent Relationship": "Outer", "Parallel Aware": false, "Relation Name": "comments", "Schema": "public", "Alias": "c", "Startup Cost": 0.0, "Total Cost": 1574.96, "Plan Rows": 60002, "Plan Width": 4, "Actual Startup Time": 0.006, "Actual Total Time": 8.572, "Actual Rows": 60206, "Actual Loops": 1, "Output": ["c.id", "c.postid", "c.score", "c.creationdate", "c.userid"], "Filter": "(c.score = 0)", "Rows Removed by Filter": 19151}, {"Node Type": "Hash", "Parent Relationship": "Inner", "Parallel Aware": false, "Startup Cost": 1183.66, "Total Cost": 1183.66, "Plan Rows": 6434, "Plan Width": 8, "Actual Startup Time": 7.476, "Actual Total Time": 7.477, "Actual Rows": 16168, "Actual Loops": 1, "Output": ["p.owneruserid", "p.id"], "Hash Buckets": 16384, "Original Hash Buckets": 8192, "Hash Batches": 1, "Original Hash Batches": 1, "Peak Memory Usage": 758, "Plans": [{"Node Type": "Seq Scan", "Parent Relationship": "Outer", "Parallel Aware": false, "Relation Name": "posts", "Schema": "public", "Alias": "p", "Startup Cost": 0.0, "Total Cost": 1183.66, "Plan Rows": 6434, "Plan Width": 8, "Actual Startup Time": 0.007, "Actual Total Time": 5.787, "Actual Rows": 16168, "Actual Loops": 1, "Output": ["p.owneruserid", "p.id"], "Filter": "((p.viewcount >= 0) AND (p.viewcount <= 8483) AND (p.answercount >= 0) AND (p.commentcount >= 0))", "Rows Removed by Filter": 25015}]}]}, {"Node Type": "Hash", "Parent Relationship": "Inner", "Parallel Aware": false, "Startup Cost": 371.36, "Total Cost": 371.36, "Plan Rows": 14550, "Plan Width": 4, "Actual Startup Time": 3.627, "Actual Total Time": 3.627, "Actual Rows": 14663, "Actual Loops": 1, "Output": ["u.id"], "Hash Buckets": 16384, "Original Hash Buckets": 16384, "Hash Batches": 1, "Original Hash Batches": 1, "Peak Memory Usage": 644, "Plans": [{"Node Type": "Seq Scan", "Parent Relationship": "Outer", "Parallel Aware": false, "Relation Name": "users", "Schema": "public", "Alias": "u", "Startup Cost": 0.0, "Total Cost": 371.36, "Plan Rows": 14550, "Plan Width": 4, "Actual Startup Time": 0.007, "Actual Total Time": 2.254, "Actual Rows": 14663, "Actual Loops": 1, "Output": ["u.id"], "Filter": "((u.reputation <= 1443) AND (u.downvotes >= 0) AND (u.downvotes <= 3))", "Rows Removed by Filter": 272}]}]}]}]}]}]}, {"Node Type": "Index Only Scan", "Parent Relationship": "Inner", "Parallel Aware": false, "Scan Direction": "Forward", "Index Name": "idx_votes_postid", "Relation Name": "votes", "Schema": "public", "Alias": "v", "Startup Cost": 0.29, "Total Cost": 0.42, "Plan Rows": 6, "Plan Width": 4, "Actual Startup Time": 0.001, "Actual Total Time": 0.001, "Actual Rows": 5, "Actual Loops": 124327, "Output": ["v.postid"], "Index Cond": "(v.postid = c.postid)", "Rows Removed by Index Recheck": 0, "Heap Fetches": 0}]}]}, "Planning Time": 4.984, "Triggers": [], "Execution Time": 260.452}]
[{"Plan": {"Node Type": "Aggregate", "Strategy": "Plain", "Partial Mode": "Simple", "Parallel Aware": false, "Startup Cost": 4082.04, "Total Cost": 4082.05, "Plan Rows": 1, "Plan Width": 8, "Actual Startup Time": 28.959, "Actual Total Time": 28.964, "Actual Rows": 1, "Actual Loops": 1, "Output": ["count(*)"], "Plans": [{"Node Type": "Hash Join", "Parent Relationship": "Outer", "Parallel Aware": false, "Join Type": "Inner", "Startup Cost": 2010.78, "Total Cost": 3906.95, "Plan Rows": 70039, "Plan Width": 0, "Actual Startup Time": 11.305, "Actual Total Time": 27.035, "Actual Rows": 51757, "Actual Loops": 1, "Inner Unique": false, "Hash Cond": "(c.userid = u.id)", "Plans": [{"Node Type": "Seq Scan", "Parent Relationship": "Outer", "Parallel Aware": false, "Relation Name": "comments", "Schema": "public", "Alias": "c", "Startup Cost": 0.0, "Total Cost": 1574.96, "Plan Rows": 60002, "Plan Width": 4, "Actual Startup Time": 0.01, "Actual Total Time": 8.326, "Actual Rows": 60206, "Actual Loops": 1, "Output": ["c.id", "c.postid", "c.score", "c.creationdate", "c.userid"], "Filter": "(c.score = 0)", "Rows Removed by Filter": 19151}, {"Node Type": "Hash", "Parent Relationship": "Inner", "Parallel Aware": false, "Startup Cost": 1980.04, "Total Cost": 1980.04, "Plan Rows": 2459, "Plan Width": 8, "Actual Startup Time": 11.185, "Actual Total Time": 11.187, "Actual Rows": 4601, "Actual Loops": 1, "Output": ["p.owneruserid", "u.id"], "Hash Buckets": 8192, "Original Hash Buckets": 4096, "Hash Batches": 1, "Original Hash Batches": 1, "Peak Memory Usage": 244, "Plans": [{"Node Type": "Hash Join", "Parent Relationship": "Outer", "Parallel Aware": false, "Join Type": "Inner", "Startup Cost": 583.39, "Total Cost": 1980.04, "Plan Rows": 2459, "Plan Width": 8, "Actual Startup Time": 3.976, "Actual Total Time": 10.65, "Actual Rows": 4601, "Actual Loops": 1, "Output": ["p.owneruserid", "u.id"], "Inner Unique": true, "Hash Cond": "(p.owneruserid = u.id)", "Plans": [{"Node Type": "Seq Scan", "Parent Relationship": "Outer", "Parallel Aware": false, "Relation Name": "posts", "Schema": "public", "Alias": "p", "Startup Cost": 0.0, "Total Cost": 1389.58, "Plan Rows": 2696, "Plan Width": 4, "Actual Startup Time": 0.012, "Actual Total Time": 5.9, "Actual Rows": 6607, "Actual Loops": 1, "Output": ["p.id", "p.posttypeid", "p.creationdate", "p.score", "p.viewcount", "p.owneruserid", "p.answercount", "p.commentcount", "p.favoritecount", "p.lasteditoruserid"], "Filter": "((p.score >= '-1'::integer) AND (p.score <= 12) AND (p.answercount >= 0) AND (p.answercount <= 8) AND (p.favoritecount >= 0) AND (p.favoritecount <= 15))", "Rows Removed by Filter": 34576}, {"Node Type": "Hash", "Parent Relationship": "Inner", "Parallel Aware": false, "Startup Cost": 408.7, "Total Cost": 408.7, "Plan Rows": 13975, "Plan Width": 4, "Actual Startup Time": 3.794, "Actual Total Time": 3.795, "Actual Rows": 14087, "Actual Loops": 1, "Output": ["u.id"], "Hash Buckets": 16384, "Original Hash Buckets": 16384, "Hash Batches": 1, "Original Hash Batches": 1, "Peak Memory Usage": 624, "Plans": [{"Node Type": "Seq Scan", "Parent Relationship": "Outer", "Parallel Aware": false, "Relation Name": "users", "Schema": "public", "Alias": "u", "Startup Cost": 0.0, "Total Cost": 408.7, "Plan Rows": 13975, "Plan Width": 4, "Actual Startup Time": 0.064, "Actual Total Time": 2.455, "Actual Rows": 14087, "Actual Loops": 1, "Output": ["u.id"], "Filter": "((u.views <= 456) AND (u.downvotes <= 0) AND (u.creationdate >= '2010-07-27 09:47:14'::timestamp without time zone) AND (u.creationdate <= '2014-09-07 02:47:36'::timestamp without time zone))", "Rows Removed by Filter": 848}]}]}]}]}]}, "Planning Time": 0.983, "Triggers": [], "Execution Time": 29.049}]#####[{"Plan": {"Node Type": "Aggregate", "Strategy": "Plain", "Partial Mode": "Simple", "Parallel Aware": false, "Startup Cost": 3976.87, "Total Cost": 3976.88, "Plan Rows": 1, "Plan Width": 8, "Actual Startup Time": 37.43, "Actual Total Time": 37.434, "Actual Rows": 1, "Actual Loops": 1, "Output": ["count(*)"], "Plans": [{"Node Type": "Nested Loop", "Parent Relationship": "Outer", "Parallel Aware": false, "Join Type": "Inner", "Startup Cost": 583.68, "Total Cost": 2225.88, "Plan Rows": 700398, "Plan Width": 0, "Actual Startup Time": 4.849, "Actual Total Time": 35.262, "Actual Rows": 51757, "Actual Loops": 1, "Inner Unique": false, "Plans": [{"Node Type": "Hash Join", "Parent Relationship": "Outer", "Parallel Aware": false, "Join Type": "Inner", "Startup Cost": 583.39, "Total Cost": 1980.04, "Plan Rows": 245, "Plan Width": 8, "Actual Startup Time": 4.806, "Actual Total Time": 11.76, "Actual Rows": 4601, "Actual Loops": 1, "Output": ["p.owneruserid", "u.id"], "Inner Unique": true, "Hash Cond": "(p.owneruserid = u.id)", "Plans": [{"Node Type": "Seq Scan", "Parent Relationship": "Outer", "Parallel Aware": false, "Relation Name": "posts", "Schema": "public", "Alias": "p", "Startup Cost": 0.0, "Total Cost": 1389.58, "Plan Rows": 2696, "Plan Width": 4, "Actual Startup Time": 0.013, "Actual Total Time": 5.975, "Actual Rows": 6607, "Actual Loops": 1, "Output": ["p.id", "p.posttypeid", "p.creationdate", "p.score", "p.viewcount", "p.owneruserid", "p.answercount", "p.commentcount", "p.favoritecount", "p.lasteditoruserid"], "Filter": "((p.score >= '-1'::integer) AND (p.score <= 12) AND (p.answercount >= 0) AND (p.answercount <= 8) AND (p.favoritecount >= 0) AND (p.favoritecount <= 15))", "Rows Removed by Filter": 34576}, {"Node Type": "Hash", "Parent Relationship": "Inner", "Parallel Aware": false, "Startup Cost": 408.7, "Total Cost": 408.7, "Plan Rows": 13975, "Plan Width": 4, "Actual Startup Time": 4.578, "Actual Total Time": 4.579, "Actual Rows": 14087, "Actual Loops": 1, "Output": ["u.id"], "Hash Buckets": 16384, "Original Hash Buckets": 16384, "Hash Batches": 1, "Original Hash Batches": 1, "Peak Memory Usage": 624, "Plans": [{"Node Type": "Seq Scan", "Parent Relationship": "Outer", "Parallel Aware": false, "Relation Name": "users", "Schema": "public", "Alias": "u", "Startup Cost": 0.0, "Total Cost": 408.7, "Plan Rows": 13975, "Plan Width": 4, "Actual Startup Time": 0.058, "Actual Total Time": 2.927, "Actual Rows": 14087, "Actual Loops": 1, "Output": ["u.id"], "Filter": "((u.views <= 456) AND (u.downvotes <= 0) AND (u.creationdate >= '2010-07-27 09:47:14'::timestamp without time zone) AND (u.creationdate <= '2014-09-07 02:47:36'::timestamp without time zone))", "Rows Removed by Filter": 848}]}]}, {"Node Type": "Index Scan", "Parent Relationship": "Inner", "Parallel Aware": false, "Scan Direction": "Forward", "Index Name": "idx_comments_userid", "Relation Name": "comments", "Schema": "public", "Alias": "c", "Startup Cost": 0.29, "Total Cost": 0.86, "Plan Rows": 14, "Plan Width": 4, "Actual Startup Time": 0.001, "Actual Total Time": 0.004, "Actual Rows": 11, "Actual Loops": 4601, "Output": ["c.id", "c.postid", "c.score", "c.creationdate", "c.userid"], "Index Cond": "(c.userid = u.id)", "Rows Removed by Index Recheck": 0, "Filter": "(c.score = 0)", "Rows Removed by Filter": 1}]}]}, "Planning Time": 0.979, "Triggers": [], "Execution Time": 37.518}]
[{"Plan": {"Node Type": "Aggregate", "Strategy": "Plain", "Partial Mode": "Simple", "Parallel Aware": false, "Startup Cost": 76521.58, "Total Cost": 76521.59, "Plan Rows": 1, "Plan Width": 8, "Actual Startup Time": 64635.864, "Actual Total Time": 64635.87, "Actual Rows": 1, "Actual Loops": 1, "Output": ["count(*)"], "Plans": [{"Node Type": "Nested Loop", "Parent Relationship": "Outer", "Parallel Aware": false, "Join Type": "Inner", "Startup Cost": 1850.99, "Total Cost": 70588.19, "Plan Rows": 2373356, "Plan Width": 0, "Actual Startup Time": 17.904, "Actual Total Time": 55774.527, "Actual Rows": 251311857, "Actual Loops": 1, "Inner Unique": false, "Plans": [{"Node Type": "Hash Join", "Parent Relationship": "Outer", "Parallel Aware": false, "Join Type": "Inner", "Startup Cost": 1850.7, "Total Cost": 3187.28, "Plan Rows": 67022, "Plan Width": 12, "Actual Startup Time": 17.875, "Actual Total Time": 79.467, "Actual Rows": 367610, "Actual Loops": 1, "Output": ["p.owneruserid", "u.id", "b.userid"], "Inner Unique": false, "Hash Cond": "(b.userid = u.id)", "Plans": [{"Node Type": "Seq Scan", "Parent Relationship": "Outer", "Parallel Aware": false, "Relation Name": "badges", "Schema": "public", "Alias": "b", "Startup Cost": 0.0, "Total Cost": 503.24, "Plan Rows": 32624, "Plan Width": 4, "Actual Startup Time": 0.008, "Actual Total Time": 2.383, "Actual Rows": 32624, "Actual Loops": 1, "Output": ["b.id", "b.userid", "b.date"]}, {"Node Type": "Hash", "Parent Relationship": "Inner", "Parallel Aware": false, "Startup Cost": 1467.17, "Total Cost": 1467.17, "Plan Rows": 30682, "Plan Width": 8, "Actual Startup Time": 17.151, "Actual Total Time": 17.156, "Actual Rows": 22001, "Actual Loops": 1, "Output": ["p.owneruserid", "u.id"], "Hash Buckets": 32768, "Original Hash Buckets": 32768, "Hash Batches": 1, "Original Hash Batches": 1, "Peak Memory Usage": 1116, "Plans": [{"Node Type": "Hash Join", "Parent Relationship": "Outer", "Parallel Aware": false, "Join Type": "Inner", "Startup Cost": 498.69, "Total Cost": 1467.17, "Plan Rows": 30682, "Plan Width": 8, "Actual Startup Time": 4.837, "Actual Total Time": 14.859, "Actual Rows": 22001, "Actual Loops": 1, "Output": ["p.owneruserid", "u.id"], "Inner Unique": true, "Hash Cond": "(p.owneruserid = u.id)", "Plans": [{"Node Type": "Seq Scan", "Parent Relationship": "Outer", "Parallel Aware": false, "Relation Name": "posts", "Schema": "public", "Alias": "p", "Startup Cost": 0.0, "Total Cost": 874.79, "Plan Rows": 35686, "Plan Width": 4, "Actual Startup Time": 0.01, "Actual Total Time": 5.821, "Actual Rows": 35738, "Actual Loops": 1, "Output": ["p.id", "p.posttypeid", "p.creationdate", "p.score", "p.viewcount", "p.owneruserid", "p.answercount", "p.commentcount", "p.favoritecount", "p.lasteditoruserid"], "Filter": "(p.score >= 1)", "Rows Removed by Filter": 5445}, {"Node Type": "Hash", "Parent Relationship": "Inner", "Parallel Aware": false, "Startup Cost": 334.02, "Total Cost": 334.02, "Plan Rows": 13173, "Plan Width": 4, "Actual Startup Time": 4.592, "Actual Total Time": 4.593, "Actual Rows": 13175, "Actual Loops": 1, "Output": ["u.id"], "Hash Buckets": 16384, "Original Hash Buckets": 16384, "Hash Batches": 1, "Original Hash Batches": 1, "Peak Memory Usage": 592, "Plans": [{"Node Type": "Seq Scan", "Parent Relationship": "Outer", "Parallel Aware": false, "Relation Name": "users", "Schema": "public", "Alias": "u", "Startup Cost": 0.0, "Total Cost": 334.02, "Plan Rows": 13173, "Plan Width": 4, "Actual Startup Time": 0.237, "Actual Total Time": 2.821, "Actual Rows": 13175, "Actual Loops": 1, "Output": ["u.id"], "Filter": "((u.creationdate >= '2011-01-11 02:56:06'::timestamp without time zone) AND (u.creationdate <= '2013-10-11 10:44:00'::timestamp without time zone))", "Rows Removed by Filter": 1760}]}]}]}]}, {"Node Type": "Index Scan", "Parent Relationship": "Inner", "Parallel Aware": false, "Scan Direction": "Forward", "Index Name": "idx_posthistory_userid", "Relation Name": "posthistory", "Schema": "public", "Alias": "ph", "Startup Cost": 0.29, "Total Cost": 0.83, "Plan Rows": 18, "Plan Width": 4, "Actual Startup Time": 0.002, "Actual Total Time": 0.117, "Actual Rows": 684, "Actual Loops": 367610, "Output": ["ph.id", "ph.posthistorytypeid", "ph.postid", "ph.creationdate", "ph.userid"], "Index Cond": "(ph.userid = b.userid)", "Rows Removed by Index Recheck": 0, "Filter": "(ph.creationdate >= '2011-01-25 00:00:00'::timestamp without time zone)", "Rows Removed by Filter": 1}]}]}, "Planning Time": 1.531, "Triggers": [], "Execution Time": 64636.018}]#####[{"Plan": {"Node Type": "Aggregate", "Strategy": "Plain", "Partial Mode": "Simple", "Parallel Aware": false, "Startup Cost": 146383.71, "Total Cost": 146383.72, "Plan Rows": 1, "Plan Width": 8, "Actual Startup Time": 24361.294, "Actual Total Time": 24361.301, "Actual Rows": 1, "Actual Loops": 1, "Output": ["count(*)"], "Plans": [{"Node Type": "Hash Join", "Parent Relationship": "Outer", "Parallel Aware": false, "Join Type": "Inner", "Startup Cost": 4528.26, "Total Cost": 87049.79, "Plan Rows": 23733568, "Plan Width": 0, "Actual Startup Time": 52.547, "Actual Total Time": 15764.683, "Actual Rows": 251311857, "Actual Loops": 1, "Inner Unique": false, "Hash Cond": "(b.userid = u.id)", "Plans": [{"Node Type": "Nested Loop", "Parent Relationship": "Outer", "Parallel Aware": false, "Join Type": "Inner", "Startup Cost": 0.29, "Total Cost": 14302.61, "Plan Rows": 932488, "Plan Width": 8, "Actual Startup Time": 0.046, "Actual Total Time": 177.682, "Actual Rows": 1109232, "Actual Loops": 1, "Output": ["p.owneruserid", "b.userid"], "Inner Unique": false, "Plans": [{"Node Type": "Seq Scan", "Parent Relationship": "Outer", "Parallel Aware": false, "Relation Name": "posts", "Schema": "public", "Alias": "p", "Startup Cost": 0.0, "Total Cost": 874.79, "Plan Rows": 35686, "Plan Width": 4, "Actual Startup Time": 0.021, "Actual Total Time": 7.36, "Actual Rows": 35738, "Actual Loops": 1, "Output": ["p.id", "p.posttypeid", "p.creationdate", "p.score", "p.viewcount", "p.owneruserid", "p.answercount", "p.commentcount", "p.favoritecount", "p.lasteditoruserid"], "Filter": "(p.score >= 1)", "Rows Removed by Filter": 5445}, {"Node Type": "Index Only Scan", "Parent Relationship": "Inner", "Parallel Aware": false, "Scan Direction": "Forward", "Index Name": "idx_badges_userid", "Relation Name": "badges", "Schema": "public", "Alias": "b", "Startup Cost": 0.29, "Total Cost": 0.35, "Plan Rows": 3, "Plan Width": 4, "Actual Startup Time": 0.001, "Actual Total Time": 0.003, "Actual Rows": 31, "Actual Loops": 35738, "Output": ["b.userid"], "Index Cond": "(b.userid = p.owneruserid)", "Rows Removed by Index Recheck": 0, "Heap Fetches": 0}]}, {"Node Type": "Hash", "Parent Relationship": "Inner", "Parallel Aware": false, "Startup Cost": 3372.23, "Total Cost": 3372.23, "Plan Rows": 92460, "Plan Width": 8, "Actual Startup Time": 46.85, "Actual Total Time": 46.854, "Actual Rows": 71149, "Actual Loops": 1, "Output": ["ph.userid", "u.id"], "Hash Buckets": 131072, "Original Hash Buckets": 131072, "Hash Batches": 1, "Original Hash Batches": 1, "Peak Memory Usage": 3804, "Plans": [{"Node Type": "Hash Join", "Parent Relationship": "Outer", "Parallel Aware": false, "Join Type": "Inner", "Startup Cost": 498.69, "Total Cost": 3372.23, "Plan Rows": 92460, "Plan Width": 8, "Actual Startup Time": 9.606, "Actual Total Time": 38.798, "Actual Rows": 71149, "Actual Loops": 1, "Output": ["ph.userid", "u.id"], "Inner Unique": true, "Hash Cond": "(ph.userid = u.id)", "Plans": [{"Node Type": "Seq Scan", "Parent Relationship": "Outer", "Parallel Aware": false, "Relation Name": "posthistory", "Schema": "public", "Alias": "ph", "Startup Cost": 0.0, "Total Cost": 2572.93, "Plan Rows": 114490, "Plan Width": 4, "Actual Startup Time": 3.502, "Actual Total Time": 18.919, "Actual Rows": 114792, "Actual Loops": 1, "Output": ["ph.id", "ph.posthistorytypeid", "ph.postid", "ph.creationdate", "ph.userid"], "Filter": "(ph.creationdate >= '2011-01-25 00:00:00'::timestamp without time zone)", "Rows Removed by Filter": 15202}, {"Node Type": "Hash", "Parent Relationship": "Inner", "Parallel Aware": false, "Startup Cost": 334.02, "Total Cost": 334.02, "Plan Rows": 13173, "Plan Width": 4, "Actual Startup Time": 5.963, "Actual Total Time": 5.964, "Actual Rows": 13175, "Actual Loops": 1, "Output": ["u.id"], "Hash Buckets": 16384, "Original Hash Buckets": 16384, "Hash Batches": 1, "Original Hash Batches": 1, "Peak Memory Usage": 592, "Plans": [{"Node Type": "Seq Scan", "Parent Relationship": "Outer", "Parallel Aware": false, "Relation Name": "users", "Schema": "public", "Alias": "u", "Startup Cost": 0.0, "Total Cost": 334.02, "Plan Rows": 13173, "Plan Width": 4, "Actual Startup Time": 0.414, "Actual Total Time": 3.595, "Actual Rows": 13175, "Actual Loops": 1, "Output": ["u.id"], "Filter": "((u.creationdate >= '2011-01-11 02:56:06'::timestamp without time zone) AND (u.creationdate <= '2013-10-11 10:44:00'::timestamp without time zone))", "Rows Removed by Filter": 1760}]}]}]}]}]}, "Planning Time": 1.533, "Triggers": [], "Execution Time": 24361.621}]#####[{"Plan": {"Node Type": "Aggregate", "Strategy": "Plain", "Partial Mode": "Simple", "Parallel Aware": false, "Startup Cost": 230785.14, "Total Cost": 230785.15, "Plan Rows": 1, "Plan Width": 8, "Actual Startup Time": 64552.073, "Actual Total Time": 64552.076, "Actual Rows": 1, "Actual Loops": 1, "Output": ["count(*)"], "Plans": [{"Node Type": "Nested Loop", "Parent Relationship": "Outer", "Parallel Aware": false, "Join Type": "Inner", "Startup Cost": 4.47, "Total Cost": 171451.22, "Plan Rows": 23733568, "Plan Width": 0, "Actual Startup Time": 11.208, "Actual Total Time": 55478.893, "Actual Rows": 251311857, "Actual Loops": 1, "Inner Unique": false, "Plans": [{"Node Type": "Merge Join", "Parent Relationship": "Outer", "Parallel Aware": false, "Join Type": "Inner", "Startup Cost": 4.18, "Total Cost": 104050.31, "Plan Rows": 67022, "Plan Width": 12, "Actual Startup Time": 11.174, "Actual Total Time": 95.2, "Actual Rows": 367610, "Actual Loops": 1, "Output": ["p.owneruserid", "u.id", "b.userid"], "Inner Unique": false, "Merge Cond": "(b.userid = u.id)", "Plans": [{"Node Type": "Index Only Scan", "Parent Relationship": "Outer", "Parallel Aware": false, "Scan Direction": "Forward", "Index Name": "idx_badges_userid", "Relation Name": "badges", "Schema": "public", "Alias": "b", "Startup Cost": 0.29, "Total Cost": 713.65, "Plan Rows": 32624, "Plan Width": 4, "Actual Startup Time": 0.018, "Actual Total Time": 3.181, "Actual Rows": 32624, "Actual Loops": 1, "Output": ["b.userid"], "Heap Fetches": 0}, {"Node Type": "Materialize", "Parent Relationship": "Inner", "Parallel Aware": false, "Startup Cost": 0.57, "Total Cost": 10533.82, "Plan Rows": 3068200, "Plan Width": 8, "Actual Startup Time": 10.055, "Actual Total Time": 48.276, "Actual Rows": 367729, "Actual Loops": 1, "Output": ["p.owneruserid", "u.id"], "Plans": [{"Node Type": "Merge Join", "Parent Relationship": "Outer", "Parallel Aware": false, "Join Type": "Inner", "Startup Cost": 0.57, "Total Cost": 2863.32, "Plan Rows": 3068200, "Plan Width": 8, "Actual Startup Time": 10.05, "Actual Total Time": 28.695, "Actual Rows": 21996, "Actual Loops": 1, "Output": ["p.owneruserid", "u.id"], "Inner Unique": true, "Merge Cond": "(p.owneruserid = u.id)", "Plans": [{"Node Type": "Index Scan", "Parent Relationship": "Outer", "Parallel Aware": false, "Scan Direction": "Forward", "Index Name": "idx_posts_owneruserid", "Relation Name": "posts", "Schema": "public", "Alias": "p", "Startup Cost": 0.29, "Total Cost": 1904.15, "Plan Rows": 35686, "Plan Width": 4, "Actual Startup Time": 0.377, "Actual Total Time": 20.234, "Actual Rows": 34829, "Actual Loops": 1, "Output": ["p.id", "p.posttypeid", "p.creationdate", "p.score", "p.viewcount", "p.owneruserid", "p.answercount", "p.commentcount", "p.favoritecount", "p.lasteditoruserid"], "Filter": "(p.score >= 1)", "Rows Removed by Filter": 5298}, {"Node Type": "Index Scan", "Parent Relationship": "Inner", "Parallel Aware": false, "Scan Direction": "Forward", "Index Name": "users_pkey", "Relation Name": "users", "Schema": "public", "Alias": "u", "Startup Cost": 0.29, "Total Cost": 583.99, "Plan Rows": 13173, "Plan Width": 4, "Actual Startup Time": 0.473, "Actual Total Time": 3.459, "Actual Rows": 13174, "Actual Loops": 1, "Output": ["u.id", "u.reputation", "u.creationdate", "u.views", "u.upvotes", "u.downvotes"], "Filter": "((u.creationdate >= '2011-01-11 02:56:06'::timestamp without time zone) AND (u.creationdate <= '2013-10-11 10:44:00'::timestamp without time zone))", "Rows Removed by Filter": 1760}]}]}]}, {"Node Type": "Index Scan", "Parent Relationship": "Inner", "Parallel Aware": false, "Scan Direction": "Forward", "Index Name": "idx_posthistory_userid", "Relation Name": "posthistory", "Schema": "public", "Alias": "ph", "Startup Cost": 0.29, "Total Cost": 0.83, "Plan Rows": 18, "Plan Width": 4, "Actual Startup Time": 0.002, "Actual Total Time": 0.117, "Actual Rows": 684, "Actual Loops": 367610, "Output": ["ph.id", "ph.posthistorytypeid", "ph.postid", "ph.creationdate", "ph.userid"], "Index Cond": "(ph.userid = b.userid)", "Rows Removed by Index Recheck": 0, "Filter": "(ph.creationdate >= '2011-01-25 00:00:00'::timestamp without time zone)", "Rows Removed by Filter": 1}]}]}, "Planning Time": 1.514, "Triggers": [], "Execution Time": 64552.199}]
[{"Plan": {"Node Type": "Aggregate", "Strategy": "Plain", "Partial Mode": "Simple", "Parallel Aware": false, "Startup Cost": 29815.71, "Total Cost": 29815.72, "Plan Rows": 1, "Plan Width": 8, "Actual Startup Time": 458.195, "Actual Total Time": 458.205, "Actual Rows": 1, "Actual Loops": 1, "Output": ["count(*)"], "Plans": [{"Node Type": "Hash Join", "Parent Relationship": "Outer", "Parallel Aware": false, "Join Type": "Inner", "Startup Cost": 10088.76, "Total Cost": 27592.69, "Plan Rows": 889210, "Plan Width": 0, "Actual Startup Time": 102.244, "Actual Total Time": 381.404, "Actual Rows": 2248711, "Actual Loops": 1, "Inner Unique": false, "Hash Cond": "(p.owneruserid = u.id)", "Plans": [{"Node Type": "Hash Join", "Parent Relationship": "Outer", "Parallel Aware": false, "Join Type": "Inner", "Startup Cost": 8584.32, "Total Cost": 16747.83, "Plan Rows": 381385, "Plan Width": 4, "Actual Startup Time": 89.749, "Actual Total Time": 184.85, "Actual Rows": 955657, "Actual Loops": 1, "Output": ["p.owneruserid"], "Inner Unique": false, "Hash Cond": "(v.postid = p.id)", "Plans": [{"Node Type": "Seq Scan", "Parent Relationship": "Outer", "Parallel Aware": false, "Relation Name": "votes", "Schema": "public", "Alias": "v", "Startup Cost": 0.0, "Total Cost": 2707.33, "Plan Rows": 164233, "Plan Width": 4, "Actual Startup Time": 0.007, "Actual Total Time": 9.537, "Actual Rows": 164233, "Actual Loops": 1, "Output": ["v.id", "v.postid", "v.votetypeid", "v.creationdate", "v.userid", "v.bountyamount"]}, {"Node Type": "Hash", "Parent Relationship": "Inner", "Parallel Aware": false, "Startup Cost": 7388.87, "Total Cost": 7388.87, "Plan Rows": 95636, "Plan Width": 16, "Actual Startup Time": 89.396, "Actual Total Time": 89.402, "Actual Rows": 205145, "Actual Loops": 1, "Output": ["c.postid", "p.owneruserid", "p.id", "ph.postid"], "Hash Buckets": 262144, "Original Hash Buckets": 131072, "Hash Batches": 1, "Original Hash Batches": 1, "Peak Memory Usage": 11640, "Plans": [{"Node Type": "Hash Join", "Parent Relationship": "Outer", "Parallel Aware": false, "Join Type": "Inner", "Startup Cost": 3534.6, "Total Cost": 7388.87, "Plan Rows": 95636, "Plan Width": 16, "Actual Startup Time": 28.458, "Actual Total Time": 66.183, "Actual Rows": 205145, "Actual Loops": 1, "Output": ["c.postid", "p.owneruserid", "p.id", "ph.postid"], "Inner Unique": false, "Hash Cond": "(ph.postid = p.id)", "Plans": [{"Node Type": "Seq Scan", "Parent Relationship": "Outer", "Parallel Aware": false, "Relation Name": "posthistory", "Schema": "public", "Alias": "ph", "Startup Cost": 0.0, "Total Cost": 2247.94, "Plan Rows": 129994, "Plan Width": 4, "Actual Startup Time": 0.004, "Actual Total Time": 7.206, "Actual Rows": 129994, "Actual Loops": 1, "Output": ["ph.id", "ph.posthistorytypeid", "ph.postid", "ph.creationdate", "ph.userid"]}, {"Node Type": "Hash", "Parent Relationship": "Inner", "Parallel Aware": false, "Startup Cost": 3155.88, "Total Cost": 3155.88, "Plan Rows": 30298, "Plan Width": 12, "Actual Startup Time": 28.356, "Actual Total Time": 28.36, "Actual Rows": 34883, "Actual Loops": 1, "Output": ["c.postid", "p.owneruserid", "p.id"], "Hash Buckets": 65536, "Original Hash Buckets": 32768, "Hash Batches": 1, "Original Hash Batches": 1, "Peak Memory Usage": 2007, "Plans": [{"Node Type": "Hash Join", "Parent Relationship": "Outer", "Parallel Aware": false, "Join Type": "Inner", "Startup Cost": 1176.28, "Total Cost": 3155.88, "Plan Rows": 30298, "Plan Width": 12, "Actual Startup Time": 7.022, "Actual Total Time": 24.266, "Actual Rows": 34883, "Actual Loops": 1, "Output": ["c.postid", "p.owneruserid", "p.id"], "Inner Unique": true, "Hash Cond": "(c.postid = p.id)", "Plans": [{"Node Type": "Seq Scan", "Parent Relationship": "Outer", "Parallel Aware": false, "Relation Name": "comments", "Schema": "public", "Alias": "c", "Startup Cost": 0.0, "Total Cost": 1773.36, "Plan Rows": 78560, "Plan Width": 4, "Actual Startup Time": 0.051, "Actual Total Time": 9.672, "Actual Rows": 78783, "Actual Loops": 1, "Output": ["c.id", "c.postid", "c.score", "c.creationdate", "c.userid"], "Filter": "((c.creationdate >= '2010-07-27 12:35:16'::timestamp without time zone) AND (c.creationdate <= '2014-09-10 13:27:55'::timestamp without time zone))", "Rows Removed by Filter": 574}, {"Node Type": "Hash", "Parent Relationship": "Inner", "Parallel Aware": false, "Startup Cost": 977.75, "Total Cost": 977.75, "Plan Rows": 15883, "Plan Width": 8, "Actual Startup Time": 6.921, "Actual Total Time": 6.923, "Actual Rows": 15890, "Actual Loops": 1, "Output": ["p.owneruserid", "p.id"], "Hash Buckets": 16384, "Original Hash Buckets": 16384, "Hash Batches": 1, "Original Hash Batches": 1, "Peak Memory Usage": 747, "Plans": [{"Node Type": "Seq Scan", "Parent Relationship": "Outer", "Parallel Aware": false, "Relation Name": "posts", "Schema": "public", "Alias": "p", "Startup Cost": 0.0, "Total Cost": 977.75, "Plan Rows": 15883, "Plan Width": 8, "Actual Startup Time": 0.006, "Actual Total Time": 5.352, "Actual Rows": 15890, "Actual Loops": 1, "Output": ["p.owneruserid", "p.id"], "Filter": "((p.answercount >= 0) AND (p.answercount <= 4))", "Rows Removed by Filter": 25293}]}]}]}]}]}]}, {"Node Type": "Hash", "Parent Relationship": "Inner", "Parallel Aware": false, "Startup Cost": 1131.15, "Total Cost": 1131.15, "Plan Rows": 29863, "Plan Width": 8, "Actual Startup Time": 12.314, "Actual Total Time": 12.315, "Actual Rows": 20696, "Actual Loops": 1, "Output": ["b.userid", "u.id"], "Hash Buckets": 32768, "Original Hash Buckets": 32768, "Hash Batches": 1, "Original Hash Batches": 1, "Peak Memory Usage": 1065, "Plans": [{"Node Type": "Hash Join", "Parent Relationship": "Outer", "Parallel Aware": false, "Join Type": "Inner", "Startup Cost": 542.25, "Total Cost": 1131.15, "Plan Rows": 29863, "Plan Width": 8, "Actual Startup Time": 3.535, "Actual Total Time": 10.192, "Actual Rows": 20696, "Actual Loops": 1, "Output": ["b.userid", "u.id"], "Inner Unique": true, "Hash Cond": "(b.userid = u.id)", "Plans": [{"Node Type": "Seq Scan", "Parent Relationship": "Outer", "Parallel Aware": false, "Relation Name": "badges", "Schema": "public", "Alias": "b", "Startup Cost": 0.0, "Total Cost": 503.24, "Plan Rows": 32624, "Plan Width": 4, "Actual Startup Time": 0.005, "Actual Total Time": 1.87, "Actual Rows": 32624, "Actual Loops": 1, "Output": ["b.id", "b.userid", "b.date"]}, {"Node Type": "Hash", "Parent Relationship": "Inner", "Parallel Aware": false, "Startup Cost": 371.36, "Total Cost": 371.36, "Plan Rows": 13671, "Plan Width": 4, "Actual Startup Time": 3.479, "Actual Total Time": 3.48, "Actual Rows": 14041, "Actual Loops": 1, "Output": ["u.id"], "Hash Buckets": 16384, "Original Hash Buckets": 16384, "Hash Batches": 1, "Original Hash Batches": 1, "Peak Memory Usage": 622, "Plans": [{"Node Type": "Seq Scan", "Parent Relationship": "Outer", "Parallel Aware": false, "Relation Name": "users", "Schema": "public", "Alias": "u", "Startup Cost": 0.0, "Total Cost": 371.36, "Plan Rows": 13671, "Plan Width": 4, "Actual Startup Time": 0.008, "Actual Total Time": 2.224, "Actual Rows": 14041, "Actual Loops": 1, "Output": ["u.id"], "Filter": "((u.reputation >= 1) AND (u.reputation <= 343) AND (u.downvotes <= 0))", "Rows Removed by Filter": 894}]}]}]}]}]}, "Planning Time": 8.554, "Triggers": [], "Execution Time": 458.625}]#####[{"Plan": {"Node Type": "Aggregate", "Strategy": "Plain", "Partial Mode": "Simple", "Parallel Aware": false, "Startup Cost": 40546.17, "Total Cost": 40546.18, "Plan Rows": 1, "Plan Width": 8, "Actual Startup Time": 442.018, "Actual Total Time": 442.028, "Actual Rows": 1, "Actual Loops": 1, "Output": ["count(*)"], "Plans": [{"Node Type": "Hash Join", "Parent Relationship": "Outer", "Parallel Aware": false, "Join Type": "Inner", "Startup Cost": 16906.22, "Total Cost": 18315.91, "Plan Rows": 8892104, "Plan Width": 0, "Actual Startup Time": 210.983, "Actual Total Time": 367.222, "Actual Rows": 2248711, "Actual Loops": 1, "Inner Unique": false, "Hash Cond": "(b.userid = u.id)", "Plans": [{"Node Type": "Seq Scan", "Parent Relationship": "Outer", "Parallel Aware": false, "Relation Name": "badges", "Schema": "public", "Alias": "b", "Startup Cost": 0.0, "Total Cost": 503.24, "Plan Rows": 32624, "Plan Width": 4, "Actual Startup Time": 0.007, "Actual Total Time": 1.754, "Actual Rows": 32624, "Actual Loops": 1, "Output": ["b.id", "b.userid", "b.date"]}, {"Node Type": "Hash", "Parent Relationship": "Inner", "Parallel Aware": false, "Startup Cost": 16480.86, "Total Cost": 16480.86, "Plan Rows": 34029, "Plan Width": 8, "Actual Startup Time": 210.661, "Actual Total Time": 210.669, "Actual Rows": 516002, "Actual Loops": 1, "Output": ["p.owneruserid", "u.id"], "Hash Buckets": 524288, "Original Hash Buckets": 65536, "Hash Batches": 1, "Original Hash Batches": 1, "Peak Memory Usage": 24253, "Plans": [{"Node Type": "Hash Join", "Parent Relationship": "Outer", "Parallel Aware": false, "Join Type": "Inner", "Startup Cost": 8933.51, "Total Cost": 16480.86, "Plan Rows": 34029, "Plan Width": 8, "Actual Startup Time": 89.434, "Actual Total Time": 159.49, "Actual Rows": 516002, "Actual Loops": 1, "Output": ["p.owneruserid", "u.id"], "Inner Unique": false, "Hash Cond": "(v.postid = p.id)", "Plans": [{"Node Type": "Seq Scan", "Parent Relationship": "Outer", "Parallel Aware": false, "Relation Name": "votes", "Schema": "public", "Alias": "v", "Startup Cost": 0.0, "Total Cost": 2707.33, "Plan Rows": 164233, "Plan Width": 4, "Actual Startup Time": 0.011, "Actual Total Time": 8.776, "Actual Rows": 164233, "Actual Loops": 1, "Output": ["v.id", "v.postid", "v.votetypeid", "v.creationdate", "v.userid", "v.bountyamount"]}, {"Node Type": "Hash", "Parent Relationship": "Inner", "Parallel Aware": false, "Startup Cost": 7866.85, "Total Cost": 7866.85, "Plan Rows": 85333, "Plan Width": 20, "Actual Startup Time": 88.791, "Actual Total Time": 88.798, "Actual Rows": 133644, "Actual Loops": 1, "Output": ["c.postid", "p.owneruserid", "p.id", "ph.postid", "u.id"], "Hash Buckets": 262144, "Original Hash Buckets": 131072, "Hash Batches": 1, "Original Hash Batches": 1, "Peak Memory Usage": 8835, "Plans": [{"Node Type": "Hash Join", "Parent Relationship": "Outer", "Parallel Aware": false, "Join Type": "Inner", "Startup Cost": 4115.61, "Total Cost": 7866.85, "Plan Rows": 85333, "Plan Width": 20, "Actual Startup Time": 38.163, "Actual Total Time": 71.696, "Actual Rows": 133644, "Actual Loops": 1, "Output": ["c.postid", "p.owneruserid", "p.id", "ph.postid", "u.id"], "Inner Unique": false, "Hash Cond": "(ph.postid = p.id)", "Plans": [{"Node Type": "Seq Scan", "Parent Relationship": "Outer", "Parallel Aware": false, "Relation Name": "posthistory", "Schema": "public", "Alias": "ph", "Startup Cost": 0.0, "Total Cost": 2247.94, "Plan Rows": 129994, "Plan Width": 4, "Actual Startup Time": 0.006, "Actual Total Time": 7.07, "Actual Rows": 129994, "Actual Loops": 1, "Output": ["ph.id", "ph.posthistorytypeid", "ph.postid", "ph.creationdate", "ph.userid"]}, {"Node Type": "Hash", "Parent Relationship": "Inner", "Parallel Aware": false, "Startup Cost": 3777.68, "Total Cost": 3777.68, "Plan Rows": 27034, "Plan Width": 16, "Actual Startup Time": 38.009, "Actual Total Time": 38.014, "Actual Rows": 22769, "Actual Loops": 1, "Output": ["c.postid", "p.owneruserid", "p.id", "u.id"], "Hash Buckets": 32768, "Original Hash Buckets": 32768, "Hash Batches": 1, "Original Hash Batches": 1, "Peak Memory Usage": 1324, "Plans": [{"Node Type": "Hash Join", "Parent Relationship": "Outer", "Parallel Aware": false, "Join Type": "Inner", "Startup Cost": 1718.53, "Total Cost": 3777.68, "Plan Rows": 27034, "Plan Width": 16, "Actual Startup Time": 13.589, "Actual Total Time": 35.218, "Actual Rows": 22769, "Actual Loops": 1, "Output": ["c.postid", "p.owneruserid", "p.id", "u.id"], "Inner Unique": true, "Hash Cond": "(p.owneruserid = u.id)", "Plans": [{"Node Type": "Hash Join", "Parent Relationship": "Outer", "Parallel Aware": false, "Join Type": "Inner", "Startup Cost": 1176.28, "Total Cost": 3155.88, "Plan Rows": 30298, "Plan Width": 12, "Actual Startup Time": 8.123, "Actual Total Time": 25.995, "Actual Rows": 34883, "Actual Loops": 1, "Output": ["c.postid", "p.owneruserid", "p.id"], "Inner Unique": true, "Hash Cond": "(c.postid = p.id)", "Plans": [{"Node Type": "Seq Scan", "Parent Relationship": "Outer", "Parallel Aware": false, "Relation Name": "comments", "Schema": "public", "Alias": "c", "Startup Cost": 0.0, "Total Cost": 1773.36, "Plan Rows": 78560, "Plan Width": 4, "Actual Startup Time": 0.053, "Actual Total Time": 10.027, "Actual Rows": 78783, "Actual Loops": 1, "Output": ["c.id", "c.postid", "c.score", "c.creationdate", "c.userid"], "Filter": "((c.creationdate >= '2010-07-27 12:35:16'::timestamp without time zone) AND (c.creationdate <= '2014-09-10 13:27:55'::timestamp without time zone))", "Rows Removed by Filter": 574}, {"Node Type": "Hash", "Parent Relationship": "Inner", "Parallel Aware": false, "Startup Cost": 977.75, "Total Cost": 977.75, "Plan Rows": 15883, "Plan Width": 8, "Actual Startup Time": 8.009, "Actual Total Time": 8.01, "Actual Rows": 15890, "Actual Loops": 1, "Output": ["p.owneruserid", "p.id"], "Hash Buckets": 16384, "Original Hash Buckets": 16384, "Hash Batches": 1, "Original Hash Batches": 1, "Peak Memory Usage": 747, "Plans": [{"Node Type": "Seq Scan", "Parent Relationship": "Outer", "Parallel Aware": false, "Relation Name": "posts", "Schema": "public", "Alias": "p", "Startup Cost": 0.0, "Total Cost": 977.75, "Plan Rows": 15883, "Plan Width": 8, "Actual Startup Time": 0.008, "Actual Total Time": 6.174, "Actual Rows": 15890, "Actual Loops": 1, "Output": ["p.owneruserid", "p.id"], "Filter": "((p.answercount >= 0) AND (p.answercount <= 4))", "Rows Removed by Filter": 25293}]}]}, {"Node Type": "Hash", "Parent Relationship": "Inner", "Parallel Aware": false, "Startup Cost": 371.36, "Total Cost": 371.36, "Plan Rows": 13671, "Plan Width": 4, "Actual Startup Time": 5.388, "Actual Total Time": 5.389, "Actual Rows": 14041, "Actual Loops": 1, "Output": ["u.id"], "Hash Buckets": 16384, "Original Hash Buckets": 16384, "Hash Batches": 1, "Original Hash Batches": 1, "Peak Memory Usage": 622, "Plans": [{"Node Type": "Seq Scan", "Parent Relationship": "Outer", "Parallel Aware": false, "Relation Name": "users", "Schema": "public", "Alias": "u", "Startup Cost": 0.0, "Total Cost": 371.36, "Plan Rows": 13671, "Plan Width": 4, "Actual Startup Time": 0.013, "Actual Total Time": 3.362, "Actual Rows": 14041, "Actual Loops": 1, "Output": ["u.id"], "Filter": "((u.reputation >= 1) AND (u.reputation <= 343) AND (u.downvotes <= 0))", "Rows Removed by Filter": 894}]}]}]}]}]}]}]}]}]}, "Planning Time": 6.437, "Triggers": [], "Execution Time": 442.818}]#####[{"Plan": {"Node Type": "Aggregate", "Strategy": "Plain", "Partial Mode": "Simple", "Parallel Aware": false, "Startup Cost": 37956.87, "Total Cost": 37956.88, "Plan Rows": 1, "Plan Width": 8, "Actual Startup Time": 426.026, "Actual Total Time": 426.036, "Actual Rows": 1, "Actual Loops": 1, "Output": ["count(*)"], "Plans": [{"Node Type": "Hash Join", "Parent Relationship": "Outer", "Parallel Aware": false, "Join Type": "Inner", "Startup Cost": 11514.23, "Total Cost": 15726.61, "Plan Rows": 8892104, "Plan Width": 0, "Actual Startup Time": 182.697, "Actual Total Time": 350.079, "Actual Rows": 2248711, "Actual Loops": 1, "Inner Unique": false, "Hash Cond": "(v.postid = p.id)", "Plans": [{"Node Type": "Seq Scan", "Parent Relationship": "Outer", "Parallel Aware": false, "Relation Name": "votes", "Schema": "public", "Alias": "v", "Startup Cost": 0.0, "Total Cost": 2707.33, "Plan Rows": 164233, "Plan Width": 4, "Actual Startup Time": 0.01, "Actual Total Time": 8.966, "Actual Rows": 164233, "Actual Loops": 1, "Output": ["v.id", "v.postid", "v.votetypeid", "v.creationdate", "v.userid", "v.bountyamount"]}, {"Node Type": "Hash", "Parent Relationship": "Inner", "Parallel Aware": false, "Startup Cost": 11235.51, "Total Cost": 11235.51, "Plan Rows": 22297, "Plan Width": 12, "Actual Startup Time": 182.469, "Actual Total Time": 182.476, "Actual Rows": 506621, "Actual Loops": 1, "Output": ["c.postid", "p.id", "ph.postid"], "Hash Buckets": 524288, "Original Hash Buckets": 32768, "Hash Batches": 1, "Original Hash Batches": 1, "Peak Memory Usage": 25865, "Plans": [{"Node Type": "Hash Join", "Parent Relationship": "Outer", "Parallel Aware": false, "Join Type": "Inner", "Startup Cost": 5039.04, "Total Cost": 11235.51, "Plan Rows": 22297, "Plan Width": 12, "Actual Startup Time": 43.384, "Actual Total Time": 129.171, "Actual Rows": 506621, "Actual Loops": 1, "Output": ["c.postid", "p.id", "ph.postid"], "Inner Unique": false, "Hash Cond": "(p.owneruserid = u.id)", "Plans": [{"Node Type": "Hash Join", "Parent Relationship": "Outer", "Parallel Aware": false, "Join Type": "Inner", "Startup Cost": 3534.6, "Total Cost": 7388.87, "Plan Rows": 95636, "Plan Width": 16, "Actual Startup Time": 28.493, "Actual Total Time": 67.458, "Actual Rows": 205145, "Actual Loops": 1, "Output": ["c.postid", "p.owneruserid", "p.id", "ph.postid"], "Inner Unique": false, "Hash Cond": "(ph.postid = p.id)", "Plans": [{"Node Type": "Seq Scan", "Parent Relationship": "Outer", "Parallel Aware": false, "Relation Name": "posthistory", "Schema": "public", "Alias": "ph", "Startup Cost": 0.0, "Total Cost": 2247.94, "Plan Rows": 129994, "Plan Width": 4, "Actual Startup Time": 0.005, "Actual Total Time": 7.708, "Actual Rows": 129994, "Actual Loops": 1, "Output": ["ph.id", "ph.posthistorytypeid", "ph.postid", "ph.creationdate", "ph.userid"]}, {"Node Type": "Hash", "Parent Relationship": "Inner", "Parallel Aware": false, "Startup Cost": 3155.88, "Total Cost": 3155.88, "Plan Rows": 30298, "Plan Width": 12, "Actual Startup Time": 28.383, "Actual Total Time": 28.386, "Actual Rows": 34883, "Actual Loops": 1, "Output": ["c.postid", "p.owneruserid", "p.id"], "Hash Buckets": 65536, "Original Hash Buckets": 32768, "Hash Batches": 1, "Original Hash Batches": 1, "Peak Memory Usage": 2007, "Plans": [{"Node Type": "Hash Join", "Parent Relationship": "Outer", "Parallel Aware": false, "Join Type": "Inner", "Startup Cost": 1176.28, "Total Cost": 3155.88, "Plan Rows": 30298, "Plan Width": 12, "Actual Startup Time": 7.032, "Actual Total Time": 24.326, "Actual Rows": 34883, "Actual Loops": 1, "Output": ["c.postid", "p.owneruserid", "p.id"], "Inner Unique": true, "Hash Cond": "(c.postid = p.id)", "Plans": [{"Node Type": "Seq Scan", "Parent Relationship": "Outer", "Parallel Aware": false, "Relation Name": "comments", "Schema": "public", "Alias": "c", "Startup Cost": 0.0, "Total Cost": 1773.36, "Plan Rows": 78560, "Plan Width": 4, "Actual Startup Time": 0.048, "Actual Total Time": 9.679, "Actual Rows": 78783, "Actual Loops": 1, "Output": ["c.id", "c.postid", "c.score", "c.creationdate", "c.userid"], "Filter": "((c.creationdate >= '2010-07-27 12:35:16'::timestamp without time zone) AND (c.creationdate <= '2014-09-10 13:27:55'::timestamp without time zone))", "Rows Removed by Filter": 574}, {"Node Type": "Hash", "Parent Relationship": "Inner", "Parallel Aware": false, "Startup Cost": 977.75, "Total Cost": 977.75, "Plan Rows": 15883, "Plan Width": 8, "Actual Startup Time": 6.93, "Actual Total Time": 6.93, "Actual Rows": 15890, "Actual Loops": 1, "Output": ["p.owneruserid", "p.id"], "Hash Buckets": 16384, "Original Hash Buckets": 16384, "Hash Batches": 1, "Original Hash Batches": 1, "Peak Memory Usage": 747, "Plans": [{"Node Type": "Seq Scan", "Parent Relationship": "Outer", "Parallel Aware": false, "Relation Name": "posts", "Schema": "public", "Alias": "p", "Startup Cost": 0.0, "Total Cost": 977.75, "Plan Rows": 15883, "Plan Width": 8, "Actual Startup Time": 0.006, "Actual Total Time": 5.357, "Actual Rows": 15890, "Actual Loops": 1, "Output": ["p.owneruserid", "p.id"], "Filter": "((p.answercount >= 0) AND (p.answercount <= 4))", "Rows Removed by Filter": 25293}]}]}]}]}, {"Node Type": "Hash", "Parent Relationship": "Inner", "Parallel Aware": false, "Startup Cost": 1131.15, "Total Cost": 1131.15, "Plan Rows": 29863, "Plan Width": 8, "Actual Startup Time": 14.774, "Actual Total Time": 14.776, "Actual Rows": 20696, "Actual Loops": 1, "Output": ["b.userid", "u.id"], "Hash Buckets": 32768, "Original Hash Buckets": 32768, "Hash Batches": 1, "Original Hash Batches": 1, "Peak Memory Usage": 1065, "Plans": [{"Node Type": "Hash Join", "Parent Relationship": "Outer", "Parallel Aware": false, "Join Type": "Inner", "Startup Cost": 542.25, "Total Cost": 1131.15, "Plan Rows": 29863, "Plan Width": 8, "Actual Startup Time": 4.641, "Actual Total Time": 12.308, "Actual Rows": 20696, "Actual Loops": 1, "Output": ["b.userid", "u.id"], "Inner Unique": true, "Hash Cond": "(b.userid = u.id)", "Plans": [{"Node Type": "Seq Scan", "Parent Relationship": "Outer", "Parallel Aware": false, "Relation Name": "badges", "Schema": "public", "Alias": "b", "Startup Cost": 0.0, "Total Cost": 503.24, "Plan Rows": 32624, "Plan Width": 4, "Actual Startup Time": 0.006, "Actual Total Time": 2.208, "Actual Rows": 32624, "Actual Loops": 1, "Output": ["b.id", "b.userid", "b.date"]}, {"Node Type": "Hash", "Parent Relationship": "Inner", "Parallel Aware": false, "Startup Cost": 371.36, "Total Cost": 371.36, "Plan Rows": 13671, "Plan Width": 4, "Actual Startup Time": 4.57, "Actual Total Time": 4.57, "Actual Rows": 14041, "Actual Loops": 1, "Output": ["u.id"], "Hash Buckets": 16384, "Original Hash Buckets": 16384, "Hash Batches": 1, "Original Hash Batches": 1, "Peak Memory Usage": 622, "Plans": [{"Node Type": "Seq Scan", "Parent Relationship": "Outer", "Parallel Aware": false, "Relation Name": "users", "Schema": "public", "Alias": "u", "Startup Cost": 0.0, "Total Cost": 371.36, "Plan Rows": 13671, "Plan Width": 4, "Actual Startup Time": 0.008, "Actual Total Time": 2.876, "Actual Rows": 14041, "Actual Loops": 1, "Output": ["u.id"], "Filter": "((u.reputation >= 1) AND (u.reputation <= 343) AND (u.downvotes <= 0))", "Rows Removed by Filter": 894}]}]}]}]}]}]}]}, "Planning Time": 4.107, "Triggers": [], "Execution Time": 426.659}]
[{"Plan": {"Node Type": "Aggregate", "Strategy": "Plain", "Partial Mode": "Simple", "Parallel Aware": false, "Startup Cost": 3649.4, "Total Cost": 3649.41, "Plan Rows": 1, "Plan Width": 8, "Actual Startup Time": 98.464, "Actual Total Time": 98.468, "Actual Rows": 1, "Actual Loops": 1, "Output": ["count(*)"], "Plans": [{"Node Type": "Nested Loop", "Parent Relationship": "Outer", "Parallel Aware": false, "Join Type": "Inner", "Startup Cost": 1071.0, "Total Cost": 3646.82, "Plan Rows": 1033, "Plan Width": 0, "Actual Startup Time": 6.284, "Actual Total Time": 89.942, "Actual Rows": 221368, "Actual Loops": 1, "Inner Unique": false, "Join Filter": "(p.id = ph.postid)", "Rows Removed by Join Filter": 0, "Plans": [{"Node Type": "Nested Loop", "Parent Relationship": "Outer", "Parallel Aware": false, "Join Type": "Inner", "Startup Cost": 1070.71, "Total Cost": 2274.39, "Plan Rows": 3275, "Plan Width": 16, "Actual Startup Time": 6.269, "Actual Total Time": 38.384, "Actual Rows": 31642, "Actual Loops": 1, "Output": ["c.postid", "p.id", "pl.postid", "v.postid"], "Inner Unique": false, "Join Filter": "(p.id = v.postid)", "Rows Removed by Join Filter": 0, "Plans": [{"Node Type": "Nested Loop", "Parent Relationship": "Outer", "Parallel Aware": false, "Join Type": "Inner", "Startup Cost": 1070.41, "Total Cost": 1709.02, "Plan Rows": 1001, "Plan Width": 12, "Actual Startup Time": 6.252, "Actual Total Time": 14.363, "Actual Rows": 4500, "Actual Loops": 1, "Output": ["c.postid", "p.id", "pl.postid"], "Inner Unique": false, "Plans": [{"Node Type": "Hash Join", "Parent Relationship": "Outer", "Parallel Aware": false, "Join Type": "Inner", "Startup Cost": 1070.12, "Total Cost": 1157.09, "Plan Rows": 688, "Plan Width": 8, "Actual Startup Time": 6.229, "Actual Total Time": 7.421, "Actual Rows": 2175, "Actual Loops": 1, "Output": ["p.id", "pl.postid"], "Inner Unique": true, "Hash Cond": "(pl.postid = p.id)", "Plans": [{"Node Type": "Seq Scan", "Parent Relationship": "Outer", "Parallel Aware": false, "Relation Name": "postlinks", "Schema": "public", "Alias": "pl", "Startup Cost": 0.0, "Total Cost": 76.91, "Plan Rows": 3833, "Plan Width": 4, "Actual Startup Time": 0.007, "Actual Total Time": 0.569, "Actual Rows": 3833, "Actual Loops": 1, "Output": ["pl.id", "pl.creationdate", "pl.postid", "pl.relatedpostid", "pl.linktypeid"], "Filter": "(pl.linktypeid = 1)", "Rows Removed by Filter": 0}, {"Node Type": "Hash", "Parent Relationship": "Inner", "Parallel Aware": false, "Startup Cost": 977.75, "Total Cost": 977.75, "Plan Rows": 7390, "Plan Width": 4, "Actual Startup Time": 6.172, "Actual Total Time": 6.173, "Actual Rows": 7473, "Actual Loops": 1, "Output": ["p.id"], "Hash Buckets": 8192, "Original Hash Buckets": 8192, "Hash Batches": 1, "Original Hash Batches": 1, "Peak Memory Usage": 327, "Plans": [{"Node Type": "Seq Scan", "Parent Relationship": "Outer", "Parallel Aware": false, "Relation Name": "posts", "Schema": "public", "Alias": "p", "Startup Cost": 0.0, "Total Cost": 977.75, "Plan Rows": 7390, "Plan Width": 4, "Actual Startup Time": 0.007, "Actual Total Time": 5.456, "Actual Rows": 7473, "Actual Loops": 1, "Output": ["p.id"], "Filter": "((p.commentcount >= 0) AND (p.favoritecount >= 0))", "Rows Removed by Filter": 33710}]}]}, {"Node Type": "Index Scan", "Parent Relationship": "Inner", "Parallel Aware": false, "Scan Direction": "Forward", "Index Name": "idx_comments_postid", "Relation Name": "comments", "Schema": "public", "Alias": "c", "Startup Cost": 0.29, "Total Cost": 0.77, "Plan Rows": 3, "Plan Width": 4, "Actual Startup Time": 0.002, "Actual Total Time": 0.003, "Actual Rows": 2, "Actual Loops": 2175, "Output": ["c.id", "c.postid", "c.score", "c.creationdate", "c.userid"], "Index Cond": "(c.postid = p.id)", "Rows Removed by Index Recheck": 0, "Filter": "((c.creationdate >= '2009-04-12 08:13:05'::timestamp without time zone) AND (c.score = 0))", "Rows Removed by Filter": 1}]}, {"Node Type": "Index Scan", "Parent Relationship": "Inner", "Parallel Aware": false, "Scan Direction": "Forward", "Index Name": "idx_votes_postid", "Relation Name": "votes", "Schema": "public", "Alias": "v", "Startup Cost": 0.29, "Total Cost": 0.5, "Plan Rows": 5, "Plan Width": 4, "Actual Startup Time": 0.001, "Actual Total Time": 0.005, "Actual Rows": 7, "Actual Loops": 4500, "Output": ["v.id", "v.postid", "v.votetypeid", "v.creationdate", "v.userid", "v.bountyamount"], "Index Cond": "(v.postid = c.postid)", "Rows Removed by Index Recheck": 0, "Filter": "(v.votetypeid = 2)", "Rows Removed by Filter": 3}]}, {"Node Type": "Index Only Scan", "Parent Relationship": "Inner", "Parallel Aware": false, "Scan Direction": "Forward", "Index Name": "idx_posthistory_postid", "Relation Name": "posthistory", "Schema": "public", "Alias": "ph", "Startup Cost": 0.29, "Total Cost": 0.37, "Plan Rows": 4, "Plan Width": 4, "Actual Startup Time": 0.001, "Actual Total Time": 0.001, "Actual Rows": 7, "Actual Loops": 31642, "Output": ["ph.postid"], "Index Cond": "(ph.postid = v.postid)", "Rows Removed by Index Recheck": 0, "Heap Fetches": 0}]}]}, "Planning Time": 2.547, "Triggers": [], "Execution Time": 98.543}]#####[{"Plan": {"Node Type": "Aggregate", "Strategy": "Plain", "Partial Mode": "Simple", "Parallel Aware": false, "Startup Cost": 2326.15, "Total Cost": 2326.16, "Plan Rows": 1, "Plan Width": 8, "Actual Startup Time": 143.438, "Actual Total Time": 143.443, "Actual Rows": 1, "Actual Loops": 1, "Output": ["count(*)"], "Plans": [{"Node Type": "Nested Loop", "Parent Relationship": "Outer", "Parallel Aware": false, "Join Type": "Inner", "Startup Cost": 1071.0, "Total Cost": 2300.31, "Plan Rows": 10338, "Plan Width": 0, "Actual Startup Time": 6.186, "Actual Total Time": 134.821, "Actual Rows": 221368, "Actual Loops": 1, "Inner Unique": false, "Join Filter": "(p.id = v.postid)", "Rows Removed by Join Filter": 0, "Plans": [{"Node Type": "Nested Loop", "Parent Relationship": "Outer", "Parallel Aware": false, "Join Type": "Inner", "Startup Cost": 1070.7, "Total Cost": 2136.7, "Plan Rows": 316, "Plan Width": 16, "Actual Startup Time": 6.171, "Actual Total Time": 24.034, "Actual Rows": 29542, "Actual Loops": 1, "Output": ["c.postid", "p.id", "pl.postid", "ph.postid"], "Inner Unique": false, "Join Filter": "(p.id = ph.postid)", "Rows Removed by Join Filter": 0, "Plans": [{"Node Type": "Nested Loop", "Parent Relationship": "Outer", "Parallel Aware": false, "Join Type": "Inner", "Startup Cost": 1070.41, "Total Cost": 1709.02, "Plan Rows": 1001, "Plan Width": 12, "Actual Startup Time": 6.155, "Actual Total Time": 14.058, "Actual Rows": 4500, "Actual Loops": 1, "Output": ["c.postid", "p.id", "pl.postid"], "Inner Unique": false, "Plans": [{"Node Type": "Hash Join", "Parent Relationship": "Outer", "Parallel Aware": false, "Join Type": "Inner", "Startup Cost": 1070.12, "Total Cost": 1157.09, "Plan Rows": 688, "Plan Width": 8, "Actual Startup Time": 6.133, "Actual Total Time": 7.325, "Actual Rows": 2175, "Actual Loops": 1, "Output": ["p.id", "pl.postid"], "Inner Unique": true, "Hash Cond": "(pl.postid = p.id)", "Plans": [{"Node Type": "Seq Scan", "Parent Relationship": "Outer", "Parallel Aware": false, "Relation Name": "postlinks", "Schema": "public", "Alias": "pl", "Startup Cost": 0.0, "Total Cost": 76.91, "Plan Rows": 3833, "Plan Width": 4, "Actual Startup Time": 0.007, "Actual Total Time": 0.551, "Actual Rows": 3833, "Actual Loops": 1, "Output": ["pl.id", "pl.creationdate", "pl.postid", "pl.relatedpostid", "pl.linktypeid"], "Filter": "(pl.linktypeid = 1)", "Rows Removed by Filter": 0}, {"Node Type": "Hash", "Parent Relationship": "Inner", "Parallel Aware": false, "Startup Cost": 977.75, "Total Cost": 977.75, "Plan Rows": 7390, "Plan Width": 4, "Actual Startup Time": 6.08, "Actual Total Time": 6.081, "Actual Rows": 7473, "Actual Loops": 1, "Output": ["p.id"], "Hash Buckets": 8192, "Original Hash Buckets": 8192, "Hash Batches": 1, "Original Hash Batches": 1, "Peak Memory Usage": 327, "Plans": [{"Node Type": "Seq Scan", "Parent Relationship": "Outer", "Parallel Aware": false, "Relation Name": "posts", "Schema": "public", "Alias": "p", "Startup Cost": 0.0, "Total Cost": 977.75, "Plan Rows": 7390, "Plan Width": 4, "Actual Startup Time": 0.007, "Actual Total Time": 5.364, "Actual Rows": 7473, "Actual Loops": 1, "Output": ["p.id"], "Filter": "((p.commentcount >= 0) AND (p.favoritecount >= 0))", "Rows Removed by Filter": 33710}]}]}, {"Node Type": "Index Scan", "Parent Relationship": "Inner", "Parallel Aware": false, "Scan Direction": "Forward", "Index Name": "idx_comments_postid", "Relation Name": "comments", "Schema": "public", "Alias": "c", "Startup Cost": 0.29, "Total Cost": 0.77, "Plan Rows": 3, "Plan Width": 4, "Actual Startup Time": 0.002, "Actual Total Time": 0.003, "Actual Rows": 2, "Actual Loops": 2175, "Output": ["c.id", "c.postid", "c.score", "c.creationdate", "c.userid"], "Index Cond": "(c.postid = p.id)", "Rows Removed by Index Recheck": 0, "Filter": "((c.creationdate >= '2009-04-12 08:13:05'::timestamp without time zone) AND (c.score = 0))", "Rows Removed by Filter": 1}]}, {"Node Type": "Index Only Scan", "Parent Relationship": "Inner", "Parallel Aware": false, "Scan Direction": "Forward", "Index Name": "idx_posthistory_postid", "Relation Name": "posthistory", "Schema": "public", "Alias": "ph", "Startup Cost": 0.29, "Total Cost": 0.38, "Plan Rows": 4, "Plan Width": 4, "Actual Startup Time": 0.001, "Actual Total Time": 0.002, "Actual Rows": 7, "Actual Loops": 4500, "Output": ["ph.postid"], "Index Cond": "(ph.postid = c.postid)", "Rows Removed by Index Recheck": 0, "Heap Fetches": 0}]}, {"Node Type": "Index Scan", "Parent Relationship": "Inner", "Parallel Aware": false, "Scan Direction": "Forward", "Index Name": "idx_votes_postid", "Relation Name": "votes", "Schema": "public", "Alias": "v", "Startup Cost": 0.29, "Total Cost": 0.46, "Plan Rows": 5, "Plan Width": 4, "Actual Startup Time": 0.001, "Actual Total Time": 0.003, "Actual Rows": 7, "Actual Loops": 29542, "Output": ["v.id", "v.postid", "v.votetypeid", "v.creationdate", "v.userid", "v.bountyamount"], "Index Cond": "(v.postid = ph.postid)", "Rows Removed by Index Recheck": 0, "Filter": "(v.votetypeid = 2)", "Rows Removed by Filter": 4}]}]}, "Planning Time": 2.526, "Triggers": [], "Execution Time": 143.517}]#####[{"Plan": {"Node Type": "Aggregate", "Strategy": "Plain", "Partial Mode": "Simple", "Parallel Aware": false, "Startup Cost": 10359.55, "Total Cost": 10359.56, "Plan Rows": 1, "Plan Width": 8, "Actual Startup Time": 86.772, "Actual Total Time": 86.778, "Actual Rows": 1, "Actual Loops": 1, "Output": ["count(*)"], "Plans": [{"Node Type": "Hash Join", "Parent Relationship": "Outer", "Parallel Aware": false, "Join Type": "Inner", "Startup Cost": 7550.22, "Total Cost": 10333.71, "Plan Rows": 10338, "Plan Width": 0, "Actual Startup Time": 56.939, "Actual Total Time": 79.249, "Actual Rows": 221368, "Actual Loops": 1, "Inner Unique": false, "Hash Cond": "(pl.postid = p.id)", "Plans": [{"Node Type": "Nested Loop", "Parent Relationship": "Outer", "Parallel Aware": false, "Join Type": "Inner", "Startup Cost": 0.29, "Total Cost": 2503.7, "Plan Rows": 16197, "Plan Width": 8, "Actual Startup Time": 0.025, "Actual Total Time": 7.562, "Actual Rows": 22701, "Actual Loops": 1, "Output": ["pl.postid", "ph.postid"], "Inner Unique": false, "Plans": [{"Node Type": "Seq Scan", "Parent Relationship": "Outer", "Parallel Aware": false, "Relation Name": "postlinks", "Schema": "public", "Alias": "pl", "Startup Cost": 0.0, "Total Cost": 76.91, "Plan Rows": 3833, "Plan Width": 4, "Actual Startup Time": 0.007, "Actual Total Time": 0.55, "Actual Rows": 3833, "Actual Loops": 1, "Output": ["pl.id", "pl.creationdate", "pl.postid", "pl.relatedpostid", "pl.linktypeid"], "Filter": "(pl.linktypeid = 1)", "Rows Removed by Filter": 0}, {"Node Type": "Index Only Scan", "Parent Relationship": "Inner", "Parallel Aware": false, "Scan Direction": "Forward", "Index Name": "idx_posthistory_postid", "Relation Name": "posthistory", "Schema": "public", "Alias": "ph", "Startup Cost": 0.29, "Total Cost": 0.59, "Plan Rows": 4, "Plan Width": 4, "Actual Startup Time": 0.001, "Actual Total Time": 0.001, "Actual Rows": 6, "Actual Loops": 3833, "Output": ["ph.postid"], "Index Cond": "(ph.postid = pl.postid)", "Rows Removed by Index Recheck": 0, "Heap Fetches": 0}]}, {"Node Type": "Hash", "Parent Relationship": "Inner", "Parallel Aware": false, "Startup Cost": 7110.18, "Total Cost": 7110.18, "Plan Rows": 35180, "Plan Width": 12, "Actual Startup Time": 56.702, "Actual Total Time": 56.705, "Actual Rows": 64062, "Actual Loops": 1, "Output": ["c.postid", "p.id", "v.postid"], "Hash Buckets": 65536, "Original Hash Buckets": 65536, "Hash Batches": 1, "Original Hash Batches": 1, "Peak Memory Usage": 3265, "Plans": [{"Node Type": "Hash Join", "Parent Relationship": "Outer", "Parallel Aware": false, "Join Type": "Inner", "Startup Cost": 3135.2, "Total Cost": 7110.18, "Plan Rows": 35180, "Plan Width": 12, "Actual Startup Time": 20.603, "Actual Total Time": 49.865, "Actual Rows": 64062, "Actual Loops": 1, "Output": ["c.postid", "p.id", "v.postid"], "Inner Unique": false, "Hash Cond": "(v.postid = p.id)", "Plans": [{"Node Type": "Seq Scan", "Parent Relationship": "Outer", "Parallel Aware": false, "Relation Name": "votes", "Schema": "public", "Alias": "v", "Startup Cost": 0.0, "Total Cost": 3117.91, "Plan Rows": 134737, "Plan Width": 4, "Actual Startup Time": 0.008, "Actual Total Time": 15.993, "Actual Rows": 134683, "Actual Loops": 1, "Output": ["v.id", "v.postid", "v.votetypeid", "v.creationdate", "v.userid", "v.bountyamount"], "Filter": "(v.votetypeid = 2)", "Rows Removed by Filter": 29550}, {"Node Type": "Hash", "Parent Relationship": "Inner", "Parallel Aware": false, "Startup Cost": 3000.79, "Total Cost": 3000.79, "Plan Rows": 10753, "Plan Width": 8, "Actual Startup Time": 20.543, "Actual Total Time": 20.545, "Actual Rows": 11937, "Actual Loops": 1, "Output": ["c.postid", "p.id"], "Hash Buckets": 16384, "Original Hash Buckets": 16384, "Hash Batches": 1, "Original Hash Batches": 1, "Peak Memory Usage": 595, "Plans": [{"Node Type": "Hash Join", "Parent Relationship": "Outer", "Parallel Aware": false, "Join Type": "Inner", "Startup Cost": 1070.12, "Total Cost": 3000.79, "Plan Rows": 10753, "Plan Width": 8, "Actual Startup Time": 6.104, "Actual Total Time": 19.263, "Actual Rows": 11937, "Actual Loops": 1, "Output": ["c.postid", "p.id"], "Inner Unique": true, "Hash Cond": "(c.postid = p.id)", "Plans": [{"Node Type": "Seq Scan", "Parent Relationship": "Outer", "Parallel Aware": false, "Relation Name": "comments", "Schema": "public", "Alias": "c", "Startup Cost": 0.0, "Total Cost": 1773.36, "Plan Rows": 59926, "Plan Width": 4, "Actual Startup Time": 0.006, "Actual Total Time": 8.565, "Actual Rows": 60187, "Actual Loops": 1, "Output": ["c.id", "c.postid", "c.score", "c.creationdate", "c.userid"], "Filter": "((c.creationdate >= '2009-04-12 08:13:05'::timestamp without time zone) AND (c.score = 0))", "Rows Removed by Filter": 19170}, {"Node Type": "Hash", "Parent Relationship": "Inner", "Parallel Aware": false, "Startup Cost": 977.75, "Total Cost": 977.75, "Plan Rows": 7390, "Plan Width": 4, "Actual Startup Time": 6.067, "Actual Total Time": 6.068, "Actual Rows": 7473, "Actual Loops": 1, "Output": ["p.id"], "Hash Buckets": 8192, "Original Hash Buckets": 8192, "Hash Batches": 1, "Original Hash Batches": 1, "Peak Memory Usage": 327, "Plans": [{"Node Type": "Seq Scan", "Parent Relationship": "Outer", "Parallel Aware": false, "Relation Name": "posts", "Schema": "public", "Alias": "p", "Startup Cost": 0.0, "Total Cost": 977.75, "Plan Rows": 7390, "Plan Width": 4, "Actual Startup Time": 0.006, "Actual Total Time": 5.322, "Actual Rows": 7473, "Actual Loops": 1, "Output": ["p.id"], "Filter": "((p.commentcount >= 0) AND (p.favoritecount >= 0))", "Rows Removed by Filter": 33710}]}]}]}]}]}]}]}, "Planning Time": 4.223, "Triggers": [], "Execution Time": 86.92}]
[{"Plan": {"Node Type": "Aggregate", "Strategy": "Plain", "Partial Mode": "Simple", "Parallel Aware": false, "Startup Cost": 18156.91, "Total Cost": 18156.92, "Plan Rows": 1, "Plan Width": 8, "Actual Startup Time": 3170.043, "Actual Total Time": 3170.051, "Actual Rows": 1, "Actual Loops": 1, "Output": ["count(*)"], "Plans": [{"Node Type": "Nested Loop", "Parent Relationship": "Outer", "Parallel Aware": false, "Join Type": "Inner", "Startup Cost": 4843.87, "Total Cost": 17773.39, "Plan Rows": 153406, "Plan Width": 0, "Actual Startup Time": 96.734, "Actual Total Time": 2431.287, "Actual Rows": 20789078, "Actual Loops": 1, "Inner Unique": false, "Plans": [{"Node Type": "Hash Join", "Parent Relationship": "Outer", "Parallel Aware": false, "Join Type": "Inner", "Startup Cost": 4843.58, "Total Cost": 6811.66, "Plan Rows": 29402, "Plan Width": 4, "Actual Startup Time": 96.713, "Actual Total Time": 135.725, "Actual Rows": 312647, "Actual Loops": 1, "Output": ["c.userid"], "Inner Unique": false, "Hash Cond": "(c.postid = p.id)", "Plans": [{"Node Type": "Seq Scan", "Parent Relationship": "Outer", "Parallel Aware": false, "Relation Name": "comments", "Schema": "public", "Alias": "c", "Startup Cost": 0.0, "Total Cost": 1376.57, "Plan Rows": 79357, "Plan Width": 8, "Actual Startup Time": 0.007, "Actual Total Time": 4.367, "Actual Rows": 79357, "Actual Loops": 1, "Output": ["c.id", "c.postid", "c.score", "c.creationdate", "c.userid"]}, {"Node Type": "Hash", "Parent Relationship": "Inner", "Parallel Aware": false, "Startup Cost": 4652.92, "Total Cost": 4652.92, "Plan Rows": 15253, "Plan Width": 16, "Actual Startup Time": 96.619, "Actual Total Time": 96.625, "Actual Rows": 107247, "Actual Loops": 1, "Output": ["p.id", "pl.relatedpostid", "ph.postid", "v.postid"], "Hash Buckets": 131072, "Original Hash Buckets": 16384, "Hash Batches": 1, "Original Hash Batches": 1, "Peak Memory Usage": 6052, "Plans": [{"Node Type": "Nested Loop", "Parent Relationship": "Outer", "Parallel Aware": false, "Join Type": "Inner", "Startup Cost": 1485.63, "Total Cost": 4652.92, "Plan Rows": 15253, "Plan Width": 16, "Actual Startup Time": 7.72, "Actual Total Time": 82.178, "Actual Rows": 107247, "Actual Loops": 1, "Output": ["p.id", "pl.relatedpostid", "ph.postid", "v.postid"], "Inner Unique": false, "Join Filter": "(p.id = v.postid)", "Rows Removed by Join Filter": 0, "Plans": [{"Node Type": "Nested Loop", "Parent Relationship": "Outer", "Parallel Aware": false, "Join Type": "Inner", "Startup Cost": 1485.33, "Total Cost": 2239.18, "Plan Rows": 4662, "Plan Width": 12, "Actual Startup Time": 7.688, "Actual Total Time": 16.933, "Actual Rows": 18005, "Actual Loops": 1, "Output": ["p.id", "pl.relatedpostid", "ph.postid"], "Inner Unique": false, "Plans": [{"Node Type": "Hash Join", "Parent Relationship": "Outer", "Parallel Aware": false, "Join Type": "Inner", "Startup Cost": 1485.04, "Total Cost": 1562.43, "Plan Rows": 1477, "Plan Width": 8, "Actual Startup Time": 7.676, "Actual Total Time": 9.307, "Actual Rows": 2968, "Actual Loops": 1, "Output": ["p.id", "pl.relatedpostid"], "Inner Unique": true, "Hash Cond": "(pl.relatedpostid = p.id)", "Plans": [{"Node Type": "Seq Scan", "Parent Relationship": "Outer", "Parallel Aware": false, "Relation Name": "postlinks", "Schema": "public", "Alias": "pl", "Startup Cost": 0.0, "Total Cost": 67.33, "Plan Rows": 3833, "Plan Width": 4, "Actual Startup Time": 0.005, "Actual Total Time": 0.301, "Actual Rows": 3833, "Actual Loops": 1, "Output": ["pl.id", "pl.creationdate", "pl.postid", "pl.relatedpostid", "pl.linktypeid"]}, {"Node Type": "Hash", "Parent Relationship": "Inner", "Parallel Aware": false, "Startup Cost": 1286.62, "Total Cost": 1286.62, "Plan Rows": 15874, "Plan Width": 4, "Actual Startup Time": 7.616, "Actual Total Time": 7.617, "Actual Rows": 15998, "Actual Loops": 1, "Output": ["p.id"], "Hash Buckets": 16384, "Original Hash Buckets": 16384, "Hash Batches": 1, "Original Hash Batches": 1, "Peak Memory Usage": 691, "Plans": [{"Node Type": "Seq Scan", "Parent Relationship": "Outer", "Parallel Aware": false, "Relation Name": "posts", "Schema": "public", "Alias": "p", "Startup Cost": 0.0, "Total Cost": 1286.62, "Plan Rows": 15874, "Plan Width": 4, "Actual Startup Time": 0.023, "Actual Total Time": 6.046, "Actual Rows": 15998, "Actual Loops": 1, "Output": ["p.id"], "Filter": "((p.score >= 0) AND (p.score <= 23) AND (p.creationdate >= '2010-07-19 21:24:58'::timestamp without time zone) AND (p.creationdate <= '2014-09-05 12:21:27'::timestamp without time zone) AND (p.posttypeid = 1))", "Rows Removed by Filter": 25185}]}]}, {"Node Type": "Index Only Scan", "Parent Relationship": "Inner", "Parallel Aware": false, "Scan Direction": "Forward", "Index Name": "idx_posthistory_postid", "Relation Name": "posthistory", "Schema": "public", "Alias": "ph", "Startup Cost": 0.29, "Total Cost": 0.42, "Plan Rows": 4, "Plan Width": 4, "Actual Startup Time": 0.001, "Actual Total Time": 0.002, "Actual Rows": 6, "Actual Loops": 2968, "Output": ["ph.postid"], "Index Cond": "(ph.postid = p.id)", "Rows Removed by Index Recheck": 0, "Heap Fetches": 0}]}, {"Node Type": "Index Scan", "Parent Relationship": "Inner", "Parallel Aware": false, "Scan Direction": "Forward", "Index Name": "idx_votes_postid", "Relation Name": "votes", "Schema": "public", "Alias": "v", "Startup Cost": 0.29, "Total Cost": 0.46, "Plan Rows": 5, "Plan Width": 4, "Actual Startup Time": 0.001, "Actual Total Time": 0.003, "Actual Rows": 6, "Actual Loops": 18005, "Output": ["v.id", "v.postid", "v.votetypeid", "v.creationdate", "v.userid", "v.bountyamount"], "Index Cond": "(v.postid = ph.postid)", "Rows Removed by Index Recheck": 0, "Filter": "(v.votetypeid = 2)", "Rows Removed by Filter": 3}]}]}]}, {"Node Type": "Index Only Scan", "Parent Relationship": "Inner", "Parallel Aware": false, "Scan Direction": "Forward", "Index Name": "idx_badges_userid", "Relation Name": "badges", "Schema": "public", "Alias": "b", "Startup Cost": 0.29, "Total Cost": 0.34, "Plan Rows": 3, "Plan Width": 4, "Actual Startup Time": 0.001, "Actual Total Time": 0.004, "Actual Rows": 66, "Actual Loops": 312647, "Output": ["b.userid"], "Index Cond": "(b.userid = c.userid)", "Rows Removed by Index Recheck": 0, "Heap Fetches": 0}]}]}, "Planning Time": 3.287, "Triggers": [], "Execution Time": 3170.287}]#####[{"Plan": {"Node Type": "Aggregate", "Strategy": "Plain", "Partial Mode": "Simple", "Parallel Aware": false, "Startup Cost": 55705.89, "Total Cost": 55705.9, "Plan Rows": 1, "Plan Width": 8, "Actual Startup Time": 2249.914, "Actual Total Time": 2249.922, "Actual Rows": 1, "Actual Loops": 1, "Output": ["count(*)"], "Plans": [{"Node Type": "Hash Join", "Parent Relationship": "Outer", "Parallel Aware": false, "Join Type": "Inner", "Startup Cost": 5343.71, "Total Cost": 51870.72, "Plan Rows": 1534067, "Plan Width": 0, "Actual Startup Time": 142.906, "Actual Total Time": 1556.762, "Actual Rows": 20789078, "Actual Loops": 1, "Inner Unique": false, "Hash Cond": "(ph.postid = p.id)", "Plans": [{"Node Type": "Merge Join", "Parent Relationship": "Outer", "Parallel Aware": false, "Join Type": "Inner", "Startup Cost": 0.59, "Total Cost": 18031.19, "Plan Rows": 571996, "Plan Width": 8, "Actual Startup Time": 0.04, "Actual Total Time": 139.571, "Actual Rows": 477123, "Actual Loops": 1, "Output": ["ph.postid", "v.postid"], "Inner Unique": false, "Merge Cond": "(ph.postid = v.postid)", "Plans": [{"Node Type": "Index Only Scan", "Parent Relationship": "Outer", "Parallel Aware": false, "Scan Direction": "Forward", "Index Name": "idx_posthistory_postid", "Relation Name": "posthistory", "Schema": "public", "Alias": "ph", "Startup Cost": 0.29, "Total Cost": 2834.2, "Plan Rows": 129994, "Plan Width": 4, "Actual Startup Time": 0.013, "Actual Total Time": 9.589, "Actual Rows": 129994, "Actual Loops": 1, "Output": ["ph.postid"], "Heap Fetches": 0}, {"Node Type": "Materialize", "Parent Relationship": "Inner", "Parallel Aware": false, "Startup Cost": 0.29, "Total Cost": 6635.73, "Plan Rows": 134737, "Plan Width": 4, "Actual Startup Time": 0.025, "Actual Total Time": 78.741, "Actual Rows": 477124, "Actual Loops": 1, "Output": ["v.id", "v.postid", "v.votetypeid", "v.creationdate", "v.userid", "v.bountyamount"], "Plans": [{"Node Type": "Index Scan", "Parent Relationship": "Outer", "Parallel Aware": false, "Scan Direction": "Forward", "Index Name": "idx_votes_postid", "Relation Name": "votes", "Schema": "public", "Alias": "v", "Startup Cost": 0.29, "Total Cost": 6298.89, "Plan Rows": 134737, "Plan Width": 4, "Actual Startup Time": 0.017, "Actual Total Time": 53.961, "Actual Rows": 134616, "Actual Loops": 1, "Output": ["v.id", "v.postid", "v.votetypeid", "v.creationdate", "v.userid", "v.bountyamount"], "Filter": "(v.votetypeid = 2)", "Rows Removed by Filter": 29536}]}]}, {"Node Type": "Hash", "Parent Relationship": "Inner", "Parallel Aware": false, "Startup Cost": 3486.32, "Total Cost": 3486.32, "Plan Rows": 148544, "Plan Width": 12, "Actual Startup Time": 138.406, "Actual Total Time": 138.411, "Actual Rows": 522516, "Actual Loops": 1, "Output": ["c.postid", "p.id", "pl.relatedpostid"], "Hash Buckets": 524288, "Original Hash Buckets": 262144, "Hash Batches": 1, "Original Hash Batches": 1, "Peak Memory Usage": 26548, "Plans": [{"Node Type": "Nested Loop", "Parent Relationship": "Outer", "Parallel Aware": false, "Join Type": "Inner", "Startup Cost": 1485.62, "Total Cost": 3486.32, "Plan Rows": 148544, "Plan Width": 12, "Actual Startup Time": 7.582, "Actual Total Time": 84.48, "Actual Rows": 522516, "Actual Loops": 1, "Output": ["c.postid", "p.id", "pl.relatedpostid"], "Inner Unique": false, "Plans": [{"Node Type": "Nested Loop", "Parent Relationship": "Outer", "Parallel Aware": false, "Join Type": "Inner", "Startup Cost": 1485.33, "Total Cost": 2424.9, "Plan Rows": 2847, "Plan Width": 16, "Actual Startup Time": 7.565, "Actual Total Time": 18.929, "Actual Rows": 7916, "Actual Loops": 1, "Output": ["c.postid", "c.userid", "p.id", "pl.relatedpostid"], "Inner Unique": false, "Plans": [{"Node Type": "Hash Join", "Parent Relationship": "Outer", "Parallel Aware": false, "Join Type": "Inner", "Startup Cost": 1485.04, "Total Cost": 1562.43, "Plan Rows": 1477, "Plan Width": 8, "Actual Startup Time": 7.547, "Actual Total Time": 9.121, "Actual Rows": 2968, "Actual Loops": 1, "Output": ["p.id", "pl.relatedpostid"], "Inner Unique": true, "Hash Cond": "(pl.relatedpostid = p.id)", "Plans": [{"Node Type": "Seq Scan", "Parent Relationship": "Outer", "Parallel Aware": false, "Relation Name": "postlinks", "Schema": "public", "Alias": "pl", "Startup Cost": 0.0, "Total Cost": 67.33, "Plan Rows": 3833, "Plan Width": 4, "Actual Startup Time": 0.006, "Actual Total Time": 0.289, "Actual Rows": 3833, "Actual Loops": 1, "Output": ["pl.id", "pl.creationdate", "pl.postid", "pl.relatedpostid", "pl.linktypeid"]}, {"Node Type": "Hash", "Parent Relationship": "Inner", "Parallel Aware": false, "Startup Cost": 1286.62, "Total Cost": 1286.62, "Plan Rows": 15874, "Plan Width": 4, "Actual Startup Time": 7.487, "Actual Total Time": 7.488, "Actual Rows": 15998, "Actual Loops": 1, "Output": ["p.id"], "Hash Buckets": 16384, "Original Hash Buckets": 16384, "Hash Batches": 1, "Original Hash Batches": 1, "Peak Memory Usage": 691, "Plans": [{"Node Type": "Seq Scan", "Parent Relationship": "Outer", "Parallel Aware": false, "Relation Name": "posts", "Schema": "public", "Alias": "p", "Startup Cost": 0.0, "Total Cost": 1286.62, "Plan Rows": 15874, "Plan Width": 4, "Actual Startup Time": 0.022, "Actual Total Time": 5.936, "Actual Rows": 15998, "Actual Loops": 1, "Output": ["p.id"], "Filter": "((p.score >= 0) AND (p.score <= 23) AND (p.creationdate >= '2010-07-19 21:24:58'::timestamp without time zone) AND (p.creationdate <= '2014-09-05 12:21:27'::timestamp without time zone) AND (p.posttypeid = 1))", "Rows Removed by Filter": 25185}]}]}, {"Node Type": "Index Scan", "Parent Relationship": "Inner", "Parallel Aware": false, "Scan Direction": "Forward", "Index Name": "idx_comments_postid", "Relation Name": "comments", "Schema": "public", "Alias": "c", "Startup Cost": 0.29, "Total Cost": 0.54, "Plan Rows": 4, "Plan Width": 8, "Actual Startup Time": 0.002, "Actual Total Time": 0.003, "Actual Rows": 3, "Actual Loops": 2968, "Output": ["c.id", "c.postid", "c.score", "c.creationdate", "c.userid"], "Index Cond": "(c.postid = p.id)", "Rows Removed by Index Recheck": 0}]}, {"Node Type": "Index Only Scan", "Parent Relationship": "Inner", "Parallel Aware": false, "Scan Direction": "Forward", "Index Name": "idx_badges_userid", "Relation Name": "badges", "Schema": "public", "Alias": "b", "Startup Cost": 0.29, "Total Cost": 0.34, "Plan Rows": 3, "Plan Width": 4, "Actual Startup Time": 0.001, "Actual Total Time": 0.004, "Actual Rows": 66, "Actual Loops": 7916, "Output": ["b.userid"], "Index Cond": "(b.userid = c.userid)", "Rows Removed by Index Recheck": 0, "Heap Fetches": 0}]}]}]}]}, "Planning Time": 3.265, "Triggers": [], "Execution Time": 2250.498}]#####[{"Plan": {"Node Type": "Aggregate", "Strategy": "Plain", "Partial Mode": "Simple", "Parallel Aware": false, "Startup Cost": 18892.84, "Total Cost": 18892.85, "Plan Rows": 1, "Plan Width": 8, "Actual Startup Time": 3242.859, "Actual Total Time": 3242.865, "Actual Rows": 1, "Actual Loops": 1, "Output": ["count(*)"], "Plans": [{"Node Type": "Nested Loop", "Parent Relationship": "Outer", "Parallel Aware": false, "Join Type": "Inner", "Startup Cost": 1486.21, "Total Cost": 15057.67, "Plan Rows": 1534067, "Plan Width": 0, "Actual Startup Time": 10.912, "Actual Total Time": 2525.909, "Actual Rows": 20789078, "Actual Loops": 1, "Inner Unique": false, "Plans": [{"Node Type": "Nested Loop", "Parent Relationship": "Outer", "Parallel Aware": false, "Join Type": "Inner", "Startup Cost": 1485.92, "Total Cost": 4095.94, "Plan Rows": 29402, "Plan Width": 4, "Actual Startup Time": 10.897, "Actual Total Time": 236.716, "Actual Rows": 312647, "Actual Loops": 1, "Output": ["c.userid"], "Inner Unique": false, "Join Filter": "(p.id = v.postid)", "Rows Removed by Join Filter": 0, "Plans": [{"Node Type": "Nested Loop", "Parent Relationship": "Outer", "Parallel Aware": false, "Join Type": "Inner", "Startup Cost": 1485.63, "Total Cost": 3631.0, "Plan Rows": 898, "Plan Width": 20, "Actual Startup Time": 10.88, "Actual Total Time": 41.475, "Actual Rows": 52862, "Actual Loops": 1, "Output": ["c.postid", "c.userid", "p.id", "pl.relatedpostid", "ph.postid"], "Inner Unique": false, "Join Filter": "(p.id = ph.postid)", "Rows Removed by Join Filter": 0, "Plans": [{"Node Type": "Nested Loop", "Parent Relationship": "Outer", "Parallel Aware": false, "Join Type": "Inner", "Startup Cost": 1485.33, "Total Cost": 2424.9, "Plan Rows": 2847, "Plan Width": 16, "Actual Startup Time": 10.864, "Actual Total Time": 22.88, "Actual Rows": 7916, "Actual Loops": 1, "Output": ["c.postid", "c.userid", "p.id", "pl.relatedpostid"], "Inner Unique": false, "Plans": [{"Node Type": "Hash Join", "Parent Relationship": "Outer", "Parallel Aware": false, "Join Type": "Inner", "Startup Cost": 1485.04, "Total Cost": 1562.43, "Plan Rows": 1477, "Plan Width": 8, "Actual Startup Time": 10.843, "Actual Total Time": 12.614, "Actual Rows": 2968, "Actual Loops": 1, "Output": ["p.id", "pl.relatedpostid"], "Inner Unique": true, "Hash Cond": "(pl.relatedpostid = p.id)", "Plans": [{"Node Type": "Seq Scan", "Parent Relationship": "Outer", "Parallel Aware": false, "Relation Name": "postlinks", "Schema": "public", "Alias": "pl", "Startup Cost": 0.0, "Total Cost": 67.33, "Plan Rows": 3833, "Plan Width": 4, "Actual Startup Time": 0.008, "Actual Total Time": 0.27, "Actual Rows": 3833, "Actual Loops": 1, "Output": ["pl.id", "pl.creationdate", "pl.postid", "pl.relatedpostid", "pl.linktypeid"]}, {"Node Type": "Hash", "Parent Relationship": "Inner", "Parallel Aware": false, "Startup Cost": 1286.62, "Total Cost": 1286.62, "Plan Rows": 15874, "Plan Width": 4, "Actual Startup Time": 10.723, "Actual Total Time": 10.724, "Actual Rows": 15998, "Actual Loops": 1, "Output": ["p.id"], "Hash Buckets": 16384, "Original Hash Buckets": 16384, "Hash Batches": 1, "Original Hash Batches": 1, "Peak Memory Usage": 691, "Plans": [{"Node Type": "Seq Scan", "Parent Relationship": "Outer", "Parallel Aware": false, "Relation Name": "posts", "Schema": "public", "Alias": "p", "Startup Cost": 0.0, "Total Cost": 1286.62, "Plan Rows": 15874, "Plan Width": 4, "Actual Startup Time": 0.037, "Actual Total Time": 8.492, "Actual Rows": 15998, "Actual Loops": 1, "Output": ["p.id"], "Filter": "((p.score >= 0) AND (p.score <= 23) AND (p.creationdate >= '2010-07-19 21:24:58'::timestamp without time zone) AND (p.creationdate <= '2014-09-05 12:21:27'::timestamp without time zone) AND (p.posttypeid = 1))", "Rows Removed by Filter": 25185}]}]}, {"Node Type": "Index Scan", "Parent Relationship": "Inner", "Parallel Aware": false, "Scan Direction": "Forward", "Index Name": "idx_comments_postid", "Relation Name": "comments", "Schema": "public", "Alias": "c", "Startup Cost": 0.29, "Total Cost": 0.54, "Plan Rows": 4, "Plan Width": 8, "Actual Startup Time": 0.002, "Actual Total Time": 0.003, "Actual Rows": 3, "Actual Loops": 2968, "Output": ["c.id", "c.postid", "c.score", "c.creationdate", "c.userid"], "Index Cond": "(c.postid = p.id)", "Rows Removed by Index Recheck": 0}]}, {"Node Type": "Index Only Scan", "Parent Relationship": "Inner", "Parallel Aware": false, "Scan Direction": "Forward", "Index Name": "idx_posthistory_postid", "Relation Name": "posthistory", "Schema": "public", "Alias": "ph", "Startup Cost": 0.29, "Total Cost": 0.37, "Plan Rows": 4, "Plan Width": 4, "Actual Startup Time": 0.001, "Actual Total Time": 0.002, "Actual Rows": 7, "Actual Loops": 7916, "Output": ["ph.postid"], "Index Cond": "(ph.postid = c.postid)", "Rows Removed by Index Recheck": 0, "Heap Fetches": 0}]}, {"Node Type": "Index Scan", "Parent Relationship": "Inner", "Parallel Aware": false, "Scan Direction": "Forward", "Index Name": "idx_votes_postid", "Relation Name": "votes", "Schema": "public", "Alias": "v", "Startup Cost": 0.29, "Total Cost": 0.46, "Plan Rows": 5, "Plan Width": 4, "Actual Startup Time": 0.001, "Actual Total Time": 0.003, "Actual Rows": 6, "Actual Loops": 52862, "Output": ["v.id", "v.postid", "v.votetypeid", "v.creationdate", "v.userid", "v.bountyamount"], "Index Cond": "(v.postid = ph.postid)", "Rows Removed by Index Recheck": 0, "Filter": "(v.votetypeid = 2)", "Rows Removed by Filter": 3}]}, {"Node Type": "Index Only Scan", "Parent Relationship": "Inner", "Parallel Aware": false, "Scan Direction": "Forward", "Index Name": "idx_badges_userid", "Relation Name": "badges", "Schema": "public", "Alias": "b", "Startup Cost": 0.29, "Total Cost": 0.34, "Plan Rows": 3, "Plan Width": 4, "Actual Startup Time": 0.001, "Actual Total Time": 0.004, "Actual Rows": 66, "Actual Loops": 312647, "Output": ["b.userid"], "Index Cond": "(b.userid = c.userid)", "Rows Removed by Index Recheck": 0, "Heap Fetches": 0}]}]}, "Planning Time": 7.583, "Triggers": [], "Execution Time": 3243.033}]
[{"Plan": {"Node Type": "Aggregate", "Strategy": "Plain", "Partial Mode": "Simple", "Parallel Aware": false, "Startup Cost": 3310.15, "Total Cost": 3310.16, "Plan Rows": 1, "Plan Width": 8, "Actual Startup Time": 155.905, "Actual Total Time": 155.911, "Actual Rows": 1, "Actual Loops": 1, "Output": ["count(*)"], "Plans": [{"Node Type": "Nested Loop", "Parent Relationship": "Outer", "Parallel Aware": false, "Join Type": "Inner", "Startup Cost": 1162.7, "Total Cost": 3308.15, "Plan Rows": 797, "Plan Width": 0, "Actual Startup Time": 7.227, "Actual Total Time": 147.201, "Actual Rows": 220194, "Actual Loops": 1, "Inner Unique": false, "Join Filter": "(p.id = v.postid)", "Rows Removed by Join Filter": 0, "Plans": [{"Node Type": "Nested Loop", "Parent Relationship": "Outer", "Parallel Aware": false, "Join Type": "Inner", "Startup Cost": 1162.4, "Total Cost": 2179.77, "Plan Rows": 2013, "Plan Width": 16, "Actual Startup Time": 7.197, "Actual Total Time": 44.862, "Actual Rows": 40529, "Actual Loops": 1, "Output": ["c.postid", "p.id", "pl.postid", "ph.postid"], "Inner Unique": false, "Join Filter": "(p.id = ph.postid)", "Rows Removed by Join Filter": 0, "Plans": [{"Node Type": "Nested Loop", "Parent Relationship": "Outer", "Parallel Aware": false, "Join Type": "Inner", "Startup Cost": 1162.11, "Total Cost": 1750.39, "Plan Rows": 880, "Plan Width": 12, "Actual Startup Time": 7.053, "Actual Total Time": 19.106, "Actual Rows": 8101, "Actual Loops": 1, "Output": ["c.postid", "p.id", "pl.postid"], "Inner Unique": false, "Plans": [{"Node Type": "Hash Join", "Parent Relationship": "Outer", "Parallel Aware": false, "Join Type": "Inner", "Startup Cost": 1161.82, "Total Cost": 1239.21, "Plan Rows": 604, "Plan Width": 8, "Actual Startup Time": 7.023, "Actual Total Time": 8.478, "Actual Rows": 3736, "Actual Loops": 1, "Output": ["p.id", "pl.postid"], "Inner Unique": true, "Hash Cond": "(pl.postid = p.id)", "Plans": [{"Node Type": "Seq Scan", "Parent Relationship": "Outer", "Parallel Aware": false, "Relation Name": "postlinks", "Schema": "public", "Alias": "pl", "Startup Cost": 0.0, "Total Cost": 67.33, "Plan Rows": 3833, "Plan Width": 4, "Actual Startup Time": 0.028, "Actual Total Time": 0.424, "Actual Rows": 3833, "Actual Loops": 1, "Output": ["pl.id", "pl.creationdate", "pl.postid", "pl.relatedpostid", "pl.linktypeid"]}, {"Node Type": "Hash", "Parent Relationship": "Inner", "Parallel Aware": false, "Startup Cost": 1080.7, "Total Cost": 1080.7, "Plan Rows": 6489, "Plan Width": 4, "Actual Startup Time": 6.952, "Actual Total Time": 6.952, "Actual Rows": 16301, "Actual Loops": 1, "Output": ["p.id"], "Hash Buckets": 16384, "Original Hash Buckets": 8192, "Hash Batches": 1, "Original Hash Batches": 1, "Peak Memory Usage": 702, "Plans": [{"Node Type": "Seq Scan", "Parent Relationship": "Outer", "Parallel Aware": false, "Relation Name": "posts", "Schema": "public", "Alias": "p", "Startup Cost": 0.0, "Total Cost": 1080.7, "Plan Rows": 6489, "Plan Width": 4, "Actual Startup Time": 0.008, "Actual Total Time": 5.37, "Actual Rows": 16301, "Actual Loops": 1, "Output": ["p.id"], "Filter": "((p.viewcount >= 0) AND (p.viewcount <= 12626) AND (p.posttypeid = 1))", "Rows Removed by Filter": 24882}]}]}, {"Node Type": "Index Scan", "Parent Relationship": "Inner", "Parallel Aware": false, "Scan Direction": "Forward", "Index Name": "idx_comments_postid", "Relation Name": "comments", "Schema": "public", "Alias": "c", "Startup Cost": 0.29, "Total Cost": 0.82, "Plan Rows": 3, "Plan Width": 4, "Actual Startup Time": 0.002, "Actual Total Time": 0.003, "Actual Rows": 2, "Actual Loops": 3736, "Output": ["c.id", "c.postid", "c.score", "c.creationdate", "c.userid"], "Index Cond": "(c.postid = p.id)", "Rows Removed by Index Recheck": 0, "Filter": "(c.score = 0)", "Rows Removed by Filter": 1}]}, {"Node Type": "Index Scan", "Parent Relationship": "Inner", "Parallel Aware": false, "Scan Direction": "Forward", "Index Name": "idx_posthistory_postid", "Relation Name": "posthistory", "Schema": "public", "Alias": "ph", "Startup Cost": 0.29, "Total Cost": 0.45, "Plan Rows": 3, "Plan Width": 4, "Actual Startup Time": 0.002, "Actual Total Time": 0.003, "Actual Rows": 5, "Actual Loops": 8101, "Output": ["ph.id", "ph.posthistorytypeid", "ph.postid", "ph.creationdate", "ph.userid"], "Index Cond": "(ph.postid = c.postid)", "Rows Removed by Index Recheck": 0, "Filter": "(ph.creationdate >= '2011-07-30 13:35:21'::timestamp without time zone)", "Rows Removed by Filter": 1}]}, {"Node Type": "Index Scan", "Parent Relationship": "Inner", "Parallel Aware": false, "Scan Direction": "Forward", "Index Name": "idx_votes_postid", "Relation Name": "votes", "Schema": "public", "Alias": "v", "Startup Cost": 0.29, "Total Cost": 0.49, "Plan Rows": 6, "Plan Width": 4, "Actual Startup Time": 0.001, "Actual Total Time": 0.002, "Actual Rows": 5, "Actual Loops": 40529, "Output": ["v.id", "v.postid", "v.votetypeid", "v.creationdate", "v.userid", "v.bountyamount"], "Index Cond": "(v.postid = ph.postid)", "Rows Removed by Index Recheck": 0, "Filter": "((v.creationdate >= '2010-07-19 00:00:00'::timestamp without time zone) AND (v.creationdate <= '2014-09-08 00:00:00'::timestamp without time zone))", "Rows Removed by Filter": 0}]}]}, "Planning Time": 7.152, "Triggers": [], "Execution Time": 155.989}]#####[{"Plan": {"Node Type": "Aggregate", "Strategy": "Plain", "Partial Mode": "Simple", "Parallel Aware": false, "Startup Cost": 12221.68, "Total Cost": 12221.69, "Plan Rows": 1, "Plan Width": 8, "Actual Startup Time": 121.557, "Actual Total Time": 121.565, "Actual Rows": 1, "Actual Loops": 1, "Output": ["count(*)"], "Plans": [{"Node Type": "Hash Join", "Parent Relationship": "Outer", "Parallel Aware": false, "Join Type": "Inner", "Startup Cost": 8110.09, "Total Cost": 12201.75, "Plan Rows": 7971, "Plan Width": 0, "Actual Startup Time": 82.318, "Actual Total Time": 114.156, "Actual Rows": 220194, "Actual Loops": 1, "Inner Unique": false, "Hash Cond": "(pl.postid = p.id)", "Plans": [{"Node Type": "Hash Join", "Parent Relationship": "Outer", "Parallel Aware": false, "Join Type": "Inner", "Startup Cost": 115.24, "Total Cost": 3982.87, "Plan Rows": 11736, "Plan Width": 8, "Actual Startup Time": 4.038, "Actual Total Time": 20.845, "Actual Rows": 17520, "Actual Loops": 1, "Output": ["pl.postid", "ph.postid"], "Inner Unique": false, "Hash Cond": "(ph.postid = pl.postid)", "Plans": [{"Node Type": "Seq Scan", "Parent Relationship": "Outer", "Parallel Aware": false, "Relation Name": "posthistory", "Schema": "public", "Alias": "ph", "Startup Cost": 0.0, "Total Cost": 2572.93, "Plan Rows": 94187, "Plan Width": 4, "Actual Startup Time": 3.162, "Actual Total Time": 12.878, "Actual Rows": 94206, "Actual Loops": 1, "Output": ["ph.id", "ph.posthistorytypeid", "ph.postid", "ph.creationdate", "ph.userid"], "Filter": "(ph.creationdate >= '2011-07-30 13:35:21'::timestamp without time zone)", "Rows Removed by Filter": 35788}, {"Node Type": "Hash", "Parent Relationship": "Inner", "Parallel Aware": false, "Startup Cost": 67.33, "Total Cost": 67.33, "Plan Rows": 3833, "Plan Width": 4, "Actual Startup Time": 0.834, "Actual Total Time": 0.835, "Actual Rows": 3833, "Actual Loops": 1, "Output": ["pl.postid"], "Hash Buckets": 4096, "Original Hash Buckets": 4096, "Hash Batches": 1, "Original Hash Batches": 1, "Peak Memory Usage": 167, "Plans": [{"Node Type": "Seq Scan", "Parent Relationship": "Outer", "Parallel Aware": false, "Relation Name": "postlinks", "Schema": "public", "Alias": "pl", "Startup Cost": 0.0, "Total Cost": 67.33, "Plan Rows": 3833, "Plan Width": 4, "Actual Startup Time": 0.005, "Actual Total Time": 0.482, "Actual Rows": 3833, "Actual Loops": 1, "Output": ["pl.postid"]}]}]}, {"Node Type": "Hash", "Parent Relationship": "Inner", "Parallel Aware": false, "Startup Cost": 7526.88, "Total Cost": 7526.88, "Plan Rows": 37437, "Plan Width": 12, "Actual Startup Time": 78.091, "Actual Total Time": 78.093, "Actual Rows": 117255, "Actual Loops": 1, "Output": ["c.postid", "p.id", "v.postid"], "Hash Buckets": 131072, "Original Hash Buckets": 65536, "Hash Batches": 1, "Original Hash Batches": 1, "Peak Memory Usage": 6063, "Plans": [{"Node Type": "Hash Join", "Parent Relationship": "Outer", "Parallel Aware": false, "Join Type": "Inner", "Startup Cost": 3012.47, "Total Cost": 7526.88, "Plan Rows": 37437, "Plan Width": 12, "Actual Startup Time": 24.167, "Actual Total Time": 64.297, "Actual Rows": 117255, "Actual Loops": 1, "Output": ["c.postid", "p.id", "v.postid"], "Inner Unique": false, "Hash Cond": "(v.postid = p.id)", "Plans": [{"Node Type": "Seq Scan", "Parent Relationship": "Outer", "Parallel Aware": false, "Relation Name": "votes", "Schema": "public", "Alias": "v", "Startup Cost": 0.0, "Total Cost": 3528.49, "Plan Rows": 163079, "Plan Width": 4, "Actual Startup Time": 0.021, "Actual Total Time": 20.048, "Actual Rows": 164151, "Actual Loops": 1, "Output": ["v.id", "v.postid", "v.votetypeid", "v.creationdate", "v.userid", "v.bountyamount"], "Filter": "((v.creationdate >= '2010-07-19 00:00:00'::timestamp without time zone) AND (v.creationdate <= '2014-09-08 00:00:00'::timestamp without time zone))", "Rows Removed by Filter": 82}, {"Node Type": "Hash", "Parent Relationship": "Inner", "Parallel Aware": false, "Startup Cost": 2894.29, "Total Cost": 2894.29, "Plan Rows": 9454, "Plan Width": 8, "Actual Startup Time": 24.09, "Actual Total Time": 24.092, "Actual Rows": 26177, "Actual Loops": 1, "Output": ["c.postid", "p.id"], "Hash Buckets": 32768, "Original Hash Buckets": 16384, "Hash Batches": 1, "Original Hash Batches": 1, "Peak Memory Usage": 1279, "Plans": [{"Node Type": "Hash Join", "Parent Relationship": "Outer", "Parallel Aware": false, "Join Type": "Inner", "Startup Cost": 1161.82, "Total Cost": 2894.29, "Plan Rows": 9454, "Plan Width": 8, "Actual Startup Time": 6.937, "Actual Total Time": 21.197, "Actual Rows": 26177, "Actual Loops": 1, "Output": ["c.postid", "p.id"], "Inner Unique": true, "Hash Cond": "(c.postid = p.id)", "Plans": [{"Node Type": "Seq Scan", "Parent Relationship": "Outer", "Parallel Aware": false, "Relation Name": "comments", "Schema": "public", "Alias": "c", "Startup Cost": 0.0, "Total Cost": 1574.96, "Plan Rows": 60002, "Plan Width": 4, "Actual Startup Time": 0.007, "Actual Total Time": 8.484, "Actual Rows": 60206, "Actual Loops": 1, "Output": ["c.id", "c.postid", "c.score", "c.creationdate", "c.userid"], "Filter": "(c.score = 0)", "Rows Removed by Filter": 19151}, {"Node Type": "Hash", "Parent Relationship": "Inner", "Parallel Aware": false, "Startup Cost": 1080.7, "Total Cost": 1080.7, "Plan Rows": 6489, "Plan Width": 4, "Actual Startup Time": 6.901, "Actual Total Time": 6.902, "Actual Rows": 16301, "Actual Loops": 1, "Output": ["p.id"], "Hash Buckets": 16384, "Original Hash Buckets": 8192, "Hash Batches": 1, "Original Hash Batches": 1, "Peak Memory Usage": 702, "Plans": [{"Node Type": "Seq Scan", "Parent Relationship": "Outer", "Parallel Aware": false, "Relation Name": "posts", "Schema": "public", "Alias": "p", "Startup Cost": 0.0, "Total Cost": 1080.7, "Plan Rows": 6489, "Plan Width": 4, "Actual Startup Time": 0.007, "Actual Total Time": 5.251, "Actual Rows": 16301, "Actual Loops": 1, "Output": ["p.id"], "Filter": "((p.viewcount >= 0) AND (p.viewcount <= 12626) AND (p.posttypeid = 1))", "Rows Removed by Filter": 24882}]}]}]}]}]}]}]}, "Planning Time": 4.365, "Triggers": [], "Execution Time": 121.804}]#####[{"Plan": {"Node Type": "Aggregate", "Strategy": "Plain", "Partial Mode": "Simple", "Parallel Aware": false, "Startup Cost": 6517.03, "Total Cost": 6517.04, "Plan Rows": 1, "Plan Width": 8, "Actual Startup Time": 115.094, "Actual Total Time": 115.101, "Actual Rows": 1, "Actual Loops": 1, "Output": ["count(*)"], "Plans": [{"Node Type": "Hash Join", "Parent Relationship": "Outer", "Parallel Aware": false, "Join Type": "Inner", "Startup Cost": 3375.3, "Total Cost": 6497.1, "Plan Rows": 7971, "Plan Width": 0, "Actual Startup Time": 83.07, "Actual Total Time": 107.678, "Actual Rows": 220194, "Actual Loops": 1, "Inner Unique": false, "Hash Cond": "(c.postid = p.id)", "Plans": [{"Node Type": "Seq Scan", "Parent Relationship": "Outer", "Parallel Aware": false, "Relation Name": "comments", "Schema": "public", "Alias": "c", "Startup Cost": 0.0, "Total Cost": 1574.96, "Plan Rows": 60002, "Plan Width": 4, "Actual Startup Time": 0.009, "Actual Total Time": 7.609, "Actual Rows": 60206, "Actual Loops": 1, "Output": ["c.id", "c.postid", "c.score", "c.creationdate", "c.userid"], "Filter": "(c.score = 0)", "Rows Removed by Filter": 19151}, {"Node Type": "Hash", "Parent Relationship": "Inner", "Parallel Aware": false, "Startup Cost": 2691.68, "Total Cost": 2691.68, "Plan Rows": 54690, "Plan Width": 16, "Actual Startup Time": 82.839, "Actual Total Time": 82.843, "Actual Rows": 93051, "Actual Loops": 1, "Output": ["p.id", "pl.postid", "ph.postid", "v.postid"], "Hash Buckets": 131072, "Original Hash Buckets": 65536, "Hash Batches": 1, "Original Hash Batches": 1, "Peak Memory Usage": 5386, "Plans": [{"Node Type": "Nested Loop", "Parent Relationship": "Outer", "Parallel Aware": false, "Join Type": "Inner", "Startup Cost": 1162.4, "Total Cost": 2691.68, "Plan Rows": 54690, "Plan Width": 16, "Actual Startup Time": 7.191, "Actual Total Time": 70.434, "Actual Rows": 93051, "Actual Loops": 1, "Output": ["p.id", "pl.postid", "ph.postid", "v.postid"], "Inner Unique": false, "Join Filter": "(p.id = v.postid)", "Rows Removed by Join Filter": 0, "Plans": [{"Node Type": "Nested Loop", "Parent Relationship": "Outer", "Parallel Aware": false, "Join Type": "Inner", "Startup Cost": 1162.11, "Total Cost": 1917.56, "Plan Rows": 1381, "Plan Width": 12, "Actual Startup Time": 7.161, "Actual Total Time": 23.181, "Actual Rows": 17135, "Actual Loops": 1, "Output": ["p.id", "pl.postid", "ph.postid"], "Inner Unique": false, "Plans": [{"Node Type": "Hash Join", "Parent Relationship": "Outer", "Parallel Aware": false, "Join Type": "Inner", "Startup Cost": 1161.82, "Total Cost": 1239.21, "Plan Rows": 604, "Plan Width": 8, "Actual Startup Time": 7.103, "Actual Total Time": 8.637, "Actual Rows": 3736, "Actual Loops": 1, "Output": ["p.id", "pl.postid"], "Inner Unique": true, "Hash Cond": "(pl.postid = p.id)", "Plans": [{"Node Type": "Seq Scan", "Parent Relationship": "Outer", "Parallel Aware": false, "Relation Name": "postlinks", "Schema": "public", "Alias": "pl", "Startup Cost": 0.0, "Total Cost": 67.33, "Plan Rows": 3833, "Plan Width": 4, "Actual Startup Time": 0.004, "Actual Total Time": 0.306, "Actual Rows": 3833, "Actual Loops": 1, "Output": ["pl.id", "pl.creationdate", "pl.postid", "pl.relatedpostid", "pl.linktypeid"]}, {"Node Type": "Hash", "Parent Relationship": "Inner", "Parallel Aware": false, "Startup Cost": 1080.7, "Total Cost": 1080.7, "Plan Rows": 6489, "Plan Width": 4, "Actual Startup Time": 7.071, "Actual Total Time": 7.071, "Actual Rows": 16301, "Actual Loops": 1, "Output": ["p.id"], "Hash Buckets": 16384, "Original Hash Buckets": 8192, "Hash Batches": 1, "Original Hash Batches": 1, "Peak Memory Usage": 702, "Plans": [{"Node Type": "Seq Scan", "Parent Relationship": "Outer", "Parallel Aware": false, "Relation Name": "posts", "Schema": "public", "Alias": "p", "Startup Cost": 0.0, "Total Cost": 1080.7, "Plan Rows": 6489, "Plan Width": 4, "Actual Startup Time": 0.007, "Actual Total Time": 5.404, "Actual Rows": 16301, "Actual Loops": 1, "Output": ["p.id"], "Filter": "((p.viewcount >= 0) AND (p.viewcount <= 12626) AND (p.posttypeid = 1))", "Rows Removed by Filter": 24882}]}]}, {"Node Type": "Index Scan", "Parent Relationship": "Inner", "Parallel Aware": false, "Scan Direction": "Forward", "Index Name": "idx_posthistory_postid", "Relation Name": "posthistory", "Schema": "public", "Alias": "ph", "Startup Cost": 0.29, "Total Cost": 1.09, "Plan Rows": 3, "Plan Width": 4, "Actual Startup Time": 0.002, "Actual Total Time": 0.003, "Actual Rows": 5, "Actual Loops": 3736, "Output": ["ph.id", "ph.posthistorytypeid", "ph.postid", "ph.creationdate", "ph.userid"], "Index Cond": "(ph.postid = p.id)", "Rows Removed by Index Recheck": 0, "Filter": "(ph.creationdate >= '2011-07-30 13:35:21'::timestamp without time zone)", "Rows Removed by Filter": 1}]}, {"Node Type": "Index Scan", "Parent Relationship": "Inner", "Parallel Aware": false, "Scan Direction": "Forward", "Index Name": "idx_votes_postid", "Relation Name": "votes", "Schema": "public", "Alias": "v", "Startup Cost": 0.29, "Total Cost": 0.49, "Plan Rows": 6, "Plan Width": 4, "Actual Startup Time": 0.001, "Actual Total Time": 0.002, "Actual Rows": 5, "Actual Loops": 17135, "Output": ["v.id", "v.postid", "v.votetypeid", "v.creationdate", "v.userid", "v.bountyamount"], "Index Cond": "(v.postid = ph.postid)", "Rows Removed by Index Recheck": 0, "Filter": "((v.creationdate >= '2010-07-19 00:00:00'::timestamp without time zone) AND (v.creationdate <= '2014-09-08 00:00:00'::timestamp without time zone))", "Rows Removed by Filter": 0}]}]}]}]}, "Planning Time": 3.392, "Triggers": [], "Execution Time": 115.292}]
[{"Plan": {"Node Type": "Aggregate", "Strategy": "Plain", "Partial Mode": "Simple", "Parallel Aware": false, "Startup Cost": 1103886.14, "Total Cost": 1103886.15, "Plan Rows": 1, "Plan Width": 8, "Actual Startup Time": 179242.368, "Actual Total Time": 179242.371, "Actual Rows": 1, "Actual Loops": 1, "Output": ["count(*)"], "Plans": [{"Node Type": "Merge Join", "Parent Relationship": "Outer", "Parallel Aware": false, "Join Type": "Inner", "Startup Cost": 11.34, "Total Cost": 188264.83, "Plan Rows": 366248524, "Plan Width": 0, "Actual Startup Time": 35649.324, "Actual Total Time": 179222.802, "Actual Rows": 531496, "Actual Loops": 1, "Inner Unique": false, "Merge Cond": "(u.id = p.lasteditoruserid)", "Plans": [{"Node Type": "Merge Join", "Parent Relationship": "Outer", "Parallel Aware": false, "Join Type": "Inner", "Startup Cost": 0.84, "Total Cost": 5266.53, "Plan Rows": 53604, "Plan Width": 8, "Actual Startup Time": 0.066, "Actual Total Time": 38.37, "Actual Rows": 17537, "Actual Loops": 1, "Output": ["c.userid", "u.id"], "Inner Unique": true, "Merge Cond": "(c.userid = u.id)", "Plans": [{"Node Type": "Index Scan", "Parent Relationship": "Outer", "Parallel Aware": false, "Scan Direction": "Forward", "Index Name": "idx_comments_userid", "Relation Name": "comments", "Schema": "public", "Alias": "c", "Startup Cost": 0.29, "Total Cost": 3959.19, "Plan Rows": 59307, "Plan Width": 4, "Actual Startup Time": 0.041, "Actual Total Time": 30.581, "Actual Rows": 58086, "Actual Loops": 1, "Output": ["c.id", "c.postid", "c.score", "c.creationdate", "c.userid"], "Filter": "((c.creationdate >= '2010-07-31 18:58:00'::timestamp without time zone) AND (c.creationdate <= '2014-09-10 19:42:04'::timestamp without time zone) AND (c.score = 0))", "Rows Removed by Filter": 19115}, {"Node Type": "Index Scan", "Parent Relationship": "Inner", "Parallel Aware": false, "Scan Direction": "Forward", "Index Name": "users_pkey", "Relation Name": "users", "Schema": "public", "Alias": "u", "Startup Cost": 0.29, "Total Cost": 696.0, "Plan Rows": 13862, "Plan Width": 4, "Actual Startup Time": 0.023, "Actual Total Time": 3.442, "Actual Rows": 14173, "Actual Loops": 1, "Output": ["u.id", "u.reputation", "u.creationdate", "u.views", "u.upvotes", "u.downvotes"], "Filter": "((u.reputation >= 1) AND (u.reputation <= 366) AND (u.upvotes >= 0) AND (u.upvotes <= 59) AND (u.creationdate <= '2014-08-11 15:59:06'::timestamp without time zone))", "Rows Removed by Filter": 759}]}, {"Node Type": "Materialize", "Parent Relationship": "Inner", "Parallel Aware": false, "Startup Cost": 10.5, "Total Cost": 45825.56, "Plan Rows": 7060626, "Plan Width": 12, "Actual Startup Time": 0.718, "Actual Total Time": 170723.395, "Actual Rows": 130184805, "Actual Loops": 1, "Output": ["p.lasteditoruserid", "ph.userid", "b.userid"], "Plans": [{"Node Type": "Nested Loop", "Parent Relationship": "Outer", "Parallel Aware": false, "Join Type": "Inner", "Startup Cost": 10.5, "Total Cost": 28174.0, "Plan Rows": 7060626, "Plan Width": 12, "Actual Startup Time": 0.715, "Actual Total Time": 153771.916, "Actual Rows": 129672553, "Actual Loops": 1, "Output": ["p.lasteditoruserid", "ph.userid", "b.userid"], "Inner Unique": false, "Join Filter": "(p.lasteditoruserid = ph.userid)", "Rows Removed by Join Filter": 0, "Plans": [{"Node Type": "Merge Join", "Parent Relationship": "Outer", "Parallel Aware": false, "Join Type": "Inner", "Startup Cost": 10.21, "Total Cost": 2814.85, "Plan Rows": 28156, "Plan Width": 8, "Actual Startup Time": 0.677, "Actual Total Time": 215.156, "Actual Rows": 299409, "Actual Loops": 1, "Output": ["p.lasteditoruserid", "b.userid"], "Inner Unique": false, "Merge Cond": "(p.lasteditoruserid = b.userid)", "Plans": [{"Node Type": "Index Scan", "Parent Relationship": "Outer", "Parallel Aware": false, "Scan Direction": "Forward", "Index Name": "idx_posts_lasteditoruserid", "Relation Name": "posts", "Schema": "public", "Alias": "p", "Startup Cost": 0.29, "Total Cost": 2451.43, "Plan Rows": 764, "Plan Width": 4, "Actual Startup Time": 0.104, "Actual Total Time": 13.425, "Actual Rows": 3577, "Actual Loops": 1, "Output": ["p.id", "p.posttypeid", "p.creationdate", "p.score", "p.viewcount", "p.owneruserid", "p.answercount", "p.commentcount", "p.favoritecount", "p.lasteditoruserid"], "Filter": "((p.viewcount <= 1759) AND (p.answercount >= 0) AND (p.answercount <= 4) AND (p.favoritecount <= 3))", "Rows Removed by Filter": 16458}, {"Node Type": "Index Scan", "Parent Relationship": "Inner", "Parallel Aware": false, "Scan Direction": "Forward", "Index Name": "idx_badges_userid", "Relation Name": "badges", "Schema": "public", "Alias": "b", "Startup Cost": 0.29, "Total Cost": 1260.24, "Plan Rows": 32621, "Plan Width": 4, "Actual Startup Time": 0.021, "Actual Total Time": 154.562, "Actual Rows": 322363, "Actual Loops": 1, "Output": ["b.id", "b.userid", "b.date"], "Filter": "(b.date <= '2014-09-11 18:07:33'::timestamp without time zone)", "Rows Removed by Filter": 0}]}, {"Node Type": "Index Scan", "Parent Relationship": "Inner", "Parallel Aware": false, "Scan Direction": "Forward", "Index Name": "idx_posthistory_userid", "Relation Name": "posthistory", "Schema": "public", "Alias": "ph", "Startup Cost": 0.29, "Total Cost": 0.83, "Plan Rows": 6, "Plan Width": 4, "Actual Startup Time": 0.003, "Actual Total Time": 0.477, "Actual Rows": 433, "Actual Loops": 299409, "Output": ["ph.id", "ph.posthistorytypeid", "ph.postid", "ph.creationdate", "ph.userid"], "Index Cond": "(ph.userid = b.userid)", "Rows Removed by Index Recheck": 0, "Filter": "(ph.posthistorytypeid = 2)", "Rows Removed by Filter": 3130}]}]}]}]}, "Planning Time": 7.192, "Triggers": [], "Execution Time": 179242.52}]#####[{"Plan": {"Node Type": "Aggregate", "Strategy": "Plain", "Partial Mode": "Simple", "Parallel Aware": false, "Startup Cost": 9181701.76, "Total Cost": 9181701.77, "Plan Rows": 1, "Plan Width": 8, "Actual Startup Time": 99.957, "Actual Total Time": 99.964, "Actual Rows": 1, "Actual Loops": 1, "Output": ["count(*)"], "Plans": [{"Node Type": "Hash Join", "Parent Relationship": "Outer", "Parallel Aware": false, "Join Type": "Inner", "Startup Cost": 9198.89, "Total Cost": 25488.65, "Plan Rows": 3662485247, "Plan Width": 0, "Actual Startup Time": 32.662, "Actual Total Time": 81.206, "Actual Rows": 531496, "Actual Loops": 1, "Inner Unique": false, "Hash Cond": "(c.userid = u.id)", "Plans": [{"Node Type": "Seq Scan", "Parent Relationship": "Outer", "Parallel Aware": false, "Relation Name": "comments", "Schema": "public", "Alias": "c", "Startup Cost": 0.0, "Total Cost": 1971.75, "Plan Rows": 59307, "Plan Width": 4, "Actual Startup Time": 0.087, "Actual Total Time": 9.193, "Actual Rows": 59644, "Actual Loops": 1, "Output": ["c.id", "c.postid", "c.score", "c.creationdate", "c.userid"], "Filter": "((c.creationdate >= '2010-07-31 18:58:00'::timestamp without time zone) AND (c.creationdate <= '2014-09-10 19:42:04'::timestamp without time zone) AND (c.score = 0))", "Rows Removed by Filter": 19713}, {"Node Type": "Hash", "Parent Relationship": "Inner", "Parallel Aware": false, "Startup Cost": 5169.67, "Total Cost": 5169.67, "Plan Rows": 322337, "Plan Width": 16, "Actual Startup Time": 31.609, "Actual Total Time": 31.614, "Actual Rows": 19601, "Actual Loops": 1, "Output": ["p.lasteditoruserid", "ph.userid", "b.userid", "u.id"], "Hash Buckets": 524288, "Original Hash Buckets": 524288, "Hash Batches": 1, "Original Hash Batches": 1, "Peak Memory Usage": 5015, "Plans": [{"Node Type": "Hash Join", "Parent Relationship": "Outer", "Parallel Aware": false, "Join Type": "Inner", "Startup Cost": 2120.87, "Total Cost": 5169.67, "Plan Rows": 322337, "Plan Width": 16, "Actual Startup Time": 12.967, "Actual Total Time": 29.409, "Actual Rows": 19601, "Actual Loops": 1, "Output": ["p.lasteditoruserid", "ph.userid", "b.userid", "u.id"], "Inner Unique": false, "Hash Cond": "(ph.userid = u.id)", "Plans": [{"Node Type": "Seq Scan", "Parent Relationship": "Outer", "Parallel Aware": false, "Relation Name": "posthistory", "Schema": "public", "Alias": "ph", "Startup Cost": 0.0, "Total Cost": 2572.93, "Plan Rows": 40918, "Plan Width": 4, "Actual Startup Time": 0.008, "Actual Total Time": 12.071, "Actual Rows": 41183, "Actual Loops": 1, "Output": ["ph.id", "ph.posthistorytypeid", "ph.postid", "ph.creationdate", "ph.userid"], "Filter": "(ph.posthistorytypeid = 2)", "Rows Removed by Filter": 88811}, {"Node Type": "Hash", "Parent Relationship": "Inner", "Parallel Aware": false, "Startup Cost": 1960.19, "Total Cost": 1960.19, "Plan Rows": 12854, "Plan Width": 12, "Actual Startup Time": 12.895, "Actual Total Time": 12.899, "Actual Rows": 3098, "Actual Loops": 1, "Output": ["p.lasteditoruserid", "b.userid", "u.id"], "Hash Buckets": 16384, "Original Hash Buckets": 16384, "Hash Batches": 1, "Original Hash Batches": 1, "Peak Memory Usage": 262, "Plans": [{"Node Type": "Nested Loop", "Parent Relationship": "Outer", "Parallel Aware": false, "Join Type": "Inner", "Startup Cost": 619.6, "Total Cost": 1960.19, "Plan Rows": 12854, "Plan Width": 12, "Actual Startup Time": 3.722, "Actual Total Time": 12.482, "Actual Rows": 3098, "Actual Loops": 1, "Output": ["p.lasteditoruserid", "b.userid", "u.id"], "Inner Unique": false, "Plans": [{"Node Type": "Hash Join", "Parent Relationship": "Outer", "Parallel Aware": false, "Join Type": "Inner", "Startup Cost": 619.31, "Total Cost": 1804.98, "Plan Rows": 349, "Plan Width": 8, "Actual Startup Time": 3.706, "Actual Total Time": 9.459, "Actual Rows": 619, "Actual Loops": 1, "Output": ["p.lasteditoruserid", "u.id"], "Inner Unique": true, "Hash Cond": "(p.lasteditoruserid = u.id)", "Plans": [{"Node Type": "Seq Scan", "Parent Relationship": "Outer", "Parallel Aware": false, "Relation Name": "posts", "Schema": "public", "Alias": "p", "Startup Cost": 0.0, "Total Cost": 1183.66, "Plan Rows": 764, "Plan Width": 4, "Actual Startup Time": 0.01, "Actual Total Time": 5.316, "Actual Rows": 4829, "Actual Loops": 1, "Output": ["p.id", "p.posttypeid", "p.creationdate", "p.score", "p.viewcount", "p.owneruserid", "p.answercount", "p.commentcount", "p.favoritecount", "p.lasteditoruserid"], "Filter": "((p.viewcount <= 1759) AND (p.answercount >= 0) AND (p.answercount <= 4) AND (p.favoritecount <= 3))", "Rows Removed by Filter": 36354}, {"Node Type": "Hash", "Parent Relationship": "Inner", "Parallel Aware": false, "Startup Cost": 446.04, "Total Cost": 446.04, "Plan Rows": 13862, "Plan Width": 4, "Actual Startup Time": 3.645, "Actual Total Time": 3.646, "Actual Rows": 14174, "Actual Loops": 1, "Output": ["u.id"], "Hash Buckets": 16384, "Original Hash Buckets": 16384, "Hash Batches": 1, "Original Hash Batches": 1, "Peak Memory Usage": 627, "Plans": [{"Node Type": "Seq Scan", "Parent Relationship": "Outer", "Parallel Aware": false, "Relation Name": "users", "Schema": "public", "Alias": "u", "Startup Cost": 0.0, "Total Cost": 446.04, "Plan Rows": 13862, "Plan Width": 4, "Actual Startup Time": 0.009, "Actual Total Time": 2.341, "Actual Rows": 14174, "Actual Loops": 1, "Output": ["u.id"], "Filter": "((u.reputation >= 1) AND (u.reputation <= 366) AND (u.upvotes >= 0) AND (u.upvotes <= 59) AND (u.creationdate <= '2014-08-11 15:59:06'::timestamp without time zone))", "Rows Removed by Filter": 761}]}]}, {"Node Type": "Index Scan", "Parent Relationship": "Inner", "Parallel Aware": false, "Scan Direction": "Forward", "Index Name": "idx_badges_userid", "Relation Name": "badges", "Schema": "public", "Alias": "b", "Startup Cost": 0.29, "Total Cost": 0.41, "Plan Rows": 3, "Plan Width": 4, "Actual Startup Time": 0.002, "Actual Total Time": 0.004, "Actual Rows": 5, "Actual Loops": 619, "Output": ["b.id", "b.userid", "b.date"], "Index Cond": "(b.userid = u.id)", "Rows Removed by Index Recheck": 0, "Filter": "(b.date <= '2014-09-11 18:07:33'::timestamp without time zone)", "Rows Removed by Filter": 0}]}]}]}]}]}]}, "Planning Time": 5.211, "Triggers": [], "Execution Time": 100.284}]#####[{"Plan": {"Node Type": "Aggregate", "Strategy": "Plain", "Partial Mode": "Simple", "Parallel Aware": false, "Startup Cost": 9189969.3, "Total Cost": 9189969.31, "Plan Rows": 1, "Plan Width": 8, "Actual Startup Time": 266.823, "Actual Total Time": 266.829, "Actual Rows": 1, "Actual Loops": 1, "Output": ["count(*)"], "Plans": [{"Node Type": "Merge Join", "Parent Relationship": "Outer", "Parallel Aware": false, "Join Type": "Inner", "Startup Cost": 5933.2, "Total Cost": 33756.18, "Plan Rows": 3662485247, "Plan Width": 0, "Actual Startup Time": 47.358, "Actual Total Time": 248.903, "Actual Rows": 531496, "Actual Loops": 1, "Inner Unique": false, "Merge Cond": "(p.lasteditoruserid = u.id)", "Plans": [{"Node Type": "Merge Join", "Parent Relationship": "Outer", "Parallel Aware": false, "Join Type": "Inner", "Startup Cost": 10.21, "Total Cost": 2814.85, "Plan Rows": 28156, "Plan Width": 8, "Actual Startup Time": 0.574, "Actual Total Time": 105.379, "Actual Rows": 299409, "Actual Loops": 1, "Output": ["p.lasteditoruserid", "b.userid"], "Inner Unique": false, "Merge Cond": "(p.lasteditoruserid = b.userid)", "Plans": [{"Node Type": "Index Scan", "Parent Relationship": "Outer", "Parallel Aware": false, "Scan Direction": "Forward", "Index Name": "idx_posts_lasteditoruserid", "Relation Name": "posts", "Schema": "public", "Alias": "p", "Startup Cost": 0.29, "Total Cost": 2451.43, "Plan Rows": 764, "Plan Width": 4, "Actual Startup Time": 0.094, "Actual Total Time": 8.993, "Actual Rows": 3577, "Actual Loops": 1, "Output": ["p.id", "p.posttypeid", "p.creationdate", "p.score", "p.viewcount", "p.owneruserid", "p.answercount", "p.commentcount", "p.favoritecount", "p.lasteditoruserid"], "Filter": "((p.viewcount <= 1759) AND (p.answercount >= 0) AND (p.answercount <= 4) AND (p.favoritecount <= 3))", "Rows Removed by Filter": 16458}, {"Node Type": "Index Scan", "Parent Relationship": "Inner", "Parallel Aware": false, "Scan Direction": "Forward", "Index Name": "idx_badges_userid", "Relation Name": "badges", "Schema": "public", "Alias": "b", "Startup Cost": 0.29, "Total Cost": 1260.24, "Plan Rows": 32621, "Plan Width": 4, "Actual Startup Time": 0.015, "Actual Total Time": 73.588, "Actual Rows": 322363, "Actual Loops": 1, "Output": ["b.id", "b.userid", "b.date"], "Filter": "(b.date <= '2014-09-11 18:07:33'::timestamp without time zone)", "Rows Removed by Filter": 0}]}, {"Node Type": "Materialize", "Parent Relationship": "Inner", "Parallel Aware": false, "Startup Cost": 5922.99, "Total Cost": 15511.45, "Plan Rows": 1428865, "Plan Width": 12, "Actual Startup Time": 23.944, "Actual Total Time": 88.446, "Actual Rows": 579735, "Actual Loops": 1, "Output": ["c.userid", "ph.userid", "u.id"], "Plans": [{"Node Type": "Merge Join", "Parent Relationship": "Outer", "Parallel Aware": false, "Join Type": "Inner", "Startup Cost": 5922.99, "Total Cost": 11939.29, "Plan Rows": 1428865, "Plan Width": 12, "Actual Startup Time": 23.941, "Actual Total Time": 62.959, "Actual Rows": 81242, "Actual Loops": 1, "Output": ["c.userid", "ph.userid", "u.id"], "Inner Unique": false, "Merge Cond": "(c.userid = u.id)", "Plans": [{"Node Type": "Index Scan", "Parent Relationship": "Outer", "Parallel Aware": false, "Scan Direction": "Forward", "Index Name": "idx_comments_userid", "Relation Name": "comments", "Schema": "public", "Alias": "c", "Startup Cost": 0.29, "Total Cost": 3959.19, "Plan Rows": 59307, "Plan Width": 4, "Actual Startup Time": 0.015, "Actual Total Time": 24.535, "Actual Rows": 58086, "Actual Loops": 1, "Output": ["c.id", "c.postid", "c.score", "c.creationdate", "c.userid"], "Filter": "((c.creationdate >= '2010-07-31 18:58:00'::timestamp without time zone) AND (c.creationdate <= '2014-09-10 19:42:04'::timestamp without time zone) AND (c.score = 0))", "Rows Removed by Filter": 19115}, {"Node Type": "Sort", "Parent Relationship": "Inner", "Parallel Aware": false, "Startup Cost": 5922.55, "Total Cost": 6009.48, "Plan Rows": 34773, "Plan Width": 8, "Actual Startup Time": 23.604, "Actual Total Time": 27.447, "Actual Rows": 85053, "Actual Loops": 1, "Output": ["ph.userid", "u.id"], "Sort Key": ["ph.userid"], "Sort Method": "quicksort", "Sort Space Used": 1063, "Sort Space Type": "Memory", "Plans": [{"Node Type": "Hash Join", "Parent Relationship": "Outer", "Parallel Aware": false, "Join Type": "Inner", "Startup Cost": 619.31, "Total Cost": 3299.68, "Plan Rows": 34773, "Plan Width": 8, "Actual Startup Time": 4.263, "Actual Total Time": 20.912, "Actual Rows": 14476, "Actual Loops": 1, "Output": ["ph.userid", "u.id"], "Inner Unique": true, "Hash Cond": "(ph.userid = u.id)", "Plans": [{"Node Type": "Seq Scan", "Parent Relationship": "Outer", "Parallel Aware": false, "Relation Name": "posthistory", "Schema": "public", "Alias": "ph", "Startup Cost": 0.0, "Total Cost": 2572.93, "Plan Rows": 40918, "Plan Width": 4, "Actual Startup Time": 0.007, "Actual Total Time": 12.137, "Actual Rows": 41183, "Actual Loops": 1, "Output": ["ph.id", "ph.posthistorytypeid", "ph.postid", "ph.creationdate", "ph.userid"], "Filter": "(ph.posthistorytypeid = 2)", "Rows Removed by Filter": 88811}, {"Node Type": "Hash", "Parent Relationship": "Inner", "Parallel Aware": false, "Startup Cost": 446.04, "Total Cost": 446.04, "Plan Rows": 13862, "Plan Width": 4, "Actual Startup Time": 4.184, "Actual Total Time": 4.185, "Actual Rows": 14174, "Actual Loops": 1, "Output": ["u.id"], "Hash Buckets": 16384, "Original Hash Buckets": 16384, "Hash Batches": 1, "Original Hash Batches": 1, "Peak Memory Usage": 627, "Plans": [{"Node Type": "Seq Scan", "Parent Relationship": "Outer", "Parallel Aware": false, "Relation Name": "users", "Schema": "public", "Alias": "u", "Startup Cost": 0.0, "Total Cost": 446.04, "Plan Rows": 13862, "Plan Width": 4, "Actual Startup Time": 0.007, "Actual Total Time": 2.648, "Actual Rows": 14174, "Actual Loops": 1, "Output": ["u.id"], "Filter": "((u.reputation >= 1) AND (u.reputation <= 366) AND (u.upvotes >= 0) AND (u.upvotes <= 59) AND (u.creationdate <= '2014-08-11 15:59:06'::timestamp without time zone))", "Rows Removed by Filter": 761}]}]}]}]}]}]}]}, "Planning Time": 7.117, "Triggers": [], "Execution Time": 267.079}]
[{"Plan": {"Node Type": "Aggregate", "Strategy": "Plain", "Partial Mode": "Simple", "Parallel Aware": false, "Startup Cost": 99868.41, "Total Cost": 99868.42, "Plan Rows": 1, "Plan Width": 8, "Actual Startup Time": 530759.352, "Actual Total Time": 530759.359, "Actual Rows": 1, "Actual Loops": 1, "Output": ["count(*)"], "Plans": [{"Node Type": "Nested Loop", "Parent Relationship": "Outer", "Parallel Aware": false, "Join Type": "Inner", "Startup Cost": 1999.14, "Total Cost": 91676.3, "Plan Rows": 3276846, "Plan Width": 0, "Actual Startup Time": 19.359, "Actual Total Time": 458134.205, "Actual Rows": 2053926162, "Actual Loops": 1, "Inner Unique": false, "Plans": [{"Node Type": "Hash Join", "Parent Relationship": "Outer", "Parallel Aware": false, "Join Type": "Inner", "Startup Cost": 1998.84, "Total Cost": 3573.43, "Plan Rows": 86745, "Plan Width": 12, "Actual Startup Time": 19.166, "Actual Total Time": 262.564, "Actual Rows": 1213346, "Actual Loops": 1, "Output": ["p.owneruserid", "u.id", "b.userid"], "Inner Unique": false, "Hash Cond": "(b.userid = u.id)", "Plans": [{"Node Type": "Seq Scan", "Parent Relationship": "Outer", "Parallel Aware": false, "Relation Name": "badges", "Schema": "public", "Alias": "b", "Startup Cost": 0.0, "Total Cost": 503.24, "Plan Rows": 32624, "Plan Width": 4, "Actual Startup Time": 0.009, "Actual Total Time": 4.681, "Actual Rows": 32624, "Actual Loops": 1, "Output": ["b.id", "b.userid", "b.date"]}, {"Node Type": "Hash", "Parent Relationship": "Inner", "Parallel Aware": false, "Startup Cost": 1502.46, "Total Cost": 1502.46, "Plan Rows": 39711, "Plan Width": 8, "Actual Startup Time": 18.973, "Actual Total Time": 18.977, "Actual Rows": 39652, "Actual Loops": 1, "Output": ["p.owneruserid", "u.id"], "Hash Buckets": 65536, "Original Hash Buckets": 65536, "Hash Batches": 1, "Original Hash Batches": 1, "Peak Memory Usage": 2061, "Plans": [{"Node Type": "Hash Join", "Parent Relationship": "Outer", "Parallel Aware": false, "Join Type": "Inner", "Startup Cost": 520.67, "Total Cost": 1502.46, "Plan Rows": 39711, "Plan Width": 8, "Actual Startup Time": 3.343, "Actual Total Time": 14.978, "Actual Rows": 39652, "Actual Loops": 1, "Output": ["p.owneruserid", "u.id"], "Inner Unique": true, "Hash Cond": "(p.owneruserid = u.id)", "Plans": [{"Node Type": "Seq Scan", "Parent Relationship": "Outer", "Parallel Aware": false, "Relation Name": "posts", "Schema": "public", "Alias": "p", "Startup Cost": 0.0, "Total Cost": 874.79, "Plan Rows": 40747, "Plan Width": 4, "Actual Startup Time": 0.009, "Actual Total Time": 5.914, "Actual Rows": 40740, "Actual Loops": 1, "Output": ["p.id", "p.posttypeid", "p.creationdate", "p.score", "p.viewcount", "p.owneruserid", "p.answercount", "p.commentcount", "p.favoritecount", "p.lasteditoruserid"], "Filter": "(p.score >= 0)", "Rows Removed by Filter": 443}, {"Node Type": "Hash", "Parent Relationship": "Inner", "Parallel Aware": false, "Startup Cost": 334.02, "Total Cost": 334.02, "Plan Rows": 14932, "Plan Width": 4, "Actual Startup Time": 3.285, "Actual Total Time": 3.286, "Actual Rows": 14935, "Actual Loops": 1, "Output": ["u.id"], "Hash Buckets": 16384, "Original Hash Buckets": 16384, "Hash Batches": 1, "Original Hash Batches": 1, "Peak Memory Usage": 654, "Plans": [{"Node Type": "Seq Scan", "Parent Relationship": "Outer", "Parallel Aware": false, "Relation Name": "users", "Schema": "public", "Alias": "u", "Startup Cost": 0.0, "Total Cost": 334.02, "Plan Rows": 14932, "Plan Width": 4, "Actual Startup Time": 0.006, "Actual Total Time": 1.982, "Actual Rows": 14935, "Actual Loops": 1, "Output": ["u.id"], "Filter": "((u.creationdate >= '2010-07-03 02:56:06'::timestamp without time zone) AND (u.creationdate <= '2013-09-04 10:44:00'::timestamp without time zone))", "Rows Removed by Filter": 0}]}]}]}]}, {"Node Type": "Index Scan", "Parent Relationship": "Inner", "Parallel Aware": false, "Scan Direction": "Forward", "Index Name": "idx_posthistory_userid", "Relation Name": "posthistory", "Schema": "public", "Alias": "ph", "Startup Cost": 0.29, "Total Cost": 0.83, "Plan Rows": 19, "Plan Width": 4, "Actual Startup Time": 0.013, "Actual Total Time": 0.292, "Actual Rows": 1693, "Actual Loops": 1213346, "Output": ["ph.id", "ph.posthistorytypeid", "ph.postid", "ph.creationdate", "ph.userid"], "Index Cond": "(ph.userid = b.userid)", "Rows Removed by Index Recheck": 0, "Filter": "(ph.creationdate >= '2010-10-08 00:00:00'::timestamp without time zone)", "Rows Removed by Filter": 84}]}]}, "Planning Time": 1.547, "Triggers": [], "Execution Time": 530759.512}]#####[{"Plan": {"Node Type": "Aggregate", "Strategy": "Plain", "Partial Mode": "Simple", "Parallel Aware": false, "Startup Cost": 194591.29, "Total Cost": 194591.3, "Plan Rows": 1, "Plan Width": 8, "Actual Startup Time": 197348.25, "Actual Total Time": 197348.257, "Actual Rows": 1, "Actual Loops": 1, "Output": ["count(*)"], "Plans": [{"Node Type": "Hash Join", "Parent Relationship": "Outer", "Parallel Aware": false, "Join Type": "Inner", "Startup Cost": 4812.09, "Total Cost": 112670.13, "Plan Rows": 32768461, "Plan Width": 0, "Actual Startup Time": 57.131, "Actual Total Time": 127130.512, "Actual Rows": 2053926162, "Actual Loops": 1, "Inner Unique": false, "Hash Cond": "(b.userid = u.id)", "Plans": [{"Node Type": "Nested Loop", "Parent Relationship": "Outer", "Parallel Aware": false, "Join Type": "Inner", "Startup Cost": 0.29, "Total Cost": 16175.18, "Plan Rows": 1064733, "Plan Width": 8, "Actual Startup Time": 0.083, "Actual Total Time": 265.579, "Actual Rows": 1213346, "Actual Loops": 1, "Output": ["p.owneruserid", "b.userid"], "Inner Unique": false, "Plans": [{"Node Type": "Seq Scan", "Parent Relationship": "Outer", "Parallel Aware": false, "Relation Name": "posts", "Schema": "public", "Alias": "p", "Startup Cost": 0.0, "Total Cost": 874.79, "Plan Rows": 40747, "Plan Width": 4, "Actual Startup Time": 0.057, "Actual Total Time": 13.58, "Actual Rows": 40740, "Actual Loops": 1, "Output": ["p.id", "p.posttypeid", "p.creationdate", "p.score", "p.viewcount", "p.owneruserid", "p.answercount", "p.commentcount", "p.favoritecount", "p.lasteditoruserid"], "Filter": "(p.score >= 0)", "Rows Removed by Filter": 443}, {"Node Type": "Index Only Scan", "Parent Relationship": "Inner", "Parallel Aware": false, "Scan Direction": "Forward", "Index Name": "idx_badges_userid", "Relation Name": "badges", "Schema": "public", "Alias": "b", "Startup Cost": 0.29, "Total Cost": 0.35, "Plan Rows": 3, "Plan Width": 4, "Actual Startup Time": 0.002, "Actual Total Time": 0.004, "Actual Rows": 30, "Actual Loops": 40740, "Output": ["b.userid"], "Index Cond": "(b.userid = p.owneruserid)", "Rows Removed by Index Recheck": 0, "Heap Fetches": 0}]}, {"Node Type": "Hash", "Parent Relationship": "Inner", "Parallel Aware": false, "Startup Cost": 3414.27, "Total Cost": 3414.27, "Plan Rows": 111802, "Plan Width": 8, "Actual Startup Time": 56.174, "Actual Total Time": 56.178, "Actual Rows": 111533, "Actual Loops": 1, "Output": ["ph.userid", "u.id"], "Hash Buckets": 131072, "Original Hash Buckets": 131072, "Hash Batches": 1, "Original Hash Batches": 1, "Peak Memory Usage": 5381, "Plans": [{"Node Type": "Hash Join", "Parent Relationship": "Outer", "Parallel Aware": false, "Join Type": "Inner", "Startup Cost": 520.67, "Total Cost": 3414.27, "Plan Rows": 111802, "Plan Width": 8, "Actual Startup Time": 11.123, "Actual Total Time": 43.773, "Actual Rows": 111533, "Actual Loops": 1, "Output": ["ph.userid", "u.id"], "Inner Unique": true, "Hash Cond": "(ph.userid = u.id)", "Plans": [{"Node Type": "Seq Scan", "Parent Relationship": "Outer", "Parallel Aware": false, "Relation Name": "posthistory", "Schema": "public", "Alias": "ph", "Startup Cost": 0.0, "Total Cost": 2572.93, "Plan Rows": 122132, "Plan Width": 4, "Actual Startup Time": 1.784, "Actual Total Time": 17.649, "Actual Rows": 122360, "Actual Loops": 1, "Output": ["ph.id", "ph.posthistorytypeid", "ph.postid", "ph.creationdate", "ph.userid"], "Filter": "(ph.creationdate >= '2010-10-08 00:00:00'::timestamp without time zone)", "Rows Removed by Filter": 7634}, {"Node Type": "Hash", "Parent Relationship": "Inner", "Parallel Aware": false, "Startup Cost": 334.02, "Total Cost": 334.02, "Plan Rows": 14932, "Plan Width": 4, "Actual Startup Time": 9.209, "Actual Total Time": 9.21, "Actual Rows": 14935, "Actual Loops": 1, "Output": ["u.id"], "Hash Buckets": 16384, "Original Hash Buckets": 16384, "Hash Batches": 1, "Original Hash Batches": 1, "Peak Memory Usage": 654, "Plans": [{"Node Type": "Seq Scan", "Parent Relationship": "Outer", "Parallel Aware": false, "Relation Name": "users", "Schema": "public", "Alias": "u", "Startup Cost": 0.0, "Total Cost": 334.02, "Plan Rows": 14932, "Plan Width": 4, "Actual Startup Time": 0.101, "Actual Total Time": 6.347, "Actual Rows": 14935, "Actual Loops": 1, "Output": ["u.id"], "Filter": "((u.creationdate >= '2010-07-03 02:56:06'::timestamp without time zone) AND (u.creationdate <= '2013-09-04 10:44:00'::timestamp without time zone))", "Rows Removed by Filter": 0}]}]}]}]}]}, "Planning Time": 1.512, "Triggers": [], "Execution Time": 197348.566}]#####[{"Plan": {"Node Type": "Aggregate", "Strategy": "Plain", "Partial Mode": "Simple", "Parallel Aware": false, "Startup Cost": 303729.97, "Total Cost": 303729.98, "Plan Rows": 1, "Plan Width": 8, "Actual Startup Time": 533536.376, "Actual Total Time": 533536.379, "Actual Rows": 1, "Actual Loops": 1, "Output": ["count(*)"], "Plans": [{"Node Type": "Nested Loop", "Parent Relationship": "Outer", "Parallel Aware": false, "Join Type": "Inner", "Startup Cost": 5.32, "Total Cost": 221808.81, "Plan Rows": 32768461, "Plan Width": 0, "Actual Startup Time": 0.79, "Actual Total Time": 459244.892, "Actual Rows": 2053926162, "Actual Loops": 1, "Inner Unique": false, "Plans": [{"Node Type": "Merge Join", "Parent Relationship": "Outer", "Parallel Aware": false, "Join Type": "Inner", "Startup Cost": 5.03, "Total Cost": 133705.95, "Plan Rows": 86745, "Plan Width": 12, "Actual Startup Time": 0.519, "Actual Total Time": 309.225, "Actual Rows": 1213346, "Actual Loops": 1, "Output": ["p.owneruserid", "u.id", "b.userid"], "Inner Unique": false, "Merge Cond": "(b.userid = u.id)", "Plans": [{"Node Type": "Index Only Scan", "Parent Relationship": "Outer", "Parallel Aware": false, "Scan Direction": "Forward", "Index Name": "idx_badges_userid", "Relation Name": "badges", "Schema": "public", "Alias": "b", "Startup Cost": 0.29, "Total Cost": 713.65, "Plan Rows": 32624, "Plan Width": 4, "Actual Startup Time": 0.018, "Actual Total Time": 4.25, "Actual Rows": 32624, "Actual Loops": 1, "Output": ["b.userid"], "Heap Fetches": 0}, {"Node Type": "Materialize", "Parent Relationship": "Inner", "Parallel Aware": false, "Startup Cost": 0.57, "Total Cost": 12898.05, "Plan Rows": 3971100, "Plan Width": 8, "Actual Startup Time": 0.072, "Actual Total Time": 131.429, "Actual Rows": 1214055, "Actual Loops": 1, "Output": ["p.owneruserid", "u.id"], "Plans": [{"Node Type": "Merge Join", "Parent Relationship": "Outer", "Parallel Aware": false, "Join Type": "Inner", "Startup Cost": 0.57, "Total Cost": 2970.3, "Plan Rows": 3971100, "Plan Width": 8, "Actual Startup Time": 0.064, "Actual Total Time": 34.273, "Actual Rows": 39645, "Actual Loops": 1, "Output": ["p.owneruserid", "u.id"], "Inner Unique": true, "Merge Cond": "(p.owneruserid = u.id)", "Plans": [{"Node Type": "Index Scan", "Parent Relationship": "Outer", "Parallel Aware": false, "Scan Direction": "Forward", "Index Name": "idx_posts_owneruserid", "Relation Name": "posts", "Schema": "public", "Alias": "p", "Startup Cost": 0.29, "Total Cost": 1904.15, "Plan Rows": 40747, "Plan Width": 4, "Actual Startup Time": 0.035, "Actual Total Time": 23.579, "Actual Rows": 39690, "Actual Loops": 1, "Output": ["p.id", "p.posttypeid", "p.creationdate", "p.score", "p.viewcount", "p.owneruserid", "p.answercount", "p.commentcount", "p.favoritecount", "p.lasteditoruserid"], "Filter": "(p.score >= 0)", "Rows Removed by Filter": 437}, {"Node Type": "Index Scan", "Parent Relationship": "Inner", "Parallel Aware": false, "Scan Direction": "Forward", "Index Name": "users_pkey", "Relation Name": "users", "Schema": "public", "Alias": "u", "Startup Cost": 0.29, "Total Cost": 583.99, "Plan Rows": 14932, "Plan Width": 4, "Actual Startup Time": 0.027, "Actual Total Time": 4.094, "Actual Rows": 14934, "Actual Loops": 1, "Output": ["u.id", "u.reputation", "u.creationdate", "u.views", "u.upvotes", "u.downvotes"], "Filter": "((u.creationdate >= '2010-07-03 02:56:06'::timestamp without time zone) AND (u.creationdate <= '2013-09-04 10:44:00'::timestamp without time zone))", "Rows Removed by Filter": 0}]}]}]}, {"Node Type": "Index Scan", "Parent Relationship": "Inner", "Parallel Aware": false, "Scan Direction": "Forward", "Index Name": "idx_posthistory_userid", "Relation Name": "posthistory", "Schema": "public", "Alias": "ph", "Startup Cost": 0.29, "Total Cost": 0.83, "Plan Rows": 19, "Plan Width": 4, "Actual Startup Time": 0.013, "Actual Total Time": 0.296, "Actual Rows": 1693, "Actual Loops": 1213346, "Output": ["ph.id", "ph.posthistorytypeid", "ph.postid", "ph.creationdate", "ph.userid"], "Index Cond": "(ph.userid = b.userid)", "Rows Removed by Index Recheck": 0, "Filter": "(ph.creationdate >= '2010-10-08 00:00:00'::timestamp without time zone)", "Rows Removed by Filter": 84}]}]}, "Planning Time": 1.498, "Triggers": [], "Execution Time": 533536.509}]
[{"Plan": {"Node Type": "Aggregate", "Strategy": "Plain", "Partial Mode": "Simple", "Parallel Aware": false, "Startup Cost": 136234.99, "Total Cost": 136235.0, "Plan Rows": 1, "Plan Width": 8, "Actual Startup Time": 187.871, "Actual Total Time": 187.879, "Actual Rows": 1, "Actual Loops": 1, "Output": ["count(*)"], "Plans": [{"Node Type": "Hash Join", "Parent Relationship": "Outer", "Parallel Aware": false, "Join Type": "Inner", "Startup Cost": 10841.47, "Total Cost": 41791.72, "Plan Rows": 37777305, "Plan Width": 0, "Actual Startup Time": 37.074, "Actual Total Time": 139.138, "Actual Rows": 1391077, "Actual Loops": 1, "Inner Unique": false, "Hash Cond": "(c.userid = u.id)", "Plans": [{"Node Type": "Seq Scan", "Parent Relationship": "Outer", "Parallel Aware": false, "Relation Name": "comments", "Schema": "public", "Alias": "c", "Startup Cost": 0.0, "Total Cost": 1773.36, "Plan Rows": 78557, "Plan Width": 4, "Actual Startup Time": 0.079, "Actual Total Time": 9.619, "Actual Rows": 78593, "Actual Loops": 1, "Output": ["c.id", "c.postid", "c.score", "c.creationdate", "c.userid"], "Filter": "((c.creationdate >= '2010-07-29 14:31:10'::timestamp without time zone) AND (c.creationdate <= '2014-09-03 13:37:32'::timestamp without time zone))", "Rows Removed by Filter": 764}, {"Node Type": "Hash", "Parent Relationship": "Inner", "Parallel Aware": false, "Startup Cost": 4607.81, "Total Cost": 4607.81, "Plan Rows": 498693, "Plan Width": 12, "Actual Startup Time": 35.622, "Actual Total Time": 35.627, "Actual Rows": 56807, "Actual Loops": 1, "Output": ["ph.userid", "b.userid", "u.id"], "Hash Buckets": 524288, "Original Hash Buckets": 524288, "Hash Batches": 1, "Original Hash Batches": 1, "Peak Memory Usage": 6537, "Plans": [{"Node Type": "Hash Join", "Parent Relationship": "Outer", "Parallel Aware": false, "Join Type": "Inner", "Startup Cost": 3691.64, "Total Cost": 4607.81, "Plan Rows": 498693, "Plan Width": 12, "Actual Startup Time": 19.682, "Actual Total Time": 29.261, "Actual Rows": 56807, "Actual Loops": 1, "Output": ["ph.userid", "b.userid", "u.id"], "Inner Unique": false, "Hash Cond": "(b.userid = u.id)", "Plans": [{"Node Type": "Seq Scan", "Parent Relationship": "Outer", "Parallel Aware": false, "Relation Name": "badges", "Schema": "public", "Alias": "b", "Startup Cost": 0.0, "Total Cost": 503.24, "Plan Rows": 32624, "Plan Width": 4, "Actual Startup Time": 0.007, "Actual Total Time": 1.763, "Actual Rows": 32624, "Actual Loops": 1, "Output": ["b.id", "b.userid", "b.date"]}, {"Node Type": "Hash", "Parent Relationship": "Inner", "Parallel Aware": false, "Startup Cost": 3525.35, "Total Cost": 3525.35, "Plan Rows": 13303, "Plan Width": 8, "Actual Startup Time": 19.624, "Actual Total Time": 19.628, "Actual Rows": 11936, "Actual Loops": 1, "Output": ["ph.userid", "u.id"], "Hash Buckets": 16384, "Original Hash Buckets": 16384, "Hash Batches": 1, "Original Hash Batches": 1, "Peak Memory Usage": 595, "Plans": [{"Node Type": "Hash Join", "Parent Relationship": "Outer", "Parallel Aware": false, "Join Type": "Inner", "Startup Cost": 587.64, "Total Cost": 3525.35, "Plan Rows": 13303, "Plan Width": 8, "Actual Startup Time": 4.631, "Actual Total Time": 18.224, "Actual Rows": 11936, "Actual Loops": 1, "Output": ["ph.userid", "u.id"], "Inner Unique": true, "Hash Cond": "(ph.userid = u.id)", "Plans": [{"Node Type": "Seq Scan", "Parent Relationship": "Outer", "Parallel Aware": false, "Relation Name": "posthistory", "Schema": "public", "Alias": "ph", "Startup Cost": 0.0, "Total Cost": 2897.91, "Plan Rows": 15158, "Plan Width": 4, "Actual Startup Time": 1.019, "Actual Total Time": 12.424, "Actual Rows": 15265, "Actual Loops": 1, "Output": ["ph.id", "ph.posthistorytypeid", "ph.postid", "ph.creationdate", "ph.userid"], "Filter": "((ph.creationdate >= '2010-11-25 01:33:26'::timestamp without time zone) AND (ph.posthistorytypeid = 3))", "Rows Removed by Filter": 114729}, {"Node Type": "Hash", "Parent Relationship": "Inner", "Parallel Aware": false, "Startup Cost": 408.7, "Total Cost": 408.7, "Plan Rows": 14315, "Plan Width": 4, "Actual Startup Time": 3.555, "Actual Total Time": 3.556, "Actual Rows": 14363, "Actual Loops": 1, "Output": ["u.id"], "Hash Buckets": 16384, "Original Hash Buckets": 16384, "Hash Batches": 1, "Original Hash Batches": 1, "Peak Memory Usage": 633, "Plans": [{"Node Type": "Seq Scan", "Parent Relationship": "Outer", "Parallel Aware": false, "Relation Name": "users", "Schema": "public", "Alias": "u", "Startup Cost": 0.0, "Total Cost": 408.7, "Plan Rows": 14315, "Plan Width": 4, "Actual Startup Time": 0.006, "Actual Total Time": 2.216, "Actual Rows": 14363, "Actual Loops": 1, "Output": ["u.id"], "Filter": "((u.downvotes >= 0) AND (u.downvotes <= 0) AND (u.upvotes >= 0) AND (u.upvotes <= 608))", "Rows Removed by Filter": 572}]}]}]}]}]}]}]}, "Planning Time": 1.561, "Triggers": [], "Execution Time": 188.365}]#####[{"Plan": {"Node Type": "Aggregate", "Strategy": "Plain", "Partial Mode": "Simple", "Parallel Aware": false, "Startup Cost": 987162.64, "Total Cost": 987162.65, "Plan Rows": 1, "Plan Width": 8, "Actual Startup Time": 202.943, "Actual Total Time": 202.949, "Actual Rows": 1, "Actual Loops": 1, "Output": ["count(*)"], "Plans": [{"Node Type": "Hash Join", "Parent Relationship": "Outer", "Parallel Aware": false, "Join Type": "Inner", "Startup Cost": 3484.09, "Total Cost": 42730.0, "Plan Rows": 377773054, "Plan Width": 0, "Actual Startup Time": 24.725, "Actual Total Time": 155.298, "Actual Rows": 1391077, "Actual Loops": 1, "Inner Unique": false, "Hash Cond": "(ph.userid = u.id)", "Plans": [{"Node Type": "Nested Loop", "Parent Relationship": "Outer", "Parallel Aware": false, "Join Type": "Inner", "Startup Cost": 0.29, "Total Cost": 8730.37, "Plan Rows": 568253, "Plan Width": 8, "Actual Startup Time": 1.045, "Actual Total Time": 40.696, "Actual Rows": 126270, "Actual Loops": 1, "Output": ["ph.userid", "b.userid"], "Inner Unique": false, "Plans": [{"Node Type": "Seq Scan", "Parent Relationship": "Outer", "Parallel Aware": false, "Relation Name": "posthistory", "Schema": "public", "Alias": "ph", "Startup Cost": 0.0, "Total Cost": 2897.91, "Plan Rows": 15158, "Plan Width": 4, "Actual Startup Time": 1.018, "Actual Total Time": 12.578, "Actual Rows": 15265, "Actual Loops": 1, "Output": ["ph.id", "ph.posthistorytypeid", "ph.postid", "ph.creationdate", "ph.userid"], "Filter": "((ph.creationdate >= '2010-11-25 01:33:26'::timestamp without time zone) AND (ph.posthistorytypeid = 3))", "Rows Removed by Filter": 114729}, {"Node Type": "Index Only Scan", "Parent Relationship": "Inner", "Parallel Aware": false, "Scan Direction": "Forward", "Index Name": "idx_badges_userid", "Relation Name": "badges", "Schema": "public", "Alias": "b", "Startup Cost": 0.29, "Total Cost": 0.35, "Plan Rows": 3, "Plan Width": 4, "Actual Startup Time": 0.001, "Actual Total Time": 0.001, "Actual Rows": 8, "Actual Loops": 15265, "Output": ["b.userid"], "Index Cond": "(b.userid = ph.userid)", "Rows Removed by Index Recheck": 0, "Heap Fetches": 0}]}, {"Node Type": "Hash", "Parent Relationship": "Inner", "Parallel Aware": false, "Startup Cost": 2567.26, "Total Cost": 2567.26, "Plan Rows": 73323, "Plan Width": 8, "Actual Startup Time": 23.262, "Actual Total Time": 23.265, "Actual Rows": 24341, "Actual Loops": 1, "Output": ["c.userid", "u.id"], "Hash Buckets": 131072, "Original Hash Buckets": 131072, "Hash Batches": 1, "Original Hash Batches": 1, "Peak Memory Usage": 1975, "Plans": [{"Node Type": "Hash Join", "Parent Relationship": "Outer", "Parallel Aware": false, "Join Type": "Inner", "Startup Cost": 587.64, "Total Cost": 2567.26, "Plan Rows": 73323, "Plan Width": 8, "Actual Startup Time": 3.641, "Actual Total Time": 20.606, "Actual Rows": 24341, "Actual Loops": 1, "Output": ["c.userid", "u.id"], "Inner Unique": true, "Hash Cond": "(c.userid = u.id)", "Plans": [{"Node Type": "Seq Scan", "Parent Relationship": "Outer", "Parallel Aware": false, "Relation Name": "comments", "Schema": "public", "Alias": "c", "Startup Cost": 0.0, "Total Cost": 1773.36, "Plan Rows": 78557, "Plan Width": 4, "Actual Startup Time": 0.072, "Actual Total Time": 9.798, "Actual Rows": 78593, "Actual Loops": 1, "Output": ["c.id", "c.postid", "c.score", "c.creationdate", "c.userid"], "Filter": "((c.creationdate >= '2010-07-29 14:31:10'::timestamp without time zone) AND (c.creationdate <= '2014-09-03 13:37:32'::timestamp without time zone))", "Rows Removed by Filter": 764}, {"Node Type": "Hash", "Parent Relationship": "Inner", "Parallel Aware": false, "Startup Cost": 408.7, "Total Cost": 408.7, "Plan Rows": 14315, "Plan Width": 4, "Actual Startup Time": 3.516, "Actual Total Time": 3.516, "Actual Rows": 14363, "Actual Loops": 1, "Output": ["u.id"], "Hash Buckets": 16384, "Original Hash Buckets": 16384, "Hash Batches": 1, "Original Hash Batches": 1, "Peak Memory Usage": 633, "Plans": [{"Node Type": "Seq Scan", "Parent Relationship": "Outer", "Parallel Aware": false, "Relation Name": "users", "Schema": "public", "Alias": "u", "Startup Cost": 0.0, "Total Cost": 408.7, "Plan Rows": 14315, "Plan Width": 4, "Actual Startup Time": 0.005, "Actual Total Time": 2.19, "Actual Rows": 14363, "Actual Loops": 1, "Output": ["u.id"], "Filter": "((u.downvotes >= 0) AND (u.downvotes <= 0) AND (u.upvotes >= 0) AND (u.upvotes <= 608))", "Rows Removed by Filter": 572}]}]}]}]}]}, "Planning Time": 1.494, "Triggers": [], "Execution Time": 203.153}]#####[{"Plan": {"Node Type": "Aggregate", "Strategy": "Plain", "Partial Mode": "Simple", "Parallel Aware": false, "Startup Cost": 1030789.19, "Total Cost": 1030789.2, "Plan Rows": 1, "Plan Width": 8, "Actual Startup Time": 191.348, "Actual Total Time": 191.355, "Actual Rows": 1, "Actual Loops": 1, "Output": ["count(*)"], "Plans": [{"Node Type": "Hash Join", "Parent Relationship": "Outer", "Parallel Aware": false, "Join Type": "Inner", "Startup Cost": 55406.3, "Total Cost": 86356.56, "Plan Rows": 377773054, "Plan Width": 0, "Actual Startup Time": 42.145, "Actual Total Time": 144.304, "Actual Rows": 1391077, "Actual Loops": 1, "Inner Unique": false, "Hash Cond": "(c.userid = u.id)", "Plans": [{"Node Type": "Seq Scan", "Parent Relationship": "Outer", "Parallel Aware": false, "Relation Name": "comments", "Schema": "public", "Alias": "c", "Startup Cost": 0.0, "Total Cost": 1773.36, "Plan Rows": 78557, "Plan Width": 4, "Actual Startup Time": 0.077, "Actual Total Time": 9.434, "Actual Rows": 78593, "Actual Loops": 1, "Output": ["c.id", "c.postid", "c.score", "c.creationdate", "c.userid"], "Filter": "((c.creationdate >= '2010-07-29 14:31:10'::timestamp without time zone) AND (c.creationdate <= '2014-09-03 13:37:32'::timestamp without time zone))", "Rows Removed by Filter": 764}, {"Node Type": "Hash", "Parent Relationship": "Inner", "Parallel Aware": false, "Startup Cost": 49172.64, "Total Cost": 49172.64, "Plan Rows": 498693, "Plan Width": 12, "Actual Startup Time": 40.655, "Actual Total Time": 40.659, "Actual Rows": 56807, "Actual Loops": 1, "Output": ["ph.userid", "b.userid", "u.id"], "Hash Buckets": 524288, "Original Hash Buckets": 524288, "Hash Batches": 1, "Original Hash Batches": 1, "Peak Memory Usage": 6537, "Plans": [{"Node Type": "Merge Join", "Parent Relationship": "Outer", "Parallel Aware": false, "Join Type": "Inner", "Startup Cost": 3952.42, "Total Cost": 49172.64, "Plan Rows": 498693, "Plan Width": 12, "Actual Startup Time": 15.019, "Actual Total Time": 34.268, "Actual Rows": 56807, "Actual Loops": 1, "Output": ["ph.userid", "b.userid", "u.id"], "Inner Unique": false, "Merge Cond": "(b.userid = u.id)", "Plans": [{"Node Type": "Index Only Scan", "Parent Relationship": "Outer", "Parallel Aware": false, "Scan Direction": "Forward", "Index Name": "idx_badges_userid", "Relation Name": "badges", "Schema": "public", "Alias": "b", "Startup Cost": 0.29, "Total Cost": 713.65, "Plan Rows": 32624, "Plan Width": 4, "Actual Startup Time": 0.012, "Actual Total Time": 2.451, "Actual Rows": 32624, "Actual Loops": 1, "Output": ["b.userid"], "Heap Fetches": 0}, {"Node Type": "Materialize", "Parent Relationship": "Inner", "Parallel Aware": false, "Startup Cost": 3950.75, "Total Cost": 8172.97, "Plan Rows": 1330300, "Plan Width": 8, "Actual Startup Time": 14.994, "Actual Total Time": 24.732, "Actual Rows": 57307, "Actual Loops": 1, "Output": ["ph.userid", "u.id"], "Plans": [{"Node Type": "Merge Join", "Parent Relationship": "Outer", "Parallel Aware": false, "Join Type": "Inner", "Startup Cost": 3950.75, "Total Cost": 4847.22, "Plan Rows": 1330300, "Plan Width": 8, "Actual Startup Time": 14.992, "Actual Total Time": 21.6, "Actual Rows": 11929, "Actual Loops": 1, "Output": ["ph.userid", "u.id"], "Inner Unique": false, "Merge Cond": "(u.id = ph.userid)", "Plans": [{"Node Type": "Index Scan", "Parent Relationship": "Outer", "Parallel Aware": false, "Scan Direction": "Forward", "Index Name": "users_pkey", "Relation Name": "users", "Schema": "public", "Alias": "u", "Startup Cost": 0.29, "Total Cost": 658.66, "Plan Rows": 14315, "Plan Width": 4, "Actual Startup Time": 0.014, "Actual Total Time": 3.306, "Actual Rows": 14362, "Actual Loops": 1, "Output": ["u.id", "u.reputation", "u.creationdate", "u.views", "u.upvotes", "u.downvotes"], "Filter": "((u.downvotes >= 0) AND (u.downvotes <= 0) AND (u.upvotes >= 0) AND (u.upvotes <= 608))", "Rows Removed by Filter": 572}, {"Node Type": "Sort", "Parent Relationship": "Inner", "Parallel Aware": false, "Startup Cost": 3950.47, "Total Cost": 3988.36, "Plan Rows": 15158, "Plan Width": 4, "Actual Startup Time": 14.971, "Actual Total Time": 15.973, "Actual Rows": 14836, "Actual Loops": 1, "Output": ["ph.userid"], "Sort Key": ["ph.userid"], "Sort Method": "quicksort", "Sort Space Used": 1094, "Sort Space Type": "Memory", "Plans": [{"Node Type": "Seq Scan", "Parent Relationship": "Outer", "Parallel Aware": false, "Relation Name": "posthistory", "Schema": "public", "Alias": "ph", "Startup Cost": 0.0, "Total Cost": 2897.91, "Plan Rows": 15158, "Plan Width": 4, "Actual Startup Time": 0.977, "Actual Total Time": 12.275, "Actual Rows": 15265, "Actual Loops": 1, "Output": ["ph.userid"], "Filter": "((ph.creationdate >= '2010-11-25 01:33:26'::timestamp without time zone) AND (ph.posthistorytypeid = 3))", "Rows Removed by Filter": 114729}]}]}]}]}]}]}]}, "Planning Time": 1.928, "Triggers": [], "Execution Time": 191.928}]
[{"Plan": {"Node Type": "Aggregate", "Strategy": "Plain", "Partial Mode": "Simple", "Parallel Aware": false, "Startup Cost": 2093243.59, "Total Cost": 2093243.6, "Plan Rows": 1, "Plan Width": 8, "Actual Startup Time": 2035.345, "Actual Total Time": 2035.352, "Actual Rows": 1, "Actual Loops": 1, "Output": ["count(*)"], "Plans": [{"Node Type": "Hash Join", "Parent Relationship": "Outer", "Parallel Aware": false, "Join Type": "Inner", "Startup Cost": 2821.85, "Total Cost": 330986.46, "Plan Rows": 704902854, "Plan Width": 0, "Actual Startup Time": 37.205, "Actual Total Time": 2034.922, "Actual Rows": 12059, "Actual Loops": 1, "Inner Unique": false, "Hash Cond": "(c.userid = u.id)", "Plans": [{"Node Type": "Nested Loop", "Parent Relationship": "Outer", "Parallel Aware": false, "Join Type": "Inner", "Startup Cost": 0.29, "Total Cost": 11879.74, "Plan Rows": 9803079, "Plan Width": 8, "Actual Startup Time": 0.034, "Actual Total Time": 1441.379, "Actual Rows": 13863966, "Actual Loops": 1, "Output": ["c.userid", "ph.userid"], "Inner Unique": false, "Plans": [{"Node Type": "Seq Scan", "Parent Relationship": "Outer", "Parallel Aware": false, "Relation Name": "comments", "Schema": "public", "Alias": "c", "Startup Cost": 0.0, "Total Cost": 1574.96, "Plan Rows": 11576, "Plan Width": 4, "Actual Startup Time": 0.011, "Actual Total Time": 7.417, "Actual Rows": 11485, "Actual Loops": 1, "Output": ["c.id", "c.postid", "c.score", "c.creationdate", "c.userid"], "Filter": "(c.score = 1)", "Rows Removed by Filter": 67872}, {"Node Type": "Index Only Scan", "Parent Relationship": "Inner", "Parallel Aware": false, "Scan Direction": "Forward", "Index Name": "idx_posthistory_userid", "Relation Name": "posthistory", "Schema": "public", "Alias": "ph", "Startup Cost": 0.29, "Total Cost": 0.69, "Plan Rows": 20, "Plan Width": 4, "Actual Startup Time": 0.002, "Actual Total Time": 0.061, "Actual Rows": 1207, "Actual Loops": 11485, "Output": ["ph.userid"], "Index Cond": "(ph.userid = c.userid)", "Rows Removed by Index Recheck": 0, "Heap Fetches": 0}]}, {"Node Type": "Hash", "Parent Relationship": "Inner", "Parallel Aware": false, "Startup Cost": 2322.84, "Total Cost": 2322.84, "Plan Rows": 39897, "Plan Width": 12, "Actual Startup Time": 12.323, "Actual Total Time": 12.328, "Actual Rows": 2330, "Actual Loops": 1, "Output": ["p.lasteditoruserid", "b.userid", "u.id"], "Hash Buckets": 65536, "Original Hash Buckets": 65536, "Hash Batches": 1, "Original Hash Batches": 1, "Peak Memory Usage": 613, "Plans": [{"Node Type": "Nested Loop", "Parent Relationship": "Outer", "Parallel Aware": false, "Join Type": "Inner", "Startup Cost": 529.44, "Total Cost": 2322.84, "Plan Rows": 39897, "Plan Width": 12, "Actual Startup Time": 3.518, "Actual Total Time": 12.008, "Actual Rows": 2330, "Actual Loops": 1, "Output": ["p.lasteditoruserid", "b.userid", "u.id"], "Inner Unique": false, "Plans": [{"Node Type": "Hash Join", "Parent Relationship": "Outer", "Parallel Aware": false, "Join Type": "Inner", "Startup Cost": 529.15, "Total Cost": 1822.76, "Plan Rows": 1108, "Plan Width": 8, "Actual Startup Time": 3.498, "Actual Total Time": 9.401, "Actual Rows": 558, "Actual Loops": 1, "Output": ["p.lasteditoruserid", "u.id"], "Inner Unique": true, "Hash Cond": "(p.lasteditoruserid = u.id)", "Plans": [{"Node Type": "Seq Scan", "Parent Relationship": "Outer", "Parallel Aware": false, "Relation Name": "posts", "Schema": "public", "Alias": "p", "Startup Cost": 0.0, "Total Cost": 1286.62, "Plan Rows": 2665, "Plan Width": 4, "Actual Startup Time": 0.009, "Actual Total Time": 5.407, "Actual Rows": 6257, "Actual Loops": 1, "Output": ["p.id", "p.posttypeid", "p.creationdate", "p.score", "p.viewcount", "p.owneruserid", "p.answercount", "p.commentcount", "p.favoritecount", "p.lasteditoruserid"], "Filter": "((p.score >= 0) AND (p.viewcount >= 0) AND (p.viewcount <= 2750) AND (p.favoritecount >= 0) AND (p.creationdate <= '2014-08-30 17:09:17'::timestamp without time zone))", "Rows Removed by Filter": 34926}, {"Node Type": "Hash", "Parent Relationship": "Inner", "Parallel Aware": false, "Startup Cost": 371.36, "Total Cost": 371.36, "Plan Rows": 12623, "Plan Width": 4, "Actual Startup Time": 3.44, "Actual Total Time": 3.441, "Actual Rows": 13632, "Actual Loops": 1, "Output": ["u.id"], "Hash Buckets": 16384, "Original Hash Buckets": 16384, "Hash Batches": 1, "Original Hash Batches": 1, "Peak Memory Usage": 608, "Plans": [{"Node Type": "Seq Scan", "Parent Relationship": "Outer", "Parallel Aware": false, "Relation Name": "users", "Schema": "public", "Alias": "u", "Startup Cost": 0.0, "Total Cost": 371.36, "Plan Rows": 12623, "Plan Width": 4, "Actual Startup Time": 0.006, "Actual Total Time": 2.187, "Actual Rows": 13632, "Actual Loops": 1, "Output": ["u.id"], "Filter": "((u.reputation <= 210) AND (u.views <= 44) AND (u.downvotes <= 0))", "Rows Removed by Filter": 1303}]}]}, {"Node Type": "Index Scan", "Parent Relationship": "Inner", "Parallel Aware": false, "Scan Direction": "Forward", "Index Name": "idx_badges_userid", "Relation Name": "badges", "Schema": "public", "Alias": "b", "Startup Cost": 0.29, "Total Cost": 0.42, "Plan Rows": 3, "Plan Width": 4, "Actual Startup Time": 0.002, "Actual Total Time": 0.004, "Actual Rows": 4, "Actual Loops": 558, "Output": ["b.id", "b.userid", "b.date"], "Index Cond": "(b.userid = u.id)", "Rows Removed by Index Recheck": 0, "Filter": "(b.date >= '2010-07-27 09:13:44'::timestamp without time zone)", "Rows Removed by Filter": 0}]}]}]}]}, "Planning Time": 2.552, "Triggers": [], "Execution Time": 2035.513}]#####[{"Plan": {"Node Type": "Aggregate", "Strategy": "Plain", "Partial Mode": "Simple", "Parallel Aware": false, "Startup Cost": 17675474.73, "Total Cost": 17675474.74, "Plan Rows": 1, "Plan Width": 8, "Actual Startup Time": 74.26, "Actual Total Time": 74.263, "Actual Rows": 1, "Actual Loops": 1, "Output": ["count(*)"], "Plans": [{"Node Type": "Merge Join", "Parent Relationship": "Outer", "Parallel Aware": false, "Join Type": "Inner", "Startup Cost": 7.33, "Total Cost": 52903.36, "Plan Rows": 7049028549, "Plan Width": 0, "Actual Startup Time": 14.703, "Actual Total Time": 73.809, "Actual Rows": 12059, "Actual Loops": 1, "Inner Unique": false, "Merge Cond": "(c.userid = u.id)", "Plans": [{"Node Type": "Index Scan", "Parent Relationship": "Outer", "Parallel Aware": false, "Scan Direction": "Forward", "Index Name": "idx_comments_userid", "Relation Name": "comments", "Schema": "public", "Alias": "c", "Startup Cost": 0.29, "Total Cost": 3562.4, "Plan Rows": 11576, "Plan Width": 4, "Actual Startup Time": 0.024, "Actual Total Time": 21.01, "Actual Rows": 11177, "Actual Loops": 1, "Output": ["c.id", "c.postid", "c.score", "c.creationdate", "c.userid"], "Filter": "(c.score = 1)", "Rows Removed by Filter": 65955}, {"Node Type": "Materialize", "Parent Relationship": "Inner", "Parallel Aware": false, "Startup Cost": 1.15, "Total Cost": 17469.66, "Plan Rows": 3178428, "Plan Width": 16, "Actual Startup Time": 1.765, "Actual Total Time": 49.599, "Actual Rows": 33420, "Actual Loops": 1, "Output": ["p.lasteditoruserid", "ph.userid", "b.userid", "u.id"], "Plans": [{"Node Type": "Merge Join", "Parent Relationship": "Outer", "Parallel Aware": false, "Join Type": "Inner", "Startup Cost": 1.15, "Total Cost": 9523.59, "Plan Rows": 3178428, "Plan Width": 16, "Actual Startup Time": 1.763, "Actual Total Time": 45.304, "Actual Rows": 30878, "Actual Loops": 1, "Output": ["p.lasteditoruserid", "ph.userid", "b.userid", "u.id"], "Inner Unique": false, "Merge Cond": "(u.id = ph.userid)", "Plans": [{"Node Type": "Nested Loop", "Parent Relationship": "Outer", "Parallel Aware": false, "Join Type": "Inner", "Startup Cost": 0.86, "Total Cost": 2423.09, "Plan Rows": 39897, "Plan Width": 12, "Actual Startup Time": 0.914, "Actual Total Time": 15.068, "Actual Rows": 2330, "Actual Loops": 1, "Output": ["p.lasteditoruserid", "b.userid", "u.id"], "Inner Unique": false, "Plans": [{"Node Type": "Merge Join", "Parent Relationship": "Outer", "Parallel Aware": false, "Join Type": "Inner", "Startup Cost": 0.57, "Total Cost": 1923.01, "Plan Rows": 1108, "Plan Width": 8, "Actual Startup Time": 0.9, "Actual Total Time": 12.397, "Actual Rows": 558, "Actual Loops": 1, "Output": ["p.lasteditoruserid", "u.id"], "Inner Unique": true, "Merge Cond": "(p.lasteditoruserid = u.id)", "Plans": [{"Node Type": "Index Scan", "Parent Relationship": "Outer", "Parallel Aware": false, "Scan Direction": "Forward", "Index Name": "idx_posts_lasteditoruserid", "Relation Name": "posts", "Schema": "public", "Alias": "p", "Startup Cost": 0.29, "Total Cost": 2554.39, "Plan Rows": 2665, "Plan Width": 4, "Actual Startup Time": 0.084, "Actual Total Time": 8.763, "Actual Rows": 4752, "Actual Loops": 1, "Output": ["p.id", "p.posttypeid", "p.creationdate", "p.score", "p.viewcount", "p.owneruserid", "p.answercount", "p.commentcount", "p.favoritecount", "p.lasteditoruserid"], "Filter": "((p.score >= 0) AND (p.viewcount >= 0) AND (p.viewcount <= 2750) AND (p.favoritecount >= 0) AND (p.creationdate <= '2014-08-30 17:09:17'::timestamp without time zone))", "Rows Removed by Filter": 15549}, {"Node Type": "Index Scan", "Parent Relationship": "Inner", "Parallel Aware": false, "Scan Direction": "Forward", "Index Name": "users_pkey", "Relation Name": "users", "Schema": "public", "Alias": "u", "Startup Cost": 0.29, "Total Cost": 621.32, "Plan Rows": 12623, "Plan Width": 4, "Actual Startup Time": 0.015, "Actual Total Time": 2.835, "Actual Rows": 13632, "Actual Loops": 1, "Output": ["u.id", "u.reputation", "u.creationdate", "u.views", "u.upvotes", "u.downvotes"], "Filter": "((u.reputation <= 210) AND (u.views <= 44) AND (u.downvotes <= 0))", "Rows Removed by Filter": 1303}]}, {"Node Type": "Index Scan", "Parent Relationship": "Inner", "Parallel Aware": false, "Scan Direction": "Forward", "Index Name": "idx_badges_userid", "Relation Name": "badges", "Schema": "public", "Alias": "b", "Startup Cost": 0.29, "Total Cost": 0.42, "Plan Rows": 3, "Plan Width": 4, "Actual Startup Time": 0.002, "Actual Total Time": 0.004, "Actual Rows": 4, "Actual Loops": 558, "Output": ["b.id", "b.userid", "b.date"], "Index Cond": "(b.userid = u.id)", "Rows Removed by Index Recheck": 0, "Filter": "(b.date >= '2010-07-27 09:13:44'::timestamp without time zone)", "Rows Removed by Filter": 0}]}, {"Node Type": "Materialize", "Parent Relationship": "Inner", "Parallel Aware": false, "Startup Cost": 0.29, "Total Cost": 2827.19, "Plan Rows": 129994, "Plan Width": 4, "Actual Startup Time": 0.018, "Actual Total Time": 20.115, "Actual Rows": 143954, "Actual Loops": 1, "Output": ["ph.userid"], "Plans": [{"Node Type": "Index Only Scan", "Parent Relationship": "Outer", "Parallel Aware": false, "Scan Direction": "Forward", "Index Name": "idx_posthistory_userid", "Relation Name": "posthistory", "Schema": "public", "Alias": "ph", "Startup Cost": 0.29, "Total Cost": 2502.2, "Plan Rows": 129994, "Plan Width": 4, "Actual Startup Time": 0.015, "Actual Total Time": 7.208, "Actual Rows": 118322, "Actual Loops": 1, "Output": ["ph.userid"], "Heap Fetches": 0}]}]}]}]}]}, "Planning Time": 5.779, "Triggers": [], "Execution Time": 74.386}]#####[{"Plan": {"Node Type": "Aggregate", "Strategy": "Plain", "Partial Mode": "Simple", "Parallel Aware": false, "Startup Cost": 17638842.85, "Total Cost": 17638842.86, "Plan Rows": 1, "Plan Width": 8, "Actual Startup Time": 56.903, "Actual Total Time": 56.906, "Actual Rows": 1, "Actual Loops": 1, "Output": ["count(*)"], "Plans": [{"Node Type": "Merge Join", "Parent Relationship": "Outer", "Parallel Aware": false, "Join Type": "Inner", "Startup Cost": 2360.9, "Total Cost": 16271.48, "Plan Rows": 7049028549, "Plan Width": 0, "Actual Startup Time": 17.94, "Actual Total Time": 56.468, "Actual Rows": 12059, "Actual Loops": 1, "Inner Unique": false, "Merge Cond": "(u.id = c.userid)", "Plans": [{"Node Type": "Merge Join", "Parent Relationship": "Outer", "Parallel Aware": false, "Join Type": "Inner", "Startup Cost": 1.15, "Total Cost": 9523.59, "Plan Rows": 317842, "Plan Width": 16, "Actual Startup Time": 1.714, "Actual Total Time": 44.115, "Actual Rows": 30878, "Actual Loops": 1, "Output": ["p.lasteditoruserid", "ph.userid", "b.userid", "u.id"], "Inner Unique": false, "Merge Cond": "(u.id = ph.userid)", "Plans": [{"Node Type": "Nested Loop", "Parent Relationship": "Outer", "Parallel Aware": false, "Join Type": "Inner", "Startup Cost": 0.86, "Total Cost": 2423.09, "Plan Rows": 39897, "Plan Width": 12, "Actual Startup Time": 0.87, "Actual Total Time": 14.328, "Actual Rows": 2330, "Actual Loops": 1, "Output": ["p.lasteditoruserid", "b.userid", "u.id"], "Inner Unique": false, "Plans": [{"Node Type": "Merge Join", "Parent Relationship": "Outer", "Parallel Aware": false, "Join Type": "Inner", "Startup Cost": 0.57, "Total Cost": 1923.01, "Plan Rows": 1108, "Plan Width": 8, "Actual Startup Time": 0.857, "Actual Total Time": 11.787, "Actual Rows": 558, "Actual Loops": 1, "Output": ["p.lasteditoruserid", "u.id"], "Inner Unique": true, "Merge Cond": "(p.lasteditoruserid = u.id)", "Plans": [{"Node Type": "Index Scan", "Parent Relationship": "Outer", "Parallel Aware": false, "Scan Direction": "Forward", "Index Name": "idx_posts_lasteditoruserid", "Relation Name": "posts", "Schema": "public", "Alias": "p", "Startup Cost": 0.29, "Total Cost": 2554.39, "Plan Rows": 2665, "Plan Width": 4, "Actual Startup Time": 0.08, "Actual Total Time": 8.217, "Actual Rows": 4752, "Actual Loops": 1, "Output": ["p.id", "p.posttypeid", "p.creationdate", "p.score", "p.viewcount", "p.owneruserid", "p.answercount", "p.commentcount", "p.favoritecount", "p.lasteditoruserid"], "Filter": "((p.score >= 0) AND (p.viewcount >= 0) AND (p.viewcount <= 2750) AND (p.favoritecount >= 0) AND (p.creationdate <= '2014-08-30 17:09:17'::timestamp without time zone))", "Rows Removed by Filter": 15549}, {"Node Type": "Index Scan", "Parent Relationship": "Inner", "Parallel Aware": false, "Scan Direction": "Forward", "Index Name": "users_pkey", "Relation Name": "users", "Schema": "public", "Alias": "u", "Startup Cost": 0.29, "Total Cost": 621.32, "Plan Rows": 12623, "Plan Width": 4, "Actual Startup Time": 0.011, "Actual Total Time": 2.786, "Actual Rows": 13632, "Actual Loops": 1, "Output": ["u.id", "u.reputation", "u.creationdate", "u.views", "u.upvotes", "u.downvotes"], "Filter": "((u.reputation <= 210) AND (u.views <= 44) AND (u.downvotes <= 0))", "Rows Removed by Filter": 1303}]}, {"Node Type": "Index Scan", "Parent Relationship": "Inner", "Parallel Aware": false, "Scan Direction": "Forward", "Index Name": "idx_badges_userid", "Relation Name": "badges", "Schema": "public", "Alias": "b", "Startup Cost": 0.29, "Total Cost": 0.42, "Plan Rows": 3, "Plan Width": 4, "Actual Startup Time": 0.002, "Actual Total Time": 0.004, "Actual Rows": 4, "Actual Loops": 558, "Output": ["b.id", "b.userid", "b.date"], "Index Cond": "(b.userid = u.id)", "Rows Removed by Index Recheck": 0, "Filter": "(b.date >= '2010-07-27 09:13:44'::timestamp without time zone)", "Rows Removed by Filter": 0}]}, {"Node Type": "Materialize", "Parent Relationship": "Inner", "Parallel Aware": false, "Startup Cost": 0.29, "Total Cost": 2827.19, "Plan Rows": 129994, "Plan Width": 4, "Actual Startup Time": 0.014, "Actual Total Time": 20.021, "Actual Rows": 143954, "Actual Loops": 1, "Output": ["ph.userid"], "Plans": [{"Node Type": "Index Only Scan", "Parent Relationship": "Outer", "Parallel Aware": false, "Scan Direction": "Forward", "Index Name": "idx_posthistory_userid", "Relation Name": "posthistory", "Schema": "public", "Alias": "ph", "Startup Cost": 0.29, "Total Cost": 2502.2, "Plan Rows": 129994, "Plan Width": 4, "Actual Startup Time": 0.012, "Actual Total Time": 7.074, "Actual Rows": 118322, "Actual Loops": 1, "Output": ["ph.userid"], "Heap Fetches": 0}]}]}, {"Node Type": "Sort", "Parent Relationship": "Inner", "Parallel Aware": false, "Startup Cost": 2356.28, "Total Cost": 2385.22, "Plan Rows": 11576, "Plan Width": 4, "Actual Startup Time": 8.638, "Actual Total Time": 9.732, "Actual Rows": 23118, "Actual Loops": 1, "Output": ["c.userid"], "Sort Key": ["c.userid"], "Sort Method": "quicksort", "Sort Space Used": 918, "Sort Space Type": "Memory", "Plans": [{"Node Type": "Seq Scan", "Parent Relationship": "Outer", "Parallel Aware": false, "Relation Name": "comments", "Schema": "public", "Alias": "c", "Startup Cost": 0.0, "Total Cost": 1574.96, "Plan Rows": 11576, "Plan Width": 4, "Actual Startup Time": 0.007, "Actual Total Time": 6.956, "Actual Rows": 11485, "Actual Loops": 1, "Output": ["c.userid"], "Filter": "(c.score = 1)", "Rows Removed by Filter": 67872}]}]}]}, "Planning Time": 3.767, "Triggers": [], "Execution Time": 57.09}]
[{"Plan": {"Node Type": "Aggregate", "Strategy": "Plain", "Partial Mode": "Simple", "Parallel Aware": false, "Startup Cost": 891.21, "Total Cost": 891.22, "Plan Rows": 1, "Plan Width": 8, "Actual Startup Time": 8.419, "Actual Total Time": 8.422, "Actual Rows": 1, "Actual Loops": 1, "Output": ["count(*)"], "Plans": [{"Node Type": "Nested Loop", "Parent Relationship": "Outer", "Parallel Aware": false, "Join Type": "Inner", "Startup Cost": 0.86, "Total Cost": 891.21, "Plan Rows": 1, "Plan Width": 0, "Actual Startup Time": 8.415, "Actual Total Time": 8.417, "Actual Rows": 0, "Actual Loops": 1, "Inner Unique": false, "Plans": [{"Node Type": "Nested Loop", "Parent Relationship": "Outer", "Parallel Aware": false, "Join Type": "Inner", "Startup Cost": 0.58, "Total Cost": 890.83, "Plan Rows": 1, "Plan Width": 12, "Actual Startup Time": 8.415, "Actual Total Time": 8.417, "Actual Rows": 0, "Actual Loops": 1, "Output": ["ph.userid", "p.owneruserid", "u.id"], "Inner Unique": false, "Plans": [{"Node Type": "Nested Loop", "Parent Relationship": "Outer", "Parallel Aware": false, "Join Type": "Inner", "Startup Cost": 0.29, "Total Cost": 887.7, "Plan Rows": 3, "Plan Width": 8, "Actual Startup Time": 0.873, "Actual Total Time": 3.958, "Actual Rows": 6, "Actual Loops": 1, "Output": ["p.owneruserid", "u.id"], "Inner Unique": true, "Plans": [{"Node Type": "Seq Scan", "Parent Relationship": "Outer", "Parallel Aware": false, "Relation Name": "posts", "Schema": "public", "Alias": "p", "Startup Cost": 0.0, "Total Cost": 874.79, "Plan Rows": 3, "Plan Width": 4, "Actual Startup Time": 0.861, "Actual Total Time": 3.936, "Actual Rows": 6, "Actual Loops": 1, "Output": ["p.id", "p.posttypeid", "p.creationdate", "p.score", "p.viewcount", "p.owneruserid", "p.answercount", "p.commentcount", "p.favoritecount", "p.lasteditoruserid"], "Filter": "(p.posttypeid = 3)", "Rows Removed by Filter": 41177}, {"Node Type": "Index Only Scan", "Parent Relationship": "Inner", "Parallel Aware": false, "Scan Direction": "Forward", "Index Name": "users_pkey", "Relation Name": "users", "Schema": "public", "Alias": "u", "Startup Cost": 0.29, "Total Cost": 4.3, "Plan Rows": 1, "Plan Width": 4, "Actual Startup Time": 0.003, "Actual Total Time": 0.003, "Actual Rows": 1, "Actual Loops": 6, "Output": ["u.id"], "Index Cond": "(u.id = p.owneruserid)", "Rows Removed by Index Recheck": 0, "Heap Fetches": 0}]}, {"Node Type": "Index Scan", "Parent Relationship": "Inner", "Parallel Aware": false, "Scan Direction": "Forward", "Index Name": "idx_posthistory_userid", "Relation Name": "posthistory", "Schema": "public", "Alias": "ph", "Startup Cost": 0.29, "Total Cost": 1.03, "Plan Rows": 1, "Plan Width": 4, "Actual Startup Time": 0.743, "Actual Total Time": 0.743, "Actual Rows": 0, "Actual Loops": 6, "Output": ["ph.id", "ph.posthistorytypeid", "ph.postid", "ph.creationdate", "ph.userid"], "Index Cond": "(ph.userid = u.id)", "Rows Removed by Index Recheck": 0, "Filter": "((ph.creationdate >= '2013-04-27 18:08:19'::timestamp without time zone) AND (ph.creationdate <= '2016-06-15 08:22:43'::timestamp without time zone))", "Rows Removed by Filter": 2406}]}, {"Node Type": "Index Only Scan", "Parent Relationship": "Inner", "Parallel Aware": false, "Scan Direction": "Forward", "Index Name": "idx_badges_userid", "Relation Name": "badges", "Schema": "public", "Alias": "b", "Startup Cost": 0.29, "Total Cost": 0.35, "Plan Rows": 3, "Plan Width": 4, "Actual Startup Time": 0.0, "Actual Total Time": 0.0, "Actual Rows": 0, "Actual Loops": 0, "Output": ["b.userid"], "Index Cond": "(b.userid = u.id)", "Rows Removed by Index Recheck": 0, "Heap Fetches": 0}]}]}, "Planning Time": 1.471, "Triggers": [], "Execution Time": 8.486}]#####[{"Plan": {"Node Type": "Aggregate", "Strategy": "Plain", "Partial Mode": "Simple", "Parallel Aware": false, "Startup Cost": 889.74, "Total Cost": 889.75, "Plan Rows": 1, "Plan Width": 8, "Actual Startup Time": 4.053, "Actual Total Time": 4.055, "Actual Rows": 1, "Actual Loops": 1, "Output": ["count(*)"], "Plans": [{"Node Type": "Nested Loop", "Parent Relationship": "Outer", "Parallel Aware": false, "Join Type": "Inner", "Startup Cost": 0.86, "Total Cost": 889.74, "Plan Rows": 2, "Plan Width": 0, "Actual Startup Time": 4.049, "Actual Total Time": 4.051, "Actual Rows": 0, "Actual Loops": 1, "Inner Unique": false, "Plans": [{"Node Type": "Nested Loop", "Parent Relationship": "Outer", "Parallel Aware": false, "Join Type": "Inner", "Startup Cost": 0.57, "Total Cost": 888.85, "Plan Rows": 1, "Plan Width": 12, "Actual Startup Time": 4.048, "Actual Total Time": 4.05, "Actual Rows": 0, "Actual Loops": 1, "Output": ["p.owneruserid", "u.id", "b.userid"], "Inner Unique": false, "Plans": [{"Node Type": "Nested Loop", "Parent Relationship": "Outer", "Parallel Aware": false, "Join Type": "Inner", "Startup Cost": 0.29, "Total Cost": 887.7, "Plan Rows": 3, "Plan Width": 8, "Actual Startup Time": 0.847, "Actual Total Time": 4.04, "Actual Rows": 6, "Actual Loops": 1, "Output": ["p.owneruserid", "u.id"], "Inner Unique": true, "Plans": [{"Node Type": "Seq Scan", "Parent Relationship": "Outer", "Parallel Aware": false, "Relation Name": "posts", "Schema": "public", "Alias": "p", "Startup Cost": 0.0, "Total Cost": 874.79, "Plan Rows": 3, "Plan Width": 4, "Actual Startup Time": 0.833, "Actual Total Time": 4.02, "Actual Rows": 6, "Actual Loops": 1, "Output": ["p.id", "p.posttypeid", "p.creationdate", "p.score", "p.viewcount", "p.owneruserid", "p.answercount", "p.commentcount", "p.favoritecount", "p.lasteditoruserid"], "Filter": "(p.posttypeid = 3)", "Rows Removed by Filter": 41177}, {"Node Type": "Index Only Scan", "Parent Relationship": "Inner", "Parallel Aware": false, "Scan Direction": "Forward", "Index Name": "users_pkey", "Relation Name": "users", "Schema": "public", "Alias": "u", "Startup Cost": 0.29, "Total Cost": 4.3, "Plan Rows": 1, "Plan Width": 4, "Actual Startup Time": 0.003, "Actual Total Time": 0.003, "Actual Rows": 1, "Actual Loops": 6, "Output": ["u.id"], "Index Cond": "(u.id = p.owneruserid)", "Rows Removed by Index Recheck": 0, "Heap Fetches": 0}]}, {"Node Type": "Index Only Scan", "Parent Relationship": "Inner", "Parallel Aware": false, "Scan Direction": "Forward", "Index Name": "idx_badges_userid", "Relation Name": "badges", "Schema": "public", "Alias": "b", "Startup Cost": 0.29, "Total Cost": 0.35, "Plan Rows": 3, "Plan Width": 4, "Actual Startup Time": 0.001, "Actual Total Time": 0.001, "Actual Rows": 0, "Actual Loops": 6, "Output": ["b.userid"], "Index Cond": "(b.userid = u.id)", "Rows Removed by Index Recheck": 0, "Heap Fetches": 0}]}, {"Node Type": "Index Scan", "Parent Relationship": "Inner", "Parallel Aware": false, "Scan Direction": "Forward", "Index Name": "idx_posthistory_userid", "Relation Name": "posthistory", "Schema": "public", "Alias": "ph", "Startup Cost": 0.29, "Total Cost": 0.88, "Plan Rows": 1, "Plan Width": 4, "Actual Startup Time": 0.0, "Actual Total Time": 0.0, "Actual Rows": 0, "Actual Loops": 0, "Output": ["ph.id", "ph.posthistorytypeid", "ph.postid", "ph.creationdate", "ph.userid"], "Index Cond": "(ph.userid = b.userid)", "Rows Removed by Index Recheck": 0, "Filter": "((ph.creationdate >= '2013-04-27 18:08:19'::timestamp without time zone) AND (ph.creationdate <= '2016-06-15 08:22:43'::timestamp without time zone))", "Rows Removed by Filter": 0}]}]}, "Planning Time": 2.515, "Triggers": [], "Execution Time": 4.117}]
[{"Plan": {"Node Type": "Aggregate", "Strategy": "Plain", "Partial Mode": "Simple", "Parallel Aware": false, "Startup Cost": 1353.2, "Total Cost": 1353.21, "Plan Rows": 1, "Plan Width": 8, "Actual Startup Time": 6.618, "Actual Total Time": 6.625, "Actual Rows": 1, "Actual Loops": 1, "Output": ["count(*)"], "Plans": [{"Node Type": "Nested Loop", "Parent Relationship": "Outer", "Parallel Aware": false, "Join Type": "Inner", "Startup Cost": 1103.1, "Total Cost": 1352.47, "Plan Rows": 293, "Plan Width": 0, "Actual Startup Time": 6.612, "Actual Total Time": 6.619, "Actual Rows": 0, "Actual Loops": 1, "Inner Unique": false, "Plans": [{"Node Type": "Nested Loop", "Parent Relationship": "Outer", "Parallel Aware": false, "Join Type": "Inner", "Startup Cost": 1102.81, "Total Cost": 1315.47, "Plan Rows": 80, "Plan Width": 8, "Actual Startup Time": 6.612, "Actual Total Time": 6.618, "Actual Rows": 0, "Actual Loops": 1, "Output": ["p.lasteditoruserid", "u.id"], "Inner Unique": false, "Join Filter": "(p.id = v.postid)", "Rows Removed by Join Filter": 0, "Plans": [{"Node Type": "Nested Loop", "Parent Relationship": "Outer", "Parallel Aware": false, "Join Type": "Inner", "Startup Cost": 1102.52, "Total Cost": 1302.42, "Plan Rows": 24, "Plan Width": 20, "Actual Startup Time": 6.611, "Actual Total Time": 6.618, "Actual Rows": 0, "Actual Loops": 1, "Output": ["c.postid", "p.id", "p.lasteditoruserid", "pl.relatedpostid", "u.id"], "Inner Unique": false, "Join Filter": "(p.id = c.postid)", "Rows Removed by Join Filter": 0, "Plans": [{"Node Type": "Nested Loop", "Parent Relationship": "Outer", "Parallel Aware": false, "Join Type": "Inner", "Startup Cost": 1102.23, "Total Cost": 1295.2, "Plan Rows": 13, "Plan Width": 16, "Actual Startup Time": 6.611, "Actual Total Time": 6.617, "Actual Rows": 0, "Actual Loops": 1, "Output": ["p.id", "p.lasteditoruserid", "pl.relatedpostid", "u.id"], "Inner Unique": true, "Plans": [{"Node Type": "Hash Join", "Parent Relationship": "Outer", "Parallel Aware": false, "Join Type": "Inner", "Startup Cost": 1101.94, "Total Cost": 1188.91, "Plan Rows": 158, "Plan Width": 12, "Actual Startup Time": 6.611, "Actual Total Time": 6.617, "Actual Rows": 0, "Actual Loops": 1, "Output": ["p.id", "p.lasteditoruserid", "pl.relatedpostid"], "Inner Unique": true, "Hash Cond": "(pl.relatedpostid = p.id)", "Plans": [{"Node Type": "Seq Scan", "Parent Relationship": "Outer", "Parallel Aware": false, "Relation Name": "postlinks", "Schema": "public", "Alias": "pl", "Startup Cost": 0.0, "Total Cost": 76.91, "Plan Rows": 3833, "Plan Width": 4, "Actual Startup Time": 0.015, "Actual Total Time": 0.016, "Actual Rows": 1, "Actual Loops": 1, "Output": ["pl.id", "pl.creationdate", "pl.postid", "pl.relatedpostid", "pl.linktypeid"], "Filter": "(pl.linktypeid = 1)", "Rows Removed by Filter": 0}, {"Node Type": "Hash", "Parent Relationship": "Inner", "Parallel Aware": false, "Startup Cost": 1080.7, "Total Cost": 1080.7, "Plan Rows": 1699, "Plan Width": 8, "Actual Startup Time": 6.557, "Actual Total Time": 6.559, "Actual Rows": 0, "Actual Loops": 1, "Output": ["p.id", "p.lasteditoruserid"], "Hash Buckets": 2048, "Original Hash Buckets": 2048, "Hash Batches": 1, "Original Hash Batches": 1, "Peak Memory Usage": 16, "Plans": [{"Node Type": "Seq Scan", "Parent Relationship": "Outer", "Parallel Aware": false, "Relation Name": "posts", "Schema": "public", "Alias": "p", "Startup Cost": 0.0, "Total Cost": 1080.7, "Plan Rows": 1699, "Plan Width": 8, "Actual Startup Time": 6.557, "Actual Total Time": 6.557, "Actual Rows": 0, "Actual Loops": 1, "Output": ["p.id", "p.lasteditoruserid"], "Filter": "((p.answercount <= 5) AND (p.favoritecount >= 0) AND (p.posttypeid = 2))", "Rows Removed by Filter": 41183}]}]}, {"Node Type": "Index Scan", "Parent Relationship": "Inner", "Parallel Aware": false, "Scan Direction": "Forward", "Index Name": "users_pkey", "Relation Name": "users", "Schema": "public", "Alias": "u", "Startup Cost": 0.29, "Total Cost": 0.67, "Plan Rows": 1, "Plan Width": 4, "Actual Startup Time": 0.0, "Actual Total Time": 0.0, "Actual Rows": 0, "Actual Loops": 0, "Output": ["u.id", "u.reputation", "u.creationdate", "u.views", "u.upvotes", "u.downvotes"], "Index Cond": "(u.id = p.lasteditoruserid)", "Rows Removed by Index Recheck": 0, "Filter": "((u.downvotes >= 0) AND (u.upvotes >= 0) AND (u.creationdate <= '2014-09-13 02:46:40'::timestamp without time zone) AND (u.views = 1))", "Rows Removed by Filter": 0}]}, {"Node Type": "Index Only Scan", "Parent Relationship": "Inner", "Parallel Aware": false, "Scan Direction": "Forward", "Index Name": "idx_comments_postid", "Relation Name": "comments", "Schema": "public", "Alias": "c", "Startup Cost": 0.29, "Total Cost": 0.51, "Plan Rows": 4, "Plan Width": 4, "Actual Startup Time": 0.0, "Actual Total Time": 0.0, "Actual Rows": 0, "Actual Loops": 0, "Output": ["c.postid"], "Index Cond": "(c.postid = pl.relatedpostid)", "Rows Removed by Index Recheck": 0, "Heap Fetches": 0}]}, {"Node Type": "Index Scan", "Parent Relationship": "Inner", "Parallel Aware": false, "Scan Direction": "Forward", "Index Name": "idx_votes_postid", "Relation Name": "votes", "Schema": "public", "Alias": "v", "Startup Cost": 0.29, "Total Cost": 0.48, "Plan Rows": 5, "Plan Width": 4, "Actual Startup Time": 0.0, "Actual Total Time": 0.0, "Actual Rows": 0, "Actual Loops": 0, "Output": ["v.id", "v.postid", "v.votetypeid", "v.creationdate", "v.userid", "v.bountyamount"], "Index Cond": "(v.postid = c.postid)", "Rows Removed by Index Recheck": 0, "Filter": "(v.votetypeid = 2)", "Rows Removed by Filter": 0}]}, {"Node Type": "Index Only Scan", "Parent Relationship": "Inner", "Parallel Aware": false, "Scan Direction": "Forward", "Index Name": "idx_badges_userid", "Relation Name": "badges", "Schema": "public", "Alias": "b", "Startup Cost": 0.29, "Total Cost": 0.43, "Plan Rows": 3, "Plan Width": 4, "Actual Startup Time": 0.0, "Actual Total Time": 0.0, "Actual Rows": 0, "Actual Loops": 0, "Output": ["b.userid"], "Index Cond": "(b.userid = u.id)", "Rows Removed by Index Recheck": 0, "Heap Fetches": 0}]}]}, "Planning Time": 3.239, "Triggers": [], "Execution Time": 6.737}]#####[{"Plan": {"Node Type": "Aggregate", "Strategy": "Plain", "Partial Mode": "Simple", "Parallel Aware": false, "Startup Cost": 2304.69, "Total Cost": 2304.7, "Plan Rows": 1, "Plan Width": 8, "Actual Startup Time": 5.061, "Actual Total Time": 5.067, "Actual Rows": 1, "Actual Loops": 1, "Output": ["count(*)"], "Plans": [{"Node Type": "Hash Join", "Parent Relationship": "Outer", "Parallel Aware": false, "Join Type": "Inner", "Startup Cost": 1415.47, "Total Cost": 2297.36, "Plan Rows": 2932, "Plan Width": 0, "Actual Startup Time": 5.057, "Actual Total Time": 5.063, "Actual Rows": 0, "Actual Loops": 1, "Inner Unique": false, "Hash Cond": "(b.userid = u.id)", "Plans": [{"Node Type": "Seq Scan", "Parent Relationship": "Outer", "Parallel Aware": false, "Relation Name": "badges", "Schema": "public", "Alias": "b", "Startup Cost": 0.0, "Total Cost": 503.24, "Plan Rows": 32624, "Plan Width": 4, "Actual Startup Time": 0.011, "Actual Total Time": 0.012, "Actual Rows": 1, "Actual Loops": 1, "Output": ["b.id", "b.userid", "b.date"]}, {"Node Type": "Hash", "Parent Relationship": "Inner", "Parallel Aware": false, "Startup Cost": 1315.47, "Total Cost": 1315.47, "Plan Rows": 8000, "Plan Width": 8, "Actual Startup Time": 4.998, "Actual Total Time": 5.002, "Actual Rows": 0, "Actual Loops": 1, "Output": ["p.lasteditoruserid", "u.id"], "Hash Buckets": 8192, "Original Hash Buckets": 8192, "Hash Batches": 1, "Original Hash Batches": 1, "Peak Memory Usage": 64, "Plans": [{"Node Type": "Nested Loop", "Parent Relationship": "Outer", "Parallel Aware": false, "Join Type": "Inner", "Startup Cost": 1102.81, "Total Cost": 1315.47, "Plan Rows": 8000, "Plan Width": 8, "Actual Startup Time": 4.997, "Actual Total Time": 5.002, "Actual Rows": 0, "Actual Loops": 1, "Output": ["p.lasteditoruserid", "u.id"], "Inner Unique": false, "Join Filter": "(p.id = v.postid)", "Rows Removed by Join Filter": 0, "Plans": [{"Node Type": "Nested Loop", "Parent Relationship": "Outer", "Parallel Aware": false, "Join Type": "Inner", "Startup Cost": 1102.52, "Total Cost": 1302.42, "Plan Rows": 24, "Plan Width": 20, "Actual Startup Time": 4.997, "Actual Total Time": 5.001, "Actual Rows": 0, "Actual Loops": 1, "Output": ["c.postid", "p.id", "p.lasteditoruserid", "pl.relatedpostid", "u.id"], "Inner Unique": false, "Join Filter": "(p.id = c.postid)", "Rows Removed by Join Filter": 0, "Plans": [{"Node Type": "Nested Loop", "Parent Relationship": "Outer", "Parallel Aware": false, "Join Type": "Inner", "Startup Cost": 1102.23, "Total Cost": 1295.2, "Plan Rows": 13, "Plan Width": 16, "Actual Startup Time": 4.997, "Actual Total Time": 5.001, "Actual Rows": 0, "Actual Loops": 1, "Output": ["p.id", "p.lasteditoruserid", "pl.relatedpostid", "u.id"], "Inner Unique": true, "Plans": [{"Node Type": "Hash Join", "Parent Relationship": "Outer", "Parallel Aware": false, "Join Type": "Inner", "Startup Cost": 1101.94, "Total Cost": 1188.91, "Plan Rows": 158, "Plan Width": 12, "Actual Startup Time": 4.997, "Actual Total Time": 5.0, "Actual Rows": 0, "Actual Loops": 1, "Output": ["p.id", "p.lasteditoruserid", "pl.relatedpostid"], "Inner Unique": true, "Hash Cond": "(pl.relatedpostid = p.id)", "Plans": [{"Node Type": "Seq Scan", "Parent Relationship": "Outer", "Parallel Aware": false, "Relation Name": "postlinks", "Schema": "public", "Alias": "pl", "Startup Cost": 0.0, "Total Cost": 76.91, "Plan Rows": 3833, "Plan Width": 4, "Actual Startup Time": 0.006, "Actual Total Time": 0.006, "Actual Rows": 1, "Actual Loops": 1, "Output": ["pl.id", "pl.creationdate", "pl.postid", "pl.relatedpostid", "pl.linktypeid"], "Filter": "(pl.linktypeid = 1)", "Rows Removed by Filter": 0}, {"Node Type": "Hash", "Parent Relationship": "Inner", "Parallel Aware": false, "Startup Cost": 1080.7, "Total Cost": 1080.7, "Plan Rows": 1699, "Plan Width": 8, "Actual Startup Time": 4.983, "Actual Total Time": 4.985, "Actual Rows": 0, "Actual Loops": 1, "Output": ["p.id", "p.lasteditoruserid"], "Hash Buckets": 2048, "Original Hash Buckets": 2048, "Hash Batches": 1, "Original Hash Batches": 1, "Peak Memory Usage": 16, "Plans": [{"Node Type": "Seq Scan", "Parent Relationship": "Outer", "Parallel Aware": false, "Relation Name": "posts", "Schema": "public", "Alias": "p", "Startup Cost": 0.0, "Total Cost": 1080.7, "Plan Rows": 1699, "Plan Width": 8, "Actual Startup Time": 4.982, "Actual Total Time": 4.982, "Actual Rows": 0, "Actual Loops": 1, "Output": ["p.id", "p.lasteditoruserid"], "Filter": "((p.answercount <= 5) AND (p.favoritecount >= 0) AND (p.posttypeid = 2))", "Rows Removed by Filter": 41183}]}]}, {"Node Type": "Index Scan", "Parent Relationship": "Inner", "Parallel Aware": false, "Scan Direction": "Forward", "Index Name": "users_pkey", "Relation Name": "users", "Schema": "public", "Alias": "u", "Startup Cost": 0.29, "Total Cost": 0.67, "Plan Rows": 1, "Plan Width": 4, "Actual Startup Time": 0.0, "Actual Total Time": 0.0, "Actual Rows": 0, "Actual Loops": 0, "Output": ["u.id", "u.reputation", "u.creationdate", "u.views", "u.upvotes", "u.downvotes"], "Index Cond": "(u.id = p.lasteditoruserid)", "Rows Removed by Index Recheck": 0, "Filter": "((u.downvotes >= 0) AND (u.upvotes >= 0) AND (u.creationdate <= '2014-09-13 02:46:40'::timestamp without time zone) AND (u.views = 1))", "Rows Removed by Filter": 0}]}, {"Node Type": "Index Only Scan", "Parent Relationship": "Inner", "Parallel Aware": false, "Scan Direction": "Forward", "Index Name": "idx_comments_postid", "Relation Name": "comments", "Schema": "public", "Alias": "c", "Startup Cost": 0.29, "Total Cost": 0.51, "Plan Rows": 4, "Plan Width": 4, "Actual Startup Time": 0.0, "Actual Total Time": 0.0, "Actual Rows": 0, "Actual Loops": 0, "Output": ["c.postid"], "Index Cond": "(c.postid = pl.relatedpostid)", "Rows Removed by Index Recheck": 0, "Heap Fetches": 0}]}, {"Node Type": "Index Scan", "Parent Relationship": "Inner", "Parallel Aware": false, "Scan Direction": "Forward", "Index Name": "idx_votes_postid", "Relation Name": "votes", "Schema": "public", "Alias": "v", "Startup Cost": 0.29, "Total Cost": 0.48, "Plan Rows": 5, "Plan Width": 4, "Actual Startup Time": 0.0, "Actual Total Time": 0.0, "Actual Rows": 0, "Actual Loops": 0, "Output": ["v.id", "v.postid", "v.votetypeid", "v.creationdate", "v.userid", "v.bountyamount"], "Index Cond": "(v.postid = c.postid)", "Rows Removed by Index Recheck": 0, "Filter": "(v.votetypeid = 2)", "Rows Removed by Filter": 0}]}]}]}]}, "Planning Time": 3.546, "Triggers": [], "Execution Time": 5.158}]#####[{"Plan": {"Node Type": "Aggregate", "Strategy": "Plain", "Partial Mode": "Simple", "Parallel Aware": false, "Startup Cost": 2187.72, "Total Cost": 2187.73, "Plan Rows": 1, "Plan Width": 8, "Actual Startup Time": 6.887, "Actual Total Time": 6.894, "Actual Rows": 1, "Actual Loops": 1, "Output": ["count(*)"], "Plans": [{"Node Type": "Nested Loop", "Parent Relationship": "Outer", "Parallel Aware": false, "Join Type": "Inner", "Startup Cost": 1541.77, "Total Cost": 2180.39, "Plan Rows": 2932, "Plan Width": 0, "Actual Startup Time": 6.883, "Actual Total Time": 6.889, "Actual Rows": 0, "Actual Loops": 1, "Inner Unique": false, "Plans": [{"Node Type": "Hash Join", "Parent Relationship": "Outer", "Parallel Aware": false, "Join Type": "Inner", "Startup Cost": 1541.48, "Total Cost": 2143.38, "Plan Rows": 80, "Plan Width": 8, "Actual Startup Time": 6.883, "Actual Total Time": 6.889, "Actual Rows": 0, "Actual Loops": 1, "Output": ["p.lasteditoruserid", "u.id"], "Inner Unique": true, "Hash Cond": "(p.lasteditoruserid = u.id)", "Plans": [{"Node Type": "Nested Loop", "Parent Relationship": "Outer", "Parallel Aware": false, "Join Type": "Inner", "Startup Cost": 1102.53, "Total Cost": 1442.42, "Plan Rows": 99800, "Plan Width": 4, "Actual Startup Time": 4.854, "Actual Total Time": 4.857, "Actual Rows": 0, "Actual Loops": 1, "Output": ["p.lasteditoruserid"], "Inner Unique": false, "Join Filter": "(p.id = v.postid)", "Rows Removed by Join Filter": 0, "Plans": [{"Node Type": "Nested Loop", "Parent Relationship": "Outer", "Parallel Aware": false, "Join Type": "Inner", "Startup Cost": 1102.23, "Total Cost": 1276.68, "Plan Rows": 305, "Plan Width": 16, "Actual Startup Time": 4.853, "Actual Total Time": 4.857, "Actual Rows": 0, "Actual Loops": 1, "Output": ["c.postid", "p.id", "p.lasteditoruserid", "pl.relatedpostid"], "Inner Unique": false, "Join Filter": "(p.id = c.postid)", "Rows Removed by Join Filter": 0, "Plans": [{"Node Type": "Hash Join", "Parent Relationship": "Outer", "Parallel Aware": false, "Join Type": "Inner", "Startup Cost": 1101.94, "Total Cost": 1188.91, "Plan Rows": 158, "Plan Width": 12, "Actual Startup Time": 4.853, "Actual Total Time": 4.856, "Actual Rows": 0, "Actual Loops": 1, "Output": ["p.id", "p.lasteditoruserid", "pl.relatedpostid"], "Inner Unique": true, "Hash Cond": "(pl.relatedpostid = p.id)", "Plans": [{"Node Type": "Seq Scan", "Parent Relationship": "Outer", "Parallel Aware": false, "Relation Name": "postlinks", "Schema": "public", "Alias": "pl", "Startup Cost": 0.0, "Total Cost": 76.91, "Plan Rows": 3833, "Plan Width": 4, "Actual Startup Time": 0.005, "Actual Total Time": 0.006, "Actual Rows": 1, "Actual Loops": 1, "Output": ["pl.id", "pl.creationdate", "pl.postid", "pl.relatedpostid", "pl.linktypeid"], "Filter": "(pl.linktypeid = 1)", "Rows Removed by Filter": 0}, {"Node Type": "Hash", "Parent Relationship": "Inner", "Parallel Aware": false, "Startup Cost": 1080.7, "Total Cost": 1080.7, "Plan Rows": 1699, "Plan Width": 8, "Actual Startup Time": 4.839, "Actual Total Time": 4.839, "Actual Rows": 0, "Actual Loops": 1, "Output": ["p.id", "p.lasteditoruserid"], "Hash Buckets": 2048, "Original Hash Buckets": 2048, "Hash Batches": 1, "Original Hash Batches": 1, "Peak Memory Usage": 16, "Plans": [{"Node Type": "Seq Scan", "Parent Relationship": "Outer", "Parallel Aware": false, "Relation Name": "posts", "Schema": "public", "Alias": "p", "Startup Cost": 0.0, "Total Cost": 1080.7, "Plan Rows": 1699, "Plan Width": 8, "Actual Startup Time": 4.839, "Actual Total Time": 4.839, "Actual Rows": 0, "Actual Loops": 1, "Output": ["p.id", "p.lasteditoruserid"], "Filter": "((p.answercount <= 5) AND (p.favoritecount >= 0) AND (p.posttypeid = 2))", "Rows Removed by Filter": 41183}]}]}, {"Node Type": "Index Only Scan", "Parent Relationship": "Inner", "Parallel Aware": false, "Scan Direction": "Forward", "Index Name": "idx_comments_postid", "Relation Name": "comments", "Schema": "public", "Alias": "c", "Startup Cost": 0.29, "Total Cost": 0.51, "Plan Rows": 4, "Plan Width": 4, "Actual Startup Time": 0.0, "Actual Total Time": 0.0, "Actual Rows": 0, "Actual Loops": 0, "Output": ["c.postid"], "Index Cond": "(c.postid = pl.relatedpostid)", "Rows Removed by Index Recheck": 0, "Heap Fetches": 0}]}, {"Node Type": "Index Scan", "Parent Relationship": "Inner", "Parallel Aware": false, "Scan Direction": "Forward", "Index Name": "idx_votes_postid", "Relation Name": "votes", "Schema": "public", "Alias": "v", "Startup Cost": 0.29, "Total Cost": 0.48, "Plan Rows": 5, "Plan Width": 4, "Actual Startup Time": 0.0, "Actual Total Time": 0.0, "Actual Rows": 0, "Actual Loops": 0, "Output": ["v.id", "v.postid", "v.votetypeid", "v.creationdate", "v.userid", "v.bountyamount"], "Index Cond": "(v.postid = c.postid)", "Rows Removed by Index Recheck": 0, "Filter": "(v.votetypeid = 2)", "Rows Removed by Filter": 0}]}, {"Node Type": "Hash", "Parent Relationship": "Inner", "Parallel Aware": false, "Startup Cost": 408.7, "Total Cost": 408.7, "Plan Rows": 2420, "Plan Width": 4, "Actual Startup Time": 1.992, "Actual Total Time": 1.994, "Actual Rows": 2420, "Actual Loops": 1, "Output": ["u.id"], "Hash Buckets": 4096, "Original Hash Buckets": 4096, "Hash Batches": 1, "Original Hash Batches": 1, "Peak Memory Usage": 118, "Plans": [{"Node Type": "Seq Scan", "Parent Relationship": "Outer", "Parallel Aware": false, "Relation Name": "users", "Schema": "public", "Alias": "u", "Startup Cost": 0.0, "Total Cost": 408.7, "Plan Rows": 2420, "Plan Width": 4, "Actual Startup Time": 0.013, "Actual Total Time": 1.759, "Actual Rows": 2420, "Actual Loops": 1, "Output": ["u.id"], "Filter": "((u.downvotes >= 0) AND (u.upvotes >= 0) AND (u.creationdate <= '2014-09-13 02:46:40'::timestamp without time zone) AND (u.views = 1))", "Rows Removed by Filter": 12515}]}]}, {"Node Type": "Index Only Scan", "Parent Relationship": "Inner", "Parallel Aware": false, "Scan Direction": "Forward", "Index Name": "idx_badges_userid", "Relation Name": "badges", "Schema": "public", "Alias": "b", "Startup Cost": 0.29, "Total Cost": 0.43, "Plan Rows": 3, "Plan Width": 4, "Actual Startup Time": 0.0, "Actual Total Time": 0.0, "Actual Rows": 0, "Actual Loops": 0, "Output": ["b.userid"], "Index Cond": "(b.userid = u.id)", "Rows Removed by Index Recheck": 0, "Heap Fetches": 0}]}]}, "Planning Time": 7.542, "Triggers": [], "Execution Time": 6.979}]
[{"Plan": {"Node Type": "Aggregate", "Strategy": "Plain", "Partial Mode": "Simple", "Parallel Aware": false, "Startup Cost": 7527.59, "Total Cost": 7527.6, "Plan Rows": 1, "Plan Width": 8, "Actual Startup Time": 1025.227, "Actual Total Time": 1025.236, "Actual Rows": 1, "Actual Loops": 1, "Output": ["count(*)"], "Plans": [{"Node Type": "Hash Join", "Parent Relationship": "Outer", "Parallel Aware": false, "Join Type": "Inner", "Startup Cost": 2574.26, "Total Cost": 6604.48, "Plan Rows": 369247, "Plan Width": 0, "Actual Startup Time": 32.408, "Actual Total Time": 677.279, "Actual Rows": 10235033, "Actual Loops": 1, "Inner Unique": false, "Hash Cond": "(ph.userid = u.id)", "Plans": [{"Node Type": "Seq Scan", "Parent Relationship": "Outer", "Parallel Aware": false, "Relation Name": "posthistory", "Schema": "public", "Alias": "ph", "Startup Cost": 0.0, "Total Cost": 2897.91, "Plan Rows": 106794, "Plan Width": 4, "Actual Startup Time": 2.024, "Actual Total Time": 15.76, "Actual Rows": 106894, "Actual Loops": 1, "Output": ["ph.id", "ph.posthistorytypeid", "ph.postid", "ph.creationdate", "ph.userid"], "Filter": "((ph.creationdate >= '2011-04-08 14:45:04'::timestamp without time zone) AND (ph.creationdate <= '2014-08-03 04:06:39'::timestamp without time zone))", "Rows Removed by Filter": 23100}, {"Node Type": "Hash", "Parent Relationship": "Inner", "Parallel Aware": false, "Startup Cost": 2434.53, "Total Cost": 2434.53, "Plan Rows": 11178, "Plan Width": 12, "Actual Startup Time": 30.312, "Actual Total Time": 30.318, "Actual Rows": 71532, "Actual Loops": 1, "Output": ["p.owneruserid", "u.id", "b.userid"], "Hash Buckets": 131072, "Original Hash Buckets": 16384, "Hash Batches": 1, "Original Hash Batches": 1, "Peak Memory Usage": 4098, "Plans": [{"Node Type": "Hash Join", "Parent Relationship": "Outer", "Parallel Aware": false, "Join Type": "Inner", "Startup Cost": 1697.17, "Total Cost": 2434.53, "Plan Rows": 11178, "Plan Width": 12, "Actual Startup Time": 12.368, "Actual Total Time": 22.383, "Actual Rows": 71532, "Actual Loops": 1, "Output": ["p.owneruserid", "u.id", "b.userid"], "Inner Unique": false, "Hash Cond": "(b.userid = u.id)", "Plans": [{"Node Type": "Seq Scan", "Parent Relationship": "Outer", "Parallel Aware": false, "Relation Name": "badges", "Schema": "public", "Alias": "b", "Startup Cost": 0.0, "Total Cost": 503.24, "Plan Rows": 32624, "Plan Width": 4, "Actual Startup Time": 0.007, "Actual Total Time": 1.81, "Actual Rows": 32624, "Actual Loops": 1, "Output": ["b.id", "b.userid", "b.date"]}, {"Node Type": "Hash", "Parent Relationship": "Inner", "Parallel Aware": false, "Startup Cost": 1633.21, "Total Cost": 1633.21, "Plan Rows": 5117, "Plan Width": 8, "Actual Startup Time": 11.825, "Actual Total Time": 11.83, "Actual Rows": 11982, "Actual Loops": 1, "Output": ["p.owneruserid", "u.id"], "Hash Buckets": 16384, "Original Hash Buckets": 8192, "Hash Batches": 1, "Original Hash Batches": 1, "Peak Memory Usage": 597, "Plans": [{"Node Type": "Hash Join", "Parent Relationship": "Outer", "Parallel Aware": false, "Join Type": "Inner", "Startup Cost": 536.98, "Total Cost": 1633.21, "Plan Rows": 5117, "Plan Width": 8, "Actual Startup Time": 4.016, "Actual Total Time": 10.534, "Actual Rows": 11982, "Actual Loops": 1, "Output": ["p.owneruserid", "u.id"], "Inner Unique": true, "Hash Cond": "(p.owneruserid = u.id)", "Plans": [{"Node Type": "Seq Scan", "Parent Relationship": "Outer", "Parallel Aware": false, "Relation Name": "posts", "Schema": "public", "Alias": "p", "Startup Cost": 0.0, "Total Cost": 1080.7, "Plan Rows": 5918, "Plan Width": 4, "Actual Startup Time": 0.01, "Actual Total Time": 5.432, "Actual Rows": 14995, "Actual Loops": 1, "Output": ["p.id", "p.posttypeid", "p.creationdate", "p.score", "p.viewcount", "p.owneruserid", "p.answercount", "p.commentcount", "p.favoritecount", "p.lasteditoruserid"], "Filter": "((p.viewcount >= 0) AND (p.viewcount <= 5896) AND (p.answercount <= 3))", "Rows Removed by Filter": 26188}, {"Node Type": "Hash", "Parent Relationship": "Inner", "Parallel Aware": false, "Startup Cost": 371.36, "Total Cost": 371.36, "Plan Rows": 13249, "Plan Width": 4, "Actual Startup Time": 3.245, "Actual Total Time": 3.247, "Actual Rows": 13254, "Actual Loops": 1, "Output": ["u.id"], "Hash Buckets": 16384, "Original Hash Buckets": 16384, "Hash Batches": 1, "Original Hash Batches": 1, "Peak Memory Usage": 594, "Plans": [{"Node Type": "Seq Scan", "Parent Relationship": "Outer", "Parallel Aware": false, "Relation Name": "users", "Schema": "public", "Alias": "u", "Startup Cost": 0.0, "Total Cost": 371.36, "Plan Rows": 13249, "Plan Width": 4, "Actual Startup Time": 0.159, "Actual Total Time": 2.053, "Actual Rows": 13254, "Actual Loops": 1, "Output": ["u.id"], "Filter": "((u.downvotes >= 0) AND (u.creationdate >= '2011-01-02 03:12:23'::timestamp without time zone) AND (u.creationdate <= '2014-08-27 20:57:37'::timestamp without time zone))", "Rows Removed by Filter": 1681}]}]}]}]}]}]}]}, "Planning Time": 2.481, "Triggers": [], "Execution Time": 1025.44}]#####[{"Plan": {"Node Type": "Aggregate", "Strategy": "Plain", "Partial Mode": "Simple", "Parallel Aware": false, "Startup Cost": 12867.23, "Total Cost": 12867.24, "Plan Rows": 1, "Plan Width": 8, "Actual Startup Time": 3119.195, "Actual Total Time": 3119.202, "Actual Rows": 1, "Actual Loops": 1, "Output": ["count(*)"], "Plans": [{"Node Type": "Nested Loop", "Parent Relationship": "Outer", "Parallel Aware": false, "Join Type": "Inner", "Startup Cost": 1697.47, "Total Cost": 3636.04, "Plan Rows": 3692478, "Plan Width": 0, "Actual Startup Time": 12.557, "Actual Total Time": 2767.342, "Actual Rows": 10235033, "Actual Loops": 1, "Inner Unique": false, "Join Filter": "(u.id = ph.userid)", "Rows Removed by Join Filter": 0, "Plans": [{"Node Type": "Hash Join", "Parent Relationship": "Outer", "Parallel Aware": false, "Join Type": "Inner", "Startup Cost": 1697.17, "Total Cost": 2434.53, "Plan Rows": 1117, "Plan Width": 12, "Actual Startup Time": 12.515, "Actual Total Time": 28.905, "Actual Rows": 71532, "Actual Loops": 1, "Output": ["p.owneruserid", "u.id", "b.userid"], "Inner Unique": false, "Hash Cond": "(b.userid = u.id)", "Plans": [{"Node Type": "Seq Scan", "Parent Relationship": "Outer", "Parallel Aware": false, "Relation Name": "badges", "Schema": "public", "Alias": "b", "Startup Cost": 0.0, "Total Cost": 503.24, "Plan Rows": 32624, "Plan Width": 4, "Actual Startup Time": 0.009, "Actual Total Time": 2.079, "Actual Rows": 32624, "Actual Loops": 1, "Output": ["b.id", "b.userid", "b.date"]}, {"Node Type": "Hash", "Parent Relationship": "Inner", "Parallel Aware": false, "Startup Cost": 1633.21, "Total Cost": 1633.21, "Plan Rows": 5117, "Plan Width": 8, "Actual Startup Time": 11.954, "Actual Total Time": 11.958, "Actual Rows": 11982, "Actual Loops": 1, "Output": ["p.owneruserid", "u.id"], "Hash Buckets": 16384, "Original Hash Buckets": 8192, "Hash Batches": 1, "Original Hash Batches": 1, "Peak Memory Usage": 597, "Plans": [{"Node Type": "Hash Join", "Parent Relationship": "Outer", "Parallel Aware": false, "Join Type": "Inner", "Startup Cost": 536.98, "Total Cost": 1633.21, "Plan Rows": 5117, "Plan Width": 8, "Actual Startup Time": 4.066, "Actual Total Time": 10.617, "Actual Rows": 11982, "Actual Loops": 1, "Output": ["p.owneruserid", "u.id"], "Inner Unique": true, "Hash Cond": "(p.owneruserid = u.id)", "Plans": [{"Node Type": "Seq Scan", "Parent Relationship": "Outer", "Parallel Aware": false, "Relation Name": "posts", "Schema": "public", "Alias": "p", "Startup Cost": 0.0, "Total Cost": 1080.7, "Plan Rows": 5918, "Plan Width": 4, "Actual Startup Time": 0.011, "Actual Total Time": 5.425, "Actual Rows": 14995, "Actual Loops": 1, "Output": ["p.id", "p.posttypeid", "p.creationdate", "p.score", "p.viewcount", "p.owneruserid", "p.answercount", "p.commentcount", "p.favoritecount", "p.lasteditoruserid"], "Filter": "((p.viewcount >= 0) AND (p.viewcount <= 5896) AND (p.answercount <= 3))", "Rows Removed by Filter": 26188}, {"Node Type": "Hash", "Parent Relationship": "Inner", "Parallel Aware": false, "Startup Cost": 371.36, "Total Cost": 371.36, "Plan Rows": 13249, "Plan Width": 4, "Actual Startup Time": 3.301, "Actual Total Time": 3.302, "Actual Rows": 13254, "Actual Loops": 1, "Output": ["u.id"], "Hash Buckets": 16384, "Original Hash Buckets": 16384, "Hash Batches": 1, "Original Hash Batches": 1, "Peak Memory Usage": 594, "Plans": [{"Node Type": "Seq Scan", "Parent Relationship": "Outer", "Parallel Aware": false, "Relation Name": "users", "Schema": "public", "Alias": "u", "Startup Cost": 0.0, "Total Cost": 371.36, "Plan Rows": 13249, "Plan Width": 4, "Actual Startup Time": 0.17, "Actual Total Time": 2.083, "Actual Rows": 13254, "Actual Loops": 1, "Output": ["u.id"], "Filter": "((u.downvotes >= 0) AND (u.creationdate >= '2011-01-02 03:12:23'::timestamp without time zone) AND (u.creationdate <= '2014-08-27 20:57:37'::timestamp without time zone))", "Rows Removed by Filter": 1681}]}]}]}]}, {"Node Type": "Index Scan", "Parent Relationship": "Inner", "Parallel Aware": false, "Scan Direction": "Forward", "Index Name": "idx_posthistory_userid", "Relation Name": "posthistory", "Schema": "public", "Alias": "ph", "Startup Cost": 0.29, "Total Cost": 0.88, "Plan Rows": 16, "Plan Width": 4, "Actual Startup Time": 0.002, "Actual Total Time": 0.028, "Actual Rows": 143, "Actual Loops": 71532, "Output": ["ph.id", "ph.posthistorytypeid", "ph.postid", "ph.creationdate", "ph.userid"], "Index Cond": "(ph.userid = b.userid)", "Rows Removed by Index Recheck": 0, "Filter": "((ph.creationdate >= '2011-04-08 14:45:04'::timestamp without time zone) AND (ph.creationdate <= '2014-08-03 04:06:39'::timestamp without time zone))", "Rows Removed by Filter": 5}]}]}, "Planning Time": 2.189, "Triggers": [], "Execution Time": 3119.316}]#####[{"Plan": {"Node Type": "Aggregate", "Strategy": "Plain", "Partial Mode": "Simple", "Parallel Aware": false, "Startup Cost": 28019.57, "Total Cost": 28019.58, "Plan Rows": 1, "Plan Width": 8, "Actual Startup Time": 1048.754, "Actual Total Time": 1048.76, "Actual Rows": 1, "Actual Loops": 1, "Output": ["count(*)"], "Plans": [{"Node Type": "Hash Join", "Parent Relationship": "Outer", "Parallel Aware": false, "Join Type": "Inner", "Startup Cost": 4799.86, "Total Cost": 18788.37, "Plan Rows": 3692478, "Plan Width": 0, "Actual Startup Time": 42.29, "Actual Total Time": 703.194, "Actual Rows": 10235033, "Actual Loops": 1, "Inner Unique": false, "Hash Cond": "(p.owneruserid = u.id)", "Plans": [{"Node Type": "Nested Loop", "Parent Relationship": "Outer", "Parallel Aware": false, "Join Type": "Inner", "Startup Cost": 0.29, "Total Cost": 3494.36, "Plan Rows": 154639, "Plan Width": 8, "Actual Startup Time": 0.021, "Actual Total Time": 35.256, "Actual Rows": 128699, "Actual Loops": 1, "Output": ["p.owneruserid", "b.userid"], "Inner Unique": false, "Plans": [{"Node Type": "Seq Scan", "Parent Relationship": "Outer", "Parallel Aware": false, "Relation Name": "posts", "Schema": "public", "Alias": "p", "Startup Cost": 0.0, "Total Cost": 1080.7, "Plan Rows": 5918, "Plan Width": 4, "Actual Startup Time": 0.012, "Actual Total Time": 5.988, "Actual Rows": 14995, "Actual Loops": 1, "Output": ["p.id", "p.posttypeid", "p.creationdate", "p.score", "p.viewcount", "p.owneruserid", "p.answercount", "p.commentcount", "p.favoritecount", "p.lasteditoruserid"], "Filter": "((p.viewcount >= 0) AND (p.viewcount <= 5896) AND (p.answercount <= 3))", "Rows Removed by Filter": 26188}, {"Node Type": "Index Only Scan", "Parent Relationship": "Inner", "Parallel Aware": false, "Scan Direction": "Forward", "Index Name": "idx_badges_userid", "Relation Name": "badges", "Schema": "public", "Alias": "b", "Startup Cost": 0.29, "Total Cost": 0.38, "Plan Rows": 3, "Plan Width": 4, "Actual Startup Time": 0.001, "Actual Total Time": 0.001, "Actual Rows": 9, "Actual Loops": 14995, "Output": ["b.userid"], "Index Cond": "(b.userid = p.owneruserid)", "Rows Removed by Index Recheck": 0, "Heap Fetches": 0}]}, {"Node Type": "Hash", "Parent Relationship": "Inner", "Parallel Aware": false, "Startup Cost": 3715.3, "Total Cost": 3715.3, "Plan Rows": 86742, "Plan Width": 8, "Actual Startup Time": 37.365, "Actual Total Time": 37.369, "Actual Rows": 69393, "Actual Loops": 1, "Output": ["ph.userid", "u.id"], "Hash Buckets": 131072, "Original Hash Buckets": 131072, "Hash Batches": 1, "Original Hash Batches": 1, "Peak Memory Usage": 3735, "Plans": [{"Node Type": "Hash Join", "Parent Relationship": "Outer", "Parallel Aware": false, "Join Type": "Inner", "Startup Cost": 536.98, "Total Cost": 3715.3, "Plan Rows": 86742, "Plan Width": 8, "Actual Startup Time": 5.396, "Actual Total Time": 30.169, "Actual Rows": 69393, "Actual Loops": 1, "Output": ["ph.userid", "u.id"], "Inner Unique": true, "Hash Cond": "(ph.userid = u.id)", "Plans": [{"Node Type": "Seq Scan", "Parent Relationship": "Outer", "Parallel Aware": false, "Relation Name": "posthistory", "Schema": "public", "Alias": "ph", "Startup Cost": 0.0, "Total Cost": 2897.91, "Plan Rows": 106794, "Plan Width": 4, "Actual Startup Time": 2.054, "Actual Total Time": 15.214, "Actual Rows": 106894, "Actual Loops": 1, "Output": ["ph.id", "ph.posthistorytypeid", "ph.postid", "ph.creationdate", "ph.userid"], "Filter": "((ph.creationdate >= '2011-04-08 14:45:04'::timestamp without time zone) AND (ph.creationdate <= '2014-08-03 04:06:39'::timestamp without time zone))", "Rows Removed by Filter": 23100}, {"Node Type": "Hash", "Parent Relationship": "Inner", "Parallel Aware": false, "Startup Cost": 371.36, "Total Cost": 371.36, "Plan Rows": 13249, "Plan Width": 4, "Actual Startup Time": 3.283, "Actual Total Time": 3.284, "Actual Rows": 13254, "Actual Loops": 1, "Output": ["u.id"], "Hash Buckets": 16384, "Original Hash Buckets": 16384, "Hash Batches": 1, "Original Hash Batches": 1, "Peak Memory Usage": 594, "Plans": [{"Node Type": "Seq Scan", "Parent Relationship": "Outer", "Parallel Aware": false, "Relation Name": "users", "Schema": "public", "Alias": "u", "Startup Cost": 0.0, "Total Cost": 371.36, "Plan Rows": 13249, "Plan Width": 4, "Actual Startup Time": 0.168, "Actual Total Time": 2.064, "Actual Rows": 13254, "Actual Loops": 1, "Output": ["u.id"], "Filter": "((u.downvotes >= 0) AND (u.creationdate >= '2011-01-02 03:12:23'::timestamp without time zone) AND (u.creationdate <= '2014-08-27 20:57:37'::timestamp without time zone))", "Rows Removed by Filter": 1681}]}]}]}]}]}, "Planning Time": 2.132, "Triggers": [], "Execution Time": 1048.973}]
[{"Plan": {"Node Type": "Aggregate", "Strategy": "Plain", "Partial Mode": "Simple", "Parallel Aware": false, "Startup Cost": 4702.43, "Total Cost": 4702.44, "Plan Rows": 1, "Plan Width": 8, "Actual Startup Time": 8.486, "Actual Total Time": 8.49, "Actual Rows": 1, "Actual Loops": 1, "Output": ["count(*)"], "Plans": [{"Node Type": "Hash Join", "Parent Relationship": "Outer", "Parallel Aware": false, "Join Type": "Inner", "Startup Cost": 1580.44, "Total Cost": 4513.62, "Plan Rows": 75524, "Plan Width": 0, "Actual Startup Time": 8.482, "Actual Total Time": 8.486, "Actual Rows": 0, "Actual Loops": 1, "Inner Unique": false, "Hash Cond": "(ph.userid = u.id)", "Plans": [{"Node Type": "Seq Scan", "Parent Relationship": "Outer", "Parallel Aware": false, "Relation Name": "posthistory", "Schema": "public", "Alias": "ph", "Startup Cost": 0.0, "Total Cost": 2572.93, "Plan Rows": 16631, "Plan Width": 4, "Actual Startup Time": 0.01, "Actual Total Time": 0.011, "Actual Rows": 1, "Actual Loops": 1, "Output": ["ph.id", "ph.posthistorytypeid", "ph.postid", "ph.creationdate", "ph.userid"], "Filter": "(ph.posthistorytypeid = 3)", "Rows Removed by Filter": 2}, {"Node Type": "Hash", "Parent Relationship": "Inner", "Parallel Aware": false, "Startup Cost": 1240.71, "Total Cost": 1240.71, "Plan Rows": 27178, "Plan Width": 12, "Actual Startup Time": 8.361, "Actual Total Time": 8.362, "Actual Rows": 0, "Actual Loops": 1, "Output": ["v.userid", "u.id", "b.userid"], "Hash Buckets": 32768, "Original Hash Buckets": 32768, "Hash Batches": 1, "Original Hash Batches": 1, "Peak Memory Usage": 256, "Plans": [{"Node Type": "Merge Join", "Parent Relationship": "Outer", "Parallel Aware": false, "Join Type": "Inner", "Startup Cost": 1.45, "Total Cost": 1240.71, "Plan Rows": 27178, "Plan Width": 12, "Actual Startup Time": 8.361, "Actual Total Time": 8.361, "Actual Rows": 0, "Actual Loops": 1, "Output": ["v.userid", "u.id", "b.userid"], "Inner Unique": true, "Merge Cond": "(v.userid = u.id)", "Plans": [{"Node Type": "Merge Join", "Parent Relationship": "Outer", "Parallel Aware": false, "Join Type": "Inner", "Startup Cost": 1.16, "Total Cost": 3954.76, "Plan Rows": 211545, "Plan Width": 8, "Actual Startup Time": 8.36, "Actual Total Time": 8.361, "Actual Rows": 0, "Actual Loops": 1, "Output": ["v.userid", "b.userid"], "Inner Unique": false, "Merge Cond": "(b.userid = v.userid)", "Plans": [{"Node Type": "Index Only Scan", "Parent Relationship": "Outer", "Parallel Aware": false, "Scan Direction": "Forward", "Index Name": "idx_badges_userid", "Relation Name": "badges", "Schema": "public", "Alias": "b", "Startup Cost": 0.29, "Total Cost": 713.65, "Plan Rows": 32624, "Plan Width": 4, "Actual Startup Time": 0.012, "Actual Total Time": 0.013, "Actual Rows": 1, "Actual Loops": 1, "Output": ["b.userid"], "Heap Fetches": 0}, {"Node Type": "Materialize", "Parent Relationship": "Inner", "Parallel Aware": false, "Startup Cost": 0.29, "Total Cost": 6657.0, "Plan Rows": 134737, "Plan Width": 4, "Actual Startup Time": 8.346, "Actual Total Time": 8.346, "Actual Rows": 1, "Actual Loops": 1, "Output": ["v.id", "v.postid", "v.votetypeid", "v.creationdate", "v.userid", "v.bountyamount"], "Plans": [{"Node Type": "Index Scan", "Parent Relationship": "Outer", "Parallel Aware": false, "Scan Direction": "Forward", "Index Name": "idx_votes_userid", "Relation Name": "votes", "Schema": "public", "Alias": "v", "Startup Cost": 0.29, "Total Cost": 6320.15, "Plan Rows": 134737, "Plan Width": 4, "Actual Startup Time": 8.341, "Actual Total Time": 8.341, "Actual Rows": 1, "Actual Loops": 1, "Output": ["v.id", "v.postid", "v.votetypeid", "v.creationdate", "v.userid", "v.bountyamount"], "Filter": "(v.votetypeid = 2)", "Rows Removed by Filter": 15605}]}]}, {"Node Type": "Index Scan", "Parent Relationship": "Inner", "Parallel Aware": false, "Scan Direction": "Forward", "Index Name": "users_pkey", "Relation Name": "users", "Schema": "public", "Alias": "u", "Startup Cost": 0.29, "Total Cost": 583.99, "Plan Rows": 14589, "Plan Width": 4, "Actual Startup Time": 0.0, "Actual Total Time": 0.0, "Actual Rows": 0, "Actual Loops": 0, "Output": ["u.id", "u.reputation", "u.creationdate", "u.views", "u.upvotes", "u.downvotes"], "Filter": "((u.downvotes >= 0) AND (u.downvotes <= 1))", "Rows Removed by Filter": 0}]}]}]}]}, "Planning Time": 1.687, "Triggers": [], "Execution Time": 8.612}]#####[{"Plan": {"Node Type": "Aggregate", "Strategy": "Plain", "Partial Mode": "Simple", "Parallel Aware": false, "Startup Cost": 5199.84, "Total Cost": 5199.85, "Plan Rows": 1, "Plan Width": 8, "Actual Startup Time": 8.008, "Actual Total Time": 8.011, "Actual Rows": 1, "Actual Loops": 1, "Output": ["count(*)"], "Plans": [{"Node Type": "Nested Loop", "Parent Relationship": "Outer", "Parallel Aware": false, "Join Type": "Inner", "Startup Cost": 1.74, "Total Cost": 3311.72, "Plan Rows": 755247, "Plan Width": 0, "Actual Startup Time": 8.004, "Actual Total Time": 8.006, "Actual Rows": 0, "Actual Loops": 1, "Inner Unique": false, "Join Filter": "(u.id = ph.userid)", "Rows Removed by Join Filter": 0, "Plans": [{"Node Type": "Merge Join", "Parent Relationship": "Outer", "Parallel Aware": false, "Join Type": "Inner", "Startup Cost": 1.45, "Total Cost": 1240.71, "Plan Rows": 2717, "Plan Width": 12, "Actual Startup Time": 8.004, "Actual Total Time": 8.006, "Actual Rows": 0, "Actual Loops": 1, "Output": ["v.userid", "u.id", "b.userid"], "Inner Unique": true, "Merge Cond": "(v.userid = u.id)", "Plans": [{"Node Type": "Merge Join", "Parent Relationship": "Outer", "Parallel Aware": false, "Join Type": "Inner", "Startup Cost": 1.16, "Total Cost": 3954.76, "Plan Rows": 211545, "Plan Width": 8, "Actual Startup Time": 8.003, "Actual Total Time": 8.005, "Actual Rows": 0, "Actual Loops": 1, "Output": ["v.userid", "b.userid"], "Inner Unique": false, "Merge Cond": "(b.userid = v.userid)", "Plans": [{"Node Type": "Index Only Scan", "Parent Relationship": "Outer", "Parallel Aware": false, "Scan Direction": "Forward", "Index Name": "idx_badges_userid", "Relation Name": "badges", "Schema": "public", "Alias": "b", "Startup Cost": 0.29, "Total Cost": 713.65, "Plan Rows": 32624, "Plan Width": 4, "Actual Startup Time": 0.012, "Actual Total Time": 0.014, "Actual Rows": 1, "Actual Loops": 1, "Output": ["b.userid"], "Heap Fetches": 0}, {"Node Type": "Materialize", "Parent Relationship": "Inner", "Parallel Aware": false, "Startup Cost": 0.29, "Total Cost": 6657.0, "Plan Rows": 134737, "Plan Width": 4, "Actual Startup Time": 7.99, "Actual Total Time": 7.99, "Actual Rows": 1, "Actual Loops": 1, "Output": ["v.id", "v.postid", "v.votetypeid", "v.creationdate", "v.userid", "v.bountyamount"], "Plans": [{"Node Type": "Index Scan", "Parent Relationship": "Outer", "Parallel Aware": false, "Scan Direction": "Forward", "Index Name": "idx_votes_userid", "Relation Name": "votes", "Schema": "public", "Alias": "v", "Startup Cost": 0.29, "Total Cost": 6320.15, "Plan Rows": 134737, "Plan Width": 4, "Actual Startup Time": 7.984, "Actual Total Time": 7.984, "Actual Rows": 1, "Actual Loops": 1, "Output": ["v.id", "v.postid", "v.votetypeid", "v.creationdate", "v.userid", "v.bountyamount"], "Filter": "(v.votetypeid = 2)", "Rows Removed by Filter": 15605}]}]}, {"Node Type": "Index Scan", "Parent Relationship": "Inner", "Parallel Aware": false, "Scan Direction": "Forward", "Index Name": "users_pkey", "Relation Name": "users", "Schema": "public", "Alias": "u", "Startup Cost": 0.29, "Total Cost": 583.99, "Plan Rows": 14589, "Plan Width": 4, "Actual Startup Time": 0.0, "Actual Total Time": 0.0, "Actual Rows": 0, "Actual Loops": 0, "Output": ["u.id", "u.reputation", "u.creationdate", "u.views", "u.upvotes", "u.downvotes"], "Filter": "((u.downvotes >= 0) AND (u.downvotes <= 1))", "Rows Removed by Filter": 0}]}, {"Node Type": "Index Scan", "Parent Relationship": "Inner", "Parallel Aware": false, "Scan Direction": "Forward", "Index Name": "idx_posthistory_userid", "Relation Name": "posthistory", "Schema": "public", "Alias": "ph", "Startup Cost": 0.29, "Total Cost": 0.72, "Plan Rows": 3, "Plan Width": 4, "Actual Startup Time": 0.0, "Actual Total Time": 0.0, "Actual Rows": 0, "Actual Loops": 0, "Output": ["ph.id", "ph.posthistorytypeid", "ph.postid", "ph.creationdate", "ph.userid"], "Index Cond": "(ph.userid = v.userid)", "Rows Removed by Index Recheck": 0, "Filter": "(ph.posthistorytypeid = 3)", "Rows Removed by Filter": 0}]}]}, "Planning Time": 3.963, "Triggers": [], "Execution Time": 8.101}]#####[{"Plan": {"Node Type": "Aggregate", "Strategy": "Plain", "Partial Mode": "Simple", "Parallel Aware": false, "Startup Cost": 6775.65, "Total Cost": 6775.66, "Plan Rows": 1, "Plan Width": 8, "Actual Startup Time": 7.883, "Actual Total Time": 7.888, "Actual Rows": 1, "Actual Loops": 1, "Output": ["count(*)"], "Plans": [{"Node Type": "Merge Join", "Parent Relationship": "Outer", "Parallel Aware": false, "Join Type": "Inner", "Startup Cost": 4165.03, "Total Cost": 4887.54, "Plan Rows": 755247, "Plan Width": 0, "Actual Startup Time": 7.879, "Actual Total Time": 7.883, "Actual Rows": 0, "Actual Loops": 1, "Inner Unique": false, "Merge Cond": "(v.userid = u.id)", "Plans": [{"Node Type": "Merge Join", "Parent Relationship": "Outer", "Parallel Aware": false, "Join Type": "Inner", "Startup Cost": 1.16, "Total Cost": 3954.76, "Plan Rows": 211545, "Plan Width": 8, "Actual Startup Time": 7.878, "Actual Total Time": 7.88, "Actual Rows": 0, "Actual Loops": 1, "Output": ["v.userid", "b.userid"], "Inner Unique": false, "Merge Cond": "(b.userid = v.userid)", "Plans": [{"Node Type": "Index Only Scan", "Parent Relationship": "Outer", "Parallel Aware": false, "Scan Direction": "Forward", "Index Name": "idx_badges_userid", "Relation Name": "badges", "Schema": "public", "Alias": "b", "Startup Cost": 0.29, "Total Cost": 713.65, "Plan Rows": 32624, "Plan Width": 4, "Actual Startup Time": 0.013, "Actual Total Time": 0.014, "Actual Rows": 1, "Actual Loops": 1, "Output": ["b.userid"], "Heap Fetches": 0}, {"Node Type": "Materialize", "Parent Relationship": "Inner", "Parallel Aware": false, "Startup Cost": 0.29, "Total Cost": 6657.0, "Plan Rows": 134737, "Plan Width": 4, "Actual Startup Time": 7.864, "Actual Total Time": 7.864, "Actual Rows": 1, "Actual Loops": 1, "Output": ["v.id", "v.postid", "v.votetypeid", "v.creationdate", "v.userid", "v.bountyamount"], "Plans": [{"Node Type": "Index Scan", "Parent Relationship": "Outer", "Parallel Aware": false, "Scan Direction": "Forward", "Index Name": "idx_votes_userid", "Relation Name": "votes", "Schema": "public", "Alias": "v", "Startup Cost": 0.29, "Total Cost": 6320.15, "Plan Rows": 134737, "Plan Width": 4, "Actual Startup Time": 7.86, "Actual Total Time": 7.86, "Actual Rows": 1, "Actual Loops": 1, "Output": ["v.id", "v.postid", "v.votetypeid", "v.creationdate", "v.userid", "v.bountyamount"], "Filter": "(v.votetypeid = 2)", "Rows Removed by Filter": 15605}]}]}, {"Node Type": "Sort", "Parent Relationship": "Inner", "Parallel Aware": false, "Startup Cost": 4163.86, "Total Cost": 4201.05, "Plan Rows": 14875, "Plan Width": 8, "Actual Startup Time": 0.0, "Actual Total Time": 0.0, "Actual Rows": 0, "Actual Loops": 0, "Output": ["ph.userid", "u.id"], "Sort Key": ["ph.userid"], "Plans": [{"Node Type": "Hash Join", "Parent Relationship": "Outer", "Parallel Aware": false, "Join Type": "Inner", "Startup Cost": 516.39, "Total Cost": 3132.98, "Plan Rows": 14875, "Plan Width": 8, "Actual Startup Time": 0.0, "Actual Total Time": 0.0, "Actual Rows": 0, "Actual Loops": 0, "Output": ["ph.userid", "u.id"], "Inner Unique": true, "Hash Cond": "(ph.userid = u.id)", "Plans": [{"Node Type": "Seq Scan", "Parent Relationship": "Outer", "Parallel Aware": false, "Relation Name": "posthistory", "Schema": "public", "Alias": "ph", "Startup Cost": 0.0, "Total Cost": 2572.93, "Plan Rows": 16631, "Plan Width": 4, "Actual Startup Time": 0.0, "Actual Total Time": 0.0, "Actual Rows": 0, "Actual Loops": 0, "Output": ["ph.id", "ph.posthistorytypeid", "ph.postid", "ph.creationdate", "ph.userid"], "Filter": "(ph.posthistorytypeid = 3)", "Rows Removed by Filter": 0}, {"Node Type": "Hash", "Parent Relationship": "Inner", "Parallel Aware": false, "Startup Cost": 334.02, "Total Cost": 334.02, "Plan Rows": 14589, "Plan Width": 4, "Actual Startup Time": 0.0, "Actual Total Time": 0.0, "Actual Rows": 0, "Actual Loops": 0, "Output": ["u.id"], "Plans": [{"Node Type": "Seq Scan", "Parent Relationship": "Outer", "Parallel Aware": false, "Relation Name": "users", "Schema": "public", "Alias": "u", "Startup Cost": 0.0, "Total Cost": 334.02, "Plan Rows": 14589, "Plan Width": 4, "Actual Startup Time": 0.0, "Actual Total Time": 0.0, "Actual Rows": 0, "Actual Loops": 0, "Output": ["u.id"], "Filter": "((u.downvotes >= 0) AND (u.downvotes <= 1))", "Rows Removed by Filter": 0}]}]}]}]}]}, "Planning Time": 6.208, "Triggers": [], "Execution Time": 7.981}]
[{"Plan": {"Node Type": "Aggregate", "Strategy": "Plain", "Partial Mode": "Simple", "Parallel Aware": false, "Startup Cost": 902.53, "Total Cost": 902.54, "Plan Rows": 1, "Plan Width": 8, "Actual Startup Time": 28.344, "Actual Total Time": 28.348, "Actual Rows": 1, "Actual Loops": 1, "Output": ["count(*)"], "Plans": [{"Node Type": "Nested Loop", "Parent Relationship": "Outer", "Parallel Aware": false, "Join Type": "Inner", "Startup Cost": 1.16, "Total Cost": 832.4, "Plan Rows": 28051, "Plan Width": 0, "Actual Startup Time": 28.336, "Actual Total Time": 28.339, "Actual Rows": 0, "Actual Loops": 1, "Inner Unique": false, "Join Filter": "(u.id = c.userid)", "Rows Removed by Join Filter": 0, "Plans": [{"Node Type": "Merge Join", "Parent Relationship": "Outer", "Parallel Aware": false, "Join Type": "Inner", "Startup Cost": 0.87, "Total Cost": 759.15, "Plan Rows": 75, "Plan Width": 12, "Actual Startup Time": 28.336, "Actual Total Time": 28.339, "Actual Rows": 0, "Actual Loops": 1, "Output": ["v.userid", "b.userid", "u.id"], "Inner Unique": true, "Merge Cond": "(v.userid = u.id)", "Plans": [{"Node Type": "Merge Join", "Parent Relationship": "Outer", "Parallel Aware": false, "Join Type": "Inner", "Startup Cost": 0.58, "Total Cost": 1442.86, "Plan Rows": 810, "Plan Width": 8, "Actual Startup Time": 28.335, "Actual Total Time": 28.337, "Actual Rows": 0, "Actual Loops": 1, "Output": ["v.userid", "b.userid"], "Inner Unique": false, "Merge Cond": "(v.userid = b.userid)", "Plans": [{"Node Type": "Index Scan", "Parent Relationship": "Outer", "Parallel Aware": false, "Scan Direction": "Forward", "Index Name": "idx_votes_userid", "Relation Name": "votes", "Schema": "public", "Alias": "v", "Startup Cost": 0.29, "Total Cost": 6730.74, "Plan Rows": 516, "Plan Width": 4, "Actual Startup Time": 28.334, "Actual Total Time": 28.336, "Actual Rows": 0, "Actual Loops": 1, "Output": ["v.id", "v.postid", "v.votetypeid", "v.creationdate", "v.userid", "v.bountyamount"], "Filter": "((v.bountyamount >= 0) AND (v.votetypeid = 2))", "Rows Removed by Filter": 164233}, {"Node Type": "Index Only Scan", "Parent Relationship": "Inner", "Parallel Aware": false, "Scan Direction": "Forward", "Index Name": "idx_badges_userid", "Relation Name": "badges", "Schema": "public", "Alias": "b", "Startup Cost": 0.29, "Total Cost": 713.65, "Plan Rows": 32624, "Plan Width": 4, "Actual Startup Time": 0.0, "Actual Total Time": 0.0, "Actual Rows": 0, "Actual Loops": 0, "Output": ["b.userid"], "Heap Fetches": 0}]}, {"Node Type": "Index Scan", "Parent Relationship": "Inner", "Parallel Aware": false, "Scan Direction": "Forward", "Index Name": "users_pkey", "Relation Name": "users", "Schema": "public", "Alias": "u", "Startup Cost": 0.29, "Total Cost": 583.99, "Plan Rows": 14612, "Plan Width": 4, "Actual Startup Time": 0.0, "Actual Total Time": 0.0, "Actual Rows": 0, "Actual Loops": 0, "Output": ["u.id", "u.reputation", "u.creationdate", "u.views", "u.upvotes", "u.downvotes"], "Filter": "((u.creationdate >= '2010-07-27 09:54:05'::timestamp without time zone) AND (u.creationdate <= '2014-08-07 18:17:21'::timestamp without time zone))", "Rows Removed by Filter": 0}]}, {"Node Type": "Index Scan", "Parent Relationship": "Inner", "Parallel Aware": false, "Scan Direction": "Forward", "Index Name": "idx_comments_userid", "Relation Name": "comments", "Schema": "public", "Alias": "c", "Startup Cost": 0.29, "Total Cost": 0.8, "Plan Rows": 14, "Plan Width": 4, "Actual Startup Time": 0.0, "Actual Total Time": 0.0, "Actual Rows": 0, "Actual Loops": 0, "Output": ["c.id", "c.postid", "c.score", "c.creationdate", "c.userid"], "Index Cond": "(c.userid = b.userid)", "Rows Removed by Index Recheck": 0, "Filter": "((c.creationdate <= '2014-09-08 19:32:07'::timestamp without time zone) AND (c.score = 0))", "Rows Removed by Filter": 0}]}]}, "Planning Time": 4.513, "Triggers": [], "Execution Time": 28.452}]#####[{"Plan": {"Node Type": "Aggregate", "Strategy": "Plain", "Partial Mode": "Simple", "Parallel Aware": false, "Startup Cost": 3845.91, "Total Cost": 3845.92, "Plan Rows": 1, "Plan Width": 8, "Actual Startup Time": 23.956, "Actual Total Time": 23.96, "Actual Rows": 1, "Actual Loops": 1, "Output": ["count(*)"], "Plans": [{"Node Type": "Hash Join", "Parent Relationship": "Outer", "Parallel Aware": false, "Join Type": "Inner", "Startup Cost": 852.9, "Total Cost": 3144.63, "Plan Rows": 280512, "Plan Width": 0, "Actual Startup Time": 23.95, "Actual Total Time": 23.954, "Actual Rows": 0, "Actual Loops": 1, "Inner Unique": false, "Hash Cond": "(c.userid = u.id)", "Plans": [{"Node Type": "Seq Scan", "Parent Relationship": "Outer", "Parallel Aware": false, "Relation Name": "comments", "Schema": "public", "Alias": "c", "Startup Cost": 0.0, "Total Cost": 1773.36, "Plan Rows": 59996, "Plan Width": 4, "Actual Startup Time": 0.008, "Actual Total Time": 0.009, "Actual Rows": 1, "Actual Loops": 1, "Output": ["c.id", "c.postid", "c.score", "c.creationdate", "c.userid"], "Filter": "((c.creationdate <= '2014-09-08 19:32:07'::timestamp without time zone) AND (c.score = 0))", "Rows Removed by Filter": 1}, {"Node Type": "Hash", "Parent Relationship": "Inner", "Parallel Aware": false, "Startup Cost": 759.15, "Total Cost": 759.15, "Plan Rows": 7500, "Plan Width": 12, "Actual Startup Time": 23.912, "Actual Total Time": 23.913, "Actual Rows": 0, "Actual Loops": 1, "Output": ["v.userid", "b.userid", "u.id"], "Hash Buckets": 8192, "Original Hash Buckets": 8192, "Hash Batches": 1, "Original Hash Batches": 1, "Peak Memory Usage": 64, "Plans": [{"Node Type": "Merge Join", "Parent Relationship": "Outer", "Parallel Aware": false, "Join Type": "Inner", "Startup Cost": 0.87, "Total Cost": 759.15, "Plan Rows": 7500, "Plan Width": 12, "Actual Startup Time": 23.912, "Actual Total Time": 23.913, "Actual Rows": 0, "Actual Loops": 1, "Output": ["v.userid", "b.userid", "u.id"], "Inner Unique": true, "Merge Cond": "(v.userid = u.id)", "Plans": [{"Node Type": "Merge Join", "Parent Relationship": "Outer", "Parallel Aware": false, "Join Type": "Inner", "Startup Cost": 0.58, "Total Cost": 1442.86, "Plan Rows": 810, "Plan Width": 8, "Actual Startup Time": 23.912, "Actual Total Time": 23.912, "Actual Rows": 0, "Actual Loops": 1, "Output": ["v.userid", "b.userid"], "Inner Unique": false, "Merge Cond": "(v.userid = b.userid)", "Plans": [{"Node Type": "Index Scan", "Parent Relationship": "Outer", "Parallel Aware": false, "Scan Direction": "Forward", "Index Name": "idx_votes_userid", "Relation Name": "votes", "Schema": "public", "Alias": "v", "Startup Cost": 0.29, "Total Cost": 6730.74, "Plan Rows": 516, "Plan Width": 4, "Actual Startup Time": 23.911, "Actual Total Time": 23.911, "Actual Rows": 0, "Actual Loops": 1, "Output": ["v.id", "v.postid", "v.votetypeid", "v.creationdate", "v.userid", "v.bountyamount"], "Filter": "((v.bountyamount >= 0) AND (v.votetypeid = 2))", "Rows Removed by Filter": 164233}, {"Node Type": "Index Only Scan", "Parent Relationship": "Inner", "Parallel Aware": false, "Scan Direction": "Forward", "Index Name": "idx_badges_userid", "Relation Name": "badges", "Schema": "public", "Alias": "b", "Startup Cost": 0.29, "Total Cost": 713.65, "Plan Rows": 32624, "Plan Width": 4, "Actual Startup Time": 0.0, "Actual Total Time": 0.0, "Actual Rows": 0, "Actual Loops": 0, "Output": ["b.userid"], "Heap Fetches": 0}]}, {"Node Type": "Index Scan", "Parent Relationship": "Inner", "Parallel Aware": false, "Scan Direction": "Forward", "Index Name": "users_pkey", "Relation Name": "users", "Schema": "public", "Alias": "u", "Startup Cost": 0.29, "Total Cost": 583.99, "Plan Rows": 14612, "Plan Width": 4, "Actual Startup Time": 0.0, "Actual Total Time": 0.0, "Actual Rows": 0, "Actual Loops": 0, "Output": ["u.id", "u.reputation", "u.creationdate", "u.views", "u.upvotes", "u.downvotes"], "Filter": "((u.creationdate >= '2010-07-27 09:54:05'::timestamp without time zone) AND (u.creationdate <= '2014-08-07 18:17:21'::timestamp without time zone))", "Rows Removed by Filter": 0}]}]}]}]}, "Planning Time": 4.123, "Triggers": [], "Execution Time": 24.04}]
[{"Plan": {"Node Type": "Aggregate", "Strategy": "Plain", "Partial Mode": "Simple", "Parallel Aware": false, "Startup Cost": 2980.29, "Total Cost": 2980.3, "Plan Rows": 1, "Plan Width": 8, "Actual Startup Time": 5.034, "Actual Total Time": 5.038, "Actual Rows": 1, "Actual Loops": 1, "Output": ["count(*)"], "Plans": [{"Node Type": "Nested Loop", "Parent Relationship": "Outer", "Parallel Aware": false, "Join Type": "Inner", "Startup Cost": 1031.84, "Total Cost": 2977.92, "Plan Rows": 950, "Plan Width": 0, "Actual Startup Time": 5.029, "Actual Total Time": 5.033, "Actual Rows": 0, "Actual Loops": 1, "Inner Unique": false, "Join Filter": "(p.id = v.postid)", "Rows Removed by Join Filter": 0, "Plans": [{"Node Type": "Nested Loop", "Parent Relationship": "Outer", "Parallel Aware": false, "Join Type": "Inner", "Startup Cost": 1031.54, "Total Cost": 1712.84, "Plan Rows": 2384, "Plan Width": 16, "Actual Startup Time": 5.029, "Actual Total Time": 5.033, "Actual Rows": 0, "Actual Loops": 1, "Output": ["c.postid", "p.id", "pl.postid", "ph.postid"], "Inner Unique": false, "Join Filter": "(p.id = ph.postid)", "Rows Removed by Join Filter": 0, "Plans": [{"Node Type": "Nested Loop", "Parent Relationship": "Outer", "Parallel Aware": false, "Join Type": "Inner", "Startup Cost": 1031.25, "Total Cost": 1337.88, "Plan Rows": 763, "Plan Width": 12, "Actual Startup Time": 5.029, "Actual Total Time": 5.032, "Actual Rows": 0, "Actual Loops": 1, "Output": ["c.postid", "p.id", "pl.postid"], "Inner Unique": false, "Plans": [{"Node Type": "Hash Join", "Parent Relationship": "Outer", "Parallel Aware": false, "Join Type": "Inner", "Startup Cost": 1030.96, "Total Cost": 1127.51, "Plan Rows": 396, "Plan Width": 8, "Actual Startup Time": 5.029, "Actual Total Time": 5.032, "Actual Rows": 0, "Actual Loops": 1, "Output": ["p.id", "pl.postid"], "Inner Unique": true, "Hash Cond": "(pl.postid = p.id)", "Plans": [{"Node Type": "Seq Scan", "Parent Relationship": "Outer", "Parallel Aware": false, "Relation Name": "postlinks", "Schema": "public", "Alias": "pl", "Startup Cost": 0.0, "Total Cost": 86.5, "Plan Rows": 3833, "Plan Width": 4, "Actual Startup Time": 0.009, "Actual Total Time": 0.01, "Actual Rows": 1, "Actual Loops": 1, "Output": ["pl.id", "pl.creationdate", "pl.postid", "pl.relatedpostid", "pl.linktypeid"], "Filter": "((pl.creationdate <= '2014-09-04 23:30:20'::timestamp without time zone) AND (pl.linktypeid = 1))", "Rows Removed by Filter": 0}, {"Node Type": "Hash", "Parent Relationship": "Inner", "Parallel Aware": false, "Startup Cost": 977.75, "Total Cost": 977.75, "Plan Rows": 4257, "Plan Width": 4, "Actual Startup Time": 4.975, "Actual Total Time": 4.976, "Actual Rows": 0, "Actual Loops": 1, "Output": ["p.id"], "Hash Buckets": 8192, "Original Hash Buckets": 8192, "Hash Batches": 1, "Original Hash Batches": 1, "Peak Memory Usage": 64, "Plans": [{"Node Type": "Seq Scan", "Parent Relationship": "Outer", "Parallel Aware": false, "Relation Name": "posts", "Schema": "public", "Alias": "p", "Startup Cost": 0.0, "Total Cost": 977.75, "Plan Rows": 4257, "Plan Width": 4, "Actual Startup Time": 4.975, "Actual Total Time": 4.975, "Actual Rows": 0, "Actual Loops": 1, "Output": ["p.id"], "Filter": "((p.favoritecount <= 19) AND (p.posttypeid = 2))", "Rows Removed by Filter": 41183}]}]}, {"Node Type": "Index Only Scan", "Parent Relationship": "Inner", "Parallel Aware": false, "Scan Direction": "Forward", "Index Name": "idx_comments_postid", "Relation Name": "comments", "Schema": "public", "Alias": "c", "Startup Cost": 0.29, "Total Cost": 0.49, "Plan Rows": 4, "Plan Width": 4, "Actual Startup Time": 0.0, "Actual Total Time": 0.0, "Actual Rows": 0, "Actual Loops": 0, "Output": ["c.postid"], "Index Cond": "(c.postid = p.id)", "Rows Removed by Index Recheck": 0, "Heap Fetches": 0}]}, {"Node Type": "Index Scan", "Parent Relationship": "Inner", "Parallel Aware": false, "Scan Direction": "Forward", "Index Name": "idx_posthistory_postid", "Relation Name": "posthistory", "Schema": "public", "Alias": "ph", "Startup Cost": 0.29, "Total Cost": 0.44, "Plan Rows": 4, "Plan Width": 4, "Actual Startup Time": 0.0, "Actual Total Time": 0.0, "Actual Rows": 0, "Actual Loops": 0, "Output": ["ph.id", "ph.posthistorytypeid", "ph.postid", "ph.creationdate", "ph.userid"], "Index Cond": "(ph.postid = c.postid)", "Rows Removed by Index Recheck": 0, "Filter": "((ph.creationdate >= '2010-07-20 05:23:04'::timestamp without time zone) AND (ph.creationdate <= '2014-09-01 20:54:26'::timestamp without time zone))", "Rows Removed by Filter": 0}]}, {"Node Type": "Index Scan", "Parent Relationship": "Inner", "Parallel Aware": false, "Scan Direction": "Forward", "Index Name": "idx_votes_postid", "Relation Name": "votes", "Schema": "public", "Alias": "v", "Startup Cost": 0.29, "Total Cost": 0.46, "Plan Rows": 6, "Plan Width": 4, "Actual Startup Time": 0.0, "Actual Total Time": 0.0, "Actual Rows": 0, "Actual Loops": 0, "Output": ["v.id", "v.postid", "v.votetypeid", "v.creationdate", "v.userid", "v.bountyamount"], "Index Cond": "(v.postid = ph.postid)", "Rows Removed by Index Recheck": 0, "Filter": "(v.creationdate <= '2014-09-09 00:00:00'::timestamp without time zone)", "Rows Removed by Filter": 0}]}]}, "Planning Time": 4.21, "Triggers": [], "Execution Time": 5.116}]#####[{"Plan": {"Node Type": "Aggregate", "Strategy": "Plain", "Partial Mode": "Simple", "Parallel Aware": false, "Startup Cost": 12491.65, "Total Cost": 12491.66, "Plan Rows": 1, "Plan Width": 8, "Actual Startup Time": 12.311, "Actual Total Time": 12.315, "Actual Rows": 1, "Actual Loops": 1, "Output": ["count(*)"], "Plans": [{"Node Type": "Hash Join", "Parent Relationship": "Outer", "Parallel Aware": false, "Join Type": "Inner", "Startup Cost": 6800.95, "Total Cost": 12467.88, "Plan Rows": 9506, "Plan Width": 0, "Actual Startup Time": 12.307, "Actual Total Time": 12.311, "Actual Rows": 0, "Actual Loops": 1, "Inner Unique": false, "Hash Cond": "(p.id = c.postid)", "Plans": [{"Node Type": "Hash Join", "Parent Relationship": "Outer", "Parallel Aware": false, "Join Type": "Inner", "Startup Cost": 4433.01, "Total Cost": 9107.76, "Plan Rows": 53047, "Plan Width": 12, "Actual Startup Time": 4.984, "Actual Total Time": 4.988, "Actual Rows": 0, "Actual Loops": 1, "Output": ["p.id", "ph.postid", "v.postid"], "Inner Unique": false, "Hash Cond": "(v.postid = p.id)", "Plans": [{"Node Type": "Seq Scan", "Parent Relationship": "Outer", "Parallel Aware": false, "Relation Name": "votes", "Schema": "public", "Alias": "v", "Startup Cost": 0.0, "Total Cost": 3117.91, "Plan Rows": 164220, "Plan Width": 4, "Actual Startup Time": 0.024, "Actual Total Time": 0.025, "Actual Rows": 1, "Actual Loops": 1, "Output": ["v.id", "v.postid", "v.votetypeid", "v.creationdate", "v.userid", "v.bountyamount"], "Filter": "(v.creationdate <= '2014-09-09 00:00:00'::timestamp without time zone)", "Rows Removed by Filter": 0}, {"Node Type": "Hash", "Parent Relationship": "Inner", "Parallel Aware": false, "Startup Cost": 4266.72, "Total Cost": 4266.72, "Plan Rows": 13303, "Plan Width": 8, "Actual Startup Time": 4.91, "Actual Total Time": 4.912, "Actual Rows": 0, "Actual Loops": 1, "Output": ["p.id", "ph.postid"], "Hash Buckets": 16384, "Original Hash Buckets": 16384, "Hash Batches": 1, "Original Hash Batches": 1, "Peak Memory Usage": 128, "Plans": [{"Node Type": "Hash Join", "Parent Relationship": "Outer", "Parallel Aware": false, "Join Type": "Inner", "Startup Cost": 1030.96, "Total Cost": 4266.72, "Plan Rows": 13303, "Plan Width": 8, "Actual Startup Time": 4.91, "Actual Total Time": 4.911, "Actual Rows": 0, "Actual Loops": 1, "Output": ["p.id", "ph.postid"], "Inner Unique": true, "Hash Cond": "(ph.postid = p.id)", "Plans": [{"Node Type": "Seq Scan", "Parent Relationship": "Outer", "Parallel Aware": false, "Relation Name": "posthistory", "Schema": "public", "Alias": "ph", "Startup Cost": 0.0, "Total Cost": 2897.91, "Plan Rows": 128693, "Plan Width": 4, "Actual Startup Time": 0.046, "Actual Total Time": 0.046, "Actual Rows": 1, "Actual Loops": 1, "Output": ["ph.id", "ph.posthistorytypeid", "ph.postid", "ph.creationdate", "ph.userid"], "Filter": "((ph.creationdate >= '2010-07-20 05:23:04'::timestamp without time zone) AND (ph.creationdate <= '2014-09-01 20:54:26'::timestamp without time zone))", "Rows Removed by Filter": 447}, {"Node Type": "Hash", "Parent Relationship": "Inner", "Parallel Aware": false, "Startup Cost": 977.75, "Total Cost": 977.75, "Plan Rows": 4257, "Plan Width": 4, "Actual Startup Time": 4.838, "Actual Total Time": 4.838, "Actual Rows": 0, "Actual Loops": 1, "Output": ["p.id"], "Hash Buckets": 8192, "Original Hash Buckets": 8192, "Hash Batches": 1, "Original Hash Batches": 1, "Peak Memory Usage": 64, "Plans": [{"Node Type": "Seq Scan", "Parent Relationship": "Outer", "Parallel Aware": false, "Relation Name": "posts", "Schema": "public", "Alias": "p", "Startup Cost": 0.0, "Total Cost": 977.75, "Plan Rows": 4257, "Plan Width": 4, "Actual Startup Time": 4.837, "Actual Total Time": 4.838, "Actual Rows": 0, "Actual Loops": 1, "Output": ["p.id"], "Filter": "((p.favoritecount <= 19) AND (p.posttypeid = 2))", "Rows Removed by Filter": 41183}]}]}]}]}, {"Node Type": "Hash", "Parent Relationship": "Inner", "Parallel Aware": false, "Startup Cost": 2177.28, "Total Cost": 2177.28, "Plan Rows": 15253, "Plan Width": 8, "Actual Startup Time": 7.251, "Actual Total Time": 7.252, "Actual Rows": 11981, "Actual Loops": 1, "Output": ["c.postid", "pl.postid"], "Hash Buckets": 16384, "Original Hash Buckets": 16384, "Hash Batches": 1, "Original Hash Batches": 1, "Peak Memory Usage": 597, "Plans": [{"Node Type": "Nested Loop", "Parent Relationship": "Outer", "Parallel Aware": false, "Join Type": "Inner", "Startup Cost": 0.29, "Total Cost": 2177.28, "Plan Rows": 15253, "Plan Width": 8, "Actual Startup Time": 0.015, "Actual Total Time": 6.007, "Actual Rows": 11981, "Actual Loops": 1, "Output": ["c.postid", "pl.postid"], "Inner Unique": false, "Plans": [{"Node Type": "Seq Scan", "Parent Relationship": "Outer", "Parallel Aware": false, "Relation Name": "postlinks", "Schema": "public", "Alias": "pl", "Startup Cost": 0.0, "Total Cost": 86.5, "Plan Rows": 3833, "Plan Width": 4, "Actual Startup Time": 0.008, "Actual Total Time": 0.62, "Actual Rows": 3833, "Actual Loops": 1, "Output": ["pl.id", "pl.creationdate", "pl.postid", "pl.relatedpostid", "pl.linktypeid"], "Filter": "((pl.creationdate <= '2014-09-04 23:30:20'::timestamp without time zone) AND (pl.linktypeid = 1))", "Rows Removed by Filter": 0}, {"Node Type": "Index Only Scan", "Parent Relationship": "Inner", "Parallel Aware": false, "Scan Direction": "Forward", "Index Name": "idx_comments_postid", "Relation Name": "comments", "Schema": "public", "Alias": "c", "Startup Cost": 0.29, "Total Cost": 0.51, "Plan Rows": 4, "Plan Width": 4, "Actual Startup Time": 0.001, "Actual Total Time": 0.001, "Actual Rows": 3, "Actual Loops": 3833, "Output": ["c.postid"], "Index Cond": "(c.postid = pl.postid)", "Rows Removed by Index Recheck": 0, "Heap Fetches": 0}]}]}]}]}, "Planning Time": 6.965, "Triggers": [], "Execution Time": 12.416}]#####[{"Plan": {"Node Type": "Aggregate", "Strategy": "Plain", "Partial Mode": "Simple", "Parallel Aware": false, "Startup Cost": 6009.87, "Total Cost": 6009.88, "Plan Rows": 1, "Plan Width": 8, "Actual Startup Time": 4.846, "Actual Total Time": 4.849, "Actual Rows": 1, "Actual Loops": 1, "Output": ["count(*)"], "Plans": [{"Node Type": "Merge Join", "Parent Relationship": "Outer", "Parallel Aware": false, "Join Type": "Inner", "Startup Cost": 1235.54, "Total Cost": 5986.11, "Plan Rows": 9506, "Plan Width": 0, "Actual Startup Time": 4.842, "Actual Total Time": 4.844, "Actual Rows": 0, "Actual Loops": 1, "Inner Unique": false, "Merge Cond": "(p.id = c.postid)", "Plans": [{"Node Type": "Nested Loop", "Parent Relationship": "Outer", "Parallel Aware": false, "Join Type": "Inner", "Startup Cost": 1235.22, "Total Cost": 2698.74, "Plan Rows": 49330, "Plan Width": 16, "Actual Startup Time": 4.841, "Actual Total Time": 4.843, "Actual Rows": 0, "Actual Loops": 1, "Output": ["p.id", "pl.postid", "ph.postid", "v.postid"], "Inner Unique": false, "Join Filter": "(p.id = v.postid)", "Rows Removed by Join Filter": 0, "Plans": [{"Node Type": "Nested Loop", "Parent Relationship": "Outer", "Parallel Aware": false, "Join Type": "Inner", "Startup Cost": 1234.92, "Total Cost": 2042.32, "Plan Rows": 1237, "Plan Width": 12, "Actual Startup Time": 4.841, "Actual Total Time": 4.843, "Actual Rows": 0, "Actual Loops": 1, "Output": ["p.id", "pl.postid", "ph.postid"], "Inner Unique": false, "Plans": [{"Node Type": "Merge Join", "Parent Relationship": "Outer", "Parallel Aware": false, "Join Type": "Inner", "Startup Cost": 1234.63, "Total Cost": 1440.04, "Plan Rows": 396, "Plan Width": 8, "Actual Startup Time": 4.841, "Actual Total Time": 4.842, "Actual Rows": 0, "Actual Loops": 1, "Output": ["p.id", "pl.postid"], "Inner Unique": true, "Merge Cond": "(pl.postid = p.id)", "Plans": [{"Node Type": "Index Scan", "Parent Relationship": "Outer", "Parallel Aware": false, "Scan Direction": "Forward", "Index Name": "idx_postlinks_postid", "Relation Name": "postlinks", "Schema": "public", "Alias": "pl", "Startup Cost": 0.28, "Total Cost": 170.88, "Plan Rows": 3833, "Plan Width": 4, "Actual Startup Time": 0.015, "Actual Total Time": 0.016, "Actual Rows": 1, "Actual Loops": 1, "Output": ["pl.id", "pl.creationdate", "pl.postid", "pl.relatedpostid", "pl.linktypeid"], "Filter": "((pl.creationdate <= '2014-09-04 23:30:20'::timestamp without time zone) AND (pl.linktypeid = 1))", "Rows Removed by Filter": 0}, {"Node Type": "Sort", "Parent Relationship": "Inner", "Parallel Aware": false, "Startup Cost": 1234.35, "Total Cost": 1244.99, "Plan Rows": 4257, "Plan Width": 4, "Actual Startup Time": 4.825, "Actual Total Time": 4.826, "Actual Rows": 0, "Actual Loops": 1, "Output": ["p.id"], "Sort Key": ["p.id"], "Sort Method": "quicksort", "Sort Space Used": 25, "Sort Space Type": "Memory", "Plans": [{"Node Type": "Seq Scan", "Parent Relationship": "Outer", "Parallel Aware": false, "Relation Name": "posts", "Schema": "public", "Alias": "p", "Startup Cost": 0.0, "Total Cost": 977.75, "Plan Rows": 4257, "Plan Width": 4, "Actual Startup Time": 4.811, "Actual Total Time": 4.811, "Actual Rows": 0, "Actual Loops": 1, "Output": ["p.id"], "Filter": "((p.favoritecount <= 19) AND (p.posttypeid = 2))", "Rows Removed by Filter": 41183}]}]}, {"Node Type": "Index Scan", "Parent Relationship": "Inner", "Parallel Aware": false, "Scan Direction": "Forward", "Index Name": "idx_posthistory_postid", "Relation Name": "posthistory", "Schema": "public", "Alias": "ph", "Startup Cost": 0.29, "Total Cost": 1.48, "Plan Rows": 4, "Plan Width": 4, "Actual Startup Time": 0.0, "Actual Total Time": 0.0, "Actual Rows": 0, "Actual Loops": 0, "Output": ["ph.id", "ph.posthistorytypeid", "ph.postid", "ph.creationdate", "ph.userid"], "Index Cond": "(ph.postid = p.id)", "Rows Removed by Index Recheck": 0, "Filter": "((ph.creationdate >= '2010-07-20 05:23:04'::timestamp without time zone) AND (ph.creationdate <= '2014-09-01 20:54:26'::timestamp without time zone))", "Rows Removed by Filter": 0}]}, {"Node Type": "Index Scan", "Parent Relationship": "Inner", "Parallel Aware": false, "Scan Direction": "Forward", "Index Name": "idx_votes_postid", "Relation Name": "votes", "Schema": "public", "Alias": "v", "Startup Cost": 0.29, "Total Cost": 0.46, "Plan Rows": 6, "Plan Width": 4, "Actual Startup Time": 0.0, "Actual Total Time": 0.0, "Actual Rows": 0, "Actual Loops": 0, "Output": ["v.id", "v.postid", "v.votetypeid", "v.creationdate", "v.userid", "v.bountyamount"], "Index Cond": "(v.postid = ph.postid)", "Rows Removed by Index Recheck": 0, "Filter": "(v.creationdate <= '2014-09-09 00:00:00'::timestamp without time zone)", "Rows Removed by Filter": 0}]}, {"Node Type": "Materialize", "Parent Relationship": "Inner", "Parallel Aware": false, "Startup Cost": 0.29, "Total Cost": 1937.04, "Plan Rows": 79357, "Plan Width": 4, "Actual Startup Time": 0.0, "Actual Total Time": 0.0, "Actual Rows": 0, "Actual Loops": 0, "Output": ["c.postid"], "Plans": [{"Node Type": "Index Only Scan", "Parent Relationship": "Outer", "Parallel Aware": false, "Scan Direction": "Forward", "Index Name": "idx_comments_postid", "Relation Name": "comments", "Schema": "public", "Alias": "c", "Startup Cost": 0.29, "Total Cost": 1738.65, "Plan Rows": 79357, "Plan Width": 4, "Actual Startup Time": 0.0, "Actual Total Time": 0.0, "Actual Rows": 0, "Actual Loops": 0, "Output": ["c.postid"], "Heap Fetches": 0}]}]}]}, "Planning Time": 4.274, "Triggers": [], "Execution Time": 4.951}]
[{"Plan": {"Node Type": "Aggregate", "Strategy": "Plain", "Partial Mode": "Simple", "Parallel Aware": false, "Startup Cost": 1639795.31, "Total Cost": 1639795.32, "Plan Rows": 1, "Plan Width": 8, "Actual Startup Time": 1904.609, "Actual Total Time": 1904.617, "Actual Rows": 1, "Actual Loops": 1, "Output": ["count(*)"], "Plans": [{"Node Type": "Hash Join", "Parent Relationship": "Outer", "Parallel Aware": false, "Join Type": "Inner", "Startup Cost": 2739.1, "Total Cost": 261424.61, "Plan Rows": 551348278, "Plan Width": 0, "Actual Startup Time": 30.846, "Actual Total Time": 1325.384, "Actual Rows": 16952277, "Actual Loops": 1, "Inner Unique": false, "Hash Cond": "(c.userid = u.id)", "Plans": [{"Node Type": "Nested Loop", "Parent Relationship": "Outer", "Parallel Aware": false, "Join Type": "Inner", "Startup Cost": 0.29, "Total Cost": 19409.42, "Plan Rows": 6370245, "Plan Width": 8, "Actual Startup Time": 0.056, "Actual Total Time": 233.013, "Actual Rows": 531404, "Actual Loops": 1, "Output": ["c.userid", "ph.userid"], "Inner Unique": false, "Plans": [{"Node Type": "Seq Scan", "Parent Relationship": "Outer", "Parallel Aware": false, "Relation Name": "posthistory", "Schema": "public", "Alias": "ph", "Startup Cost": 0.0, "Total Cost": 2572.93, "Plan Rows": 16475, "Plan Width": 4, "Actual Startup Time": 0.011, "Actual Total Time": 12.058, "Actual Rows": 16474, "Actual Loops": 1, "Output": ["ph.id", "ph.posthistorytypeid", "ph.postid", "ph.creationdate", "ph.userid"], "Filter": "(ph.posthistorytypeid = 1)", "Rows Removed by Filter": 113520}, {"Node Type": "Index Scan", "Parent Relationship": "Inner", "Parallel Aware": false, "Scan Direction": "Forward", "Index Name": "idx_comments_userid", "Relation Name": "comments", "Schema": "public", "Alias": "c", "Startup Cost": 0.29, "Total Cost": 0.88, "Plan Rows": 14, "Plan Width": 4, "Actual Startup Time": 0.001, "Actual Total Time": 0.011, "Actual Rows": 32, "Actual Loops": 16474, "Output": ["c.id", "c.postid", "c.score", "c.creationdate", "c.userid"], "Index Cond": "(c.userid = ph.userid)", "Rows Removed by Index Recheck": 0, "Filter": "((c.creationdate >= '2010-07-30 19:52:01'::timestamp without time zone) AND (c.score = 0))", "Rows Removed by Filter": 9}]}, {"Node Type": "Hash", "Parent Relationship": "Inner", "Parallel Aware": false, "Startup Cost": 2138.53, "Total Cost": 2138.53, "Plan Rows": 48022, "Plan Width": 12, "Actual Startup Time": 14.675, "Actual Total Time": 14.679, "Actual Rows": 15706, "Actual Loops": 1, "Output": ["p.lasteditoruserid", "b.userid", "u.id"], "Hash Buckets": 65536, "Original Hash Buckets": 65536, "Hash Batches": 1, "Original Hash Batches": 1, "Peak Memory Usage": 1187, "Plans": [{"Node Type": "Nested Loop", "Parent Relationship": "Outer", "Parallel Aware": false, "Join Type": "Inner", "Startup Cost": 547.95, "Total Cost": 2138.53, "Plan Rows": 48022, "Plan Width": 12, "Actual Startup Time": 3.398, "Actual Total Time": 12.973, "Actual Rows": 15706, "Actual Loops": 1, "Output": ["p.lasteditoruserid", "b.userid", "u.id"], "Inner Unique": false, "Plans": [{"Node Type": "Hash Join", "Parent Relationship": "Outer", "Parallel Aware": false, "Join Type": "Inner", "Startup Cost": 547.66, "Total Cost": 1635.73, "Plan Rows": 1303, "Plan Width": 8, "Actual Startup Time": 3.38, "Actual Total Time": 9.287, "Actual Rows": 1501, "Actual Loops": 1, "Output": ["p.lasteditoruserid", "u.id"], "Inner Unique": true, "Hash Cond": "(p.lasteditoruserid = u.id)", "Plans": [{"Node Type": "Seq Scan", "Parent Relationship": "Outer", "Parallel Aware": false, "Relation Name": "posts", "Schema": "public", "Alias": "p", "Startup Cost": 0.0, "Total Cost": 1080.7, "Plan Rows": 2805, "Plan Width": 4, "Actual Startup Time": 0.009, "Actual Total Time": 5.258, "Actual Rows": 7106, "Actual Loops": 1, "Output": ["p.id", "p.posttypeid", "p.creationdate", "p.score", "p.viewcount", "p.owneruserid", "p.answercount", "p.commentcount", "p.favoritecount", "p.lasteditoruserid"], "Filter": "((p.favoritecount >= 0) AND (p.favoritecount <= 10) AND (p.posttypeid = 1))", "Rows Removed by Filter": 34077}, {"Node Type": "Hash", "Parent Relationship": "Inner", "Parallel Aware": false, "Startup Cost": 371.36, "Total Cost": 371.36, "Plan Rows": 14104, "Plan Width": 4, "Actual Startup Time": 3.313, "Actual Total Time": 3.314, "Actual Rows": 14126, "Actual Loops": 1, "Output": ["u.id"], "Hash Buckets": 16384, "Original Hash Buckets": 16384, "Hash Batches": 1, "Original Hash Batches": 1, "Peak Memory Usage": 625, "Plans": [{"Node Type": "Seq Scan", "Parent Relationship": "Outer", "Parallel Aware": false, "Relation Name": "users", "Schema": "public", "Alias": "u", "Startup Cost": 0.0, "Total Cost": 371.36, "Plan Rows": 14104, "Plan Width": 4, "Actual Startup Time": 0.069, "Actual Total Time": 2.022, "Actual Rows": 14126, "Actual Loops": 1, "Output": ["u.id"], "Filter": "((u.reputation <= 2772) AND (u.creationdate >= '2010-08-20 17:05:39'::timestamp without time zone) AND (u.creationdate <= '2014-09-07 18:58:36'::timestamp without time zone))", "Rows Removed by Filter": 809}]}]}, {"Node Type": "Index Only Scan", "Parent Relationship": "Inner", "Parallel Aware": false, "Scan Direction": "Forward", "Index Name": "idx_badges_userid", "Relation Name": "badges", "Schema": "public", "Alias": "b", "Startup Cost": 0.29, "Total Cost": 0.36, "Plan Rows": 3, "Plan Width": 4, "Actual Startup Time": 0.001, "Actual Total Time": 0.002, "Actual Rows": 10, "Actual Loops": 1501, "Output": ["b.userid"], "Index Cond": "(b.userid = u.id)", "Rows Removed by Index Recheck": 0, "Heap Fetches": 0}]}]}]}]}, "Planning Time": 9.082, "Triggers": [], "Execution Time": 1904.778}]#####[{"Plan": {"Node Type": "Aggregate", "Strategy": "Plain", "Partial Mode": "Simple", "Parallel Aware": false, "Startup Cost": 13818875.96, "Total Cost": 13818875.97, "Plan Rows": 1, "Plan Width": 8, "Actual Startup Time": 1778.252, "Actual Total Time": 1778.262, "Actual Rows": 1, "Actual Loops": 1, "Output": ["count(*)"], "Plans": [{"Node Type": "Hash Join", "Parent Relationship": "Outer", "Parallel Aware": false, "Join Type": "Inner", "Startup Cost": 11960.48, "Total Cost": 35169.01, "Plan Rows": 5513482780, "Plan Width": 0, "Actual Startup Time": 61.037, "Actual Total Time": 1189.183, "Actual Rows": 16952277, "Actual Loops": 1, "Inner Unique": false, "Hash Cond": "(c.userid = u.id)", "Plans": [{"Node Type": "Seq Scan", "Parent Relationship": "Outer", "Parallel Aware": false, "Relation Name": "comments", "Schema": "public", "Alias": "c", "Startup Cost": 0.0, "Total Cost": 1773.36, "Plan Rows": 59354, "Plan Width": 4, "Actual Startup Time": 0.084, "Actual Total Time": 9.563, "Actual Rows": 59673, "Actual Loops": 1, "Output": ["c.id", "c.postid", "c.score", "c.creationdate", "c.userid"], "Filter": "((c.creationdate >= '2010-07-30 19:52:01'::timestamp without time zone) AND (c.score = 0))", "Rows Removed by Filter": 19684}, {"Node Type": "Hash", "Parent Relationship": "Inner", "Parallel Aware": false, "Startup Cost": 5899.73, "Total Cost": 5899.73, "Plan Rows": 484860, "Plan Width": 16, "Actual Startup Time": 59.309, "Actual Total Time": 59.316, "Actual Rows": 179414, "Actual Loops": 1, "Output": ["p.lasteditoruserid", "ph.userid", "b.userid", "u.id"], "Hash Buckets": 524288, "Original Hash Buckets": 524288, "Hash Batches": 1, "Original Hash Batches": 1, "Peak Memory Usage": 12507, "Plans": [{"Node Type": "Hash Join", "Parent Relationship": "Outer", "Parallel Aware": false, "Join Type": "Inner", "Startup Cost": 2738.81, "Total Cost": 5899.73, "Plan Rows": 484860, "Plan Width": 16, "Actual Startup Time": 15.231, "Actual Total Time": 40.792, "Actual Rows": 179414, "Actual Loops": 1, "Output": ["p.lasteditoruserid", "ph.userid", "b.userid", "u.id"], "Inner Unique": false, "Hash Cond": "(ph.userid = u.id)", "Plans": [{"Node Type": "Seq Scan", "Parent Relationship": "Outer", "Parallel Aware": false, "Relation Name": "posthistory", "Schema": "public", "Alias": "ph", "Startup Cost": 0.0, "Total Cost": 2572.93, "Plan Rows": 16475, "Plan Width": 4, "Actual Startup Time": 0.009, "Actual Total Time": 10.76, "Actual Rows": 16474, "Actual Loops": 1, "Output": ["ph.id", "ph.posthistorytypeid", "ph.postid", "ph.creationdate", "ph.userid"], "Filter": "(ph.posthistorytypeid = 1)", "Rows Removed by Filter": 113520}, {"Node Type": "Hash", "Parent Relationship": "Inner", "Parallel Aware": false, "Startup Cost": 2138.53, "Total Cost": 2138.53, "Plan Rows": 48022, "Plan Width": 12, "Actual Startup Time": 14.635, "Actual Total Time": 14.641, "Actual Rows": 15706, "Actual Loops": 1, "Output": ["p.lasteditoruserid", "b.userid", "u.id"], "Hash Buckets": 65536, "Original Hash Buckets": 65536, "Hash Batches": 1, "Original Hash Batches": 1, "Peak Memory Usage": 1187, "Plans": [{"Node Type": "Nested Loop", "Parent Relationship": "Outer", "Parallel Aware": false, "Join Type": "Inner", "Startup Cost": 547.95, "Total Cost": 2138.53, "Plan Rows": 48022, "Plan Width": 12, "Actual Startup Time": 3.395, "Actual Total Time": 12.951, "Actual Rows": 15706, "Actual Loops": 1, "Output": ["p.lasteditoruserid", "b.userid", "u.id"], "Inner Unique": false, "Plans": [{"Node Type": "Hash Join", "Parent Relationship": "Outer", "Parallel Aware": false, "Join Type": "Inner", "Startup Cost": 547.66, "Total Cost": 1635.73, "Plan Rows": 1303, "Plan Width": 8, "Actual Startup Time": 3.377, "Actual Total Time": 9.29, "Actual Rows": 1501, "Actual Loops": 1, "Output": ["p.lasteditoruserid", "u.id"], "Inner Unique": true, "Hash Cond": "(p.lasteditoruserid = u.id)", "Plans": [{"Node Type": "Seq Scan", "Parent Relationship": "Outer", "Parallel Aware": false, "Relation Name": "posts", "Schema": "public", "Alias": "p", "Startup Cost": 0.0, "Total Cost": 1080.7, "Plan Rows": 2805, "Plan Width": 4, "Actual Startup Time": 0.009, "Actual Total Time": 5.261, "Actual Rows": 7106, "Actual Loops": 1, "Output": ["p.id", "p.posttypeid", "p.creationdate", "p.score", "p.viewcount", "p.owneruserid", "p.answercount", "p.commentcount", "p.favoritecount", "p.lasteditoruserid"], "Filter": "((p.favoritecount >= 0) AND (p.favoritecount <= 10) AND (p.posttypeid = 1))", "Rows Removed by Filter": 34077}, {"Node Type": "Hash", "Parent Relationship": "Inner", "Parallel Aware": false, "Startup Cost": 371.36, "Total Cost": 371.36, "Plan Rows": 14104, "Plan Width": 4, "Actual Startup Time": 3.303, "Actual Total Time": 3.305, "Actual Rows": 14126, "Actual Loops": 1, "Output": ["u.id"], "Hash Buckets": 16384, "Original Hash Buckets": 16384, "Hash Batches": 1, "Original Hash Batches": 1, "Peak Memory Usage": 625, "Plans": [{"Node Type": "Seq Scan", "Parent Relationship": "Outer", "Parallel Aware": false, "Relation Name": "users", "Schema": "public", "Alias": "u", "Startup Cost": 0.0, "Total Cost": 371.36, "Plan Rows": 14104, "Plan Width": 4, "Actual Startup Time": 0.074, "Actual Total Time": 2.02, "Actual Rows": 14126, "Actual Loops": 1, "Output": ["u.id"], "Filter": "((u.reputation <= 2772) AND (u.creationdate >= '2010-08-20 17:05:39'::timestamp without time zone) AND (u.creationdate <= '2014-09-07 18:58:36'::timestamp without time zone))", "Rows Removed by Filter": 809}]}]}, {"Node Type": "Index Only Scan", "Parent Relationship": "Inner", "Parallel Aware": false, "Scan Direction": "Forward", "Index Name": "idx_badges_userid", "Relation Name": "badges", "Schema": "public", "Alias": "b", "Startup Cost": 0.29, "Total Cost": 0.36, "Plan Rows": 3, "Plan Width": 4, "Actual Startup Time": 0.001, "Actual Total Time": 0.002, "Actual Rows": 10, "Actual Loops": 1501, "Output": ["b.userid"], "Index Cond": "(b.userid = u.id)", "Rows Removed by Index Recheck": 0, "Heap Fetches": 0}]}]}]}]}]}]}, "Planning Time": 5.183, "Triggers": [], "Execution Time": 1778.842}]#####[{"Plan": {"Node Type": "Aggregate", "Strategy": "Plain", "Partial Mode": "Simple", "Parallel Aware": false, "Startup Cost": 13824213.04, "Total Cost": 13824213.05, "Plan Rows": 1, "Plan Width": 8, "Actual Startup Time": 2583.311, "Actual Total Time": 2583.318, "Actual Rows": 1, "Actual Loops": 1, "Output": ["count(*)"], "Plans": [{"Node Type": "Merge Join", "Parent Relationship": "Outer", "Parallel Aware": false, "Join Type": "Inner", "Startup Cost": 4156.79, "Total Cost": 40506.09, "Plan Rows": 5513482780, "Plan Width": 0, "Actual Startup Time": 89.223, "Actual Total Time": 2006.209, "Actual Rows": 16952277, "Actual Loops": 1, "Inner Unique": false, "Merge Cond": "(p.lasteditoruserid = u.id)", "Plans": [{"Node Type": "Merge Join", "Parent Relationship": "Outer", "Parallel Aware": false, "Join Type": "Inner", "Startup Cost": 9.81, "Total Cost": 3407.47, "Plan Rows": 103385, "Plan Width": 8, "Actual Startup Time": 0.754, "Actual Total Time": 67.038, "Actual Rows": 464454, "Actual Loops": 1, "Output": ["p.lasteditoruserid", "b.userid"], "Inner Unique": false, "Merge Cond": "(p.lasteditoruserid = b.userid)", "Plans": [{"Node Type": "Index Scan", "Parent Relationship": "Outer", "Parallel Aware": false, "Scan Direction": "Forward", "Index Name": "idx_posts_lasteditoruserid", "Relation Name": "posts", "Schema": "public", "Alias": "p", "Startup Cost": 0.29, "Total Cost": 2348.48, "Plan Rows": 2805, "Plan Width": 4, "Actual Startup Time": 0.093, "Actual Total Time": 9.934, "Actual Rows": 5345, "Actual Loops": 1, "Output": ["p.id", "p.posttypeid", "p.creationdate", "p.score", "p.viewcount", "p.owneruserid", "p.answercount", "p.commentcount", "p.favoritecount", "p.lasteditoruserid"], "Filter": "((p.favoritecount >= 0) AND (p.favoritecount <= 10) AND (p.posttypeid = 1))", "Rows Removed by Filter": 14687}, {"Node Type": "Materialize", "Parent Relationship": "Inner", "Parallel Aware": false, "Startup Cost": 0.29, "Total Cost": 795.21, "Plan Rows": 32624, "Plan Width": 4, "Actual Startup Time": 0.026, "Actual Total Time": 19.593, "Actual Rows": 485540, "Actual Loops": 1, "Output": ["b.userid"], "Plans": [{"Node Type": "Index Only Scan", "Parent Relationship": "Outer", "Parallel Aware": false, "Scan Direction": "Forward", "Index Name": "idx_badges_userid", "Relation Name": "badges", "Schema": "public", "Alias": "b", "Startup Cost": 0.29, "Total Cost": 713.65, "Plan Rows": 32624, "Plan Width": 4, "Actual Startup Time": 0.022, "Actual Total Time": 2.419, "Actual Rows": 32624, "Actual Loops": 1, "Output": ["b.userid"], "Heap Fetches": 0}]}]}, {"Node Type": "Materialize", "Parent Relationship": "Inner", "Parallel Aware": false, "Startup Cost": 4146.97, "Total Cost": 10244.84, "Plan Rows": 585818, "Plan Width": 12, "Actual Startup Time": 30.735, "Actual Total Time": 610.707, "Actual Rows": 17004302, "Actual Loops": 1, "Output": ["c.userid", "ph.userid", "u.id"], "Plans": [{"Node Type": "Merge Join", "Parent Relationship": "Outer", "Parallel Aware": false, "Join Type": "Inner", "Startup Cost": 4146.97, "Total Cost": 8780.29, "Plan Rows": 585818, "Plan Width": 12, "Actual Startup Time": 30.732, "Actual Total Time": 81.211, "Actual Rows": 216129, "Actual Loops": 1, "Output": ["c.userid", "ph.userid", "u.id"], "Inner Unique": false, "Merge Cond": "(c.userid = u.id)", "Plans": [{"Node Type": "Index Scan", "Parent Relationship": "Outer", "Parallel Aware": false, "Scan Direction": "Forward", "Index Name": "idx_comments_userid", "Relation Name": "comments", "Schema": "public", "Alias": "c", "Startup Cost": 0.29, "Total Cost": 3760.79, "Plan Rows": 59354, "Plan Width": 4, "Actual Startup Time": 0.02, "Actual Total Time": 25.904, "Actual Rows": 58110, "Actual Loops": 1, "Output": ["c.id", "c.postid", "c.score", "c.creationdate", "c.userid"], "Filter": "((c.creationdate >= '2010-07-30 19:52:01'::timestamp without time zone) AND (c.score = 0))", "Rows Removed by Filter": 19091}, {"Node Type": "Sort", "Parent Relationship": "Inner", "Parallel Aware": false, "Startup Cost": 4146.62, "Total Cost": 4182.23, "Plan Rows": 14245, "Plan Width": 8, "Actual Startup Time": 22.684, "Actual Total Time": 31.67, "Actual Rows": 218468, "Actual Loops": 1, "Output": ["ph.userid", "u.id"], "Sort Key": ["ph.userid"], "Sort Method": "quicksort", "Sort Space Used": 1026, "Sort Space Type": "Memory", "Plans": [{"Node Type": "Hash Join", "Parent Relationship": "Outer", "Parallel Aware": false, "Join Type": "Inner", "Startup Cost": 547.66, "Total Cost": 3163.85, "Plan Rows": 14245, "Plan Width": 8, "Actual Startup Time": 5.891, "Actual Total Time": 20.055, "Actual Rows": 13691, "Actual Loops": 1, "Output": ["ph.userid", "u.id"], "Inner Unique": true, "Hash Cond": "(ph.userid = u.id)", "Plans": [{"Node Type": "Seq Scan", "Parent Relationship": "Outer", "Parallel Aware": false, "Relation Name": "posthistory", "Schema": "public", "Alias": "ph", "Startup Cost": 0.0, "Total Cost": 2572.93, "Plan Rows": 16475, "Plan Width": 4, "Actual Startup Time": 0.013, "Actual Total Time": 11.874, "Actual Rows": 16474, "Actual Loops": 1, "Output": ["ph.id", "ph.posthistorytypeid", "ph.postid", "ph.creationdate", "ph.userid"], "Filter": "(ph.posthistorytypeid = 1)", "Rows Removed by Filter": 113520}, {"Node Type": "Hash", "Parent Relationship": "Inner", "Parallel Aware": false, "Startup Cost": 371.36, "Total Cost": 371.36, "Plan Rows": 14104, "Plan Width": 4, "Actual Startup Time": 5.335, "Actual Total Time": 5.335, "Actual Rows": 14126, "Actual Loops": 1, "Output": ["u.id"], "Hash Buckets": 16384, "Original Hash Buckets": 16384, "Hash Batches": 1, "Original Hash Batches": 1, "Peak Memory Usage": 625, "Plans": [{"Node Type": "Seq Scan", "Parent Relationship": "Outer", "Parallel Aware": false, "Relation Name": "users", "Schema": "public", "Alias": "u", "Startup Cost": 0.0, "Total Cost": 371.36, "Plan Rows": 14104, "Plan Width": 4, "Actual Startup Time": 0.111, "Actual Total Time": 3.179, "Actual Rows": 14126, "Actual Loops": 1, "Output": ["u.id"], "Filter": "((u.reputation <= 2772) AND (u.creationdate >= '2010-08-20 17:05:39'::timestamp without time zone) AND (u.creationdate <= '2014-09-07 18:58:36'::timestamp without time zone))", "Rows Removed by Filter": 809}]}]}]}]}]}]}]}, "Planning Time": 6.951, "Triggers": [], "Execution Time": 2583.723}]
[{"Plan": {"Node Type": "Aggregate", "Strategy": "Plain", "Partial Mode": "Simple", "Parallel Aware": false, "Startup Cost": 19566.85, "Total Cost": 19566.86, "Plan Rows": 1, "Plan Width": 8, "Actual Startup Time": 13006.857, "Actual Total Time": 13006.865, "Actual Rows": 1, "Actual Loops": 1, "Output": ["count(*)"], "Plans": [{"Node Type": "Hash Join", "Parent Relationship": "Outer", "Parallel Aware": false, "Join Type": "Inner", "Startup Cost": 2954.85, "Total Cost": 11217.18, "Plan Rows": 3339868, "Plan Width": 0, "Actual Startup Time": 35.937, "Actual Total Time": 8457.481, "Actual Rows": 128933988, "Actual Loops": 1, "Inner Unique": false, "Hash Cond": "(ph.userid = u.id)", "Plans": [{"Node Type": "Seq Scan", "Parent Relationship": "Outer", "Parallel Aware": false, "Relation Name": "posthistory", "Schema": "public", "Alias": "ph", "Startup Cost": 0.0, "Total Cost": 2247.94, "Plan Rows": 129994, "Plan Width": 4, "Actual Startup Time": 0.019, "Actual Total Time": 8.462, "Actual Rows": 129994, "Actual Loops": 1, "Output": ["ph.id", "ph.posthistorytypeid", "ph.postid", "ph.creationdate", "ph.userid"]}, {"Node Type": "Hash", "Parent Relationship": "Inner", "Parallel Aware": false, "Startup Cost": 2164.41, "Total Cost": 2164.41, "Plan Rows": 63235, "Plan Width": 16, "Actual Startup Time": 35.401, "Actual Total Time": 35.406, "Actual Rows": 69093, "Actual Loops": 1, "Output": ["c.userid", "p.owneruserid", "b.userid", "u.id"], "Hash Buckets": 131072, "Original Hash Buckets": 65536, "Hash Batches": 1, "Original Hash Batches": 1, "Peak Memory Usage": 4263, "Plans": [{"Node Type": "Hash Join", "Parent Relationship": "Outer", "Parallel Aware": false, "Join Type": "Inner", "Startup Cost": 1487.3, "Total Cost": 2164.41, "Plan Rows": 63235, "Plan Width": 16, "Actual Startup Time": 17.42, "Actual Total Time": 27.568, "Actual Rows": 69093, "Actual Loops": 1, "Output": ["c.userid", "p.owneruserid", "b.userid", "u.id"], "Inner Unique": false, "Hash Cond": "(b.userid = u.id)", "Plans": [{"Node Type": "Seq Scan", "Parent Relationship": "Outer", "Parallel Aware": false, "Relation Name": "badges", "Schema": "public", "Alias": "b", "Startup Cost": 0.0, "Total Cost": 503.24, "Plan Rows": 32624, "Plan Width": 4, "Actual Startup Time": 0.047, "Actual Total Time": 2.789, "Actual Rows": 32624, "Actual Loops": 1, "Output": ["b.id", "b.userid", "b.date"]}, {"Node Type": "Hash", "Parent Relationship": "Inner", "Parallel Aware": false, "Startup Cost": 1457.82, "Total Cost": 1457.82, "Plan Rows": 2359, "Plan Width": 12, "Actual Startup Time": 17.335, "Actual Total Time": 17.338, "Actual Rows": 1455, "Actual Loops": 1, "Output": ["c.userid", "p.owneruserid", "u.id"], "Hash Buckets": 4096, "Original Hash Buckets": 4096, "Hash Batches": 1, "Original Hash Batches": 1, "Peak Memory Usage": 95, "Plans": [{"Node Type": "Nested Loop", "Parent Relationship": "Outer", "Parallel Aware": false, "Join Type": "Inner", "Startup Cost": 0.58, "Total Cost": 1457.82, "Plan Rows": 2359, "Plan Width": 12, "Actual Startup Time": 0.238, "Actual Total Time": 17.064, "Actual Rows": 1455, "Actual Loops": 1, "Output": ["c.userid", "p.owneruserid", "u.id"], "Inner Unique": false, "Plans": [{"Node Type": "Nested Loop", "Parent Relationship": "Outer", "Parallel Aware": false, "Join Type": "Inner", "Startup Cost": 0.29, "Total Cost": 1419.93, "Plan Rows": 43, "Plan Width": 8, "Actual Startup Time": 0.174, "Actual Total Time": 8.161, "Actual Rows": 294, "Actual Loops": 1, "Output": ["p.owneruserid", "u.id"], "Inner Unique": true, "Plans": [{"Node Type": "Seq Scan", "Parent Relationship": "Outer", "Parallel Aware": false, "Relation Name": "posts", "Schema": "public", "Alias": "p", "Startup Cost": 0.0, "Total Cost": 1286.62, "Plan Rows": 44, "Plan Width": 4, "Actual Startup Time": 0.145, "Actual Total Time": 7.372, "Actual Rows": 302, "Actual Loops": 1, "Output": ["p.id", "p.posttypeid", "p.creationdate", "p.score", "p.viewcount", "p.owneruserid", "p.answercount", "p.commentcount", "p.favoritecount", "p.lasteditoruserid"], "Filter": "((p.viewcount >= 2) AND (p.viewcount <= 4000) AND (p.creationdate <= '2012-12-08 09:58:16'::timestamp without time zone) AND (p.posttypeid = 1) AND (p.favoritecount = 0))", "Rows Removed by Filter": 40881}, {"Node Type": "Index Only Scan", "Parent Relationship": "Inner", "Parallel Aware": false, "Scan Direction": "Forward", "Index Name": "users_pkey", "Relation Name": "users", "Schema": "public", "Alias": "u", "Startup Cost": 0.29, "Total Cost": 3.03, "Plan Rows": 1, "Plan Width": 4, "Actual Startup Time": 0.002, "Actual Total Time": 0.002, "Actual Rows": 1, "Actual Loops": 302, "Output": ["u.id"], "Index Cond": "(u.id = p.owneruserid)", "Rows Removed by Index Recheck": 0, "Heap Fetches": 0}]}, {"Node Type": "Index Scan", "Parent Relationship": "Inner", "Parallel Aware": false, "Scan Direction": "Forward", "Index Name": "idx_comments_userid", "Relation Name": "comments", "Schema": "public", "Alias": "c", "Startup Cost": 0.29, "Total Cost": 0.85, "Plan Rows": 3, "Plan Width": 4, "Actual Startup Time": 0.008, "Actual Total Time": 0.029, "Actual Rows": 5, "Actual Loops": 294, "Output": ["c.id", "c.postid", "c.score", "c.creationdate", "c.userid"], "Index Cond": "(c.userid = u.id)", "Rows Removed by Index Recheck": 0, "Filter": "(c.score = 1)", "Rows Removed by Filter": 39}]}]}]}]}]}]}, "Planning Time": 8.039, "Triggers": [], "Execution Time": 13007.174}]#####[{"Plan": {"Node Type": "Aggregate", "Strategy": "Plain", "Partial Mode": "Simple", "Parallel Aware": false, "Startup Cost": 88823.73, "Total Cost": 88823.74, "Plan Rows": 1, "Plan Width": 8, "Actual Startup Time": 13226.628, "Actual Total Time": 13226.635, "Actual Rows": 1, "Actual Loops": 1, "Output": ["count(*)"], "Plans": [{"Node Type": "Hash Join", "Parent Relationship": "Outer", "Parallel Aware": false, "Join Type": "Inner", "Startup Cost": 3206.9, "Total Cost": 5327.01, "Plan Rows": 33398686, "Plan Width": 0, "Actual Startup Time": 218.377, "Actual Total Time": 8848.293, "Actual Rows": 128933988, "Actual Loops": 1, "Inner Unique": false, "Hash Cond": "(c.userid = u.id)", "Plans": [{"Node Type": "Seq Scan", "Parent Relationship": "Outer", "Parallel Aware": false, "Relation Name": "comments", "Schema": "public", "Alias": "c", "Startup Cost": 0.0, "Total Cost": 1574.96, "Plan Rows": 11576, "Plan Width": 4, "Actual Startup Time": 0.01, "Actual Total Time": 8.669, "Actual Rows": 11485, "Actual Loops": 1, "Output": ["c.id", "c.postid", "c.score", "c.creationdate", "c.userid"], "Filter": "(c.score = 1)", "Rows Removed by Filter": 67872}, {"Node Type": "Hash", "Parent Relationship": "Inner", "Parallel Aware": false, "Startup Cost": 2447.86, "Total Cost": 2447.86, "Plan Rows": 60723, "Plan Width": 16, "Actual Startup Time": 218.15, "Actual Total Time": 218.153, "Actual Rows": 933405, "Actual Loops": 1, "Output": ["p.owneruserid", "ph.userid", "b.userid", "u.id"], "Hash Buckets": 1048576, "Original Hash Buckets": 65536, "Hash Batches": 1, "Original Hash Batches": 1, "Peak Memory Usage": 51946, "Plans": [{"Node Type": "Nested Loop", "Parent Relationship": "Outer", "Parallel Aware": false, "Join Type": "Inner", "Startup Cost": 0.86, "Total Cost": 2447.86, "Plan Rows": 60723, "Plan Width": 16, "Actual Startup Time": 0.101, "Actual Total Time": 112.856, "Actual Rows": 933405, "Actual Loops": 1, "Output": ["p.owneruserid", "ph.userid", "b.userid", "u.id"], "Inner Unique": false, "Plans": [{"Node Type": "Nested Loop", "Parent Relationship": "Outer", "Parallel Aware": false, "Join Type": "Inner", "Startup Cost": 0.57, "Total Cost": 1436.48, "Plan Rows": 1150, "Plan Width": 12, "Actual Startup Time": 0.083, "Actual Total Time": 7.018, "Actual Rows": 2651, "Actual Loops": 1, "Output": ["p.owneruserid", "b.userid", "u.id"], "Inner Unique": false, "Plans": [{"Node Type": "Nested Loop", "Parent Relationship": "Outer", "Parallel Aware": false, "Join Type": "Inner", "Startup Cost": 0.29, "Total Cost": 1419.93, "Plan Rows": 43, "Plan Width": 8, "Actual Startup Time": 0.067, "Actual Total Time": 5.975, "Actual Rows": 294, "Actual Loops": 1, "Output": ["p.owneruserid", "u.id"], "Inner Unique": true, "Plans": [{"Node Type": "Seq Scan", "Parent Relationship": "Outer", "Parallel Aware": false, "Relation Name": "posts", "Schema": "public", "Alias": "p", "Startup Cost": 0.0, "Total Cost": 1286.62, "Plan Rows": 44, "Plan Width": 4, "Actual Startup Time": 0.06, "Actual Total Time": 5.353, "Actual Rows": 302, "Actual Loops": 1, "Output": ["p.id", "p.posttypeid", "p.creationdate", "p.score", "p.viewcount", "p.owneruserid", "p.answercount", "p.commentcount", "p.favoritecount", "p.lasteditoruserid"], "Filter": "((p.viewcount >= 2) AND (p.viewcount <= 4000) AND (p.creationdate <= '2012-12-08 09:58:16'::timestamp without time zone) AND (p.posttypeid = 1) AND (p.favoritecount = 0))", "Rows Removed by Filter": 40881}, {"Node Type": "Index Only Scan", "Parent Relationship": "Inner", "Parallel Aware": false, "Scan Direction": "Forward", "Index Name": "users_pkey", "Relation Name": "users", "Schema": "public", "Alias": "u", "Startup Cost": 0.29, "Total Cost": 3.03, "Plan Rows": 1, "Plan Width": 4, "Actual Startup Time": 0.002, "Actual Total Time": 0.002, "Actual Rows": 1, "Actual Loops": 302, "Output": ["u.id"], "Index Cond": "(u.id = p.owneruserid)", "Rows Removed by Index Recheck": 0, "Heap Fetches": 0}]}, {"Node Type": "Index Only Scan", "Parent Relationship": "Inner", "Parallel Aware": false, "Scan Direction": "Forward", "Index Name": "idx_badges_userid", "Relation Name": "badges", "Schema": "public", "Alias": "b", "Startup Cost": 0.29, "Total Cost": 0.35, "Plan Rows": 3, "Plan Width": 4, "Actual Startup Time": 0.002, "Actual Total Time": 0.003, "Actual Rows": 9, "Actual Loops": 294, "Output": ["b.userid"], "Index Cond": "(b.userid = u.id)", "Rows Removed by Index Recheck": 0, "Heap Fetches": 0}]}, {"Node Type": "Index Only Scan", "Parent Relationship": "Inner", "Parallel Aware": false, "Scan Direction": "Forward", "Index Name": "idx_posthistory_userid", "Relation Name": "posthistory", "Schema": "public", "Alias": "ph", "Startup Cost": 0.29, "Total Cost": 0.68, "Plan Rows": 20, "Plan Width": 4, "Actual Startup Time": 0.001, "Actual Total Time": 0.02, "Actual Rows": 352, "Actual Loops": 2651, "Output": ["ph.userid"], "Index Cond": "(ph.userid = u.id)", "Rows Removed by Index Recheck": 0, "Heap Fetches": 0}]}]}]}]}, "Planning Time": 5.152, "Triggers": [], "Execution Time": 13227.377}]#####[{"Plan": {"Node Type": "Aggregate", "Strategy": "Plain", "Partial Mode": "Simple", "Parallel Aware": false, "Startup Cost": 95178.74, "Total Cost": 95178.75, "Plan Rows": 1, "Plan Width": 8, "Actual Startup Time": 12298.724, "Actual Total Time": 12298.731, "Actual Rows": 1, "Actual Loops": 1, "Output": ["count(*)"], "Plans": [{"Node Type": "Hash Join", "Parent Relationship": "Outer", "Parallel Aware": false, "Join Type": "Inner", "Startup Cost": 2192.89, "Total Cost": 11682.02, "Plan Rows": 33398686, "Plan Width": 0, "Actual Startup Time": 16.878, "Actual Total Time": 7754.544, "Actual Rows": 128933988, "Actual Loops": 1, "Inner Unique": false, "Hash Cond": "(ph.userid = u.id)", "Plans": [{"Node Type": "Nested Loop", "Parent Relationship": "Outer", "Parallel Aware": false, "Join Type": "Inner", "Startup Cost": 0.58, "Total Cost": 2419.23, "Plan Rows": 663211, "Plan Width": 12, "Actual Startup Time": 0.133, "Actual Total Time": 129.726, "Actual Rows": 933405, "Actual Loops": 1, "Output": ["p.owneruserid", "ph.userid", "b.userid"], "Inner Unique": false, "Plans": [{"Node Type": "Nested Loop", "Parent Relationship": "Outer", "Parallel Aware": false, "Join Type": "Inner", "Startup Cost": 0.29, "Total Cost": 1430.9, "Plan Rows": 1150, "Plan Width": 8, "Actual Startup Time": 0.112, "Actual Total Time": 6.172, "Actual Rows": 2651, "Actual Loops": 1, "Output": ["p.owneruserid", "b.userid"], "Inner Unique": false, "Plans": [{"Node Type": "Seq Scan", "Parent Relationship": "Outer", "Parallel Aware": false, "Relation Name": "posts", "Schema": "public", "Alias": "p", "Startup Cost": 0.0, "Total Cost": 1286.62, "Plan Rows": 44, "Plan Width": 4, "Actual Startup Time": 0.089, "Actual Total Time": 5.148, "Actual Rows": 302, "Actual Loops": 1, "Output": ["p.id", "p.posttypeid", "p.creationdate", "p.score", "p.viewcount", "p.owneruserid", "p.answercount", "p.commentcount", "p.favoritecount", "p.lasteditoruserid"], "Filter": "((p.viewcount >= 2) AND (p.viewcount <= 4000) AND (p.creationdate <= '2012-12-08 09:58:16'::timestamp without time zone) AND (p.posttypeid = 1) AND (p.favoritecount = 0))", "Rows Removed by Filter": 40881}, {"Node Type": "Index Only Scan", "Parent Relationship": "Inner", "Parallel Aware": false, "Scan Direction": "Forward", "Index Name": "idx_badges_userid", "Relation Name": "badges", "Schema": "public", "Alias": "b", "Startup Cost": 0.29, "Total Cost": 3.25, "Plan Rows": 3, "Plan Width": 4, "Actual Startup Time": 0.002, "Actual Total Time": 0.003, "Actual Rows": 9, "Actual Loops": 302, "Output": ["b.userid"], "Index Cond": "(b.userid = p.owneruserid)", "Rows Removed by Index Recheck": 0, "Heap Fetches": 0}]}, {"Node Type": "Index Only Scan", "Parent Relationship": "Inner", "Parallel Aware": false, "Scan Direction": "Forward", "Index Name": "idx_posthistory_userid", "Relation Name": "posthistory", "Schema": "public", "Alias": "ph", "Startup Cost": 0.29, "Total Cost": 0.66, "Plan Rows": 20, "Plan Width": 4, "Actual Startup Time": 0.001, "Actual Total Time": 0.023, "Actual Rows": 352, "Actual Loops": 2651, "Output": ["ph.userid"], "Index Cond": "(ph.userid = b.userid)", "Rows Removed by Index Recheck": 0, "Heap Fetches": 0}]}, {"Node Type": "Hash", "Parent Relationship": "Inner", "Parallel Aware": false, "Startup Cost": 2051.4, "Total Cost": 2051.4, "Plan Rows": 11273, "Plan Width": 8, "Actual Startup Time": 16.641, "Actual Total Time": 16.645, "Actual Rows": 11183, "Actual Loops": 1, "Output": ["c.userid", "u.id"], "Hash Buckets": 16384, "Original Hash Buckets": 16384, "Hash Batches": 1, "Original Hash Batches": 1, "Peak Memory Usage": 565, "Plans": [{"Node Type": "Hash Join", "Parent Relationship": "Outer", "Parallel Aware": false, "Join Type": "Inner", "Startup Cost": 446.04, "Total Cost": 2051.4, "Plan Rows": 11273, "Plan Width": 8, "Actual Startup Time": 5.107, "Actual Total Time": 15.262, "Actual Rows": 11183, "Actual Loops": 1, "Output": ["c.userid", "u.id"], "Inner Unique": true, "Hash Cond": "(c.userid = u.id)", "Plans": [{"Node Type": "Seq Scan", "Parent Relationship": "Outer", "Parallel Aware": false, "Relation Name": "comments", "Schema": "public", "Alias": "c", "Startup Cost": 0.0, "Total Cost": 1574.96, "Plan Rows": 11576, "Plan Width": 4, "Actual Startup Time": 0.01, "Actual Total Time": 8.252, "Actual Rows": 11485, "Actual Loops": 1, "Output": ["c.id", "c.postid", "c.score", "c.creationdate", "c.userid"], "Filter": "(c.score = 1)", "Rows Removed by Filter": 67872}, {"Node Type": "Hash", "Parent Relationship": "Inner", "Parallel Aware": false, "Startup Cost": 259.35, "Total Cost": 259.35, "Plan Rows": 14935, "Plan Width": 4, "Actual Startup Time": 5.023, "Actual Total Time": 5.024, "Actual Rows": 14935, "Actual Loops": 1, "Output": ["u.id"], "Hash Buckets": 16384, "Original Hash Buckets": 16384, "Hash Batches": 1, "Original Hash Batches": 1, "Peak Memory Usage": 654, "Plans": [{"Node Type": "Seq Scan", "Parent Relationship": "Outer", "Parallel Aware": false, "Relation Name": "users", "Schema": "public", "Alias": "u", "Startup Cost": 0.0, "Total Cost": 259.35, "Plan Rows": 14935, "Plan Width": 4, "Actual Startup Time": 0.033, "Actual Total Time": 2.906, "Actual Rows": 14935, "Actual Loops": 1, "Output": ["u.id"]}]}]}]}]}]}, "Planning Time": 5.781, "Triggers": [], "Execution Time": 12298.88}]
[{"Plan": {"Node Type": "Aggregate", "Strategy": "Plain", "Partial Mode": "Simple", "Parallel Aware": false, "Startup Cost": 5737.43, "Total Cost": 5737.44, "Plan Rows": 1, "Plan Width": 8, "Actual Startup Time": 37.861, "Actual Total Time": 37.867, "Actual Rows": 1, "Actual Loops": 1, "Output": ["count(*)"], "Plans": [{"Node Type": "Hash Join", "Parent Relationship": "Outer", "Parallel Aware": false, "Join Type": "Inner", "Startup Cost": 3580.91, "Total Cost": 5730.5, "Plan Rows": 2770, "Plan Width": 0, "Actual Startup Time": 20.077, "Actual Total Time": 36.434, "Actual Rows": 40575, "Actual Loops": 1, "Inner Unique": false, "Hash Cond": "(c.postid = p.id)", "Plans": [{"Node Type": "Seq Scan", "Parent Relationship": "Outer", "Parallel Aware": false, "Relation Name": "comments", "Schema": "public", "Alias": "c", "Startup Cost": 0.0, "Total Cost": 1574.96, "Plan Rows": 79349, "Plan Width": 4, "Actual Startup Time": 0.02, "Actual Total Time": 9.279, "Actual Rows": 79357, "Actual Loops": 1, "Output": ["c.id", "c.postid", "c.score", "c.creationdate", "c.userid"], "Filter": "(c.creationdate <= '2014-09-02 17:50:56'::timestamp without time zone)", "Rows Removed by Filter": 0}, {"Node Type": "Hash", "Parent Relationship": "Inner", "Parallel Aware": false, "Startup Cost": 3401.16, "Total Cost": 3401.16, "Plan Rows": 14380, "Plan Width": 12, "Actual Startup Time": 19.978, "Actual Total Time": 19.981, "Actual Rows": 12768, "Actual Loops": 1, "Output": ["p.id", "pl.postid", "v.postid"], "Hash Buckets": 16384, "Original Hash Buckets": 16384, "Hash Batches": 1, "Original Hash Batches": 1, "Peak Memory Usage": 677, "Plans": [{"Node Type": "Nested Loop", "Parent Relationship": "Outer", "Parallel Aware": false, "Join Type": "Inner", "Startup Cost": 1565.25, "Total Cost": 3401.16, "Plan Rows": 14380, "Plan Width": 12, "Actual Startup Time": 11.009, "Actual Total Time": 18.399, "Actual Rows": 12768, "Actual Loops": 1, "Output": ["p.id", "pl.postid", "v.postid"], "Inner Unique": false, "Plans": [{"Node Type": "Hash Join", "Parent Relationship": "Outer", "Parallel Aware": false, "Join Type": "Inner", "Startup Cost": 1564.95, "Total Cost": 1651.93, "Plan Rows": 3606, "Plan Width": 8, "Actual Startup Time": 10.987, "Actual Total Time": 12.162, "Actual Rows": 3328, "Actual Loops": 1, "Output": ["p.id", "pl.postid"], "Inner Unique": true, "Hash Cond": "(pl.postid = p.id)", "Plans": [{"Node Type": "Seq Scan", "Parent Relationship": "Outer", "Parallel Aware": false, "Relation Name": "postlinks", "Schema": "public", "Alias": "pl", "Startup Cost": 0.0, "Total Cost": 76.91, "Plan Rows": 3833, "Plan Width": 4, "Actual Startup Time": 0.013, "Actual Total Time": 0.558, "Actual Rows": 3833, "Actual Loops": 1, "Output": ["pl.id", "pl.creationdate", "pl.postid", "pl.relatedpostid", "pl.linktypeid"], "Filter": "(pl.linktypeid = 1)", "Rows Removed by Filter": 0}, {"Node Type": "Hash", "Parent Relationship": "Inner", "Parallel Aware": false, "Startup Cost": 1080.7, "Total Cost": 1080.7, "Plan Rows": 38740, "Plan Width": 4, "Actual Startup Time": 10.81, "Actual Total Time": 10.811, "Actual Rows": 38735, "Actual Loops": 1, "Output": ["p.id"], "Hash Buckets": 65536, "Original Hash Buckets": 65536, "Hash Batches": 1, "Original Hash Batches": 1, "Peak Memory Usage": 1874, "Plans": [{"Node Type": "Seq Scan", "Parent Relationship": "Outer", "Parallel Aware": false, "Relation Name": "posts", "Schema": "public", "Alias": "p", "Startup Cost": 0.0, "Total Cost": 1080.7, "Plan Rows": 38740, "Plan Width": 4, "Actual Startup Time": 0.01, "Actual Total Time": 6.887, "Actual Rows": 38735, "Actual Loops": 1, "Output": ["p.id"], "Filter": "((p.score <= 11) AND (p.commentcount >= 0) AND (p.commentcount <= 33))", "Rows Removed by Filter": 2448}]}]}, {"Node Type": "Index Only Scan", "Parent Relationship": "Inner", "Parallel Aware": false, "Scan Direction": "Forward", "Index Name": "idx_votes_postid", "Relation Name": "votes", "Schema": "public", "Alias": "v", "Startup Cost": 0.29, "Total Cost": 0.43, "Plan Rows": 6, "Plan Width": 4, "Actual Startup Time": 0.001, "Actual Total Time": 0.002, "Actual Rows": 4, "Actual Loops": 3328, "Output": ["v.postid"], "Index Cond": "(v.postid = p.id)", "Rows Removed by Index Recheck": 0, "Heap Fetches": 0}]}]}]}]}, "Planning Time": 4.476, "Triggers": [], "Execution Time": 37.995}]#####[{"Plan": {"Node Type": "Aggregate", "Strategy": "Plain", "Partial Mode": "Simple", "Parallel Aware": false, "Startup Cost": 3813.39, "Total Cost": 3813.4, "Plan Rows": 1, "Plan Width": 8, "Actual Startup Time": 36.928, "Actual Total Time": 36.932, "Actual Rows": 1, "Actual Loops": 1, "Output": ["count(*)"], "Plans": [{"Node Type": "Nested Loop", "Parent Relationship": "Outer", "Parallel Aware": false, "Join Type": "Inner", "Startup Cost": 1565.54, "Total Cost": 3744.13, "Plan Rows": 27704, "Plan Width": 0, "Actual Startup Time": 11.005, "Actual Total Time": 35.347, "Actual Rows": 40575, "Actual Loops": 1, "Inner Unique": false, "Plans": [{"Node Type": "Nested Loop", "Parent Relationship": "Outer", "Parallel Aware": false, "Join Type": "Inner", "Startup Cost": 1565.25, "Total Cost": 3407.48, "Plan Rows": 694, "Plan Width": 12, "Actual Startup Time": 10.989, "Actual Total Time": 21.574, "Actual Rows": 10116, "Actual Loops": 1, "Output": ["c.postid", "p.id", "pl.postid"], "Inner Unique": false, "Plans": [{"Node Type": "Hash Join", "Parent Relationship": "Outer", "Parallel Aware": false, "Join Type": "Inner", "Startup Cost": 1564.95, "Total Cost": 1651.93, "Plan Rows": 3606, "Plan Width": 8, "Actual Startup Time": 10.974, "Actual Total Time": 12.303, "Actual Rows": 3328, "Actual Loops": 1, "Output": ["p.id", "pl.postid"], "Inner Unique": true, "Hash Cond": "(pl.postid = p.id)", "Plans": [{"Node Type": "Seq Scan", "Parent Relationship": "Outer", "Parallel Aware": false, "Relation Name": "postlinks", "Schema": "public", "Alias": "pl", "Startup Cost": 0.0, "Total Cost": 76.91, "Plan Rows": 3833, "Plan Width": 4, "Actual Startup Time": 0.007, "Actual Total Time": 0.565, "Actual Rows": 3833, "Actual Loops": 1, "Output": ["pl.id", "pl.creationdate", "pl.postid", "pl.relatedpostid", "pl.linktypeid"], "Filter": "(pl.linktypeid = 1)", "Rows Removed by Filter": 0}, {"Node Type": "Hash", "Parent Relationship": "Inner", "Parallel Aware": false, "Startup Cost": 1080.7, "Total Cost": 1080.7, "Plan Rows": 38740, "Plan Width": 4, "Actual Startup Time": 10.765, "Actual Total Time": 10.766, "Actual Rows": 38735, "Actual Loops": 1, "Output": ["p.id"], "Hash Buckets": 65536, "Original Hash Buckets": 65536, "Hash Batches": 1, "Original Hash Batches": 1, "Peak Memory Usage": 1874, "Plans": [{"Node Type": "Seq Scan", "Parent Relationship": "Outer", "Parallel Aware": false, "Relation Name": "posts", "Schema": "public", "Alias": "p", "Startup Cost": 0.0, "Total Cost": 1080.7, "Plan Rows": 38740, "Plan Width": 4, "Actual Startup Time": 0.011, "Actual Total Time": 6.905, "Actual Rows": 38735, "Actual Loops": 1, "Output": ["p.id"], "Filter": "((p.score <= 11) AND (p.commentcount >= 0) AND (p.commentcount <= 33))", "Rows Removed by Filter": 2448}]}]}, {"Node Type": "Index Scan", "Parent Relationship": "Inner", "Parallel Aware": false, "Scan Direction": "Forward", "Index Name": "idx_comments_postid", "Relation Name": "comments", "Schema": "public", "Alias": "c", "Startup Cost": 0.29, "Total Cost": 0.45, "Plan Rows": 4, "Plan Width": 4, "Actual Startup Time": 0.001, "Actual Total Time": 0.002, "Actual Rows": 3, "Actual Loops": 3328, "Output": ["c.id", "c.postid", "c.score", "c.creationdate", "c.userid"], "Index Cond": "(c.postid = p.id)", "Rows Removed by Index Recheck": 0, "Filter": "(c.creationdate <= '2014-09-02 17:50:56'::timestamp without time zone)", "Rows Removed by Filter": 0}]}, {"Node Type": "Index Only Scan", "Parent Relationship": "Inner", "Parallel Aware": false, "Scan Direction": "Forward", "Index Name": "idx_votes_postid", "Relation Name": "votes", "Schema": "public", "Alias": "v", "Startup Cost": 0.29, "Total Cost": 0.43, "Plan Rows": 6, "Plan Width": 4, "Actual Startup Time": 0.001, "Actual Total Time": 0.001, "Actual Rows": 4, "Actual Loops": 10116, "Output": ["v.postid"], "Index Cond": "(v.postid = p.id)", "Rows Removed by Index Recheck": 0, "Heap Fetches": 0}]}]}, "Planning Time": 3.373, "Triggers": [], "Execution Time": 37.056}]#####[{"Plan": {"Node Type": "Aggregate", "Strategy": "Plain", "Partial Mode": "Simple", "Parallel Aware": false, "Startup Cost": 7746.18, "Total Cost": 7746.19, "Plan Rows": 1, "Plan Width": 8, "Actual Startup Time": 52.955, "Actual Total Time": 52.961, "Actual Rows": 1, "Actual Loops": 1, "Output": ["count(*)"], "Plans": [{"Node Type": "Hash Join", "Parent Relationship": "Outer", "Parallel Aware": false, "Join Type": "Inner", "Startup Cost": 4281.55, "Total Cost": 7676.92, "Plan Rows": 27704, "Plan Width": 0, "Actual Startup Time": 39.383, "Actual Total Time": 51.476, "Actual Rows": 40575, "Actual Loops": 1, "Inner Unique": false, "Hash Cond": "(pl.postid = p.id)", "Plans": [{"Node Type": "Nested Loop", "Parent Relationship": "Outer", "Parallel Aware": false, "Join Type": "Inner", "Startup Cost": 0.29, "Total Cost": 2812.09, "Plan Rows": 25236, "Plan Width": 8, "Actual Startup Time": 0.022, "Actual Total Time": 7.907, "Actual Rows": 26024, "Actual Loops": 1, "Output": ["pl.postid", "v.postid"], "Inner Unique": false, "Plans": [{"Node Type": "Seq Scan", "Parent Relationship": "Outer", "Parallel Aware": false, "Relation Name": "postlinks", "Schema": "public", "Alias": "pl", "Startup Cost": 0.0, "Total Cost": 76.91, "Plan Rows": 3833, "Plan Width": 4, "Actual Startup Time": 0.007, "Actual Total Time": 0.532, "Actual Rows": 3833, "Actual Loops": 1, "Output": ["pl.id", "pl.creationdate", "pl.postid", "pl.relatedpostid", "pl.linktypeid"], "Filter": "(pl.linktypeid = 1)", "Rows Removed by Filter": 0}, {"Node Type": "Index Only Scan", "Parent Relationship": "Inner", "Parallel Aware": false, "Scan Direction": "Forward", "Index Name": "idx_votes_postid", "Relation Name": "votes", "Schema": "public", "Alias": "v", "Startup Cost": 0.29, "Total Cost": 0.65, "Plan Rows": 6, "Plan Width": 4, "Actual Startup Time": 0.001, "Actual Total Time": 0.001, "Actual Rows": 7, "Actual Loops": 3833, "Output": ["v.postid"], "Index Cond": "(v.postid = pl.postid)", "Rows Removed by Index Recheck": 0, "Heap Fetches": 0}]}, {"Node Type": "Hash", "Parent Relationship": "Inner", "Parallel Aware": false, "Startup Cost": 3348.23, "Total Cost": 3348.23, "Plan Rows": 74642, "Plan Width": 8, "Actual Startup Time": 39.006, "Actual Total Time": 39.008, "Actual Rows": 72013, "Actual Loops": 1, "Output": ["c.postid", "p.id"], "Hash Buckets": 131072, "Original Hash Buckets": 131072, "Hash Batches": 1, "Original Hash Batches": 1, "Peak Memory Usage": 3838, "Plans": [{"Node Type": "Hash Join", "Parent Relationship": "Outer", "Parallel Aware": false, "Join Type": "Inner", "Startup Cost": 1564.95, "Total Cost": 3348.23, "Plan Rows": 74642, "Plan Width": 8, "Actual Startup Time": 11.226, "Actual Total Time": 30.772, "Actual Rows": 72013, "Actual Loops": 1, "Output": ["c.postid", "p.id"], "Inner Unique": true, "Hash Cond": "(c.postid = p.id)", "Plans": [{"Node Type": "Seq Scan", "Parent Relationship": "Outer", "Parallel Aware": false, "Relation Name": "comments", "Schema": "public", "Alias": "c", "Startup Cost": 0.0, "Total Cost": 1574.96, "Plan Rows": 79349, "Plan Width": 4, "Actual Startup Time": 0.006, "Actual Total Time": 9.785, "Actual Rows": 79357, "Actual Loops": 1, "Output": ["c.id", "c.postid", "c.score", "c.creationdate", "c.userid"], "Filter": "(c.creationdate <= '2014-09-02 17:50:56'::timestamp without time zone)", "Rows Removed by Filter": 0}, {"Node Type": "Hash", "Parent Relationship": "Inner", "Parallel Aware": false, "Startup Cost": 1080.7, "Total Cost": 1080.7, "Plan Rows": 38740, "Plan Width": 4, "Actual Startup Time": 11.047, "Actual Total Time": 11.048, "Actual Rows": 38735, "Actual Loops": 1, "Output": ["p.id"], "Hash Buckets": 65536, "Original Hash Buckets": 65536, "Hash Batches": 1, "Original Hash Batches": 1, "Peak Memory Usage": 1874, "Plans": [{"Node Type": "Seq Scan", "Parent Relationship": "Outer", "Parallel Aware": false, "Relation Name": "posts", "Schema": "public", "Alias": "p", "Startup Cost": 0.0, "Total Cost": 1080.7, "Plan Rows": 38740, "Plan Width": 4, "Actual Startup Time": 0.01, "Actual Total Time": 7.029, "Actual Rows": 38735, "Actual Loops": 1, "Output": ["p.id"], "Filter": "((p.score <= 11) AND (p.commentcount >= 0) AND (p.commentcount <= 33))", "Rows Removed by Filter": 2448}]}]}]}]}]}, "Planning Time": 2.465, "Triggers": [], "Execution Time": 53.181}]
[{"Plan": {"Node Type": "Aggregate", "Strategy": "Plain", "Partial Mode": "Simple", "Parallel Aware": false, "Startup Cost": 59594.28, "Total Cost": 59594.29, "Plan Rows": 1, "Plan Width": 8, "Actual Startup Time": 437658.53, "Actual Total Time": 437658.537, "Actual Rows": 1, "Actual Loops": 1, "Output": ["count(*)"], "Plans": [{"Node Type": "Nested Loop", "Parent Relationship": "Outer", "Parallel Aware": false, "Join Type": "Inner", "Startup Cost": 1679.39, "Total Cost": 55689.9, "Plan Rows": 1561755, "Plan Width": 0, "Actual Startup Time": 18.242, "Actual Total Time": 386652.851, "Actual Rows": 1433318924, "Actual Loops": 1, "Inner Unique": false, "Plans": [{"Node Type": "Hash Join", "Parent Relationship": "Outer", "Parallel Aware": false, "Join Type": "Inner", "Startup Cost": 1679.1, "Total Cost": 2860.54, "Plan Rows": 51508, "Plan Width": 12, "Actual Startup Time": 14.195, "Actual Total Time": 226.146, "Actual Rows": 1019250, "Actual Loops": 1, "Output": ["p.owneruserid", "u.id", "b.userid"], "Inner Unique": false, "Hash Cond": "(b.userid = u.id)", "Plans": [{"Node Type": "Seq Scan", "Parent Relationship": "Outer", "Parallel Aware": false, "Relation Name": "badges", "Schema": "public", "Alias": "b", "Startup Cost": 0.0, "Total Cost": 503.24, "Plan Rows": 32624, "Plan Width": 4, "Actual Startup Time": 0.008, "Actual Total Time": 2.909, "Actual Rows": 32624, "Actual Loops": 1, "Output": ["b.id", "b.userid", "b.date"]}, {"Node Type": "Hash", "Parent Relationship": "Inner", "Parallel Aware": false, "Startup Cost": 1384.35, "Total Cost": 1384.35, "Plan Rows": 23580, "Plan Width": 8, "Actual Startup Time": 14.083, "Actual Total Time": 14.087, "Actual Rows": 23625, "Actual Loops": 1, "Output": ["p.owneruserid", "u.id"], "Hash Buckets": 32768, "Original Hash Buckets": 32768, "Hash Batches": 1, "Original Hash Batches": 1, "Peak Memory Usage": 1179, "Plans": [{"Node Type": "Hash Join", "Parent Relationship": "Outer", "Parallel Aware": false, "Join Type": "Inner", "Startup Cost": 446.04, "Total Cost": 1384.35, "Plan Rows": 23580, "Plan Width": 8, "Actual Startup Time": 3.129, "Actual Total Time": 11.713, "Actual Rows": 23625, "Actual Loops": 1, "Output": ["p.owneruserid", "u.id"], "Inner Unique": true, "Hash Cond": "(p.owneruserid = u.id)", "Plans": [{"Node Type": "Seq Scan", "Parent Relationship": "Outer", "Parallel Aware": false, "Relation Name": "posts", "Schema": "public", "Alias": "p", "Startup Cost": 0.0, "Total Cost": 874.79, "Plan Rows": 24190, "Plan Width": 4, "Actual Startup Time": 0.011, "Actual Total Time": 5.127, "Actual Rows": 24165, "Actual Loops": 1, "Output": ["p.id", "p.posttypeid", "p.creationdate", "p.score", "p.viewcount", "p.owneruserid", "p.answercount", "p.commentcount", "p.favoritecount", "p.lasteditoruserid"], "Filter": "(p.posttypeid = 2)", "Rows Removed by Filter": 17018}, {"Node Type": "Hash", "Parent Relationship": "Inner", "Parallel Aware": false, "Startup Cost": 259.35, "Total Cost": 259.35, "Plan Rows": 14935, "Plan Width": 4, "Actual Startup Time": 3.068, "Actual Total Time": 3.069, "Actual Rows": 14935, "Actual Loops": 1, "Output": ["u.id"], "Hash Buckets": 16384, "Original Hash Buckets": 16384, "Hash Batches": 1, "Original Hash Batches": 1, "Peak Memory Usage": 654, "Plans": [{"Node Type": "Seq Scan", "Parent Relationship": "Outer", "Parallel Aware": false, "Relation Name": "users", "Schema": "public", "Alias": "u", "Startup Cost": 0.0, "Total Cost": 259.35, "Plan Rows": 14935, "Plan Width": 4, "Actual Startup Time": 0.008, "Actual Total Time": 1.737, "Actual Rows": 14935, "Actual Loops": 1, "Output": ["u.id"]}]}]}]}]}, {"Node Type": "Index Scan", "Parent Relationship": "Inner", "Parallel Aware": false, "Scan Direction": "Forward", "Index Name": "idx_posthistory_userid", "Relation Name": "posthistory", "Schema": "public", "Alias": "ph", "Startup Cost": 0.29, "Total Cost": 0.88, "Plan Rows": 15, "Plan Width": 4, "Actual Startup Time": 0.071, "Actual Total Time": 0.307, "Actual Rows": 1406, "Actual Loops": 1019250, "Output": ["ph.id", "ph.posthistorytypeid", "ph.postid", "ph.creationdate", "ph.userid"], "Index Cond": "(ph.userid = b.userid)", "Rows Removed by Index Recheck": 0, "Filter": "((ph.creationdate >= '2011-06-27 18:08:19'::timestamp without time zone) AND (ph.creationdate <= '2013-11-15 08:22:43'::timestamp without time zone))", "Rows Removed by Filter": 524}]}]}, "Planning Time": 1.634, "Triggers": [], "Execution Time": 437658.653}]#####[{"Plan": {"Node Type": "Aggregate", "Strategy": "Plain", "Partial Mode": "Simple", "Parallel Aware": false, "Startup Cost": 98124.57, "Total Cost": 98124.58, "Plan Rows": 1, "Plan Width": 8, "Actual Startup Time": 133982.835, "Actual Total Time": 133982.841, "Actual Rows": 1, "Actual Loops": 1, "Output": ["count(*)"], "Plans": [{"Node Type": "Hash Join", "Parent Relationship": "Outer", "Parallel Aware": false, "Join Type": "Inner", "Startup Cost": 4723.58, "Total Cost": 59080.68, "Plan Rows": 15617556, "Plan Width": 0, "Actual Startup Time": 41.181, "Actual Total Time": 85467.128, "Actual Rows": 1433318924, "Actual Loops": 1, "Inner Unique": false, "Hash Cond": "(b.userid = u.id)", "Plans": [{"Node Type": "Nested Loop", "Parent Relationship": "Outer", "Parallel Aware": false, "Join Type": "Inner", "Startup Cost": 0.29, "Total Cost": 10049.09, "Plan Rows": 632093, "Plan Width": 8, "Actual Startup Time": 0.027, "Actual Total Time": 185.263, "Actual Rows": 1019250, "Actual Loops": 1, "Output": ["p.owneruserid", "b.userid"], "Inner Unique": false, "Plans": [{"Node Type": "Seq Scan", "Parent Relationship": "Outer", "Parallel Aware": false, "Relation Name": "posts", "Schema": "public", "Alias": "p", "Startup Cost": 0.0, "Total Cost": 874.79, "Plan Rows": 24190, "Plan Width": 4, "Actual Startup Time": 0.014, "Actual Total Time": 9.156, "Actual Rows": 24165, "Actual Loops": 1, "Output": ["p.id", "p.posttypeid", "p.creationdate", "p.score", "p.viewcount", "p.owneruserid", "p.answercount", "p.commentcount", "p.favoritecount", "p.lasteditoruserid"], "Filter": "(p.posttypeid = 2)", "Rows Removed by Filter": 17018}, {"Node Type": "Index Only Scan", "Parent Relationship": "Inner", "Parallel Aware": false, "Scan Direction": "Forward", "Index Name": "idx_badges_userid", "Relation Name": "badges", "Schema": "public", "Alias": "b", "Startup Cost": 0.29, "Total Cost": 0.35, "Plan Rows": 3, "Plan Width": 4, "Actual Startup Time": 0.001, "Actual Total Time": 0.004, "Actual Rows": 42, "Actual Loops": 24165, "Output": ["b.userid"], "Index Cond": "(b.userid = p.owneruserid)", "Rows Removed by Index Recheck": 0, "Heap Fetches": 0}]}, {"Node Type": "Hash", "Parent Relationship": "Inner", "Parallel Aware": false, "Startup Cost": 3601.34, "Total Cost": 3601.34, "Plan Rows": 89756, "Plan Width": 8, "Actual Startup Time": 40.647, "Actual Total Time": 40.65, "Actual Rows": 89743, "Actual Loops": 1, "Output": ["ph.userid", "u.id"], "Hash Buckets": 131072, "Original Hash Buckets": 131072, "Hash Batches": 1, "Original Hash Batches": 1, "Peak Memory Usage": 4530, "Plans": [{"Node Type": "Hash Join", "Parent Relationship": "Outer", "Parallel Aware": false, "Join Type": "Inner", "Startup Cost": 446.04, "Total Cost": 3601.34, "Plan Rows": 89756, "Plan Width": 8, "Actual Startup Time": 6.783, "Actual Total Time": 31.437, "Actual Rows": 89743, "Actual Loops": 1, "Output": ["ph.userid", "u.id"], "Inner Unique": true, "Hash Cond": "(ph.userid = u.id)", "Plans": [{"Node Type": "Seq Scan", "Parent Relationship": "Outer", "Parallel Aware": false, "Relation Name": "posthistory", "Schema": "public", "Alias": "ph", "Startup Cost": 0.0, "Total Cost": 2897.91, "Plan Rows": 98030, "Plan Width": 4, "Actual Startup Time": 3.453, "Actual Total Time": 15.767, "Actual Rows": 98021, "Actual Loops": 1, "Output": ["ph.id", "ph.posthistorytypeid", "ph.postid", "ph.creationdate", "ph.userid"], "Filter": "((ph.creationdate >= '2011-06-27 18:08:19'::timestamp without time zone) AND (ph.creationdate <= '2013-11-15 08:22:43'::timestamp without time zone))", "Rows Removed by Filter": 31973}, {"Node Type": "Hash", "Parent Relationship": "Inner", "Parallel Aware": false, "Startup Cost": 259.35, "Total Cost": 259.35, "Plan Rows": 14935, "Plan Width": 4, "Actual Startup Time": 3.268, "Actual Total Time": 3.269, "Actual Rows": 14935, "Actual Loops": 1, "Output": ["u.id"], "Hash Buckets": 16384, "Original Hash Buckets": 16384, "Hash Batches": 1, "Original Hash Batches": 1, "Peak Memory Usage": 654, "Plans": [{"Node Type": "Seq Scan", "Parent Relationship": "Outer", "Parallel Aware": false, "Relation Name": "users", "Schema": "public", "Alias": "u", "Startup Cost": 0.0, "Total Cost": 259.35, "Plan Rows": 14935, "Plan Width": 4, "Actual Startup Time": 0.009, "Actual Total Time": 1.78, "Actual Rows": 14935, "Actual Loops": 1, "Output": ["u.id"]}]}]}]}]}]}, "Planning Time": 5.457, "Triggers": [], "Execution Time": 133983.051}]#####[{"Plan": {"Node Type": "Aggregate", "Strategy": "Plain", "Partial Mode": "Simple", "Parallel Aware": false, "Startup Cost": 172400.54, "Total Cost": 172400.55, "Plan Rows": 1, "Plan Width": 8, "Actual Startup Time": 443715.465, "Actual Total Time": 443715.469, "Actual Rows": 1, "Actual Loops": 1, "Output": ["count(*)"], "Plans": [{"Node Type": "Nested Loop", "Parent Relationship": "Outer", "Parallel Aware": false, "Join Type": "Inner", "Startup Cost": 3.77, "Total Cost": 133356.65, "Plan Rows": 15617556, "Plan Width": 0, "Actual Startup Time": 433.682, "Actual Total Time": 392430.409, "Actual Rows": 1433318924, "Actual Loops": 1, "Inner Unique": false, "Plans": [{"Node Type": "Merge Join", "Parent Relationship": "Outer", "Parallel Aware": false, "Join Type": "Inner", "Startup Cost": 3.47, "Total Cost": 80527.29, "Plan Rows": 51508, "Plan Width": 12, "Actual Startup Time": 0.739, "Actual Total Time": 267.436, "Actual Rows": 1019250, "Actual Loops": 1, "Output": ["p.owneruserid", "u.id", "b.userid"], "Inner Unique": false, "Merge Cond": "(b.userid = u.id)", "Plans": [{"Node Type": "Index Only Scan", "Parent Relationship": "Outer", "Parallel Aware": false, "Scan Direction": "Forward", "Index Name": "idx_badges_userid", "Relation Name": "badges", "Schema": "public", "Alias": "b", "Startup Cost": 0.29, "Total Cost": 713.65, "Plan Rows": 32624, "Plan Width": 4, "Actual Startup Time": 0.038, "Actual Total Time": 3.717, "Actual Rows": 32624, "Actual Loops": 1, "Output": ["b.userid"], "Heap Fetches": 0}, {"Node Type": "Materialize", "Parent Relationship": "Inner", "Parallel Aware": false, "Startup Cost": 0.57, "Total Cost": 8476.05, "Plan Rows": 2358000, "Plan Width": 8, "Actual Startup Time": 0.696, "Actual Total Time": 106.641, "Actual Rows": 1019437, "Actual Loops": 1, "Output": ["p.owneruserid", "u.id"], "Plans": [{"Node Type": "Merge Join", "Parent Relationship": "Outer", "Parallel Aware": false, "Join Type": "Inner", "Startup Cost": 0.57, "Total Cost": 2581.05, "Plan Rows": 2358000, "Plan Width": 8, "Actual Startup Time": 0.691, "Actual Total Time": 25.657, "Actual Rows": 23625, "Actual Loops": 1, "Output": ["p.owneruserid", "u.id"], "Inner Unique": true, "Merge Cond": "(p.owneruserid = u.id)", "Plans": [{"Node Type": "Index Scan", "Parent Relationship": "Outer", "Parallel Aware": false, "Scan Direction": "Forward", "Index Name": "idx_posts_owneruserid", "Relation Name": "posts", "Schema": "public", "Alias": "p", "Startup Cost": 0.29, "Total Cost": 1904.15, "Plan Rows": 24190, "Plan Width": 4, "Actual Startup Time": 0.657, "Actual Total Time": 20.131, "Actual Rows": 23635, "Actual Loops": 1, "Output": ["p.id", "p.posttypeid", "p.creationdate", "p.score", "p.viewcount", "p.owneruserid", "p.answercount", "p.commentcount", "p.favoritecount", "p.lasteditoruserid"], "Filter": "(p.posttypeid = 2)", "Rows Removed by Filter": 16506}, {"Node Type": "Index Only Scan", "Parent Relationship": "Inner", "Parallel Aware": false, "Scan Direction": "Forward", "Index Name": "users_pkey", "Relation Name": "users", "Schema": "public", "Alias": "u", "Startup Cost": 0.29, "Total Cost": 396.31, "Plan Rows": 14935, "Plan Width": 4, "Actual Startup Time": 0.029, "Actual Total Time": 1.577, "Actual Rows": 14935, "Actual Loops": 1, "Output": ["u.id"], "Heap Fetches": 0}]}]}]}, {"Node Type": "Index Scan", "Parent Relationship": "Inner", "Parallel Aware": false, "Scan Direction": "Forward", "Index Name": "idx_posthistory_userid", "Relation Name": "posthistory", "Schema": "public", "Alias": "ph", "Startup Cost": 0.29, "Total Cost": 0.88, "Plan Rows": 15, "Plan Width": 4, "Actual Startup Time": 0.072, "Actual Total Time": 0.313, "Actual Rows": 1406, "Actual Loops": 1019250, "Output": ["ph.id", "ph.posthistorytypeid", "ph.postid", "ph.creationdate", "ph.userid"], "Index Cond": "(ph.userid = b.userid)", "Rows Removed by Index Recheck": 0, "Filter": "((ph.creationdate >= '2011-06-27 18:08:19'::timestamp without time zone) AND (ph.creationdate <= '2013-11-15 08:22:43'::timestamp without time zone))", "Rows Removed by Filter": 524}]}]}, "Planning Time": 5.298, "Triggers": [], "Execution Time": 443715.695}]
[{"Plan": {"Node Type": "Aggregate", "Strategy": "Plain", "Partial Mode": "Simple", "Parallel Aware": false, "Startup Cost": 7265.74, "Total Cost": 7265.75, "Plan Rows": 1, "Plan Width": 8, "Actual Startup Time": 47.714, "Actual Total Time": 47.72, "Actual Rows": 1, "Actual Loops": 1, "Output": ["count(*)"], "Plans": [{"Node Type": "Hash Join", "Parent Relationship": "Outer", "Parallel Aware": false, "Join Type": "Inner", "Startup Cost": 2518.9, "Total Cost": 6402.39, "Plan Rows": 345339, "Plan Width": 0, "Actual Startup Time": 17.716, "Actual Total Time": 44.759, "Actual Rows": 84814, "Actual Loops": 1, "Inner Unique": false, "Hash Cond": "(ph.userid = u.id)", "Plans": [{"Node Type": "Seq Scan", "Parent Relationship": "Outer", "Parallel Aware": false, "Relation Name": "posthistory", "Schema": "public", "Alias": "ph", "Startup Cost": 0.0, "Total Cost": 2572.93, "Plan Rows": 125221, "Plan Width": 4, "Actual Startup Time": 0.428, "Actual Total Time": 14.59, "Actual Rows": 125329, "Actual Loops": 1, "Output": ["ph.id", "ph.posthistorytypeid", "ph.postid", "ph.creationdate", "ph.userid"], "Filter": "(ph.creationdate >= '2010-08-27 17:16:04'::timestamp without time zone)", "Rows Removed by Filter": 4665}, {"Node Type": "Hash", "Parent Relationship": "Inner", "Parallel Aware": false, "Startup Cost": 2407.45, "Total Cost": 2407.45, "Plan Rows": 8916, "Plan Width": 12, "Actual Startup Time": 17.181, "Actual Total Time": 17.184, "Actual Rows": 9060, "Actual Loops": 1, "Output": ["p.owneruserid", "u.id", "b.userid"], "Hash Buckets": 16384, "Original Hash Buckets": 16384, "Hash Batches": 1, "Original Hash Batches": 1, "Peak Memory Usage": 518, "Plans": [{"Node Type": "Hash Join", "Parent Relationship": "Outer", "Parallel Aware": false, "Join Type": "Inner", "Startup Cost": 1611.16, "Total Cost": 2407.45, "Plan Rows": 8916, "Plan Width": 12, "Actual Startup Time": 10.596, "Actual Total Time": 16.14, "Actual Rows": 9060, "Actual Loops": 1, "Output": ["p.owneruserid", "u.id", "b.userid"], "Inner Unique": false, "Hash Cond": "(b.userid = u.id)", "Plans": [{"Node Type": "Seq Scan", "Parent Relationship": "Outer", "Parallel Aware": false, "Relation Name": "badges", "Schema": "public", "Alias": "b", "Startup Cost": 0.0, "Total Cost": 584.8, "Plan Rows": 32621, "Plan Width": 4, "Actual Startup Time": 0.008, "Actual Total Time": 3.187, "Actual Rows": 32624, "Actual Loops": 1, "Output": ["b.id", "b.userid", "b.date"], "Filter": "(b.date <= '2014-08-13 07:20:24'::timestamp without time zone)", "Rows Removed by Filter": 0}, {"Node Type": "Hash", "Parent Relationship": "Inner", "Parallel Aware": false, "Startup Cost": 1560.14, "Total Cost": 1560.14, "Plan Rows": 4082, "Plan Width": 8, "Actual Startup Time": 10.346, "Actual Total Time": 10.348, "Actual Rows": 5125, "Actual Loops": 1, "Output": ["p.owneruserid", "u.id"], "Hash Buckets": 8192, "Original Hash Buckets": 4096, "Hash Batches": 1, "Original Hash Batches": 1, "Peak Memory Usage": 265, "Plans": [{"Node Type": "Hash Join", "Parent Relationship": "Outer", "Parallel Aware": false, "Join Type": "Inner", "Startup Cost": 565.16, "Total Cost": 1560.14, "Plan Rows": 4082, "Plan Width": 8, "Actual Startup Time": 3.397, "Actual Total Time": 9.755, "Actual Rows": 5125, "Actual Loops": 1, "Output": ["p.owneruserid", "u.id"], "Inner Unique": true, "Hash Cond": "(p.owneruserid = u.id)", "Plans": [{"Node Type": "Seq Scan", "Parent Relationship": "Outer", "Parallel Aware": false, "Relation Name": "posts", "Schema": "public", "Alias": "p", "Startup Cost": 0.0, "Total Cost": 977.75, "Plan Rows": 6563, "Plan Width": 4, "Actual Startup Time": 0.008, "Actual Total Time": 5.143, "Actual Rows": 16474, "Actual Loops": 1, "Output": ["p.id", "p.posttypeid", "p.creationdate", "p.score", "p.viewcount", "p.owneruserid", "p.answercount", "p.commentcount", "p.favoritecount", "p.lasteditoruserid"], "Filter": "((p.answercount >= 0) AND (p.posttypeid = 1))", "Rows Removed by Filter": 24709}, {"Node Type": "Hash", "Parent Relationship": "Inner", "Parallel Aware": false, "Startup Cost": 446.04, "Total Cost": 446.04, "Plan Rows": 9530, "Plan Width": 4, "Actual Startup Time": 3.087, "Actual Total Time": 3.088, "Actual Rows": 9764, "Actual Loops": 1, "Output": ["u.id"], "Hash Buckets": 16384, "Original Hash Buckets": 16384, "Hash Batches": 1, "Original Hash Batches": 1, "Peak Memory Usage": 472, "Plans": [{"Node Type": "Seq Scan", "Parent Relationship": "Outer", "Parallel Aware": false, "Relation Name": "users", "Schema": "public", "Alias": "u", "Startup Cost": 0.0, "Total Cost": 446.04, "Plan Rows": 9530, "Plan Width": 4, "Actual Startup Time": 0.097, "Actual Total Time": 2.198, "Actual Rows": 9764, "Actual Loops": 1, "Output": ["u.id"], "Filter": "((u.views >= 0) AND (u.downvotes >= 0) AND (u.creationdate >= '2010-08-25 04:36:34'::timestamp without time zone) AND (u.creationdate <= '2014-08-27 17:11:20'::timestamp without time zone) AND (u.upvotes = 0))", "Rows Removed by Filter": 5171}]}]}]}]}]}]}]}, "Planning Time": 1.648, "Triggers": [], "Execution Time": 47.817}]#####[{"Plan": {"Node Type": "Aggregate", "Strategy": "Plain", "Partial Mode": "Simple", "Parallel Aware": false, "Startup Cost": 11988.2, "Total Cost": 11988.21, "Plan Rows": 1, "Plan Width": 8, "Actual Startup Time": 52.747, "Actual Total Time": 52.752, "Actual Rows": 1, "Actual Loops": 1, "Output": ["count(*)"], "Plans": [{"Node Type": "Nested Loop", "Parent Relationship": "Outer", "Parallel Aware": false, "Join Type": "Inner", "Startup Cost": 1611.45, "Total Cost": 3354.73, "Plan Rows": 3453390, "Plan Width": 0, "Actual Startup Time": 10.701, "Actual Total Time": 49.531, "Actual Rows": 84814, "Actual Loops": 1, "Inner Unique": false, "Join Filter": "(u.id = ph.userid)", "Rows Removed by Join Filter": 0, "Plans": [{"Node Type": "Hash Join", "Parent Relationship": "Outer", "Parallel Aware": false, "Join Type": "Inner", "Startup Cost": 1611.16, "Total Cost": 2407.45, "Plan Rows": 891, "Plan Width": 12, "Actual Startup Time": 10.674, "Actual Total Time": 16.887, "Actual Rows": 9060, "Actual Loops": 1, "Output": ["p.owneruserid", "u.id", "b.userid"], "Inner Unique": false, "Hash Cond": "(b.userid = u.id)", "Plans": [{"Node Type": "Seq Scan", "Parent Relationship": "Outer", "Parallel Aware": false, "Relation Name": "badges", "Schema": "public", "Alias": "b", "Startup Cost": 0.0, "Total Cost": 584.8, "Plan Rows": 32621, "Plan Width": 4, "Actual Startup Time": 0.011, "Actual Total Time": 3.417, "Actual Rows": 32624, "Actual Loops": 1, "Output": ["b.id", "b.userid", "b.date"], "Filter": "(b.date <= '2014-08-13 07:20:24'::timestamp without time zone)", "Rows Removed by Filter": 0}, {"Node Type": "Hash", "Parent Relationship": "Inner", "Parallel Aware": false, "Startup Cost": 1560.14, "Total Cost": 1560.14, "Plan Rows": 4082, "Plan Width": 8, "Actual Startup Time": 10.397, "Actual Total Time": 10.4, "Actual Rows": 5125, "Actual Loops": 1, "Output": ["p.owneruserid", "u.id"], "Hash Buckets": 8192, "Original Hash Buckets": 4096, "Hash Batches": 1, "Original Hash Batches": 1, "Peak Memory Usage": 265, "Plans": [{"Node Type": "Hash Join", "Parent Relationship": "Outer", "Parallel Aware": false, "Join Type": "Inner", "Startup Cost": 565.16, "Total Cost": 1560.14, "Plan Rows": 4082, "Plan Width": 8, "Actual Startup Time": 3.415, "Actual Total Time": 9.821, "Actual Rows": 5125, "Actual Loops": 1, "Output": ["p.owneruserid", "u.id"], "Inner Unique": true, "Hash Cond": "(p.owneruserid = u.id)", "Plans": [{"Node Type": "Seq Scan", "Parent Relationship": "Outer", "Parallel Aware": false, "Relation Name": "posts", "Schema": "public", "Alias": "p", "Startup Cost": 0.0, "Total Cost": 977.75, "Plan Rows": 6563, "Plan Width": 4, "Actual Startup Time": 0.008, "Actual Total Time": 5.208, "Actual Rows": 16474, "Actual Loops": 1, "Output": ["p.id", "p.posttypeid", "p.creationdate", "p.score", "p.viewcount", "p.owneruserid", "p.answercount", "p.commentcount", "p.favoritecount", "p.lasteditoruserid"], "Filter": "((p.answercount >= 0) AND (p.posttypeid = 1))", "Rows Removed by Filter": 24709}, {"Node Type": "Hash", "Parent Relationship": "Inner", "Parallel Aware": false, "Startup Cost": 446.04, "Total Cost": 446.04, "Plan Rows": 9530, "Plan Width": 4, "Actual Startup Time": 3.1, "Actual Total Time": 3.101, "Actual Rows": 9764, "Actual Loops": 1, "Output": ["u.id"], "Hash Buckets": 16384, "Original Hash Buckets": 16384, "Hash Batches": 1, "Original Hash Batches": 1, "Peak Memory Usage": 472, "Plans": [{"Node Type": "Seq Scan", "Parent Relationship": "Outer", "Parallel Aware": false, "Relation Name": "users", "Schema": "public", "Alias": "u", "Startup Cost": 0.0, "Total Cost": 446.04, "Plan Rows": 9530, "Plan Width": 4, "Actual Startup Time": 0.098, "Actual Total Time": 2.199, "Actual Rows": 9764, "Actual Loops": 1, "Output": ["u.id"], "Filter": "((u.views >= 0) AND (u.downvotes >= 0) AND (u.creationdate >= '2010-08-25 04:36:34'::timestamp without time zone) AND (u.creationdate <= '2014-08-27 17:11:20'::timestamp without time zone) AND (u.upvotes = 0))", "Rows Removed by Filter": 5171}]}]}]}]}, {"Node Type": "Index Scan", "Parent Relationship": "Inner", "Parallel Aware": false, "Scan Direction": "Forward", "Index Name": "idx_posthistory_userid", "Relation Name": "posthistory", "Schema": "public", "Alias": "ph", "Startup Cost": 0.29, "Total Cost": 0.83, "Plan Rows": 19, "Plan Width": 4, "Actual Startup Time": 0.001, "Actual Total Time": 0.003, "Actual Rows": 9, "Actual Loops": 9060, "Output": ["ph.id", "ph.posthistorytypeid", "ph.postid", "ph.creationdate", "ph.userid"], "Index Cond": "(ph.userid = b.userid)", "Rows Removed by Index Recheck": 0, "Filter": "(ph.creationdate >= '2010-08-27 17:16:04'::timestamp without time zone)", "Rows Removed by Filter": 0}]}]}, "Planning Time": 1.9, "Triggers": [], "Execution Time": 52.837}]#####[{"Plan": {"Node Type": "Aggregate", "Strategy": "Plain", "Partial Mode": "Simple", "Parallel Aware": false, "Startup Cost": 27733.48, "Total Cost": 27733.49, "Plan Rows": 1, "Plan Width": 8, "Actual Startup Time": 116.136, "Actual Total Time": 116.141, "Actual Rows": 1, "Actual Loops": 1, "Output": ["count(*)"], "Plans": [{"Node Type": "Hash Join", "Parent Relationship": "Outer", "Parallel Aware": false, "Join Type": "Inner", "Startup Cost": 4381.66, "Total Cost": 19100.0, "Plan Rows": 3453390, "Plan Width": 0, "Actual Startup Time": 35.571, "Actual Total Time": 113.019, "Actual Rows": 84814, "Actual Loops": 1, "Inner Unique": false, "Hash Cond": "(p.owneruserid = u.id)", "Plans": [{"Node Type": "Nested Loop", "Parent Relationship": "Outer", "Parallel Aware": false, "Join Type": "Inner", "Startup Cost": 0.29, "Total Cost": 4387.28, "Plan Rows": 171478, "Plan Width": 8, "Actual Startup Time": 0.025, "Actual Total Time": 68.408, "Actual Rows": 155788, "Actual Loops": 1, "Output": ["p.owneruserid", "b.userid"], "Inner Unique": false, "Plans": [{"Node Type": "Seq Scan", "Parent Relationship": "Outer", "Parallel Aware": false, "Relation Name": "posts", "Schema": "public", "Alias": "p", "Startup Cost": 0.0, "Total Cost": 977.75, "Plan Rows": 6563, "Plan Width": 4, "Actual Startup Time": 0.011, "Actual Total Time": 5.819, "Actual Rows": 16474, "Actual Loops": 1, "Output": ["p.id", "p.posttypeid", "p.creationdate", "p.score", "p.viewcount", "p.owneruserid", "p.answercount", "p.commentcount", "p.favoritecount", "p.lasteditoruserid"], "Filter": "((p.answercount >= 0) AND (p.posttypeid = 1))", "Rows Removed by Filter": 24709}, {"Node Type": "Index Scan", "Parent Relationship": "Inner", "Parallel Aware": false, "Scan Direction": "Forward", "Index Name": "idx_badges_userid", "Relation Name": "badges", "Schema": "public", "Alias": "b", "Startup Cost": 0.29, "Total Cost": 0.49, "Plan Rows": 3, "Plan Width": 4, "Actual Startup Time": 0.001, "Actual Total Time": 0.003, "Actual Rows": 9, "Actual Loops": 16474, "Output": ["b.id", "b.userid", "b.date"], "Index Cond": "(b.userid = p.owneruserid)", "Rows Removed by Index Recheck": 0, "Filter": "(b.date <= '2014-08-13 07:20:24'::timestamp without time zone)", "Rows Removed by Filter": 0}]}, {"Node Type": "Hash", "Parent Relationship": "Inner", "Parallel Aware": false, "Startup Cost": 3466.88, "Total Cost": 3466.88, "Plan Rows": 73159, "Plan Width": 8, "Actual Startup Time": 29.531, "Actual Total Time": 29.534, "Actual Rows": 19030, "Actual Loops": 1, "Output": ["ph.userid", "u.id"], "Hash Buckets": 131072, "Original Hash Buckets": 131072, "Hash Batches": 1, "Original Hash Batches": 1, "Peak Memory Usage": 1768, "Plans": [{"Node Type": "Hash Join", "Parent Relationship": "Outer", "Parallel Aware": false, "Join Type": "Inner", "Startup Cost": 565.16, "Total Cost": 3466.88, "Plan Rows": 73159, "Plan Width": 8, "Actual Startup Time": 3.623, "Actual Total Time": 27.347, "Actual Rows": 19030, "Actual Loops": 1, "Output": ["ph.userid", "u.id"], "Inner Unique": true, "Hash Cond": "(ph.userid = u.id)", "Plans": [{"Node Type": "Seq Scan", "Parent Relationship": "Outer", "Parallel Aware": false, "Relation Name": "posthistory", "Schema": "public", "Alias": "ph", "Startup Cost": 0.0, "Total Cost": 2572.93, "Plan Rows": 125221, "Plan Width": 4, "Actual Startup Time": 0.43, "Actual Total Time": 14.906, "Actual Rows": 125329, "Actual Loops": 1, "Output": ["ph.id", "ph.posthistorytypeid", "ph.postid", "ph.creationdate", "ph.userid"], "Filter": "(ph.creationdate >= '2010-08-27 17:16:04'::timestamp without time zone)", "Rows Removed by Filter": 4665}, {"Node Type": "Hash", "Parent Relationship": "Inner", "Parallel Aware": false, "Startup Cost": 446.04, "Total Cost": 446.04, "Plan Rows": 9530, "Plan Width": 4, "Actual Startup Time": 3.113, "Actual Total Time": 3.114, "Actual Rows": 9764, "Actual Loops": 1, "Output": ["u.id"], "Hash Buckets": 16384, "Original Hash Buckets": 16384, "Hash Batches": 1, "Original Hash Batches": 1, "Peak Memory Usage": 472, "Plans": [{"Node Type": "Seq Scan", "Parent Relationship": "Outer", "Parallel Aware": false, "Relation Name": "users", "Schema": "public", "Alias": "u", "Startup Cost": 0.0, "Total Cost": 446.04, "Plan Rows": 9530, "Plan Width": 4, "Actual Startup Time": 0.088, "Actual Total Time": 2.212, "Actual Rows": 9764, "Actual Loops": 1, "Output": ["u.id"], "Filter": "((u.views >= 0) AND (u.downvotes >= 0) AND (u.creationdate >= '2010-08-25 04:36:34'::timestamp without time zone) AND (u.creationdate <= '2014-08-27 17:11:20'::timestamp without time zone) AND (u.upvotes = 0))", "Rows Removed by Filter": 5171}]}]}]}]}]}, "Planning Time": 4.002, "Triggers": [], "Execution Time": 116.334}]
[{"Plan": {"Node Type": "Aggregate", "Strategy": "Plain", "Partial Mode": "Simple", "Parallel Aware": false, "Startup Cost": 2280.39, "Total Cost": 2280.4, "Plan Rows": 1, "Plan Width": 8, "Actual Startup Time": 16.118, "Actual Total Time": 16.122, "Actual Rows": 1, "Actual Loops": 1, "Output": ["count(*)"], "Plans": [{"Node Type": "Nested Loop", "Parent Relationship": "Outer", "Parallel Aware": false, "Join Type": "Inner", "Startup Cost": 1171.53, "Total Cost": 2279.81, "Plan Rows": 232, "Plan Width": 0, "Actual Startup Time": 6.552, "Actual Total Time": 15.816, "Actual Rows": 8127, "Actual Loops": 1, "Inner Unique": false, "Join Filter": "(p.id = v.postid)", "Rows Removed by Join Filter": 0, "Plans": [{"Node Type": "Nested Loop", "Parent Relationship": "Outer", "Parallel Aware": false, "Join Type": "Inner", "Startup Cost": 1171.24, "Total Cost": 1996.16, "Plan Rows": 582, "Plan Width": 16, "Actual Startup Time": 6.536, "Actual Total Time": 13.65, "Actual Rows": 899, "Actual Loops": 1, "Output": ["c.postid", "p.id", "pl.postid", "ph.postid"], "Inner Unique": false, "Join Filter": "(p.id = c.postid)", "Rows Removed by Join Filter": 0, "Plans": [{"Node Type": "Nested Loop", "Parent Relationship": "Outer", "Parallel Aware": false, "Join Type": "Inner", "Startup Cost": 1170.94, "Total Cost": 1841.68, "Plan Rows": 306, "Plan Width": 12, "Actual Startup Time": 6.518, "Actual Total Time": 11.998, "Actual Rows": 279, "Actual Loops": 1, "Output": ["p.id", "pl.postid", "ph.postid"], "Inner Unique": false, "Plans": [{"Node Type": "Nested Loop", "Parent Relationship": "Outer", "Parallel Aware": false, "Join Type": "Inner", "Startup Cost": 1170.65, "Total Cost": 1508.49, "Plan Rows": 316, "Plan Width": 8, "Actual Startup Time": 6.501, "Actual Total Time": 9.853, "Actual Rows": 280, "Actual Loops": 1, "Output": ["p.id", "pl.postid"], "Inner Unique": true, "Plans": [{"Node Type": "Hash Join", "Parent Relationship": "Outer", "Parallel Aware": false, "Join Type": "Inner", "Startup Cost": 1170.37, "Total Cost": 1247.76, "Plan Rows": 668, "Plan Width": 12, "Actual Startup Time": 6.429, "Actual Total Time": 7.402, "Actual Rows": 2078, "Actual Loops": 1, "Output": ["p.id", "p.lasteditoruserid", "pl.postid"], "Inner Unique": true, "Hash Cond": "(pl.postid = p.id)", "Plans": [{"Node Type": "Seq Scan", "Parent Relationship": "Outer", "Parallel Aware": false, "Relation Name": "postlinks", "Schema": "public", "Alias": "pl", "Startup Cost": 0.0, "Total Cost": 67.33, "Plan Rows": 3833, "Plan Width": 4, "Actual Startup Time": 0.007, "Actual Total Time": 0.237, "Actual Rows": 3833, "Actual Loops": 1, "Output": ["pl.id", "pl.creationdate", "pl.postid", "pl.relatedpostid", "pl.linktypeid"]}, {"Node Type": "Hash", "Parent Relationship": "Inner", "Parallel Aware": false, "Startup Cost": 1080.7, "Total Cost": 1080.7, "Plan Rows": 7173, "Plan Width": 8, "Actual Startup Time": 6.372, "Actual Total Time": 6.373, "Actual Rows": 7220, "Actual Loops": 1, "Output": ["p.id", "p.lasteditoruserid"], "Hash Buckets": 8192, "Original Hash Buckets": 8192, "Hash Batches": 1, "Original Hash Batches": 1, "Peak Memory Usage": 340, "Plans": [{"Node Type": "Seq Scan", "Parent Relationship": "Outer", "Parallel Aware": false, "Relation Name": "posts", "Schema": "public", "Alias": "p", "Startup Cost": 0.0, "Total Cost": 1080.7, "Plan Rows": 7173, "Plan Width": 8, "Actual Startup Time": 0.106, "Actual Total Time": 5.626, "Actual Rows": 7220, "Actual Loops": 1, "Output": ["p.id", "p.lasteditoruserid"], "Filter": "((p.commentcount <= 11) AND (p.favoritecount >= 0) AND (p.creationdate >= '2010-07-27 14:10:31'::timestamp without time zone))", "Rows Removed by Filter": 33963}]}]}, {"Node Type": "Index Scan", "Parent Relationship": "Inner", "Parallel Aware": false, "Scan Direction": "Forward", "Index Name": "users_pkey", "Relation Name": "users", "Schema": "public", "Alias": "u", "Startup Cost": 0.29, "Total Cost": 0.39, "Plan Rows": 1, "Plan Width": 4, "Actual Startup Time": 0.001, "Actual Total Time": 0.001, "Actual Rows": 0, "Actual Loops": 2078, "Output": ["u.id", "u.reputation", "u.creationdate", "u.views", "u.upvotes", "u.downvotes"], "Index Cond": "(u.id = p.lasteditoruserid)", "Rows Removed by Index Recheck": 0, "Filter": "(u.downvotes = 0)", "Rows Removed by Filter": 1}]}, {"Node Type": "Index Scan", "Parent Relationship": "Inner", "Parallel Aware": false, "Scan Direction": "Forward", "Index Name": "idx_posthistory_postid", "Relation Name": "posthistory", "Schema": "public", "Alias": "ph", "Startup Cost": 0.29, "Total Cost": 1.04, "Plan Rows": 1, "Plan Width": 4, "Actual Startup Time": 0.005, "Actual Total Time": 0.007, "Actual Rows": 1, "Actual Loops": 280, "Output": ["ph.id", "ph.posthistorytypeid", "ph.postid", "ph.creationdate", "ph.userid"], "Index Cond": "(ph.postid = p.id)", "Rows Removed by Index Recheck": 0, "Filter": "((ph.creationdate >= '2010-08-11 10:09:24'::timestamp without time zone) AND (ph.creationdate <= '2014-09-01 16:31:17'::timestamp without time zone) AND (ph.posthistorytypeid = 2))", "Rows Removed by Filter": 6}]}, {"Node Type": "Index Scan", "Parent Relationship": "Inner", "Parallel Aware": false, "Scan Direction": "Forward", "Index Name": "idx_comments_postid", "Relation Name": "comments", "Schema": "public", "Alias": "c", "Startup Cost": 0.29, "Total Cost": 0.45, "Plan Rows": 4, "Plan Width": 4, "Actual Startup Time": 0.004, "Actual Total Time": 0.005, "Actual Rows": 3, "Actual Loops": 279, "Output": ["c.id", "c.postid", "c.score", "c.creationdate", "c.userid"], "Index Cond": "(c.postid = ph.postid)", "Rows Removed by Index Recheck": 0, "Filter": "((c.creationdate >= '2010-07-25 15:08:59'::timestamp without time zone) AND (c.creationdate <= '2014-09-10 23:29:38'::timestamp without time zone))", "Rows Removed by Filter": 0}]}, {"Node Type": "Index Only Scan", "Parent Relationship": "Inner", "Parallel Aware": false, "Scan Direction": "Forward", "Index Name": "idx_votes_postid", "Relation Name": "votes", "Schema": "public", "Alias": "v", "Startup Cost": 0.29, "Total Cost": 0.41, "Plan Rows": 6, "Plan Width": 4, "Actual Startup Time": 0.001, "Actual Total Time": 0.002, "Actual Rows": 9, "Actual Loops": 899, "Output": ["v.postid"], "Index Cond": "(v.postid = c.postid)", "Rows Removed by Index Recheck": 0, "Heap Fetches": 0}]}]}, "Planning Time": 4.529, "Triggers": [], "Execution Time": 16.205}]#####[{"Plan": {"Node Type": "Aggregate", "Strategy": "Plain", "Partial Mode": "Simple", "Parallel Aware": false, "Startup Cost": 4649.03, "Total Cost": 4649.04, "Plan Rows": 1, "Plan Width": 8, "Actual Startup Time": 44.292, "Actual Total Time": 44.297, "Actual Rows": 1, "Actual Loops": 1, "Output": ["count(*)"], "Plans": [{"Node Type": "Hash Join", "Parent Relationship": "Outer", "Parallel Aware": false, "Join Type": "Inner", "Startup Cost": 1647.5, "Total Cost": 4643.22, "Plan Rows": 2322, "Plan Width": 0, "Actual Startup Time": 11.864, "Actual Total Time": 43.949, "Actual Rows": 8127, "Actual Loops": 1, "Inner Unique": true, "Hash Cond": "(p.lasteditoruserid = u.id)", "Plans": [{"Node Type": "Nested Loop", "Parent Relationship": "Outer", "Parallel Aware": false, "Join Type": "Inner", "Startup Cost": 1171.25, "Total Cost": 2878.18, "Plan Rows": 490900, "Plan Width": 4, "Actual Startup Time": 7.333, "Actual Total Time": 36.322, "Actual Rows": 58746, "Actual Loops": 1, "Output": ["p.lasteditoruserid"], "Inner Unique": false, "Join Filter": "(p.id = v.postid)", "Rows Removed by Join Filter": 0, "Plans": [{"Node Type": "Nested Loop", "Parent Relationship": "Outer", "Parallel Aware": false, "Join Type": "Inner", "Startup Cost": 1170.95, "Total Cost": 2278.23, "Plan Rows": 1231, "Plan Width": 20, "Actual Startup Time": 7.315, "Actual Total Time": 23.653, "Actual Rows": 5766, "Actual Loops": 1, "Output": ["c.postid", "p.id", "p.lasteditoruserid", "pl.postid", "ph.postid"], "Inner Unique": false, "Join Filter": "(p.id = c.postid)", "Rows Removed by Join Filter": 0, "Plans": [{"Node Type": "Nested Loop", "Parent Relationship": "Outer", "Parallel Aware": false, "Join Type": "Inner", "Startup Cost": 1170.66, "Total Cost": 1952.09, "Plan Rows": 646, "Plan Width": 16, "Actual Startup Time": 7.243, "Actual Total Time": 17.02, "Actual Rows": 2047, "Actual Loops": 1, "Output": ["p.id", "p.lasteditoruserid", "pl.postid", "ph.postid"], "Inner Unique": false, "Plans": [{"Node Type": "Hash Join", "Parent Relationship": "Outer", "Parallel Aware": false, "Join Type": "Inner", "Startup Cost": 1170.37, "Total Cost": 1247.76, "Plan Rows": 668, "Plan Width": 12, "Actual Startup Time": 7.141, "Actual Total Time": 8.293, "Actual Rows": 2078, "Actual Loops": 1, "Output": ["p.id", "p.lasteditoruserid", "pl.postid"], "Inner Unique": true, "Hash Cond": "(pl.postid = p.id)", "Plans": [{"Node Type": "Seq Scan", "Parent Relationship": "Outer", "Parallel Aware": false, "Relation Name": "postlinks", "Schema": "public", "Alias": "pl", "Startup Cost": 0.0, "Total Cost": 67.33, "Plan Rows": 3833, "Plan Width": 4, "Actual Startup Time": 0.006, "Actual Total Time": 0.26, "Actual Rows": 3833, "Actual Loops": 1, "Output": ["pl.id", "pl.creationdate", "pl.postid", "pl.relatedpostid", "pl.linktypeid"]}, {"Node Type": "Hash", "Parent Relationship": "Inner", "Parallel Aware": false, "Startup Cost": 1080.7, "Total Cost": 1080.7, "Plan Rows": 7173, "Plan Width": 8, "Actual Startup Time": 7.092, "Actual Total Time": 7.093, "Actual Rows": 7220, "Actual Loops": 1, "Output": ["p.id", "p.lasteditoruserid"], "Hash Buckets": 8192, "Original Hash Buckets": 8192, "Hash Batches": 1, "Original Hash Batches": 1, "Peak Memory Usage": 340, "Plans": [{"Node Type": "Seq Scan", "Parent Relationship": "Outer", "Parallel Aware": false, "Relation Name": "posts", "Schema": "public", "Alias": "p", "Startup Cost": 0.0, "Total Cost": 1080.7, "Plan Rows": 7173, "Plan Width": 8, "Actual Startup Time": 0.129, "Actual Total Time": 6.194, "Actual Rows": 7220, "Actual Loops": 1, "Output": ["p.id", "p.lasteditoruserid"], "Filter": "((p.commentcount <= 11) AND (p.favoritecount >= 0) AND (p.creationdate >= '2010-07-27 14:10:31'::timestamp without time zone))", "Rows Removed by Filter": 33963}]}]}, {"Node Type": "Index Scan", "Parent Relationship": "Inner", "Parallel Aware": false, "Scan Direction": "Forward", "Index Name": "idx_posthistory_postid", "Relation Name": "posthistory", "Schema": "public", "Alias": "ph", "Startup Cost": 0.29, "Total Cost": 1.04, "Plan Rows": 1, "Plan Width": 4, "Actual Startup Time": 0.002, "Actual Total Time": 0.004, "Actual Rows": 1, "Actual Loops": 2078, "Output": ["ph.id", "ph.posthistorytypeid", "ph.postid", "ph.creationdate", "ph.userid"], "Index Cond": "(ph.postid = p.id)", "Rows Removed by Index Recheck": 0, "Filter": "((ph.creationdate >= '2010-08-11 10:09:24'::timestamp without time zone) AND (ph.creationdate <= '2014-09-01 16:31:17'::timestamp without time zone) AND (ph.posthistorytypeid = 2))", "Rows Removed by Filter": 5}]}, {"Node Type": "Index Scan", "Parent Relationship": "Inner", "Parallel Aware": false, "Scan Direction": "Forward", "Index Name": "idx_comments_postid", "Relation Name": "comments", "Schema": "public", "Alias": "c", "Startup Cost": 0.29, "Total Cost": 0.45, "Plan Rows": 4, "Plan Width": 4, "Actual Startup Time": 0.002, "Actual Total Time": 0.003, "Actual Rows": 3, "Actual Loops": 2047, "Output": ["c.id", "c.postid", "c.score", "c.creationdate", "c.userid"], "Index Cond": "(c.postid = ph.postid)", "Rows Removed by Index Recheck": 0, "Filter": "((c.creationdate >= '2010-07-25 15:08:59'::timestamp without time zone) AND (c.creationdate <= '2014-09-10 23:29:38'::timestamp without time zone))", "Rows Removed by Filter": 0}]}, {"Node Type": "Index Only Scan", "Parent Relationship": "Inner", "Parallel Aware": false, "Scan Direction": "Forward", "Index Name": "idx_votes_postid", "Relation Name": "votes", "Schema": "public", "Alias": "v", "Startup Cost": 0.29, "Total Cost": 0.41, "Plan Rows": 6, "Plan Width": 4, "Actual Startup Time": 0.001, "Actual Total Time": 0.001, "Actual Rows": 10, "Actual Loops": 5766, "Output": ["v.postid"], "Index Cond": "(v.postid = c.postid)", "Rows Removed by Index Recheck": 0, "Heap Fetches": 0}]}, {"Node Type": "Hash", "Parent Relationship": "Inner", "Parallel Aware": false, "Startup Cost": 296.69, "Total Cost": 296.69, "Plan Rows": 14365, "Plan Width": 4, "Actual Startup Time": 4.436, "Actual Total Time": 4.436, "Actual Rows": 14365, "Actual Loops": 1, "Output": ["u.id"], "Hash Buckets": 16384, "Original Hash Buckets": 16384, "Hash Batches": 1, "Original Hash Batches": 1, "Peak Memory Usage": 634, "Plans": [{"Node Type": "Seq Scan", "Parent Relationship": "Outer", "Parallel Aware": false, "Relation Name": "users", "Schema": "public", "Alias": "u", "Startup Cost": 0.0, "Total Cost": 296.69, "Plan Rows": 14365, "Plan Width": 4, "Actual Startup Time": 0.013, "Actual Total Time": 2.64, "Actual Rows": 14365, "Actual Loops": 1, "Output": ["u.id"], "Filter": "(u.downvotes = 0)", "Rows Removed by Filter": 570}]}]}]}, "Planning Time": 3.251, "Triggers": [], "Execution Time": 44.432}]#####[{"Plan": {"Node Type": "Aggregate", "Strategy": "Plain", "Partial Mode": "Simple", "Parallel Aware": false, "Startup Cost": 2086.2, "Total Cost": 2086.21, "Plan Rows": 1, "Plan Width": 8, "Actual Startup Time": 17.136, "Actual Total Time": 17.14, "Actual Rows": 1, "Actual Loops": 1, "Output": ["count(*)"], "Plans": [{"Node Type": "Nested Loop", "Parent Relationship": "Outer", "Parallel Aware": false, "Join Type": "Inner", "Startup Cost": 1171.53, "Total Cost": 2080.4, "Plan Rows": 2322, "Plan Width": 0, "Actual Startup Time": 6.489, "Actual Total Time": 16.813, "Actual Rows": 8127, "Actual Loops": 1, "Inner Unique": false, "Join Filter": "(p.id = v.postid)", "Rows Removed by Join Filter": 0, "Plans": [{"Node Type": "Nested Loop", "Parent Relationship": "Outer", "Parallel Aware": false, "Join Type": "Inner", "Startup Cost": 1171.24, "Total Cost": 1796.75, "Plan Rows": 582, "Plan Width": 16, "Actual Startup Time": 6.474, "Actual Total Time": 14.602, "Actual Rows": 899, "Actual Loops": 1, "Output": ["c.postid", "p.id", "pl.postid", "ph.postid"], "Inner Unique": false, "Join Filter": "(p.id = ph.postid)", "Rows Removed by Join Filter": 0, "Plans": [{"Node Type": "Nested Loop", "Parent Relationship": "Outer", "Parallel Aware": false, "Join Type": "Inner", "Startup Cost": 1170.94, "Total Cost": 1768.88, "Plan Rows": 60, "Plan Width": 12, "Actual Startup Time": 6.454, "Actual Total Time": 11.416, "Actual Rows": 903, "Actual Loops": 1, "Output": ["c.postid", "p.id", "pl.postid"], "Inner Unique": false, "Plans": [{"Node Type": "Nested Loop", "Parent Relationship": "Outer", "Parallel Aware": false, "Join Type": "Inner", "Startup Cost": 1170.65, "Total Cost": 1508.49, "Plan Rows": 316, "Plan Width": 8, "Actual Startup Time": 6.438, "Actual Total Time": 9.807, "Actual Rows": 280, "Actual Loops": 1, "Output": ["p.id", "pl.postid"], "Inner Unique": true, "Plans": [{"Node Type": "Hash Join", "Parent Relationship": "Outer", "Parallel Aware": false, "Join Type": "Inner", "Startup Cost": 1170.37, "Total Cost": 1247.76, "Plan Rows": 668, "Plan Width": 12, "Actual Startup Time": 6.363, "Actual Total Time": 7.34, "Actual Rows": 2078, "Actual Loops": 1, "Output": ["p.id", "p.lasteditoruserid", "pl.postid"], "Inner Unique": true, "Hash Cond": "(pl.postid = p.id)", "Plans": [{"Node Type": "Seq Scan", "Parent Relationship": "Outer", "Parallel Aware": false, "Relation Name": "postlinks", "Schema": "public", "Alias": "pl", "Startup Cost": 0.0, "Total Cost": 67.33, "Plan Rows": 3833, "Plan Width": 4, "Actual Startup Time": 0.008, "Actual Total Time": 0.232, "Actual Rows": 3833, "Actual Loops": 1, "Output": ["pl.id", "pl.creationdate", "pl.postid", "pl.relatedpostid", "pl.linktypeid"]}, {"Node Type": "Hash", "Parent Relationship": "Inner", "Parallel Aware": false, "Startup Cost": 1080.7, "Total Cost": 1080.7, "Plan Rows": 7173, "Plan Width": 8, "Actual Startup Time": 6.308, "Actual Total Time": 6.308, "Actual Rows": 7220, "Actual Loops": 1, "Output": ["p.id", "p.lasteditoruserid"], "Hash Buckets": 8192, "Original Hash Buckets": 8192, "Hash Batches": 1, "Original Hash Batches": 1, "Peak Memory Usage": 340, "Plans": [{"Node Type": "Seq Scan", "Parent Relationship": "Outer", "Parallel Aware": false, "Relation Name": "posts", "Schema": "public", "Alias": "p", "Startup Cost": 0.0, "Total Cost": 1080.7, "Plan Rows": 7173, "Plan Width": 8, "Actual Startup Time": 0.104, "Actual Total Time": 5.56, "Actual Rows": 7220, "Actual Loops": 1, "Output": ["p.id", "p.lasteditoruserid"], "Filter": "((p.commentcount <= 11) AND (p.favoritecount >= 0) AND (p.creationdate >= '2010-07-27 14:10:31'::timestamp without time zone))", "Rows Removed by Filter": 33963}]}]}, {"Node Type": "Index Scan", "Parent Relationship": "Inner", "Parallel Aware": false, "Scan Direction": "Forward", "Index Name": "users_pkey", "Relation Name": "users", "Schema": "public", "Alias": "u", "Startup Cost": 0.29, "Total Cost": 0.39, "Plan Rows": 1, "Plan Width": 4, "Actual Startup Time": 0.001, "Actual Total Time": 0.001, "Actual Rows": 0, "Actual Loops": 2078, "Output": ["u.id", "u.reputation", "u.creationdate", "u.views", "u.upvotes", "u.downvotes"], "Index Cond": "(u.id = p.lasteditoruserid)", "Rows Removed by Index Recheck": 0, "Filter": "(u.downvotes = 0)", "Rows Removed by Filter": 1}]}, {"Node Type": "Index Scan", "Parent Relationship": "Inner", "Parallel Aware": false, "Scan Direction": "Forward", "Index Name": "idx_comments_postid", "Relation Name": "comments", "Schema": "public", "Alias": "c", "Startup Cost": 0.29, "Total Cost": 0.78, "Plan Rows": 4, "Plan Width": 4, "Actual Startup Time": 0.004, "Actual Total Time": 0.005, "Actual Rows": 3, "Actual Loops": 280, "Output": ["c.id", "c.postid", "c.score", "c.creationdate", "c.userid"], "Index Cond": "(c.postid = p.id)", "Rows Removed by Index Recheck": 0, "Filter": "((c.creationdate >= '2010-07-25 15:08:59'::timestamp without time zone) AND (c.creationdate <= '2014-09-10 23:29:38'::timestamp without time zone))", "Rows Removed by Filter": 0}]}, {"Node Type": "Index Scan", "Parent Relationship": "Inner", "Parallel Aware": false, "Scan Direction": "Forward", "Index Name": "idx_posthistory_postid", "Relation Name": "posthistory", "Schema": "public", "Alias": "ph", "Startup Cost": 0.29, "Total Cost": 0.45, "Plan Rows": 1, "Plan Width": 4, "Actual Startup Time": 0.002, "Actual Total Time": 0.003, "Actual Rows": 1, "Actual Loops": 903, "Output": ["ph.id", "ph.posthistorytypeid", "ph.postid", "ph.creationdate", "ph.userid"], "Index Cond": "(ph.postid = c.postid)", "Rows Removed by Index Recheck": 0, "Filter": "((ph.creationdate >= '2010-08-11 10:09:24'::timestamp without time zone) AND (ph.creationdate <= '2014-09-01 16:31:17'::timestamp without time zone) AND (ph.posthistorytypeid = 2))", "Rows Removed by Filter": 6}]}, {"Node Type": "Index Only Scan", "Parent Relationship": "Inner", "Parallel Aware": false, "Scan Direction": "Forward", "Index Name": "idx_votes_postid", "Relation Name": "votes", "Schema": "public", "Alias": "v", "Startup Cost": 0.29, "Total Cost": 0.41, "Plan Rows": 6, "Plan Width": 4, "Actual Startup Time": 0.001, "Actual Total Time": 0.002, "Actual Rows": 9, "Actual Loops": 899, "Output": ["v.postid"], "Index Cond": "(v.postid = c.postid)", "Rows Removed by Index Recheck": 0, "Heap Fetches": 0}]}]}, "Planning Time": 7.44, "Triggers": [], "Execution Time": 17.226}]
[{"Plan": {"Node Type": "Aggregate", "Strategy": "Plain", "Partial Mode": "Simple", "Parallel Aware": false, "Startup Cost": 5277.44, "Total Cost": 5277.45, "Plan Rows": 1, "Plan Width": 8, "Actual Startup Time": 63.834, "Actual Total Time": 63.84, "Actual Rows": 1, "Actual Loops": 1, "Output": ["count(*)"], "Plans": [{"Node Type": "Hash Join", "Parent Relationship": "Outer", "Parallel Aware": false, "Join Type": "Inner", "Startup Cost": 1999.27, "Total Cost": 5246.85, "Plan Rows": 12238, "Plan Width": 0, "Actual Startup Time": 14.875, "Actual Total Time": 60.478, "Actual Rows": 90592, "Actual Loops": 1, "Inner Unique": true, "Hash Cond": "(p.owneruserid = u.id)", "Plans": [{"Node Type": "Hash Join", "Parent Relationship": "Outer", "Parallel Aware": false, "Join Type": "Inner", "Startup Cost": 1480.66, "Total Cost": 4394.82, "Plan Rows": 126983, "Plan Width": 4, "Actual Startup Time": 11.29, "Actual Total Time": 43.666, "Actual Rows": 125516, "Actual Loops": 1, "Output": ["p.owneruserid"], "Inner Unique": true, "Hash Cond": "(ph.postid = p.id)", "Plans": [{"Node Type": "Seq Scan", "Parent Relationship": "Outer", "Parallel Aware": false, "Relation Name": "posthistory", "Schema": "public", "Alias": "ph", "Startup Cost": 0.0, "Total Cost": 2572.93, "Plan Rows": 129981, "Plan Width": 4, "Actual Startup Time": 0.008, "Actual Total Time": 15.349, "Actual Rows": 129994, "Actual Loops": 1, "Output": ["ph.id", "ph.posthistorytypeid", "ph.postid", "ph.creationdate", "ph.userid"], "Filter": "(ph.creationdate <= '2014-08-22 15:12:29'::timestamp without time zone)", "Rows Removed by Filter": 0}, {"Node Type": "Hash", "Parent Relationship": "Inner", "Parallel Aware": false, "Startup Cost": 977.75, "Total Cost": 977.75, "Plan Rows": 40233, "Plan Width": 8, "Actual Startup Time": 11.101, "Actual Total Time": 11.102, "Actual Rows": 40228, "Actual Loops": 1, "Output": ["p.id", "p.owneruserid"], "Hash Buckets": 65536, "Original Hash Buckets": 65536, "Hash Batches": 1, "Original Hash Batches": 1, "Peak Memory Usage": 2080, "Plans": [{"Node Type": "Seq Scan", "Parent Relationship": "Outer", "Parallel Aware": false, "Relation Name": "posts", "Schema": "public", "Alias": "p", "Startup Cost": 0.0, "Total Cost": 977.75, "Plan Rows": 40233, "Plan Width": 8, "Actual Startup Time": 0.009, "Actual Total Time": 6.885, "Actual Rows": 40228, "Actual Loops": 1, "Output": ["p.id", "p.owneruserid"], "Filter": "((p.score >= '-2'::integer) AND (p.commentcount <= 9))", "Rows Removed by Filter": 955}]}]}, {"Node Type": "Hash", "Parent Relationship": "Inner", "Parallel Aware": false, "Startup Cost": 334.02, "Total Cost": 334.02, "Plan Rows": 14767, "Plan Width": 4, "Actual Startup Time": 3.524, "Actual Total Time": 3.525, "Actual Rows": 14767, "Actual Loops": 1, "Output": ["u.id"], "Hash Buckets": 16384, "Original Hash Buckets": 16384, "Hash Batches": 1, "Original Hash Batches": 1, "Peak Memory Usage": 648, "Plans": [{"Node Type": "Seq Scan", "Parent Relationship": "Outer", "Parallel Aware": false, "Relation Name": "users", "Schema": "public", "Alias": "u", "Startup Cost": 0.0, "Total Cost": 334.02, "Plan Rows": 14767, "Plan Width": 4, "Actual Startup Time": 0.011, "Actual Total Time": 2.166, "Actual Rows": 14767, "Actual Loops": 1, "Output": ["u.id"], "Filter": "((u.upvotes >= 0) AND (u.upvotes <= 170))", "Rows Removed by Filter": 168}]}]}]}, "Planning Time": 0.864, "Triggers": [], "Execution Time": 63.974}]#####[{"Plan": {"Node Type": "Aggregate", "Strategy": "Plain", "Partial Mode": "Simple", "Parallel Aware": false, "Startup Cost": 3957.83, "Total Cost": 3957.84, "Plan Rows": 1, "Plan Width": 8, "Actual Startup Time": 67.59, "Actual Total Time": 67.595, "Actual Rows": 1, "Actual Loops": 1, "Output": ["count(*)"], "Plans": [{"Node Type": "Nested Loop", "Parent Relationship": "Outer", "Parallel Aware": false, "Join Type": "Inner", "Startup Cost": 518.9, "Total Cost": 3651.86, "Plan Rows": 122386, "Plan Width": 0, "Actual Startup Time": 3.54, "Actual Total Time": 63.622, "Actual Rows": 90592, "Actual Loops": 1, "Inner Unique": false, "Plans": [{"Node Type": "Hash Join", "Parent Relationship": "Outer", "Parallel Aware": false, "Join Type": "Inner", "Startup Cost": 518.61, "Total Cost": 1602.0, "Plan Rows": 3877, "Plan Width": 4, "Actual Startup Time": 3.526, "Actual Total Time": 15.213, "Actual Rows": 24129, "Actual Loops": 1, "Output": ["p.id"], "Inner Unique": true, "Hash Cond": "(p.owneruserid = u.id)", "Plans": [{"Node Type": "Seq Scan", "Parent Relationship": "Outer", "Parallel Aware": false, "Relation Name": "posts", "Schema": "public", "Alias": "p", "Startup Cost": 0.0, "Total Cost": 977.75, "Plan Rows": 40233, "Plan Width": 8, "Actual Startup Time": 0.014, "Actual Total Time": 6.462, "Actual Rows": 40228, "Actual Loops": 1, "Output": ["p.id", "p.posttypeid", "p.creationdate", "p.score", "p.viewcount", "p.owneruserid", "p.answercount", "p.commentcount", "p.favoritecount", "p.lasteditoruserid"], "Filter": "((p.score >= '-2'::integer) AND (p.commentcount <= 9))", "Rows Removed by Filter": 955}, {"Node Type": "Hash", "Parent Relationship": "Inner", "Parallel Aware": false, "Startup Cost": 334.02, "Total Cost": 334.02, "Plan Rows": 14767, "Plan Width": 4, "Actual Startup Time": 3.45, "Actual Total Time": 3.451, "Actual Rows": 14767, "Actual Loops": 1, "Output": ["u.id"], "Hash Buckets": 16384, "Original Hash Buckets": 16384, "Hash Batches": 1, "Original Hash Batches": 1, "Peak Memory Usage": 648, "Plans": [{"Node Type": "Seq Scan", "Parent Relationship": "Outer", "Parallel Aware": false, "Relation Name": "users", "Schema": "public", "Alias": "u", "Startup Cost": 0.0, "Total Cost": 334.02, "Plan Rows": 14767, "Plan Width": 4, "Actual Startup Time": 0.01, "Actual Total Time": 2.13, "Actual Rows": 14767, "Actual Loops": 1, "Output": ["u.id"], "Filter": "((u.upvotes >= 0) AND (u.upvotes <= 170))", "Rows Removed by Filter": 168}]}]}, {"Node Type": "Index Scan", "Parent Relationship": "Inner", "Parallel Aware": false, "Scan Direction": "Forward", "Index Name": "idx_posthistory_postid", "Relation Name": "posthistory", "Schema": "public", "Alias": "ph", "Startup Cost": 0.29, "Total Cost": 0.49, "Plan Rows": 4, "Plan Width": 4, "Actual Startup Time": 0.001, "Actual Total Time": 0.002, "Actual Rows": 4, "Actual Loops": 24129, "Output": ["ph.id", "ph.posthistorytypeid", "ph.postid", "ph.creationdate", "ph.userid"], "Index Cond": "(ph.postid = p.id)", "Rows Removed by Index Recheck": 0, "Filter": "(ph.creationdate <= '2014-08-22 15:12:29'::timestamp without time zone)", "Rows Removed by Filter": 0}]}]}, "Planning Time": 3.388, "Triggers": [], "Execution Time": 67.677}]
[{"Plan": {"Node Type": "Aggregate", "Strategy": "Plain", "Partial Mode": "Simple", "Parallel Aware": false, "Startup Cost": 96.45, "Total Cost": 96.46, "Plan Rows": 1, "Plan Width": 8, "Actual Startup Time": 0.403, "Actual Total Time": 0.405, "Actual Rows": 1, "Actual Loops": 1, "Output": ["count(*)"], "Plans": [{"Node Type": "Nested Loop", "Parent Relationship": "Outer", "Parallel Aware": false, "Join Type": "Inner", "Startup Cost": 1.16, "Total Cost": 96.45, "Plan Rows": 1, "Plan Width": 0, "Actual Startup Time": 0.399, "Actual Total Time": 0.401, "Actual Rows": 0, "Actual Loops": 1, "Inner Unique": false, "Plans": [{"Node Type": "Nested Loop", "Parent Relationship": "Outer", "Parallel Aware": false, "Join Type": "Inner", "Startup Cost": 0.87, "Total Cost": 96.01, "Plan Rows": 1, "Plan Width": 8, "Actual Startup Time": 0.399, "Actual Total Time": 0.401, "Actual Rows": 0, "Actual Loops": 1, "Output": ["p.owneruserid", "u.id"], "Inner Unique": true, "Plans": [{"Node Type": "Nested Loop", "Parent Relationship": "Outer", "Parallel Aware": false, "Join Type": "Inner", "Startup Cost": 0.58, "Total Cost": 95.62, "Plan Rows": 1, "Plan Width": 4, "Actual Startup Time": 0.399, "Actual Total Time": 0.4, "Actual Rows": 0, "Actual Loops": 1, "Output": ["p.owneruserid"], "Inner Unique": false, "Plans": [{"Node Type": "Nested Loop", "Parent Relationship": "Outer", "Parallel Aware": false, "Join Type": "Inner", "Startup Cost": 0.29, "Total Cost": 94.81, "Plan Rows": 1, "Plan Width": 12, "Actual Startup Time": 0.399, "Actual Total Time": 0.4, "Actual Rows": 0, "Actual Loops": 1, "Output": ["pl.relatedpostid", "p.id", "p.owneruserid"], "Inner Unique": true, "Plans": [{"Node Type": "Seq Scan", "Parent Relationship": "Outer", "Parallel Aware": false, "Relation Name": "postlinks", "Schema": "public", "Alias": "pl", "Startup Cost": 0.0, "Total Cost": 86.5, "Plan Rows": 1, "Plan Width": 4, "Actual Startup Time": 0.399, "Actual Total Time": 0.4, "Actual Rows": 0, "Actual Loops": 1, "Output": ["pl.id", "pl.creationdate", "pl.postid", "pl.relatedpostid", "pl.linktypeid"], "Filter": "((pl.creationdate >= '2011-04-09 14:27:41'::timestamp without time zone) AND (pl.linktypeid = 3))", "Rows Removed by Filter": 3833}, {"Node Type": "Index Scan", "Parent Relationship": "Inner", "Parallel Aware": false, "Scan Direction": "Forward", "Index Name": "posts_pkey", "Relation Name": "posts", "Schema": "public", "Alias": "p", "Startup Cost": 0.29, "Total Cost": 8.31, "Plan Rows": 1, "Plan Width": 8, "Actual Startup Time": 0.0, "Actual Total Time": 0.0, "Actual Rows": 0, "Actual Loops": 0, "Output": ["p.id", "p.posttypeid", "p.creationdate", "p.score", "p.viewcount", "p.owneruserid", "p.answercount", "p.commentcount", "p.favoritecount", "p.lasteditoruserid"], "Index Cond": "(p.id = pl.relatedpostid)", "Rows Removed by Index Recheck": 0, "Filter": "((p.commentcount >= 0) AND (p.commentcount <= 15) AND (p.favoritecount >= 0))", "Rows Removed by Filter": 0}]}, {"Node Type": "Index Scan", "Parent Relationship": "Inner", "Parallel Aware": false, "Scan Direction": "Forward", "Index Name": "idx_comments_postid", "Relation Name": "comments", "Schema": "public", "Alias": "c", "Startup Cost": 0.29, "Total Cost": 0.76, "Plan Rows": 4, "Plan Width": 4, "Actual Startup Time": 0.0, "Actual Total Time": 0.0, "Actual Rows": 0, "Actual Loops": 0, "Output": ["c.id", "c.postid", "c.score", "c.creationdate", "c.userid"], "Index Cond": "(c.postid = p.id)", "Rows Removed by Index Recheck": 0, "Filter": "(c.creationdate <= '2014-09-13 13:21:33'::timestamp without time zone)", "Rows Removed by Filter": 0}]}, {"Node Type": "Index Scan", "Parent Relationship": "Inner", "Parallel Aware": false, "Scan Direction": "Forward", "Index Name": "users_pkey", "Relation Name": "users", "Schema": "public", "Alias": "u", "Startup Cost": 0.29, "Total Cost": 0.39, "Plan Rows": 1, "Plan Width": 4, "Actual Startup Time": 0.0, "Actual Total Time": 0.0, "Actual Rows": 0, "Actual Loops": 0, "Output": ["u.id", "u.reputation", "u.creationdate", "u.views", "u.upvotes", "u.downvotes"], "Index Cond": "(u.id = p.owneruserid)", "Rows Removed by Index Recheck": 0, "Filter": "((u.creationdate <= '2014-07-17 10:29:29'::timestamp without time zone) AND (u.downvotes = 0))", "Rows Removed by Filter": 0}]}, {"Node Type": "Index Scan", "Parent Relationship": "Inner", "Parallel Aware": false, "Scan Direction": "Forward", "Index Name": "idx_badges_userid", "Relation Name": "badges", "Schema": "public", "Alias": "b", "Startup Cost": 0.29, "Total Cost": 0.41, "Plan Rows": 3, "Plan Width": 4, "Actual Startup Time": 0.0, "Actual Total Time": 0.0, "Actual Rows": 0, "Actual Loops": 0, "Output": ["b.id", "b.userid", "b.date"], "Index Cond": "(b.userid = u.id)", "Rows Removed by Index Recheck": 0, "Filter": "(b.date >= '2010-08-19 02:44:21'::timestamp without time zone)", "Rows Removed by Filter": 0}]}]}, "Planning Time": 5.22, "Triggers": [], "Execution Time": 0.474}]#####[{"Plan": {"Node Type": "Aggregate", "Strategy": "Plain", "Partial Mode": "Simple", "Parallel Aware": false, "Startup Cost": 96.45, "Total Cost": 96.46, "Plan Rows": 1, "Plan Width": 8, "Actual Startup Time": 0.395, "Actual Total Time": 0.397, "Actual Rows": 1, "Actual Loops": 1, "Output": ["count(*)"], "Plans": [{"Node Type": "Nested Loop", "Parent Relationship": "Outer", "Parallel Aware": false, "Join Type": "Inner", "Startup Cost": 1.16, "Total Cost": 96.45, "Plan Rows": 2, "Plan Width": 0, "Actual Startup Time": 0.392, "Actual Total Time": 0.394, "Actual Rows": 0, "Actual Loops": 1, "Inner Unique": true, "Plans": [{"Node Type": "Nested Loop", "Parent Relationship": "Outer", "Parallel Aware": false, "Join Type": "Inner", "Startup Cost": 0.87, "Total Cost": 96.12, "Plan Rows": 1, "Plan Width": 8, "Actual Startup Time": 0.392, "Actual Total Time": 0.393, "Actual Rows": 0, "Actual Loops": 1, "Output": ["p.owneruserid", "b.userid"], "Inner Unique": false, "Plans": [{"Node Type": "Nested Loop", "Parent Relationship": "Outer", "Parallel Aware": false, "Join Type": "Inner", "Startup Cost": 0.58, "Total Cost": 95.62, "Plan Rows": 1, "Plan Width": 4, "Actual Startup Time": 0.392, "Actual Total Time": 0.393, "Actual Rows": 0, "Actual Loops": 1, "Output": ["p.owneruserid"], "Inner Unique": false, "Plans": [{"Node Type": "Nested Loop", "Parent Relationship": "Outer", "Parallel Aware": false, "Join Type": "Inner", "Startup Cost": 0.29, "Total Cost": 94.81, "Plan Rows": 1, "Plan Width": 12, "Actual Startup Time": 0.392, "Actual Total Time": 0.393, "Actual Rows": 0, "Actual Loops": 1, "Output": ["pl.relatedpostid", "p.id", "p.owneruserid"], "Inner Unique": true, "Plans": [{"Node Type": "Seq Scan", "Parent Relationship": "Outer", "Parallel Aware": false, "Relation Name": "postlinks", "Schema": "public", "Alias": "pl", "Startup Cost": 0.0, "Total Cost": 86.5, "Plan Rows": 1, "Plan Width": 4, "Actual Startup Time": 0.391, "Actual Total Time": 0.392, "Actual Rows": 0, "Actual Loops": 1, "Output": ["pl.id", "pl.creationdate", "pl.postid", "pl.relatedpostid", "pl.linktypeid"], "Filter": "((pl.creationdate >= '2011-04-09 14:27:41'::timestamp without time zone) AND (pl.linktypeid = 3))", "Rows Removed by Filter": 3833}, {"Node Type": "Index Scan", "Parent Relationship": "Inner", "Parallel Aware": false, "Scan Direction": "Forward", "Index Name": "posts_pkey", "Relation Name": "posts", "Schema": "public", "Alias": "p", "Startup Cost": 0.29, "Total Cost": 8.31, "Plan Rows": 1, "Plan Width": 8, "Actual Startup Time": 0.0, "Actual Total Time": 0.0, "Actual Rows": 0, "Actual Loops": 0, "Output": ["p.id", "p.posttypeid", "p.creationdate", "p.score", "p.viewcount", "p.owneruserid", "p.answercount", "p.commentcount", "p.favoritecount", "p.lasteditoruserid"], "Index Cond": "(p.id = pl.relatedpostid)", "Rows Removed by Index Recheck": 0, "Filter": "((p.commentcount >= 0) AND (p.commentcount <= 15) AND (p.favoritecount >= 0))", "Rows Removed by Filter": 0}]}, {"Node Type": "Index Scan", "Parent Relationship": "Inner", "Parallel Aware": false, "Scan Direction": "Forward", "Index Name": "idx_comments_postid", "Relation Name": "comments", "Schema": "public", "Alias": "c", "Startup Cost": 0.29, "Total Cost": 0.76, "Plan Rows": 4, "Plan Width": 4, "Actual Startup Time": 0.0, "Actual Total Time": 0.0, "Actual Rows": 0, "Actual Loops": 0, "Output": ["c.id", "c.postid", "c.score", "c.creationdate", "c.userid"], "Index Cond": "(c.postid = p.id)", "Rows Removed by Index Recheck": 0, "Filter": "(c.creationdate <= '2014-09-13 13:21:33'::timestamp without time zone)", "Rows Removed by Filter": 0}]}, {"Node Type": "Index Scan", "Parent Relationship": "Inner", "Parallel Aware": false, "Scan Direction": "Forward", "Index Name": "idx_badges_userid", "Relation Name": "badges", "Schema": "public", "Alias": "b", "Startup Cost": 0.29, "Total Cost": 0.47, "Plan Rows": 3, "Plan Width": 4, "Actual Startup Time": 0.0, "Actual Total Time": 0.0, "Actual Rows": 0, "Actual Loops": 0, "Output": ["b.id", "b.userid", "b.date"], "Index Cond": "(b.userid = p.owneruserid)", "Rows Removed by Index Recheck": 0, "Filter": "(b.date >= '2010-08-19 02:44:21'::timestamp without time zone)", "Rows Removed by Filter": 0}]}, {"Node Type": "Index Scan", "Parent Relationship": "Inner", "Parallel Aware": false, "Scan Direction": "Forward", "Index Name": "users_pkey", "Relation Name": "users", "Schema": "public", "Alias": "u", "Startup Cost": 0.29, "Total Cost": 0.33, "Plan Rows": 1, "Plan Width": 4, "Actual Startup Time": 0.0, "Actual Total Time": 0.0, "Actual Rows": 0, "Actual Loops": 0, "Output": ["u.id", "u.reputation", "u.creationdate", "u.views", "u.upvotes", "u.downvotes"], "Index Cond": "(u.id = b.userid)", "Rows Removed by Index Recheck": 0, "Filter": "((u.creationdate <= '2014-07-17 10:29:29'::timestamp without time zone) AND (u.downvotes = 0))", "Rows Removed by Filter": 0}]}]}, "Planning Time": 6.794, "Triggers": [], "Execution Time": 0.462}]#####[{"Plan": {"Node Type": "Aggregate", "Strategy": "Plain", "Partial Mode": "Simple", "Parallel Aware": false, "Startup Cost": 135.12, "Total Cost": 135.13, "Plan Rows": 1, "Plan Width": 8, "Actual Startup Time": 0.391, "Actual Total Time": 0.393, "Actual Rows": 1, "Actual Loops": 1, "Output": ["count(*)"], "Plans": [{"Node Type": "Nested Loop", "Parent Relationship": "Outer", "Parallel Aware": false, "Join Type": "Inner", "Startup Cost": 1.15, "Total Cost": 135.11, "Plan Rows": 2, "Plan Width": 0, "Actual Startup Time": 0.387, "Actual Total Time": 0.389, "Actual Rows": 0, "Actual Loops": 1, "Inner Unique": false, "Plans": [{"Node Type": "Nested Loop", "Parent Relationship": "Outer", "Parallel Aware": false, "Join Type": "Inner", "Startup Cost": 0.87, "Total Cost": 134.67, "Plan Rows": 1, "Plan Width": 8, "Actual Startup Time": 0.387, "Actual Total Time": 0.389, "Actual Rows": 0, "Actual Loops": 1, "Output": ["p.owneruserid", "u.id"], "Inner Unique": false, "Plans": [{"Node Type": "Nested Loop", "Parent Relationship": "Outer", "Parallel Aware": false, "Join Type": "Inner", "Startup Cost": 0.57, "Total Cost": 133.87, "Plan Rows": 1, "Plan Width": 16, "Actual Startup Time": 0.387, "Actual Total Time": 0.389, "Actual Rows": 0, "Actual Loops": 1, "Output": ["pl.relatedpostid", "p.id", "p.owneruserid", "u.id"], "Inner Unique": true, "Plans": [{"Node Type": "Nested Loop", "Parent Relationship": "Outer", "Parallel Aware": false, "Join Type": "Inner", "Startup Cost": 0.29, "Total Cost": 94.81, "Plan Rows": 100, "Plan Width": 12, "Actual Startup Time": 0.387, "Actual Total Time": 0.388, "Actual Rows": 0, "Actual Loops": 1, "Output": ["pl.relatedpostid", "p.id", "p.owneruserid"], "Inner Unique": true, "Plans": [{"Node Type": "Seq Scan", "Parent Relationship": "Outer", "Parallel Aware": false, "Relation Name": "postlinks", "Schema": "public", "Alias": "pl", "Startup Cost": 0.0, "Total Cost": 86.5, "Plan Rows": 1, "Plan Width": 4, "Actual Startup Time": 0.387, "Actual Total Time": 0.388, "Actual Rows": 0, "Actual Loops": 1, "Output": ["pl.id", "pl.creationdate", "pl.postid", "pl.relatedpostid", "pl.linktypeid"], "Filter": "((pl.creationdate >= '2011-04-09 14:27:41'::timestamp without time zone) AND (pl.linktypeid = 3))", "Rows Removed by Filter": 3833}, {"Node Type": "Index Scan", "Parent Relationship": "Inner", "Parallel Aware": false, "Scan Direction": "Forward", "Index Name": "posts_pkey", "Relation Name": "posts", "Schema": "public", "Alias": "p", "Startup Cost": 0.29, "Total Cost": 8.31, "Plan Rows": 1, "Plan Width": 8, "Actual Startup Time": 0.0, "Actual Total Time": 0.0, "Actual Rows": 0, "Actual Loops": 0, "Output": ["p.id", "p.posttypeid", "p.creationdate", "p.score", "p.viewcount", "p.owneruserid", "p.answercount", "p.commentcount", "p.favoritecount", "p.lasteditoruserid"], "Index Cond": "(p.id = pl.relatedpostid)", "Rows Removed by Index Recheck": 0, "Filter": "((p.commentcount >= 0) AND (p.commentcount <= 15) AND (p.favoritecount >= 0))", "Rows Removed by Filter": 0}]}, {"Node Type": "Index Scan", "Parent Relationship": "Inner", "Parallel Aware": false, "Scan Direction": "Forward", "Index Name": "users_pkey", "Relation Name": "users", "Schema": "public", "Alias": "u", "Startup Cost": 0.29, "Total Cost": 0.39, "Plan Rows": 1, "Plan Width": 4, "Actual Startup Time": 0.0, "Actual Total Time": 0.0, "Actual Rows": 0, "Actual Loops": 0, "Output": ["u.id", "u.reputation", "u.creationdate", "u.views", "u.upvotes", "u.downvotes"], "Index Cond": "(u.id = p.owneruserid)", "Rows Removed by Index Recheck": 0, "Filter": "((u.creationdate <= '2014-07-17 10:29:29'::timestamp without time zone) AND (u.downvotes = 0))", "Rows Removed by Filter": 0}]}, {"Node Type": "Index Scan", "Parent Relationship": "Inner", "Parallel Aware": false, "Scan Direction": "Forward", "Index Name": "idx_comments_postid", "Relation Name": "comments", "Schema": "public", "Alias": "c", "Startup Cost": 0.29, "Total Cost": 0.76, "Plan Rows": 4, "Plan Width": 4, "Actual Startup Time": 0.0, "Actual Total Time": 0.0, "Actual Rows": 0, "Actual Loops": 0, "Output": ["c.id", "c.postid", "c.score", "c.creationdate", "c.userid"], "Index Cond": "(c.postid = p.id)", "Rows Removed by Index Recheck": 0, "Filter": "(c.creationdate <= '2014-09-13 13:21:33'::timestamp without time zone)", "Rows Removed by Filter": 0}]}, {"Node Type": "Index Scan", "Parent Relationship": "Inner", "Parallel Aware": false, "Scan Direction": "Forward", "Index Name": "idx_badges_userid", "Relation Name": "badges", "Schema": "public", "Alias": "b", "Startup Cost": 0.29, "Total Cost": 0.41, "Plan Rows": 3, "Plan Width": 4, "Actual Startup Time": 0.0, "Actual Total Time": 0.0, "Actual Rows": 0, "Actual Loops": 0, "Output": ["b.id", "b.userid", "b.date"], "Index Cond": "(b.userid = u.id)", "Rows Removed by Index Recheck": 0, "Filter": "(b.date >= '2010-08-19 02:44:21'::timestamp without time zone)", "Rows Removed by Filter": 0}]}]}, "Planning Time": 5.146, "Triggers": [], "Execution Time": 0.458}]
[{"Plan": {"Node Type": "Aggregate", "Strategy": "Plain", "Partial Mode": "Simple", "Parallel Aware": false, "Startup Cost": 5479.81, "Total Cost": 5479.82, "Plan Rows": 1, "Plan Width": 8, "Actual Startup Time": 101.318, "Actual Total Time": 101.324, "Actual Rows": 1, "Actual Loops": 1, "Output": ["count(*)"], "Plans": [{"Node Type": "Nested Loop", "Parent Relationship": "Outer", "Parallel Aware": false, "Join Type": "Inner", "Startup Cost": 1390.46, "Total Cost": 5477.74, "Plan Rows": 826, "Plan Width": 0, "Actual Startup Time": 11.019, "Actual Total Time": 96.026, "Actual Rows": 133576, "Actual Loops": 1, "Inner Unique": false, "Join Filter": "(p.id = ph.postid)", "Rows Removed by Join Filter": 0, "Plans": [{"Node Type": "Nested Loop", "Parent Relationship": "Outer", "Parallel Aware": false, "Join Type": "Inner", "Startup Cost": 1390.16, "Total Cost": 4169.23, "Plan Rows": 2718, "Plan Width": 16, "Actual Startup Time": 10.993, "Actual Total Time": 39.216, "Actual Rows": 22754, "Actual Loops": 1, "Output": ["c.postid", "p.id", "pl.postid", "v.postid"], "Inner Unique": false, "Plans": [{"Node Type": "Nested Loop", "Parent Relationship": "Outer", "Parallel Aware": false, "Join Type": "Inner", "Startup Cost": 1389.87, "Total Cost": 3582.95, "Plan Rows": 1410, "Plan Width": 12, "Actual Startup Time": 10.983, "Actual Total Time": 29.37, "Actual Rows": 6675, "Actual Loops": 1, "Output": ["p.id", "pl.postid", "v.postid"], "Inner Unique": false, "Plans": [{"Node Type": "Hash Join", "Parent Relationship": "Outer", "Parallel Aware": false, "Join Type": "Inner", "Startup Cost": 1389.58, "Total Cost": 1466.97, "Plan Rows": 3833, "Plan Width": 8, "Actual Startup Time": 10.957, "Actual Total Time": 12.46, "Actual Rows": 3833, "Actual Loops": 1, "Output": ["p.id", "pl.postid"], "Inner Unique": true, "Hash Cond": "(pl.postid = p.id)", "Plans": [{"Node Type": "Seq Scan", "Parent Relationship": "Outer", "Parallel Aware": false, "Relation Name": "postlinks", "Schema": "public", "Alias": "pl", "Startup Cost": 0.0, "Total Cost": 67.33, "Plan Rows": 3833, "Plan Width": 4, "Actual Startup Time": 0.007, "Actual Total Time": 0.25, "Actual Rows": 3833, "Actual Loops": 1, "Output": ["pl.id", "pl.creationdate", "pl.postid", "pl.relatedpostid", "pl.linktypeid"]}, {"Node Type": "Hash", "Parent Relationship": "Inner", "Parallel Aware": false, "Startup Cost": 874.79, "Total Cost": 874.79, "Plan Rows": 41183, "Plan Width": 4, "Actual Startup Time": 10.751, "Actual Total Time": 10.752, "Actual Rows": 41183, "Actual Loops": 1, "Output": ["p.id"], "Hash Buckets": 65536, "Original Hash Buckets": 65536, "Hash Batches": 1, "Original Hash Batches": 1, "Peak Memory Usage": 1960, "Plans": [{"Node Type": "Seq Scan", "Parent Relationship": "Outer", "Parallel Aware": false, "Relation Name": "posts", "Schema": "public", "Alias": "p", "Startup Cost": 0.0, "Total Cost": 874.79, "Plan Rows": 41183, "Plan Width": 4, "Actual Startup Time": 0.01, "Actual Total Time": 6.684, "Actual Rows": 41183, "Actual Loops": 1, "Output": ["p.id"], "Filter": "(p.commentcount >= 0)", "Rows Removed by Filter": 0}]}]}, {"Node Type": "Index Scan", "Parent Relationship": "Inner", "Parallel Aware": false, "Scan Direction": "Forward", "Index Name": "idx_votes_postid", "Relation Name": "votes", "Schema": "public", "Alias": "v", "Startup Cost": 0.29, "Total Cost": 0.54, "Plan Rows": 1, "Plan Width": 4, "Actual Startup Time": 0.002, "Actual Total Time": 0.004, "Actual Rows": 2, "Actual Loops": 3833, "Output": ["v.id", "v.postid", "v.votetypeid", "v.creationdate", "v.userid", "v.bountyamount"], "Index Cond": "(v.postid = p.id)", "Rows Removed by Index Recheck": 0, "Filter": "(v.votetypeid = 5)", "Rows Removed by Filter": 5}]}, {"Node Type": "Index Only Scan", "Parent Relationship": "Inner", "Parallel Aware": false, "Scan Direction": "Forward", "Index Name": "idx_comments_postid", "Relation Name": "comments", "Schema": "public", "Alias": "c", "Startup Cost": 0.29, "Total Cost": 0.38, "Plan Rows": 4, "Plan Width": 4, "Actual Startup Time": 0.001, "Actual Total Time": 0.001, "Actual Rows": 3, "Actual Loops": 6675, "Output": ["c.postid"], "Index Cond": "(c.postid = p.id)", "Rows Removed by Index Recheck": 0, "Heap Fetches": 0}]}, {"Node Type": "Index Scan", "Parent Relationship": "Inner", "Parallel Aware": false, "Scan Direction": "Forward", "Index Name": "idx_posthistory_postid", "Relation Name": "posthistory", "Schema": "public", "Alias": "ph", "Startup Cost": 0.29, "Total Cost": 0.43, "Plan Rows": 4, "Plan Width": 4, "Actual Startup Time": 0.001, "Actual Total Time": 0.002, "Actual Rows": 6, "Actual Loops": 22754, "Output": ["ph.id", "ph.posthistorytypeid", "ph.postid", "ph.creationdate", "ph.userid"], "Index Cond": "(ph.postid = c.postid)", "Rows Removed by Index Recheck": 0, "Filter": "(ph.creationdate >= '2010-08-27 09:36:24'::timestamp without time zone)", "Rows Removed by Filter": 1}]}]}, "Planning Time": 2.596, "Triggers": [], "Execution Time": 101.454}]#####[{"Plan": {"Node Type": "Aggregate", "Strategy": "Plain", "Partial Mode": "Simple", "Parallel Aware": false, "Startup Cost": 9364.99, "Total Cost": 9365.0, "Plan Rows": 1, "Plan Width": 8, "Actual Startup Time": 93.004, "Actual Total Time": 93.012, "Actual Rows": 1, "Actual Loops": 1, "Output": ["count(*)"], "Plans": [{"Node Type": "Hash Join", "Parent Relationship": "Outer", "Parallel Aware": false, "Join Type": "Inner", "Startup Cost": 4081.98, "Total Cost": 9344.33, "Plan Rows": 8265, "Plan Width": 0, "Actual Startup Time": 40.141, "Actual Total Time": 88.203, "Actual Rows": 133576, "Actual Loops": 1, "Inner Unique": false, "Hash Cond": "(pl.postid = p.id)", "Plans": [{"Node Type": "Nested Loop", "Parent Relationship": "Outer", "Parallel Aware": false, "Join Type": "Inner", "Startup Cost": 115.54, "Total Cost": 5147.82, "Plan Rows": 9480, "Plan Width": 12, "Actual Startup Time": 0.903, "Actual Total Time": 37.837, "Actual Rows": 37018, "Actual Loops": 1, "Output": ["pl.postid", "ph.postid", "v.postid"], "Inner Unique": false, "Join Filter": "(pl.postid = ph.postid)", "Rows Removed by Join Filter": 0, "Plans": [{"Node Type": "Hash Join", "Parent Relationship": "Outer", "Parallel Aware": false, "Join Type": "Inner", "Startup Cost": 115.24, "Total Cost": 3445.85, "Plan Rows": 2328, "Plan Width": 8, "Actual Startup Time": 0.879, "Actual Total Time": 16.133, "Actual Rows": 6675, "Actual Loops": 1, "Output": ["pl.postid", "v.postid"], "Inner Unique": false, "Hash Cond": "(v.postid = pl.postid)", "Plans": [{"Node Type": "Seq Scan", "Parent Relationship": "Outer", "Parallel Aware": false, "Relation Name": "votes", "Schema": "public", "Alias": "v", "Startup Cost": 0.0, "Total Cost": 3117.91, "Plan Rows": 15153, "Plan Width": 4, "Actual Startup Time": 0.015, "Actual Total Time": 13.146, "Actual Rows": 15200, "Actual Loops": 1, "Output": ["v.id", "v.postid", "v.votetypeid", "v.creationdate", "v.userid", "v.bountyamount"], "Filter": "(v.votetypeid = 5)", "Rows Removed by Filter": 149033}, {"Node Type": "Hash", "Parent Relationship": "Inner", "Parallel Aware": false, "Startup Cost": 67.33, "Total Cost": 67.33, "Plan Rows": 3833, "Plan Width": 4, "Actual Startup Time": 0.831, "Actual Total Time": 0.832, "Actual Rows": 3833, "Actual Loops": 1, "Output": ["pl.postid"], "Hash Buckets": 4096, "Original Hash Buckets": 4096, "Hash Batches": 1, "Original Hash Batches": 1, "Peak Memory Usage": 167, "Plans": [{"Node Type": "Seq Scan", "Parent Relationship": "Outer", "Parallel Aware": false, "Relation Name": "postlinks", "Schema": "public", "Alias": "pl", "Startup Cost": 0.0, "Total Cost": 67.33, "Plan Rows": 3833, "Plan Width": 4, "Actual Startup Time": 0.007, "Actual Total Time": 0.481, "Actual Rows": 3833, "Actual Loops": 1, "Output": ["pl.postid"]}]}]}, {"Node Type": "Index Scan", "Parent Relationship": "Inner", "Parallel Aware": false, "Scan Direction": "Forward", "Index Name": "idx_posthistory_postid", "Relation Name": "posthistory", "Schema": "public", "Alias": "ph", "Startup Cost": 0.29, "Total Cost": 0.68, "Plan Rows": 4, "Plan Width": 4, "Actual Startup Time": 0.002, "Actual Total Time": 0.003, "Actual Rows": 6, "Actual Loops": 6675, "Output": ["ph.id", "ph.posthistorytypeid", "ph.postid", "ph.creationdate", "ph.userid"], "Index Cond": "(ph.postid = v.postid)", "Rows Removed by Index Recheck": 0, "Filter": "(ph.creationdate >= '2010-08-27 09:36:24'::timestamp without time zone)", "Rows Removed by Filter": 1}]}, {"Node Type": "Hash", "Parent Relationship": "Inner", "Parallel Aware": false, "Startup Cost": 2974.48, "Total Cost": 2974.48, "Plan Rows": 79357, "Plan Width": 8, "Actual Startup Time": 38.882, "Actual Total Time": 38.883, "Actual Rows": 79357, "Actual Loops": 1, "Output": ["c.postid", "p.id"], "Hash Buckets": 131072, "Original Hash Buckets": 131072, "Hash Batches": 1, "Original Hash Batches": 1, "Peak Memory Usage": 4124, "Plans": [{"Node Type": "Hash Join", "Parent Relationship": "Outer", "Parallel Aware": false, "Join Type": "Inner", "Startup Cost": 1389.58, "Total Cost": 2974.48, "Plan Rows": 79357, "Plan Width": 8, "Actual Startup Time": 11.027, "Actual Total Time": 29.742, "Actual Rows": 79357, "Actual Loops": 1, "Output": ["c.postid", "p.id"], "Inner Unique": true, "Hash Cond": "(c.postid = p.id)", "Plans": [{"Node Type": "Seq Scan", "Parent Relationship": "Outer", "Parallel Aware": false, "Relation Name": "comments", "Schema": "public", "Alias": "c", "Startup Cost": 0.0, "Total Cost": 1376.57, "Plan Rows": 79357, "Plan Width": 4, "Actual Startup Time": 0.004, "Actual Total Time": 4.556, "Actual Rows": 79357, "Actual Loops": 1, "Output": ["c.id", "c.postid", "c.score", "c.creationdate", "c.userid"]}, {"Node Type": "Hash", "Parent Relationship": "Inner", "Parallel Aware": false, "Startup Cost": 874.79, "Total Cost": 874.79, "Plan Rows": 41183, "Plan Width": 4, "Actual Startup Time": 10.841, "Actual Total Time": 10.842, "Actual Rows": 41183, "Actual Loops": 1, "Output": ["p.id"], "Hash Buckets": 65536, "Original Hash Buckets": 65536, "Hash Batches": 1, "Original Hash Batches": 1, "Peak Memory Usage": 1960, "Plans": [{"Node Type": "Seq Scan", "Parent Relationship": "Outer", "Parallel Aware": false, "Relation Name": "posts", "Schema": "public", "Alias": "p", "Startup Cost": 0.0, "Total Cost": 874.79, "Plan Rows": 41183, "Plan Width": 4, "Actual Startup Time": 0.008, "Actual Total Time": 6.601, "Actual Rows": 41183, "Actual Loops": 1, "Output": ["p.id"], "Filter": "(p.commentcount >= 0)", "Rows Removed by Filter": 0}]}]}]}]}]}, "Planning Time": 3.865, "Triggers": [], "Execution Time": 93.254}]#####[{"Plan": {"Node Type": "Aggregate", "Strategy": "Plain", "Partial Mode": "Simple", "Parallel Aware": false, "Startup Cost": 7627.58, "Total Cost": 7627.59, "Plan Rows": 1, "Plan Width": 8, "Actual Startup Time": 80.963, "Actual Total Time": 80.966, "Actual Rows": 1, "Actual Loops": 1, "Output": ["count(*)"], "Plans": [{"Node Type": "Merge Join", "Parent Relationship": "Outer", "Parallel Aware": false, "Join Type": "Inner", "Startup Cost": 1.68, "Total Cost": 7606.92, "Plan Rows": 8265, "Plan Width": 0, "Actual Startup Time": 0.123, "Actual Total Time": 75.803, "Actual Rows": 133576, "Actual Loops": 1, "Inner Unique": false, "Merge Cond": "(p.id = c.postid)", "Plans": [{"Node Type": "Nested Loop", "Parent Relationship": "Outer", "Parallel Aware": false, "Join Type": "Inner", "Startup Cost": 1.28, "Total Cost": 4657.26, "Plan Rows": 42890, "Plan Width": 16, "Actual Startup Time": 0.11, "Actual Total Time": 49.598, "Actual Rows": 37018, "Actual Loops": 1, "Output": ["p.id", "pl.postid", "ph.postid", "v.postid"], "Inner Unique": false, "Plans": [{"Node Type": "Nested Loop", "Parent Relationship": "Outer", "Parallel Aware": false, "Join Type": "Inner", "Startup Cost": 0.98, "Total Cost": 3915.54, "Plan Rows": 1410, "Plan Width": 12, "Actual Startup Time": 0.07, "Actual Total Time": 29.022, "Actual Rows": 6675, "Actual Loops": 1, "Output": ["p.id", "pl.postid", "v.postid"], "Inner Unique": false, "Plans": [{"Node Type": "Merge Join", "Parent Relationship": "Outer", "Parallel Aware": false, "Join Type": "Inner", "Startup Cost": 0.69, "Total Cost": 1799.56, "Plan Rows": 3833, "Plan Width": 8, "Actual Startup Time": 0.034, "Actual Total Time": 11.248, "Actual Rows": 3833, "Actual Loops": 1, "Output": ["p.id", "pl.postid"], "Inner Unique": false, "Merge Cond": "(p.id = pl.postid)", "Plans": [{"Node Type": "Index Scan", "Parent Relationship": "Outer", "Parallel Aware": false, "Scan Direction": "Forward", "Index Name": "posts_pkey", "Relation Name": "posts", "Schema": "public", "Alias": "p", "Startup Cost": 0.29, "Total Cost": 1543.99, "Plan Rows": 41183, "Plan Width": 4, "Actual Startup Time": 0.016, "Actual Total Time": 8.753, "Actual Rows": 41151, "Actual Loops": 1, "Output": ["p.id", "p.posttypeid", "p.creationdate", "p.score", "p.viewcount", "p.owneruserid", "p.answercount", "p.commentcount", "p.favoritecount", "p.lasteditoruserid"], "Filter": "(p.commentcount >= 0)", "Rows Removed by Filter": 0}, {"Node Type": "Index Only Scan", "Parent Relationship": "Inner", "Parallel Aware": false, "Scan Direction": "Forward", "Index Name": "idx_postlinks_postid", "Relation Name": "postlinks", "Schema": "public", "Alias": "pl", "Startup Cost": 0.28, "Total Cost": 105.77, "Plan Rows": 3833, "Plan Width": 4, "Actual Startup Time": 0.016, "Actual Total Time": 0.438, "Actual Rows": 3833, "Actual Loops": 1, "Output": ["pl.postid"], "Heap Fetches": 0}]}, {"Node Type": "Index Scan", "Parent Relationship": "Inner", "Parallel Aware": false, "Scan Direction": "Forward", "Index Name": "idx_votes_postid", "Relation Name": "votes", "Schema": "public", "Alias": "v", "Startup Cost": 0.29, "Total Cost": 0.54, "Plan Rows": 1, "Plan Width": 4, "Actual Startup Time": 0.002, "Actual Total Time": 0.004, "Actual Rows": 2, "Actual Loops": 3833, "Output": ["v.id", "v.postid", "v.votetypeid", "v.creationdate", "v.userid", "v.bountyamount"], "Index Cond": "(v.postid = p.id)", "Rows Removed by Index Recheck": 0, "Filter": "(v.votetypeid = 5)", "Rows Removed by Filter": 5}]}, {"Node Type": "Index Scan", "Parent Relationship": "Inner", "Parallel Aware": false, "Scan Direction": "Forward", "Index Name": "idx_posthistory_postid", "Relation Name": "posthistory", "Schema": "public", "Alias": "ph", "Startup Cost": 0.29, "Total Cost": 0.49, "Plan Rows": 4, "Plan Width": 4, "Actual Startup Time": 0.001, "Actual Total Time": 0.003, "Actual Rows": 6, "Actual Loops": 6675, "Output": ["ph.id", "ph.posthistorytypeid", "ph.postid", "ph.creationdate", "ph.userid"], "Index Cond": "(ph.postid = p.id)", "Rows Removed by Index Recheck": 0, "Filter": "(ph.creationdate >= '2010-08-27 09:36:24'::timestamp without time zone)", "Rows Removed by Filter": 1}]}, {"Node Type": "Index Only Scan", "Parent Relationship": "Inner", "Parallel Aware": false, "Scan Direction": "Forward", "Index Name": "idx_comments_postid", "Relation Name": "comments", "Schema": "public", "Alias": "c", "Startup Cost": 0.29, "Total Cost": 1738.65, "Plan Rows": 79357, "Plan Width": 4, "Actual Startup Time": 0.011, "Actual Total Time": 12.362, "Actual Rows": 209237, "Actual Loops": 1, "Output": ["c.postid"], "Heap Fetches": 0}]}]}, "Planning Time": 3.35, "Triggers": [], "Execution Time": 81.061}]
[{"Plan": {"Node Type": "Aggregate", "Strategy": "Plain", "Partial Mode": "Simple", "Parallel Aware": false, "Startup Cost": 1523.85, "Total Cost": 1523.86, "Plan Rows": 1, "Plan Width": 8, "Actual Startup Time": 10.798, "Actual Total Time": 10.801, "Actual Rows": 1, "Actual Loops": 1, "Output": ["count(*)"], "Plans": [{"Node Type": "Merge Join", "Parent Relationship": "Outer", "Parallel Aware": false, "Join Type": "Inner", "Startup Cost": 1.73, "Total Cost": 1516.26, "Plan Rows": 3035, "Plan Width": 0, "Actual Startup Time": 10.792, "Actual Total Time": 10.795, "Actual Rows": 0, "Actual Loops": 1, "Inner Unique": true, "Merge Cond": "(v.userid = u.id)", "Plans": [{"Node Type": "Merge Join", "Parent Relationship": "Outer", "Parallel Aware": false, "Join Type": "Inner", "Startup Cost": 1.44, "Total Cost": 5825.82, "Plan Rows": 327598, "Plan Width": 12, "Actual Startup Time": 10.792, "Actual Total Time": 10.794, "Actual Rows": 0, "Actual Loops": 1, "Output": ["v.userid", "p.owneruserid", "b.userid"], "Inner Unique": false, "Merge Cond": "(b.userid = v.userid)", "Plans": [{"Node Type": "Index Scan", "Parent Relationship": "Outer", "Parallel Aware": false, "Scan Direction": "Forward", "Index Name": "idx_badges_userid", "Relation Name": "badges", "Schema": "public", "Alias": "b", "Startup Cost": 0.29, "Total Cost": 1260.24, "Plan Rows": 32621, "Plan Width": 4, "Actual Startup Time": 0.031, "Actual Total Time": 0.032, "Actual Rows": 1, "Actual Loops": 1, "Output": ["b.id", "b.userid", "b.date"], "Filter": "(b.date <= '2014-09-12 01:49:16'::timestamp without time zone)", "Rows Removed by Filter": 0}, {"Node Type": "Materialize", "Parent Relationship": "Inner", "Parallel Aware": false, "Startup Cost": 0.58, "Total Cost": 5975.39, "Plan Rows": 208673, "Plan Width": 8, "Actual Startup Time": 10.761, "Actual Total Time": 10.761, "Actual Rows": 0, "Actual Loops": 1, "Output": ["v.userid", "p.owneruserid"], "Plans": [{"Node Type": "Merge Join", "Parent Relationship": "Outer", "Parallel Aware": false, "Join Type": "Inner", "Startup Cost": 0.58, "Total Cost": 5453.7, "Plan Rows": 208673, "Plan Width": 8, "Actual Startup Time": 10.756, "Actual Total Time": 10.757, "Actual Rows": 0, "Actual Loops": 1, "Output": ["v.userid", "p.owneruserid"], "Inner Unique": false, "Merge Cond": "(p.owneruserid = v.userid)", "Plans": [{"Node Type": "Index Scan", "Parent Relationship": "Outer", "Parallel Aware": false, "Scan Direction": "Forward", "Index Name": "idx_posts_owneruserid", "Relation Name": "posts", "Schema": "public", "Alias": "p", "Startup Cost": 0.29, "Total Cost": 2213.03, "Plan Rows": 15912, "Plan Width": 4, "Actual Startup Time": 0.462, "Actual Total Time": 0.462, "Actual Rows": 1, "Actual Loops": 1, "Output": ["p.id", "p.posttypeid", "p.creationdate", "p.score", "p.viewcount", "p.owneruserid", "p.answercount", "p.commentcount", "p.favoritecount", "p.lasteditoruserid"], "Filter": "((p.score <= 18) AND (p.creationdate >= '2010-07-21 13:01:39'::timestamp without time zone) AND (p.creationdate <= '2014-09-04 05:17:43'::timestamp without time zone) AND (p.posttypeid = 1))", "Rows Removed by Filter": 150}, {"Node Type": "Materialize", "Parent Relationship": "Inner", "Parallel Aware": false, "Startup Cost": 0.29, "Total Cost": 7475.15, "Plan Rows": 133532, "Plan Width": 4, "Actual Startup Time": 10.292, "Actual Total Time": 10.292, "Actual Rows": 1, "Actual Loops": 1, "Output": ["v.id", "v.postid", "v.votetypeid", "v.creationdate", "v.userid", "v.bountyamount"], "Plans": [{"Node Type": "Index Scan", "Parent Relationship": "Outer", "Parallel Aware": false, "Scan Direction": "Forward", "Index Name": "idx_votes_userid", "Relation Name": "votes", "Schema": "public", "Alias": "v", "Startup Cost": 0.29, "Total Cost": 7141.32, "Plan Rows": 133532, "Plan Width": 4, "Actual Startup Time": 10.289, "Actual Total Time": 10.289, "Actual Rows": 1, "Actual Loops": 1, "Output": ["v.id", "v.postid", "v.votetypeid", "v.creationdate", "v.userid", "v.bountyamount"], "Filter": "((v.creationdate >= '2010-07-20 00:00:00'::timestamp without time zone) AND (v.creationdate <= '2014-09-06 00:00:00'::timestamp without time zone) AND (v.votetypeid = 2))", "Rows Removed by Filter": 15905}]}]}]}]}, {"Node Type": "Index Scan", "Parent Relationship": "Inner", "Parallel Aware": false, "Scan Direction": "Forward", "Index Name": "users_pkey", "Relation Name": "users", "Schema": "public", "Alias": "u", "Startup Cost": 0.29, "Total Cost": 546.65, "Plan Rows": 14639, "Plan Width": 4, "Actual Startup Time": 0.0, "Actual Total Time": 0.0, "Actual Rows": 0, "Actual Loops": 0, "Output": ["u.id", "u.reputation", "u.creationdate", "u.views", "u.upvotes", "u.downvotes"], "Filter": "(u.creationdate >= '2010-07-26 19:17:42'::timestamp without time zone)", "Rows Removed by Filter": 0}]}]}, "Planning Time": 1.678, "Triggers": [], "Execution Time": 10.938}]#####[{"Plan": {"Node Type": "Aggregate", "Strategy": "Plain", "Partial Mode": "Simple", "Parallel Aware": false, "Startup Cost": 3433.15, "Total Cost": 3433.16, "Plan Rows": 1, "Plan Width": 8, "Actual Startup Time": 10.426, "Actual Total Time": 10.429, "Actual Rows": 1, "Actual Loops": 1, "Output": ["count(*)"], "Plans": [{"Node Type": "Merge Join", "Parent Relationship": "Outer", "Parallel Aware": false, "Join Type": "Inner", "Startup Cost": 1.24, "Total Cost": 3357.27, "Plan Rows": 30355, "Plan Width": 0, "Actual Startup Time": 10.421, "Actual Total Time": 10.424, "Actual Rows": 0, "Actual Loops": 1, "Inner Unique": false, "Merge Cond": "(u.id = v.userid)", "Plans": [{"Node Type": "Merge Join", "Parent Relationship": "Outer", "Parallel Aware": false, "Join Type": "Inner", "Startup Cost": 0.65, "Total Cost": 2240.28, "Plan Rows": 31974, "Plan Width": 8, "Actual Startup Time": 1.734, "Actual Total Time": 1.736, "Actual Rows": 1, "Actual Loops": 1, "Output": ["b.userid", "u.id"], "Inner Unique": true, "Merge Cond": "(b.userid = u.id)", "Plans": [{"Node Type": "Index Scan", "Parent Relationship": "Outer", "Parallel Aware": false, "Scan Direction": "Forward", "Index Name": "idx_badges_userid", "Relation Name": "badges", "Schema": "public", "Alias": "b", "Startup Cost": 0.29, "Total Cost": 1260.24, "Plan Rows": 32621, "Plan Width": 4, "Actual Startup Time": 0.019, "Actual Total Time": 1.593, "Actual Rows": 2584, "Actual Loops": 1, "Output": ["b.id", "b.userid", "b.date"], "Filter": "(b.date <= '2014-09-12 01:49:16'::timestamp without time zone)", "Rows Removed by Filter": 0}, {"Node Type": "Index Scan", "Parent Relationship": "Inner", "Parallel Aware": false, "Scan Direction": "Forward", "Index Name": "users_pkey", "Relation Name": "users", "Schema": "public", "Alias": "u", "Startup Cost": 0.29, "Total Cost": 546.65, "Plan Rows": 14639, "Plan Width": 4, "Actual Startup Time": 0.042, "Actual Total Time": 0.042, "Actual Rows": 1, "Actual Loops": 1, "Output": ["u.id", "u.reputation", "u.creationdate", "u.views", "u.upvotes", "u.downvotes"], "Filter": "(u.creationdate >= '2010-07-26 19:17:42'::timestamp without time zone)", "Rows Removed by Filter": 237}]}, {"Node Type": "Materialize", "Parent Relationship": "Inner", "Parallel Aware": false, "Startup Cost": 0.58, "Total Cost": 5975.39, "Plan Rows": 208673, "Plan Width": 8, "Actual Startup Time": 8.686, "Actual Total Time": 8.687, "Actual Rows": 0, "Actual Loops": 1, "Output": ["v.userid", "p.owneruserid"], "Plans": [{"Node Type": "Merge Join", "Parent Relationship": "Outer", "Parallel Aware": false, "Join Type": "Inner", "Startup Cost": 0.58, "Total Cost": 5453.7, "Plan Rows": 208673, "Plan Width": 8, "Actual Startup Time": 8.684, "Actual Total Time": 8.684, "Actual Rows": 0, "Actual Loops": 1, "Output": ["v.userid", "p.owneruserid"], "Inner Unique": false, "Merge Cond": "(p.owneruserid = v.userid)", "Plans": [{"Node Type": "Index Scan", "Parent Relationship": "Outer", "Parallel Aware": false, "Scan Direction": "Forward", "Index Name": "idx_posts_owneruserid", "Relation Name": "posts", "Schema": "public", "Alias": "p", "Startup Cost": 0.29, "Total Cost": 2213.03, "Plan Rows": 15912, "Plan Width": 4, "Actual Startup Time": 0.248, "Actual Total Time": 0.248, "Actual Rows": 1, "Actual Loops": 1, "Output": ["p.id", "p.posttypeid", "p.creationdate", "p.score", "p.viewcount", "p.owneruserid", "p.answercount", "p.commentcount", "p.favoritecount", "p.lasteditoruserid"], "Filter": "((p.score <= 18) AND (p.creationdate >= '2010-07-21 13:01:39'::timestamp without time zone) AND (p.creationdate <= '2014-09-04 05:17:43'::timestamp without time zone) AND (p.posttypeid = 1))", "Rows Removed by Filter": 150}, {"Node Type": "Materialize", "Parent Relationship": "Inner", "Parallel Aware": false, "Startup Cost": 0.29, "Total Cost": 7475.15, "Plan Rows": 133532, "Plan Width": 4, "Actual Startup Time": 8.434, "Actual Total Time": 8.434, "Actual Rows": 1, "Actual Loops": 1, "Output": ["v.id", "v.postid", "v.votetypeid", "v.creationdate", "v.userid", "v.bountyamount"], "Plans": [{"Node Type": "Index Scan", "Parent Relationship": "Outer", "Parallel Aware": false, "Scan Direction": "Forward", "Index Name": "idx_votes_userid", "Relation Name": "votes", "Schema": "public", "Alias": "v", "Startup Cost": 0.29, "Total Cost": 7141.32, "Plan Rows": 133532, "Plan Width": 4, "Actual Startup Time": 8.43, "Actual Total Time": 8.431, "Actual Rows": 1, "Actual Loops": 1, "Output": ["v.id", "v.postid", "v.votetypeid", "v.creationdate", "v.userid", "v.bountyamount"], "Filter": "((v.creationdate >= '2010-07-20 00:00:00'::timestamp without time zone) AND (v.creationdate <= '2014-09-06 00:00:00'::timestamp without time zone) AND (v.votetypeid = 2))", "Rows Removed by Filter": 15905}]}]}]}]}]}, "Planning Time": 4.372, "Triggers": [], "Execution Time": 10.507}]#####[{"Plan": {"Node Type": "Aggregate", "Strategy": "Plain", "Partial Mode": "Simple", "Parallel Aware": false, "Startup Cost": 1248.65, "Total Cost": 1248.66, "Plan Rows": 1, "Plan Width": 8, "Actual Startup Time": 8.66, "Actual Total Time": 8.663, "Actual Rows": 1, "Actual Loops": 1, "Output": ["count(*)"], "Plans": [{"Node Type": "Merge Join", "Parent Relationship": "Outer", "Parallel Aware": false, "Join Type": "Inner", "Startup Cost": 1.42, "Total Cost": 1172.76, "Plan Rows": 30355, "Plan Width": 0, "Actual Startup Time": 8.656, "Actual Total Time": 8.657, "Actual Rows": 0, "Actual Loops": 1, "Inner Unique": true, "Merge Cond": "(v.userid = u.id)", "Plans": [{"Node Type": "Merge Join", "Parent Relationship": "Outer", "Parallel Aware": false, "Join Type": "Inner", "Startup Cost": 1.14, "Total Cost": 2195.12, "Plan Rows": 327598, "Plan Width": 12, "Actual Startup Time": 8.655, "Actual Total Time": 8.657, "Actual Rows": 0, "Actual Loops": 1, "Output": ["v.userid", "p.owneruserid", "b.userid"], "Inner Unique": false, "Merge Cond": "(v.userid = b.userid)", "Plans": [{"Node Type": "Merge Join", "Parent Relationship": "Outer", "Parallel Aware": false, "Join Type": "Inner", "Startup Cost": 0.58, "Total Cost": 5453.7, "Plan Rows": 20867, "Plan Width": 8, "Actual Startup Time": 8.655, "Actual Total Time": 8.657, "Actual Rows": 0, "Actual Loops": 1, "Output": ["v.userid", "p.owneruserid"], "Inner Unique": false, "Merge Cond": "(p.owneruserid = v.userid)", "Plans": [{"Node Type": "Index Scan", "Parent Relationship": "Outer", "Parallel Aware": false, "Scan Direction": "Forward", "Index Name": "idx_posts_owneruserid", "Relation Name": "posts", "Schema": "public", "Alias": "p", "Startup Cost": 0.29, "Total Cost": 2213.03, "Plan Rows": 15912, "Plan Width": 4, "Actual Startup Time": 0.278, "Actual Total Time": 0.279, "Actual Rows": 1, "Actual Loops": 1, "Output": ["p.id", "p.posttypeid", "p.creationdate", "p.score", "p.viewcount", "p.owneruserid", "p.answercount", "p.commentcount", "p.favoritecount", "p.lasteditoruserid"], "Filter": "((p.score <= 18) AND (p.creationdate >= '2010-07-21 13:01:39'::timestamp without time zone) AND (p.creationdate <= '2014-09-04 05:17:43'::timestamp without time zone) AND (p.posttypeid = 1))", "Rows Removed by Filter": 150}, {"Node Type": "Materialize", "Parent Relationship": "Inner", "Parallel Aware": false, "Startup Cost": 0.29, "Total Cost": 7475.15, "Plan Rows": 133532, "Plan Width": 4, "Actual Startup Time": 8.376, "Actual Total Time": 8.376, "Actual Rows": 1, "Actual Loops": 1, "Output": ["v.id", "v.postid", "v.votetypeid", "v.creationdate", "v.userid", "v.bountyamount"], "Plans": [{"Node Type": "Index Scan", "Parent Relationship": "Outer", "Parallel Aware": false, "Scan Direction": "Forward", "Index Name": "idx_votes_userid", "Relation Name": "votes", "Schema": "public", "Alias": "v", "Startup Cost": 0.29, "Total Cost": 7141.32, "Plan Rows": 133532, "Plan Width": 4, "Actual Startup Time": 8.372, "Actual Total Time": 8.372, "Actual Rows": 1, "Actual Loops": 1, "Output": ["v.id", "v.postid", "v.votetypeid", "v.creationdate", "v.userid", "v.bountyamount"], "Filter": "((v.creationdate >= '2010-07-20 00:00:00'::timestamp without time zone) AND (v.creationdate <= '2014-09-06 00:00:00'::timestamp without time zone) AND (v.votetypeid = 2))", "Rows Removed by Filter": 15905}]}]}, {"Node Type": "Index Scan", "Parent Relationship": "Inner", "Parallel Aware": false, "Scan Direction": "Forward", "Index Name": "idx_badges_userid", "Relation Name": "badges", "Schema": "public", "Alias": "b", "Startup Cost": 0.29, "Total Cost": 1260.24, "Plan Rows": 32621, "Plan Width": 4, "Actual Startup Time": 0.0, "Actual Total Time": 0.0, "Actual Rows": 0, "Actual Loops": 0, "Output": ["b.id", "b.userid", "b.date"], "Filter": "(b.date <= '2014-09-12 01:49:16'::timestamp without time zone)", "Rows Removed by Filter": 0}]}, {"Node Type": "Index Scan", "Parent Relationship": "Inner", "Parallel Aware": false, "Scan Direction": "Forward", "Index Name": "users_pkey", "Relation Name": "users", "Schema": "public", "Alias": "u", "Startup Cost": 0.29, "Total Cost": 546.65, "Plan Rows": 14639, "Plan Width": 4, "Actual Startup Time": 0.0, "Actual Total Time": 0.0, "Actual Rows": 0, "Actual Loops": 0, "Output": ["u.id", "u.reputation", "u.creationdate", "u.views", "u.upvotes", "u.downvotes"], "Filter": "(u.creationdate >= '2010-07-26 19:17:42'::timestamp without time zone)", "Rows Removed by Filter": 0}]}]}, "Planning Time": 2.92, "Triggers": [], "Execution Time": 8.745}]
[{"Plan": {"Node Type": "Aggregate", "Strategy": "Plain", "Partial Mode": "Simple", "Parallel Aware": false, "Startup Cost": 10416.54, "Total Cost": 10416.55, "Plan Rows": 1, "Plan Width": 8, "Actual Startup Time": 14.306, "Actual Total Time": 14.309, "Actual Rows": 1, "Actual Loops": 1, "Output": ["count(*)"], "Plans": [{"Node Type": "Merge Join", "Parent Relationship": "Outer", "Parallel Aware": false, "Join Type": "Inner", "Startup Cost": 1084.5, "Total Cost": 2659.41, "Plan Rows": 3102852, "Plan Width": 0, "Actual Startup Time": 14.302, "Actual Total Time": 14.304, "Actual Rows": 0, "Actual Loops": 1, "Inner Unique": false, "Merge Cond": "(u.id = v.userid)", "Plans": [{"Node Type": "Nested Loop", "Parent Relationship": "Outer", "Parallel Aware": false, "Join Type": "Inner", "Startup Cost": 1083.35, "Total Cost": 1796.24, "Plan Rows": 24545, "Plan Width": 12, "Actual Startup Time": 5.413, "Actual Total Time": 5.415, "Actual Rows": 1, "Actual Loops": 1, "Output": ["c.userid", "p.owneruserid", "u.id"], "Inner Unique": false, "Plans": [{"Node Type": "Merge Join", "Parent Relationship": "Outer", "Parallel Aware": false, "Join Type": "Inner", "Startup Cost": 1083.06, "Total Cost": 1741.78, "Plan Rows": 65, "Plan Width": 8, "Actual Startup Time": 5.401, "Actual Total Time": 5.403, "Actual Rows": 1, "Actual Loops": 1, "Output": ["p.owneruserid", "u.id"], "Inner Unique": false, "Merge Cond": "(u.id = p.owneruserid)", "Plans": [{"Node Type": "Index Scan", "Parent Relationship": "Outer", "Parallel Aware": false, "Scan Direction": "Forward", "Index Name": "users_pkey", "Relation Name": "users", "Schema": "public", "Alias": "u", "Startup Cost": 0.29, "Total Cost": 621.32, "Plan Rows": 14681, "Plan Width": 4, "Actual Startup Time": 0.017, "Actual Total Time": 0.02, "Actual Rows": 5, "Actual Loops": 1, "Output": ["u.id", "u.reputation", "u.creationdate", "u.views", "u.upvotes", "u.downvotes"], "Filter": "((u.views >= 0) AND (u.downvotes >= 0) AND (u.downvotes <= 2))", "Rows Removed by Filter": 2}, {"Node Type": "Sort", "Parent Relationship": "Inner", "Parallel Aware": false, "Startup Cost": 1082.77, "Total Cost": 1082.94, "Plan Rows": 68, "Plan Width": 4, "Actual Startup Time": 5.379, "Actual Total Time": 5.38, "Actual Rows": 3, "Actual Loops": 1, "Output": ["p.owneruserid"], "Sort Key": ["p.owneruserid"], "Sort Method": "quicksort", "Sort Space Used": 28, "Sort Space Type": "Memory", "Plans": [{"Node Type": "Seq Scan", "Parent Relationship": "Outer", "Parallel Aware": false, "Relation Name": "posts", "Schema": "public", "Alias": "p", "Startup Cost": 0.0, "Total Cost": 1080.7, "Plan Rows": 68, "Plan Width": 4, "Actual Startup Time": 0.029, "Actual Total Time": 5.354, "Actual Rows": 64, "Actual Loops": 1, "Output": ["p.owneruserid"], "Filter": "((p.commentcount <= 13) AND (p.creationdate <= '2014-09-11 08:44:59'::timestamp without time zone) AND (p.score = 21))", "Rows Removed by Filter": 41119}]}]}, {"Node Type": "Index Only Scan", "Parent Relationship": "Inner", "Parallel Aware": false, "Scan Direction": "Forward", "Index Name": "idx_comments_userid", "Relation Name": "comments", "Schema": "public", "Alias": "c", "Startup Cost": 0.29, "Total Cost": 0.65, "Plan Rows": 19, "Plan Width": 4, "Actual Startup Time": 0.01, "Actual Total Time": 0.01, "Actual Rows": 1, "Actual Loops": 1, "Output": ["c.userid"], "Index Cond": "(c.userid = u.id)", "Rows Removed by Index Recheck": 0, "Heap Fetches": 0}]}, {"Node Type": "Materialize", "Parent Relationship": "Inner", "Parallel Aware": false, "Startup Cost": 1.15, "Total Cost": 4519.27, "Plan Rows": 208684, "Plan Width": 8, "Actual Startup Time": 8.888, "Actual Total Time": 8.888, "Actual Rows": 0, "Actual Loops": 1, "Output": ["v.userid", "b.userid"], "Plans": [{"Node Type": "Merge Join", "Parent Relationship": "Outer", "Parallel Aware": false, "Join Type": "Inner", "Startup Cost": 1.15, "Total Cost": 3997.56, "Plan Rows": 208684, "Plan Width": 8, "Actual Startup Time": 8.886, "Actual Total Time": 8.886, "Actual Rows": 0, "Actual Loops": 1, "Output": ["v.userid", "b.userid"], "Inner Unique": false, "Merge Cond": "(b.userid = v.userid)", "Plans": [{"Node Type": "Index Only Scan", "Parent Relationship": "Outer", "Parallel Aware": false, "Scan Direction": "Forward", "Index Name": "idx_badges_userid", "Relation Name": "badges", "Schema": "public", "Alias": "b", "Startup Cost": 0.29, "Total Cost": 713.65, "Plan Rows": 32624, "Plan Width": 4, "Actual Startup Time": 0.013, "Actual Total Time": 0.013, "Actual Rows": 1, "Actual Loops": 1, "Output": ["b.userid"], "Heap Fetches": 0}, {"Node Type": "Materialize", "Parent Relationship": "Inner", "Parallel Aware": false, "Startup Cost": 0.29, "Total Cost": 7473.61, "Plan Rows": 132915, "Plan Width": 4, "Actual Startup Time": 8.872, "Actual Total Time": 8.872, "Actual Rows": 1, "Actual Loops": 1, "Output": ["v.id", "v.postid", "v.votetypeid", "v.creationdate", "v.userid", "v.bountyamount"], "Plans": [{"Node Type": "Index Scan", "Parent Relationship": "Outer", "Parallel Aware": false, "Scan Direction": "Forward", "Index Name": "idx_votes_userid", "Relation Name": "votes", "Schema": "public", "Alias": "v", "Startup Cost": 0.29, "Total Cost": 7141.32, "Plan Rows": 132915, "Plan Width": 4, "Actual Startup Time": 8.869, "Actual Total Time": 8.869, "Actual Rows": 1, "Actual Loops": 1, "Output": ["v.id", "v.postid", "v.votetypeid", "v.creationdate", "v.userid", "v.bountyamount"], "Filter": "((v.creationdate >= '2010-07-26 00:00:00'::timestamp without time zone) AND (v.creationdate <= '2014-09-13 00:00:00'::timestamp without time zone) AND (v.votetypeid = 2))", "Rows Removed by Filter": 17111}]}]}]}]}]}, "Planning Time": 6.907, "Triggers": [], "Execution Time": 14.412}]#####[{"Plan": {"Node Type": "Aggregate", "Strategy": "Plain", "Partial Mode": "Simple", "Parallel Aware": false, "Startup Cost": 79612.32, "Total Cost": 79612.33, "Plan Rows": 1, "Plan Width": 8, "Actual Startup Time": 6.072, "Actual Total Time": 6.075, "Actual Rows": 1, "Actual Loops": 1, "Output": ["count(*)"], "Plans": [{"Node Type": "Nested Loop", "Parent Relationship": "Outer", "Parallel Aware": false, "Join Type": "Inner", "Startup Cost": 1.16, "Total Cost": 2041.0, "Plan Rows": 31028526, "Plan Width": 0, "Actual Startup Time": 6.067, "Actual Total Time": 6.069, "Actual Rows": 0, "Actual Loops": 1, "Inner Unique": false, "Plans": [{"Node Type": "Nested Loop", "Parent Relationship": "Outer", "Parallel Aware": false, "Join Type": "Inner", "Startup Cost": 0.87, "Total Cost": 1854.99, "Plan Rows": 222, "Plan Width": 16, "Actual Startup Time": 6.067, "Actual Total Time": 6.069, "Actual Rows": 0, "Actual Loops": 1, "Output": ["p.owneruserid", "v.userid", "b.userid", "u.id"], "Inner Unique": false, "Join Filter": "(u.id = b.userid)", "Rows Removed by Join Filter": 0, "Plans": [{"Node Type": "Nested Loop", "Parent Relationship": "Outer", "Parallel Aware": false, "Join Type": "Inner", "Startup Cost": 0.58, "Total Cost": 1532.3, "Plan Rows": 851, "Plan Width": 12, "Actual Startup Time": 6.067, "Actual Total Time": 6.069, "Actual Rows": 0, "Actual Loops": 1, "Output": ["p.owneruserid", "v.userid", "u.id"], "Inner Unique": false, "Plans": [{"Node Type": "Nested Loop", "Parent Relationship": "Outer", "Parallel Aware": false, "Join Type": "Inner", "Startup Cost": 0.29, "Total Cost": 1461.78, "Plan Rows": 65, "Plan Width": 8, "Actual Startup Time": 0.106, "Actual Total Time": 5.518, "Actual Rows": 28, "Actual Loops": 1, "Output": ["p.owneruserid", "u.id"], "Inner Unique": true, "Plans": [{"Node Type": "Seq Scan", "Parent Relationship": "Outer", "Parallel Aware": false, "Relation Name": "posts", "Schema": "public", "Alias": "p", "Startup Cost": 0.0, "Total Cost": 1080.7, "Plan Rows": 68, "Plan Width": 4, "Actual Startup Time": 0.029, "Actual Total Time": 5.206, "Actual Rows": 64, "Actual Loops": 1, "Output": ["p.id", "p.posttypeid", "p.creationdate", "p.score", "p.viewcount", "p.owneruserid", "p.answercount", "p.commentcount", "p.favoritecount", "p.lasteditoruserid"], "Filter": "((p.commentcount <= 13) AND (p.creationdate <= '2014-09-11 08:44:59'::timestamp without time zone) AND (p.score = 21))", "Rows Removed by Filter": 41119}, {"Node Type": "Index Scan", "Parent Relationship": "Inner", "Parallel Aware": false, "Scan Direction": "Forward", "Index Name": "users_pkey", "Relation Name": "users", "Schema": "public", "Alias": "u", "Startup Cost": 0.29, "Total Cost": 5.6, "Plan Rows": 1, "Plan Width": 4, "Actual Startup Time": 0.005, "Actual Total Time": 0.005, "Actual Rows": 0, "Actual Loops": 64, "Output": ["u.id", "u.reputation", "u.creationdate", "u.views", "u.upvotes", "u.downvotes"], "Index Cond": "(u.id = p.owneruserid)", "Rows Removed by Index Recheck": 0, "Filter": "((u.views >= 0) AND (u.downvotes >= 0) AND (u.downvotes <= 2))", "Rows Removed by Filter": 1}]}, {"Node Type": "Index Scan", "Parent Relationship": "Inner", "Parallel Aware": false, "Scan Direction": "Forward", "Index Name": "idx_votes_userid", "Relation Name": "votes", "Schema": "public", "Alias": "v", "Startup Cost": 0.29, "Total Cost": 0.97, "Plan Rows": 11, "Plan Width": 4, "Actual Startup Time": 0.019, "Actual Total Time": 0.019, "Actual Rows": 0, "Actual Loops": 28, "Output": ["v.id", "v.postid", "v.votetypeid", "v.creationdate", "v.userid", "v.bountyamount"], "Index Cond": "(v.userid = u.id)", "Rows Removed by Index Recheck": 0, "Filter": "((v.creationdate >= '2010-07-26 00:00:00'::timestamp without time zone) AND (v.creationdate <= '2014-09-13 00:00:00'::timestamp without time zone) AND (v.votetypeid = 2))", "Rows Removed by Filter": 5}]}, {"Node Type": "Index Only Scan", "Parent Relationship": "Inner", "Parallel Aware": false, "Scan Direction": "Forward", "Index Name": "idx_badges_userid", "Relation Name": "badges", "Schema": "public", "Alias": "b", "Startup Cost": 0.29, "Total Cost": 0.34, "Plan Rows": 3, "Plan Width": 4, "Actual Startup Time": 0.0, "Actual Total Time": 0.0, "Actual Rows": 0, "Actual Loops": 0, "Output": ["b.userid"], "Index Cond": "(b.userid = v.userid)", "Rows Removed by Index Recheck": 0, "Heap Fetches": 0}]}, {"Node Type": "Index Only Scan", "Parent Relationship": "Inner", "Parallel Aware": false, "Scan Direction": "Forward", "Index Name": "idx_comments_userid", "Relation Name": "comments", "Schema": "public", "Alias": "c", "Startup Cost": 0.29, "Total Cost": 0.65, "Plan Rows": 19, "Plan Width": 4, "Actual Startup Time": 0.0, "Actual Total Time": 0.0, "Actual Rows": 0, "Actual Loops": 0, "Output": ["c.userid"], "Index Cond": "(c.userid = u.id)", "Rows Removed by Index Recheck": 0, "Heap Fetches": 0}]}]}, "Planning Time": 8.1, "Triggers": [], "Execution Time": 6.15}]#####[{"Plan": {"Node Type": "Aggregate", "Strategy": "Plain", "Partial Mode": "Simple", "Parallel Aware": false, "Startup Cost": 79702.62, "Total Cost": 79702.63, "Plan Rows": 1, "Plan Width": 8, "Actual Startup Time": 9.121, "Actual Total Time": 9.124, "Actual Rows": 1, "Actual Loops": 1, "Output": ["count(*)"], "Plans": [{"Node Type": "Merge Join", "Parent Relationship": "Outer", "Parallel Aware": false, "Join Type": "Inner", "Startup Cost": 1655.57, "Total Cost": 2131.31, "Plan Rows": 31028526, "Plan Width": 0, "Actual Startup Time": 9.117, "Actual Total Time": 9.119, "Actual Rows": 0, "Actual Loops": 1, "Inner Unique": false, "Merge Cond": "(v.userid = u.id)", "Plans": [{"Node Type": "Merge Join", "Parent Relationship": "Outer", "Parallel Aware": false, "Join Type": "Inner", "Startup Cost": 1.15, "Total Cost": 3997.56, "Plan Rows": 208684, "Plan Width": 8, "Actual Startup Time": 9.116, "Actual Total Time": 9.118, "Actual Rows": 0, "Actual Loops": 1, "Output": ["v.userid", "b.userid"], "Inner Unique": false, "Merge Cond": "(b.userid = v.userid)", "Plans": [{"Node Type": "Index Only Scan", "Parent Relationship": "Outer", "Parallel Aware": false, "Scan Direction": "Forward", "Index Name": "idx_badges_userid", "Relation Name": "badges", "Schema": "public", "Alias": "b", "Startup Cost": 0.29, "Total Cost": 713.65, "Plan Rows": 32624, "Plan Width": 4, "Actual Startup Time": 0.014, "Actual Total Time": 0.015, "Actual Rows": 1, "Actual Loops": 1, "Output": ["b.userid"], "Heap Fetches": 0}, {"Node Type": "Materialize", "Parent Relationship": "Inner", "Parallel Aware": false, "Startup Cost": 0.29, "Total Cost": 7473.61, "Plan Rows": 132915, "Plan Width": 4, "Actual Startup Time": 9.101, "Actual Total Time": 9.101, "Actual Rows": 1, "Actual Loops": 1, "Output": ["v.id", "v.postid", "v.votetypeid", "v.creationdate", "v.userid", "v.bountyamount"], "Plans": [{"Node Type": "Index Scan", "Parent Relationship": "Outer", "Parallel Aware": false, "Scan Direction": "Forward", "Index Name": "idx_votes_userid", "Relation Name": "votes", "Schema": "public", "Alias": "v", "Startup Cost": 0.29, "Total Cost": 7141.32, "Plan Rows": 132915, "Plan Width": 4, "Actual Startup Time": 9.098, "Actual Total Time": 9.098, "Actual Rows": 1, "Actual Loops": 1, "Output": ["v.id", "v.postid", "v.votetypeid", "v.creationdate", "v.userid", "v.bountyamount"], "Filter": "((v.creationdate >= '2010-07-26 00:00:00'::timestamp without time zone) AND (v.creationdate <= '2014-09-13 00:00:00'::timestamp without time zone) AND (v.votetypeid = 2))", "Rows Removed by Filter": 17111}]}]}, {"Node Type": "Sort", "Parent Relationship": "Inner", "Parallel Aware": false, "Startup Cost": 1654.42, "Total Cost": 1660.55, "Plan Rows": 2454, "Plan Width": 12, "Actual Startup Time": 0.0, "Actual Total Time": 0.0, "Actual Rows": 0, "Actual Loops": 0, "Output": ["c.userid", "p.owneruserid", "u.id"], "Sort Key": ["c.userid"], "Plans": [{"Node Type": "Nested Loop", "Parent Relationship": "Outer", "Parallel Aware": false, "Join Type": "Inner", "Startup Cost": 0.58, "Total Cost": 1516.25, "Plan Rows": 2454, "Plan Width": 12, "Actual Startup Time": 0.0, "Actual Total Time": 0.0, "Actual Rows": 0, "Actual Loops": 0, "Output": ["c.userid", "p.owneruserid", "u.id"], "Inner Unique": false, "Plans": [{"Node Type": "Nested Loop", "Parent Relationship": "Outer", "Parallel Aware": false, "Join Type": "Inner", "Startup Cost": 0.29, "Total Cost": 1461.78, "Plan Rows": 65, "Plan Width": 8, "Actual Startup Time": 0.0, "Actual Total Time": 0.0, "Actual Rows": 0, "Actual Loops": 0, "Output": ["p.owneruserid", "u.id"], "Inner Unique": true, "Plans": [{"Node Type": "Seq Scan", "Parent Relationship": "Outer", "Parallel Aware": false, "Relation Name": "posts", "Schema": "public", "Alias": "p", "Startup Cost": 0.0, "Total Cost": 1080.7, "Plan Rows": 68, "Plan Width": 4, "Actual Startup Time": 0.0, "Actual Total Time": 0.0, "Actual Rows": 0, "Actual Loops": 0, "Output": ["p.id", "p.posttypeid", "p.creationdate", "p.score", "p.viewcount", "p.owneruserid", "p.answercount", "p.commentcount", "p.favoritecount", "p.lasteditoruserid"], "Filter": "((p.commentcount <= 13) AND (p.creationdate <= '2014-09-11 08:44:59'::timestamp without time zone) AND (p.score = 21))", "Rows Removed by Filter": 0}, {"Node Type": "Index Scan", "Parent Relationship": "Inner", "Parallel Aware": false, "Scan Direction": "Forward", "Index Name": "users_pkey", "Relation Name": "users", "Schema": "public", "Alias": "u", "Startup Cost": 0.29, "Total Cost": 5.6, "Plan Rows": 1, "Plan Width": 4, "Actual Startup Time": 0.0, "Actual Total Time": 0.0, "Actual Rows": 0, "Actual Loops": 0, "Output": ["u.id", "u.reputation", "u.creationdate", "u.views", "u.upvotes", "u.downvotes"], "Index Cond": "(u.id = p.owneruserid)", "Rows Removed by Index Recheck": 0, "Filter": "((u.views >= 0) AND (u.downvotes >= 0) AND (u.downvotes <= 2))", "Rows Removed by Filter": 0}]}, {"Node Type": "Index Only Scan", "Parent Relationship": "Inner", "Parallel Aware": false, "Scan Direction": "Forward", "Index Name": "idx_comments_userid", "Relation Name": "comments", "Schema": "public", "Alias": "c", "Startup Cost": 0.29, "Total Cost": 0.65, "Plan Rows": 19, "Plan Width": 4, "Actual Startup Time": 0.0, "Actual Total Time": 0.0, "Actual Rows": 0, "Actual Loops": 0, "Output": ["c.userid"], "Index Cond": "(c.userid = u.id)", "Rows Removed by Index Recheck": 0, "Heap Fetches": 0}]}]}]}]}, "Planning Time": 7.652, "Triggers": [], "Execution Time": 9.224}]
[{"Plan": {"Node Type": "Aggregate", "Strategy": "Plain", "Partial Mode": "Simple", "Parallel Aware": false, "Startup Cost": 9793.09, "Total Cost": 9793.1, "Plan Rows": 1, "Plan Width": 8, "Actual Startup Time": 91.315, "Actual Total Time": 91.321, "Actual Rows": 1, "Actual Loops": 1, "Output": ["count(*)"], "Plans": [{"Node Type": "Hash Join", "Parent Relationship": "Outer", "Parallel Aware": false, "Join Type": "Inner", "Startup Cost": 4354.83, "Total Cost": 9731.13, "Plan Rows": 24783, "Plan Width": 0, "Actual Startup Time": 39.661, "Actual Total Time": 81.304, "Actual Rows": 273602, "Actual Loops": 1, "Inner Unique": false, "Hash Cond": "(ph.postid = p.id)", "Plans": [{"Node Type": "Seq Scan", "Parent Relationship": "Outer", "Parallel Aware": false, "Relation Name": "posthistory", "Schema": "public", "Alias": "ph", "Startup Cost": 0.0, "Total Cost": 2247.94, "Plan Rows": 129994, "Plan Width": 4, "Actual Startup Time": 0.007, "Actual Total Time": 7.049, "Actual Rows": 129994, "Actual Loops": 1, "Output": ["ph.id", "ph.posthistorytypeid", "ph.postid", "ph.creationdate", "ph.userid"]}, {"Node Type": "Hash", "Parent Relationship": "Inner", "Parallel Aware": false, "Startup Cost": 3373.37, "Total Cost": 3373.37, "Plan Rows": 78517, "Plan Width": 8, "Actual Startup Time": 39.308, "Actual Total Time": 39.311, "Actual Rows": 73077, "Actual Loops": 1, "Output": ["c.postid", "p.id"], "Hash Buckets": 131072, "Original Hash Buckets": 131072, "Hash Batches": 1, "Original Hash Batches": 1, "Peak Memory Usage": 3879, "Plans": [{"Node Type": "Hash Join", "Parent Relationship": "Outer", "Parallel Aware": false, "Join Type": "Inner", "Startup Cost": 1590.09, "Total Cost": 3373.37, "Plan Rows": 78517, "Plan Width": 8, "Actual Startup Time": 11.346, "Actual Total Time": 30.864, "Actual Rows": 73077, "Actual Loops": 1, "Output": ["c.postid", "p.id"], "Inner Unique": true, "Hash Cond": "(c.postid = p.id)", "Plans": [{"Node Type": "Seq Scan", "Parent Relationship": "Outer", "Parallel Aware": false, "Relation Name": "comments", "Schema": "public", "Alias": "c", "Startup Cost": 0.0, "Total Cost": 1574.96, "Plan Rows": 79349, "Plan Width": 4, "Actual Startup Time": 0.006, "Actual Total Time": 9.784, "Actual Rows": 79357, "Actual Loops": 1, "Output": ["c.id", "c.postid", "c.score", "c.creationdate", "c.userid"], "Filter": "(c.creationdate <= '2014-09-08 19:03:47'::timestamp without time zone)", "Rows Removed by Filter": 0}, {"Node Type": "Hash", "Parent Relationship": "Inner", "Parallel Aware": false, "Startup Cost": 1080.7, "Total Cost": 1080.7, "Plan Rows": 40751, "Plan Width": 4, "Actual Startup Time": 11.155, "Actual Total Time": 11.156, "Actual Rows": 40749, "Actual Loops": 1, "Output": ["p.id"], "Hash Buckets": 65536, "Original Hash Buckets": 65536, "Hash Batches": 1, "Original Hash Batches": 1, "Peak Memory Usage": 1945, "Plans": [{"Node Type": "Seq Scan", "Parent Relationship": "Outer", "Parallel Aware": false, "Relation Name": "posts", "Schema": "public", "Alias": "p", "Startup Cost": 0.0, "Total Cost": 1080.7, "Plan Rows": 40751, "Plan Width": 4, "Actual Startup Time": 0.01, "Actual Total Time": 7.0, "Actual Rows": 40749, "Actual Loops": 1, "Output": ["p.id"], "Filter": "((p.commentcount >= 0) AND (p.commentcount <= 11) AND (p.creationdate <= '2014-09-10 05:17:19'::timestamp without time zone))", "Rows Removed by Filter": 434}]}]}]}]}]}, "Planning Time": 2.421, "Triggers": [], "Execution Time": 91.54}]#####[{"Plan": {"Node Type": "Aggregate", "Strategy": "Plain", "Partial Mode": "Simple", "Parallel Aware": false, "Startup Cost": 101101.07, "Total Cost": 101101.08, "Plan Rows": 1, "Plan Width": 8, "Actual Startup Time": 140.248, "Actual Total Time": 140.254, "Actual Rows": 1, "Actual Loops": 1, "Output": ["count(*)"], "Plans": [{"Node Type": "Hash Join", "Parent Relationship": "Outer", "Parallel Aware": false, "Join Type": "Inner", "Startup Cost": 1590.76, "Total Cost": 100481.47, "Plan Rows": 247839, "Plan Width": 0, "Actual Startup Time": 11.285, "Actual Total Time": 129.842, "Actual Rows": 273602, "Actual Loops": 1, "Inner Unique": true, "Hash Cond": "(c.postid = p.id)", "Plans": [{"Node Type": "Merge Join", "Parent Relationship": "Outer", "Parallel Aware": false, "Join Type": "Inner", "Startup Cost": 0.67, "Total Cost": 10723.26, "Plan Rows": 33584400, "Plan Width": 8, "Actual Startup Time": 0.039, "Actual Total Time": 86.959, "Actual Rows": 304387, "Actual Loops": 1, "Output": ["c.postid", "ph.postid"], "Inner Unique": false, "Merge Cond": "(c.postid = ph.postid)", "Plans": [{"Node Type": "Index Scan", "Parent Relationship": "Outer", "Parallel Aware": false, "Scan Direction": "Forward", "Index Name": "idx_comments_postid", "Relation Name": "comments", "Schema": "public", "Alias": "c", "Startup Cost": 0.29, "Total Cost": 2654.13, "Plan Rows": 79349, "Plan Width": 4, "Actual Startup Time": 0.019, "Actual Total Time": 20.789, "Actual Rows": 79357, "Actual Loops": 1, "Output": ["c.id", "c.postid", "c.score", "c.creationdate", "c.userid"], "Filter": "(c.creationdate <= '2014-09-08 19:03:47'::timestamp without time zone)", "Rows Removed by Filter": 0}, {"Node Type": "Materialize", "Parent Relationship": "Inner", "Parallel Aware": false, "Startup Cost": 0.29, "Total Cost": 3159.19, "Plan Rows": 129994, "Plan Width": 4, "Actual Startup Time": 0.018, "Actual Total Time": 31.444, "Actual Rows": 349412, "Actual Loops": 1, "Output": ["ph.postid"], "Plans": [{"Node Type": "Index Only Scan", "Parent Relationship": "Outer", "Parallel Aware": false, "Scan Direction": "Forward", "Index Name": "idx_posthistory_postid", "Relation Name": "posthistory", "Schema": "public", "Alias": "ph", "Startup Cost": 0.29, "Total Cost": 2834.2, "Plan Rows": 129994, "Plan Width": 4, "Actual Startup Time": 0.014, "Actual Total Time": 9.37, "Actual Rows": 129967, "Actual Loops": 1, "Output": ["ph.postid"], "Heap Fetches": 0}]}]}, {"Node Type": "Hash", "Parent Relationship": "Inner", "Parallel Aware": false, "Startup Cost": 1080.7, "Total Cost": 1080.7, "Plan Rows": 40751, "Plan Width": 4, "Actual Startup Time": 11.049, "Actual Total Time": 11.05, "Actual Rows": 40749, "Actual Loops": 1, "Output": ["p.id"], "Hash Buckets": 65536, "Original Hash Buckets": 65536, "Hash Batches": 1, "Original Hash Batches": 1, "Peak Memory Usage": 1945, "Plans": [{"Node Type": "Seq Scan", "Parent Relationship": "Outer", "Parallel Aware": false, "Relation Name": "posts", "Schema": "public", "Alias": "p", "Startup Cost": 0.0, "Total Cost": 1080.7, "Plan Rows": 40751, "Plan Width": 4, "Actual Startup Time": 0.01, "Actual Total Time": 7.022, "Actual Rows": 40749, "Actual Loops": 1, "Output": ["p.id"], "Filter": "((p.commentcount >= 0) AND (p.commentcount <= 11) AND (p.creationdate <= '2014-09-10 05:17:19'::timestamp without time zone))", "Rows Removed by Filter": 434}]}]}]}, "Planning Time": 2.666, "Triggers": [], "Execution Time": 140.411}]#####[{"Plan": {"Node Type": "Aggregate", "Strategy": "Plain", "Partial Mode": "Simple", "Parallel Aware": false, "Startup Cost": 4325.52, "Total Cost": 4325.53, "Plan Rows": 1, "Plan Width": 8, "Actual Startup Time": 134.815, "Actual Total Time": 134.82, "Actual Rows": 1, "Actual Loops": 1, "Output": ["count(*)"], "Plans": [{"Node Type": "Nested Loop", "Parent Relationship": "Outer", "Parallel Aware": false, "Join Type": "Inner", "Startup Cost": 1590.38, "Total Cost": 3705.92, "Plan Rows": 247839, "Plan Width": 0, "Actual Startup Time": 11.348, "Actual Total Time": 123.091, "Actual Rows": 273602, "Actual Loops": 1, "Inner Unique": false, "Join Filter": "(p.id = ph.postid)", "Rows Removed by Join Filter": 0, "Plans": [{"Node Type": "Hash Join", "Parent Relationship": "Outer", "Parallel Aware": false, "Join Type": "Inner", "Startup Cost": 1590.09, "Total Cost": 3373.37, "Plan Rows": 785, "Plan Width": 8, "Actual Startup Time": 11.334, "Actual Total Time": 32.068, "Actual Rows": 73077, "Actual Loops": 1, "Output": ["c.postid", "p.id"], "Inner Unique": true, "Hash Cond": "(c.postid = p.id)", "Plans": [{"Node Type": "Seq Scan", "Parent Relationship": "Outer", "Parallel Aware": false, "Relation Name": "comments", "Schema": "public", "Alias": "c", "Startup Cost": 0.0, "Total Cost": 1574.96, "Plan Rows": 79349, "Plan Width": 4, "Actual Startup Time": 0.008, "Actual Total Time": 9.647, "Actual Rows": 79357, "Actual Loops": 1, "Output": ["c.id", "c.postid", "c.score", "c.creationdate", "c.userid"], "Filter": "(c.creationdate <= '2014-09-08 19:03:47'::timestamp without time zone)", "Rows Removed by Filter": 0}, {"Node Type": "Hash", "Parent Relationship": "Inner", "Parallel Aware": false, "Startup Cost": 1080.7, "Total Cost": 1080.7, "Plan Rows": 40751, "Plan Width": 4, "Actual Startup Time": 11.129, "Actual Total Time": 11.13, "Actual Rows": 40749, "Actual Loops": 1, "Output": ["p.id"], "Hash Buckets": 65536, "Original Hash Buckets": 65536, "Hash Batches": 1, "Original Hash Batches": 1, "Peak Memory Usage": 1945, "Plans": [{"Node Type": "Seq Scan", "Parent Relationship": "Outer", "Parallel Aware": false, "Relation Name": "posts", "Schema": "public", "Alias": "p", "Startup Cost": 0.0, "Total Cost": 1080.7, "Plan Rows": 40751, "Plan Width": 4, "Actual Startup Time": 0.009, "Actual Total Time": 7.045, "Actual Rows": 40749, "Actual Loops": 1, "Output": ["p.id"], "Filter": "((p.commentcount >= 0) AND (p.commentcount <= 11) AND (p.creationdate <= '2014-09-10 05:17:19'::timestamp without time zone))", "Rows Removed by Filter": 434}]}]}, {"Node Type": "Index Only Scan", "Parent Relationship": "Inner", "Parallel Aware": false, "Scan Direction": "Forward", "Index Name": "idx_posthistory_postid", "Relation Name": "posthistory", "Schema": "public", "Alias": "ph", "Startup Cost": 0.29, "Total Cost": 0.37, "Plan Rows": 4, "Plan Width": 4, "Actual Startup Time": 0.001, "Actual Total Time": 0.001, "Actual Rows": 4, "Actual Loops": 73077, "Output": ["ph.postid"], "Index Cond": "(ph.postid = c.postid)", "Rows Removed by Index Recheck": 0, "Heap Fetches": 0}]}]}, "Planning Time": 3.051, "Triggers": [], "Execution Time": 134.938}]
[{"Plan": {"Node Type": "Aggregate", "Strategy": "Plain", "Partial Mode": "Simple", "Parallel Aware": false, "Startup Cost": 5039.49, "Total Cost": 5039.5, "Plan Rows": 1, "Plan Width": 8, "Actual Startup Time": 5.282, "Actual Total Time": 5.286, "Actual Rows": 1, "Actual Loops": 1, "Output": ["count(*)"], "Plans": [{"Node Type": "Nested Loop", "Parent Relationship": "Outer", "Parallel Aware": false, "Join Type": "Inner", "Startup Cost": 1413.8, "Total Cost": 5038.72, "Plan Rows": 307, "Plan Width": 0, "Actual Startup Time": 5.277, "Actual Total Time": 5.281, "Actual Rows": 0, "Actual Loops": 1, "Inner Unique": false, "Plans": [{"Node Type": "Nested Loop", "Parent Relationship": "Outer", "Parallel Aware": false, "Join Type": "Inner", "Startup Cost": 1413.51, "Total Cost": 4993.27, "Plan Rows": 118, "Plan Width": 8, "Actual Startup Time": 5.277, "Actual Total Time": 5.281, "Actual Rows": 0, "Actual Loops": 1, "Output": ["p.owneruserid", "u.id"], "Inner Unique": false, "Join Filter": "(p.id = ph.postid)", "Rows Removed by Join Filter": 0, "Plans": [{"Node Type": "Nested Loop", "Parent Relationship": "Outer", "Parallel Aware": false, "Join Type": "Inner", "Startup Cost": 1413.22, "Total Cost": 4977.03, "Plan Rows": 38, "Plan Width": 20, "Actual Startup Time": 5.277, "Actual Total Time": 5.28, "Actual Rows": 0, "Actual Loops": 1, "Output": ["c.postid", "p.owneruserid", "p.id", "v.postid", "u.id"], "Inner Unique": true, "Plans": [{"Node Type": "Nested Loop", "Parent Relationship": "Outer", "Parallel Aware": false, "Join Type": "Inner", "Startup Cost": 1412.93, "Total Cost": 4952.2, "Plan Rows": 39, "Plan Width": 16, "Actual Startup Time": 5.277, "Actual Total Time": 5.28, "Actual Rows": 0, "Actual Loops": 1, "Output": ["c.postid", "p.owneruserid", "p.id", "v.postid"], "Inner Unique": false, "Join Filter": "(p.id = v.postid)", "Rows Removed by Join Filter": 0, "Plans": [{"Node Type": "Hash Join", "Parent Relationship": "Outer", "Parallel Aware": false, "Join Type": "Inner", "Startup Cost": 1412.64, "Total Cost": 3540.31, "Plan Rows": 2661, "Plan Width": 12, "Actual Startup Time": 5.277, "Actual Total Time": 5.28, "Actual Rows": 0, "Actual Loops": 1, "Output": ["c.postid", "p.owneruserid", "p.id"], "Inner Unique": true, "Hash Cond": "(c.postid = p.id)", "Plans": [{"Node Type": "Seq Scan", "Parent Relationship": "Outer", "Parallel Aware": false, "Relation Name": "comments", "Schema": "public", "Alias": "c", "Startup Cost": 0.0, "Total Cost": 1971.75, "Plan Rows": 59397, "Plan Width": 4, "Actual Startup Time": 0.077, "Actual Total Time": 0.079, "Actual Rows": 1, "Actual Loops": 1, "Output": ["c.id", "c.postid", "c.score", "c.creationdate", "c.userid"], "Filter": "((c.creationdate >= '2010-07-29 02:45:20'::timestamp without time zone) AND (c.creationdate <= '2014-08-26 03:00:23'::timestamp without time zone) AND (c.score = 0))", "Rows Removed by Filter": 691}, {"Node Type": "Hash", "Parent Relationship": "Inner", "Parallel Aware": false, "Startup Cost": 1389.58, "Total Cost": 1389.58, "Plan Rows": 1845, "Plan Width": 8, "Actual Startup Time": 5.166, "Actual Total Time": 5.167, "Actual Rows": 0, "Actual Loops": 1, "Output": ["p.owneruserid", "p.id"], "Hash Buckets": 2048, "Original Hash Buckets": 2048, "Hash Batches": 1, "Original Hash Batches": 1, "Peak Memory Usage": 16, "Plans": [{"Node Type": "Seq Scan", "Parent Relationship": "Outer", "Parallel Aware": false, "Relation Name": "posts", "Schema": "public", "Alias": "p", "Startup Cost": 0.0, "Total Cost": 1389.58, "Plan Rows": 1845, "Plan Width": 8, "Actual Startup Time": 5.166, "Actual Total Time": 5.166, "Actual Rows": 0, "Actual Loops": 1, "Output": ["p.owneruserid", "p.id"], "Filter": "((p.viewcount <= 3812) AND (p.commentcount >= 0) AND (p.commentcount <= 10) AND (p.creationdate <= '2014-09-12 22:49:11'::timestamp without time zone) AND (p.posttypeid = 2) AND (p.score = 1))", "Rows Removed by Filter": 41183}]}]}, {"Node Type": "Index Scan", "Parent Relationship": "Inner", "Parallel Aware": false, "Scan Direction": "Forward", "Index Name": "idx_votes_postid", "Relation Name": "votes", "Schema": "public", "Alias": "v", "Startup Cost": 0.29, "Total Cost": 0.52, "Plan Rows": 1, "Plan Width": 4, "Actual Startup Time": 0.0, "Actual Total Time": 0.0, "Actual Rows": 0, "Actual Loops": 0, "Output": ["v.id", "v.postid", "v.votetypeid", "v.creationdate", "v.userid", "v.bountyamount"], "Index Cond": "(v.postid = c.postid)", "Rows Removed by Index Recheck": 0, "Filter": "((v.bountyamount >= 0) AND (v.bountyamount <= 100))", "Rows Removed by Filter": 0}]}, {"Node Type": "Index Scan", "Parent Relationship": "Inner", "Parallel Aware": false, "Scan Direction": "Forward", "Index Name": "users_pkey", "Relation Name": "users", "Schema": "public", "Alias": "u", "Startup Cost": 0.29, "Total Cost": 0.64, "Plan Rows": 1, "Plan Width": 4, "Actual Startup Time": 0.0, "Actual Total Time": 0.0, "Actual Rows": 0, "Actual Loops": 0, "Output": ["u.id", "u.reputation", "u.creationdate", "u.views", "u.upvotes", "u.downvotes"], "Index Cond": "(u.id = p.owneruserid)", "Rows Removed by Index Recheck": 0, "Filter": "(u.upvotes <= 220)", "Rows Removed by Filter": 0}]}, {"Node Type": "Index Only Scan", "Parent Relationship": "Inner", "Parallel Aware": false, "Scan Direction": "Forward", "Index Name": "idx_posthistory_postid", "Relation Name": "posthistory", "Schema": "public", "Alias": "ph", "Startup Cost": 0.29, "Total Cost": 0.38, "Plan Rows": 4, "Plan Width": 4, "Actual Startup Time": 0.0, "Actual Total Time": 0.0, "Actual Rows": 0, "Actual Loops": 0, "Output": ["ph.postid"], "Index Cond": "(ph.postid = c.postid)", "Rows Removed by Index Recheck": 0, "Heap Fetches": 0}]}, {"Node Type": "Index Only Scan", "Parent Relationship": "Inner", "Parallel Aware": false, "Scan Direction": "Forward", "Index Name": "idx_badges_userid", "Relation Name": "badges", "Schema": "public", "Alias": "b", "Startup Cost": 0.29, "Total Cost": 0.36, "Plan Rows": 3, "Plan Width": 4, "Actual Startup Time": 0.0, "Actual Total Time": 0.0, "Actual Rows": 0, "Actual Loops": 0, "Output": ["b.userid"], "Index Cond": "(b.userid = u.id)", "Rows Removed by Index Recheck": 0, "Heap Fetches": 0}]}]}, "Planning Time": 3.908, "Triggers": [], "Execution Time": 5.377}]#####[{"Plan": {"Node Type": "Aggregate", "Strategy": "Plain", "Partial Mode": "Simple", "Parallel Aware": false, "Startup Cost": 6235.71, "Total Cost": 6235.72, "Plan Rows": 1, "Plan Width": 8, "Actual Startup Time": 9.838, "Actual Total Time": 9.844, "Actual Rows": 1, "Actual Loops": 1, "Output": ["count(*)"], "Plans": [{"Node Type": "Hash Join", "Parent Relationship": "Outer", "Parallel Aware": false, "Join Type": "Inner", "Startup Cost": 5140.77, "Total Cost": 6228.01, "Plan Rows": 3079, "Plan Width": 0, "Actual Startup Time": 9.829, "Actual Total Time": 9.835, "Actual Rows": 0, "Actual Loops": 1, "Inner Unique": false, "Hash Cond": "(b.userid = u.id)", "Plans": [{"Node Type": "Seq Scan", "Parent Relationship": "Outer", "Parallel Aware": false, "Relation Name": "badges", "Schema": "public", "Alias": "b", "Startup Cost": 0.0, "Total Cost": 503.24, "Plan Rows": 32624, "Plan Width": 4, "Actual Startup Time": 0.02, "Actual Total Time": 0.022, "Actual Rows": 1, "Actual Loops": 1, "Output": ["b.id", "b.userid", "b.date"]}, {"Node Type": "Hash", "Parent Relationship": "Inner", "Parallel Aware": false, "Startup Cost": 4993.27, "Total Cost": 4993.27, "Plan Rows": 11800, "Plan Width": 8, "Actual Startup Time": 9.634, "Actual Total Time": 9.638, "Actual Rows": 0, "Actual Loops": 1, "Output": ["p.owneruserid", "u.id"], "Hash Buckets": 16384, "Original Hash Buckets": 16384, "Hash Batches": 1, "Original Hash Batches": 1, "Peak Memory Usage": 128, "Plans": [{"Node Type": "Nested Loop", "Parent Relationship": "Outer", "Parallel Aware": false, "Join Type": "Inner", "Startup Cost": 1413.51, "Total Cost": 4993.27, "Plan Rows": 11800, "Plan Width": 8, "Actual Startup Time": 9.633, "Actual Total Time": 9.637, "Actual Rows": 0, "Actual Loops": 1, "Output": ["p.owneruserid", "u.id"], "Inner Unique": false, "Join Filter": "(p.id = ph.postid)", "Rows Removed by Join Filter": 0, "Plans": [{"Node Type": "Nested Loop", "Parent Relationship": "Outer", "Parallel Aware": false, "Join Type": "Inner", "Startup Cost": 1413.22, "Total Cost": 4977.03, "Plan Rows": 38, "Plan Width": 20, "Actual Startup Time": 9.633, "Actual Total Time": 9.637, "Actual Rows": 0, "Actual Loops": 1, "Output": ["c.postid", "p.owneruserid", "p.id", "v.postid", "u.id"], "Inner Unique": true, "Plans": [{"Node Type": "Nested Loop", "Parent Relationship": "Outer", "Parallel Aware": false, "Join Type": "Inner", "Startup Cost": 1412.93, "Total Cost": 4952.2, "Plan Rows": 39, "Plan Width": 16, "Actual Startup Time": 9.633, "Actual Total Time": 9.636, "Actual Rows": 0, "Actual Loops": 1, "Output": ["c.postid", "p.owneruserid", "p.id", "v.postid"], "Inner Unique": false, "Join Filter": "(p.id = v.postid)", "Rows Removed by Join Filter": 0, "Plans": [{"Node Type": "Hash Join", "Parent Relationship": "Outer", "Parallel Aware": false, "Join Type": "Inner", "Startup Cost": 1412.64, "Total Cost": 3540.31, "Plan Rows": 2661, "Plan Width": 12, "Actual Startup Time": 9.632, "Actual Total Time": 9.635, "Actual Rows": 0, "Actual Loops": 1, "Output": ["c.postid", "p.owneruserid", "p.id"], "Inner Unique": true, "Hash Cond": "(c.postid = p.id)", "Plans": [{"Node Type": "Seq Scan", "Parent Relationship": "Outer", "Parallel Aware": false, "Relation Name": "comments", "Schema": "public", "Alias": "c", "Startup Cost": 0.0, "Total Cost": 1971.75, "Plan Rows": 59397, "Plan Width": 4, "Actual Startup Time": 0.2, "Actual Total Time": 0.2, "Actual Rows": 1, "Actual Loops": 1, "Output": ["c.id", "c.postid", "c.score", "c.creationdate", "c.userid"], "Filter": "((c.creationdate >= '2010-07-29 02:45:20'::timestamp without time zone) AND (c.creationdate <= '2014-08-26 03:00:23'::timestamp without time zone) AND (c.score = 0))", "Rows Removed by Filter": 691}, {"Node Type": "Hash", "Parent Relationship": "Inner", "Parallel Aware": false, "Startup Cost": 1389.58, "Total Cost": 1389.58, "Plan Rows": 1845, "Plan Width": 8, "Actual Startup Time": 9.415, "Actual Total Time": 9.415, "Actual Rows": 0, "Actual Loops": 1, "Output": ["p.owneruserid", "p.id"], "Hash Buckets": 2048, "Original Hash Buckets": 2048, "Hash Batches": 1, "Original Hash Batches": 1, "Peak Memory Usage": 16, "Plans": [{"Node Type": "Seq Scan", "Parent Relationship": "Outer", "Parallel Aware": false, "Relation Name": "posts", "Schema": "public", "Alias": "p", "Startup Cost": 0.0, "Total Cost": 1389.58, "Plan Rows": 1845, "Plan Width": 8, "Actual Startup Time": 9.414, "Actual Total Time": 9.414, "Actual Rows": 0, "Actual Loops": 1, "Output": ["p.owneruserid", "p.id"], "Filter": "((p.viewcount <= 3812) AND (p.commentcount >= 0) AND (p.commentcount <= 10) AND (p.creationdate <= '2014-09-12 22:49:11'::timestamp without time zone) AND (p.posttypeid = 2) AND (p.score = 1))", "Rows Removed by Filter": 41183}]}]}, {"Node Type": "Index Scan", "Parent Relationship": "Inner", "Parallel Aware": false, "Scan Direction": "Forward", "Index Name": "idx_votes_postid", "Relation Name": "votes", "Schema": "public", "Alias": "v", "Startup Cost": 0.29, "Total Cost": 0.52, "Plan Rows": 1, "Plan Width": 4, "Actual Startup Time": 0.0, "Actual Total Time": 0.0, "Actual Rows": 0, "Actual Loops": 0, "Output": ["v.id", "v.postid", "v.votetypeid", "v.creationdate", "v.userid", "v.bountyamount"], "Index Cond": "(v.postid = c.postid)", "Rows Removed by Index Recheck": 0, "Filter": "((v.bountyamount >= 0) AND (v.bountyamount <= 100))", "Rows Removed by Filter": 0}]}, {"Node Type": "Index Scan", "Parent Relationship": "Inner", "Parallel Aware": false, "Scan Direction": "Forward", "Index Name": "users_pkey", "Relation Name": "users", "Schema": "public", "Alias": "u", "Startup Cost": 0.29, "Total Cost": 0.64, "Plan Rows": 1, "Plan Width": 4, "Actual Startup Time": 0.0, "Actual Total Time": 0.0, "Actual Rows": 0, "Actual Loops": 0, "Output": ["u.id", "u.reputation", "u.creationdate", "u.views", "u.upvotes", "u.downvotes"], "Index Cond": "(u.id = p.owneruserid)", "Rows Removed by Index Recheck": 0, "Filter": "(u.upvotes <= 220)", "Rows Removed by Filter": 0}]}, {"Node Type": "Index Only Scan", "Parent Relationship": "Inner", "Parallel Aware": false, "Scan Direction": "Forward", "Index Name": "idx_posthistory_postid", "Relation Name": "posthistory", "Schema": "public", "Alias": "ph", "Startup Cost": 0.29, "Total Cost": 0.38, "Plan Rows": 4, "Plan Width": 4, "Actual Startup Time": 0.0, "Actual Total Time": 0.0, "Actual Rows": 0, "Actual Loops": 0, "Output": ["ph.postid"], "Index Cond": "(ph.postid = c.postid)", "Rows Removed by Index Recheck": 0, "Heap Fetches": 0}]}]}]}]}, "Planning Time": 3.352, "Triggers": [], "Execution Time": 10.099}]#####[{"Plan": {"Node Type": "Aggregate", "Strategy": "Plain", "Partial Mode": "Simple", "Parallel Aware": false, "Startup Cost": 5029.65, "Total Cost": 5029.66, "Plan Rows": 1, "Plan Width": 8, "Actual Startup Time": 5.475, "Actual Total Time": 5.479, "Actual Rows": 1, "Actual Loops": 1, "Output": ["count(*)"], "Plans": [{"Node Type": "Nested Loop", "Parent Relationship": "Outer", "Parallel Aware": false, "Join Type": "Inner", "Startup Cost": 1413.8, "Total Cost": 5021.96, "Plan Rows": 3079, "Plan Width": 0, "Actual Startup Time": 5.471, "Actual Total Time": 5.475, "Actual Rows": 0, "Actual Loops": 1, "Inner Unique": false, "Plans": [{"Node Type": "Nested Loop", "Parent Relationship": "Outer", "Parallel Aware": false, "Join Type": "Inner", "Startup Cost": 1413.51, "Total Cost": 4976.51, "Plan Rows": 118, "Plan Width": 8, "Actual Startup Time": 5.47, "Actual Total Time": 5.474, "Actual Rows": 0, "Actual Loops": 1, "Output": ["p.owneruserid", "u.id"], "Inner Unique": true, "Plans": [{"Node Type": "Nested Loop", "Parent Relationship": "Outer", "Parallel Aware": false, "Join Type": "Inner", "Startup Cost": 1413.23, "Total Cost": 4968.87, "Plan Rows": 12, "Plan Width": 4, "Actual Startup Time": 5.47, "Actual Total Time": 5.474, "Actual Rows": 0, "Actual Loops": 1, "Output": ["p.owneruserid"], "Inner Unique": false, "Join Filter": "(p.id = ph.postid)", "Rows Removed by Join Filter": 0, "Plans": [{"Node Type": "Nested Loop", "Parent Relationship": "Outer", "Parallel Aware": false, "Join Type": "Inner", "Startup Cost": 1412.93, "Total Cost": 4952.2, "Plan Rows": 39, "Plan Width": 16, "Actual Startup Time": 5.47, "Actual Total Time": 5.473, "Actual Rows": 0, "Actual Loops": 1, "Output": ["c.postid", "p.owneruserid", "p.id", "v.postid"], "Inner Unique": false, "Join Filter": "(p.id = v.postid)", "Rows Removed by Join Filter": 0, "Plans": [{"Node Type": "Hash Join", "Parent Relationship": "Outer", "Parallel Aware": false, "Join Type": "Inner", "Startup Cost": 1412.64, "Total Cost": 3540.31, "Plan Rows": 2661, "Plan Width": 12, "Actual Startup Time": 5.47, "Actual Total Time": 5.473, "Actual Rows": 0, "Actual Loops": 1, "Output": ["c.postid", "p.owneruserid", "p.id"], "Inner Unique": true, "Hash Cond": "(c.postid = p.id)", "Plans": [{"Node Type": "Seq Scan", "Parent Relationship": "Outer", "Parallel Aware": false, "Relation Name": "comments", "Schema": "public", "Alias": "c", "Startup Cost": 0.0, "Total Cost": 1971.75, "Plan Rows": 59397, "Plan Width": 4, "Actual Startup Time": 0.08, "Actual Total Time": 0.081, "Actual Rows": 1, "Actual Loops": 1, "Output": ["c.id", "c.postid", "c.score", "c.creationdate", "c.userid"], "Filter": "((c.creationdate >= '2010-07-29 02:45:20'::timestamp without time zone) AND (c.creationdate <= '2014-08-26 03:00:23'::timestamp without time zone) AND (c.score = 0))", "Rows Removed by Filter": 691}, {"Node Type": "Hash", "Parent Relationship": "Inner", "Parallel Aware": false, "Startup Cost": 1389.58, "Total Cost": 1389.58, "Plan Rows": 1845, "Plan Width": 8, "Actual Startup Time": 5.354, "Actual Total Time": 5.354, "Actual Rows": 0, "Actual Loops": 1, "Output": ["p.owneruserid", "p.id"], "Hash Buckets": 2048, "Original Hash Buckets": 2048, "Hash Batches": 1, "Original Hash Batches": 1, "Peak Memory Usage": 16, "Plans": [{"Node Type": "Seq Scan", "Parent Relationship": "Outer", "Parallel Aware": false, "Relation Name": "posts", "Schema": "public", "Alias": "p", "Startup Cost": 0.0, "Total Cost": 1389.58, "Plan Rows": 1845, "Plan Width": 8, "Actual Startup Time": 5.353, "Actual Total Time": 5.354, "Actual Rows": 0, "Actual Loops": 1, "Output": ["p.owneruserid", "p.id"], "Filter": "((p.viewcount <= 3812) AND (p.commentcount >= 0) AND (p.commentcount <= 10) AND (p.creationdate <= '2014-09-12 22:49:11'::timestamp without time zone) AND (p.posttypeid = 2) AND (p.score = 1))", "Rows Removed by Filter": 41183}]}]}, {"Node Type": "Index Scan", "Parent Relationship": "Inner", "Parallel Aware": false, "Scan Direction": "Forward", "Index Name": "idx_votes_postid", "Relation Name": "votes", "Schema": "public", "Alias": "v", "Startup Cost": 0.29, "Total Cost": 0.52, "Plan Rows": 1, "Plan Width": 4, "Actual Startup Time": 0.0, "Actual Total Time": 0.0, "Actual Rows": 0, "Actual Loops": 0, "Output": ["v.id", "v.postid", "v.votetypeid", "v.creationdate", "v.userid", "v.bountyamount"], "Index Cond": "(v.postid = c.postid)", "Rows Removed by Index Recheck": 0, "Filter": "((v.bountyamount >= 0) AND (v.bountyamount <= 100))", "Rows Removed by Filter": 0}]}, {"Node Type": "Index Only Scan", "Parent Relationship": "Inner", "Parallel Aware": false, "Scan Direction": "Forward", "Index Name": "idx_posthistory_postid", "Relation Name": "posthistory", "Schema": "public", "Alias": "ph", "Startup Cost": 0.29, "Total Cost": 0.38, "Plan Rows": 4, "Plan Width": 4, "Actual Startup Time": 0.0, "Actual Total Time": 0.0, "Actual Rows": 0, "Actual Loops": 0, "Output": ["ph.postid"], "Index Cond": "(ph.postid = c.postid)", "Rows Removed by Index Recheck": 0, "Heap Fetches": 0}]}, {"Node Type": "Index Scan", "Parent Relationship": "Inner", "Parallel Aware": false, "Scan Direction": "Forward", "Index Name": "users_pkey", "Relation Name": "users", "Schema": "public", "Alias": "u", "Startup Cost": 0.29, "Total Cost": 0.64, "Plan Rows": 1, "Plan Width": 4, "Actual Startup Time": 0.0, "Actual Total Time": 0.0, "Actual Rows": 0, "Actual Loops": 0, "Output": ["u.id", "u.reputation", "u.creationdate", "u.views", "u.upvotes", "u.downvotes"], "Index Cond": "(u.id = p.owneruserid)", "Rows Removed by Index Recheck": 0, "Filter": "(u.upvotes <= 220)", "Rows Removed by Filter": 0}]}, {"Node Type": "Index Only Scan", "Parent Relationship": "Inner", "Parallel Aware": false, "Scan Direction": "Forward", "Index Name": "idx_badges_userid", "Relation Name": "badges", "Schema": "public", "Alias": "b", "Startup Cost": 0.29, "Total Cost": 0.36, "Plan Rows": 3, "Plan Width": 4, "Actual Startup Time": 0.0, "Actual Total Time": 0.0, "Actual Rows": 0, "Actual Loops": 0, "Output": ["b.userid"], "Index Cond": "(b.userid = u.id)", "Rows Removed by Index Recheck": 0, "Heap Fetches": 0}]}]}, "Planning Time": 3.662, "Triggers": [], "Execution Time": 5.579}]
[{"Plan": {"Node Type": "Aggregate", "Strategy": "Plain", "Partial Mode": "Simple", "Parallel Aware": false, "Startup Cost": 57737.06, "Total Cost": 57737.07, "Plan Rows": 1, "Plan Width": 8, "Actual Startup Time": 19.285, "Actual Total Time": 19.29, "Actual Rows": 1, "Actual Loops": 1, "Output": ["count(*)"], "Plans": [{"Node Type": "Hash Join", "Parent Relationship": "Outer", "Parallel Aware": false, "Join Type": "Inner", "Startup Cost": 3042.28, "Total Cost": 20117.97, "Plan Rows": 15047635, "Plan Width": 0, "Actual Startup Time": 19.278, "Actual Total Time": 19.283, "Actual Rows": 0, "Actual Loops": 1, "Inner Unique": false, "Hash Cond": "(ph.userid = u.id)", "Plans": [{"Node Type": "Nested Loop", "Parent Relationship": "Outer", "Parallel Aware": false, "Join Type": "Inner", "Startup Cost": 0.29, "Total Cost": 4972.53, "Plan Rows": 220433, "Plan Width": 8, "Actual Startup Time": 19.277, "Actual Total Time": 19.279, "Actual Rows": 0, "Actual Loops": 1, "Output": ["ph.userid", "b.userid"], "Inner Unique": false, "Plans": [{"Node Type": "Seq Scan", "Parent Relationship": "Outer", "Parallel Aware": false, "Relation Name": "posthistory", "Schema": "public", "Alias": "ph", "Startup Cost": 0.0, "Total Cost": 2572.93, "Plan Rows": 5880, "Plan Width": 4, "Actual Startup Time": 2.889, "Actual Total Time": 17.394, "Actual Rows": 5913, "Actual Loops": 1, "Output": ["ph.id", "ph.posthistorytypeid", "ph.postid", "ph.creationdate", "ph.userid"], "Filter": "(ph.posthistorytypeid = 25)", "Rows Removed by Filter": 124081}, {"Node Type": "Index Only Scan", "Parent Relationship": "Inner", "Parallel Aware": false, "Scan Direction": "Forward", "Index Name": "idx_badges_userid", "Relation Name": "badges", "Schema": "public", "Alias": "b", "Startup Cost": 0.29, "Total Cost": 0.38, "Plan Rows": 3, "Plan Width": 4, "Actual Startup Time": 0.0, "Actual Total Time": 0.0, "Actual Rows": 0, "Actual Loops": 5913, "Output": ["b.userid"], "Index Cond": "(b.userid = ph.userid)", "Rows Removed by Index Recheck": 0, "Heap Fetches": 0}]}, {"Node Type": "Hash", "Parent Relationship": "Inner", "Parallel Aware": false, "Startup Cost": 2100.85, "Total Cost": 2100.85, "Plan Rows": 75291, "Plan Width": 8, "Actual Startup Time": 0.0, "Actual Total Time": 0.0, "Actual Rows": 0, "Actual Loops": 0, "Output": ["c.userid", "u.id"], "Plans": [{"Node Type": "Hash Join", "Parent Relationship": "Outer", "Parallel Aware": false, "Join Type": "Inner", "Startup Cost": 515.91, "Total Cost": 2100.85, "Plan Rows": 75291, "Plan Width": 8, "Actual Startup Time": 0.0, "Actual Total Time": 0.0, "Actual Rows": 0, "Actual Loops": 0, "Output": ["c.userid", "u.id"], "Inner Unique": true, "Hash Cond": "(c.userid = u.id)", "Plans": [{"Node Type": "Seq Scan", "Parent Relationship": "Outer", "Parallel Aware": false, "Relation Name": "comments", "Schema": "public", "Alias": "c", "Startup Cost": 0.0, "Total Cost": 1376.57, "Plan Rows": 79357, "Plan Width": 4, "Actual Startup Time": 0.0, "Actual Total Time": 0.0, "Actual Rows": 0, "Actual Loops": 0, "Output": ["c.id", "c.postid", "c.score", "c.creationdate", "c.userid"]}, {"Node Type": "Hash", "Parent Relationship": "Inner", "Parallel Aware": false, "Startup Cost": 334.02, "Total Cost": 334.02, "Plan Rows": 14551, "Plan Width": 4, "Actual Startup Time": 0.0, "Actual Total Time": 0.0, "Actual Rows": 0, "Actual Loops": 0, "Output": ["u.id"], "Plans": [{"Node Type": "Seq Scan", "Parent Relationship": "Outer", "Parallel Aware": false, "Relation Name": "users", "Schema": "public", "Alias": "u", "Startup Cost": 0.0, "Total Cost": 334.02, "Plan Rows": 14551, "Plan Width": 4, "Actual Startup Time": 0.0, "Actual Total Time": 0.0, "Actual Rows": 0, "Actual Loops": 0, "Output": ["u.id"], "Filter": "((u.views <= 86) AND (u.downvotes >= 0))", "Rows Removed by Filter": 0}]}]}]}]}]}, "Planning Time": 1.916, "Triggers": [], "Execution Time": 19.474}]#####[{"Plan": {"Node Type": "Aggregate", "Strategy": "Plain", "Partial Mode": "Simple", "Parallel Aware": false, "Startup Cost": 383137.43, "Total Cost": 383137.44, "Plan Rows": 1, "Plan Width": 8, "Actual Startup Time": 18.062, "Actual Total Time": 18.067, "Actual Rows": 1, "Actual Loops": 1, "Output": ["count(*)"], "Plans": [{"Node Type": "Hash Join", "Parent Relationship": "Outer", "Parallel Aware": false, "Join Type": "Inner", "Startup Cost": 4155.77, "Total Cost": 6946.55, "Plan Rows": 150476352, "Plan Width": 0, "Actual Startup Time": 18.056, "Actual Total Time": 18.061, "Actual Rows": 0, "Actual Loops": 1, "Inner Unique": false, "Hash Cond": "(c.userid = u.id)", "Plans": [{"Node Type": "Seq Scan", "Parent Relationship": "Outer", "Parallel Aware": false, "Relation Name": "comments", "Schema": "public", "Alias": "c", "Startup Cost": 0.0, "Total Cost": 1376.57, "Plan Rows": 79357, "Plan Width": 4, "Actual Startup Time": 0.007, "Actual Total Time": 0.009, "Actual Rows": 1, "Actual Loops": 1, "Output": ["c.id", "c.postid", "c.score", "c.creationdate", "c.userid"]}, {"Node Type": "Hash", "Parent Relationship": "Inner", "Parallel Aware": false, "Startup Cost": 3909.99, "Total Cost": 3909.99, "Plan Rows": 19663, "Plan Width": 12, "Actual Startup Time": 17.869, "Actual Total Time": 17.872, "Actual Rows": 0, "Actual Loops": 1, "Output": ["ph.userid", "b.userid", "u.id"], "Hash Buckets": 32768, "Original Hash Buckets": 32768, "Hash Batches": 1, "Original Hash Batches": 1, "Peak Memory Usage": 256, "Plans": [{"Node Type": "Hash Join", "Parent Relationship": "Outer", "Parallel Aware": false, "Join Type": "Inner", "Startup Cost": 3169.84, "Total Cost": 3909.99, "Plan Rows": 19663, "Plan Width": 12, "Actual Startup Time": 17.868, "Actual Total Time": 17.871, "Actual Rows": 0, "Actual Loops": 1, "Output": ["ph.userid", "b.userid", "u.id"], "Inner Unique": false, "Hash Cond": "(b.userid = u.id)", "Plans": [{"Node Type": "Seq Scan", "Parent Relationship": "Outer", "Parallel Aware": false, "Relation Name": "badges", "Schema": "public", "Alias": "b", "Startup Cost": 0.0, "Total Cost": 503.24, "Plan Rows": 32624, "Plan Width": 4, "Actual Startup Time": 0.011, "Actual Total Time": 0.011, "Actual Rows": 1, "Actual Loops": 1, "Output": ["b.id", "b.userid", "b.date"]}, {"Node Type": "Hash", "Parent Relationship": "Inner", "Parallel Aware": false, "Startup Cost": 3104.27, "Total Cost": 3104.27, "Plan Rows": 5245, "Plan Width": 8, "Actual Startup Time": 17.819, "Actual Total Time": 17.821, "Actual Rows": 0, "Actual Loops": 1, "Output": ["ph.userid", "u.id"], "Hash Buckets": 8192, "Original Hash Buckets": 8192, "Hash Batches": 1, "Original Hash Batches": 1, "Peak Memory Usage": 64, "Plans": [{"Node Type": "Hash Join", "Parent Relationship": "Outer", "Parallel Aware": false, "Join Type": "Inner", "Startup Cost": 515.91, "Total Cost": 3104.27, "Plan Rows": 5245, "Plan Width": 8, "Actual Startup Time": 17.818, "Actual Total Time": 17.82, "Actual Rows": 0, "Actual Loops": 1, "Output": ["ph.userid", "u.id"], "Inner Unique": true, "Hash Cond": "(ph.userid = u.id)", "Plans": [{"Node Type": "Seq Scan", "Parent Relationship": "Outer", "Parallel Aware": false, "Relation Name": "posthistory", "Schema": "public", "Alias": "ph", "Startup Cost": 0.0, "Total Cost": 2572.93, "Plan Rows": 5880, "Plan Width": 4, "Actual Startup Time": 2.078, "Actual Total Time": 12.561, "Actual Rows": 5913, "Actual Loops": 1, "Output": ["ph.id", "ph.posthistorytypeid", "ph.postid", "ph.creationdate", "ph.userid"], "Filter": "(ph.posthistorytypeid = 25)", "Rows Removed by Filter": 124081}, {"Node Type": "Hash", "Parent Relationship": "Inner", "Parallel Aware": false, "Startup Cost": 334.02, "Total Cost": 334.02, "Plan Rows": 14551, "Plan Width": 4, "Actual Startup Time": 4.839, "Actual Total Time": 4.839, "Actual Rows": 14551, "Actual Loops": 1, "Output": ["u.id"], "Hash Buckets": 16384, "Original Hash Buckets": 16384, "Hash Batches": 1, "Original Hash Batches": 1, "Peak Memory Usage": 640, "Plans": [{"Node Type": "Seq Scan", "Parent Relationship": "Outer", "Parallel Aware": false, "Relation Name": "users", "Schema": "public", "Alias": "u", "Startup Cost": 0.0, "Total Cost": 334.02, "Plan Rows": 14551, "Plan Width": 4, "Actual Startup Time": 0.013, "Actual Total Time": 2.913, "Actual Rows": 14551, "Actual Loops": 1, "Output": ["u.id"], "Filter": "((u.views <= 86) AND (u.downvotes >= 0))", "Rows Removed by Filter": 384}]}]}]}]}]}]}]}, "Planning Time": 2.457, "Triggers": [], "Execution Time": 18.243}]#####[{"Plan": {"Node Type": "Aggregate", "Strategy": "Plain", "Partial Mode": "Simple", "Parallel Aware": false, "Startup Cost": 381748.55, "Total Cost": 381748.56, "Plan Rows": 1, "Plan Width": 8, "Actual Startup Time": 16.742, "Actual Total Time": 16.747, "Actual Rows": 1, "Actual Loops": 1, "Output": ["count(*)"], "Plans": [{"Node Type": "Nested Loop", "Parent Relationship": "Outer", "Parallel Aware": false, "Join Type": "Inner", "Startup Cost": 3170.13, "Total Cost": 5557.67, "Plan Rows": 150476352, "Plan Width": 0, "Actual Startup Time": 16.736, "Actual Total Time": 16.741, "Actual Rows": 0, "Actual Loops": 1, "Inner Unique": false, "Plans": [{"Node Type": "Hash Join", "Parent Relationship": "Outer", "Parallel Aware": false, "Join Type": "Inner", "Startup Cost": 3169.84, "Total Cost": 3909.99, "Plan Rows": 1966, "Plan Width": 12, "Actual Startup Time": 16.736, "Actual Total Time": 16.74, "Actual Rows": 0, "Actual Loops": 1, "Output": ["ph.userid", "b.userid", "u.id"], "Inner Unique": false, "Hash Cond": "(b.userid = u.id)", "Plans": [{"Node Type": "Seq Scan", "Parent Relationship": "Outer", "Parallel Aware": false, "Relation Name": "badges", "Schema": "public", "Alias": "b", "Startup Cost": 0.0, "Total Cost": 503.24, "Plan Rows": 32624, "Plan Width": 4, "Actual Startup Time": 0.011, "Actual Total Time": 0.012, "Actual Rows": 1, "Actual Loops": 1, "Output": ["b.id", "b.userid", "b.date"]}, {"Node Type": "Hash", "Parent Relationship": "Inner", "Parallel Aware": false, "Startup Cost": 3104.27, "Total Cost": 3104.27, "Plan Rows": 5245, "Plan Width": 8, "Actual Startup Time": 16.673, "Actual Total Time": 16.676, "Actual Rows": 0, "Actual Loops": 1, "Output": ["ph.userid", "u.id"], "Hash Buckets": 8192, "Original Hash Buckets": 8192, "Hash Batches": 1, "Original Hash Batches": 1, "Peak Memory Usage": 64, "Plans": [{"Node Type": "Hash Join", "Parent Relationship": "Outer", "Parallel Aware": false, "Join Type": "Inner", "Startup Cost": 515.91, "Total Cost": 3104.27, "Plan Rows": 5245, "Plan Width": 8, "Actual Startup Time": 16.673, "Actual Total Time": 16.675, "Actual Rows": 0, "Actual Loops": 1, "Output": ["ph.userid", "u.id"], "Inner Unique": true, "Hash Cond": "(ph.userid = u.id)", "Plans": [{"Node Type": "Seq Scan", "Parent Relationship": "Outer", "Parallel Aware": false, "Relation Name": "posthistory", "Schema": "public", "Alias": "ph", "Startup Cost": 0.0, "Total Cost": 2572.93, "Plan Rows": 5880, "Plan Width": 4, "Actual Startup Time": 1.757, "Actual Total Time": 11.152, "Actual Rows": 5913, "Actual Loops": 1, "Output": ["ph.id", "ph.posthistorytypeid", "ph.postid", "ph.creationdate", "ph.userid"], "Filter": "(ph.posthistorytypeid = 25)", "Rows Removed by Filter": 124081}, {"Node Type": "Hash", "Parent Relationship": "Inner", "Parallel Aware": false, "Startup Cost": 334.02, "Total Cost": 334.02, "Plan Rows": 14551, "Plan Width": 4, "Actual Startup Time": 5.154, "Actual Total Time": 5.155, "Actual Rows": 14551, "Actual Loops": 1, "Output": ["u.id"], "Hash Buckets": 16384, "Original Hash Buckets": 16384, "Hash Batches": 1, "Original Hash Batches": 1, "Peak Memory Usage": 640, "Plans": [{"Node Type": "Seq Scan", "Parent Relationship": "Outer", "Parallel Aware": false, "Relation Name": "users", "Schema": "public", "Alias": "u", "Startup Cost": 0.0, "Total Cost": 334.02, "Plan Rows": 14551, "Plan Width": 4, "Actual Startup Time": 0.012, "Actual Total Time": 3.093, "Actual Rows": 14551, "Actual Loops": 1, "Output": ["u.id"], "Filter": "((u.views <= 86) AND (u.downvotes >= 0))", "Rows Removed by Filter": 384}]}]}]}]}, {"Node Type": "Index Only Scan", "Parent Relationship": "Inner", "Parallel Aware": false, "Scan Direction": "Forward", "Index Name": "idx_comments_userid", "Relation Name": "comments", "Schema": "public", "Alias": "c", "Startup Cost": 0.29, "Total Cost": 0.65, "Plan Rows": 19, "Plan Width": 4, "Actual Startup Time": 0.0, "Actual Total Time": 0.0, "Actual Rows": 0, "Actual Loops": 0, "Output": ["c.userid"], "Index Cond": "(c.userid = u.id)", "Rows Removed by Index Recheck": 0, "Heap Fetches": 0}]}]}, "Planning Time": 1.75, "Triggers": [], "Execution Time": 16.893}]
[{"Plan": {"Node Type": "Aggregate", "Strategy": "Plain", "Partial Mode": "Simple", "Parallel Aware": false, "Startup Cost": 4429.69, "Total Cost": 4429.7, "Plan Rows": 1, "Plan Width": 8, "Actual Startup Time": 56.533, "Actual Total Time": 56.538, "Actual Rows": 1, "Actual Loops": 1, "Output": ["count(*)"], "Plans": [{"Node Type": "Nested Loop", "Parent Relationship": "Outer", "Parallel Aware": false, "Join Type": "Inner", "Startup Cost": 1177.16, "Total Cost": 4427.38, "Plan Rows": 926, "Plan Width": 0, "Actual Startup Time": 7.218, "Actual Total Time": 54.817, "Actual Rows": 39468, "Actual Loops": 1, "Inner Unique": false, "Join Filter": "(p.id = v.postid)", "Rows Removed by Join Filter": 0, "Plans": [{"Node Type": "Nested Loop", "Parent Relationship": "Outer", "Parallel Aware": false, "Join Type": "Inner", "Startup Cost": 1176.87, "Total Cost": 2888.93, "Plan Rows": 2831, "Plan Width": 16, "Actual Startup Time": 7.201, "Actual Total Time": 26.604, "Actual Rows": 10838, "Actual Loops": 1, "Output": ["c.postid", "p.id", "pl.postid", "ph.postid"], "Inner Unique": false, "Join Filter": "(p.id = c.postid)", "Rows Removed by Join Filter": 0, "Plans": [{"Node Type": "Nested Loop", "Parent Relationship": "Outer", "Parallel Aware": false, "Join Type": "Inner", "Startup Cost": 1176.58, "Total Cost": 2263.72, "Plan Rows": 1468, "Plan Width": 12, "Actual Startup Time": 7.19, "Actual Total Time": 20.716, "Actual Rows": 3530, "Actual Loops": 1, "Output": ["p.id", "pl.postid", "ph.postid"], "Inner Unique": false, "Plans": [{"Node Type": "Hash Join", "Parent Relationship": "Outer", "Parallel Aware": false, "Join Type": "Inner", "Startup Cost": 1176.28, "Total Cost": 1263.26, "Plan Rows": 1478, "Plan Width": 8, "Actual Startup Time": 7.171, "Actual Total Time": 8.637, "Actual Rows": 3530, "Actual Loops": 1, "Output": ["p.id", "pl.postid"], "Inner Unique": true, "Hash Cond": "(pl.postid = p.id)", "Plans": [{"Node Type": "Seq Scan", "Parent Relationship": "Outer", "Parallel Aware": false, "Relation Name": "postlinks", "Schema": "public", "Alias": "pl", "Startup Cost": 0.0, "Total Cost": 76.91, "Plan Rows": 3833, "Plan Width": 4, "Actual Startup Time": 0.009, "Actual Total Time": 0.6, "Actual Rows": 3833, "Actual Loops": 1, "Output": ["pl.id", "pl.creationdate", "pl.postid", "pl.relatedpostid", "pl.linktypeid"], "Filter": "(pl.creationdate <= '2014-09-07 20:45:27'::timestamp without time zone)", "Rows Removed by Filter": 0}, {"Node Type": "Hash", "Parent Relationship": "Inner", "Parallel Aware": false, "Startup Cost": 977.75, "Total Cost": 977.75, "Plan Rows": 15883, "Plan Width": 4, "Actual Startup Time": 7.092, "Actual Total Time": 7.093, "Actual Rows": 15890, "Actual Loops": 1, "Output": ["p.id"], "Hash Buckets": 16384, "Original Hash Buckets": 16384, "Hash Batches": 1, "Original Hash Batches": 1, "Peak Memory Usage": 687, "Plans": [{"Node Type": "Seq Scan", "Parent Relationship": "Outer", "Parallel Aware": false, "Relation Name": "posts", "Schema": "public", "Alias": "p", "Startup Cost": 0.0, "Total Cost": 977.75, "Plan Rows": 15883, "Plan Width": 4, "Actual Startup Time": 0.012, "Actual Total Time": 5.562, "Actual Rows": 15890, "Actual Loops": 1, "Output": ["p.id"], "Filter": "((p.answercount >= 0) AND (p.answercount <= 4))", "Rows Removed by Filter": 25293}]}]}, {"Node Type": "Index Scan", "Parent Relationship": "Inner", "Parallel Aware": false, "Scan Direction": "Forward", "Index Name": "idx_posthistory_postid", "Relation Name": "posthistory", "Schema": "public", "Alias": "ph", "Startup Cost": 0.29, "Total Cost": 0.67, "Plan Rows": 1, "Plan Width": 4, "Actual Startup Time": 0.002, "Actual Total Time": 0.003, "Actual Rows": 1, "Actual Loops": 3530, "Output": ["ph.id", "ph.posthistorytypeid", "ph.postid", "ph.creationdate", "ph.userid"], "Index Cond": "(ph.postid = p.id)", "Rows Removed by Index Recheck": 0, "Filter": "(ph.posthistorytypeid = 2)", "Rows Removed by Filter": 5}]}, {"Node Type": "Index Only Scan", "Parent Relationship": "Inner", "Parallel Aware": false, "Scan Direction": "Forward", "Index Name": "idx_comments_postid", "Relation Name": "comments", "Schema": "public", "Alias": "c", "Startup Cost": 0.29, "Total Cost": 0.38, "Plan Rows": 4, "Plan Width": 4, "Actual Startup Time": 0.001, "Actual Total Time": 0.001, "Actual Rows": 3, "Actual Loops": 3530, "Output": ["c.postid"], "Index Cond": "(c.postid = ph.postid)", "Rows Removed by Index Recheck": 0, "Heap Fetches": 0}]}, {"Node Type": "Index Scan", "Parent Relationship": "Inner", "Parallel Aware": false, "Scan Direction": "Forward", "Index Name": "idx_votes_postid", "Relation Name": "votes", "Schema": "public", "Alias": "v", "Startup Cost": 0.29, "Total Cost": 0.48, "Plan Rows": 5, "Plan Width": 4, "Actual Startup Time": 0.001, "Actual Total Time": 0.002, "Actual Rows": 4, "Actual Loops": 10838, "Output": ["v.id", "v.postid", "v.votetypeid", "v.creationdate", "v.userid", "v.bountyamount"], "Index Cond": "(v.postid = c.postid)", "Rows Removed by Index Recheck": 0, "Filter": "(v.votetypeid = 2)", "Rows Removed by Filter": 1}]}]}, "Planning Time": 4.362, "Triggers": [], "Execution Time": 56.632}]#####[{"Plan": {"Node Type": "Aggregate", "Strategy": "Plain", "Partial Mode": "Simple", "Parallel Aware": false, "Startup Cost": 9855.61, "Total Cost": 9855.62, "Plan Rows": 1, "Plan Width": 8, "Actual Startup Time": 65.679, "Actual Total Time": 65.686, "Actual Rows": 1, "Actual Loops": 1, "Output": ["count(*)"], "Plans": [{"Node Type": "Hash Join", "Parent Relationship": "Outer", "Parallel Aware": false, "Join Type": "Inner", "Startup Cost": 3268.88, "Total Cost": 9832.46, "Plan Rows": 9262, "Plan Width": 0, "Actual Startup Time": 29.225, "Actual Total Time": 64.163, "Actual Rows": 39468, "Actual Loops": 1, "Inner Unique": false, "Hash Cond": "(pl.postid = p.id)", "Plans": [{"Node Type": "Nested Loop", "Parent Relationship": "Outer", "Parallel Aware": false, "Join Type": "Inner", "Startup Cost": 125.12, "Total Cost": 6346.36, "Plan Rows": 27537, "Plan Width": 12, "Actual Startup Time": 0.947, "Actual Total Time": 33.612, "Actual Rows": 17775, "Actual Loops": 1, "Output": ["pl.postid", "ph.postid", "v.postid"], "Inner Unique": false, "Join Filter": "(pl.postid = v.postid)", "Rows Removed by Join Filter": 0, "Plans": [{"Node Type": "Hash Join", "Parent Relationship": "Outer", "Parallel Aware": false, "Join Type": "Inner", "Startup Cost": 124.82, "Total Cost": 3260.2, "Plan Rows": 5098, "Plan Width": 8, "Actual Startup Time": 0.93, "Actual Total Time": 16.372, "Actual Rows": 3833, "Actual Loops": 1, "Output": ["pl.postid", "ph.postid"], "Inner Unique": false, "Hash Cond": "(ph.postid = pl.postid)", "Plans": [{"Node Type": "Seq Scan", "Parent Relationship": "Outer", "Parallel Aware": false, "Relation Name": "posthistory", "Schema": "public", "Alias": "ph", "Startup Cost": 0.0, "Total Cost": 2572.93, "Plan Rows": 40918, "Plan Width": 4, "Actual Startup Time": 0.01, "Actual Total Time": 11.544, "Actual Rows": 41183, "Actual Loops": 1, "Output": ["ph.id", "ph.posthistorytypeid", "ph.postid", "ph.creationdate", "ph.userid"], "Filter": "(ph.posthistorytypeid = 2)", "Rows Removed by Filter": 88811}, {"Node Type": "Hash", "Parent Relationship": "Inner", "Parallel Aware": false, "Startup Cost": 76.91, "Total Cost": 76.91, "Plan Rows": 3833, "Plan Width": 4, "Actual Startup Time": 0.887, "Actual Total Time": 0.888, "Actual Rows": 3833, "Actual Loops": 1, "Output": ["pl.postid"], "Hash Buckets": 4096, "Original Hash Buckets": 4096, "Hash Batches": 1, "Original Hash Batches": 1, "Peak Memory Usage": 167, "Plans": [{"Node Type": "Seq Scan", "Parent Relationship": "Outer", "Parallel Aware": false, "Relation Name": "postlinks", "Schema": "public", "Alias": "pl", "Startup Cost": 0.0, "Total Cost": 76.91, "Plan Rows": 3833, "Plan Width": 4, "Actual Startup Time": 0.008, "Actual Total Time": 0.546, "Actual Rows": 3833, "Actual Loops": 1, "Output": ["pl.postid"], "Filter": "(pl.creationdate <= '2014-09-07 20:45:27'::timestamp without time zone)", "Rows Removed by Filter": 0}]}]}, {"Node Type": "Index Scan", "Parent Relationship": "Inner", "Parallel Aware": false, "Scan Direction": "Forward", "Index Name": "idx_votes_postid", "Relation Name": "votes", "Schema": "public", "Alias": "v", "Startup Cost": 0.29, "Total Cost": 0.54, "Plan Rows": 5, "Plan Width": 4, "Actual Startup Time": 0.001, "Actual Total Time": 0.004, "Actual Rows": 5, "Actual Loops": 3833, "Output": ["v.id", "v.postid", "v.votetypeid", "v.creationdate", "v.userid", "v.bountyamount"], "Index Cond": "(v.postid = ph.postid)", "Rows Removed by Index Recheck": 0, "Filter": "(v.votetypeid = 2)", "Rows Removed by Filter": 2}]}, {"Node Type": "Hash", "Parent Relationship": "Inner", "Parallel Aware": false, "Startup Cost": 2761.19, "Total Cost": 2761.19, "Plan Rows": 30606, "Plan Width": 8, "Actual Startup Time": 26.521, "Actual Total Time": 26.522, "Actual Rows": 34982, "Actual Loops": 1, "Output": ["c.postid", "p.id"], "Hash Buckets": 65536, "Original Hash Buckets": 32768, "Hash Batches": 1, "Original Hash Batches": 1, "Peak Memory Usage": 1879, "Plans": [{"Node Type": "Hash Join", "Parent Relationship": "Outer", "Parallel Aware": false, "Join Type": "Inner", "Startup Cost": 1176.28, "Total Cost": 2761.19, "Plan Rows": 30606, "Plan Width": 8, "Actual Startup Time": 7.052, "Actual Total Time": 22.475, "Actual Rows": 34982, "Actual Loops": 1, "Output": ["c.postid", "p.id"], "Inner Unique": true, "Hash Cond": "(c.postid = p.id)", "Plans": [{"Node Type": "Seq Scan", "Parent Relationship": "Outer", "Parallel Aware": false, "Relation Name": "comments", "Schema": "public", "Alias": "c", "Startup Cost": 0.0, "Total Cost": 1376.57, "Plan Rows": 79357, "Plan Width": 4, "Actual Startup Time": 0.004, "Actual Total Time": 4.493, "Actual Rows": 79357, "Actual Loops": 1, "Output": ["c.id", "c.postid", "c.score", "c.creationdate", "c.userid"]}, {"Node Type": "Hash", "Parent Relationship": "Inner", "Parallel Aware": false, "Startup Cost": 977.75, "Total Cost": 977.75, "Plan Rows": 15883, "Plan Width": 4, "Actual Startup Time": 6.993, "Actual Total Time": 6.993, "Actual Rows": 15890, "Actual Loops": 1, "Output": ["p.id"], "Hash Buckets": 16384, "Original Hash Buckets": 16384, "Hash Batches": 1, "Original Hash Batches": 1, "Peak Memory Usage": 687, "Plans": [{"Node Type": "Seq Scan", "Parent Relationship": "Outer", "Parallel Aware": false, "Relation Name": "posts", "Schema": "public", "Alias": "p", "Startup Cost": 0.0, "Total Cost": 977.75, "Plan Rows": 15883, "Plan Width": 4, "Actual Startup Time": 0.009, "Actual Total Time": 5.489, "Actual Rows": 15890, "Actual Loops": 1, "Output": ["p.id"], "Filter": "((p.answercount >= 0) AND (p.answercount <= 4))", "Rows Removed by Filter": 25293}]}]}]}]}]}, "Planning Time": 4.209, "Triggers": [], "Execution Time": 65.838}]#####[{"Plan": {"Node Type": "Aggregate", "Strategy": "Plain", "Partial Mode": "Simple", "Parallel Aware": false, "Startup Cost": 6573.99, "Total Cost": 6574.0, "Plan Rows": 1, "Plan Width": 8, "Actual Startup Time": 52.177, "Actual Total Time": 52.184, "Actual Rows": 1, "Actual Loops": 1, "Output": ["count(*)"], "Plans": [{"Node Type": "Hash Join", "Parent Relationship": "Outer", "Parallel Aware": false, "Join Type": "Inner", "Startup Cost": 3752.77, "Total Cost": 6550.83, "Plan Rows": 9262, "Plan Width": 0, "Actual Startup Time": 36.451, "Actual Total Time": 50.75, "Actual Rows": 39468, "Actual Loops": 1, "Inner Unique": false, "Hash Cond": "(c.postid = p.id)", "Plans": [{"Node Type": "Seq Scan", "Parent Relationship": "Outer", "Parallel Aware": false, "Relation Name": "comments", "Schema": "public", "Alias": "c", "Startup Cost": 0.0, "Total Cost": 1376.57, "Plan Rows": 79357, "Plan Width": 4, "Actual Startup Time": 0.006, "Actual Total Time": 4.391, "Actual Rows": 79357, "Actual Loops": 1, "Output": ["c.id", "c.postid", "c.score", "c.creationdate", "c.userid"]}, {"Node Type": "Hash", "Parent Relationship": "Inner", "Parallel Aware": false, "Startup Cost": 3152.4, "Total Cost": 3152.4, "Plan Rows": 48030, "Plan Width": 16, "Actual Startup Time": 36.198, "Actual Total Time": 36.203, "Actual Rows": 12079, "Actual Loops": 1, "Output": ["p.id", "pl.postid", "ph.postid", "v.postid"], "Hash Buckets": 65536, "Original Hash Buckets": 65536, "Hash Batches": 1, "Original Hash Batches": 1, "Peak Memory Usage": 1079, "Plans": [{"Node Type": "Nested Loop", "Parent Relationship": "Outer", "Parallel Aware": false, "Join Type": "Inner", "Startup Cost": 1176.87, "Total Cost": 3152.4, "Plan Rows": 48030, "Plan Width": 16, "Actual Startup Time": 7.125, "Actual Total Time": 34.477, "Actual Rows": 12079, "Actual Loops": 1, "Output": ["p.id", "pl.postid", "ph.postid", "v.postid"], "Inner Unique": false, "Join Filter": "(p.id = v.postid)", "Rows Removed by Join Filter": 0, "Plans": [{"Node Type": "Nested Loop", "Parent Relationship": "Outer", "Parallel Aware": false, "Join Type": "Inner", "Startup Cost": 1176.58, "Total Cost": 2263.72, "Plan Rows": 1468, "Plan Width": 12, "Actual Startup Time": 7.109, "Actual Total Time": 20.402, "Actual Rows": 3530, "Actual Loops": 1, "Output": ["p.id", "pl.postid", "ph.postid"], "Inner Unique": false, "Plans": [{"Node Type": "Hash Join", "Parent Relationship": "Outer", "Parallel Aware": false, "Join Type": "Inner", "Startup Cost": 1176.28, "Total Cost": 1263.26, "Plan Rows": 1478, "Plan Width": 8, "Actual Startup Time": 7.083, "Actual Total Time": 8.507, "Actual Rows": 3530, "Actual Loops": 1, "Output": ["p.id", "pl.postid"], "Inner Unique": true, "Hash Cond": "(pl.postid = p.id)", "Plans": [{"Node Type": "Seq Scan", "Parent Relationship": "Outer", "Parallel Aware": false, "Relation Name": "postlinks", "Schema": "public", "Alias": "pl", "Startup Cost": 0.0, "Total Cost": 76.91, "Plan Rows": 3833, "Plan Width": 4, "Actual Startup Time": 0.008, "Actual Total Time": 0.609, "Actual Rows": 3833, "Actual Loops": 1, "Output": ["pl.id", "pl.creationdate", "pl.postid", "pl.relatedpostid", "pl.linktypeid"], "Filter": "(pl.creationdate <= '2014-09-07 20:45:27'::timestamp without time zone)", "Rows Removed by Filter": 0}, {"Node Type": "Hash", "Parent Relationship": "Inner", "Parallel Aware": false, "Startup Cost": 977.75, "Total Cost": 977.75, "Plan Rows": 15883, "Plan Width": 4, "Actual Startup Time": 7.024, "Actual Total Time": 7.025, "Actual Rows": 15890, "Actual Loops": 1, "Output": ["p.id"], "Hash Buckets": 16384, "Original Hash Buckets": 16384, "Hash Batches": 1, "Original Hash Batches": 1, "Peak Memory Usage": 687, "Plans": [{"Node Type": "Seq Scan", "Parent Relationship": "Outer", "Parallel Aware": false, "Relation Name": "posts", "Schema": "public", "Alias": "p", "Startup Cost": 0.0, "Total Cost": 977.75, "Plan Rows": 15883, "Plan Width": 4, "Actual Startup Time": 0.014, "Actual Total Time": 5.514, "Actual Rows": 15890, "Actual Loops": 1, "Output": ["p.id"], "Filter": "((p.answercount >= 0) AND (p.answercount <= 4))", "Rows Removed by Filter": 25293}]}]}, {"Node Type": "Index Scan", "Parent Relationship": "Inner", "Parallel Aware": false, "Scan Direction": "Forward", "Index Name": "idx_posthistory_postid", "Relation Name": "posthistory", "Schema": "public", "Alias": "ph", "Startup Cost": 0.29, "Total Cost": 0.67, "Plan Rows": 1, "Plan Width": 4, "Actual Startup Time": 0.002, "Actual Total Time": 0.003, "Actual Rows": 1, "Actual Loops": 3530, "Output": ["ph.id", "ph.posthistorytypeid", "ph.postid", "ph.creationdate", "ph.userid"], "Index Cond": "(ph.postid = p.id)", "Rows Removed by Index Recheck": 0, "Filter": "(ph.posthistorytypeid = 2)", "Rows Removed by Filter": 5}]}, {"Node Type": "Index Scan", "Parent Relationship": "Inner", "Parallel Aware": false, "Scan Direction": "Forward", "Index Name": "idx_votes_postid", "Relation Name": "votes", "Schema": "public", "Alias": "v", "Startup Cost": 0.29, "Total Cost": 0.54, "Plan Rows": 5, "Plan Width": 4, "Actual Startup Time": 0.002, "Actual Total Time": 0.004, "Actual Rows": 3, "Actual Loops": 3530, "Output": ["v.id", "v.postid", "v.votetypeid", "v.creationdate", "v.userid", "v.bountyamount"], "Index Cond": "(v.postid = ph.postid)", "Rows Removed by Index Recheck": 0, "Filter": "(v.votetypeid = 2)", "Rows Removed by Filter": 1}]}]}]}]}, "Planning Time": 2.645, "Triggers": [], "Execution Time": 52.327}]
[{"Plan": {"Node Type": "Aggregate", "Strategy": "Plain", "Partial Mode": "Simple", "Parallel Aware": false, "Startup Cost": 83988.09, "Total Cost": 83988.1, "Plan Rows": 1, "Plan Width": 8, "Actual Startup Time": 53139.933, "Actual Total Time": 53139.94, "Actual Rows": 1, "Actual Loops": 1, "Output": ["count(*)"], "Plans": [{"Node Type": "Hash Join", "Parent Relationship": "Outer", "Parallel Aware": false, "Join Type": "Inner", "Startup Cost": 2909.5, "Total Cost": 36771.03, "Plan Rows": 18886825, "Plan Width": 0, "Actual Startup Time": 26.38, "Actual Total Time": 34022.265, "Actual Rows": 550098458, "Actual Loops": 1, "Inner Unique": false, "Hash Cond": "(ph.userid = u.id)", "Plans": [{"Node Type": "Nested Loop", "Parent Relationship": "Outer", "Parallel Aware": false, "Join Type": "Inner", "Startup Cost": 0.58, "Total Cost": 2518.09, "Plan Rows": 723531, "Plan Width": 12, "Actual Startup Time": 0.092, "Actual Total Time": 155.498, "Actual Rows": 938713, "Actual Loops": 1, "Output": ["p.owneruserid", "ph.userid", "b.userid"], "Inner Unique": false, "Plans": [{"Node Type": "Nested Loop", "Parent Relationship": "Outer", "Parallel Aware": false, "Join Type": "Inner", "Startup Cost": 0.29, "Total Cost": 1440.38, "Plan Rows": 1254, "Plan Width": 8, "Actual Startup Time": 0.079, "Actual Total Time": 6.652, "Actual Rows": 2770, "Actual Loops": 1, "Output": ["p.owneruserid", "b.userid"], "Inner Unique": false, "Plans": [{"Node Type": "Seq Scan", "Parent Relationship": "Outer", "Parallel Aware": false, "Relation Name": "posts", "Schema": "public", "Alias": "p", "Startup Cost": 0.0, "Total Cost": 1286.62, "Plan Rows": 48, "Plan Width": 4, "Actual Startup Time": 0.059, "Actual Total Time": 5.35, "Actual Rows": 337, "Actual Loops": 1, "Output": ["p.id", "p.posttypeid", "p.creationdate", "p.score", "p.viewcount", "p.owneruserid", "p.answercount", "p.commentcount", "p.favoritecount", "p.lasteditoruserid"], "Filter": "((p.viewcount >= 2) AND (p.viewcount <= 4400) AND (p.creationdate <= '2015-04-11 09:58:16'::timestamp without time zone) AND (p.favoritecount = 0) AND (p.posttypeid = 1))", "Rows Removed by Filter": 40846}, {"Node Type": "Index Only Scan", "Parent Relationship": "Inner", "Parallel Aware": false, "Scan Direction": "Forward", "Index Name": "idx_badges_userid", "Relation Name": "badges", "Schema": "public", "Alias": "b", "Startup Cost": 0.29, "Total Cost": 3.17, "Plan Rows": 3, "Plan Width": 4, "Actual Startup Time": 0.002, "Actual Total Time": 0.003, "Actual Rows": 8, "Actual Loops": 337, "Output": ["b.userid"], "Index Cond": "(b.userid = p.owneruserid)", "Rows Removed by Index Recheck": 0, "Heap Fetches": 0}]}, {"Node Type": "Index Only Scan", "Parent Relationship": "Inner", "Parallel Aware": false, "Scan Direction": "Forward", "Index Name": "idx_posthistory_userid", "Relation Name": "posthistory", "Schema": "public", "Alias": "ph", "Startup Cost": 0.29, "Total Cost": 0.66, "Plan Rows": 20, "Plan Width": 4, "Actual Startup Time": 0.002, "Actual Total Time": 0.029, "Actual Rows": 339, "Actual Loops": 2770, "Output": ["ph.userid"], "Index Cond": "(ph.userid = b.userid)", "Rows Removed by Index Recheck": 0, "Heap Fetches": 0}]}, {"Node Type": "Hash", "Parent Relationship": "Inner", "Parallel Aware": false, "Startup Cost": 2178.55, "Total Cost": 2178.55, "Plan Rows": 58430, "Plan Width": 8, "Actual Startup Time": 26.087, "Actual Total Time": 26.091, "Actual Rows": 58616, "Actual Loops": 1, "Output": ["c.userid", "u.id"], "Hash Buckets": 65536, "Original Hash Buckets": 65536, "Hash Batches": 1, "Original Hash Batches": 1, "Peak Memory Usage": 2802, "Plans": [{"Node Type": "Hash Join", "Parent Relationship": "Outer", "Parallel Aware": false, "Join Type": "Inner", "Startup Cost": 446.04, "Total Cost": 2178.55, "Plan Rows": 58430, "Plan Width": 8, "Actual Startup Time": 3.103, "Actual Total Time": 20.267, "Actual Rows": 58616, "Actual Loops": 1, "Output": ["c.userid", "u.id"], "Inner Unique": true, "Hash Cond": "(c.userid = u.id)", "Plans": [{"Node Type": "Seq Scan", "Parent Relationship": "Outer", "Parallel Aware": false, "Relation Name": "comments", "Schema": "public", "Alias": "c", "Startup Cost": 0.0, "Total Cost": 1574.96, "Plan Rows": 60002, "Plan Width": 4, "Actual Startup Time": 0.006, "Actual Total Time": 9.229, "Actual Rows": 60206, "Actual Loops": 1, "Output": ["c.id", "c.postid", "c.score", "c.creationdate", "c.userid"], "Filter": "(c.score = 0)", "Rows Removed by Filter": 19151}, {"Node Type": "Hash", "Parent Relationship": "Inner", "Parallel Aware": false, "Startup Cost": 259.35, "Total Cost": 259.35, "Plan Rows": 14935, "Plan Width": 4, "Actual Startup Time": 3.049, "Actual Total Time": 3.05, "Actual Rows": 14935, "Actual Loops": 1, "Output": ["u.id"], "Hash Buckets": 16384, "Original Hash Buckets": 16384, "Hash Batches": 1, "Original Hash Batches": 1, "Peak Memory Usage": 654, "Plans": [{"Node Type": "Seq Scan", "Parent Relationship": "Outer", "Parallel Aware": false, "Relation Name": "users", "Schema": "public", "Alias": "u", "Startup Cost": 0.0, "Total Cost": 259.35, "Plan Rows": 14935, "Plan Width": 4, "Actual Startup Time": 0.008, "Actual Total Time": 1.724, "Actual Rows": 14935, "Actual Loops": 1, "Output": ["u.id"]}]}]}]}]}]}, "Planning Time": 3.21, "Triggers": [], "Execution Time": 53140.103}]#####[{"Plan": {"Node Type": "Aggregate", "Strategy": "Plain", "Partial Mode": "Simple", "Parallel Aware": false, "Startup Cost": 480161.49, "Total Cost": 480161.5, "Plan Rows": 1, "Plan Width": 8, "Actual Startup Time": 55683.55, "Actual Total Time": 55683.559, "Actual Rows": 1, "Actual Loops": 1, "Output": ["count(*)"], "Plans": [{"Node Type": "Hash Join", "Parent Relationship": "Outer", "Parallel Aware": false, "Join Type": "Inner", "Startup Cost": 3374.15, "Total Cost": 7990.86, "Plan Rows": 188868253, "Plan Width": 0, "Actual Startup Time": 219.234, "Actual Total Time": 37040.074, "Actual Rows": 550098458, "Actual Loops": 1, "Inner Unique": false, "Hash Cond": "(c.userid = u.id)", "Plans": [{"Node Type": "Seq Scan", "Parent Relationship": "Outer", "Parallel Aware": false, "Relation Name": "comments", "Schema": "public", "Alias": "c", "Startup Cost": 0.0, "Total Cost": 1574.96, "Plan Rows": 60002, "Plan Width": 4, "Actual Startup Time": 0.007, "Actual Total Time": 13.541, "Actual Rows": 60206, "Actual Loops": 1, "Output": ["c.id", "c.postid", "c.score", "c.creationdate", "c.userid"], "Filter": "(c.score = 0)", "Rows Removed by Filter": 19151}, {"Node Type": "Hash", "Parent Relationship": "Inner", "Parallel Aware": false, "Startup Cost": 2546.08, "Total Cost": 2546.08, "Plan Rows": 66246, "Plan Width": 16, "Actual Startup Time": 218.817, "Actual Total Time": 218.821, "Actual Rows": 938713, "Actual Loops": 1, "Output": ["p.owneruserid", "ph.userid", "b.userid", "u.id"], "Hash Buckets": 1048576, "Original Hash Buckets": 131072, "Hash Batches": 1, "Original Hash Batches": 1, "Peak Memory Usage": 52195, "Plans": [{"Node Type": "Nested Loop", "Parent Relationship": "Outer", "Parallel Aware": false, "Join Type": "Inner", "Startup Cost": 0.86, "Total Cost": 2546.08, "Plan Rows": 66246, "Plan Width": 16, "Actual Startup Time": 0.094, "Actual Total Time": 113.87, "Actual Rows": 938713, "Actual Loops": 1, "Output": ["p.owneruserid", "ph.userid", "b.userid", "u.id"], "Inner Unique": false, "Plans": [{"Node Type": "Nested Loop", "Parent Relationship": "Outer", "Parallel Aware": false, "Join Type": "Inner", "Startup Cost": 0.57, "Total Cost": 1443.23, "Plan Rows": 1254, "Plan Width": 12, "Actual Startup Time": 0.079, "Actual Total Time": 7.229, "Actual Rows": 2770, "Actual Loops": 1, "Output": ["p.owneruserid", "b.userid", "u.id"], "Inner Unique": false, "Plans": [{"Node Type": "Nested Loop", "Parent Relationship": "Outer", "Parallel Aware": false, "Join Type": "Inner", "Startup Cost": 0.29, "Total Cost": 1425.14, "Plan Rows": 47, "Plan Width": 8, "Actual Startup Time": 0.066, "Actual Total Time": 6.094, "Actual Rows": 328, "Actual Loops": 1, "Output": ["p.owneruserid", "u.id"], "Inner Unique": true, "Plans": [{"Node Type": "Seq Scan", "Parent Relationship": "Outer", "Parallel Aware": false, "Relation Name": "posts", "Schema": "public", "Alias": "p", "Startup Cost": 0.0, "Total Cost": 1286.62, "Plan Rows": 48, "Plan Width": 4, "Actual Startup Time": 0.057, "Actual Total Time": 5.372, "Actual Rows": 337, "Actual Loops": 1, "Output": ["p.id", "p.posttypeid", "p.creationdate", "p.score", "p.viewcount", "p.owneruserid", "p.answercount", "p.commentcount", "p.favoritecount", "p.lasteditoruserid"], "Filter": "((p.viewcount >= 2) AND (p.viewcount <= 4400) AND (p.creationdate <= '2015-04-11 09:58:16'::timestamp without time zone) AND (p.favoritecount = 0) AND (p.posttypeid = 1))", "Rows Removed by Filter": 40846}, {"Node Type": "Index Only Scan", "Parent Relationship": "Inner", "Parallel Aware": false, "Scan Direction": "Forward", "Index Name": "users_pkey", "Relation Name": "users", "Schema": "public", "Alias": "u", "Startup Cost": 0.29, "Total Cost": 2.89, "Plan Rows": 1, "Plan Width": 4, "Actual Startup Time": 0.002, "Actual Total Time": 0.002, "Actual Rows": 1, "Actual Loops": 337, "Output": ["u.id"], "Index Cond": "(u.id = p.owneruserid)", "Rows Removed by Index Recheck": 0, "Heap Fetches": 0}]}, {"Node Type": "Index Only Scan", "Parent Relationship": "Inner", "Parallel Aware": false, "Scan Direction": "Forward", "Index Name": "idx_badges_userid", "Relation Name": "badges", "Schema": "public", "Alias": "b", "Startup Cost": 0.29, "Total Cost": 0.35, "Plan Rows": 3, "Plan Width": 4, "Actual Startup Time": 0.002, "Actual Total Time": 0.003, "Actual Rows": 8, "Actual Loops": 328, "Output": ["b.userid"], "Index Cond": "(b.userid = u.id)", "Rows Removed by Index Recheck": 0, "Heap Fetches": 0}]}, {"Node Type": "Index Only Scan", "Parent Relationship": "Inner", "Parallel Aware": false, "Scan Direction": "Forward", "Index Name": "idx_posthistory_userid", "Relation Name": "posthistory", "Schema": "public", "Alias": "ph", "Startup Cost": 0.29, "Total Cost": 0.68, "Plan Rows": 20, "Plan Width": 4, "Actual Startup Time": 0.001, "Actual Total Time": 0.019, "Actual Rows": 339, "Actual Loops": 2770, "Output": ["ph.userid"], "Index Cond": "(ph.userid = u.id)", "Rows Removed by Index Recheck": 0, "Heap Fetches": 0}]}]}]}]}, "Planning Time": 6.885, "Triggers": [], "Execution Time": 55684.353}]#####[{"Plan": {"Node Type": "Aggregate", "Strategy": "Plain", "Partial Mode": "Simple", "Parallel Aware": false, "Startup Cost": 514810.34, "Total Cost": 514810.35, "Plan Rows": 1, "Plan Width": 8, "Actual Startup Time": 55800.755, "Actual Total Time": 55800.764, "Actual Rows": 1, "Actual Loops": 1, "Output": ["count(*)"], "Plans": [{"Node Type": "Hash Join", "Parent Relationship": "Outer", "Parallel Aware": false, "Join Type": "Inner", "Startup Cost": 11697.12, "Total Cost": 42639.71, "Plan Rows": 188868253, "Plan Width": 0, "Actual Startup Time": 186.958, "Actual Total Time": 36641.453, "Actual Rows": 550098458, "Actual Loops": 1, "Inner Unique": false, "Hash Cond": "(c.userid = u.id)", "Plans": [{"Node Type": "Seq Scan", "Parent Relationship": "Outer", "Parallel Aware": false, "Relation Name": "comments", "Schema": "public", "Alias": "c", "Startup Cost": 0.0, "Total Cost": 1574.96, "Plan Rows": 60002, "Plan Width": 4, "Actual Startup Time": 0.01, "Actual Total Time": 13.358, "Actual Rows": 60206, "Actual Loops": 1, "Output": ["c.id", "c.postid", "c.score", "c.creationdate", "c.userid"], "Filter": "(c.score = 0)", "Rows Removed by Filter": 19151}, {"Node Type": "Hash", "Parent Relationship": "Inner", "Parallel Aware": false, "Startup Cost": 3416.31, "Total Cost": 3416.31, "Plan Rows": 662465, "Plan Width": 16, "Actual Startup Time": 183.525, "Actual Total Time": 183.531, "Actual Rows": 938713, "Actual Loops": 1, "Output": ["p.owneruserid", "ph.userid", "b.userid", "u.id"], "Hash Buckets": 1048576, "Original Hash Buckets": 1048576, "Hash Batches": 1, "Original Hash Batches": 1, "Peak Memory Usage": 52195, "Plans": [{"Node Type": "Hash Join", "Parent Relationship": "Outer", "Parallel Aware": false, "Join Type": "Inner", "Startup Cost": 1443.03, "Total Cost": 3416.31, "Plan Rows": 662465, "Plan Width": 16, "Actual Startup Time": 15.254, "Actual Total Time": 92.108, "Actual Rows": 938713, "Actual Loops": 1, "Output": ["p.owneruserid", "ph.userid", "b.userid", "u.id"], "Inner Unique": false, "Hash Cond": "(ph.userid = u.id)", "Plans": [{"Node Type": "Nested Loop", "Parent Relationship": "Outer", "Parallel Aware": false, "Join Type": "Inner", "Startup Cost": 0.29, "Total Cost": 1491.06, "Plan Rows": 19300, "Plan Width": 8, "Actual Startup Time": 0.099, "Actual Total Time": 8.892, "Actual Rows": 21974, "Actual Loops": 1, "Output": ["p.owneruserid", "ph.userid"], "Inner Unique": false, "Plans": [{"Node Type": "Seq Scan", "Parent Relationship": "Outer", "Parallel Aware": false, "Relation Name": "posts", "Schema": "public", "Alias": "p", "Startup Cost": 0.0, "Total Cost": 1286.62, "Plan Rows": 48, "Plan Width": 4, "Actual Startup Time": 0.078, "Actual Total Time": 5.201, "Actual Rows": 337, "Actual Loops": 1, "Output": ["p.id", "p.posttypeid", "p.creationdate", "p.score", "p.viewcount", "p.owneruserid", "p.answercount", "p.commentcount", "p.favoritecount", "p.lasteditoruserid"], "Filter": "((p.viewcount >= 2) AND (p.viewcount <= 4400) AND (p.creationdate <= '2015-04-11 09:58:16'::timestamp without time zone) AND (p.favoritecount = 0) AND (p.posttypeid = 1))", "Rows Removed by Filter": 40846}, {"Node Type": "Index Only Scan", "Parent Relationship": "Inner", "Parallel Aware": false, "Scan Direction": "Forward", "Index Name": "idx_posthistory_userid", "Relation Name": "posthistory", "Schema": "public", "Alias": "ph", "Startup Cost": 0.29, "Total Cost": 4.06, "Plan Rows": 20, "Plan Width": 4, "Actual Startup Time": 0.003, "Actual Total Time": 0.007, "Actual Rows": 65, "Actual Loops": 337, "Output": ["ph.userid"], "Index Cond": "(ph.userid = p.owneruserid)", "Rows Removed by Index Recheck": 0, "Heap Fetches": 0}]}, {"Node Type": "Hash", "Parent Relationship": "Inner", "Parallel Aware": false, "Startup Cost": 1034.94, "Total Cost": 1034.94, "Plan Rows": 32624, "Plan Width": 8, "Actual Startup Time": 15.044, "Actual Total Time": 15.048, "Actual Rows": 32624, "Actual Loops": 1, "Output": ["b.userid", "u.id"], "Hash Buckets": 32768, "Original Hash Buckets": 32768, "Hash Batches": 1, "Original Hash Batches": 1, "Peak Memory Usage": 1531, "Plans": [{"Node Type": "Hash Join", "Parent Relationship": "Outer", "Parallel Aware": false, "Join Type": "Inner", "Startup Cost": 446.04, "Total Cost": 1034.94, "Plan Rows": 32624, "Plan Width": 8, "Actual Startup Time": 4.061, "Actual Total Time": 11.756, "Actual Rows": 32624, "Actual Loops": 1, "Output": ["b.userid", "u.id"], "Inner Unique": true, "Hash Cond": "(b.userid = u.id)", "Plans": [{"Node Type": "Seq Scan", "Parent Relationship": "Outer", "Parallel Aware": false, "Relation Name": "badges", "Schema": "public", "Alias": "b", "Startup Cost": 0.0, "Total Cost": 503.24, "Plan Rows": 32624, "Plan Width": 4, "Actual Startup Time": 0.012, "Actual Total Time": 2.006, "Actual Rows": 32624, "Actual Loops": 1, "Output": ["b.id", "b.userid", "b.date"]}, {"Node Type": "Hash", "Parent Relationship": "Inner", "Parallel Aware": false, "Startup Cost": 259.35, "Total Cost": 259.35, "Plan Rows": 14935, "Plan Width": 4, "Actual Startup Time": 3.988, "Actual Total Time": 3.989, "Actual Rows": 14935, "Actual Loops": 1, "Output": ["u.id"], "Hash Buckets": 16384, "Original Hash Buckets": 16384, "Hash Batches": 1, "Original Hash Batches": 1, "Peak Memory Usage": 654, "Plans": [{"Node Type": "Seq Scan", "Parent Relationship": "Outer", "Parallel Aware": false, "Relation Name": "users", "Schema": "public", "Alias": "u", "Startup Cost": 0.0, "Total Cost": 259.35, "Plan Rows": 14935, "Plan Width": 4, "Actual Startup Time": 0.01, "Actual Total Time": 2.228, "Actual Rows": 14935, "Actual Loops": 1, "Output": ["u.id"]}]}]}]}]}]}]}]}, "Planning Time": 5.127, "Triggers": [], "Execution Time": 55801.712}]
[{"Plan": {"Node Type": "Aggregate", "Strategy": "Plain", "Partial Mode": "Simple", "Parallel Aware": false, "Startup Cost": 773.73, "Total Cost": 773.74, "Plan Rows": 1, "Plan Width": 8, "Actual Startup Time": 73.296, "Actual Total Time": 73.299, "Actual Rows": 1, "Actual Loops": 1, "Output": ["count(*)"], "Plans": [{"Node Type": "Nested Loop", "Parent Relationship": "Outer", "Parallel Aware": false, "Join Type": "Inner", "Startup Cost": 405.71, "Total Cost": 675.89, "Plan Rows": 39135, "Plan Width": 0, "Actual Startup Time": 3.811, "Actual Total Time": 73.133, "Actual Rows": 3907, "Actual Loops": 1, "Inner Unique": false, "Join Filter": "(u.id = c.userid)", "Rows Removed by Join Filter": 0, "Plans": [{"Node Type": "Merge Join", "Parent Relationship": "Outer", "Parallel Aware": false, "Join Type": "Inner", "Startup Cost": 405.42, "Total Cost": 573.33, "Plan Rows": 105, "Plan Width": 12, "Actual Startup Time": 3.799, "Actual Total Time": 70.74, "Actual Rows": 690, "Actual Loops": 1, "Output": ["v.userid", "b.userid", "u.id"], "Inner Unique": true, "Merge Cond": "(v.userid = u.id)", "Plans": [{"Node Type": "Merge Join", "Parent Relationship": "Outer", "Parallel Aware": false, "Join Type": "Inner", "Startup Cost": 1.03, "Total Cost": 1670.43, "Plan Rows": 23626, "Plan Width": 8, "Actual Startup Time": 0.09, "Actual Total Time": 56.936, "Actual Rows": 350780, "Actual Loops": 1, "Output": ["v.userid", "b.userid"], "Inner Unique": false, "Merge Cond": "(v.userid = b.userid)", "Plans": [{"Node Type": "Index Scan", "Parent Relationship": "Outer", "Parallel Aware": false, "Scan Direction": "Forward", "Index Name": "idx_votes_userid", "Relation Name": "votes", "Schema": "public", "Alias": "v", "Startup Cost": 0.29, "Total Cost": 6730.74, "Plan Rows": 15048, "Plan Width": 4, "Actual Startup Time": 0.075, "Actual Total Time": 10.019, "Actual Rows": 15185, "Actual Loops": 1, "Output": ["v.id", "v.postid", "v.votetypeid", "v.creationdate", "v.userid", "v.bountyamount"], "Filter": "((v.creationdate >= '2010-07-19 00:00:00'::timestamp without time zone) AND (v.votetypeid = 5))", "Rows Removed by Filter": 405}, {"Node Type": "Index Only Scan", "Parent Relationship": "Inner", "Parallel Aware": false, "Scan Direction": "Forward", "Index Name": "idx_badges_userid", "Relation Name": "badges", "Schema": "public", "Alias": "b", "Startup Cost": 0.29, "Total Cost": 713.65, "Plan Rows": 32624, "Plan Width": 4, "Actual Startup Time": 0.013, "Actual Total Time": 21.228, "Actual Rows": 370266, "Actual Loops": 1, "Output": ["b.userid"], "Heap Fetches": 0}]}, {"Node Type": "Sort", "Parent Relationship": "Inner", "Parallel Aware": false, "Startup Cost": 404.39, "Total Cost": 406.13, "Plan Rows": 699, "Plan Width": 4, "Actual Startup Time": 1.696, "Actual Total Time": 1.755, "Actual Rows": 740, "Actual Loops": 1, "Output": ["u.id"], "Sort Key": ["u.id"], "Sort Method": "quicksort", "Sort Space Used": 59, "Sort Space Type": "Memory", "Plans": [{"Node Type": "Seq Scan", "Parent Relationship": "Outer", "Parallel Aware": false, "Relation Name": "users", "Schema": "public", "Alias": "u", "Startup Cost": 0.0, "Total Cost": 371.36, "Plan Rows": 699, "Plan Width": 4, "Actual Startup Time": 0.01, "Actual Total Time": 1.609, "Actual Rows": 740, "Actual Loops": 1, "Output": ["u.id"], "Filter": "((u.reputation <= 441) AND (u.downvotes = 0) AND (u.upvotes = 2))", "Rows Removed by Filter": 14195}]}]}, {"Node Type": "Index Scan", "Parent Relationship": "Inner", "Parallel Aware": false, "Scan Direction": "Forward", "Index Name": "idx_comments_userid", "Relation Name": "comments", "Schema": "public", "Alias": "c", "Startup Cost": 0.29, "Total Cost": 0.8, "Plan Rows": 14, "Plan Width": 4, "Actual Startup Time": 0.001, "Actual Total Time": 0.003, "Actual Rows": 6, "Actual Loops": 690, "Output": ["c.id", "c.postid", "c.score", "c.creationdate", "c.userid"], "Index Cond": "(c.userid = b.userid)", "Rows Removed by Index Recheck": 0, "Filter": "((c.creationdate <= '2014-09-09 20:49:28'::timestamp without time zone) AND (c.score = 0))", "Rows Removed by Filter": 0}]}]}, "Planning Time": 2.15, "Triggers": [], "Execution Time": 73.386}]#####[{"Plan": {"Node Type": "Aggregate", "Strategy": "Plain", "Partial Mode": "Simple", "Parallel Aware": false, "Startup Cost": 3627.61, "Total Cost": 3627.62, "Plan Rows": 1, "Plan Width": 8, "Actual Startup Time": 84.452, "Actual Total Time": 84.458, "Actual Rows": 1, "Actual Loops": 1, "Output": ["count(*)"], "Plans": [{"Node Type": "Merge Join", "Parent Relationship": "Outer", "Parallel Aware": false, "Join Type": "Inner", "Startup Cost": 2468.09, "Total Cost": 2649.21, "Plan Rows": 391359, "Plan Width": 0, "Actual Startup Time": 16.954, "Actual Total Time": 84.307, "Actual Rows": 3907, "Actual Loops": 1, "Inner Unique": false, "Merge Cond": "(v.userid = u.id)", "Plans": [{"Node Type": "Merge Join", "Parent Relationship": "Outer", "Parallel Aware": false, "Join Type": "Inner", "Startup Cost": 1.03, "Total Cost": 1670.43, "Plan Rows": 23626, "Plan Width": 8, "Actual Startup Time": 0.091, "Actual Total Time": 55.812, "Actual Rows": 350780, "Actual Loops": 1, "Output": ["v.userid", "b.userid"], "Inner Unique": false, "Merge Cond": "(v.userid = b.userid)", "Plans": [{"Node Type": "Index Scan", "Parent Relationship": "Outer", "Parallel Aware": false, "Scan Direction": "Forward", "Index Name": "idx_votes_userid", "Relation Name": "votes", "Schema": "public", "Alias": "v", "Startup Cost": 0.29, "Total Cost": 6730.74, "Plan Rows": 15048, "Plan Width": 4, "Actual Startup Time": 0.074, "Actual Total Time": 9.551, "Actual Rows": 15185, "Actual Loops": 1, "Output": ["v.id", "v.postid", "v.votetypeid", "v.creationdate", "v.userid", "v.bountyamount"], "Filter": "((v.creationdate >= '2010-07-19 00:00:00'::timestamp without time zone) AND (v.votetypeid = 5))", "Rows Removed by Filter": 405}, {"Node Type": "Index Only Scan", "Parent Relationship": "Inner", "Parallel Aware": false, "Scan Direction": "Forward", "Index Name": "idx_badges_userid", "Relation Name": "badges", "Schema": "public", "Alias": "b", "Startup Cost": 0.29, "Total Cost": 713.65, "Plan Rows": 32624, "Plan Width": 4, "Actual Startup Time": 0.014, "Actual Total Time": 20.735, "Actual Rows": 370266, "Actual Loops": 1, "Output": ["b.userid"], "Heap Fetches": 0}]}, {"Node Type": "Sort", "Parent Relationship": "Inner", "Parallel Aware": false, "Startup Cost": 2467.06, "Total Cost": 2473.89, "Plan Rows": 2734, "Plan Width": 8, "Actual Startup Time": 14.955, "Actual Total Time": 15.166, "Actual Rows": 5087, "Actual Loops": 1, "Output": ["c.userid", "u.id"], "Sort Key": ["c.userid"], "Sort Method": "quicksort", "Sort Space Used": 116, "Sort Space Type": "Memory", "Plans": [{"Node Type": "Hash Join", "Parent Relationship": "Outer", "Parallel Aware": false, "Join Type": "Inner", "Startup Cost": 380.1, "Total Cost": 2310.99, "Plan Rows": 2734, "Plan Width": 8, "Actual Startup Time": 1.701, "Actual Total Time": 14.696, "Actual Rows": 1441, "Actual Loops": 1, "Output": ["c.userid", "u.id"], "Inner Unique": true, "Hash Cond": "(c.userid = u.id)", "Plans": [{"Node Type": "Seq Scan", "Parent Relationship": "Outer", "Parallel Aware": false, "Relation Name": "comments", "Schema": "public", "Alias": "c", "Startup Cost": 0.0, "Total Cost": 1773.36, "Plan Rows": 59996, "Plan Width": 4, "Actual Startup Time": 0.006, "Actual Total Time": 9.092, "Actual Rows": 60206, "Actual Loops": 1, "Output": ["c.id", "c.postid", "c.score", "c.creationdate", "c.userid"], "Filter": "((c.creationdate <= '2014-09-09 20:49:28'::timestamp without time zone) AND (c.score = 0))", "Rows Removed by Filter": 19151}, {"Node Type": "Hash", "Parent Relationship": "Inner", "Parallel Aware": false, "Startup Cost": 371.36, "Total Cost": 371.36, "Plan Rows": 699, "Plan Width": 4, "Actual Startup Time": 1.672, "Actual Total Time": 1.673, "Actual Rows": 740, "Actual Loops": 1, "Output": ["u.id"], "Hash Buckets": 1024, "Original Hash Buckets": 1024, "Hash Batches": 1, "Original Hash Batches": 1, "Peak Memory Usage": 35, "Plans": [{"Node Type": "Seq Scan", "Parent Relationship": "Outer", "Parallel Aware": false, "Relation Name": "users", "Schema": "public", "Alias": "u", "Startup Cost": 0.0, "Total Cost": 371.36, "Plan Rows": 699, "Plan Width": 4, "Actual Startup Time": 0.008, "Actual Total Time": 1.598, "Actual Rows": 740, "Actual Loops": 1, "Output": ["u.id"], "Filter": "((u.reputation <= 441) AND (u.downvotes = 0) AND (u.upvotes = 2))", "Rows Removed by Filter": 14195}]}]}]}]}]}, "Planning Time": 2.603, "Triggers": [], "Execution Time": 84.547}]
[{"Plan": {"Node Type": "Aggregate", "Strategy": "Plain", "Partial Mode": "Simple", "Parallel Aware": false, "Startup Cost": 4092.3, "Total Cost": 4092.31, "Plan Rows": 1, "Plan Width": 8, "Actual Startup Time": 557.417, "Actual Total Time": 557.423, "Actual Rows": 1, "Actual Loops": 1, "Output": ["count(*)"], "Plans": [{"Node Type": "Nested Loop", "Parent Relationship": "Outer", "Parallel Aware": false, "Join Type": "Inner", "Startup Cost": 452.76, "Total Cost": 3907.26, "Plan Rows": 74014, "Plan Width": 0, "Actual Startup Time": 3.97, "Actual Total Time": 418.066, "Actual Rows": 3891049, "Actual Loops": 1, "Inner Unique": false, "Plans": [{"Node Type": "Nested Loop", "Parent Relationship": "Outer", "Parallel Aware": false, "Join Type": "Inner", "Startup Cost": 452.46, "Total Cost": 2274.52, "Plan Rows": 1841, "Plan Width": 12, "Actual Startup Time": 3.955, "Actual Total Time": 17.38, "Actual Rows": 23192, "Actual Loops": 1, "Output": ["p.owneruserid", "u.id", "b.userid"], "Inner Unique": false, "Plans": [{"Node Type": "Hash Join", "Parent Relationship": "Outer", "Parallel Aware": false, "Join Type": "Inner", "Startup Cost": 452.18, "Total Cost": 1947.43, "Plan Rows": 843, "Plan Width": 8, "Actual Startup Time": 3.935, "Actual Total Time": 10.375, "Actual Rows": 3767, "Actual Loops": 1, "Output": ["p.owneruserid", "u.id"], "Inner Unique": true, "Hash Cond": "(p.owneruserid = u.id)", "Plans": [{"Node Type": "Seq Scan", "Parent Relationship": "Outer", "Parallel Aware": false, "Relation Name": "posts", "Schema": "public", "Alias": "p", "Startup Cost": 0.0, "Total Cost": 1492.53, "Plan Rows": 1038, "Plan Width": 4, "Actual Startup Time": 0.013, "Actual Total Time": 6.119, "Actual Rows": 6036, "Actual Loops": 1, "Output": ["p.id", "p.posttypeid", "p.creationdate", "p.score", "p.viewcount", "p.owneruserid", "p.answercount", "p.commentcount", "p.favoritecount", "p.lasteditoruserid"], "Filter": "((p.score >= '-1'::integer) AND (p.score <= 11) AND (p.viewcount >= 0) AND (p.viewcount <= 3716) AND (p.commentcount >= 0) AND (p.favoritecount >= 0) AND (p.posttypeid = 1))", "Rows Removed by Filter": 35147}, {"Node Type": "Hash", "Parent Relationship": "Inner", "Parallel Aware": false, "Startup Cost": 296.69, "Total Cost": 296.69, "Plan Rows": 12439, "Plan Width": 4, "Actual Startup Time": 2.925, "Actual Total Time": 2.926, "Actual Rows": 12434, "Actual Loops": 1, "Output": ["u.id"], "Hash Buckets": 16384, "Original Hash Buckets": 16384, "Hash Batches": 1, "Original Hash Batches": 1, "Peak Memory Usage": 566, "Plans": [{"Node Type": "Seq Scan", "Parent Relationship": "Outer", "Parallel Aware": false, "Relation Name": "users", "Schema": "public", "Alias": "u", "Startup Cost": 0.0, "Total Cost": 296.69, "Plan Rows": 12439, "Plan Width": 4, "Actual Startup Time": 0.225, "Actual Total Time": 1.81, "Actual Rows": 12434, "Actual Loops": 1, "Output": ["u.id"], "Filter": "(u.creationdate >= '2011-03-31 14:20:00'::timestamp without time zone)", "Rows Removed by Filter": 2501}]}]}, {"Node Type": "Index Only Scan", "Parent Relationship": "Inner", "Parallel Aware": false, "Scan Direction": "Forward", "Index Name": "idx_badges_userid", "Relation Name": "badges", "Schema": "public", "Alias": "b", "Startup Cost": 0.29, "Total Cost": 0.36, "Plan Rows": 3, "Plan Width": 4, "Actual Startup Time": 0.001, "Actual Total Time": 0.001, "Actual Rows": 6, "Actual Loops": 3767, "Output": ["b.userid"], "Index Cond": "(b.userid = u.id)", "Rows Removed by Index Recheck": 0, "Heap Fetches": 0}]}, {"Node Type": "Index Only Scan", "Parent Relationship": "Inner", "Parallel Aware": false, "Scan Direction": "Forward", "Index Name": "idx_posthistory_userid", "Relation Name": "posthistory", "Schema": "public", "Alias": "ph", "Startup Cost": 0.29, "Total Cost": 0.69, "Plan Rows": 20, "Plan Width": 4, "Actual Startup Time": 0.001, "Actual Total Time": 0.009, "Actual Rows": 168, "Actual Loops": 23192, "Output": ["ph.userid"], "Index Cond": "(ph.userid = u.id)", "Rows Removed by Index Recheck": 0, "Heap Fetches": 0}]}]}, "Planning Time": 1.534, "Triggers": [], "Execution Time": 557.512}]#####[{"Plan": {"Node Type": "Aggregate", "Strategy": "Plain", "Partial Mode": "Simple", "Parallel Aware": false, "Startup Cost": 10325.44, "Total Cost": 10325.45, "Plan Rows": 1, "Plan Width": 8, "Actual Startup Time": 423.018, "Actual Total Time": 423.024, "Actual Rows": 1, "Actual Loops": 1, "Output": ["count(*)"], "Plans": [{"Node Type": "Hash Join", "Parent Relationship": "Outer", "Parallel Aware": false, "Join Type": "Inner", "Startup Cost": 4280.86, "Total Cost": 8475.07, "Plan Rows": 740149, "Plan Width": 0, "Actual Startup Time": 39.753, "Actual Total Time": 292.136, "Actual Rows": 3891049, "Actual Loops": 1, "Inner Unique": false, "Hash Cond": "(p.owneruserid = u.id)", "Plans": [{"Node Type": "Nested Loop", "Parent Relationship": "Outer", "Parallel Aware": false, "Join Type": "Inner", "Startup Cost": 0.29, "Total Cost": 2100.59, "Plan Rows": 27123, "Plan Width": 8, "Actual Startup Time": 0.024, "Actual Total Time": 19.501, "Actual Rows": 64934, "Actual Loops": 1, "Output": ["p.owneruserid", "b.userid"], "Inner Unique": false, "Plans": [{"Node Type": "Seq Scan", "Parent Relationship": "Outer", "Parallel Aware": false, "Relation Name": "posts", "Schema": "public", "Alias": "p", "Startup Cost": 0.0, "Total Cost": 1492.53, "Plan Rows": 1038, "Plan Width": 4, "Actual Startup Time": 0.013, "Actual Total Time": 5.989, "Actual Rows": 6036, "Actual Loops": 1, "Output": ["p.id", "p.posttypeid", "p.creationdate", "p.score", "p.viewcount", "p.owneruserid", "p.answercount", "p.commentcount", "p.favoritecount", "p.lasteditoruserid"], "Filter": "((p.score >= '-1'::integer) AND (p.score <= 11) AND (p.viewcount >= 0) AND (p.viewcount <= 3716) AND (p.commentcount >= 0) AND (p.favoritecount >= 0) AND (p.posttypeid = 1))", "Rows Removed by Filter": 35147}, {"Node Type": "Index Only Scan", "Parent Relationship": "Inner", "Parallel Aware": false, "Scan Direction": "Forward", "Index Name": "idx_badges_userid", "Relation Name": "badges", "Schema": "public", "Alias": "b", "Startup Cost": 0.29, "Total Cost": 0.56, "Plan Rows": 3, "Plan Width": 4, "Actual Startup Time": 0.001, "Actual Total Time": 0.002, "Actual Rows": 11, "Actual Loops": 6036, "Output": ["b.userid"], "Index Cond": "(b.userid = p.owneruserid)", "Rows Removed by Index Recheck": 0, "Heap Fetches": 0}]}, {"Node Type": "Hash", "Parent Relationship": "Inner", "Parallel Aware": false, "Startup Cost": 3041.44, "Total Cost": 3041.44, "Plan Rows": 99131, "Plan Width": 8, "Actual Startup Time": 35.065, "Actual Total Time": 35.069, "Actual Rows": 61491, "Actual Loops": 1, "Output": ["ph.userid", "u.id"], "Hash Buckets": 131072, "Original Hash Buckets": 131072, "Hash Batches": 1, "Original Hash Batches": 1, "Peak Memory Usage": 3426, "Plans": [{"Node Type": "Hash Join", "Parent Relationship": "Outer", "Parallel Aware": false, "Join Type": "Inner", "Startup Cost": 452.18, "Total Cost": 3041.44, "Plan Rows": 99131, "Plan Width": 8, "Actual Startup Time": 3.28, "Actual Total Time": 28.677, "Actual Rows": 61491, "Actual Loops": 1, "Output": ["ph.userid", "u.id"], "Inner Unique": true, "Hash Cond": "(ph.userid = u.id)", "Plans": [{"Node Type": "Seq Scan", "Parent Relationship": "Outer", "Parallel Aware": false, "Relation Name": "posthistory", "Schema": "public", "Alias": "ph", "Startup Cost": 0.0, "Total Cost": 2247.94, "Plan Rows": 129994, "Plan Width": 4, "Actual Startup Time": 0.009, "Actual Total Time": 7.706, "Actual Rows": 129994, "Actual Loops": 1, "Output": ["ph.id", "ph.posthistorytypeid", "ph.postid", "ph.creationdate", "ph.userid"]}, {"Node Type": "Hash", "Parent Relationship": "Inner", "Parallel Aware": false, "Startup Cost": 296.69, "Total Cost": 296.69, "Plan Rows": 12439, "Plan Width": 4, "Actual Startup Time": 2.966, "Actual Total Time": 2.967, "Actual Rows": 12434, "Actual Loops": 1, "Output": ["u.id"], "Hash Buckets": 16384, "Original Hash Buckets": 16384, "Hash Batches": 1, "Original Hash Batches": 1, "Peak Memory Usage": 566, "Plans": [{"Node Type": "Seq Scan", "Parent Relationship": "Outer", "Parallel Aware": false, "Relation Name": "users", "Schema": "public", "Alias": "u", "Startup Cost": 0.0, "Total Cost": 296.69, "Plan Rows": 12439, "Plan Width": 4, "Actual Startup Time": 0.227, "Actual Total Time": 1.85, "Actual Rows": 12434, "Actual Loops": 1, "Output": ["u.id"], "Filter": "(u.creationdate >= '2011-03-31 14:20:00'::timestamp without time zone)", "Rows Removed by Filter": 2501}]}]}]}]}]}, "Planning Time": 5.16, "Triggers": [], "Execution Time": 423.227}]#####[{"Plan": {"Node Type": "Aggregate", "Strategy": "Plain", "Partial Mode": "Simple", "Parallel Aware": false, "Startup Cost": 8557.6, "Total Cost": 8557.61, "Plan Rows": 1, "Plan Width": 8, "Actual Startup Time": 404.282, "Actual Total Time": 404.289, "Actual Rows": 1, "Actual Loops": 1, "Output": ["count(*)"], "Plans": [{"Node Type": "Hash Join", "Parent Relationship": "Outer", "Parallel Aware": false, "Join Type": "Inner", "Startup Cost": 2504.65, "Total Cost": 6707.23, "Plan Rows": 740149, "Plan Width": 0, "Actual Startup Time": 21.867, "Actual Total Time": 274.348, "Actual Rows": 3891049, "Actual Loops": 1, "Inner Unique": false, "Hash Cond": "(ph.userid = u.id)", "Plans": [{"Node Type": "Seq Scan", "Parent Relationship": "Outer", "Parallel Aware": false, "Relation Name": "posthistory", "Schema": "public", "Alias": "ph", "Startup Cost": 0.0, "Total Cost": 2247.94, "Plan Rows": 129994, "Plan Width": 4, "Actual Startup Time": 0.008, "Actual Total Time": 7.236, "Actual Rows": 129994, "Actual Loops": 1, "Output": ["ph.id", "ph.posthistorytypeid", "ph.postid", "ph.creationdate", "ph.userid"]}, {"Node Type": "Hash", "Parent Relationship": "Inner", "Parallel Aware": false, "Startup Cost": 2274.52, "Total Cost": 2274.52, "Plan Rows": 18410, "Plan Width": 12, "Actual Startup Time": 18.534, "Actual Total Time": 18.538, "Actual Rows": 23192, "Actual Loops": 1, "Output": ["p.owneruserid", "u.id", "b.userid"], "Hash Buckets": 32768, "Original Hash Buckets": 32768, "Hash Batches": 1, "Original Hash Batches": 1, "Peak Memory Usage": 1253, "Plans": [{"Node Type": "Nested Loop", "Parent Relationship": "Outer", "Parallel Aware": false, "Join Type": "Inner", "Startup Cost": 452.46, "Total Cost": 2274.52, "Plan Rows": 18410, "Plan Width": 12, "Actual Startup Time": 3.967, "Actual Total Time": 15.982, "Actual Rows": 23192, "Actual Loops": 1, "Output": ["p.owneruserid", "u.id", "b.userid"], "Inner Unique": false, "Plans": [{"Node Type": "Hash Join", "Parent Relationship": "Outer", "Parallel Aware": false, "Join Type": "Inner", "Startup Cost": 452.18, "Total Cost": 1947.43, "Plan Rows": 843, "Plan Width": 8, "Actual Startup Time": 3.949, "Actual Total Time": 9.692, "Actual Rows": 3767, "Actual Loops": 1, "Output": ["p.owneruserid", "u.id"], "Inner Unique": true, "Hash Cond": "(p.owneruserid = u.id)", "Plans": [{"Node Type": "Seq Scan", "Parent Relationship": "Outer", "Parallel Aware": false, "Relation Name": "posts", "Schema": "public", "Alias": "p", "Startup Cost": 0.0, "Total Cost": 1492.53, "Plan Rows": 1038, "Plan Width": 4, "Actual Startup Time": 0.017, "Actual Total Time": 5.87, "Actual Rows": 6036, "Actual Loops": 1, "Output": ["p.id", "p.posttypeid", "p.creationdate", "p.score", "p.viewcount", "p.owneruserid", "p.answercount", "p.commentcount", "p.favoritecount", "p.lasteditoruserid"], "Filter": "((p.score >= '-1'::integer) AND (p.score <= 11) AND (p.viewcount >= 0) AND (p.viewcount <= 3716) AND (p.commentcount >= 0) AND (p.favoritecount >= 0) AND (p.posttypeid = 1))", "Rows Removed by Filter": 35147}, {"Node Type": "Hash", "Parent Relationship": "Inner", "Parallel Aware": false, "Startup Cost": 296.69, "Total Cost": 296.69, "Plan Rows": 12439, "Plan Width": 4, "Actual Startup Time": 2.949, "Actual Total Time": 2.951, "Actual Rows": 12434, "Actual Loops": 1, "Output": ["u.id"], "Hash Buckets": 16384, "Original Hash Buckets": 16384, "Hash Batches": 1, "Original Hash Batches": 1, "Peak Memory Usage": 566, "Plans": [{"Node Type": "Seq Scan", "Parent Relationship": "Outer", "Parallel Aware": false, "Relation Name": "users", "Schema": "public", "Alias": "u", "Startup Cost": 0.0, "Total Cost": 296.69, "Plan Rows": 12439, "Plan Width": 4, "Actual Startup Time": 0.229, "Actual Total Time": 1.846, "Actual Rows": 12434, "Actual Loops": 1, "Output": ["u.id"], "Filter": "(u.creationdate >= '2011-03-31 14:20:00'::timestamp without time zone)", "Rows Removed by Filter": 2501}]}]}, {"Node Type": "Index Only Scan", "Parent Relationship": "Inner", "Parallel Aware": false, "Scan Direction": "Forward", "Index Name": "idx_badges_userid", "Relation Name": "badges", "Schema": "public", "Alias": "b", "Startup Cost": 0.29, "Total Cost": 0.36, "Plan Rows": 3, "Plan Width": 4, "Actual Startup Time": 0.001, "Actual Total Time": 0.001, "Actual Rows": 6, "Actual Loops": 3767, "Output": ["b.userid"], "Index Cond": "(b.userid = u.id)", "Rows Removed by Index Recheck": 0, "Heap Fetches": 0}]}]}]}]}, "Planning Time": 2.046, "Triggers": [], "Execution Time": 404.415}]
[{"Plan": {"Node Type": "Aggregate", "Strategy": "Plain", "Partial Mode": "Simple", "Parallel Aware": false, "Startup Cost": 1583.87, "Total Cost": 1583.88, "Plan Rows": 1, "Plan Width": 8, "Actual Startup Time": 12.744, "Actual Total Time": 12.749, "Actual Rows": 1, "Actual Loops": 1, "Output": ["count(*)"], "Plans": [{"Node Type": "Nested Loop", "Parent Relationship": "Outer", "Parallel Aware": false, "Join Type": "Inner", "Startup Cost": 1265.33, "Total Cost": 1583.86, "Plan Rows": 4, "Plan Width": 0, "Actual Startup Time": 7.707, "Actual Total Time": 12.731, "Actual Rows": 196, "Actual Loops": 1, "Inner Unique": false, "Join Filter": "(u.id = b.userid)", "Rows Removed by Join Filter": 0, "Plans": [{"Node Type": "Nested Loop", "Parent Relationship": "Outer", "Parallel Aware": false, "Join Type": "Inner", "Startup Cost": 1265.04, "Total Cost": 1574.79, "Plan Rows": 22, "Plan Width": 8, "Actual Startup Time": 7.694, "Actual Total Time": 12.488, "Actual Rows": 72, "Actual Loops": 1, "Output": ["p.owneruserid", "u.id"], "Inner Unique": true, "Plans": [{"Node Type": "Hash Join", "Parent Relationship": "Outer", "Parallel Aware": false, "Join Type": "Inner", "Startup Cost": 1264.76, "Total Cost": 1360.1, "Plan Rows": 531, "Plan Width": 4, "Actual Startup Time": 7.609, "Actual Total Time": 8.621, "Actual Rows": 2738, "Actual Loops": 1, "Output": ["p.owneruserid"], "Inner Unique": true, "Hash Cond": "(pl.relatedpostid = p.id)", "Plans": [{"Node Type": "Seq Scan", "Parent Relationship": "Outer", "Parallel Aware": false, "Relation Name": "postlinks", "Schema": "public", "Alias": "pl", "Startup Cost": 0.0, "Total Cost": 86.5, "Plan Rows": 3368, "Plan Width": 4, "Actual Startup Time": 0.049, "Actual Total Time": 0.545, "Actual Rows": 3372, "Actual Loops": 1, "Output": ["pl.id", "pl.creationdate", "pl.postid", "pl.relatedpostid", "pl.linktypeid"], "Filter": "((pl.creationdate >= '2011-04-05 18:00:41'::timestamp without time zone) AND (pl.creationdate <= '2014-08-12 16:20:24'::timestamp without time zone))", "Rows Removed by Filter": 461}, {"Node Type": "Hash", "Parent Relationship": "Inner", "Parallel Aware": false, "Startup Cost": 1183.66, "Total Cost": 1183.66, "Plan Rows": 6488, "Plan Width": 8, "Actual Startup Time": 7.521, "Actual Total Time": 7.521, "Actual Rows": 16283, "Actual Loops": 1, "Output": ["p.id", "p.owneruserid"], "Hash Buckets": 16384, "Original Hash Buckets": 8192, "Hash Batches": 1, "Original Hash Batches": 1, "Peak Memory Usage": 763, "Plans": [{"Node Type": "Seq Scan", "Parent Relationship": "Outer", "Parallel Aware": false, "Relation Name": "posts", "Schema": "public", "Alias": "p", "Startup Cost": 0.0, "Total Cost": 1183.66, "Plan Rows": 6488, "Plan Width": 8, "Actual Startup Time": 0.009, "Actual Total Time": 5.802, "Actual Rows": 16283, "Actual Loops": 1, "Output": ["p.id", "p.owneruserid"], "Filter": "((p.score <= 26) AND (p.viewcount >= 0) AND (p.creationdate <= '2014-08-29 20:29:22'::timestamp without time zone) AND (p.posttypeid = 1))", "Rows Removed by Filter": 24900}]}]}, {"Node Type": "Index Scan", "Parent Relationship": "Inner", "Parallel Aware": false, "Scan Direction": "Forward", "Index Name": "users_pkey", "Relation Name": "users", "Schema": "public", "Alias": "u", "Startup Cost": 0.29, "Total Cost": 0.4, "Plan Rows": 1, "Plan Width": 4, "Actual Startup Time": 0.001, "Actual Total Time": 0.001, "Actual Rows": 0, "Actual Loops": 2738, "Output": ["u.id", "u.reputation", "u.creationdate", "u.views", "u.upvotes", "u.downvotes"], "Index Cond": "(u.id = p.owneruserid)", "Rows Removed by Index Recheck": 0, "Filter": "((u.reputation >= 1) AND (u.creationdate >= '2011-02-01 21:02:10'::timestamp without time zone) AND (u.views = 4))", "Rows Removed by Filter": 1}]}, {"Node Type": "Index Only Scan", "Parent Relationship": "Inner", "Parallel Aware": false, "Scan Direction": "Forward", "Index Name": "idx_badges_userid", "Relation Name": "badges", "Schema": "public", "Alias": "b", "Startup Cost": 0.29, "Total Cost": 0.37, "Plan Rows": 3, "Plan Width": 4, "Actual Startup Time": 0.003, "Actual Total Time": 0.003, "Actual Rows": 3, "Actual Loops": 72, "Output": ["b.userid"], "Index Cond": "(b.userid = p.owneruserid)", "Rows Removed by Index Recheck": 0, "Heap Fetches": 0}]}]}, "Planning Time": 1.313, "Triggers": [], "Execution Time": 12.813}]#####[{"Plan": {"Node Type": "Aggregate", "Strategy": "Plain", "Partial Mode": "Simple", "Parallel Aware": false, "Startup Cost": 1572.04, "Total Cost": 1572.05, "Plan Rows": 1, "Plan Width": 8, "Actual Startup Time": 6.826, "Actual Total Time": 6.828, "Actual Rows": 1, "Actual Loops": 1, "Output": ["count(*)"], "Plans": [{"Node Type": "Nested Loop", "Parent Relationship": "Outer", "Parallel Aware": false, "Join Type": "Inner", "Startup Cost": 0.86, "Total Cost": 1571.92, "Plan Rows": 48, "Plan Width": 0, "Actual Startup Time": 0.355, "Actual Total Time": 6.809, "Actual Rows": 196, "Actual Loops": 1, "Inner Unique": false, "Plans": [{"Node Type": "Nested Loop", "Parent Relationship": "Outer", "Parallel Aware": false, "Join Type": "Inner", "Startup Cost": 0.58, "Total Cost": 1551.06, "Plan Rows": 58, "Plan Width": 4, "Actual Startup Time": 0.243, "Actual Total Time": 5.496, "Actual Rows": 1407, "Actual Loops": 1, "Output": ["p.id"], "Inner Unique": false, "Join Filter": "(u.id = p.owneruserid)", "Rows Removed by Join Filter": 0, "Plans": [{"Node Type": "Nested Loop", "Parent Relationship": "Outer", "Parallel Aware": false, "Join Type": "Inner", "Startup Cost": 0.29, "Total Cost": 830.68, "Plan Rows": 1389, "Plan Width": 8, "Actual Startup Time": 0.21, "Actual Total Time": 2.552, "Actual Rows": 1138, "Actual Loops": 1, "Output": ["u.id", "b.userid"], "Inner Unique": false, "Plans": [{"Node Type": "Seq Scan", "Parent Relationship": "Outer", "Parallel Aware": false, "Relation Name": "users", "Schema": "public", "Alias": "u", "Startup Cost": 0.0, "Total Cost": 371.36, "Plan Rows": 636, "Plan Width": 4, "Actual Startup Time": 0.194, "Actual Total Time": 1.503, "Actual Rows": 656, "Actual Loops": 1, "Output": ["u.id", "u.reputation", "u.creationdate", "u.views", "u.upvotes", "u.downvotes"], "Filter": "((u.reputation >= 1) AND (u.creationdate >= '2011-02-01 21:02:10'::timestamp without time zone) AND (u.views = 4))", "Rows Removed by Filter": 14279}, {"Node Type": "Index Only Scan", "Parent Relationship": "Inner", "Parallel Aware": false, "Scan Direction": "Forward", "Index Name": "idx_badges_userid", "Relation Name": "badges", "Schema": "public", "Alias": "b", "Startup Cost": 0.29, "Total Cost": 0.69, "Plan Rows": 3, "Plan Width": 4, "Actual Startup Time": 0.001, "Actual Total Time": 0.001, "Actual Rows": 2, "Actual Loops": 656, "Output": ["b.userid"], "Index Cond": "(b.userid = u.id)", "Rows Removed by Index Recheck": 0, "Heap Fetches": 0}]}, {"Node Type": "Index Scan", "Parent Relationship": "Inner", "Parallel Aware": false, "Scan Direction": "Forward", "Index Name": "idx_posts_owneruserid", "Relation Name": "posts", "Schema": "public", "Alias": "p", "Startup Cost": 0.29, "Total Cost": 0.51, "Plan Rows": 1, "Plan Width": 8, "Actual Startup Time": 0.002, "Actual Total Time": 0.002, "Actual Rows": 1, "Actual Loops": 1138, "Output": ["p.id", "p.posttypeid", "p.creationdate", "p.score", "p.viewcount", "p.owneruserid", "p.answercount", "p.commentcount", "p.favoritecount", "p.lasteditoruserid"], "Index Cond": "(p.owneruserid = b.userid)", "Rows Removed by Index Recheck": 0, "Filter": "((p.score <= 26) AND (p.viewcount >= 0) AND (p.creationdate <= '2014-08-29 20:29:22'::timestamp without time zone) AND (p.posttypeid = 1))", "Rows Removed by Filter": 0}]}, {"Node Type": "Index Scan", "Parent Relationship": "Inner", "Parallel Aware": false, "Scan Direction": "Forward", "Index Name": "idx_postlinks_relatedpostid", "Relation Name": "postlinks", "Schema": "public", "Alias": "pl", "Startup Cost": 0.28, "Total Cost": 0.35, "Plan Rows": 1, "Plan Width": 4, "Actual Startup Time": 0.001, "Actual Total Time": 0.001, "Actual Rows": 0, "Actual Loops": 1407, "Output": ["pl.id", "pl.creationdate", "pl.postid", "pl.relatedpostid", "pl.linktypeid"], "Index Cond": "(pl.relatedpostid = p.id)", "Rows Removed by Index Recheck": 0, "Filter": "((pl.creationdate >= '2011-04-05 18:00:41'::timestamp without time zone) AND (pl.creationdate <= '2014-08-12 16:20:24'::timestamp without time zone))", "Rows Removed by Filter": 0}]}]}, "Planning Time": 1.323, "Triggers": [], "Execution Time": 6.889}]#####[{"Plan": {"Node Type": "Aggregate", "Strategy": "Plain", "Partial Mode": "Simple", "Parallel Aware": false, "Startup Cost": 2211.4, "Total Cost": 2211.41, "Plan Rows": 1, "Plan Width": 8, "Actual Startup Time": 11.067, "Actual Total Time": 11.071, "Actual Rows": 1, "Actual Loops": 1, "Output": ["count(*)"], "Plans": [{"Node Type": "Hash Join", "Parent Relationship": "Outer", "Parallel Aware": false, "Join Type": "Inner", "Startup Cost": 2112.81, "Total Cost": 2211.28, "Plan Rows": 48, "Plan Width": 0, "Actual Startup Time": 10.037, "Actual Total Time": 11.056, "Actual Rows": 196, "Actual Loops": 1, "Inner Unique": false, "Hash Cond": "(p.owneruserid = u.id)", "Plans": [{"Node Type": "Hash Join", "Parent Relationship": "Outer", "Parallel Aware": false, "Join Type": "Inner", "Startup Cost": 1264.76, "Total Cost": 1360.1, "Plan Rows": 531, "Plan Width": 4, "Actual Startup Time": 7.39, "Actual Total Time": 8.249, "Actual Rows": 2738, "Actual Loops": 1, "Output": ["p.owneruserid"], "Inner Unique": true, "Hash Cond": "(pl.relatedpostid = p.id)", "Plans": [{"Node Type": "Seq Scan", "Parent Relationship": "Outer", "Parallel Aware": false, "Relation Name": "postlinks", "Schema": "public", "Alias": "pl", "Startup Cost": 0.0, "Total Cost": 86.5, "Plan Rows": 3368, "Plan Width": 4, "Actual Startup Time": 0.043, "Actual Total Time": 0.469, "Actual Rows": 3372, "Actual Loops": 1, "Output": ["pl.id", "pl.creationdate", "pl.postid", "pl.relatedpostid", "pl.linktypeid"], "Filter": "((pl.creationdate >= '2011-04-05 18:00:41'::timestamp without time zone) AND (pl.creationdate <= '2014-08-12 16:20:24'::timestamp without time zone))", "Rows Removed by Filter": 461}, {"Node Type": "Hash", "Parent Relationship": "Inner", "Parallel Aware": false, "Startup Cost": 1183.66, "Total Cost": 1183.66, "Plan Rows": 6488, "Plan Width": 8, "Actual Startup Time": 7.313, "Actual Total Time": 7.313, "Actual Rows": 16283, "Actual Loops": 1, "Output": ["p.id", "p.owneruserid"], "Hash Buckets": 16384, "Original Hash Buckets": 8192, "Hash Batches": 1, "Original Hash Batches": 1, "Peak Memory Usage": 763, "Plans": [{"Node Type": "Seq Scan", "Parent Relationship": "Outer", "Parallel Aware": false, "Relation Name": "posts", "Schema": "public", "Alias": "p", "Startup Cost": 0.0, "Total Cost": 1183.66, "Plan Rows": 6488, "Plan Width": 8, "Actual Startup Time": 0.009, "Actual Total Time": 5.621, "Actual Rows": 16283, "Actual Loops": 1, "Output": ["p.id", "p.owneruserid"], "Filter": "((p.score <= 26) AND (p.viewcount >= 0) AND (p.creationdate <= '2014-08-29 20:29:22'::timestamp without time zone) AND (p.posttypeid = 1))", "Rows Removed by Filter": 24900}]}]}, {"Node Type": "Hash", "Parent Relationship": "Inner", "Parallel Aware": false, "Startup Cost": 830.68, "Total Cost": 830.68, "Plan Rows": 1389, "Plan Width": 8, "Actual Startup Time": 2.622, "Actual Total Time": 2.622, "Actual Rows": 1138, "Actual Loops": 1, "Output": ["u.id", "b.userid"], "Hash Buckets": 2048, "Original Hash Buckets": 2048, "Hash Batches": 1, "Original Hash Batches": 1, "Peak Memory Usage": 61, "Plans": [{"Node Type": "Nested Loop", "Parent Relationship": "Outer", "Parallel Aware": false, "Join Type": "Inner", "Startup Cost": 0.29, "Total Cost": 830.68, "Plan Rows": 1389, "Plan Width": 8, "Actual Startup Time": 0.218, "Actual Total Time": 2.493, "Actual Rows": 1138, "Actual Loops": 1, "Output": ["u.id", "b.userid"], "Inner Unique": false, "Plans": [{"Node Type": "Seq Scan", "Parent Relationship": "Outer", "Parallel Aware": false, "Relation Name": "users", "Schema": "public", "Alias": "u", "Startup Cost": 0.0, "Total Cost": 371.36, "Plan Rows": 636, "Plan Width": 4, "Actual Startup Time": 0.201, "Actual Total Time": 1.517, "Actual Rows": 656, "Actual Loops": 1, "Output": ["u.id", "u.reputation", "u.creationdate", "u.views", "u.upvotes", "u.downvotes"], "Filter": "((u.reputation >= 1) AND (u.creationdate >= '2011-02-01 21:02:10'::timestamp without time zone) AND (u.views = 4))", "Rows Removed by Filter": 14279}, {"Node Type": "Index Only Scan", "Parent Relationship": "Inner", "Parallel Aware": false, "Scan Direction": "Forward", "Index Name": "idx_badges_userid", "Relation Name": "badges", "Schema": "public", "Alias": "b", "Startup Cost": 0.29, "Total Cost": 0.69, "Plan Rows": 3, "Plan Width": 4, "Actual Startup Time": 0.001, "Actual Total Time": 0.001, "Actual Rows": 2, "Actual Loops": 656, "Output": ["b.userid"], "Index Cond": "(b.userid = u.id)", "Rows Removed by Index Recheck": 0, "Heap Fetches": 0}]}]}]}]}, "Planning Time": 1.304, "Triggers": [], "Execution Time": 11.134}]
[{"Plan": {"Node Type": "Aggregate", "Strategy": "Plain", "Partial Mode": "Simple", "Parallel Aware": false, "Startup Cost": 9734.77, "Total Cost": 9734.78, "Plan Rows": 1, "Plan Width": 8, "Actual Startup Time": 54.658, "Actual Total Time": 54.664, "Actual Rows": 1, "Actual Loops": 1, "Output": ["count(*)"], "Plans": [{"Node Type": "Hash Join", "Parent Relationship": "Outer", "Parallel Aware": false, "Join Type": "Inner", "Startup Cost": 4240.5, "Total Cost": 9701.64, "Plan Rows": 13250, "Plan Width": 0, "Actual Startup Time": 25.059, "Actual Total Time": 53.871, "Actual Rows": 21435, "Actual Loops": 1, "Inner Unique": false, "Hash Cond": "(v.postid = p.id)", "Plans": [{"Node Type": "Seq Scan", "Parent Relationship": "Outer", "Parallel Aware": false, "Relation Name": "votes", "Schema": "public", "Alias": "v", "Startup Cost": 0.0, "Total Cost": 3528.49, "Plan Rows": 162021, "Plan Width": 4, "Actual Startup Time": 0.122, "Actual Total Time": 18.828, "Actual Rows": 163056, "Actual Loops": 1, "Output": ["v.id", "v.postid", "v.votetypeid", "v.creationdate", "v.userid", "v.bountyamount"], "Filter": "((v.creationdate >= '2010-07-22 00:00:00'::timestamp without time zone) AND (v.creationdate <= '2014-09-13 00:00:00'::timestamp without time zone))", "Rows Removed by Filter": 1177}, {"Node Type": "Hash", "Parent Relationship": "Inner", "Parallel Aware": false, "Startup Cost": 3819.49, "Total Cost": 3819.49, "Plan Rows": 33681, "Plan Width": 8, "Actual Startup Time": 24.671, "Actual Total Time": 24.675, "Actual Rows": 5492, "Actual Loops": 1, "Output": ["c.postid", "p.id"], "Hash Buckets": 65536, "Original Hash Buckets": 65536, "Hash Batches": 1, "Original Hash Batches": 1, "Peak Memory Usage": 727, "Plans": [{"Node Type": "Hash Join", "Parent Relationship": "Outer", "Parallel Aware": false, "Join Type": "Inner", "Startup Cost": 1808.52, "Total Cost": 3819.49, "Plan Rows": 33681, "Plan Width": 8, "Actual Startup Time": 12.488, "Actual Total Time": 24.044, "Actual Rows": 5492, "Actual Loops": 1, "Output": ["c.postid", "p.id"], "Inner Unique": false, "Hash Cond": "(c.postid = p.id)", "Plans": [{"Node Type": "Seq Scan", "Parent Relationship": "Outer", "Parallel Aware": false, "Relation Name": "comments", "Schema": "public", "Alias": "c", "Startup Cost": 0.0, "Total Cost": 1376.57, "Plan Rows": 79357, "Plan Width": 4, "Actual Startup Time": 0.004, "Actual Total Time": 4.434, "Actual Rows": 79357, "Actual Loops": 1, "Output": ["c.id", "c.postid", "c.score", "c.creationdate", "c.userid"]}, {"Node Type": "Hash", "Parent Relationship": "Inner", "Parallel Aware": false, "Startup Cost": 1590.03, "Total Cost": 1590.03, "Plan Rows": 17479, "Plan Width": 4, "Actual Startup Time": 12.356, "Actual Total Time": 12.359, "Actual Rows": 1951, "Actual Loops": 1, "Output": ["p.id"], "Hash Buckets": 32768, "Original Hash Buckets": 32768, "Hash Batches": 1, "Original Hash Batches": 1, "Peak Memory Usage": 325, "Plans": [{"Node Type": "Hash Join", "Parent Relationship": "Outer", "Parallel Aware": false, "Join Type": "Inner", "Startup Cost": 607.12, "Total Cost": 1590.03, "Plan Rows": 17479, "Plan Width": 4, "Actual Startup Time": 3.5, "Actual Total Time": 12.095, "Actual Rows": 1951, "Actual Loops": 1, "Output": ["p.id"], "Inner Unique": true, "Hash Cond": "(p.lasteditoruserid = u.id)", "Plans": [{"Node Type": "Seq Scan", "Parent Relationship": "Outer", "Parallel Aware": false, "Relation Name": "posts", "Schema": "public", "Alias": "p", "Startup Cost": 0.0, "Total Cost": 874.79, "Plan Rows": 41183, "Plan Width": 8, "Actual Startup Time": 0.008, "Actual Total Time": 6.094, "Actual Rows": 41183, "Actual Loops": 1, "Output": ["p.id", "p.posttypeid", "p.creationdate", "p.score", "p.viewcount", "p.owneruserid", "p.answercount", "p.commentcount", "p.favoritecount", "p.lasteditoruserid"], "Filter": "(p.commentcount >= 0)", "Rows Removed by Filter": 0}, {"Node Type": "Hash", "Parent Relationship": "Inner", "Parallel Aware": false, "Startup Cost": 446.04, "Total Cost": 446.04, "Plan Rows": 12887, "Plan Width": 4, "Actual Startup Time": 3.41, "Actual Total Time": 3.411, "Actual Rows": 13061, "Actual Loops": 1, "Output": ["u.id"], "Hash Buckets": 16384, "Original Hash Buckets": 16384, "Hash Batches": 1, "Original Hash Batches": 1, "Peak Memory Usage": 588, "Plans": [{"Node Type": "Seq Scan", "Parent Relationship": "Outer", "Parallel Aware": false, "Relation Name": "users", "Schema": "public", "Alias": "u", "Startup Cost": 0.0, "Total Cost": 446.04, "Plan Rows": 12887, "Plan Width": 4, "Actual Startup Time": 0.104, "Actual Total Time": 2.244, "Actual Rows": 13061, "Actual Loops": 1, "Output": ["u.id"], "Filter": "((u.views >= 0) AND (u.views <= 24) AND (u.downvotes >= 0) AND (u.creationdate >= '2010-09-15 09:37:05'::timestamp without time zone) AND (u.creationdate <= '2014-09-12 09:36:40'::timestamp without time zone))", "Rows Removed by Filter": 1874}]}]}]}]}]}]}]}, "Planning Time": 1.394, "Triggers": [], "Execution Time": 54.836}]#####[{"Plan": {"Node Type": "Aggregate", "Strategy": "Plain", "Partial Mode": "Simple", "Parallel Aware": false, "Startup Cost": 6073.64, "Total Cost": 6073.65, "Plan Rows": 1, "Plan Width": 8, "Actual Startup Time": 40.875, "Actual Total Time": 40.881, "Actual Rows": 1, "Actual Loops": 1, "Output": ["count(*)"], "Plans": [{"Node Type": "Nested Loop", "Parent Relationship": "Outer", "Parallel Aware": false, "Join Type": "Inner", "Startup Cost": 1808.81, "Total Cost": 5742.38, "Plan Rows": 132505, "Plan Width": 0, "Actual Startup Time": 12.633, "Actual Total Time": 39.957, "Actual Rows": 21435, "Actual Loops": 1, "Inner Unique": false, "Join Filter": "(p.id = v.postid)", "Rows Removed by Join Filter": 0, "Plans": [{"Node Type": "Hash Join", "Parent Relationship": "Outer", "Parallel Aware": false, "Join Type": "Inner", "Startup Cost": 1808.52, "Total Cost": 3819.49, "Plan Rows": 3368, "Plan Width": 8, "Actual Startup Time": 12.571, "Actual Total Time": 24.883, "Actual Rows": 5492, "Actual Loops": 1, "Output": ["c.postid", "p.id"], "Inner Unique": false, "Hash Cond": "(c.postid = p.id)", "Plans": [{"Node Type": "Seq Scan", "Parent Relationship": "Outer", "Parallel Aware": false, "Relation Name": "comments", "Schema": "public", "Alias": "c", "Startup Cost": 0.0, "Total Cost": 1376.57, "Plan Rows": 79357, "Plan Width": 4, "Actual Startup Time": 0.004, "Actual Total Time": 4.428, "Actual Rows": 79357, "Actual Loops": 1, "Output": ["c.id", "c.postid", "c.score", "c.creationdate", "c.userid"]}, {"Node Type": "Hash", "Parent Relationship": "Inner", "Parallel Aware": false, "Startup Cost": 1590.03, "Total Cost": 1590.03, "Plan Rows": 17479, "Plan Width": 4, "Actual Startup Time": 12.427, "Actual Total Time": 12.43, "Actual Rows": 1951, "Actual Loops": 1, "Output": ["p.id"], "Hash Buckets": 32768, "Original Hash Buckets": 32768, "Hash Batches": 1, "Original Hash Batches": 1, "Peak Memory Usage": 325, "Plans": [{"Node Type": "Hash Join", "Parent Relationship": "Outer", "Parallel Aware": false, "Join Type": "Inner", "Startup Cost": 607.12, "Total Cost": 1590.03, "Plan Rows": 17479, "Plan Width": 4, "Actual Startup Time": 3.568, "Actual Total Time": 12.158, "Actual Rows": 1951, "Actual Loops": 1, "Output": ["p.id"], "Inner Unique": true, "Hash Cond": "(p.lasteditoruserid = u.id)", "Plans": [{"Node Type": "Seq Scan", "Parent Relationship": "Outer", "Parallel Aware": false, "Relation Name": "posts", "Schema": "public", "Alias": "p", "Startup Cost": 0.0, "Total Cost": 874.79, "Plan Rows": 41183, "Plan Width": 8, "Actual Startup Time": 0.009, "Actual Total Time": 6.064, "Actual Rows": 41183, "Actual Loops": 1, "Output": ["p.id", "p.posttypeid", "p.creationdate", "p.score", "p.viewcount", "p.owneruserid", "p.answercount", "p.commentcount", "p.favoritecount", "p.lasteditoruserid"], "Filter": "(p.commentcount >= 0)", "Rows Removed by Filter": 0}, {"Node Type": "Hash", "Parent Relationship": "Inner", "Parallel Aware": false, "Startup Cost": 446.04, "Total Cost": 446.04, "Plan Rows": 12887, "Plan Width": 4, "Actual Startup Time": 3.474, "Actual Total Time": 3.474, "Actual Rows": 13061, "Actual Loops": 1, "Output": ["u.id"], "Hash Buckets": 16384, "Original Hash Buckets": 16384, "Hash Batches": 1, "Original Hash Batches": 1, "Peak Memory Usage": 588, "Plans": [{"Node Type": "Seq Scan", "Parent Relationship": "Outer", "Parallel Aware": false, "Relation Name": "users", "Schema": "public", "Alias": "u", "Startup Cost": 0.0, "Total Cost": 446.04, "Plan Rows": 12887, "Plan Width": 4, "Actual Startup Time": 0.108, "Actual Total Time": 2.257, "Actual Rows": 13061, "Actual Loops": 1, "Output": ["u.id"], "Filter": "((u.views >= 0) AND (u.views <= 24) AND (u.downvotes >= 0) AND (u.creationdate >= '2010-09-15 09:37:05'::timestamp without time zone) AND (u.creationdate <= '2014-09-12 09:36:40'::timestamp without time zone))", "Rows Removed by Filter": 1874}]}]}]}]}, {"Node Type": "Index Scan", "Parent Relationship": "Inner", "Parallel Aware": false, "Scan Direction": "Forward", "Index Name": "idx_votes_postid", "Relation Name": "votes", "Schema": "public", "Alias": "v", "Startup Cost": 0.29, "Total Cost": 0.5, "Plan Rows": 6, "Plan Width": 4, "Actual Startup Time": 0.001, "Actual Total Time": 0.002, "Actual Rows": 4, "Actual Loops": 5492, "Output": ["v.id", "v.postid", "v.votetypeid", "v.creationdate", "v.userid", "v.bountyamount"], "Index Cond": "(v.postid = c.postid)", "Rows Removed by Index Recheck": 0, "Filter": "((v.creationdate >= '2010-07-22 00:00:00'::timestamp without time zone) AND (v.creationdate <= '2014-09-13 00:00:00'::timestamp without time zone))", "Rows Removed by Filter": 0}]}]}, "Planning Time": 1.256, "Triggers": [], "Execution Time": 40.997}]#####[{"Plan": {"Node Type": "Aggregate", "Strategy": "Plain", "Partial Mode": "Simple", "Parallel Aware": false, "Startup Cost": 22400.79, "Total Cost": 22400.8, "Plan Rows": 1, "Plan Width": 8, "Actual Startup Time": 160.888, "Actual Total Time": 160.894, "Actual Rows": 1, "Actual Loops": 1, "Output": ["count(*)"], "Plans": [{"Node Type": "Hash Join", "Parent Relationship": "Outer", "Parallel Aware": false, "Join Type": "Inner", "Startup Cost": 1809.55, "Total Cost": 22069.52, "Plan Rows": 132505, "Plan Width": 0, "Actual Startup Time": 16.514, "Actual Total Time": 159.971, "Actual Rows": 21435, "Actual Loops": 1, "Inner Unique": false, "Hash Cond": "(c.postid = p.id)", "Plans": [{"Node Type": "Merge Join", "Parent Relationship": "Outer", "Parallel Aware": false, "Join Type": "Inner", "Startup Cost": 1.03, "Total Cost": 16220.13, "Plan Rows": 505474, "Plan Width": 8, "Actual Startup Time": 0.069, "Actual Total Time": 126.69, "Actual Rows": 404520, "Actual Loops": 1, "Output": ["c.postid", "v.postid"], "Inner Unique": false, "Merge Cond": "(c.postid = v.postid)", "Plans": [{"Node Type": "Index Only Scan", "Parent Relationship": "Outer", "Parallel Aware": false, "Scan Direction": "Forward", "Index Name": "idx_comments_postid", "Relation Name": "comments", "Schema": "public", "Alias": "c", "Startup Cost": 0.29, "Total Cost": 1738.65, "Plan Rows": 79357, "Plan Width": 4, "Actual Startup Time": 0.014, "Actual Total Time": 5.978, "Actual Rows": 79357, "Actual Loops": 1, "Output": ["c.postid"], "Heap Fetches": 0}, {"Node Type": "Materialize", "Parent Relationship": "Inner", "Parallel Aware": false, "Startup Cost": 0.29, "Total Cost": 7114.53, "Plan Rows": 162021, "Plan Width": 4, "Actual Startup Time": 0.052, "Actual Total Time": 76.292, "Actual Rows": 455097, "Actual Loops": 1, "Output": ["v.id", "v.postid", "v.votetypeid", "v.creationdate", "v.userid", "v.bountyamount"], "Plans": [{"Node Type": "Index Scan", "Parent Relationship": "Outer", "Parallel Aware": false, "Scan Direction": "Forward", "Index Name": "idx_votes_postid", "Relation Name": "votes", "Schema": "public", "Alias": "v", "Startup Cost": 0.29, "Total Cost": 6709.47, "Plan Rows": 162021, "Plan Width": 4, "Actual Startup Time": 0.049, "Actual Total Time": 51.608, "Actual Rows": 162941, "Actual Loops": 1, "Output": ["v.id", "v.postid", "v.votetypeid", "v.creationdate", "v.userid", "v.bountyamount"], "Filter": "((v.creationdate >= '2010-07-22 00:00:00'::timestamp without time zone) AND (v.creationdate <= '2014-09-13 00:00:00'::timestamp without time zone))", "Rows Removed by Filter": 1177}]}]}, {"Node Type": "Hash", "Parent Relationship": "Inner", "Parallel Aware": false, "Startup Cost": 1590.03, "Total Cost": 1590.03, "Plan Rows": 17479, "Plan Width": 4, "Actual Startup Time": 12.444, "Actual Total Time": 12.447, "Actual Rows": 1951, "Actual Loops": 1, "Output": ["p.id"], "Hash Buckets": 32768, "Original Hash Buckets": 32768, "Hash Batches": 1, "Original Hash Batches": 1, "Peak Memory Usage": 325, "Plans": [{"Node Type": "Hash Join", "Parent Relationship": "Outer", "Parallel Aware": false, "Join Type": "Inner", "Startup Cost": 607.12, "Total Cost": 1590.03, "Plan Rows": 17479, "Plan Width": 4, "Actual Startup Time": 3.538, "Actual Total Time": 12.146, "Actual Rows": 1951, "Actual Loops": 1, "Output": ["p.id"], "Inner Unique": true, "Hash Cond": "(p.lasteditoruserid = u.id)", "Plans": [{"Node Type": "Seq Scan", "Parent Relationship": "Outer", "Parallel Aware": false, "Relation Name": "posts", "Schema": "public", "Alias": "p", "Startup Cost": 0.0, "Total Cost": 874.79, "Plan Rows": 41183, "Plan Width": 8, "Actual Startup Time": 0.008, "Actual Total Time": 6.093, "Actual Rows": 41183, "Actual Loops": 1, "Output": ["p.id", "p.posttypeid", "p.creationdate", "p.score", "p.viewcount", "p.owneruserid", "p.answercount", "p.commentcount", "p.favoritecount", "p.lasteditoruserid"], "Filter": "(p.commentcount >= 0)", "Rows Removed by Filter": 0}, {"Node Type": "Hash", "Parent Relationship": "Inner", "Parallel Aware": false, "Startup Cost": 446.04, "Total Cost": 446.04, "Plan Rows": 12887, "Plan Width": 4, "Actual Startup Time": 3.451, "Actual Total Time": 3.452, "Actual Rows": 13061, "Actual Loops": 1, "Output": ["u.id"], "Hash Buckets": 16384, "Original Hash Buckets": 16384, "Hash Batches": 1, "Original Hash Batches": 1, "Peak Memory Usage": 588, "Plans": [{"Node Type": "Seq Scan", "Parent Relationship": "Outer", "Parallel Aware": false, "Relation Name": "users", "Schema": "public", "Alias": "u", "Startup Cost": 0.0, "Total Cost": 446.04, "Plan Rows": 12887, "Plan Width": 4, "Actual Startup Time": 0.112, "Actual Total Time": 2.285, "Actual Rows": 13061, "Actual Loops": 1, "Output": ["u.id"], "Filter": "((u.views >= 0) AND (u.views <= 24) AND (u.downvotes >= 0) AND (u.creationdate >= '2010-09-15 09:37:05'::timestamp without time zone) AND (u.creationdate <= '2014-09-12 09:36:40'::timestamp without time zone))", "Rows Removed by Filter": 1874}]}]}]}]}]}, "Planning Time": 1.424, "Triggers": [], "Execution Time": 161.031}]
[{"Plan": {"Node Type": "Aggregate", "Strategy": "Plain", "Partial Mode": "Simple", "Parallel Aware": false, "Startup Cost": 9423.43, "Total Cost": 9423.44, "Plan Rows": 1, "Plan Width": 8, "Actual Startup Time": 109.975, "Actual Total Time": 109.982, "Actual Rows": 1, "Actual Loops": 1, "Output": ["count(*)"], "Plans": [{"Node Type": "Hash Join", "Parent Relationship": "Outer", "Parallel Aware": false, "Join Type": "Inner", "Startup Cost": 4832.36, "Total Cost": 9408.04, "Plan Rows": 6156, "Plan Width": 0, "Actual Startup Time": 61.739, "Actual Total Time": 102.049, "Actual Rows": 223711, "Actual Loops": 1, "Inner Unique": false, "Hash Cond": "(v.postid = p.id)", "Plans": [{"Node Type": "Seq Scan", "Parent Relationship": "Outer", "Parallel Aware": false, "Relation Name": "votes", "Schema": "public", "Alias": "v", "Startup Cost": 0.0, "Total Cost": 3117.91, "Plan Rows": 134737, "Plan Width": 4, "Actual Startup Time": 0.011, "Actual Total Time": 16.198, "Actual Rows": 134683, "Actual Loops": 1, "Output": ["v.id", "v.postid", "v.votetypeid", "v.creationdate", "v.userid", "v.bountyamount"], "Filter": "(v.votetypeid = 2)", "Rows Removed by Filter": 29550}, {"Node Type": "Hash", "Parent Relationship": "Inner", "Parallel Aware": false, "Startup Cost": 4597.13, "Total Cost": 4597.13, "Plan Rows": 18818, "Plan Width": 8, "Actual Startup Time": 60.943, "Actual Total Time": 60.947, "Actual Rows": 72946, "Actual Loops": 1, "Output": ["ph.postid", "p.id"], "Hash Buckets": 131072, "Original Hash Buckets": 32768, "Hash Batches": 1, "Original Hash Batches": 1, "Peak Memory Usage": 3874, "Plans": [{"Node Type": "Hash Join", "Parent Relationship": "Outer", "Parallel Aware": false, "Join Type": "Inner", "Startup Cost": 1956.13, "Total Cost": 4597.13, "Plan Rows": 18818, "Plan Width": 8, "Actual Startup Time": 11.819, "Actual Total Time": 52.025, "Actual Rows": 72946, "Actual Loops": 1, "Output": ["ph.postid", "p.id"], "Inner Unique": true, "Hash Cond": "(p.owneruserid = u.id)", "Plans": [{"Node Type": "Hash Join", "Parent Relationship": "Outer", "Parallel Aware": false, "Join Type": "Inner", "Startup Cost": 1364.74, "Total Cost": 3953.95, "Plan Rows": 19728, "Plan Width": 12, "Actual Startup Time": 8.174, "Actual Total Time": 38.158, "Actual Rows": 85848, "Actual Loops": 1, "Output": ["ph.postid", "p.id", "p.owneruserid"], "Inner Unique": true, "Hash Cond": "(ph.postid = p.id)", "Plans": [{"Node Type": "Seq Scan", "Parent Relationship": "Outer", "Parallel Aware": false, "Relation Name": "posthistory", "Schema": "public", "Alias": "ph", "Startup Cost": 0.0, "Total Cost": 2247.94, "Plan Rows": 129994, "Plan Width": 4, "Actual Startup Time": 0.007, "Actual Total Time": 12.136, "Actual Rows": 129994, "Actual Loops": 1, "Output": ["ph.id", "ph.posthistorytypeid", "ph.postid", "ph.creationdate", "ph.userid"]}, {"Node Type": "Hash", "Parent Relationship": "Inner", "Parallel Aware": false, "Startup Cost": 1286.62, "Total Cost": 1286.62, "Plan Rows": 6250, "Plan Width": 8, "Actual Startup Time": 7.564, "Actual Total Time": 7.564, "Actual Rows": 15890, "Actual Loops": 1, "Output": ["p.id", "p.owneruserid"], "Hash Buckets": 16384, "Original Hash Buckets": 8192, "Hash Batches": 1, "Original Hash Batches": 1, "Peak Memory Usage": 747, "Plans": [{"Node Type": "Seq Scan", "Parent Relationship": "Outer", "Parallel Aware": false, "Relation Name": "posts", "Schema": "public", "Alias": "p", "Startup Cost": 0.0, "Total Cost": 1286.62, "Plan Rows": 6250, "Plan Width": 8, "Actual Startup Time": 0.202, "Actual Total Time": 5.852, "Actual Rows": 15890, "Actual Loops": 1, "Output": ["p.id", "p.owneruserid"], "Filter": "((p.score >= 0) AND (p.viewcount >= 0) AND (p.answercount >= 0) AND (p.creationdate >= '2010-08-14 14:00:16'::timestamp without time zone) AND (p.creationdate <= '2014-09-08 19:11:28'::timestamp without time zone))", "Rows Removed by Filter": 25293}]}]}, {"Node Type": "Hash", "Parent Relationship": "Inner", "Parallel Aware": false, "Startup Cost": 408.7, "Total Cost": 408.7, "Plan Rows": 14615, "Plan Width": 4, "Actual Startup Time": 3.599, "Actual Total Time": 3.6, "Actual Rows": 14727, "Actual Loops": 1, "Output": ["u.id"], "Hash Buckets": 16384, "Original Hash Buckets": 16384, "Hash Batches": 1, "Original Hash Batches": 1, "Peak Memory Usage": 646, "Plans": [{"Node Type": "Seq Scan", "Parent Relationship": "Outer", "Parallel Aware": false, "Relation Name": "users", "Schema": "public", "Alias": "u", "Startup Cost": 0.0, "Total Cost": 408.7, "Plan Rows": 14615, "Plan Width": 4, "Actual Startup Time": 0.009, "Actual Total Time": 2.245, "Actual Rows": 14727, "Actual Loops": 1, "Output": ["u.id"], "Filter": "((u.reputation <= 1423) AND (u.views >= 0) AND (u.views <= 268) AND (u.downvotes >= 0))", "Rows Removed by Filter": 208}]}]}]}]}]}, "Planning Time": 1.287, "Triggers": [], "Execution Time": 110.193}]#####[{"Plan": {"Node Type": "Aggregate", "Strategy": "Plain", "Partial Mode": "Simple", "Parallel Aware": false, "Startup Cost": 5724.93, "Total Cost": 5724.94, "Plan Rows": 1, "Plan Width": 8, "Actual Startup Time": 215.804, "Actual Total Time": 215.81, "Actual Rows": 1, "Actual Loops": 1, "Output": ["count(*)"], "Plans": [{"Node Type": "Nested Loop", "Parent Relationship": "Outer", "Parallel Aware": false, "Join Type": "Inner", "Startup Cost": 1956.42, "Total Cost": 5571.02, "Plan Rows": 61566, "Plan Width": 0, "Actual Startup Time": 11.908, "Actual Total Time": 205.412, "Actual Rows": 223711, "Actual Loops": 1, "Inner Unique": false, "Join Filter": "(p.id = v.postid)", "Rows Removed by Join Filter": 0, "Plans": [{"Node Type": "Hash Join", "Parent Relationship": "Outer", "Parallel Aware": false, "Join Type": "Inner", "Startup Cost": 1956.13, "Total Cost": 4597.13, "Plan Rows": 1881, "Plan Width": 8, "Actual Startup Time": 11.876, "Actual Total Time": 56.437, "Actual Rows": 72946, "Actual Loops": 1, "Output": ["ph.postid", "p.id"], "Inner Unique": true, "Hash Cond": "(p.owneruserid = u.id)", "Plans": [{"Node Type": "Hash Join", "Parent Relationship": "Outer", "Parallel Aware": false, "Join Type": "Inner", "Startup Cost": 1364.74, "Total Cost": 3953.95, "Plan Rows": 19728, "Plan Width": 12, "Actual Startup Time": 8.191, "Actual Total Time": 41.23, "Actual Rows": 85848, "Actual Loops": 1, "Output": ["ph.postid", "p.id", "p.owneruserid"], "Inner Unique": true, "Hash Cond": "(ph.postid = p.id)", "Plans": [{"Node Type": "Seq Scan", "Parent Relationship": "Outer", "Parallel Aware": false, "Relation Name": "posthistory", "Schema": "public", "Alias": "ph", "Startup Cost": 0.0, "Total Cost": 2247.94, "Plan Rows": 129994, "Plan Width": 4, "Actual Startup Time": 0.006, "Actual Total Time": 8.08, "Actual Rows": 129994, "Actual Loops": 1, "Output": ["ph.id", "ph.posthistorytypeid", "ph.postid", "ph.creationdate", "ph.userid"]}, {"Node Type": "Hash", "Parent Relationship": "Inner", "Parallel Aware": false, "Startup Cost": 1286.62, "Total Cost": 1286.62, "Plan Rows": 6250, "Plan Width": 8, "Actual Startup Time": 7.605, "Actual Total Time": 7.606, "Actual Rows": 15890, "Actual Loops": 1, "Output": ["p.id", "p.owneruserid"], "Hash Buckets": 16384, "Original Hash Buckets": 8192, "Hash Batches": 1, "Original Hash Batches": 1, "Peak Memory Usage": 747, "Plans": [{"Node Type": "Seq Scan", "Parent Relationship": "Outer", "Parallel Aware": false, "Relation Name": "posts", "Schema": "public", "Alias": "p", "Startup Cost": 0.0, "Total Cost": 1286.62, "Plan Rows": 6250, "Plan Width": 8, "Actual Startup Time": 0.194, "Actual Total Time": 5.897, "Actual Rows": 15890, "Actual Loops": 1, "Output": ["p.id", "p.owneruserid"], "Filter": "((p.score >= 0) AND (p.viewcount >= 0) AND (p.answercount >= 0) AND (p.creationdate >= '2010-08-14 14:00:16'::timestamp without time zone) AND (p.creationdate <= '2014-09-08 19:11:28'::timestamp without time zone))", "Rows Removed by Filter": 25293}]}]}, {"Node Type": "Hash", "Parent Relationship": "Inner", "Parallel Aware": false, "Startup Cost": 408.7, "Total Cost": 408.7, "Plan Rows": 14615, "Plan Width": 4, "Actual Startup Time": 3.622, "Actual Total Time": 3.622, "Actual Rows": 14727, "Actual Loops": 1, "Output": ["u.id"], "Hash Buckets": 16384, "Original Hash Buckets": 16384, "Hash Batches": 1, "Original Hash Batches": 1, "Peak Memory Usage": 646, "Plans": [{"Node Type": "Seq Scan", "Parent Relationship": "Outer", "Parallel Aware": false, "Relation Name": "users", "Schema": "public", "Alias": "u", "Startup Cost": 0.0, "Total Cost": 408.7, "Plan Rows": 14615, "Plan Width": 4, "Actual Startup Time": 0.011, "Actual Total Time": 2.279, "Actual Rows": 14727, "Actual Loops": 1, "Output": ["u.id"], "Filter": "((u.reputation <= 1423) AND (u.views >= 0) AND (u.views <= 268) AND (u.downvotes >= 0))", "Rows Removed by Filter": 208}]}]}, {"Node Type": "Index Scan", "Parent Relationship": "Inner", "Parallel Aware": false, "Scan Direction": "Forward", "Index Name": "idx_votes_postid", "Relation Name": "votes", "Schema": "public", "Alias": "v", "Startup Cost": 0.29, "Total Cost": 0.46, "Plan Rows": 5, "Plan Width": 4, "Actual Startup Time": 0.001, "Actual Total Time": 0.002, "Actual Rows": 3, "Actual Loops": 72946, "Output": ["v.id", "v.postid", "v.votetypeid", "v.creationdate", "v.userid", "v.bountyamount"], "Index Cond": "(v.postid = ph.postid)", "Rows Removed by Index Recheck": 0, "Filter": "(v.votetypeid = 2)", "Rows Removed by Filter": 1}]}]}, "Planning Time": 1.666, "Triggers": [], "Execution Time": 215.881}]#####[{"Plan": {"Node Type": "Aggregate", "Strategy": "Plain", "Partial Mode": "Simple", "Parallel Aware": false, "Startup Cost": 23127.09, "Total Cost": 23127.1, "Plan Rows": 1, "Plan Width": 8, "Actual Startup Time": 198.067, "Actual Total Time": 198.073, "Actual Rows": 1, "Actual Loops": 1, "Output": ["count(*)"], "Plans": [{"Node Type": "Hash Join", "Parent Relationship": "Outer", "Parallel Aware": false, "Join Type": "Inner", "Startup Cost": 1969.52, "Total Cost": 22973.18, "Plan Rows": 61566, "Plan Width": 0, "Actual Startup Time": 30.275, "Actual Total Time": 189.662, "Actual Rows": 223711, "Actual Loops": 1, "Inner Unique": false, "Hash Cond": "(ph.postid = p.id)", "Plans": [{"Node Type": "Merge Join", "Parent Relationship": "Outer", "Parallel Aware": false, "Join Type": "Inner", "Startup Cost": 0.59, "Total Cost": 18031.19, "Plan Rows": 571996, "Plan Width": 8, "Actual Startup Time": 0.037, "Actual Total Time": 136.686, "Actual Rows": 477123, "Actual Loops": 1, "Output": ["ph.postid", "v.postid"], "Inner Unique": false, "Merge Cond": "(ph.postid = v.postid)", "Plans": [{"Node Type": "Index Only Scan", "Parent Relationship": "Outer", "Parallel Aware": false, "Scan Direction": "Forward", "Index Name": "idx_posthistory_postid", "Relation Name": "posthistory", "Schema": "public", "Alias": "ph", "Startup Cost": 0.29, "Total Cost": 2834.2, "Plan Rows": 129994, "Plan Width": 4, "Actual Startup Time": 0.014, "Actual Total Time": 9.923, "Actual Rows": 129994, "Actual Loops": 1, "Output": ["ph.postid"], "Heap Fetches": 0}, {"Node Type": "Materialize", "Parent Relationship": "Inner", "Parallel Aware": false, "Startup Cost": 0.29, "Total Cost": 6635.73, "Plan Rows": 134737, "Plan Width": 4, "Actual Startup Time": 0.021, "Actual Total Time": 74.688, "Actual Rows": 477124, "Actual Loops": 1, "Output": ["v.id", "v.postid", "v.votetypeid", "v.creationdate", "v.userid", "v.bountyamount"], "Plans": [{"Node Type": "Index Scan", "Parent Relationship": "Outer", "Parallel Aware": false, "Scan Direction": "Forward", "Index Name": "idx_votes_postid", "Relation Name": "votes", "Schema": "public", "Alias": "v", "Startup Cost": 0.29, "Total Cost": 6298.89, "Plan Rows": 134737, "Plan Width": 4, "Actual Startup Time": 0.018, "Actual Total Time": 50.655, "Actual Rows": 134616, "Actual Loops": 1, "Output": ["v.id", "v.postid", "v.votetypeid", "v.creationdate", "v.userid", "v.bountyamount"], "Filter": "(v.votetypeid = 2)", "Rows Removed by Filter": 29536}]}]}, {"Node Type": "Hash", "Parent Relationship": "Inner", "Parallel Aware": false, "Startup Cost": 1894.41, "Total Cost": 1894.41, "Plan Rows": 5962, "Plan Width": 4, "Actual Startup Time": 12.839, "Actual Total Time": 12.842, "Actual Rows": 13545, "Actual Loops": 1, "Output": ["p.id"], "Hash Buckets": 16384, "Original Hash Buckets": 8192, "Hash Batches": 1, "Original Hash Batches": 1, "Peak Memory Usage": 605, "Plans": [{"Node Type": "Hash Join", "Parent Relationship": "Outer", "Parallel Aware": false, "Join Type": "Inner", "Startup Cost": 591.39, "Total Cost": 1894.41, "Plan Rows": 5962, "Plan Width": 4, "Actual Startup Time": 3.871, "Actual Total Time": 11.402, "Actual Rows": 13545, "Actual Loops": 1, "Output": ["p.id"], "Inner Unique": true, "Hash Cond": "(p.owneruserid = u.id)", "Plans": [{"Node Type": "Seq Scan", "Parent Relationship": "Outer", "Parallel Aware": false, "Relation Name": "posts", "Schema": "public", "Alias": "p", "Startup Cost": 0.0, "Total Cost": 1286.62, "Plan Rows": 6250, "Plan Width": 8, "Actual Startup Time": 0.204, "Actual Total Time": 5.779, "Actual Rows": 15890, "Actual Loops": 1, "Output": ["p.id", "p.posttypeid", "p.creationdate", "p.score", "p.viewcount", "p.owneruserid", "p.answercount", "p.commentcount", "p.favoritecount", "p.lasteditoruserid"], "Filter": "((p.score >= 0) AND (p.viewcount >= 0) AND (p.answercount >= 0) AND (p.creationdate >= '2010-08-14 14:00:16'::timestamp without time zone) AND (p.creationdate <= '2014-09-08 19:11:28'::timestamp without time zone))", "Rows Removed by Filter": 25293}, {"Node Type": "Hash", "Parent Relationship": "Inner", "Parallel Aware": false, "Startup Cost": 408.7, "Total Cost": 408.7, "Plan Rows": 14615, "Plan Width": 4, "Actual Startup Time": 3.616, "Actual Total Time": 3.617, "Actual Rows": 14727, "Actual Loops": 1, "Output": ["u.id"], "Hash Buckets": 16384, "Original Hash Buckets": 16384, "Hash Batches": 1, "Original Hash Batches": 1, "Peak Memory Usage": 646, "Plans": [{"Node Type": "Seq Scan", "Parent Relationship": "Outer", "Parallel Aware": false, "Relation Name": "users", "Schema": "public", "Alias": "u", "Startup Cost": 0.0, "Total Cost": 408.7, "Plan Rows": 14615, "Plan Width": 4, "Actual Startup Time": 0.008, "Actual Total Time": 2.239, "Actual Rows": 14727, "Actual Loops": 1, "Output": ["u.id"], "Filter": "((u.reputation <= 1423) AND (u.views >= 0) AND (u.views <= 268) AND (u.downvotes >= 0))", "Rows Removed by Filter": 208}]}]}]}]}]}, "Planning Time": 1.698, "Triggers": [], "Execution Time": 198.207}]
[{"Plan": {"Node Type": "Aggregate", "Strategy": "Plain", "Partial Mode": "Simple", "Parallel Aware": false, "Startup Cost": 1540.15, "Total Cost": 1540.16, "Plan Rows": 1, "Plan Width": 8, "Actual Startup Time": 11.265, "Actual Total Time": 11.269, "Actual Rows": 1, "Actual Loops": 1, "Output": ["count(*)"], "Plans": [{"Node Type": "Nested Loop", "Parent Relationship": "Outer", "Parallel Aware": false, "Join Type": "Inner", "Startup Cost": 1199.1, "Total Cost": 1539.17, "Plan Rows": 391, "Plan Width": 0, "Actual Startup Time": 7.912, "Actual Total Time": 11.009, "Actual Rows": 5726, "Actual Loops": 1, "Inner Unique": false, "Plans": [{"Node Type": "Nested Loop", "Parent Relationship": "Outer", "Parallel Aware": false, "Join Type": "Inner", "Startup Cost": 1198.82, "Total Cost": 1511.21, "Plan Rows": 75, "Plan Width": 4, "Actual Startup Time": 7.894, "Actual Total Time": 10.007, "Actual Rows": 102, "Actual Loops": 1, "Output": ["c.userid"], "Inner Unique": false, "Join Filter": "(p.id = c.postid)", "Rows Removed by Join Filter": 0, "Plans": [{"Node Type": "Nested Loop", "Parent Relationship": "Outer", "Parallel Aware": false, "Join Type": "Inner", "Startup Cost": 1198.52, "Total Cost": 1492.38, "Plan Rows": 39, "Plan Width": 16, "Actual Startup Time": 7.465, "Actual Total Time": 9.763, "Actual Rows": 29, "Actual Loops": 1, "Output": ["p.id", "pl.relatedpostid", "ph.postid", "v.postid"], "Inner Unique": false, "Join Filter": "(p.id = ph.postid)", "Rows Removed by Join Filter": 0, "Plans": [{"Node Type": "Nested Loop", "Parent Relationship": "Outer", "Parallel Aware": false, "Join Type": "Inner", "Startup Cost": 1198.23, "Total Cost": 1465.33, "Plan Rows": 39, "Plan Width": 12, "Actual Startup Time": 7.431, "Actual Total Time": 9.249, "Actual Rows": 29, "Actual Loops": 1, "Output": ["p.id", "pl.relatedpostid", "v.postid"], "Inner Unique": false, "Join Filter": "(p.id = v.postid)", "Rows Removed by Join Filter": 0, "Plans": [{"Node Type": "Hash Join", "Parent Relationship": "Outer", "Parallel Aware": false, "Join Type": "Inner", "Startup Cost": 1197.93, "Total Cost": 1275.33, "Plan Rows": 106, "Plan Width": 8, "Actual Startup Time": 7.333, "Actual Total Time": 8.036, "Actual Rows": 111, "Actual Loops": 1, "Output": ["p.id", "pl.relatedpostid"], "Inner Unique": true, "Hash Cond": "(pl.relatedpostid = p.id)", "Plans": [{"Node Type": "Seq Scan", "Parent Relationship": "Outer", "Parallel Aware": false, "Relation Name": "postlinks", "Schema": "public", "Alias": "pl", "Startup Cost": 0.0, "Total Cost": 67.33, "Plan Rows": 3833, "Plan Width": 4, "Actual Startup Time": 0.008, "Actual Total Time": 0.28, "Actual Rows": 3833, "Actual Loops": 1, "Output": ["pl.id", "pl.creationdate", "pl.postid", "pl.relatedpostid", "pl.linktypeid"]}, {"Node Type": "Hash", "Parent Relationship": "Inner", "Parallel Aware": false, "Startup Cost": 1183.66, "Total Cost": 1183.66, "Plan Rows": 1142, "Plan Width": 4, "Actual Startup Time": 7.247, "Actual Total Time": 7.248, "Actual Rows": 2962, "Actual Loops": 1, "Output": ["p.id"], "Hash Buckets": 4096, "Original Hash Buckets": 2048, "Hash Batches": 1, "Original Hash Batches": 1, "Peak Memory Usage": 137, "Plans": [{"Node Type": "Seq Scan", "Parent Relationship": "Outer", "Parallel Aware": false, "Relation Name": "posts", "Schema": "public", "Alias": "p", "Startup Cost": 0.0, "Total Cost": 1183.66, "Plan Rows": 1142, "Plan Width": 4, "Actual Startup Time": 0.145, "Actual Total Time": 6.811, "Actual Rows": 2962, "Actual Loops": 1, "Output": ["p.id"], "Filter": "((p.viewcount >= 0) AND (p.creationdate >= '2010-07-23 14:53:50'::timestamp without time zone) AND (p.creationdate <= '2014-09-13 19:50:17'::timestamp without time zone) AND (p.answercount = 0))", "Rows Removed by Filter": 38221}]}]}, {"Node Type": "Index Scan", "Parent Relationship": "Inner", "Parallel Aware": false, "Scan Direction": "Forward", "Index Name": "idx_votes_postid", "Relation Name": "votes", "Schema": "public", "Alias": "v", "Startup Cost": 0.29, "Total Cost": 1.78, "Plan Rows": 1, "Plan Width": 4, "Actual Startup Time": 0.01, "Actual Total Time": 0.011, "Actual Rows": 0, "Actual Loops": 111, "Output": ["v.id", "v.postid", "v.votetypeid", "v.creationdate", "v.userid", "v.bountyamount"], "Index Cond": "(v.postid = pl.relatedpostid)", "Rows Removed by Index Recheck": 0, "Filter": "(v.votetypeid = 5)", "Rows Removed by Filter": 4}]}, {"Node Type": "Index Scan", "Parent Relationship": "Inner", "Parallel Aware": false, "Scan Direction": "Forward", "Index Name": "idx_posthistory_postid", "Relation Name": "posthistory", "Schema": "public", "Alias": "ph", "Startup Cost": 0.29, "Total Cost": 0.68, "Plan Rows": 1, "Plan Width": 4, "Actual Startup Time": 0.01, "Actual Total Time": 0.017, "Actual Rows": 1, "Actual Loops": 29, "Output": ["ph.id", "ph.posthistorytypeid", "ph.postid", "ph.creationdate", "ph.userid"], "Index Cond": "(ph.postid = v.postid)", "Rows Removed by Index Recheck": 0, "Filter": "(ph.posthistorytypeid = 2)", "Rows Removed by Filter": 5}]}, {"Node Type": "Index Scan", "Parent Relationship": "Inner", "Parallel Aware": false, "Scan Direction": "Forward", "Index Name": "idx_comments_postid", "Relation Name": "comments", "Schema": "public", "Alias": "c", "Startup Cost": 0.29, "Total Cost": 0.43, "Plan Rows": 4, "Plan Width": 8, "Actual Startup Time": 0.006, "Actual Total Time": 0.008, "Actual Rows": 4, "Actual Loops": 29, "Output": ["c.id", "c.postid", "c.score", "c.creationdate", "c.userid"], "Index Cond": "(c.postid = ph.postid)", "Rows Removed by Index Recheck": 0}]}, {"Node Type": "Index Only Scan", "Parent Relationship": "Inner", "Parallel Aware": false, "Scan Direction": "Forward", "Index Name": "idx_badges_userid", "Relation Name": "badges", "Schema": "public", "Alias": "b", "Startup Cost": 0.29, "Total Cost": 0.34, "Plan Rows": 3, "Plan Width": 4, "Actual Startup Time": 0.003, "Actual Total Time": 0.006, "Actual Rows": 56, "Actual Loops": 102, "Output": ["b.userid"], "Index Cond": "(b.userid = c.userid)", "Rows Removed by Index Recheck": 0, "Heap Fetches": 0}]}]}, "Planning Time": 4.637, "Triggers": [], "Execution Time": 11.387}]#####[{"Plan": {"Node Type": "Aggregate", "Strategy": "Plain", "Partial Mode": "Simple", "Parallel Aware": false, "Startup Cost": 1529.68, "Total Cost": 1529.69, "Plan Rows": 1, "Plan Width": 8, "Actual Startup Time": 8.611, "Actual Total Time": 8.615, "Actual Rows": 1, "Actual Loops": 1, "Output": ["count(*)"], "Plans": [{"Node Type": "Nested Loop", "Parent Relationship": "Outer", "Parallel Aware": false, "Join Type": "Inner", "Startup Cost": 1199.1, "Total Cost": 1519.9, "Plan Rows": 3913, "Plan Width": 0, "Actual Startup Time": 5.807, "Actual Total Time": 8.41, "Actual Rows": 5726, "Actual Loops": 1, "Inner Unique": false, "Plans": [{"Node Type": "Nested Loop", "Parent Relationship": "Outer", "Parallel Aware": false, "Join Type": "Inner", "Startup Cost": 1198.82, "Total Cost": 1491.94, "Plan Rows": 75, "Plan Width": 4, "Actual Startup Time": 5.789, "Actual Total Time": 7.594, "Actual Rows": 102, "Actual Loops": 1, "Output": ["c.userid"], "Inner Unique": false, "Join Filter": "(p.id = ph.postid)", "Rows Removed by Join Filter": 0, "Plans": [{"Node Type": "Nested Loop", "Parent Relationship": "Outer", "Parallel Aware": false, "Join Type": "Inner", "Startup Cost": 1198.52, "Total Cost": 1488.83, "Plan Rows": 7, "Plan Width": 20, "Actual Startup Time": 5.776, "Actual Total Time": 7.214, "Actual Rows": 102, "Actual Loops": 1, "Output": ["c.postid", "c.userid", "p.id", "pl.relatedpostid", "v.postid"], "Inner Unique": false, "Join Filter": "(p.id = c.postid)", "Rows Removed by Join Filter": 0, "Plans": [{"Node Type": "Nested Loop", "Parent Relationship": "Outer", "Parallel Aware": false, "Join Type": "Inner", "Startup Cost": 1198.23, "Total Cost": 1465.33, "Plan Rows": 39, "Plan Width": 12, "Actual Startup Time": 5.492, "Actual Total Time": 7.006, "Actual Rows": 29, "Actual Loops": 1, "Output": ["p.id", "pl.relatedpostid", "v.postid"], "Inner Unique": false, "Join Filter": "(p.id = v.postid)", "Rows Removed by Join Filter": 0, "Plans": [{"Node Type": "Hash Join", "Parent Relationship": "Outer", "Parallel Aware": false, "Join Type": "Inner", "Startup Cost": 1197.93, "Total Cost": 1275.33, "Plan Rows": 106, "Plan Width": 8, "Actual Startup Time": 5.42, "Actual Total Time": 5.994, "Actual Rows": 111, "Actual Loops": 1, "Output": ["p.id", "pl.relatedpostid"], "Inner Unique": true, "Hash Cond": "(pl.relatedpostid = p.id)", "Plans": [{"Node Type": "Seq Scan", "Parent Relationship": "Outer", "Parallel Aware": false, "Relation Name": "postlinks", "Schema": "public", "Alias": "pl", "Startup Cost": 0.0, "Total Cost": 67.33, "Plan Rows": 3833, "Plan Width": 4, "Actual Startup Time": 0.007, "Actual Total Time": 0.23, "Actual Rows": 3833, "Actual Loops": 1, "Output": ["pl.id", "pl.creationdate", "pl.postid", "pl.relatedpostid", "pl.linktypeid"]}, {"Node Type": "Hash", "Parent Relationship": "Inner", "Parallel Aware": false, "Startup Cost": 1183.66, "Total Cost": 1183.66, "Plan Rows": 1142, "Plan Width": 4, "Actual Startup Time": 5.349, "Actual Total Time": 5.349, "Actual Rows": 2962, "Actual Loops": 1, "Output": ["p.id"], "Hash Buckets": 4096, "Original Hash Buckets": 2048, "Hash Batches": 1, "Original Hash Batches": 1, "Peak Memory Usage": 137, "Plans": [{"Node Type": "Seq Scan", "Parent Relationship": "Outer", "Parallel Aware": false, "Relation Name": "posts", "Schema": "public", "Alias": "p", "Startup Cost": 0.0, "Total Cost": 1183.66, "Plan Rows": 1142, "Plan Width": 4, "Actual Startup Time": 0.113, "Actual Total Time": 5.029, "Actual Rows": 2962, "Actual Loops": 1, "Output": ["p.id"], "Filter": "((p.viewcount >= 0) AND (p.creationdate >= '2010-07-23 14:53:50'::timestamp without time zone) AND (p.creationdate <= '2014-09-13 19:50:17'::timestamp without time zone) AND (p.answercount = 0))", "Rows Removed by Filter": 38221}]}]}, {"Node Type": "Index Scan", "Parent Relationship": "Inner", "Parallel Aware": false, "Scan Direction": "Forward", "Index Name": "idx_votes_postid", "Relation Name": "votes", "Schema": "public", "Alias": "v", "Startup Cost": 0.29, "Total Cost": 1.78, "Plan Rows": 1, "Plan Width": 4, "Actual Startup Time": 0.008, "Actual Total Time": 0.009, "Actual Rows": 0, "Actual Loops": 111, "Output": ["v.id", "v.postid", "v.votetypeid", "v.creationdate", "v.userid", "v.bountyamount"], "Index Cond": "(v.postid = pl.relatedpostid)", "Rows Removed by Index Recheck": 0, "Filter": "(v.votetypeid = 5)", "Rows Removed by Filter": 4}]}, {"Node Type": "Index Scan", "Parent Relationship": "Inner", "Parallel Aware": false, "Scan Direction": "Forward", "Index Name": "idx_comments_postid", "Relation Name": "comments", "Schema": "public", "Alias": "c", "Startup Cost": 0.29, "Total Cost": 0.55, "Plan Rows": 4, "Plan Width": 8, "Actual Startup Time": 0.005, "Actual Total Time": 0.006, "Actual Rows": 4, "Actual Loops": 29, "Output": ["c.id", "c.postid", "c.score", "c.creationdate", "c.userid"], "Index Cond": "(c.postid = v.postid)", "Rows Removed by Index Recheck": 0}]}, {"Node Type": "Index Scan", "Parent Relationship": "Inner", "Parallel Aware": false, "Scan Direction": "Forward", "Index Name": "idx_posthistory_postid", "Relation Name": "posthistory", "Schema": "public", "Alias": "ph", "Startup Cost": 0.29, "Total Cost": 0.43, "Plan Rows": 1, "Plan Width": 4, "Actual Startup Time": 0.002, "Actual Total Time": 0.003, "Actual Rows": 1, "Actual Loops": 102, "Output": ["ph.id", "ph.posthistorytypeid", "ph.postid", "ph.creationdate", "ph.userid"], "Index Cond": "(ph.postid = c.postid)", "Rows Removed by Index Recheck": 0, "Filter": "(ph.posthistorytypeid = 2)", "Rows Removed by Filter": 5}]}, {"Node Type": "Index Only Scan", "Parent Relationship": "Inner", "Parallel Aware": false, "Scan Direction": "Forward", "Index Name": "idx_badges_userid", "Relation Name": "badges", "Schema": "public", "Alias": "b", "Startup Cost": 0.29, "Total Cost": 0.34, "Plan Rows": 3, "Plan Width": 4, "Actual Startup Time": 0.002, "Actual Total Time": 0.005, "Actual Rows": 56, "Actual Loops": 102, "Output": ["b.userid"], "Index Cond": "(b.userid = c.userid)", "Rows Removed by Index Recheck": 0, "Heap Fetches": 0}]}]}, "Planning Time": 6.19, "Triggers": [], "Execution Time": 8.701}]#####[{"Plan": {"Node Type": "Aggregate", "Strategy": "Plain", "Partial Mode": "Simple", "Parallel Aware": false, "Startup Cost": 1479.6, "Total Cost": 1479.61, "Plan Rows": 1, "Plan Width": 8, "Actual Startup Time": 9.379, "Actual Total Time": 9.384, "Actual Rows": 1, "Actual Loops": 1, "Output": ["count(*)"], "Plans": [{"Node Type": "Nested Loop", "Parent Relationship": "Outer", "Parallel Aware": false, "Join Type": "Inner", "Startup Cost": 1199.1, "Total Cost": 1469.82, "Plan Rows": 3913, "Plan Width": 0, "Actual Startup Time": 5.753, "Actual Total Time": 9.173, "Actual Rows": 5726, "Actual Loops": 1, "Inner Unique": false, "Plans": [{"Node Type": "Nested Loop", "Parent Relationship": "Outer", "Parallel Aware": false, "Join Type": "Inner", "Startup Cost": 1198.82, "Total Cost": 1441.86, "Plan Rows": 75, "Plan Width": 4, "Actual Startup Time": 5.736, "Actual Total Time": 8.357, "Actual Rows": 102, "Actual Loops": 1, "Output": ["c.userid"], "Inner Unique": false, "Join Filter": "(p.id = ph.postid)", "Rows Removed by Join Filter": 0, "Plans": [{"Node Type": "Nested Loop", "Parent Relationship": "Outer", "Parallel Aware": false, "Join Type": "Inner", "Startup Cost": 1198.52, "Total Cost": 1408.57, "Plan Rows": 75, "Plan Width": 20, "Actual Startup Time": 5.722, "Actual Total Time": 7.975, "Actual Rows": 102, "Actual Loops": 1, "Output": ["c.postid", "c.userid", "p.id", "pl.relatedpostid", "v.postid"], "Inner Unique": false, "Join Filter": "(p.id = v.postid)", "Rows Removed by Join Filter": 0, "Plans": [{"Node Type": "Nested Loop", "Parent Relationship": "Outer", "Parallel Aware": false, "Join Type": "Inner", "Startup Cost": 1198.23, "Total Cost": 1398.7, "Plan Rows": 20, "Plan Width": 16, "Actual Startup Time": 5.53, "Actual Total Time": 6.885, "Actual Rows": 376, "Actual Loops": 1, "Output": ["c.postid", "c.userid", "p.id", "pl.relatedpostid"], "Inner Unique": false, "Join Filter": "(p.id = c.postid)", "Rows Removed by Join Filter": 0, "Plans": [{"Node Type": "Hash Join", "Parent Relationship": "Outer", "Parallel Aware": false, "Join Type": "Inner", "Startup Cost": 1197.93, "Total Cost": 1275.33, "Plan Rows": 106, "Plan Width": 8, "Actual Startup Time": 5.434, "Actual Total Time": 6.02, "Actual Rows": 111, "Actual Loops": 1, "Output": ["p.id", "pl.relatedpostid"], "Inner Unique": true, "Hash Cond": "(pl.relatedpostid = p.id)", "Plans": [{"Node Type": "Seq Scan", "Parent Relationship": "Outer", "Parallel Aware": false, "Relation Name": "postlinks", "Schema": "public", "Alias": "pl", "Startup Cost": 0.0, "Total Cost": 67.33, "Plan Rows": 3833, "Plan Width": 4, "Actual Startup Time": 0.006, "Actual Total Time": 0.243, "Actual Rows": 3833, "Actual Loops": 1, "Output": ["pl.id", "pl.creationdate", "pl.postid", "pl.relatedpostid", "pl.linktypeid"]}, {"Node Type": "Hash", "Parent Relationship": "Inner", "Parallel Aware": false, "Startup Cost": 1183.66, "Total Cost": 1183.66, "Plan Rows": 1142, "Plan Width": 4, "Actual Startup Time": 5.365, "Actual Total Time": 5.366, "Actual Rows": 2962, "Actual Loops": 1, "Output": ["p.id"], "Hash Buckets": 4096, "Original Hash Buckets": 2048, "Hash Batches": 1, "Original Hash Batches": 1, "Peak Memory Usage": 137, "Plans": [{"Node Type": "Seq Scan", "Parent Relationship": "Outer", "Parallel Aware": false, "Relation Name": "posts", "Schema": "public", "Alias": "p", "Startup Cost": 0.0, "Total Cost": 1183.66, "Plan Rows": 1142, "Plan Width": 4, "Actual Startup Time": 0.107, "Actual Total Time": 5.048, "Actual Rows": 2962, "Actual Loops": 1, "Output": ["p.id"], "Filter": "((p.viewcount >= 0) AND (p.creationdate >= '2010-07-23 14:53:50'::timestamp without time zone) AND (p.creationdate <= '2014-09-13 19:50:17'::timestamp without time zone) AND (p.answercount = 0))", "Rows Removed by Filter": 38221}]}]}, {"Node Type": "Index Scan", "Parent Relationship": "Inner", "Parallel Aware": false, "Scan Direction": "Forward", "Index Name": "idx_comments_postid", "Relation Name": "comments", "Schema": "public", "Alias": "c", "Startup Cost": 0.29, "Total Cost": 1.11, "Plan Rows": 4, "Plan Width": 8, "Actual Startup Time": 0.005, "Actual Total Time": 0.007, "Actual Rows": 3, "Actual Loops": 111, "Output": ["c.id", "c.postid", "c.score", "c.creationdate", "c.userid"], "Index Cond": "(c.postid = pl.relatedpostid)", "Rows Removed by Index Recheck": 0}]}, {"Node Type": "Index Scan", "Parent Relationship": "Inner", "Parallel Aware": false, "Scan Direction": "Forward", "Index Name": "idx_votes_postid", "Relation Name": "votes", "Schema": "public", "Alias": "v", "Startup Cost": 0.29, "Total Cost": 0.48, "Plan Rows": 1, "Plan Width": 4, "Actual Startup Time": 0.003, "Actual Total Time": 0.003, "Actual Rows": 0, "Actual Loops": 376, "Output": ["v.id", "v.postid", "v.votetypeid", "v.creationdate", "v.userid", "v.bountyamount"], "Index Cond": "(v.postid = c.postid)", "Rows Removed by Index Recheck": 0, "Filter": "(v.votetypeid = 5)", "Rows Removed by Filter": 2}]}, {"Node Type": "Index Scan", "Parent Relationship": "Inner", "Parallel Aware": false, "Scan Direction": "Forward", "Index Name": "idx_posthistory_postid", "Relation Name": "posthistory", "Schema": "public", "Alias": "ph", "Startup Cost": 0.29, "Total Cost": 0.43, "Plan Rows": 1, "Plan Width": 4, "Actual Startup Time": 0.002, "Actual Total Time": 0.003, "Actual Rows": 1, "Actual Loops": 102, "Output": ["ph.id", "ph.posthistorytypeid", "ph.postid", "ph.creationdate", "ph.userid"], "Index Cond": "(ph.postid = c.postid)", "Rows Removed by Index Recheck": 0, "Filter": "(ph.posthistorytypeid = 2)", "Rows Removed by Filter": 5}]}, {"Node Type": "Index Only Scan", "Parent Relationship": "Inner", "Parallel Aware": false, "Scan Direction": "Forward", "Index Name": "idx_badges_userid", "Relation Name": "badges", "Schema": "public", "Alias": "b", "Startup Cost": 0.29, "Total Cost": 0.34, "Plan Rows": 3, "Plan Width": 4, "Actual Startup Time": 0.002, "Actual Total Time": 0.005, "Actual Rows": 56, "Actual Loops": 102, "Output": ["b.userid"], "Index Cond": "(b.userid = c.userid)", "Rows Removed by Index Recheck": 0, "Heap Fetches": 0}]}]}, "Planning Time": 10.494, "Triggers": [], "Execution Time": 9.471}]
[{"Plan": {"Node Type": "Aggregate", "Strategy": "Plain", "Partial Mode": "Simple", "Parallel Aware": false, "Startup Cost": 6490.5, "Total Cost": 6490.51, "Plan Rows": 1, "Plan Width": 8, "Actual Startup Time": 40.634, "Actual Total Time": 40.639, "Actual Rows": 1, "Actual Loops": 1, "Output": ["count(*)"], "Plans": [{"Node Type": "Hash Join", "Parent Relationship": "Outer", "Parallel Aware": false, "Join Type": "Inner", "Startup Cost": 2291.4, "Total Cost": 6488.74, "Plan Rows": 705, "Plan Width": 0, "Actual Startup Time": 26.638, "Actual Total Time": 40.626, "Actual Rows": 34, "Actual Loops": 1, "Inner Unique": false, "Hash Cond": "(v.postid = c.postid)", "Plans": [{"Node Type": "Seq Scan", "Parent Relationship": "Outer", "Parallel Aware": false, "Relation Name": "votes", "Schema": "public", "Alias": "v", "Startup Cost": 0.0, "Total Cost": 3939.08, "Plan Rows": 15018, "Plan Width": 4, "Actual Startup Time": 0.133, "Actual Total Time": 15.824, "Actual Rows": 15168, "Actual Loops": 1, "Output": ["v.id", "v.postid", "v.votetypeid", "v.creationdate", "v.userid", "v.bountyamount"], "Filter": "((v.creationdate >= '2010-07-20 00:00:00'::timestamp without time zone) AND (v.creationdate <= '2014-09-12 00:00:00'::timestamp without time zone) AND (v.votetypeid = 5))", "Rows Removed by Filter": 149065}, {"Node Type": "Hash", "Parent Relationship": "Inner", "Parallel Aware": false, "Startup Cost": 2142.05, "Total Cost": 2142.05, "Plan Rows": 11948, "Plan Width": 4, "Actual Startup Time": 23.602, "Actual Total Time": 23.605, "Actual Rows": 505, "Actual Loops": 1, "Output": ["c.postid"], "Hash Buckets": 16384, "Original Hash Buckets": 16384, "Hash Batches": 1, "Original Hash Batches": 1, "Peak Memory Usage": 146, "Plans": [{"Node Type": "Hash Join", "Parent Relationship": "Outer", "Parallel Aware": false, "Join Type": "Inner", "Startup Cost": 409.54, "Total Cost": 2142.05, "Plan Rows": 11948, "Plan Width": 4, "Actual Startup Time": 7.423, "Actual Total Time": 23.505, "Actual Rows": 505, "Actual Loops": 1, "Output": ["c.postid"], "Inner Unique": true, "Hash Cond": "(c.userid = u.id)", "Plans": [{"Node Type": "Seq Scan", "Parent Relationship": "Outer", "Parallel Aware": false, "Relation Name": "comments", "Schema": "public", "Alias": "c", "Startup Cost": 0.0, "Total Cost": 1574.96, "Plan Rows": 60002, "Plan Width": 8, "Actual Startup Time": 0.012, "Actual Total Time": 12.161, "Actual Rows": 60206, "Actual Loops": 1, "Output": ["c.id", "c.postid", "c.score", "c.creationdate", "c.userid"], "Filter": "(c.score = 0)", "Rows Removed by Filter": 19151}, {"Node Type": "Hash", "Parent Relationship": "Inner", "Parallel Aware": false, "Startup Cost": 371.36, "Total Cost": 371.36, "Plan Rows": 3054, "Plan Width": 4, "Actual Startup Time": 4.736, "Actual Total Time": 4.736, "Actual Rows": 3054, "Actual Loops": 1, "Output": ["u.id"], "Hash Buckets": 4096, "Original Hash Buckets": 4096, "Hash Batches": 1, "Original Hash Batches": 1, "Peak Memory Usage": 140, "Plans": [{"Node Type": "Seq Scan", "Parent Relationship": "Outer", "Parallel Aware": false, "Relation Name": "users", "Schema": "public", "Alias": "u", "Startup Cost": 0.0, "Total Cost": 371.36, "Plan Rows": 3054, "Plan Width": 4, "Actual Startup Time": 0.019, "Actual Total Time": 4.029, "Actual Rows": 3054, "Actual Loops": 1, "Output": ["u.id"], "Filter": "((u.upvotes >= 0) AND (u.creationdate <= '2014-08-28 14:51:28'::timestamp without time zone) AND (u.reputation = 1))", "Rows Removed by Filter": 11881}]}]}]}]}]}, "Planning Time": 1.161, "Triggers": [], "Execution Time": 40.807}]#####[{"Plan": {"Node Type": "Aggregate", "Strategy": "Plain", "Partial Mode": "Simple", "Parallel Aware": false, "Startup Cost": 2807.07, "Total Cost": 2807.08, "Plan Rows": 1, "Plan Width": 8, "Actual Startup Time": 17.994, "Actual Total Time": 17.998, "Actual Rows": 1, "Actual Loops": 1, "Output": ["count(*)"], "Plans": [{"Node Type": "Nested Loop", "Parent Relationship": "Outer", "Parallel Aware": false, "Join Type": "Inner", "Startup Cost": 409.83, "Total Cost": 2789.43, "Plan Rows": 7054, "Plan Width": 0, "Actual Startup Time": 5.788, "Actual Total Time": 17.988, "Actual Rows": 34, "Actual Loops": 1, "Inner Unique": false, "Plans": [{"Node Type": "Hash Join", "Parent Relationship": "Outer", "Parallel Aware": false, "Join Type": "Inner", "Startup Cost": 409.54, "Total Cost": 2142.05, "Plan Rows": 1194, "Plan Width": 4, "Actual Startup Time": 4.392, "Actual Total Time": 15.938, "Actual Rows": 505, "Actual Loops": 1, "Output": ["c.postid"], "Inner Unique": true, "Hash Cond": "(c.userid = u.id)", "Plans": [{"Node Type": "Seq Scan", "Parent Relationship": "Outer", "Parallel Aware": false, "Relation Name": "comments", "Schema": "public", "Alias": "c", "Startup Cost": 0.0, "Total Cost": 1574.96, "Plan Rows": 60002, "Plan Width": 8, "Actual Startup Time": 0.008, "Actual Total Time": 8.842, "Actual Rows": 60206, "Actual Loops": 1, "Output": ["c.id", "c.postid", "c.score", "c.creationdate", "c.userid"], "Filter": "(c.score = 0)", "Rows Removed by Filter": 19151}, {"Node Type": "Hash", "Parent Relationship": "Inner", "Parallel Aware": false, "Startup Cost": 371.36, "Total Cost": 371.36, "Plan Rows": 3054, "Plan Width": 4, "Actual Startup Time": 2.567, "Actual Total Time": 2.568, "Actual Rows": 3054, "Actual Loops": 1, "Output": ["u.id"], "Hash Buckets": 4096, "Original Hash Buckets": 4096, "Hash Batches": 1, "Original Hash Batches": 1, "Peak Memory Usage": 140, "Plans": [{"Node Type": "Seq Scan", "Parent Relationship": "Outer", "Parallel Aware": false, "Relation Name": "users", "Schema": "public", "Alias": "u", "Startup Cost": 0.0, "Total Cost": 371.36, "Plan Rows": 3054, "Plan Width": 4, "Actual Startup Time": 0.01, "Actual Total Time": 2.182, "Actual Rows": 3054, "Actual Loops": 1, "Output": ["u.id"], "Filter": "((u.upvotes >= 0) AND (u.creationdate <= '2014-08-28 14:51:28'::timestamp without time zone) AND (u.reputation = 1))", "Rows Removed by Filter": 11881}]}]}, {"Node Type": "Index Scan", "Parent Relationship": "Inner", "Parallel Aware": false, "Scan Direction": "Forward", "Index Name": "idx_votes_postid", "Relation Name": "votes", "Schema": "public", "Alias": "v", "Startup Cost": 0.29, "Total Cost": 0.53, "Plan Rows": 1, "Plan Width": 4, "Actual Startup Time": 0.004, "Actual Total Time": 0.004, "Actual Rows": 0, "Actual Loops": 505, "Output": ["v.id", "v.postid", "v.votetypeid", "v.creationdate", "v.userid", "v.bountyamount"], "Index Cond": "(v.postid = c.postid)", "Rows Removed by Index Recheck": 0, "Filter": "((v.creationdate >= '2010-07-20 00:00:00'::timestamp without time zone) AND (v.creationdate <= '2014-09-12 00:00:00'::timestamp without time zone) AND (v.votetypeid = 5))", "Rows Removed by Filter": 1}]}]}, "Planning Time": 1.546, "Triggers": [], "Execution Time": 18.062}]#####[{"Plan": {"Node Type": "Aggregate", "Strategy": "Plain", "Partial Mode": "Simple", "Parallel Aware": false, "Startup Cost": 17173.38, "Total Cost": 17173.39, "Plan Rows": 1, "Plan Width": 8, "Actual Startup Time": 43.644, "Actual Total Time": 43.649, "Actual Rows": 1, "Actual Loops": 1, "Output": ["count(*)"], "Plans": [{"Node Type": "Hash Join", "Parent Relationship": "Outer", "Parallel Aware": false, "Join Type": "Inner", "Startup Cost": 2734.53, "Total Cost": 17155.75, "Plan Rows": 7054, "Plan Width": 0, "Actual Startup Time": 26.434, "Actual Total Time": 43.636, "Actual Rows": 34, "Actual Loops": 1, "Inner Unique": true, "Hash Cond": "(c.userid = u.id)", "Plans": [{"Node Type": "Hash Join", "Parent Relationship": "Outer", "Parallel Aware": false, "Join Type": "Inner", "Startup Cost": 2324.99, "Total Cost": 7444.32, "Plan Rows": 3542600, "Plan Width": 4, "Actual Startup Time": 20.258, "Actual Total Time": 38.979, "Actual Rows": 23716, "Actual Loops": 1, "Output": ["c.userid"], "Inner Unique": false, "Hash Cond": "(v.postid = c.postid)", "Plans": [{"Node Type": "Seq Scan", "Parent Relationship": "Outer", "Parallel Aware": false, "Relation Name": "votes", "Schema": "public", "Alias": "v", "Startup Cost": 0.0, "Total Cost": 3939.08, "Plan Rows": 15018, "Plan Width": 4, "Actual Startup Time": 0.064, "Actual Total Time": 15.201, "Actual Rows": 15168, "Actual Loops": 1, "Output": ["v.id", "v.postid", "v.votetypeid", "v.creationdate", "v.userid", "v.bountyamount"], "Filter": "((v.creationdate >= '2010-07-20 00:00:00'::timestamp without time zone) AND (v.creationdate <= '2014-09-12 00:00:00'::timestamp without time zone) AND (v.votetypeid = 5))", "Rows Removed by Filter": 149065}, {"Node Type": "Hash", "Parent Relationship": "Inner", "Parallel Aware": false, "Startup Cost": 1574.96, "Total Cost": 1574.96, "Plan Rows": 60002, "Plan Width": 8, "Actual Startup Time": 19.91, "Actual Total Time": 19.91, "Actual Rows": 60206, "Actual Loops": 1, "Output": ["c.userid", "c.postid"], "Hash Buckets": 65536, "Original Hash Buckets": 65536, "Hash Batches": 1, "Original Hash Batches": 1, "Peak Memory Usage": 2858, "Plans": [{"Node Type": "Seq Scan", "Parent Relationship": "Outer", "Parallel Aware": false, "Relation Name": "comments", "Schema": "public", "Alias": "c", "Startup Cost": 0.0, "Total Cost": 1574.96, "Plan Rows": 60002, "Plan Width": 8, "Actual Startup Time": 0.008, "Actual Total Time": 12.372, "Actual Rows": 60206, "Actual Loops": 1, "Output": ["c.userid", "c.postid"], "Filter": "(c.score = 0)", "Rows Removed by Filter": 19151}]}]}, {"Node Type": "Hash", "Parent Relationship": "Inner", "Parallel Aware": false, "Startup Cost": 371.36, "Total Cost": 371.36, "Plan Rows": 3054, "Plan Width": 4, "Actual Startup Time": 3.154, "Actual Total Time": 3.154, "Actual Rows": 3054, "Actual Loops": 1, "Output": ["u.id"], "Hash Buckets": 4096, "Original Hash Buckets": 4096, "Hash Batches": 1, "Original Hash Batches": 1, "Peak Memory Usage": 140, "Plans": [{"Node Type": "Seq Scan", "Parent Relationship": "Outer", "Parallel Aware": false, "Relation Name": "users", "Schema": "public", "Alias": "u", "Startup Cost": 0.0, "Total Cost": 371.36, "Plan Rows": 3054, "Plan Width": 4, "Actual Startup Time": 0.013, "Actual Total Time": 2.659, "Actual Rows": 3054, "Actual Loops": 1, "Output": ["u.id"], "Filter": "((u.upvotes >= 0) AND (u.creationdate <= '2014-08-28 14:51:28'::timestamp without time zone) AND (u.reputation = 1))", "Rows Removed by Filter": 11881}]}]}]}, "Planning Time": 2.577, "Triggers": [], "Execution Time": 43.757}]
[{"Plan": {"Node Type": "Aggregate", "Strategy": "Plain", "Partial Mode": "Simple", "Parallel Aware": false, "Startup Cost": 83988.09, "Total Cost": 83988.1, "Plan Rows": 1, "Plan Width": 8, "Actual Startup Time": 51893.987, "Actual Total Time": 51893.994, "Actual Rows": 1, "Actual Loops": 1, "Output": ["count(*)"], "Plans": [{"Node Type": "Hash Join", "Parent Relationship": "Outer", "Parallel Aware": false, "Join Type": "Inner", "Startup Cost": 2909.5, "Total Cost": 36771.03, "Plan Rows": 18886825, "Plan Width": 0, "Actual Startup Time": 26.416, "Actual Total Time": 32531.491, "Actual Rows": 550098458, "Actual Loops": 1, "Inner Unique": false, "Hash Cond": "(ph.userid = u.id)", "Plans": [{"Node Type": "Nested Loop", "Parent Relationship": "Outer", "Parallel Aware": false, "Join Type": "Inner", "Startup Cost": 0.58, "Total Cost": 2518.09, "Plan Rows": 723531, "Plan Width": 12, "Actual Startup Time": 0.091, "Actual Total Time": 156.448, "Actual Rows": 938713, "Actual Loops": 1, "Output": ["p.owneruserid", "ph.userid", "b.userid"], "Inner Unique": false, "Plans": [{"Node Type": "Nested Loop", "Parent Relationship": "Outer", "Parallel Aware": false, "Join Type": "Inner", "Startup Cost": 0.29, "Total Cost": 1440.38, "Plan Rows": 1254, "Plan Width": 8, "Actual Startup Time": 0.077, "Actual Total Time": 6.462, "Actual Rows": 2770, "Actual Loops": 1, "Output": ["p.owneruserid", "b.userid"], "Inner Unique": false, "Plans": [{"Node Type": "Seq Scan", "Parent Relationship": "Outer", "Parallel Aware": false, "Relation Name": "posts", "Schema": "public", "Alias": "p", "Startup Cost": 0.0, "Total Cost": 1286.62, "Plan Rows": 48, "Plan Width": 4, "Actual Startup Time": 0.06, "Actual Total Time": 5.189, "Actual Rows": 337, "Actual Loops": 1, "Output": ["p.id", "p.posttypeid", "p.creationdate", "p.score", "p.viewcount", "p.owneruserid", "p.answercount", "p.commentcount", "p.favoritecount", "p.lasteditoruserid"], "Filter": "((p.viewcount >= 2) AND (p.viewcount <= 4100) AND (p.creationdate <= '2015-02-11 09:58:16'::timestamp without time zone) AND (p.favoritecount = 0) AND (p.posttypeid = 1))", "Rows Removed by Filter": 40846}, {"Node Type": "Index Only Scan", "Parent Relationship": "Inner", "Parallel Aware": false, "Scan Direction": "Forward", "Index Name": "idx_badges_userid", "Relation Name": "badges", "Schema": "public", "Alias": "b", "Startup Cost": 0.29, "Total Cost": 3.17, "Plan Rows": 3, "Plan Width": 4, "Actual Startup Time": 0.002, "Actual Total Time": 0.003, "Actual Rows": 8, "Actual Loops": 337, "Output": ["b.userid"], "Index Cond": "(b.userid = p.owneruserid)", "Rows Removed by Index Recheck": 0, "Heap Fetches": 0}]}, {"Node Type": "Index Only Scan", "Parent Relationship": "Inner", "Parallel Aware": false, "Scan Direction": "Forward", "Index Name": "idx_posthistory_userid", "Relation Name": "posthistory", "Schema": "public", "Alias": "ph", "Startup Cost": 0.29, "Total Cost": 0.66, "Plan Rows": 20, "Plan Width": 4, "Actual Startup Time": 0.002, "Actual Total Time": 0.029, "Actual Rows": 339, "Actual Loops": 2770, "Output": ["ph.userid"], "Index Cond": "(ph.userid = b.userid)", "Rows Removed by Index Recheck": 0, "Heap Fetches": 0}]}, {"Node Type": "Hash", "Parent Relationship": "Inner", "Parallel Aware": false, "Startup Cost": 2178.55, "Total Cost": 2178.55, "Plan Rows": 58430, "Plan Width": 8, "Actual Startup Time": 26.128, "Actual Total Time": 26.132, "Actual Rows": 58616, "Actual Loops": 1, "Output": ["c.userid", "u.id"], "Hash Buckets": 65536, "Original Hash Buckets": 65536, "Hash Batches": 1, "Original Hash Batches": 1, "Peak Memory Usage": 2802, "Plans": [{"Node Type": "Hash Join", "Parent Relationship": "Outer", "Parallel Aware": false, "Join Type": "Inner", "Startup Cost": 446.04, "Total Cost": 2178.55, "Plan Rows": 58430, "Plan Width": 8, "Actual Startup Time": 3.192, "Actual Total Time": 20.307, "Actual Rows": 58616, "Actual Loops": 1, "Output": ["c.userid", "u.id"], "Inner Unique": true, "Hash Cond": "(c.userid = u.id)", "Plans": [{"Node Type": "Seq Scan", "Parent Relationship": "Outer", "Parallel Aware": false, "Relation Name": "comments", "Schema": "public", "Alias": "c", "Startup Cost": 0.0, "Total Cost": 1574.96, "Plan Rows": 60002, "Plan Width": 4, "Actual Startup Time": 0.006, "Actual Total Time": 9.159, "Actual Rows": 60206, "Actual Loops": 1, "Output": ["c.id", "c.postid", "c.score", "c.creationdate", "c.userid"], "Filter": "(c.score = 0)", "Rows Removed by Filter": 19151}, {"Node Type": "Hash", "Parent Relationship": "Inner", "Parallel Aware": false, "Startup Cost": 259.35, "Total Cost": 259.35, "Plan Rows": 14935, "Plan Width": 4, "Actual Startup Time": 3.136, "Actual Total Time": 3.137, "Actual Rows": 14935, "Actual Loops": 1, "Output": ["u.id"], "Hash Buckets": 16384, "Original Hash Buckets": 16384, "Hash Batches": 1, "Original Hash Batches": 1, "Peak Memory Usage": 654, "Plans": [{"Node Type": "Seq Scan", "Parent Relationship": "Outer", "Parallel Aware": false, "Relation Name": "users", "Schema": "public", "Alias": "u", "Startup Cost": 0.0, "Total Cost": 259.35, "Plan Rows": 14935, "Plan Width": 4, "Actual Startup Time": 0.009, "Actual Total Time": 1.787, "Actual Rows": 14935, "Actual Loops": 1, "Output": ["u.id"]}]}]}]}]}]}, "Planning Time": 3.241, "Triggers": [], "Execution Time": 51894.156}]#####[{"Plan": {"Node Type": "Aggregate", "Strategy": "Plain", "Partial Mode": "Simple", "Parallel Aware": false, "Startup Cost": 480161.49, "Total Cost": 480161.5, "Plan Rows": 1, "Plan Width": 8, "Actual Startup Time": 55615.244, "Actual Total Time": 55615.252, "Actual Rows": 1, "Actual Loops": 1, "Output": ["count(*)"], "Plans": [{"Node Type": "Hash Join", "Parent Relationship": "Outer", "Parallel Aware": false, "Join Type": "Inner", "Startup Cost": 3374.15, "Total Cost": 7990.86, "Plan Rows": 188868253, "Plan Width": 0, "Actual Startup Time": 225.259, "Actual Total Time": 36975.051, "Actual Rows": 550098458, "Actual Loops": 1, "Inner Unique": false, "Hash Cond": "(c.userid = u.id)", "Plans": [{"Node Type": "Seq Scan", "Parent Relationship": "Outer", "Parallel Aware": false, "Relation Name": "comments", "Schema": "public", "Alias": "c", "Startup Cost": 0.0, "Total Cost": 1574.96, "Plan Rows": 60002, "Plan Width": 4, "Actual Startup Time": 0.012, "Actual Total Time": 13.253, "Actual Rows": 60206, "Actual Loops": 1, "Output": ["c.id", "c.postid", "c.score", "c.creationdate", "c.userid"], "Filter": "(c.score = 0)", "Rows Removed by Filter": 19151}, {"Node Type": "Hash", "Parent Relationship": "Inner", "Parallel Aware": false, "Startup Cost": 2546.08, "Total Cost": 2546.08, "Plan Rows": 66246, "Plan Width": 16, "Actual Startup Time": 224.606, "Actual Total Time": 224.609, "Actual Rows": 938713, "Actual Loops": 1, "Output": ["p.owneruserid", "ph.userid", "b.userid", "u.id"], "Hash Buckets": 1048576, "Original Hash Buckets": 131072, "Hash Batches": 1, "Original Hash Batches": 1, "Peak Memory Usage": 52195, "Plans": [{"Node Type": "Nested Loop", "Parent Relationship": "Outer", "Parallel Aware": false, "Join Type": "Inner", "Startup Cost": 0.86, "Total Cost": 2546.08, "Plan Rows": 66246, "Plan Width": 16, "Actual Startup Time": 0.15, "Actual Total Time": 116.791, "Actual Rows": 938713, "Actual Loops": 1, "Output": ["p.owneruserid", "ph.userid", "b.userid", "u.id"], "Inner Unique": false, "Plans": [{"Node Type": "Nested Loop", "Parent Relationship": "Outer", "Parallel Aware": false, "Join Type": "Inner", "Startup Cost": 0.57, "Total Cost": 1443.23, "Plan Rows": 1254, "Plan Width": 12, "Actual Startup Time": 0.126, "Actual Total Time": 7.441, "Actual Rows": 2770, "Actual Loops": 1, "Output": ["p.owneruserid", "b.userid", "u.id"], "Inner Unique": false, "Plans": [{"Node Type": "Nested Loop", "Parent Relationship": "Outer", "Parallel Aware": false, "Join Type": "Inner", "Startup Cost": 0.29, "Total Cost": 1425.14, "Plan Rows": 47, "Plan Width": 8, "Actual Startup Time": 0.107, "Actual Total Time": 6.295, "Actual Rows": 328, "Actual Loops": 1, "Output": ["p.owneruserid", "u.id"], "Inner Unique": true, "Plans": [{"Node Type": "Seq Scan", "Parent Relationship": "Outer", "Parallel Aware": false, "Relation Name": "posts", "Schema": "public", "Alias": "p", "Startup Cost": 0.0, "Total Cost": 1286.62, "Plan Rows": 48, "Plan Width": 4, "Actual Startup Time": 0.094, "Actual Total Time": 5.578, "Actual Rows": 337, "Actual Loops": 1, "Output": ["p.id", "p.posttypeid", "p.creationdate", "p.score", "p.viewcount", "p.owneruserid", "p.answercount", "p.commentcount", "p.favoritecount", "p.lasteditoruserid"], "Filter": "((p.viewcount >= 2) AND (p.viewcount <= 4100) AND (p.creationdate <= '2015-02-11 09:58:16'::timestamp without time zone) AND (p.favoritecount = 0) AND (p.posttypeid = 1))", "Rows Removed by Filter": 40846}, {"Node Type": "Index Only Scan", "Parent Relationship": "Inner", "Parallel Aware": false, "Scan Direction": "Forward", "Index Name": "users_pkey", "Relation Name": "users", "Schema": "public", "Alias": "u", "Startup Cost": 0.29, "Total Cost": 2.89, "Plan Rows": 1, "Plan Width": 4, "Actual Startup Time": 0.002, "Actual Total Time": 0.002, "Actual Rows": 1, "Actual Loops": 337, "Output": ["u.id"], "Index Cond": "(u.id = p.owneruserid)", "Rows Removed by Index Recheck": 0, "Heap Fetches": 0}]}, {"Node Type": "Index Only Scan", "Parent Relationship": "Inner", "Parallel Aware": false, "Scan Direction": "Forward", "Index Name": "idx_badges_userid", "Relation Name": "badges", "Schema": "public", "Alias": "b", "Startup Cost": 0.29, "Total Cost": 0.35, "Plan Rows": 3, "Plan Width": 4, "Actual Startup Time": 0.002, "Actual Total Time": 0.003, "Actual Rows": 8, "Actual Loops": 328, "Output": ["b.userid"], "Index Cond": "(b.userid = u.id)", "Rows Removed by Index Recheck": 0, "Heap Fetches": 0}]}, {"Node Type": "Index Only Scan", "Parent Relationship": "Inner", "Parallel Aware": false, "Scan Direction": "Forward", "Index Name": "idx_posthistory_userid", "Relation Name": "posthistory", "Schema": "public", "Alias": "ph", "Startup Cost": 0.29, "Total Cost": 0.68, "Plan Rows": 20, "Plan Width": 4, "Actual Startup Time": 0.001, "Actual Total Time": 0.019, "Actual Rows": 339, "Actual Loops": 2770, "Output": ["ph.userid"], "Index Cond": "(ph.userid = u.id)", "Rows Removed by Index Recheck": 0, "Heap Fetches": 0}]}]}]}]}, "Planning Time": 3.241, "Triggers": [], "Execution Time": 55616.055}]#####[{"Plan": {"Node Type": "Aggregate", "Strategy": "Plain", "Partial Mode": "Simple", "Parallel Aware": false, "Startup Cost": 514810.34, "Total Cost": 514810.35, "Plan Rows": 1, "Plan Width": 8, "Actual Startup Time": 55789.825, "Actual Total Time": 55789.834, "Actual Rows": 1, "Actual Loops": 1, "Output": ["count(*)"], "Plans": [{"Node Type": "Hash Join", "Parent Relationship": "Outer", "Parallel Aware": false, "Join Type": "Inner", "Startup Cost": 11697.12, "Total Cost": 42639.71, "Plan Rows": 188868253, "Plan Width": 0, "Actual Startup Time": 192.79, "Actual Total Time": 36631.755, "Actual Rows": 550098458, "Actual Loops": 1, "Inner Unique": false, "Hash Cond": "(c.userid = u.id)", "Plans": [{"Node Type": "Seq Scan", "Parent Relationship": "Outer", "Parallel Aware": false, "Relation Name": "comments", "Schema": "public", "Alias": "c", "Startup Cost": 0.0, "Total Cost": 1574.96, "Plan Rows": 60002, "Plan Width": 4, "Actual Startup Time": 0.015, "Actual Total Time": 13.462, "Actual Rows": 60206, "Actual Loops": 1, "Output": ["c.id", "c.postid", "c.score", "c.creationdate", "c.userid"], "Filter": "(c.score = 0)", "Rows Removed by Filter": 19151}, {"Node Type": "Hash", "Parent Relationship": "Inner", "Parallel Aware": false, "Startup Cost": 3416.31, "Total Cost": 3416.31, "Plan Rows": 662465, "Plan Width": 16, "Actual Startup Time": 187.18, "Actual Total Time": 187.187, "Actual Rows": 938713, "Actual Loops": 1, "Output": ["p.owneruserid", "ph.userid", "b.userid", "u.id"], "Hash Buckets": 1048576, "Original Hash Buckets": 1048576, "Hash Batches": 1, "Original Hash Batches": 1, "Peak Memory Usage": 52195, "Plans": [{"Node Type": "Hash Join", "Parent Relationship": "Outer", "Parallel Aware": false, "Join Type": "Inner", "Startup Cost": 1443.03, "Total Cost": 3416.31, "Plan Rows": 662465, "Plan Width": 16, "Actual Startup Time": 17.947, "Actual Total Time": 94.885, "Actual Rows": 938713, "Actual Loops": 1, "Output": ["p.owneruserid", "ph.userid", "b.userid", "u.id"], "Inner Unique": false, "Hash Cond": "(ph.userid = u.id)", "Plans": [{"Node Type": "Nested Loop", "Parent Relationship": "Outer", "Parallel Aware": false, "Join Type": "Inner", "Startup Cost": 0.29, "Total Cost": 1491.06, "Plan Rows": 19300, "Plan Width": 8, "Actual Startup Time": 0.156, "Actual Total Time": 8.921, "Actual Rows": 21974, "Actual Loops": 1, "Output": ["p.owneruserid", "ph.userid"], "Inner Unique": false, "Plans": [{"Node Type": "Seq Scan", "Parent Relationship": "Outer", "Parallel Aware": false, "Relation Name": "posts", "Schema": "public", "Alias": "p", "Startup Cost": 0.0, "Total Cost": 1286.62, "Plan Rows": 48, "Plan Width": 4, "Actual Startup Time": 0.124, "Actual Total Time": 5.236, "Actual Rows": 337, "Actual Loops": 1, "Output": ["p.id", "p.posttypeid", "p.creationdate", "p.score", "p.viewcount", "p.owneruserid", "p.answercount", "p.commentcount", "p.favoritecount", "p.lasteditoruserid"], "Filter": "((p.viewcount >= 2) AND (p.viewcount <= 4100) AND (p.creationdate <= '2015-02-11 09:58:16'::timestamp without time zone) AND (p.favoritecount = 0) AND (p.posttypeid = 1))", "Rows Removed by Filter": 40846}, {"Node Type": "Index Only Scan", "Parent Relationship": "Inner", "Parallel Aware": false, "Scan Direction": "Forward", "Index Name": "idx_posthistory_userid", "Relation Name": "posthistory", "Schema": "public", "Alias": "ph", "Startup Cost": 0.29, "Total Cost": 4.06, "Plan Rows": 20, "Plan Width": 4, "Actual Startup Time": 0.003, "Actual Total Time": 0.007, "Actual Rows": 65, "Actual Loops": 337, "Output": ["ph.userid"], "Index Cond": "(ph.userid = p.owneruserid)", "Rows Removed by Index Recheck": 0, "Heap Fetches": 0}]}, {"Node Type": "Hash", "Parent Relationship": "Inner", "Parallel Aware": false, "Startup Cost": 1034.94, "Total Cost": 1034.94, "Plan Rows": 32624, "Plan Width": 8, "Actual Startup Time": 17.602, "Actual Total Time": 17.606, "Actual Rows": 32624, "Actual Loops": 1, "Output": ["b.userid", "u.id"], "Hash Buckets": 32768, "Original Hash Buckets": 32768, "Hash Batches": 1, "Original Hash Batches": 1, "Peak Memory Usage": 1531, "Plans": [{"Node Type": "Hash Join", "Parent Relationship": "Outer", "Parallel Aware": false, "Join Type": "Inner", "Startup Cost": 446.04, "Total Cost": 1034.94, "Plan Rows": 32624, "Plan Width": 8, "Actual Startup Time": 4.76, "Actual Total Time": 13.738, "Actual Rows": 32624, "Actual Loops": 1, "Output": ["b.userid", "u.id"], "Inner Unique": true, "Hash Cond": "(b.userid = u.id)", "Plans": [{"Node Type": "Seq Scan", "Parent Relationship": "Outer", "Parallel Aware": false, "Relation Name": "badges", "Schema": "public", "Alias": "b", "Startup Cost": 0.0, "Total Cost": 503.24, "Plan Rows": 32624, "Plan Width": 4, "Actual Startup Time": 0.013, "Actual Total Time": 2.384, "Actual Rows": 32624, "Actual Loops": 1, "Output": ["b.id", "b.userid", "b.date"]}, {"Node Type": "Hash", "Parent Relationship": "Inner", "Parallel Aware": false, "Startup Cost": 259.35, "Total Cost": 259.35, "Plan Rows": 14935, "Plan Width": 4, "Actual Startup Time": 4.646, "Actual Total Time": 4.647, "Actual Rows": 14935, "Actual Loops": 1, "Output": ["u.id"], "Hash Buckets": 16384, "Original Hash Buckets": 16384, "Hash Batches": 1, "Original Hash Batches": 1, "Peak Memory Usage": 654, "Plans": [{"Node Type": "Seq Scan", "Parent Relationship": "Outer", "Parallel Aware": false, "Relation Name": "users", "Schema": "public", "Alias": "u", "Startup Cost": 0.0, "Total Cost": 259.35, "Plan Rows": 14935, "Plan Width": 4, "Actual Startup Time": 0.015, "Actual Total Time": 2.555, "Actual Rows": 14935, "Actual Loops": 1, "Output": ["u.id"]}]}]}]}]}]}]}]}, "Planning Time": 2.844, "Triggers": [], "Execution Time": 55790.999}]
[{"Plan": {"Node Type": "Aggregate", "Strategy": "Plain", "Partial Mode": "Simple", "Parallel Aware": false, "Startup Cost": 5284.39, "Total Cost": 5284.4, "Plan Rows": 1, "Plan Width": 8, "Actual Startup Time": 41.684, "Actual Total Time": 41.69, "Actual Rows": 1, "Actual Loops": 1, "Output": ["count(*)"], "Plans": [{"Node Type": "Nested Loop", "Parent Relationship": "Outer", "Parallel Aware": false, "Join Type": "Inner", "Startup Cost": 1280.37, "Total Cost": 5275.59, "Plan Rows": 3521, "Plan Width": 0, "Actual Startup Time": 7.63, "Actual Total Time": 38.984, "Actual Rows": 73139, "Actual Loops": 1, "Inner Unique": false, "Plans": [{"Node Type": "Nested Loop", "Parent Relationship": "Outer", "Parallel Aware": false, "Join Type": "Inner", "Startup Cost": 1280.09, "Total Cost": 4756.76, "Plan Rows": 1347, "Plan Width": 8, "Actual Startup Time": 7.623, "Actual Total Time": 25.512, "Actual Rows": 7206, "Actual Loops": 1, "Output": ["p.owneruserid", "u.id"], "Inner Unique": false, "Join Filter": "(p.id = ph.postid)", "Rows Removed by Join Filter": 0, "Plans": [{"Node Type": "Nested Loop", "Parent Relationship": "Outer", "Parallel Aware": false, "Join Type": "Inner", "Startup Cost": 1279.79, "Total Cost": 4575.87, "Plan Rows": 427, "Plan Width": 20, "Actual Startup Time": 7.613, "Actual Total Time": 23.228, "Actual Rows": 849, "Actual Loops": 1, "Output": ["c.postid", "p.owneruserid", "p.id", "v.postid", "u.id"], "Inner Unique": false, "Plans": [{"Node Type": "Nested Loop", "Parent Relationship": "Outer", "Parallel Aware": false, "Join Type": "Inner", "Startup Cost": 1279.5, "Total Cost": 4478.86, "Plan Rows": 222, "Plan Width": 16, "Actual Startup Time": 7.6, "Actual Total Time": 22.317, "Actual Rows": 257, "Actual Loops": 1, "Output": ["p.owneruserid", "p.id", "v.postid", "u.id"], "Inner Unique": true, "Plans": [{"Node Type": "Hash Join", "Parent Relationship": "Outer", "Parallel Aware": false, "Join Type": "Inner", "Startup Cost": 1279.22, "Total Cost": 4398.69, "Plan Rows": 230, "Plan Width": 12, "Actual Startup Time": 7.585, "Actual Total Time": 21.219, "Actual Rows": 362, "Actual Loops": 1, "Output": ["p.owneruserid", "p.id", "v.postid"], "Inner Unique": true, "Hash Cond": "(v.postid = p.id)", "Plans": [{"Node Type": "Seq Scan", "Parent Relationship": "Outer", "Parallel Aware": false, "Relation Name": "votes", "Schema": "public", "Alias": "v", "Startup Cost": 0.0, "Total Cost": 3117.91, "Plan Rows": 596, "Plan Width": 4, "Actual Startup Time": 0.171, "Actual Total Time": 13.656, "Actual Rows": 616, "Actual Loops": 1, "Output": ["v.id", "v.postid", "v.votetypeid", "v.creationdate", "v.userid", "v.bountyamount"], "Filter": "(v.bountyamount <= 100)", "Rows Removed by Filter": 163617}, {"Node Type": "Hash", "Parent Relationship": "Inner", "Parallel Aware": false, "Startup Cost": 1080.7, "Total Cost": 1080.7, "Plan Rows": 15881, "Plan Width": 8, "Actual Startup Time": 7.344, "Actual Total Time": 7.344, "Actual Rows": 15890, "Actual Loops": 1, "Output": ["p.owneruserid", "p.id"], "Hash Buckets": 16384, "Original Hash Buckets": 16384, "Hash Batches": 1, "Original Hash Batches": 1, "Peak Memory Usage": 747, "Plans": [{"Node Type": "Seq Scan", "Parent Relationship": "Outer", "Parallel Aware": false, "Relation Name": "posts", "Schema": "public", "Alias": "p", "Startup Cost": 0.0, "Total Cost": 1080.7, "Plan Rows": 15881, "Plan Width": 8, "Actual Startup Time": 0.009, "Actual Total Time": 5.686, "Actual Rows": 15890, "Actual Loops": 1, "Output": ["p.owneruserid", "p.id"], "Filter": "((p.answercount >= 0) AND (p.answercount <= 4) AND (p.creationdate <= '2014-08-19 11:00:57'::timestamp without time zone))", "Rows Removed by Filter": 25293}]}]}, {"Node Type": "Index Scan", "Parent Relationship": "Inner", "Parallel Aware": false, "Scan Direction": "Forward", "Index Name": "users_pkey", "Relation Name": "users", "Schema": "public", "Alias": "u", "Startup Cost": 0.29, "Total Cost": 0.35, "Plan Rows": 1, "Plan Width": 4, "Actual Startup Time": 0.003, "Actual Total Time": 0.003, "Actual Rows": 1, "Actual Loops": 362, "Output": ["u.id", "u.reputation", "u.creationdate", "u.views", "u.upvotes", "u.downvotes"], "Index Cond": "(u.id = p.owneruserid)", "Rows Removed by Index Recheck": 0, "Filter": "((u.reputation >= 1) AND (u.views >= 0) AND (u.views <= 230))", "Rows Removed by Filter": 0}]}, {"Node Type": "Index Only Scan", "Parent Relationship": "Inner", "Parallel Aware": false, "Scan Direction": "Forward", "Index Name": "idx_comments_postid", "Relation Name": "comments", "Schema": "public", "Alias": "c", "Startup Cost": 0.29, "Total Cost": 0.4, "Plan Rows": 4, "Plan Width": 4, "Actual Startup Time": 0.003, "Actual Total Time": 0.003, "Actual Rows": 3, "Actual Loops": 257, "Output": ["c.postid"], "Index Cond": "(c.postid = p.id)", "Rows Removed by Index Recheck": 0, "Heap Fetches": 0}]}, {"Node Type": "Index Only Scan", "Parent Relationship": "Inner", "Parallel Aware": false, "Scan Direction": "Forward", "Index Name": "idx_posthistory_postid", "Relation Name": "posthistory", "Schema": "public", "Alias": "ph", "Startup Cost": 0.29, "Total Cost": 0.37, "Plan Rows": 4, "Plan Width": 4, "Actual Startup Time": 0.001, "Actual Total Time": 0.002, "Actual Rows": 8, "Actual Loops": 849, "Output": ["ph.postid"], "Index Cond": "(ph.postid = c.postid)", "Rows Removed by Index Recheck": 0, "Heap Fetches": 0}]}, {"Node Type": "Index Only Scan", "Parent Relationship": "Inner", "Parallel Aware": false, "Scan Direction": "Forward", "Index Name": "idx_badges_userid", "Relation Name": "badges", "Schema": "public", "Alias": "b", "Startup Cost": 0.29, "Total Cost": 0.36, "Plan Rows": 3, "Plan Width": 4, "Actual Startup Time": 0.001, "Actual Total Time": 0.001, "Actual Rows": 10, "Actual Loops": 7206, "Output": ["b.userid"], "Index Cond": "(b.userid = u.id)", "Rows Removed by Index Recheck": 0, "Heap Fetches": 0}]}]}, "Planning Time": 6.607, "Triggers": [], "Execution Time": 41.793}]#####[{"Plan": {"Node Type": "Aggregate", "Strategy": "Plain", "Partial Mode": "Simple", "Parallel Aware": false, "Startup Cost": 6396.11, "Total Cost": 6396.12, "Plan Rows": 1, "Plan Width": 8, "Actual Startup Time": 43.06, "Actual Total Time": 43.066, "Actual Rows": 1, "Actual Loops": 1, "Output": ["count(*)"], "Plans": [{"Node Type": "Hash Join", "Parent Relationship": "Outer", "Parallel Aware": false, "Join Type": "Inner", "Startup Cost": 1548.98, "Total Cost": 6308.09, "Plan Rows": 35210, "Plan Width": 0, "Actual Startup Time": 13.937, "Actual Total Time": 40.544, "Actual Rows": 73139, "Actual Loops": 1, "Inner Unique": false, "Hash Cond": "(p.owneruserid = u.id)", "Plans": [{"Node Type": "Nested Loop", "Parent Relationship": "Outer", "Parallel Aware": false, "Join Type": "Inner", "Startup Cost": 0.88, "Total Cost": 4723.57, "Plan Rows": 1398, "Plan Width": 4, "Actual Startup Time": 0.19, "Actual Total Time": 21.698, "Actual Rows": 9709, "Actual Loops": 1, "Output": ["p.owneruserid"], "Inner Unique": false, "Join Filter": "(p.id = ph.postid)", "Rows Removed by Join Filter": 0, "Plans": [{"Node Type": "Nested Loop", "Parent Relationship": "Outer", "Parallel Aware": false, "Join Type": "Inner", "Startup Cost": 0.58, "Total Cost": 4535.9, "Plan Rows": 443, "Plan Width": 16, "Actual Startup Time": 0.179, "Actual Total Time": 18.881, "Actual Rows": 1148, "Actual Loops": 1, "Output": ["c.postid", "p.owneruserid", "p.id", "v.postid"], "Inner Unique": true, "Plans": [{"Node Type": "Nested Loop", "Parent Relationship": "Outer", "Parallel Aware": false, "Join Type": "Inner", "Startup Cost": 0.29, "Total Cost": 3905.8, "Plan Rows": 1859, "Plan Width": 8, "Actual Startup Time": 0.166, "Actual Total Time": 15.084, "Actual Rows": 1937, "Actual Loops": 1, "Output": ["c.postid", "v.postid"], "Inner Unique": false, "Plans": [{"Node Type": "Seq Scan", "Parent Relationship": "Outer", "Parallel Aware": false, "Relation Name": "votes", "Schema": "public", "Alias": "v", "Startup Cost": 0.0, "Total Cost": 3117.91, "Plan Rows": 596, "Plan Width": 4, "Actual Startup Time": 0.156, "Actual Total Time": 13.521, "Actual Rows": 616, "Actual Loops": 1, "Output": ["v.id", "v.postid", "v.votetypeid", "v.creationdate", "v.userid", "v.bountyamount"], "Filter": "(v.bountyamount <= 100)", "Rows Removed by Filter": 163617}, {"Node Type": "Index Only Scan", "Parent Relationship": "Inner", "Parallel Aware": false, "Scan Direction": "Forward", "Index Name": "idx_comments_postid", "Relation Name": "comments", "Schema": "public", "Alias": "c", "Startup Cost": 0.29, "Total Cost": 1.28, "Plan Rows": 4, "Plan Width": 4, "Actual Startup Time": 0.002, "Actual Total Time": 0.002, "Actual Rows": 3, "Actual Loops": 616, "Output": ["c.postid"], "Index Cond": "(c.postid = v.postid)", "Rows Removed by Index Recheck": 0, "Heap Fetches": 0}]}, {"Node Type": "Index Scan", "Parent Relationship": "Inner", "Parallel Aware": false, "Scan Direction": "Forward", "Index Name": "posts_pkey", "Relation Name": "posts", "Schema": "public", "Alias": "p", "Startup Cost": 0.29, "Total Cost": 0.34, "Plan Rows": 1, "Plan Width": 8, "Actual Startup Time": 0.002, "Actual Total Time": 0.002, "Actual Rows": 1, "Actual Loops": 1937, "Output": ["p.id", "p.posttypeid", "p.creationdate", "p.score", "p.viewcount", "p.owneruserid", "p.answercount", "p.commentcount", "p.favoritecount", "p.lasteditoruserid"], "Index Cond": "(p.id = c.postid)", "Rows Removed by Index Recheck": 0, "Filter": "((p.answercount >= 0) AND (p.answercount <= 4) AND (p.creationdate <= '2014-08-19 11:00:57'::timestamp without time zone))", "Rows Removed by Filter": 0}]}, {"Node Type": "Index Only Scan", "Parent Relationship": "Inner", "Parallel Aware": false, "Scan Direction": "Forward", "Index Name": "idx_posthistory_postid", "Relation Name": "posthistory", "Schema": "public", "Alias": "ph", "Startup Cost": 0.29, "Total Cost": 0.37, "Plan Rows": 4, "Plan Width": 4, "Actual Startup Time": 0.001, "Actual Total Time": 0.002, "Actual Rows": 8, "Actual Loops": 1148, "Output": ["ph.postid"], "Index Cond": "(ph.postid = c.postid)", "Rows Removed by Index Recheck": 0, "Heap Fetches": 0}]}, {"Node Type": "Hash", "Parent Relationship": "Inner", "Parallel Aware": false, "Startup Cost": 1144.86, "Total Cost": 1144.86, "Plan Rows": 32259, "Plan Width": 8, "Actual Startup Time": 13.631, "Actual Total Time": 13.634, "Actual Rows": 27264, "Actual Loops": 1, "Output": ["b.userid", "u.id"], "Hash Buckets": 32768, "Original Hash Buckets": 32768, "Hash Batches": 1, "Original Hash Batches": 1, "Peak Memory Usage": 1321, "Plans": [{"Node Type": "Hash Join", "Parent Relationship": "Outer", "Parallel Aware": false, "Join Type": "Inner", "Startup Cost": 555.96, "Total Cost": 1144.86, "Plan Rows": 32259, "Plan Width": 8, "Actual Startup Time": 3.703, "Actual Total Time": 10.775, "Actual Rows": 27264, "Actual Loops": 1, "Output": ["b.userid", "u.id"], "Inner Unique": true, "Hash Cond": "(b.userid = u.id)", "Plans": [{"Node Type": "Seq Scan", "Parent Relationship": "Outer", "Parallel Aware": false, "Relation Name": "badges", "Schema": "public", "Alias": "b", "Startup Cost": 0.0, "Total Cost": 503.24, "Plan Rows": 32624, "Plan Width": 4, "Actual Startup Time": 0.006, "Actual Total Time": 1.85, "Actual Rows": 32624, "Actual Loops": 1, "Output": ["b.id", "b.userid", "b.date"]}, {"Node Type": "Hash", "Parent Relationship": "Inner", "Parallel Aware": false, "Startup Cost": 371.36, "Total Cost": 371.36, "Plan Rows": 14768, "Plan Width": 4, "Actual Startup Time": 3.642, "Actual Total Time": 3.643, "Actual Rows": 14769, "Actual Loops": 1, "Output": ["u.id"], "Hash Buckets": 16384, "Original Hash Buckets": 16384, "Hash Batches": 1, "Original Hash Batches": 1, "Peak Memory Usage": 648, "Plans": [{"Node Type": "Seq Scan", "Parent Relationship": "Outer", "Parallel Aware": false, "Relation Name": "users", "Schema": "public", "Alias": "u", "Startup Cost": 0.0, "Total Cost": 371.36, "Plan Rows": 14768, "Plan Width": 4, "Actual Startup Time": 0.009, "Actual Total Time": 2.206, "Actual Rows": 14769, "Actual Loops": 1, "Output": ["u.id"], "Filter": "((u.reputation >= 1) AND (u.views >= 0) AND (u.views <= 230))", "Rows Removed by Filter": 166}]}]}]}]}]}, "Planning Time": 5.719, "Triggers": [], "Execution Time": 43.196}]#####[{"Plan": {"Node Type": "Aggregate", "Strategy": "Plain", "Partial Mode": "Simple", "Parallel Aware": false, "Startup Cost": 5932.98, "Total Cost": 5932.99, "Plan Rows": 1, "Plan Width": 8, "Actual Startup Time": 36.932, "Actual Total Time": 36.938, "Actual Rows": 1, "Actual Loops": 1, "Output": ["count(*)"], "Plans": [{"Node Type": "Hash Join", "Parent Relationship": "Outer", "Parallel Aware": false, "Join Type": "Inner", "Startup Cost": 4925.14, "Total Cost": 5844.96, "Plan Rows": 35210, "Plan Width": 0, "Actual Startup Time": 25.97, "Actual Total Time": 34.489, "Actual Rows": 73139, "Actual Loops": 1, "Inner Unique": false, "Hash Cond": "(b.userid = u.id)", "Plans": [{"Node Type": "Seq Scan", "Parent Relationship": "Outer", "Parallel Aware": false, "Relation Name": "badges", "Schema": "public", "Alias": "b", "Startup Cost": 0.0, "Total Cost": 503.24, "Plan Rows": 32624, "Plan Width": 4, "Actual Startup Time": 0.009, "Actual Total Time": 1.599, "Actual Rows": 32624, "Actual Loops": 1, "Output": ["b.id", "b.userid", "b.date"]}, {"Node Type": "Hash", "Parent Relationship": "Inner", "Parallel Aware": false, "Startup Cost": 4756.76, "Total Cost": 4756.76, "Plan Rows": 13470, "Plan Width": 8, "Actual Startup Time": 25.88, "Actual Total Time": 25.884, "Actual Rows": 7206, "Actual Loops": 1, "Output": ["p.owneruserid", "u.id"], "Hash Buckets": 16384, "Original Hash Buckets": 16384, "Hash Batches": 1, "Original Hash Batches": 1, "Peak Memory Usage": 410, "Plans": [{"Node Type": "Nested Loop", "Parent Relationship": "Outer", "Parallel Aware": false, "Join Type": "Inner", "Startup Cost": 1280.09, "Total Cost": 4756.76, "Plan Rows": 13470, "Plan Width": 8, "Actual Startup Time": 7.536, "Actual Total Time": 25.141, "Actual Rows": 7206, "Actual Loops": 1, "Output": ["p.owneruserid", "u.id"], "Inner Unique": false, "Join Filter": "(p.id = ph.postid)", "Rows Removed by Join Filter": 0, "Plans": [{"Node Type": "Nested Loop", "Parent Relationship": "Outer", "Parallel Aware": false, "Join Type": "Inner", "Startup Cost": 1279.79, "Total Cost": 4575.87, "Plan Rows": 427, "Plan Width": 20, "Actual Startup Time": 7.527, "Actual Total Time": 23.049, "Actual Rows": 849, "Actual Loops": 1, "Output": ["c.postid", "p.owneruserid", "p.id", "v.postid", "u.id"], "Inner Unique": false, "Plans": [{"Node Type": "Nested Loop", "Parent Relationship": "Outer", "Parallel Aware": false, "Join Type": "Inner", "Startup Cost": 1279.5, "Total Cost": 4478.86, "Plan Rows": 222, "Plan Width": 16, "Actual Startup Time": 7.517, "Actual Total Time": 22.156, "Actual Rows": 257, "Actual Loops": 1, "Output": ["p.owneruserid", "p.id", "v.postid", "u.id"], "Inner Unique": true, "Plans": [{"Node Type": "Hash Join", "Parent Relationship": "Outer", "Parallel Aware": false, "Join Type": "Inner", "Startup Cost": 1279.22, "Total Cost": 4398.69, "Plan Rows": 230, "Plan Width": 12, "Actual Startup Time": 7.503, "Actual Total Time": 21.061, "Actual Rows": 362, "Actual Loops": 1, "Output": ["p.owneruserid", "p.id", "v.postid"], "Inner Unique": true, "Hash Cond": "(v.postid = p.id)", "Plans": [{"Node Type": "Seq Scan", "Parent Relationship": "Outer", "Parallel Aware": false, "Relation Name": "votes", "Schema": "public", "Alias": "v", "Startup Cost": 0.0, "Total Cost": 3117.91, "Plan Rows": 596, "Plan Width": 4, "Actual Startup Time": 0.159, "Actual Total Time": 13.58, "Actual Rows": 616, "Actual Loops": 1, "Output": ["v.id", "v.postid", "v.votetypeid", "v.creationdate", "v.userid", "v.bountyamount"], "Filter": "(v.bountyamount <= 100)", "Rows Removed by Filter": 163617}, {"Node Type": "Hash", "Parent Relationship": "Inner", "Parallel Aware": false, "Startup Cost": 1080.7, "Total Cost": 1080.7, "Plan Rows": 15881, "Plan Width": 8, "Actual Startup Time": 7.294, "Actual Total Time": 7.294, "Actual Rows": 15890, "Actual Loops": 1, "Output": ["p.owneruserid", "p.id"], "Hash Buckets": 16384, "Original Hash Buckets": 16384, "Hash Batches": 1, "Original Hash Batches": 1, "Peak Memory Usage": 747, "Plans": [{"Node Type": "Seq Scan", "Parent Relationship": "Outer", "Parallel Aware": false, "Relation Name": "posts", "Schema": "public", "Alias": "p", "Startup Cost": 0.0, "Total Cost": 1080.7, "Plan Rows": 15881, "Plan Width": 8, "Actual Startup Time": 0.01, "Actual Total Time": 5.685, "Actual Rows": 15890, "Actual Loops": 1, "Output": ["p.owneruserid", "p.id"], "Filter": "((p.answercount >= 0) AND (p.answercount <= 4) AND (p.creationdate <= '2014-08-19 11:00:57'::timestamp without time zone))", "Rows Removed by Filter": 25293}]}]}, {"Node Type": "Index Scan", "Parent Relationship": "Inner", "Parallel Aware": false, "Scan Direction": "Forward", "Index Name": "users_pkey", "Relation Name": "users", "Schema": "public", "Alias": "u", "Startup Cost": 0.29, "Total Cost": 0.35, "Plan Rows": 1, "Plan Width": 4, "Actual Startup Time": 0.003, "Actual Total Time": 0.003, "Actual Rows": 1, "Actual Loops": 362, "Output": ["u.id", "u.reputation", "u.creationdate", "u.views", "u.upvotes", "u.downvotes"], "Index Cond": "(u.id = p.owneruserid)", "Rows Removed by Index Recheck": 0, "Filter": "((u.reputation >= 1) AND (u.views >= 0) AND (u.views <= 230))", "Rows Removed by Filter": 0}]}, {"Node Type": "Index Only Scan", "Parent Relationship": "Inner", "Parallel Aware": false, "Scan Direction": "Forward", "Index Name": "idx_comments_postid", "Relation Name": "comments", "Schema": "public", "Alias": "c", "Startup Cost": 0.29, "Total Cost": 0.4, "Plan Rows": 4, "Plan Width": 4, "Actual Startup Time": 0.003, "Actual Total Time": 0.003, "Actual Rows": 3, "Actual Loops": 257, "Output": ["c.postid"], "Index Cond": "(c.postid = p.id)", "Rows Removed by Index Recheck": 0, "Heap Fetches": 0}]}, {"Node Type": "Index Only Scan", "Parent Relationship": "Inner", "Parallel Aware": false, "Scan Direction": "Forward", "Index Name": "idx_posthistory_postid", "Relation Name": "posthistory", "Schema": "public", "Alias": "ph", "Startup Cost": 0.29, "Total Cost": 0.37, "Plan Rows": 4, "Plan Width": 4, "Actual Startup Time": 0.001, "Actual Total Time": 0.002, "Actual Rows": 8, "Actual Loops": 849, "Output": ["ph.postid"], "Index Cond": "(ph.postid = c.postid)", "Rows Removed by Index Recheck": 0, "Heap Fetches": 0}]}]}]}]}, "Planning Time": 5.24, "Triggers": [], "Execution Time": 37.073}]
[{"Plan": {"Node Type": "Aggregate", "Strategy": "Plain", "Partial Mode": "Simple", "Parallel Aware": false, "Startup Cost": 5911.23, "Total Cost": 5911.24, "Plan Rows": 1, "Plan Width": 8, "Actual Startup Time": 14.215, "Actual Total Time": 14.218, "Actual Rows": 1, "Actual Loops": 1, "Output": ["count(*)"], "Plans": [{"Node Type": "Merge Join", "Parent Relationship": "Outer", "Parallel Aware": false, "Join Type": "Inner", "Startup Cost": 1.92, "Total Cost": 3516.55, "Plan Rows": 957872, "Plan Width": 0, "Actual Startup Time": 14.21, "Actual Total Time": 14.212, "Actual Rows": 0, "Actual Loops": 1, "Inner Unique": false, "Merge Cond": "(u.id = c.userid)", "Plans": [{"Node Type": "Nested Loop", "Parent Relationship": "Outer", "Parallel Aware": false, "Join Type": "Inner", "Startup Cost": 1.16, "Total Cost": 1483.85, "Plan Rows": 6505, "Plan Width": 16, "Actual Startup Time": 14.209, "Actual Total Time": 14.211, "Actual Rows": 0, "Actual Loops": 1, "Output": ["p.owneruserid", "ph.userid", "v.userid", "u.id"], "Inner Unique": false, "Plans": [{"Node Type": "Nested Loop", "Parent Relationship": "Outer", "Parallel Aware": false, "Join Type": "Inner", "Startup Cost": 0.87, "Total Cost": 1396.49, "Plan Rows": 76, "Plan Width": 12, "Actual Startup Time": 14.209, "Actual Total Time": 14.211, "Actual Rows": 0, "Actual Loops": 1, "Output": ["p.owneruserid", "v.userid", "u.id"], "Inner Unique": false, "Plans": [{"Node Type": "Merge Join", "Parent Relationship": "Outer", "Parallel Aware": false, "Join Type": "Inner", "Startup Cost": 0.58, "Total Cost": 1362.58, "Plan Rows": 55, "Plan Width": 8, "Actual Startup Time": 1.709, "Actual Total Time": 12.907, "Actual Rows": 125, "Actual Loops": 1, "Output": ["v.userid", "u.id"], "Inner Unique": true, "Merge Cond": "(v.userid = u.id)", "Plans": [{"Node Type": "Index Scan", "Parent Relationship": "Outer", "Parallel Aware": false, "Scan Direction": "Forward", "Index Name": "idx_votes_userid", "Relation Name": "votes", "Schema": "public", "Alias": "v", "Startup Cost": 0.29, "Total Cost": 6730.74, "Plan Rows": 629, "Plan Width": 4, "Actual Startup Time": 0.019, "Actual Total Time": 9.566, "Actual Rows": 406, "Actual Loops": 1, "Output": ["v.id", "v.postid", "v.votetypeid", "v.creationdate", "v.userid", "v.bountyamount"], "Filter": "((v.bountyamount >= 0) AND (v.creationdate <= '2014-09-09 00:00:00'::timestamp without time zone))", "Rows Removed by Filter": 18039}, {"Node Type": "Index Scan", "Parent Relationship": "Inner", "Parallel Aware": false, "Scan Direction": "Forward", "Index Name": "users_pkey", "Relation Name": "users", "Schema": "public", "Alias": "u", "Startup Cost": 0.29, "Total Cost": 696.0, "Plan Rows": 13709, "Plan Width": 4, "Actual Startup Time": 0.014, "Actual Total Time": 2.8, "Actual Rows": 13526, "Actual Loops": 1, "Output": ["u.id", "u.reputation", "u.creationdate", "u.views", "u.upvotes", "u.downvotes"], "Filter": "((u.views >= 0) AND (u.views <= 47) AND (u.downvotes >= 0) AND (u.downvotes <= 0) AND (u.upvotes >= 0))", "Rows Removed by Filter": 862}]}, {"Node Type": "Index Scan", "Parent Relationship": "Inner", "Parallel Aware": false, "Scan Direction": "Forward", "Index Name": "idx_posts_owneruserid", "Relation Name": "posts", "Schema": "public", "Alias": "p", "Startup Cost": 0.29, "Total Cost": 0.61, "Plan Rows": 1, "Plan Width": 4, "Actual Startup Time": 0.01, "Actual Total Time": 0.01, "Actual Rows": 0, "Actual Loops": 125, "Output": ["p.id", "p.posttypeid", "p.creationdate", "p.score", "p.viewcount", "p.owneruserid", "p.answercount", "p.commentcount", "p.favoritecount", "p.lasteditoruserid"], "Index Cond": "(p.owneruserid = u.id)", "Rows Removed by Index Recheck": 0, "Filter": "((p.score >= '-2'::integer) AND (p.viewcount >= 0) AND (p.viewcount <= 34780) AND (p.creationdate <= '2014-08-20 13:48:57'::timestamp without time zone) AND (p.posttypeid = 2) AND (p.commentcount = 2))", "Rows Removed by Filter": 5}]}, {"Node Type": "Index Scan", "Parent Relationship": "Inner", "Parallel Aware": false, "Scan Direction": "Forward", "Index Name": "idx_posthistory_userid", "Relation Name": "posthistory", "Schema": "public", "Alias": "ph", "Startup Cost": 0.29, "Total Cost": 1.11, "Plan Rows": 4, "Plan Width": 4, "Actual Startup Time": 0.0, "Actual Total Time": 0.0, "Actual Rows": 0, "Actual Loops": 0, "Output": ["ph.id", "ph.posthistorytypeid", "ph.postid", "ph.creationdate", "ph.userid"], "Index Cond": "(ph.userid = u.id)", "Rows Removed by Index Recheck": 0, "Filter": "((ph.creationdate >= '2010-08-20 18:34:22'::timestamp without time zone) AND (ph.creationdate <= '2014-08-16 19:15:11'::timestamp without time zone) AND (ph.posthistorytypeid = 5))", "Rows Removed by Filter": 0}]}, {"Node Type": "Index Only Scan", "Parent Relationship": "Inner", "Parallel Aware": false, "Scan Direction": "Forward", "Index Name": "idx_comments_userid", "Relation Name": "comments", "Schema": "public", "Alias": "c", "Startup Cost": 0.29, "Total Cost": 1526.65, "Plan Rows": 79357, "Plan Width": 4, "Actual Startup Time": 0.0, "Actual Total Time": 0.0, "Actual Rows": 0, "Actual Loops": 0, "Output": ["c.userid"], "Heap Fetches": 0}]}]}, "Planning Time": 2.716, "Triggers": [], "Execution Time": 14.316}]#####[{"Plan": {"Node Type": "Aggregate", "Strategy": "Plain", "Partial Mode": "Simple", "Parallel Aware": false, "Startup Cost": 25976.33, "Total Cost": 25976.34, "Plan Rows": 1, "Plan Width": 8, "Actual Startup Time": 13.861, "Actual Total Time": 13.863, "Actual Rows": 1, "Actual Loops": 1, "Output": ["count(*)"], "Plans": [{"Node Type": "Nested Loop", "Parent Relationship": "Outer", "Parallel Aware": false, "Join Type": "Inner", "Startup Cost": 1.46, "Total Cost": 2029.53, "Plan Rows": 9578721, "Plan Width": 0, "Actual Startup Time": 13.855, "Actual Total Time": 13.858, "Actual Rows": 0, "Actual Loops": 1, "Inner Unique": false, "Plans": [{"Node Type": "Nested Loop", "Parent Relationship": "Outer", "Parallel Aware": false, "Join Type": "Inner", "Startup Cost": 1.16, "Total Cost": 1483.85, "Plan Rows": 650, "Plan Width": 16, "Actual Startup Time": 13.855, "Actual Total Time": 13.857, "Actual Rows": 0, "Actual Loops": 1, "Output": ["p.owneruserid", "ph.userid", "v.userid", "u.id"], "Inner Unique": false, "Plans": [{"Node Type": "Nested Loop", "Parent Relationship": "Outer", "Parallel Aware": false, "Join Type": "Inner", "Startup Cost": 0.87, "Total Cost": 1396.49, "Plan Rows": 76, "Plan Width": 12, "Actual Startup Time": 13.855, "Actual Total Time": 13.857, "Actual Rows": 0, "Actual Loops": 1, "Output": ["p.owneruserid", "v.userid", "u.id"], "Inner Unique": false, "Plans": [{"Node Type": "Merge Join", "Parent Relationship": "Outer", "Parallel Aware": false, "Join Type": "Inner", "Startup Cost": 0.58, "Total Cost": 1362.58, "Plan Rows": 55, "Plan Width": 8, "Actual Startup Time": 1.607, "Actual Total Time": 12.599, "Actual Rows": 125, "Actual Loops": 1, "Output": ["v.userid", "u.id"], "Inner Unique": true, "Merge Cond": "(v.userid = u.id)", "Plans": [{"Node Type": "Index Scan", "Parent Relationship": "Outer", "Parallel Aware": false, "Scan Direction": "Forward", "Index Name": "idx_votes_userid", "Relation Name": "votes", "Schema": "public", "Alias": "v", "Startup Cost": 0.29, "Total Cost": 6730.74, "Plan Rows": 629, "Plan Width": 4, "Actual Startup Time": 0.018, "Actual Total Time": 9.327, "Actual Rows": 406, "Actual Loops": 1, "Output": ["v.id", "v.postid", "v.votetypeid", "v.creationdate", "v.userid", "v.bountyamount"], "Filter": "((v.bountyamount >= 0) AND (v.creationdate <= '2014-09-09 00:00:00'::timestamp without time zone))", "Rows Removed by Filter": 18039}, {"Node Type": "Index Scan", "Parent Relationship": "Inner", "Parallel Aware": false, "Scan Direction": "Forward", "Index Name": "users_pkey", "Relation Name": "users", "Schema": "public", "Alias": "u", "Startup Cost": 0.29, "Total Cost": 696.0, "Plan Rows": 13709, "Plan Width": 4, "Actual Startup Time": 0.015, "Actual Total Time": 2.758, "Actual Rows": 13526, "Actual Loops": 1, "Output": ["u.id", "u.reputation", "u.creationdate", "u.views", "u.upvotes", "u.downvotes"], "Filter": "((u.views >= 0) AND (u.views <= 47) AND (u.downvotes >= 0) AND (u.downvotes <= 0) AND (u.upvotes >= 0))", "Rows Removed by Filter": 862}]}, {"Node Type": "Index Scan", "Parent Relationship": "Inner", "Parallel Aware": false, "Scan Direction": "Forward", "Index Name": "idx_posts_owneruserid", "Relation Name": "posts", "Schema": "public", "Alias": "p", "Startup Cost": 0.29, "Total Cost": 0.61, "Plan Rows": 1, "Plan Width": 4, "Actual Startup Time": 0.01, "Actual Total Time": 0.01, "Actual Rows": 0, "Actual Loops": 125, "Output": ["p.id", "p.posttypeid", "p.creationdate", "p.score", "p.viewcount", "p.owneruserid", "p.answercount", "p.commentcount", "p.favoritecount", "p.lasteditoruserid"], "Index Cond": "(p.owneruserid = u.id)", "Rows Removed by Index Recheck": 0, "Filter": "((p.score >= '-2'::integer) AND (p.viewcount >= 0) AND (p.viewcount <= 34780) AND (p.creationdate <= '2014-08-20 13:48:57'::timestamp without time zone) AND (p.posttypeid = 2) AND (p.commentcount = 2))", "Rows Removed by Filter": 5}]}, {"Node Type": "Index Scan", "Parent Relationship": "Inner", "Parallel Aware": false, "Scan Direction": "Forward", "Index Name": "idx_posthistory_userid", "Relation Name": "posthistory", "Schema": "public", "Alias": "ph", "Startup Cost": 0.29, "Total Cost": 1.11, "Plan Rows": 4, "Plan Width": 4, "Actual Startup Time": 0.0, "Actual Total Time": 0.0, "Actual Rows": 0, "Actual Loops": 0, "Output": ["ph.id", "ph.posthistorytypeid", "ph.postid", "ph.creationdate", "ph.userid"], "Index Cond": "(ph.userid = u.id)", "Rows Removed by Index Recheck": 0, "Filter": "((ph.creationdate >= '2010-08-20 18:34:22'::timestamp without time zone) AND (ph.creationdate <= '2014-08-16 19:15:11'::timestamp without time zone) AND (ph.posthistorytypeid = 5))", "Rows Removed by Filter": 0}]}, {"Node Type": "Index Only Scan", "Parent Relationship": "Inner", "Parallel Aware": false, "Scan Direction": "Forward", "Index Name": "idx_comments_userid", "Relation Name": "comments", "Schema": "public", "Alias": "c", "Startup Cost": 0.29, "Total Cost": 0.65, "Plan Rows": 19, "Plan Width": 4, "Actual Startup Time": 0.0, "Actual Total Time": 0.0, "Actual Rows": 0, "Actual Loops": 0, "Output": ["c.userid"], "Index Cond": "(c.userid = u.id)", "Rows Removed by Index Recheck": 0, "Heap Fetches": 0}]}]}, "Planning Time": 2.766, "Triggers": [], "Execution Time": 13.959}]#####[{"Plan": {"Node Type": "Aggregate", "Strategy": "Plain", "Partial Mode": "Simple", "Parallel Aware": false, "Startup Cost": 29862.7, "Total Cost": 29862.71, "Plan Rows": 1, "Plan Width": 8, "Actual Startup Time": 5.285, "Actual Total Time": 5.29, "Actual Rows": 1, "Actual Loops": 1, "Output": ["count(*)"], "Plans": [{"Node Type": "Hash Join", "Parent Relationship": "Outer", "Parallel Aware": false, "Join Type": "Inner", "Startup Cost": 4551.32, "Total Cost": 5915.9, "Plan Rows": 9578721, "Plan Width": 0, "Actual Startup Time": 5.281, "Actual Total Time": 5.286, "Actual Rows": 0, "Actual Loops": 1, "Inner Unique": false, "Hash Cond": "(p.owneruserid = u.id)", "Plans": [{"Node Type": "Nested Loop", "Parent Relationship": "Outer", "Parallel Aware": false, "Join Type": "Inner", "Startup Cost": 1462.31, "Total Cost": 2426.69, "Plan Rows": 7270, "Plan Width": 12, "Actual Startup Time": 5.281, "Actual Total Time": 5.282, "Actual Rows": 0, "Actual Loops": 1, "Output": ["p.owneruserid", "ph.userid", "v.userid"], "Inner Unique": false, "Plans": [{"Node Type": "Merge Join", "Parent Relationship": "Outer", "Parallel Aware": false, "Join Type": "Inner", "Startup Cost": 1462.02, "Total Cost": 2101.24, "Plan Rows": 85, "Plan Width": 8, "Actual Startup Time": 5.28, "Actual Total Time": 5.282, "Actual Rows": 0, "Actual Loops": 1, "Output": ["p.owneruserid", "v.userid"], "Inner Unique": false, "Merge Cond": "(v.userid = p.owneruserid)", "Plans": [{"Node Type": "Index Scan", "Parent Relationship": "Outer", "Parallel Aware": false, "Scan Direction": "Forward", "Index Name": "idx_votes_userid", "Relation Name": "votes", "Schema": "public", "Alias": "v", "Startup Cost": 0.29, "Total Cost": 6730.74, "Plan Rows": 629, "Plan Width": 4, "Actual Startup Time": 0.021, "Actual Total Time": 0.022, "Actual Rows": 1, "Actual Loops": 1, "Output": ["v.id", "v.postid", "v.votetypeid", "v.creationdate", "v.userid", "v.bountyamount"], "Filter": "((v.bountyamount >= 0) AND (v.creationdate <= '2014-09-09 00:00:00'::timestamp without time zone))", "Rows Removed by Filter": 0}, {"Node Type": "Sort", "Parent Relationship": "Inner", "Parallel Aware": false, "Startup Cost": 1461.72, "Total Cost": 1465.18, "Plan Rows": 1383, "Plan Width": 4, "Actual Startup Time": 5.259, "Actual Total Time": 5.259, "Actual Rows": 0, "Actual Loops": 1, "Output": ["p.owneruserid"], "Sort Key": ["p.owneruserid"], "Sort Method": "quicksort", "Sort Space Used": 25, "Sort Space Type": "Memory", "Plans": [{"Node Type": "Seq Scan", "Parent Relationship": "Outer", "Parallel Aware": false, "Relation Name": "posts", "Schema": "public", "Alias": "p", "Startup Cost": 0.0, "Total Cost": 1389.58, "Plan Rows": 1383, "Plan Width": 4, "Actual Startup Time": 5.244, "Actual Total Time": 5.245, "Actual Rows": 0, "Actual Loops": 1, "Output": ["p.owneruserid"], "Filter": "((p.score >= '-2'::integer) AND (p.viewcount >= 0) AND (p.viewcount <= 34780) AND (p.creationdate <= '2014-08-20 13:48:57'::timestamp without time zone) AND (p.posttypeid = 2) AND (p.commentcount = 2))", "Rows Removed by Filter": 41183}]}]}, {"Node Type": "Index Scan", "Parent Relationship": "Inner", "Parallel Aware": false, "Scan Direction": "Forward", "Index Name": "idx_posthistory_userid", "Relation Name": "posthistory", "Schema": "public", "Alias": "ph", "Startup Cost": 0.29, "Total Cost": 3.79, "Plan Rows": 4, "Plan Width": 4, "Actual Startup Time": 0.0, "Actual Total Time": 0.0, "Actual Rows": 0, "Actual Loops": 0, "Output": ["ph.id", "ph.posthistorytypeid", "ph.postid", "ph.creationdate", "ph.userid"], "Index Cond": "(ph.userid = p.owneruserid)", "Rows Removed by Index Recheck": 0, "Filter": "((ph.creationdate >= '2010-08-20 18:34:22'::timestamp without time zone) AND (ph.creationdate <= '2014-08-16 19:15:11'::timestamp without time zone) AND (ph.posthistorytypeid = 5))", "Rows Removed by Filter": 0}]}, {"Node Type": "Hash", "Parent Relationship": "Inner", "Parallel Aware": false, "Startup Cost": 2202.34, "Total Cost": 2202.34, "Plan Rows": 70934, "Plan Width": 8, "Actual Startup Time": 0.0, "Actual Total Time": 0.0, "Actual Rows": 0, "Actual Loops": 0, "Output": ["c.userid", "u.id"], "Plans": [{"Node Type": "Hash Join", "Parent Relationship": "Outer", "Parallel Aware": false, "Join Type": "Inner", "Startup Cost": 617.4, "Total Cost": 2202.34, "Plan Rows": 70934, "Plan Width": 8, "Actual Startup Time": 0.0, "Actual Total Time": 0.0, "Actual Rows": 0, "Actual Loops": 0, "Output": ["c.userid", "u.id"], "Inner Unique": true, "Hash Cond": "(c.userid = u.id)", "Plans": [{"Node Type": "Seq Scan", "Parent Relationship": "Outer", "Parallel Aware": false, "Relation Name": "comments", "Schema": "public", "Alias": "c", "Startup Cost": 0.0, "Total Cost": 1376.57, "Plan Rows": 79357, "Plan Width": 4, "Actual Startup Time": 0.0, "Actual Total Time": 0.0, "Actual Rows": 0, "Actual Loops": 0, "Output": ["c.id", "c.postid", "c.score", "c.creationdate", "c.userid"]}, {"Node Type": "Hash", "Parent Relationship": "Inner", "Parallel Aware": false, "Startup Cost": 446.04, "Total Cost": 446.04, "Plan Rows": 13709, "Plan Width": 4, "Actual Startup Time": 0.0, "Actual Total Time": 0.0, "Actual Rows": 0, "Actual Loops": 0, "Output": ["u.id"], "Plans": [{"Node Type": "Seq Scan", "Parent Relationship": "Outer", "Parallel Aware": false, "Relation Name": "users", "Schema": "public", "Alias": "u", "Startup Cost": 0.0, "Total Cost": 446.04, "Plan Rows": 13709, "Plan Width": 4, "Actual Startup Time": 0.0, "Actual Total Time": 0.0, "Actual Rows": 0, "Actual Loops": 0, "Output": ["u.id"], "Filter": "((u.views >= 0) AND (u.views <= 47) AND (u.downvotes >= 0) AND (u.downvotes <= 0) AND (u.upvotes >= 0))", "Rows Removed by Filter": 0}]}]}]}]}]}, "Planning Time": 4.192, "Triggers": [], "Execution Time": 5.395}]
[{"Plan": {"Node Type": "Aggregate", "Strategy": "Plain", "Partial Mode": "Simple", "Parallel Aware": false, "Startup Cost": 150054.46, "Total Cost": 150054.47, "Plan Rows": 1, "Plan Width": 8, "Actual Startup Time": 46.178, "Actual Total Time": 46.183, "Actual Rows": 1, "Actual Loops": 1, "Output": ["count(*)"], "Plans": [{"Node Type": "Merge Join", "Parent Relationship": "Outer", "Parallel Aware": false, "Join Type": "Inner", "Startup Cost": 1506.81, "Total Cost": 49220.03, "Plan Rows": 40333774, "Plan Width": 0, "Actual Startup Time": 13.087, "Actual Total Time": 45.75, "Actual Rows": 11796, "Actual Loops": 1, "Inner Unique": false, "Merge Cond": "(c.userid = u.id)", "Plans": [{"Node Type": "Index Scan", "Parent Relationship": "Outer", "Parallel Aware": false, "Scan Direction": "Forward", "Index Name": "idx_comments_userid", "Relation Name": "comments", "Schema": "public", "Alias": "c", "Startup Cost": 0.29, "Total Cost": 3562.4, "Plan Rows": 60002, "Plan Width": 4, "Actual Startup Time": 0.014, "Actual Total Time": 21.027, "Actual Rows": 58527, "Actual Loops": 1, "Output": ["c.id", "c.postid", "c.score", "c.creationdate", "c.userid"], "Filter": "(c.score = 0)", "Rows Removed by Filter": 18614}, {"Node Type": "Materialize", "Parent Relationship": "Inner", "Parallel Aware": false, "Startup Cost": 1503.15, "Total Cost": 6439.23, "Plan Rows": 697093, "Plan Width": 12, "Actual Startup Time": 9.317, "Actual Total Time": 20.699, "Actual Rows": 13767, "Actual Loops": 1, "Output": ["ph.userid", "b.userid", "u.id"], "Plans": [{"Node Type": "Merge Join", "Parent Relationship": "Outer", "Parallel Aware": false, "Join Type": "Inner", "Startup Cost": 1503.15, "Total Cost": 4696.5, "Plan Rows": 697093, "Plan Width": 12, "Actual Startup Time": 9.315, "Actual Total Time": 19.623, "Actual Rows": 6095, "Actual Loops": 1, "Output": ["ph.userid", "b.userid", "u.id"], "Inner Unique": false, "Merge Cond": "(ph.userid = u.id)", "Plans": [{"Node Type": "Index Only Scan", "Parent Relationship": "Outer", "Parallel Aware": false, "Scan Direction": "Forward", "Index Name": "idx_posthistory_userid", "Relation Name": "posthistory", "Schema": "public", "Alias": "ph", "Startup Cost": 0.29, "Total Cost": 2502.2, "Plan Rows": 129994, "Plan Width": 4, "Actual Startup Time": 0.012, "Actual Total Time": 6.793, "Actual Rows": 118486, "Actual Loops": 1, "Output": ["ph.userid"], "Heap Fetches": 0}, {"Node Type": "Sort", "Parent Relationship": "Inner", "Parallel Aware": false, "Startup Cost": 1502.85, "Total Cost": 1515.6, "Plan Rows": 5097, "Plan Width": 8, "Actual Startup Time": 7.813, "Actual Total Time": 8.122, "Actual Rows": 6733, "Actual Loops": 1, "Output": ["b.userid", "u.id"], "Sort Key": ["b.userid"], "Sort Method": "quicksort", "Sort Space Used": 201, "Sort Space Type": "Memory", "Plans": [{"Node Type": "Hash Join", "Parent Relationship": "Outer", "Parallel Aware": false, "Join Type": "Inner", "Startup Cost": 438.34, "Total Cost": 1189.0, "Plan Rows": 5097, "Plan Width": 8, "Actual Startup Time": 2.107, "Actual Total Time": 7.415, "Actual Rows": 2234, "Actual Loops": 1, "Output": ["b.userid", "u.id"], "Inner Unique": true, "Hash Cond": "(b.userid = u.id)", "Plans": [{"Node Type": "Seq Scan", "Parent Relationship": "Outer", "Parallel Aware": false, "Relation Name": "badges", "Schema": "public", "Alias": "b", "Startup Cost": 0.0, "Total Cost": 666.36, "Plan Rows": 32105, "Plan Width": 4, "Actual Startup Time": 0.043, "Actual Total Time": 3.455, "Actual Rows": 32111, "Actual Loops": 1, "Output": ["b.id", "b.userid", "b.date"], "Filter": "((b.date >= '2010-07-22 14:58:19'::timestamp without time zone) AND (b.date <= '2014-09-13 22:15:14'::timestamp without time zone))", "Rows Removed by Filter": 513}, {"Node Type": "Hash", "Parent Relationship": "Inner", "Parallel Aware": false, "Startup Cost": 408.7, "Total Cost": 408.7, "Plan Rows": 2371, "Plan Width": 4, "Actual Startup Time": 2.019, "Actual Total Time": 2.02, "Actual Rows": 2400, "Actual Loops": 1, "Output": ["u.id"], "Hash Buckets": 4096, "Original Hash Buckets": 4096, "Hash Batches": 1, "Original Hash Batches": 1, "Peak Memory Usage": 117, "Plans": [{"Node Type": "Seq Scan", "Parent Relationship": "Outer", "Parallel Aware": false, "Relation Name": "users", "Schema": "public", "Alias": "u", "Startup Cost": 0.0, "Total Cost": 408.7, "Plan Rows": 2371, "Plan Width": 4, "Actual Startup Time": 0.036, "Actual Total Time": 1.788, "Actual Rows": 2400, "Actual Loops": 1, "Output": ["u.id"], "Filter": "((u.downvotes >= 0) AND (u.creationdate >= '2010-07-26 21:46:11'::timestamp without time zone) AND (u.creationdate <= '2014-09-11 03:57:26'::timestamp without time zone) AND (u.views = 1))", "Rows Removed by Filter": 12535}]}]}]}]}]}]}]}, "Planning Time": 1.608, "Triggers": [], "Execution Time": 46.278}]#####[{"Plan": {"Node Type": "Aggregate", "Strategy": "Plain", "Partial Mode": "Simple", "Parallel Aware": false, "Startup Cost": 1020399.78, "Total Cost": 1020399.79, "Plan Rows": 1, "Plan Width": 8, "Actual Startup Time": 40.827, "Actual Total Time": 40.833, "Actual Rows": 1, "Actual Loops": 1, "Output": ["count(*)"], "Plans": [{"Node Type": "Hash Join", "Parent Relationship": "Outer", "Parallel Aware": false, "Join Type": "Inner", "Startup Cost": 5428.18, "Total Cost": 12055.43, "Plan Rows": 403337740, "Plan Width": 0, "Actual Startup Time": 28.2, "Actual Total Time": 40.406, "Actual Rows": 11796, "Actual Loops": 1, "Inner Unique": false, "Hash Cond": "(c.userid = u.id)", "Plans": [{"Node Type": "Seq Scan", "Parent Relationship": "Outer", "Parallel Aware": false, "Relation Name": "comments", "Schema": "public", "Alias": "c", "Startup Cost": 0.0, "Total Cost": 1574.96, "Plan Rows": 60002, "Plan Width": 4, "Actual Startup Time": 0.007, "Actual Total Time": 7.885, "Actual Rows": 60206, "Actual Loops": 1, "Output": ["c.id", "c.postid", "c.score", "c.creationdate", "c.userid"], "Filter": "(c.score = 0)", "Rows Removed by Filter": 19151}, {"Node Type": "Hash", "Parent Relationship": "Inner", "Parallel Aware": false, "Startup Cost": 4556.82, "Total Cost": 4556.82, "Plan Rows": 69709, "Plan Width": 12, "Actual Startup Time": 27.574, "Actual Total Time": 27.578, "Actual Rows": 6095, "Actual Loops": 1, "Output": ["ph.userid", "b.userid", "u.id"], "Hash Buckets": 131072, "Original Hash Buckets": 131072, "Hash Batches": 1, "Original Hash Batches": 1, "Peak Memory Usage": 1286, "Plans": [{"Node Type": "Hash Join", "Parent Relationship": "Outer", "Parallel Aware": false, "Join Type": "Inner", "Startup Cost": 1252.71, "Total Cost": 4556.82, "Plan Rows": 69709, "Plan Width": 12, "Actual Startup Time": 8.046, "Actual Total Time": 26.866, "Actual Rows": 6095, "Actual Loops": 1, "Output": ["ph.userid", "b.userid", "u.id"], "Inner Unique": false, "Hash Cond": "(ph.userid = u.id)", "Plans": [{"Node Type": "Seq Scan", "Parent Relationship": "Outer", "Parallel Aware": false, "Relation Name": "posthistory", "Schema": "public", "Alias": "ph", "Startup Cost": 0.0, "Total Cost": 2247.94, "Plan Rows": 129994, "Plan Width": 4, "Actual Startup Time": 0.007, "Actual Total Time": 7.162, "Actual Rows": 129994, "Actual Loops": 1, "Output": ["ph.id", "ph.posthistorytypeid", "ph.postid", "ph.creationdate", "ph.userid"]}, {"Node Type": "Hash", "Parent Relationship": "Inner", "Parallel Aware": false, "Startup Cost": 1189.0, "Total Cost": 1189.0, "Plan Rows": 5097, "Plan Width": 8, "Actual Startup Time": 7.802, "Actual Total Time": 7.805, "Actual Rows": 2234, "Actual Loops": 1, "Output": ["b.userid", "u.id"], "Hash Buckets": 8192, "Original Hash Buckets": 8192, "Hash Batches": 1, "Original Hash Batches": 1, "Peak Memory Usage": 152, "Plans": [{"Node Type": "Hash Join", "Parent Relationship": "Outer", "Parallel Aware": false, "Join Type": "Inner", "Startup Cost": 438.34, "Total Cost": 1189.0, "Plan Rows": 5097, "Plan Width": 8, "Actual Startup Time": 2.168, "Actual Total Time": 7.557, "Actual Rows": 2234, "Actual Loops": 1, "Output": ["b.userid", "u.id"], "Inner Unique": true, "Hash Cond": "(b.userid = u.id)", "Plans": [{"Node Type": "Seq Scan", "Parent Relationship": "Outer", "Parallel Aware": false, "Relation Name": "badges", "Schema": "public", "Alias": "b", "Startup Cost": 0.0, "Total Cost": 666.36, "Plan Rows": 32105, "Plan Width": 4, "Actual Startup Time": 0.042, "Actual Total Time": 3.52, "Actual Rows": 32111, "Actual Loops": 1, "Output": ["b.id", "b.userid", "b.date"], "Filter": "((b.date >= '2010-07-22 14:58:19'::timestamp without time zone) AND (b.date <= '2014-09-13 22:15:14'::timestamp without time zone))", "Rows Removed by Filter": 513}, {"Node Type": "Hash", "Parent Relationship": "Inner", "Parallel Aware": false, "Startup Cost": 408.7, "Total Cost": 408.7, "Plan Rows": 2371, "Plan Width": 4, "Actual Startup Time": 2.084, "Actual Total Time": 2.085, "Actual Rows": 2400, "Actual Loops": 1, "Output": ["u.id"], "Hash Buckets": 4096, "Original Hash Buckets": 4096, "Hash Batches": 1, "Original Hash Batches": 1, "Peak Memory Usage": 117, "Plans": [{"Node Type": "Seq Scan", "Parent Relationship": "Outer", "Parallel Aware": false, "Relation Name": "users", "Schema": "public", "Alias": "u", "Startup Cost": 0.0, "Total Cost": 408.7, "Plan Rows": 2371, "Plan Width": 4, "Actual Startup Time": 0.036, "Actual Total Time": 1.852, "Actual Rows": 2400, "Actual Loops": 1, "Output": ["u.id"], "Filter": "((u.downvotes >= 0) AND (u.creationdate >= '2010-07-26 21:46:11'::timestamp without time zone) AND (u.creationdate <= '2014-09-11 03:57:26'::timestamp without time zone) AND (u.views = 1))", "Rows Removed by Filter": 12535}]}]}]}]}]}]}]}, "Planning Time": 1.549, "Triggers": [], "Execution Time": 41.003}]#####[{"Plan": {"Node Type": "Aggregate", "Strategy": "Plain", "Partial Mode": "Simple", "Parallel Aware": false, "Startup Cost": 1088276.22, "Total Cost": 1088276.23, "Plan Rows": 1, "Plan Width": 8, "Actual Startup Time": 1499.062, "Actual Total Time": 1499.066, "Actual Rows": 1, "Actual Loops": 1, "Output": ["count(*)"], "Plans": [{"Node Type": "Merge Join", "Parent Relationship": "Outer", "Parallel Aware": false, "Join Type": "Inner", "Startup Cost": 542.49, "Total Cost": 79931.87, "Plan Rows": 403337740, "Plan Width": 0, "Actual Startup Time": 295.454, "Actual Total Time": 1498.605, "Actual Rows": 11796, "Actual Loops": 1, "Inner Unique": false, "Merge Cond": "(u.id = ph.userid)", "Plans": [{"Node Type": "Merge Join", "Parent Relationship": "Outer", "Parallel Aware": false, "Join Type": "Inner", "Startup Cost": 541.91, "Total Cost": 4261.38, "Plan Rows": 9276, "Plan Width": 8, "Actual Startup Time": 5.735, "Actual Total Time": 29.633, "Actual Rows": 1128, "Actual Loops": 1, "Output": ["c.userid", "u.id"], "Inner Unique": true, "Merge Cond": "(c.userid = u.id)", "Plans": [{"Node Type": "Index Scan", "Parent Relationship": "Outer", "Parallel Aware": false, "Scan Direction": "Forward", "Index Name": "idx_comments_userid", "Relation Name": "comments", "Schema": "public", "Alias": "c", "Startup Cost": 0.29, "Total Cost": 3562.4, "Plan Rows": 60002, "Plan Width": 4, "Actual Startup Time": 0.016, "Actual Total Time": 24.22, "Actual Rows": 58539, "Actual Loops": 1, "Output": ["c.id", "c.postid", "c.score", "c.creationdate", "c.userid"], "Filter": "(c.score = 0)", "Rows Removed by Filter": 18614}, {"Node Type": "Sort", "Parent Relationship": "Inner", "Parallel Aware": false, "Startup Cost": 541.61, "Total Cost": 547.54, "Plan Rows": 2371, "Plan Width": 4, "Actual Startup Time": 2.062, "Actual Total Time": 2.234, "Actual Rows": 2400, "Actual Loops": 1, "Output": ["u.id"], "Sort Key": ["u.id"], "Sort Method": "quicksort", "Sort Space Used": 209, "Sort Space Type": "Memory", "Plans": [{"Node Type": "Seq Scan", "Parent Relationship": "Outer", "Parallel Aware": false, "Relation Name": "users", "Schema": "public", "Alias": "u", "Startup Cost": 0.0, "Total Cost": 408.7, "Plan Rows": 2371, "Plan Width": 4, "Actual Startup Time": 0.035, "Actual Total Time": 1.809, "Actual Rows": 2400, "Actual Loops": 1, "Output": ["u.id"], "Filter": "((u.downvotes >= 0) AND (u.creationdate >= '2010-07-26 21:46:11'::timestamp without time zone) AND (u.creationdate <= '2014-09-11 03:57:26'::timestamp without time zone) AND (u.views = 1))", "Rows Removed by Filter": 12535}]}]}, {"Node Type": "Materialize", "Parent Relationship": "Inner", "Parallel Aware": false, "Startup Cost": 0.58, "Total Cost": 40931.69, "Plan Rows": 4795770, "Plan Width": 8, "Actual Startup Time": 0.047, "Actual Total Time": 1141.371, "Actual Rows": 5136957, "Actual Loops": 1, "Output": ["ph.userid", "b.userid"], "Plans": [{"Node Type": "Nested Loop", "Parent Relationship": "Outer", "Parallel Aware": false, "Join Type": "Inner", "Startup Cost": 0.58, "Total Cost": 28942.26, "Plan Rows": 4795770, "Plan Width": 8, "Actual Startup Time": 0.046, "Actual Total Time": 577.343, "Actual Rows": 5129284, "Actual Loops": 1, "Output": ["ph.userid", "b.userid"], "Inner Unique": false, "Plans": [{"Node Type": "Index Scan", "Parent Relationship": "Outer", "Parallel Aware": false, "Scan Direction": "Forward", "Index Name": "idx_badges_userid", "Relation Name": "badges", "Schema": "public", "Alias": "b", "Startup Cost": 0.29, "Total Cost": 1341.8, "Plan Rows": 32105, "Plan Width": 4, "Actual Startup Time": 0.015, "Actual Total Time": 12.584, "Actual Rows": 32098, "Actual Loops": 1, "Output": ["b.id", "b.userid", "b.date"], "Filter": "((b.date >= '2010-07-22 14:58:19'::timestamp without time zone) AND (b.date <= '2014-09-13 22:15:14'::timestamp without time zone))", "Rows Removed by Filter": 513}, {"Node Type": "Index Only Scan", "Parent Relationship": "Inner", "Parallel Aware": false, "Scan Direction": "Forward", "Index Name": "idx_posthistory_userid", "Relation Name": "posthistory", "Schema": "public", "Alias": "ph", "Startup Cost": 0.29, "Total Cost": 0.66, "Plan Rows": 20, "Plan Width": 4, "Actual Startup Time": 0.001, "Actual Total Time": 0.009, "Actual Rows": 160, "Actual Loops": 32098, "Output": ["ph.userid"], "Index Cond": "(ph.userid = b.userid)", "Rows Removed by Index Recheck": 0, "Heap Fetches": 0}]}]}]}]}, "Planning Time": 1.486, "Triggers": [], "Execution Time": 1499.161}]
[{"Plan": {"Node Type": "Aggregate", "Strategy": "Plain", "Partial Mode": "Simple", "Parallel Aware": false, "Startup Cost": 2281.56, "Total Cost": 2281.57, "Plan Rows": 1, "Plan Width": 8, "Actual Startup Time": 15.717, "Actual Total Time": 15.722, "Actual Rows": 1, "Actual Loops": 1, "Output": ["count(*)"], "Plans": [{"Node Type": "Nested Loop", "Parent Relationship": "Outer", "Parallel Aware": false, "Join Type": "Inner", "Startup Cost": 1658.18, "Total Cost": 2281.41, "Plan Rows": 62, "Plan Width": 0, "Actual Startup Time": 15.712, "Actual Total Time": 15.717, "Actual Rows": 0, "Actual Loops": 1, "Inner Unique": false, "Plans": [{"Node Type": "Nested Loop", "Parent Relationship": "Outer", "Parallel Aware": false, "Join Type": "Inner", "Startup Cost": 1657.9, "Total Cost": 2274.84, "Plan Rows": 17, "Plan Width": 8, "Actual Startup Time": 15.712, "Actual Total Time": 15.716, "Actual Rows": 0, "Actual Loops": 1, "Output": ["p.lasteditoruserid", "u.id"], "Inner Unique": false, "Plans": [{"Node Type": "Nested Loop", "Parent Relationship": "Outer", "Parallel Aware": false, "Join Type": "Inner", "Startup Cost": 1657.6, "Total Cost": 2270.91, "Plan Rows": 9, "Plan Width": 20, "Actual Startup Time": 15.711, "Actual Total Time": 15.716, "Actual Rows": 0, "Actual Loops": 1, "Output": ["p.id", "p.lasteditoruserid", "pl.relatedpostid", "v.postid", "u.id"], "Inner Unique": false, "Plans": [{"Node Type": "Hash Join", "Parent Relationship": "Outer", "Parallel Aware": false, "Join Type": "Inner", "Startup Cost": 1657.31, "Total Cost": 1745.9, "Plan Rows": 689, "Plan Width": 16, "Actual Startup Time": 12.513, "Actual Total Time": 13.132, "Actual Rows": 223, "Actual Loops": 1, "Output": ["p.id", "p.lasteditoruserid", "pl.relatedpostid", "u.id"], "Inner Unique": false, "Hash Cond": "(pl.relatedpostid = p.id)", "Plans": [{"Node Type": "Seq Scan", "Parent Relationship": "Outer", "Parallel Aware": false, "Relation Name": "postlinks", "Schema": "public", "Alias": "pl", "Startup Cost": 0.0, "Total Cost": 67.33, "Plan Rows": 3833, "Plan Width": 4, "Actual Startup Time": 0.01, "Actual Total Time": 0.225, "Actual Rows": 3833, "Actual Loops": 1, "Output": ["pl.id", "pl.creationdate", "pl.postid", "pl.relatedpostid", "pl.linktypeid"]}, {"Node Type": "Hash", "Parent Relationship": "Inner", "Parallel Aware": false, "Startup Cost": 1564.75, "Total Cost": 1564.75, "Plan Rows": 7405, "Plan Width": 12, "Actual Startup Time": 12.431, "Actual Total Time": 12.434, "Actual Rows": 1765, "Actual Loops": 1, "Output": ["p.id", "p.lasteditoruserid", "u.id"], "Hash Buckets": 8192, "Original Hash Buckets": 8192, "Hash Batches": 1, "Original Hash Batches": 1, "Peak Memory Usage": 140, "Plans": [{"Node Type": "Hash Join", "Parent Relationship": "Outer", "Parallel Aware": false, "Join Type": "Inner", "Startup Cost": 544.34, "Total Cost": 1564.75, "Plan Rows": 7405, "Plan Width": 12, "Actual Startup Time": 4.668, "Actual Total Time": 12.163, "Actual Rows": 1765, "Actual Loops": 1, "Output": ["p.id", "p.lasteditoruserid", "u.id"], "Inner Unique": true, "Hash Cond": "(p.lasteditoruserid = u.id)", "Plans": [{"Node Type": "Seq Scan", "Parent Relationship": "Outer", "Parallel Aware": false, "Relation Name": "posts", "Schema": "public", "Alias": "p", "Startup Cost": 0.0, "Total Cost": 977.75, "Plan Rows": 16249, "Plan Width": 8, "Actual Startup Time": 0.02, "Actual Total Time": 5.971, "Actual Rows": 16259, "Actual Loops": 1, "Output": ["p.id", "p.posttypeid", "p.creationdate", "p.score", "p.viewcount", "p.owneruserid", "p.answercount", "p.commentcount", "p.favoritecount", "p.lasteditoruserid"], "Filter": "((p.answercount >= 0) AND (p.answercount <= 6))", "Rows Removed by Filter": 24924}, {"Node Type": "Hash", "Parent Relationship": "Inner", "Parallel Aware": false, "Startup Cost": 371.36, "Total Cost": 371.36, "Plan Rows": 13838, "Plan Width": 4, "Actual Startup Time": 4.563, "Actual Total Time": 4.564, "Actual Rows": 14024, "Actual Loops": 1, "Output": ["u.id"], "Hash Buckets": 16384, "Original Hash Buckets": 16384, "Hash Batches": 1, "Original Hash Batches": 1, "Peak Memory Usage": 622, "Plans": [{"Node Type": "Seq Scan", "Parent Relationship": "Outer", "Parallel Aware": false, "Relation Name": "users", "Schema": "public", "Alias": "u", "Startup Cost": 0.0, "Total Cost": 371.36, "Plan Rows": 13838, "Plan Width": 4, "Actual Startup Time": 0.014, "Actual Total Time": 2.83, "Actual Rows": 14024, "Actual Loops": 1, "Output": ["u.id"], "Filter": "((u.views >= 0) AND (u.views <= 34) AND (u.upvotes <= 123))", "Rows Removed by Filter": 911}]}]}]}]}, {"Node Type": "Index Scan", "Parent Relationship": "Inner", "Parallel Aware": false, "Scan Direction": "Forward", "Index Name": "idx_votes_postid", "Relation Name": "votes", "Schema": "public", "Alias": "v", "Startup Cost": 0.29, "Total Cost": 0.75, "Plan Rows": 1, "Plan Width": 4, "Actual Startup Time": 0.011, "Actual Total Time": 0.011, "Actual Rows": 0, "Actual Loops": 223, "Output": ["v.id", "v.postid", "v.votetypeid", "v.creationdate", "v.userid", "v.bountyamount"], "Index Cond": "(v.postid = p.id)", "Rows Removed by Index Recheck": 0, "Filter": "((v.bountyamount >= 0) AND (v.votetypeid = 2))", "Rows Removed by Filter": 9}]}, {"Node Type": "Index Only Scan", "Parent Relationship": "Inner", "Parallel Aware": false, "Scan Direction": "Forward", "Index Name": "idx_comments_postid", "Relation Name": "comments", "Schema": "public", "Alias": "c", "Startup Cost": 0.29, "Total Cost": 0.4, "Plan Rows": 4, "Plan Width": 4, "Actual Startup Time": 0.0, "Actual Total Time": 0.0, "Actual Rows": 0, "Actual Loops": 0, "Output": ["c.postid"], "Index Cond": "(c.postid = p.id)", "Rows Removed by Index Recheck": 0, "Heap Fetches": 0}]}, {"Node Type": "Index Only Scan", "Parent Relationship": "Inner", "Parallel Aware": false, "Scan Direction": "Forward", "Index Name": "idx_badges_userid", "Relation Name": "badges", "Schema": "public", "Alias": "b", "Startup Cost": 0.29, "Total Cost": 0.36, "Plan Rows": 3, "Plan Width": 4, "Actual Startup Time": 0.0, "Actual Total Time": 0.0, "Actual Rows": 0, "Actual Loops": 0, "Output": ["b.userid"], "Index Cond": "(b.userid = u.id)", "Rows Removed by Index Recheck": 0, "Heap Fetches": 0}]}]}, "Planning Time": 3.699, "Triggers": [], "Execution Time": 15.9}]#####[{"Plan": {"Node Type": "Aggregate", "Strategy": "Plain", "Partial Mode": "Simple", "Parallel Aware": false, "Startup Cost": 2121.7, "Total Cost": 2121.71, "Plan Rows": 1, "Plan Width": 8, "Actual Startup Time": 15.157, "Actual Total Time": 15.162, "Actual Rows": 1, "Actual Loops": 1, "Output": ["count(*)"], "Plans": [{"Node Type": "Nested Loop", "Parent Relationship": "Outer", "Parallel Aware": false, "Join Type": "Inner", "Startup Cost": 1658.18, "Total Cost": 2120.14, "Plan Rows": 622, "Plan Width": 0, "Actual Startup Time": 15.153, "Actual Total Time": 15.157, "Actual Rows": 0, "Actual Loops": 1, "Inner Unique": false, "Plans": [{"Node Type": "Nested Loop", "Parent Relationship": "Outer", "Parallel Aware": false, "Join Type": "Inner", "Startup Cost": 1657.9, "Total Cost": 2113.58, "Plan Rows": 17, "Plan Width": 8, "Actual Startup Time": 15.152, "Actual Total Time": 15.157, "Actual Rows": 0, "Actual Loops": 1, "Output": ["p.lasteditoruserid", "u.id"], "Inner Unique": false, "Join Filter": "(p.id = v.postid)", "Rows Removed by Join Filter": 0, "Plans": [{"Node Type": "Nested Loop", "Parent Relationship": "Outer", "Parallel Aware": false, "Join Type": "Inner", "Startup Cost": 1657.6, "Total Cost": 2046.46, "Plan Rows": 132, "Plan Width": 20, "Actual Startup Time": 10.216, "Actual Total Time": 11.557, "Actual Rows": 793, "Actual Loops": 1, "Output": ["c.postid", "p.id", "p.lasteditoruserid", "pl.relatedpostid", "u.id"], "Inner Unique": false, "Plans": [{"Node Type": "Hash Join", "Parent Relationship": "Outer", "Parallel Aware": false, "Join Type": "Inner", "Startup Cost": 1657.31, "Total Cost": 1745.9, "Plan Rows": 689, "Plan Width": 16, "Actual Startup Time": 10.188, "Actual Total Time": 10.814, "Actual Rows": 223, "Actual Loops": 1, "Output": ["p.id", "p.lasteditoruserid", "pl.relatedpostid", "u.id"], "Inner Unique": false, "Hash Cond": "(pl.relatedpostid = p.id)", "Plans": [{"Node Type": "Seq Scan", "Parent Relationship": "Outer", "Parallel Aware": false, "Relation Name": "postlinks", "Schema": "public", "Alias": "pl", "Startup Cost": 0.0, "Total Cost": 67.33, "Plan Rows": 3833, "Plan Width": 4, "Actual Startup Time": 0.008, "Actual Total Time": 0.223, "Actual Rows": 3833, "Actual Loops": 1, "Output": ["pl.id", "pl.creationdate", "pl.postid", "pl.relatedpostid", "pl.linktypeid"]}, {"Node Type": "Hash", "Parent Relationship": "Inner", "Parallel Aware": false, "Startup Cost": 1564.75, "Total Cost": 1564.75, "Plan Rows": 7405, "Plan Width": 12, "Actual Startup Time": 10.129, "Actual Total Time": 10.131, "Actual Rows": 1765, "Actual Loops": 1, "Output": ["p.id", "p.lasteditoruserid", "u.id"], "Hash Buckets": 8192, "Original Hash Buckets": 8192, "Hash Batches": 1, "Original Hash Batches": 1, "Peak Memory Usage": 140, "Plans": [{"Node Type": "Hash Join", "Parent Relationship": "Outer", "Parallel Aware": false, "Join Type": "Inner", "Startup Cost": 544.34, "Total Cost": 1564.75, "Plan Rows": 7405, "Plan Width": 12, "Actual Startup Time": 3.43, "Actual Total Time": 9.895, "Actual Rows": 1765, "Actual Loops": 1, "Output": ["p.id", "p.lasteditoruserid", "u.id"], "Inner Unique": true, "Hash Cond": "(p.lasteditoruserid = u.id)", "Plans": [{"Node Type": "Seq Scan", "Parent Relationship": "Outer", "Parallel Aware": false, "Relation Name": "posts", "Schema": "public", "Alias": "p", "Startup Cost": 0.0, "Total Cost": 977.75, "Plan Rows": 16249, "Plan Width": 8, "Actual Startup Time": 0.01, "Actual Total Time": 5.131, "Actual Rows": 16259, "Actual Loops": 1, "Output": ["p.id", "p.posttypeid", "p.creationdate", "p.score", "p.viewcount", "p.owneruserid", "p.answercount", "p.commentcount", "p.favoritecount", "p.lasteditoruserid"], "Filter": "((p.answercount >= 0) AND (p.answercount <= 6))", "Rows Removed by Filter": 24924}, {"Node Type": "Hash", "Parent Relationship": "Inner", "Parallel Aware": false, "Startup Cost": 371.36, "Total Cost": 371.36, "Plan Rows": 13838, "Plan Width": 4, "Actual Startup Time": 3.369, "Actual Total Time": 3.37, "Actual Rows": 14024, "Actual Loops": 1, "Output": ["u.id"], "Hash Buckets": 16384, "Original Hash Buckets": 16384, "Hash Batches": 1, "Original Hash Batches": 1, "Peak Memory Usage": 622, "Plans": [{"Node Type": "Seq Scan", "Parent Relationship": "Outer", "Parallel Aware": false, "Relation Name": "users", "Schema": "public", "Alias": "u", "Startup Cost": 0.0, "Total Cost": 371.36, "Plan Rows": 13838, "Plan Width": 4, "Actual Startup Time": 0.008, "Actual Total Time": 2.11, "Actual Rows": 14024, "Actual Loops": 1, "Output": ["u.id"], "Filter": "((u.views >= 0) AND (u.views <= 34) AND (u.upvotes <= 123))", "Rows Removed by Filter": 911}]}]}]}]}, {"Node Type": "Index Only Scan", "Parent Relationship": "Inner", "Parallel Aware": false, "Scan Direction": "Forward", "Index Name": "idx_comments_postid", "Relation Name": "comments", "Schema": "public", "Alias": "c", "Startup Cost": 0.29, "Total Cost": 0.4, "Plan Rows": 4, "Plan Width": 4, "Actual Startup Time": 0.003, "Actual Total Time": 0.003, "Actual Rows": 4, "Actual Loops": 223, "Output": ["c.postid"], "Index Cond": "(c.postid = p.id)", "Rows Removed by Index Recheck": 0, "Heap Fetches": 0}]}, {"Node Type": "Index Scan", "Parent Relationship": "Inner", "Parallel Aware": false, "Scan Direction": "Forward", "Index Name": "idx_votes_postid", "Relation Name": "votes", "Schema": "public", "Alias": "v", "Startup Cost": 0.29, "Total Cost": 0.5, "Plan Rows": 1, "Plan Width": 4, "Actual Startup Time": 0.004, "Actual Total Time": 0.004, "Actual Rows": 0, "Actual Loops": 793, "Output": ["v.id", "v.postid", "v.votetypeid", "v.creationdate", "v.userid", "v.bountyamount"], "Index Cond": "(v.postid = c.postid)", "Rows Removed by Index Recheck": 0, "Filter": "((v.bountyamount >= 0) AND (v.votetypeid = 2))", "Rows Removed by Filter": 9}]}, {"Node Type": "Index Only Scan", "Parent Relationship": "Inner", "Parallel Aware": false, "Scan Direction": "Forward", "Index Name": "idx_badges_userid", "Relation Name": "badges", "Schema": "public", "Alias": "b", "Startup Cost": 0.29, "Total Cost": 0.36, "Plan Rows": 3, "Plan Width": 4, "Actual Startup Time": 0.0, "Actual Total Time": 0.0, "Actual Rows": 0, "Actual Loops": 0, "Output": ["b.userid"], "Index Cond": "(b.userid = u.id)", "Rows Removed by Index Recheck": 0, "Heap Fetches": 0}]}]}, "Planning Time": 3.404, "Triggers": [], "Execution Time": 15.28}]#####[{"Plan": {"Node Type": "Aggregate", "Strategy": "Plain", "Partial Mode": "Simple", "Parallel Aware": false, "Startup Cost": 2971.75, "Total Cost": 2971.76, "Plan Rows": 1, "Plan Width": 8, "Actual Startup Time": 31.09, "Actual Total Time": 31.095, "Actual Rows": 1, "Actual Loops": 1, "Output": ["count(*)"], "Plans": [{"Node Type": "Nested Loop", "Parent Relationship": "Outer", "Parallel Aware": false, "Join Type": "Inner", "Startup Cost": 1726.07, "Total Cost": 2970.19, "Plan Rows": 622, "Plan Width": 0, "Actual Startup Time": 31.084, "Actual Total Time": 31.089, "Actual Rows": 0, "Actual Loops": 1, "Inner Unique": false, "Plans": [{"Node Type": "Nested Loop", "Parent Relationship": "Outer", "Parallel Aware": false, "Join Type": "Inner", "Startup Cost": 1725.78, "Total Cost": 2963.63, "Plan Rows": 17, "Plan Width": 8, "Actual Startup Time": 31.084, "Actual Total Time": 31.089, "Actual Rows": 0, "Actual Loops": 1, "Output": ["p.lasteditoruserid", "u.id"], "Inner Unique": false, "Plans": [{"Node Type": "Hash Join", "Parent Relationship": "Outer", "Parallel Aware": false, "Join Type": "Inner", "Startup Cost": 1725.49, "Total Cost": 2959.7, "Plan Rows": 9, "Plan Width": 20, "Actual Startup Time": 31.084, "Actual Total Time": 31.088, "Actual Rows": 0, "Actual Loops": 1, "Output": ["p.id", "p.lasteditoruserid", "pl.relatedpostid", "v.postid", "u.id"], "Inner Unique": true, "Hash Cond": "(p.lasteditoruserid = u.id)", "Plans": [{"Node Type": "Nested Loop", "Parent Relationship": "Outer", "Parallel Aware": false, "Join Type": "Inner", "Startup Cost": 1181.15, "Total Cost": 2410.38, "Plan Rows": 1900, "Plan Width": 16, "Actual Startup Time": 27.608, "Actual Total Time": 27.612, "Actual Rows": 0, "Actual Loops": 1, "Output": ["p.id", "p.lasteditoruserid", "pl.relatedpostid", "v.postid"], "Inner Unique": false, "Plans": [{"Node Type": "Hash Join", "Parent Relationship": "Outer", "Parallel Aware": false, "Join Type": "Inner", "Startup Cost": 1180.86, "Total Cost": 1258.25, "Plan Rows": 1512, "Plan Width": 12, "Actual Startup Time": 7.388, "Actual Total Time": 8.792, "Actual Rows": 3316, "Actual Loops": 1, "Output": ["p.id", "p.lasteditoruserid", "pl.relatedpostid"], "Inner Unique": true, "Hash Cond": "(pl.relatedpostid = p.id)", "Plans": [{"Node Type": "Seq Scan", "Parent Relationship": "Outer", "Parallel Aware": false, "Relation Name": "postlinks", "Schema": "public", "Alias": "pl", "Startup Cost": 0.0, "Total Cost": 67.33, "Plan Rows": 3833, "Plan Width": 4, "Actual Startup Time": 0.006, "Actual Total Time": 0.246, "Actual Rows": 3833, "Actual Loops": 1, "Output": ["pl.id", "pl.creationdate", "pl.postid", "pl.relatedpostid", "pl.linktypeid"]}, {"Node Type": "Hash", "Parent Relationship": "Inner", "Parallel Aware": false, "Startup Cost": 977.75, "Total Cost": 977.75, "Plan Rows": 16249, "Plan Width": 8, "Actual Startup Time": 7.326, "Actual Total Time": 7.327, "Actual Rows": 16259, "Actual Loops": 1, "Output": ["p.id", "p.lasteditoruserid"], "Hash Buckets": 16384, "Original Hash Buckets": 16384, "Hash Batches": 1, "Original Hash Batches": 1, "Peak Memory Usage": 747, "Plans": [{"Node Type": "Seq Scan", "Parent Relationship": "Outer", "Parallel Aware": false, "Relation Name": "posts", "Schema": "public", "Alias": "p", "Startup Cost": 0.0, "Total Cost": 977.75, "Plan Rows": 16249, "Plan Width": 8, "Actual Startup Time": 0.01, "Actual Total Time": 5.666, "Actual Rows": 16259, "Actual Loops": 1, "Output": ["p.id", "p.lasteditoruserid"], "Filter": "((p.answercount >= 0) AND (p.answercount <= 6))", "Rows Removed by Filter": 24924}]}]}, {"Node Type": "Index Scan", "Parent Relationship": "Inner", "Parallel Aware": false, "Scan Direction": "Forward", "Index Name": "idx_votes_postid", "Relation Name": "votes", "Schema": "public", "Alias": "v", "Startup Cost": 0.29, "Total Cost": 0.75, "Plan Rows": 1, "Plan Width": 4, "Actual Startup Time": 0.006, "Actual Total Time": 0.006, "Actual Rows": 0, "Actual Loops": 3316, "Output": ["v.id", "v.postid", "v.votetypeid", "v.creationdate", "v.userid", "v.bountyamount"], "Index Cond": "(v.postid = p.id)", "Rows Removed by Index Recheck": 0, "Filter": "((v.bountyamount >= 0) AND (v.votetypeid = 2))", "Rows Removed by Filter": 12}]}, {"Node Type": "Hash", "Parent Relationship": "Inner", "Parallel Aware": false, "Startup Cost": 371.36, "Total Cost": 371.36, "Plan Rows": 13838, "Plan Width": 4, "Actual Startup Time": 3.413, "Actual Total Time": 3.413, "Actual Rows": 14024, "Actual Loops": 1, "Output": ["u.id"], "Hash Buckets": 16384, "Original Hash Buckets": 16384, "Hash Batches": 1, "Original Hash Batches": 1, "Peak Memory Usage": 622, "Plans": [{"Node Type": "Seq Scan", "Parent Relationship": "Outer", "Parallel Aware": false, "Relation Name": "users", "Schema": "public", "Alias": "u", "Startup Cost": 0.0, "Total Cost": 371.36, "Plan Rows": 13838, "Plan Width": 4, "Actual Startup Time": 0.011, "Actual Total Time": 2.119, "Actual Rows": 14024, "Actual Loops": 1, "Output": ["u.id"], "Filter": "((u.views >= 0) AND (u.views <= 34) AND (u.upvotes <= 123))", "Rows Removed by Filter": 911}]}]}, {"Node Type": "Index Only Scan", "Parent Relationship": "Inner", "Parallel Aware": false, "Scan Direction": "Forward", "Index Name": "idx_comments_postid", "Relation Name": "comments", "Schema": "public", "Alias": "c", "Startup Cost": 0.29, "Total Cost": 0.4, "Plan Rows": 4, "Plan Width": 4, "Actual Startup Time": 0.0, "Actual Total Time": 0.0, "Actual Rows": 0, "Actual Loops": 0, "Output": ["c.postid"], "Index Cond": "(c.postid = p.id)", "Rows Removed by Index Recheck": 0, "Heap Fetches": 0}]}, {"Node Type": "Index Only Scan", "Parent Relationship": "Inner", "Parallel Aware": false, "Scan Direction": "Forward", "Index Name": "idx_badges_userid", "Relation Name": "badges", "Schema": "public", "Alias": "b", "Startup Cost": 0.29, "Total Cost": 0.36, "Plan Rows": 3, "Plan Width": 4, "Actual Startup Time": 0.0, "Actual Total Time": 0.0, "Actual Rows": 0, "Actual Loops": 0, "Output": ["b.userid"], "Index Cond": "(b.userid = u.id)", "Rows Removed by Index Recheck": 0, "Heap Fetches": 0}]}]}, "Planning Time": 3.348, "Triggers": [], "Execution Time": 31.227}]
[{"Plan": {"Node Type": "Aggregate", "Strategy": "Plain", "Partial Mode": "Simple", "Parallel Aware": false, "Startup Cost": 10732.08, "Total Cost": 10732.09, "Plan Rows": 1, "Plan Width": 8, "Actual Startup Time": 100.246, "Actual Total Time": 100.252, "Actual Rows": 1, "Actual Loops": 1, "Output": ["count(*)"], "Plans": [{"Node Type": "Hash Join", "Parent Relationship": "Outer", "Parallel Aware": false, "Join Type": "Inner", "Startup Cost": 5314.7, "Total Cost": 10691.01, "Plan Rows": 16425, "Plan Width": 0, "Actual Startup Time": 62.704, "Actual Total Time": 95.572, "Actual Rows": 130572, "Actual Loops": 1, "Inner Unique": false, "Hash Cond": "(v.postid = p.id)", "Plans": [{"Node Type": "Seq Scan", "Parent Relationship": "Outer", "Parallel Aware": false, "Relation Name": "votes", "Schema": "public", "Alias": "v", "Startup Cost": 0.0, "Total Cost": 2707.33, "Plan Rows": 164233, "Plan Width": 4, "Actual Startup Time": 0.017, "Actual Total Time": 8.727, "Actual Rows": 164233, "Actual Loops": 1, "Output": ["v.id", "v.postid", "v.votetypeid", "v.creationdate", "v.userid", "v.bountyamount"]}, {"Node Type": "Hash", "Parent Relationship": "Inner", "Parallel Aware": false, "Startup Cost": 4799.85, "Total Cost": 4799.85, "Plan Rows": 41188, "Plan Width": 8, "Actual Startup Time": 62.295, "Actual Total Time": 62.299, "Actual Rows": 40084, "Actual Loops": 1, "Output": ["ph.postid", "p.id"], "Hash Buckets": 65536, "Original Hash Buckets": 65536, "Hash Batches": 1, "Original Hash Batches": 1, "Peak Memory Usage": 2078, "Plans": [{"Node Type": "Hash Join", "Parent Relationship": "Outer", "Parallel Aware": false, "Join Type": "Inner", "Startup Cost": 1752.06, "Total Cost": 4799.85, "Plan Rows": 41188, "Plan Width": 8, "Actual Startup Time": 18.336, "Actual Total Time": 57.801, "Actual Rows": 40084, "Actual Loops": 1, "Output": ["ph.postid", "p.id"], "Inner Unique": true, "Hash Cond": "(p.owneruserid = u.id)", "Plans": [{"Node Type": "Hash Join", "Parent Relationship": "Outer", "Parallel Aware": false, "Join Type": "Inner", "Startup Cost": 1076.35, "Total Cost": 3990.51, "Plan Rows": 50893, "Plan Width": 12, "Actual Startup Time": 10.116, "Actual Total Time": 41.311, "Actual Rows": 86969, "Actual Loops": 1, "Output": ["ph.postid", "p.id", "p.owneruserid"], "Inner Unique": true, "Hash Cond": "(ph.postid = p.id)", "Plans": [{"Node Type": "Seq Scan", "Parent Relationship": "Outer", "Parallel Aware": false, "Relation Name": "posthistory", "Schema": "public", "Alias": "ph", "Startup Cost": 0.0, "Total Cost": 2572.93, "Plan Rows": 129981, "Plan Width": 4, "Actual Startup Time": 0.012, "Actual Total Time": 15.716, "Actual Rows": 129994, "Actual Loops": 1, "Output": ["ph.id", "ph.posthistorytypeid", "ph.postid", "ph.creationdate", "ph.userid"], "Filter": "(ph.creationdate <= '2014-08-12 12:46:48'::timestamp without time zone)", "Rows Removed by Filter": 0}, {"Node Type": "Hash", "Parent Relationship": "Inner", "Parallel Aware": false, "Startup Cost": 874.79, "Total Cost": 874.79, "Plan Rows": 16125, "Plan Width": 8, "Actual Startup Time": 10.026, "Actual Total Time": 10.027, "Actual Rows": 16136, "Actual Loops": 1, "Output": ["p.id", "p.owneruserid"], "Hash Buckets": 16384, "Original Hash Buckets": 16384, "Hash Batches": 1, "Original Hash Batches": 1, "Peak Memory Usage": 757, "Plans": [{"Node Type": "Seq Scan", "Parent Relationship": "Outer", "Parallel Aware": false, "Relation Name": "posts", "Schema": "public", "Alias": "p", "Startup Cost": 0.0, "Total Cost": 874.79, "Plan Rows": 16125, "Plan Width": 8, "Actual Startup Time": 0.012, "Actual Total Time": 7.617, "Actual Rows": 16136, "Actual Loops": 1, "Output": ["p.id", "p.owneruserid"], "Filter": "(p.answercount <= 5)", "Rows Removed by Filter": 25047}]}]}, {"Node Type": "Hash", "Parent Relationship": "Inner", "Parallel Aware": false, "Startup Cost": 520.71, "Total Cost": 520.71, "Plan Rows": 12400, "Plan Width": 4, "Actual Startup Time": 8.112, "Actual Total Time": 8.112, "Actual Rows": 13074, "Actual Loops": 1, "Output": ["u.id"], "Hash Buckets": 16384, "Original Hash Buckets": 16384, "Hash Batches": 1, "Original Hash Batches": 1, "Peak Memory Usage": 588, "Plans": [{"Node Type": "Seq Scan", "Parent Relationship": "Outer", "Parallel Aware": false, "Relation Name": "users", "Schema": "public", "Alias": "u", "Startup Cost": 0.0, "Total Cost": 520.71, "Plan Rows": 12400, "Plan Width": 4, "Actual Startup Time": 0.025, "Actual Total Time": 5.401, "Actual Rows": 13074, "Actual Loops": 1, "Output": ["u.id"], "Filter": "((u.reputation >= 1) AND (u.reputation <= 3679) AND (u.views >= 0) AND (u.views <= 15) AND (u.downvotes <= 0) AND (u.upvotes >= 0) AND (u.upvotes <= 141))", "Rows Removed by Filter": 1861}]}]}]}]}]}, "Planning Time": 1.347, "Triggers": [], "Execution Time": 100.477}]#####[{"Plan": {"Node Type": "Aggregate", "Strategy": "Plain", "Partial Mode": "Simple", "Parallel Aware": false, "Startup Cost": 7197.33, "Total Cost": 7197.34, "Plan Rows": 1, "Plan Width": 8, "Actual Startup Time": 107.594, "Actual Total Time": 107.6, "Actual Rows": 1, "Actual Loops": 1, "Output": ["count(*)"], "Plans": [{"Node Type": "Nested Loop", "Parent Relationship": "Outer", "Parallel Aware": false, "Join Type": "Inner", "Startup Cost": 1752.36, "Total Cost": 6786.69, "Plan Rows": 164254, "Plan Width": 0, "Actual Startup Time": 13.831, "Actual Total Time": 102.184, "Actual Rows": 130572, "Actual Loops": 1, "Inner Unique": false, "Join Filter": "(p.id = v.postid)", "Rows Removed by Join Filter": 0, "Plans": [{"Node Type": "Hash Join", "Parent Relationship": "Outer", "Parallel Aware": false, "Join Type": "Inner", "Startup Cost": 1752.06, "Total Cost": 4799.85, "Plan Rows": 4118, "Plan Width": 8, "Actual Startup Time": 13.816, "Actual Total Time": 53.769, "Actual Rows": 40084, "Actual Loops": 1, "Output": ["ph.postid", "p.id"], "Inner Unique": true, "Hash Cond": "(p.owneruserid = u.id)", "Plans": [{"Node Type": "Hash Join", "Parent Relationship": "Outer", "Parallel Aware": false, "Join Type": "Inner", "Startup Cost": 1076.35, "Total Cost": 3990.51, "Plan Rows": 50893, "Plan Width": 12, "Actual Startup Time": 8.377, "Actual Total Time": 39.846, "Actual Rows": 86969, "Actual Loops": 1, "Output": ["ph.postid", "p.id", "p.owneruserid"], "Inner Unique": true, "Hash Cond": "(ph.postid = p.id)", "Plans": [{"Node Type": "Seq Scan", "Parent Relationship": "Outer", "Parallel Aware": false, "Relation Name": "posthistory", "Schema": "public", "Alias": "ph", "Startup Cost": 0.0, "Total Cost": 2572.93, "Plan Rows": 129981, "Plan Width": 4, "Actual Startup Time": 0.01, "Actual Total Time": 15.543, "Actual Rows": 129994, "Actual Loops": 1, "Output": ["ph.id", "ph.posthistorytypeid", "ph.postid", "ph.creationdate", "ph.userid"], "Filter": "(ph.creationdate <= '2014-08-12 12:46:48'::timestamp without time zone)", "Rows Removed by Filter": 0}, {"Node Type": "Hash", "Parent Relationship": "Inner", "Parallel Aware": false, "Startup Cost": 874.79, "Total Cost": 874.79, "Plan Rows": 16125, "Plan Width": 8, "Actual Startup Time": 8.298, "Actual Total Time": 8.299, "Actual Rows": 16136, "Actual Loops": 1, "Output": ["p.id", "p.owneruserid"], "Hash Buckets": 16384, "Original Hash Buckets": 16384, "Hash Batches": 1, "Original Hash Batches": 1, "Peak Memory Usage": 757, "Plans": [{"Node Type": "Seq Scan", "Parent Relationship": "Outer", "Parallel Aware": false, "Relation Name": "posts", "Schema": "public", "Alias": "p", "Startup Cost": 0.0, "Total Cost": 874.79, "Plan Rows": 16125, "Plan Width": 8, "Actual Startup Time": 0.011, "Actual Total Time": 6.349, "Actual Rows": 16136, "Actual Loops": 1, "Output": ["p.id", "p.owneruserid"], "Filter": "(p.answercount <= 5)", "Rows Removed by Filter": 25047}]}]}, {"Node Type": "Hash", "Parent Relationship": "Inner", "Parallel Aware": false, "Startup Cost": 520.71, "Total Cost": 520.71, "Plan Rows": 12400, "Plan Width": 4, "Actual Startup Time": 5.353, "Actual Total Time": 5.354, "Actual Rows": 13074, "Actual Loops": 1, "Output": ["u.id"], "Hash Buckets": 16384, "Original Hash Buckets": 16384, "Hash Batches": 1, "Original Hash Batches": 1, "Peak Memory Usage": 588, "Plans": [{"Node Type": "Seq Scan", "Parent Relationship": "Outer", "Parallel Aware": false, "Relation Name": "users", "Schema": "public", "Alias": "u", "Startup Cost": 0.0, "Total Cost": 520.71, "Plan Rows": 12400, "Plan Width": 4, "Actual Startup Time": 0.015, "Actual Total Time": 3.563, "Actual Rows": 13074, "Actual Loops": 1, "Output": ["u.id"], "Filter": "((u.reputation >= 1) AND (u.reputation <= 3679) AND (u.views >= 0) AND (u.views <= 15) AND (u.downvotes <= 0) AND (u.upvotes >= 0) AND (u.upvotes <= 141))", "Rows Removed by Filter": 1861}]}]}, {"Node Type": "Index Only Scan", "Parent Relationship": "Inner", "Parallel Aware": false, "Scan Direction": "Forward", "Index Name": "idx_votes_postid", "Relation Name": "votes", "Schema": "public", "Alias": "v", "Startup Cost": 0.29, "Total Cost": 0.41, "Plan Rows": 6, "Plan Width": 4, "Actual Startup Time": 0.001, "Actual Total Time": 0.001, "Actual Rows": 3, "Actual Loops": 40084, "Output": ["v.postid"], "Index Cond": "(v.postid = ph.postid)", "Rows Removed by Index Recheck": 0, "Heap Fetches": 0}]}]}, "Planning Time": 1.318, "Triggers": [], "Execution Time": 107.725}]#####[{"Plan": {"Node Type": "Aggregate", "Strategy": "Plain", "Partial Mode": "Simple", "Parallel Aware": false, "Startup Cost": 25426.71, "Total Cost": 25426.72, "Plan Rows": 1, "Plan Width": 8, "Actual Startup Time": 194.391, "Actual Total Time": 194.397, "Actual Rows": 1, "Actual Loops": 1, "Output": ["count(*)"], "Plans": [{"Node Type": "Hash Join", "Parent Relationship": "Outer", "Parallel Aware": false, "Join Type": "Inner", "Startup Cost": 1756.55, "Total Cost": 25016.08, "Plan Rows": 164254, "Plan Width": 0, "Actual Startup Time": 13.321, "Actual Total Time": 189.57, "Actual Rows": 130572, "Actual Loops": 1, "Inner Unique": false, "Hash Cond": "(ph.postid = p.id)", "Plans": [{"Node Type": "Merge Join", "Parent Relationship": "Outer", "Parallel Aware": false, "Join Type": "Inner", "Startup Cost": 0.59, "Total Cost": 18436.72, "Plan Rows": 697145, "Plan Width": 8, "Actual Startup Time": 0.041, "Actual Total Time": 137.911, "Actual Rows": 622011, "Actual Loops": 1, "Output": ["ph.postid", "v.postid"], "Inner Unique": false, "Merge Cond": "(ph.postid = v.postid)", "Plans": [{"Node Type": "Index Scan", "Parent Relationship": "Outer", "Parallel Aware": false, "Scan Direction": "Forward", "Index Name": "idx_posthistory_postid", "Relation Name": "posthistory", "Schema": "public", "Alias": "ph", "Startup Cost": 0.29, "Total Cost": 4222.98, "Plan Rows": 129981, "Plan Width": 4, "Actual Startup Time": 0.019, "Actual Total Time": 30.099, "Actual Rows": 129994, "Actual Loops": 1, "Output": ["ph.id", "ph.posthistorytypeid", "ph.postid", "ph.creationdate", "ph.userid"], "Filter": "(ph.creationdate <= '2014-08-12 12:46:48'::timestamp without time zone)", "Rows Removed by Filter": 0}, {"Node Type": "Materialize", "Parent Relationship": "Inner", "Parallel Aware": false, "Startup Cost": 0.29, "Total Cost": 3846.37, "Plan Rows": 164233, "Plan Width": 4, "Actual Startup Time": 0.02, "Actual Total Time": 46.06, "Actual Rows": 622012, "Actual Loops": 1, "Output": ["v.postid"], "Plans": [{"Node Type": "Index Only Scan", "Parent Relationship": "Outer", "Parallel Aware": false, "Scan Direction": "Forward", "Index Name": "idx_votes_postid", "Relation Name": "votes", "Schema": "public", "Alias": "v", "Startup Cost": 0.29, "Total Cost": 3435.79, "Plan Rows": 164233, "Plan Width": 4, "Actual Startup Time": 0.016, "Actual Total Time": 11.746, "Actual Rows": 164152, "Actual Loops": 1, "Output": ["v.postid"], "Heap Fetches": 0}]}]}, {"Node Type": "Hash", "Parent Relationship": "Inner", "Parallel Aware": false, "Startup Cost": 1592.84, "Total Cost": 1592.84, "Plan Rows": 13050, "Plan Width": 4, "Actual Startup Time": 12.604, "Actual Total Time": 12.607, "Actual Rows": 7493, "Actual Loops": 1, "Output": ["p.id"], "Hash Buckets": 16384, "Original Hash Buckets": 16384, "Hash Batches": 1, "Original Hash Batches": 1, "Peak Memory Usage": 392, "Plans": [{"Node Type": "Hash Join", "Parent Relationship": "Outer", "Parallel Aware": false, "Join Type": "Inner", "Startup Cost": 675.71, "Total Cost": 1592.84, "Plan Rows": 13050, "Plan Width": 4, "Actual Startup Time": 4.839, "Actual Total Time": 11.805, "Actual Rows": 7493, "Actual Loops": 1, "Output": ["p.id"], "Inner Unique": true, "Hash Cond": "(p.owneruserid = u.id)", "Plans": [{"Node Type": "Seq Scan", "Parent Relationship": "Outer", "Parallel Aware": false, "Relation Name": "posts", "Schema": "public", "Alias": "p", "Startup Cost": 0.0, "Total Cost": 874.79, "Plan Rows": 16125, "Plan Width": 8, "Actual Startup Time": 0.011, "Actual Total Time": 5.313, "Actual Rows": 16136, "Actual Loops": 1, "Output": ["p.id", "p.posttypeid", "p.creationdate", "p.score", "p.viewcount", "p.owneruserid", "p.answercount", "p.commentcount", "p.favoritecount", "p.lasteditoruserid"], "Filter": "(p.answercount <= 5)", "Rows Removed by Filter": 25047}, {"Node Type": "Hash", "Parent Relationship": "Inner", "Parallel Aware": false, "Startup Cost": 520.71, "Total Cost": 520.71, "Plan Rows": 12400, "Plan Width": 4, "Actual Startup Time": 4.766, "Actual Total Time": 4.766, "Actual Rows": 13074, "Actual Loops": 1, "Output": ["u.id"], "Hash Buckets": 16384, "Original Hash Buckets": 16384, "Hash Batches": 1, "Original Hash Batches": 1, "Peak Memory Usage": 588, "Plans": [{"Node Type": "Seq Scan", "Parent Relationship": "Outer", "Parallel Aware": false, "Relation Name": "users", "Schema": "public", "Alias": "u", "Startup Cost": 0.0, "Total Cost": 520.71, "Plan Rows": 12400, "Plan Width": 4, "Actual Startup Time": 0.012, "Actual Total Time": 3.213, "Actual Rows": 13074, "Actual Loops": 1, "Output": ["u.id"], "Filter": "((u.reputation >= 1) AND (u.reputation <= 3679) AND (u.views >= 0) AND (u.views <= 15) AND (u.downvotes <= 0) AND (u.upvotes >= 0) AND (u.upvotes <= 141))", "Rows Removed by Filter": 1861}]}]}]}]}]}, "Planning Time": 1.479, "Triggers": [], "Execution Time": 194.544}]
[{"Plan": {"Node Type": "Aggregate", "Strategy": "Plain", "Partial Mode": "Simple", "Parallel Aware": false, "Startup Cost": 4644.6, "Total Cost": 4644.61, "Plan Rows": 1, "Plan Width": 8, "Actual Startup Time": 7082.661, "Actual Total Time": 7082.666, "Actual Rows": 1, "Actual Loops": 1, "Output": ["count(*)"], "Plans": [{"Node Type": "Nested Loop", "Parent Relationship": "Outer", "Parallel Aware": false, "Join Type": "Inner", "Startup Cost": 558.63, "Total Cost": 4392.47, "Plan Rows": 100852, "Plan Width": 0, "Actual Startup Time": 3.606, "Actual Total Time": 5258.392, "Actual Rows": 51446689, "Actual Loops": 1, "Inner Unique": false, "Plans": [{"Node Type": "Nested Loop", "Parent Relationship": "Outer", "Parallel Aware": false, "Join Type": "Inner", "Startup Cost": 558.34, "Total Cost": 2186.78, "Plan Rows": 2508, "Plan Width": 12, "Actual Startup Time": 3.589, "Actual Total Time": 31.603, "Actual Rows": 94999, "Actual Loops": 1, "Output": ["p.owneruserid", "u.id", "b.userid"], "Inner Unique": false, "Plans": [{"Node Type": "Hash Join", "Parent Relationship": "Outer", "Parallel Aware": false, "Join Type": "Inner", "Startup Cost": 558.05, "Total Cost": 1744.8, "Plan Rows": 1148, "Plan Width": 8, "Actual Startup Time": 3.578, "Actual Total Time": 11.574, "Actual Rows": 7227, "Actual Loops": 1, "Output": ["p.owneruserid", "u.id"], "Inner Unique": true, "Hash Cond": "(p.owneruserid = u.id)", "Plans": [{"Node Type": "Seq Scan", "Parent Relationship": "Outer", "Parallel Aware": false, "Relation Name": "posts", "Schema": "public", "Alias": "p", "Startup Cost": 0.0, "Total Cost": 1183.66, "Plan Rows": 1178, "Plan Width": 4, "Actual Startup Time": 0.01, "Actual Total Time": 5.934, "Actual Rows": 7473, "Actual Loops": 1, "Output": ["p.id", "p.posttypeid", "p.creationdate", "p.score", "p.viewcount", "p.owneruserid", "p.answercount", "p.commentcount", "p.favoritecount", "p.lasteditoruserid"], "Filter": "((p.viewcount >= 0) AND (p.commentcount >= 0) AND (p.favoritecount >= 0) AND (p.posttypeid = 1))", "Rows Removed by Filter": 33710}, {"Node Type": "Hash", "Parent Relationship": "Inner", "Parallel Aware": false, "Startup Cost": 371.36, "Total Cost": 371.36, "Plan Rows": 14935, "Plan Width": 4, "Actual Startup Time": 3.508, "Actual Total Time": 3.508, "Actual Rows": 14935, "Actual Loops": 1, "Output": ["u.id"], "Hash Buckets": 16384, "Original Hash Buckets": 16384, "Hash Batches": 1, "Original Hash Batches": 1, "Peak Memory Usage": 654, "Plans": [{"Node Type": "Seq Scan", "Parent Relationship": "Outer", "Parallel Aware": false, "Relation Name": "users", "Schema": "public", "Alias": "u", "Startup Cost": 0.0, "Total Cost": 371.36, "Plan Rows": 14935, "Plan Width": 4, "Actual Startup Time": 0.009, "Actual Total Time": 2.204, "Actual Rows": 14935, "Actual Loops": 1, "Output": ["u.id"], "Filter": "((u.views >= 0) AND (u.downvotes >= 0) AND (u.upvotes >= 0))", "Rows Removed by Filter": 0}]}]}, {"Node Type": "Index Only Scan", "Parent Relationship": "Inner", "Parallel Aware": false, "Scan Direction": "Forward", "Index Name": "idx_badges_userid", "Relation Name": "badges", "Schema": "public", "Alias": "b", "Startup Cost": 0.29, "Total Cost": 0.35, "Plan Rows": 3, "Plan Width": 4, "Actual Startup Time": 0.001, "Actual Total Time": 0.002, "Actual Rows": 13, "Actual Loops": 7227, "Output": ["b.userid"], "Index Cond": "(b.userid = u.id)", "Rows Removed by Index Recheck": 0, "Heap Fetches": 0}]}, {"Node Type": "Index Only Scan", "Parent Relationship": "Inner", "Parallel Aware": false, "Scan Direction": "Forward", "Index Name": "idx_posthistory_userid", "Relation Name": "posthistory", "Schema": "public", "Alias": "ph", "Startup Cost": 0.29, "Total Cost": 0.68, "Plan Rows": 20, "Plan Width": 4, "Actual Startup Time": 0.001, "Actual Total Time": 0.028, "Actual Rows": 542, "Actual Loops": 94999, "Output": ["ph.userid"], "Index Cond": "(ph.userid = u.id)", "Rows Removed by Index Recheck": 0, "Heap Fetches": 0}]}]}, "Planning Time": 1.768, "Triggers": [], "Execution Time": 7082.767}]#####[{"Plan": {"Node Type": "Aggregate", "Strategy": "Plain", "Partial Mode": "Simple", "Parallel Aware": false, "Startup Cost": 11775.95, "Total Cost": 11775.96, "Plan Rows": 1, "Plan Width": 8, "Actual Startup Time": 4843.971, "Actual Total Time": 4843.978, "Actual Rows": 1, "Actual Loops": 1, "Output": ["count(*)"], "Plans": [{"Node Type": "Hash Join", "Parent Relationship": "Outer", "Parallel Aware": false, "Join Type": "Inner", "Startup Cost": 4635.39, "Total Cost": 9254.64, "Plan Rows": 1008524, "Plan Width": 0, "Actual Startup Time": 45.599, "Actual Total Time": 3112.268, "Actual Rows": 51446689, "Actual Loops": 1, "Inner Unique": false, "Hash Cond": "(p.owneruserid = u.id)", "Plans": [{"Node Type": "Nested Loop", "Parent Relationship": "Outer", "Parallel Aware": false, "Join Type": "Inner", "Startup Cost": 0.29, "Total Cost": 1843.52, "Plan Rows": 30782, "Plan Width": 8, "Actual Startup Time": 0.019, "Actual Total Time": 26.931, "Actual Rows": 94999, "Actual Loops": 1, "Output": ["p.owneruserid", "b.userid"], "Inner Unique": false, "Plans": [{"Node Type": "Seq Scan", "Parent Relationship": "Outer", "Parallel Aware": false, "Relation Name": "posts", "Schema": "public", "Alias": "p", "Startup Cost": 0.0, "Total Cost": 1183.66, "Plan Rows": 1178, "Plan Width": 4, "Actual Startup Time": 0.01, "Actual Total Time": 6.026, "Actual Rows": 7473, "Actual Loops": 1, "Output": ["p.id", "p.posttypeid", "p.creationdate", "p.score", "p.viewcount", "p.owneruserid", "p.answercount", "p.commentcount", "p.favoritecount", "p.lasteditoruserid"], "Filter": "((p.viewcount >= 0) AND (p.commentcount >= 0) AND (p.favoritecount >= 0) AND (p.posttypeid = 1))", "Rows Removed by Filter": 33710}, {"Node Type": "Index Only Scan", "Parent Relationship": "Inner", "Parallel Aware": false, "Scan Direction": "Forward", "Index Name": "idx_badges_userid", "Relation Name": "badges", "Schema": "public", "Alias": "b", "Startup Cost": 0.29, "Total Cost": 0.53, "Plan Rows": 3, "Plan Width": 4, "Actual Startup Time": 0.001, "Actual Total Time": 0.002, "Actual Rows": 13, "Actual Loops": 7473, "Output": ["b.userid"], "Index Cond": "(b.userid = p.owneruserid)", "Rows Removed by Index Recheck": 0, "Heap Fetches": 0}]}, {"Node Type": "Hash", "Parent Relationship": "Inner", "Parallel Aware": false, "Startup Cost": 3147.31, "Total Cost": 3147.31, "Plan Rows": 119023, "Plan Width": 8, "Actual Startup Time": 45.227, "Actual Total Time": 45.231, "Actual Rows": 118705, "Actual Loops": 1, "Output": ["ph.userid", "u.id"], "Hash Buckets": 131072, "Original Hash Buckets": 131072, "Hash Batches": 1, "Original Hash Batches": 1, "Peak Memory Usage": 5661, "Plans": [{"Node Type": "Hash Join", "Parent Relationship": "Outer", "Parallel Aware": false, "Join Type": "Inner", "Startup Cost": 558.05, "Total Cost": 3147.31, "Plan Rows": 119023, "Plan Width": 8, "Actual Startup Time": 3.639, "Actual Total Time": 33.409, "Actual Rows": 118705, "Actual Loops": 1, "Output": ["ph.userid", "u.id"], "Inner Unique": true, "Hash Cond": "(ph.userid = u.id)", "Plans": [{"Node Type": "Seq Scan", "Parent Relationship": "Outer", "Parallel Aware": false, "Relation Name": "posthistory", "Schema": "public", "Alias": "ph", "Startup Cost": 0.0, "Total Cost": 2247.94, "Plan Rows": 129994, "Plan Width": 4, "Actual Startup Time": 0.006, "Actual Total Time": 7.51, "Actual Rows": 129994, "Actual Loops": 1, "Output": ["ph.id", "ph.posthistorytypeid", "ph.postid", "ph.creationdate", "ph.userid"]}, {"Node Type": "Hash", "Parent Relationship": "Inner", "Parallel Aware": false, "Startup Cost": 371.36, "Total Cost": 371.36, "Plan Rows": 14935, "Plan Width": 4, "Actual Startup Time": 3.583, "Actual Total Time": 3.584, "Actual Rows": 14935, "Actual Loops": 1, "Output": ["u.id"], "Hash Buckets": 16384, "Original Hash Buckets": 16384, "Hash Batches": 1, "Original Hash Batches": 1, "Peak Memory Usage": 654, "Plans": [{"Node Type": "Seq Scan", "Parent Relationship": "Outer", "Parallel Aware": false, "Relation Name": "users", "Schema": "public", "Alias": "u", "Startup Cost": 0.0, "Total Cost": 371.36, "Plan Rows": 14935, "Plan Width": 4, "Actual Startup Time": 0.008, "Actual Total Time": 2.25, "Actual Rows": 14935, "Actual Loops": 1, "Output": ["u.id"], "Filter": "((u.views >= 0) AND (u.downvotes >= 0) AND (u.upvotes >= 0))", "Rows Removed by Filter": 0}]}]}]}]}]}, "Planning Time": 2.219, "Triggers": [], "Execution Time": 4844.186}]#####[{"Plan": {"Node Type": "Aggregate", "Strategy": "Plain", "Partial Mode": "Simple", "Parallel Aware": false, "Startup Cost": 9918.22, "Total Cost": 9918.23, "Plan Rows": 1, "Plan Width": 8, "Actual Startup Time": 4969.764, "Actual Total Time": 4969.771, "Actual Rows": 1, "Actual Loops": 1, "Output": ["count(*)"], "Plans": [{"Node Type": "Hash Join", "Parent Relationship": "Outer", "Parallel Aware": false, "Join Type": "Inner", "Startup Cost": 2500.28, "Total Cost": 7396.91, "Plan Rows": 1008524, "Plan Width": 0, "Actual Startup Time": 40.852, "Actual Total Time": 3251.82, "Actual Rows": 51446689, "Actual Loops": 1, "Inner Unique": false, "Hash Cond": "(ph.userid = u.id)", "Plans": [{"Node Type": "Seq Scan", "Parent Relationship": "Outer", "Parallel Aware": false, "Relation Name": "posthistory", "Schema": "public", "Alias": "ph", "Startup Cost": 0.0, "Total Cost": 2247.94, "Plan Rows": 129994, "Plan Width": 4, "Actual Startup Time": 0.009, "Actual Total Time": 8.267, "Actual Rows": 129994, "Actual Loops": 1, "Output": ["ph.id", "ph.posthistorytypeid", "ph.postid", "ph.creationdate", "ph.userid"]}, {"Node Type": "Hash", "Parent Relationship": "Inner", "Parallel Aware": false, "Startup Cost": 2186.78, "Total Cost": 2186.78, "Plan Rows": 25080, "Plan Width": 12, "Actual Startup Time": 40.717, "Actual Total Time": 40.721, "Actual Rows": 94999, "Actual Loops": 1, "Output": ["p.owneruserid", "u.id", "b.userid"], "Hash Buckets": 131072, "Original Hash Buckets": 32768, "Hash Batches": 1, "Original Hash Batches": 1, "Peak Memory Usage": 5106, "Plans": [{"Node Type": "Nested Loop", "Parent Relationship": "Outer", "Parallel Aware": false, "Join Type": "Inner", "Startup Cost": 558.34, "Total Cost": 2186.78, "Plan Rows": 25080, "Plan Width": 12, "Actual Startup Time": 4.641, "Actual Total Time": 29.544, "Actual Rows": 94999, "Actual Loops": 1, "Output": ["p.owneruserid", "u.id", "b.userid"], "Inner Unique": false, "Plans": [{"Node Type": "Hash Join", "Parent Relationship": "Outer", "Parallel Aware": false, "Join Type": "Inner", "Startup Cost": 558.05, "Total Cost": 1744.8, "Plan Rows": 1148, "Plan Width": 8, "Actual Startup Time": 4.628, "Actual Total Time": 11.698, "Actual Rows": 7227, "Actual Loops": 1, "Output": ["p.owneruserid", "u.id"], "Inner Unique": true, "Hash Cond": "(p.owneruserid = u.id)", "Plans": [{"Node Type": "Seq Scan", "Parent Relationship": "Outer", "Parallel Aware": false, "Relation Name": "posts", "Schema": "public", "Alias": "p", "Startup Cost": 0.0, "Total Cost": 1183.66, "Plan Rows": 1178, "Plan Width": 4, "Actual Startup Time": 0.011, "Actual Total Time": 5.759, "Actual Rows": 7473, "Actual Loops": 1, "Output": ["p.id", "p.posttypeid", "p.creationdate", "p.score", "p.viewcount", "p.owneruserid", "p.answercount", "p.commentcount", "p.favoritecount", "p.lasteditoruserid"], "Filter": "((p.viewcount >= 0) AND (p.commentcount >= 0) AND (p.favoritecount >= 0) AND (p.posttypeid = 1))", "Rows Removed by Filter": 33710}, {"Node Type": "Hash", "Parent Relationship": "Inner", "Parallel Aware": false, "Startup Cost": 371.36, "Total Cost": 371.36, "Plan Rows": 14935, "Plan Width": 4, "Actual Startup Time": 4.559, "Actual Total Time": 4.56, "Actual Rows": 14935, "Actual Loops": 1, "Output": ["u.id"], "Hash Buckets": 16384, "Original Hash Buckets": 16384, "Hash Batches": 1, "Original Hash Batches": 1, "Peak Memory Usage": 654, "Plans": [{"Node Type": "Seq Scan", "Parent Relationship": "Outer", "Parallel Aware": false, "Relation Name": "users", "Schema": "public", "Alias": "u", "Startup Cost": 0.0, "Total Cost": 371.36, "Plan Rows": 14935, "Plan Width": 4, "Actual Startup Time": 0.011, "Actual Total Time": 2.769, "Actual Rows": 14935, "Actual Loops": 1, "Output": ["u.id"], "Filter": "((u.views >= 0) AND (u.downvotes >= 0) AND (u.upvotes >= 0))", "Rows Removed by Filter": 0}]}]}, {"Node Type": "Index Only Scan", "Parent Relationship": "Inner", "Parallel Aware": false, "Scan Direction": "Forward", "Index Name": "idx_badges_userid", "Relation Name": "badges", "Schema": "public", "Alias": "b", "Startup Cost": 0.29, "Total Cost": 0.35, "Plan Rows": 3, "Plan Width": 4, "Actual Startup Time": 0.001, "Actual Total Time": 0.002, "Actual Rows": 13, "Actual Loops": 7227, "Output": ["b.userid"], "Index Cond": "(b.userid = u.id)", "Rows Removed by Index Recheck": 0, "Heap Fetches": 0}]}]}]}]}, "Planning Time": 2.056, "Triggers": [], "Execution Time": 4969.978}]
[{"Plan": {"Node Type": "Aggregate", "Strategy": "Plain", "Partial Mode": "Simple", "Parallel Aware": false, "Startup Cost": 18388.29, "Total Cost": 18388.3, "Plan Rows": 1, "Plan Width": 8, "Actual Startup Time": 15.153, "Actual Total Time": 15.156, "Actual Rows": 1, "Actual Loops": 1, "Output": ["count(*)"], "Plans": [{"Node Type": "Merge Join", "Parent Relationship": "Outer", "Parallel Aware": false, "Join Type": "Inner", "Startup Cost": 1332.93, "Total Cost": 3933.34, "Plan Rows": 5781982, "Plan Width": 0, "Actual Startup Time": 15.149, "Actual Total Time": 15.151, "Actual Rows": 0, "Actual Loops": 1, "Inner Unique": false, "Merge Cond": "(u.id = v.userid)", "Plans": [{"Node Type": "Nested Loop", "Parent Relationship": "Outer", "Parallel Aware": false, "Join Type": "Inner", "Startup Cost": 1331.81, "Total Cost": 2739.9, "Plan Rows": 45522, "Plan Width": 12, "Actual Startup Time": 6.465, "Actual Total Time": 6.467, "Actual Rows": 1, "Actual Loops": 1, "Output": ["c.userid", "p.owneruserid", "u.id"], "Inner Unique": false, "Plans": [{"Node Type": "Merge Join", "Parent Relationship": "Outer", "Parallel Aware": false, "Join Type": "Inner", "Startup Cost": 1331.52, "Total Cost": 2000.2, "Plan Rows": 828, "Plan Width": 8, "Actual Startup Time": 6.449, "Actual Total Time": 6.453, "Actual Rows": 2, "Actual Loops": 1, "Output": ["p.owneruserid", "u.id"], "Inner Unique": false, "Merge Cond": "(u.id = p.owneruserid)", "Plans": [{"Node Type": "Index Scan", "Parent Relationship": "Outer", "Parallel Aware": false, "Scan Direction": "Forward", "Index Name": "users_pkey", "Relation Name": "users", "Schema": "public", "Alias": "u", "Startup Cost": 0.29, "Total Cost": 621.32, "Plan Rows": 13979, "Plan Width": 4, "Actual Startup Time": 0.017, "Actual Total Time": 0.025, "Actual Rows": 19, "Actual Loops": 1, "Output": ["u.id", "u.reputation", "u.creationdate", "u.views", "u.upvotes", "u.downvotes"], "Filter": "((u.reputation >= 1) AND (u.reputation <= 4022) AND (u.upvotes <= 20))", "Rows Removed by Filter": 14}, {"Node Type": "Sort", "Parent Relationship": "Inner", "Parallel Aware": false, "Startup Cost": 1331.23, "Total Cost": 1333.5, "Plan Rows": 908, "Plan Width": 4, "Actual Startup Time": 6.421, "Actual Total Time": 6.423, "Actual Rows": 29, "Actual Loops": 1, "Output": ["p.owneruserid"], "Sort Key": ["p.owneruserid"], "Sort Method": "quicksort", "Sort Space Used": 456, "Sort Space Type": "Memory", "Plans": [{"Node Type": "Seq Scan", "Parent Relationship": "Outer", "Parallel Aware": false, "Relation Name": "posts", "Schema": "public", "Alias": "p", "Startup Cost": 0.0, "Total Cost": 1286.62, "Plan Rows": 908, "Plan Width": 4, "Actual Startup Time": 0.012, "Actual Total Time": 5.423, "Actual Rows": 5677, "Actual Loops": 1, "Output": ["p.owneruserid"], "Filter": "((p.viewcount >= 0) AND (p.viewcount <= 2638) AND (p.answercount <= 4) AND (p.favoritecount >= 0) AND (p.favoritecount <= 5))", "Rows Removed by Filter": 35506}]}]}, {"Node Type": "Index Scan", "Parent Relationship": "Inner", "Parallel Aware": false, "Scan Direction": "Forward", "Index Name": "idx_comments_userid", "Relation Name": "comments", "Schema": "public", "Alias": "c", "Startup Cost": 0.29, "Total Cost": 0.86, "Plan Rows": 3, "Plan Width": 4, "Actual Startup Time": 0.006, "Actual Total Time": 0.006, "Actual Rows": 0, "Actual Loops": 2, "Output": ["c.id", "c.postid", "c.score", "c.creationdate", "c.userid"], "Index Cond": "(c.userid = u.id)", "Rows Removed by Index Recheck": 0, "Filter": "(c.score = 1)", "Rows Removed by Filter": 1}]}, {"Node Type": "Materialize", "Parent Relationship": "Inner", "Parallel Aware": false, "Startup Cost": 1.13, "Total Cost": 4494.93, "Plan Rows": 209670, "Plan Width": 8, "Actual Startup Time": 8.683, "Actual Total Time": 8.684, "Actual Rows": 0, "Actual Loops": 1, "Output": ["v.userid", "b.userid"], "Plans": [{"Node Type": "Merge Join", "Parent Relationship": "Outer", "Parallel Aware": false, "Join Type": "Inner", "Startup Cost": 1.13, "Total Cost": 3970.75, "Plan Rows": 209670, "Plan Width": 8, "Actual Startup Time": 8.683, "Actual Total Time": 8.683, "Actual Rows": 0, "Actual Loops": 1, "Output": ["v.userid", "b.userid"], "Inner Unique": false, "Merge Cond": "(b.userid = v.userid)", "Plans": [{"Node Type": "Index Only Scan", "Parent Relationship": "Outer", "Parallel Aware": false, "Scan Direction": "Forward", "Index Name": "idx_badges_userid", "Relation Name": "badges", "Schema": "public", "Alias": "b", "Startup Cost": 0.29, "Total Cost": 713.65, "Plan Rows": 32624, "Plan Width": 4, "Actual Startup Time": 0.007, "Actual Total Time": 0.007, "Actual Rows": 1, "Actual Loops": 1, "Output": ["b.userid"], "Heap Fetches": 0}, {"Node Type": "Materialize", "Parent Relationship": "Inner", "Parallel Aware": false, "Startup Cost": 0.29, "Total Cost": 7064.59, "Plan Rows": 133543, "Plan Width": 4, "Actual Startup Time": 8.674, "Actual Total Time": 8.675, "Actual Rows": 1, "Actual Loops": 1, "Output": ["v.id", "v.postid", "v.votetypeid", "v.creationdate", "v.userid", "v.bountyamount"], "Plans": [{"Node Type": "Index Scan", "Parent Relationship": "Outer", "Parallel Aware": false, "Scan Direction": "Forward", "Index Name": "idx_votes_userid", "Relation Name": "votes", "Schema": "public", "Alias": "v", "Startup Cost": 0.29, "Total Cost": 6730.74, "Plan Rows": 133543, "Plan Width": 4, "Actual Startup Time": 8.673, "Actual Total Time": 8.673, "Actual Rows": 1, "Actual Loops": 1, "Output": ["v.id", "v.postid", "v.votetypeid", "v.creationdate", "v.userid", "v.bountyamount"], "Filter": "((v.creationdate >= '2010-07-20 00:00:00'::timestamp without time zone) AND (v.votetypeid = 2))", "Rows Removed by Filter": 15905}]}]}]}]}]}, "Planning Time": 4.623, "Triggers": [], "Execution Time": 15.276}]#####[{"Plan": {"Node Type": "Aggregate", "Strategy": "Plain", "Partial Mode": "Simple", "Parallel Aware": false, "Startup Cost": 147806.02, "Total Cost": 147806.03, "Plan Rows": 1, "Plan Width": 8, "Actual Startup Time": 8.575, "Actual Total Time": 8.578, "Actual Rows": 1, "Actual Loops": 1, "Output": ["count(*)"], "Plans": [{"Node Type": "Merge Join", "Parent Relationship": "Outer", "Parallel Aware": false, "Join Type": "Inner", "Startup Cost": 1332.93, "Total Cost": 3256.46, "Plan Rows": 57819827, "Plan Width": 0, "Actual Startup Time": 8.57, "Actual Total Time": 8.573, "Actual Rows": 0, "Actual Loops": 1, "Inner Unique": false, "Merge Cond": "(v.userid = u.id)", "Plans": [{"Node Type": "Merge Join", "Parent Relationship": "Outer", "Parallel Aware": false, "Join Type": "Inner", "Startup Cost": 1.13, "Total Cost": 3970.75, "Plan Rows": 209670, "Plan Width": 8, "Actual Startup Time": 8.57, "Actual Total Time": 8.572, "Actual Rows": 0, "Actual Loops": 1, "Output": ["v.userid", "b.userid"], "Inner Unique": false, "Merge Cond": "(b.userid = v.userid)", "Plans": [{"Node Type": "Index Only Scan", "Parent Relationship": "Outer", "Parallel Aware": false, "Scan Direction": "Forward", "Index Name": "idx_badges_userid", "Relation Name": "badges", "Schema": "public", "Alias": "b", "Startup Cost": 0.29, "Total Cost": 713.65, "Plan Rows": 32624, "Plan Width": 4, "Actual Startup Time": 0.014, "Actual Total Time": 0.015, "Actual Rows": 1, "Actual Loops": 1, "Output": ["b.userid"], "Heap Fetches": 0}, {"Node Type": "Materialize", "Parent Relationship": "Inner", "Parallel Aware": false, "Startup Cost": 0.29, "Total Cost": 7064.59, "Plan Rows": 133543, "Plan Width": 4, "Actual Startup Time": 8.555, "Actual Total Time": 8.556, "Actual Rows": 1, "Actual Loops": 1, "Output": ["v.id", "v.postid", "v.votetypeid", "v.creationdate", "v.userid", "v.bountyamount"], "Plans": [{"Node Type": "Index Scan", "Parent Relationship": "Outer", "Parallel Aware": false, "Scan Direction": "Forward", "Index Name": "idx_votes_userid", "Relation Name": "votes", "Schema": "public", "Alias": "v", "Startup Cost": 0.29, "Total Cost": 6730.74, "Plan Rows": 133543, "Plan Width": 4, "Actual Startup Time": 8.552, "Actual Total Time": 8.552, "Actual Rows": 1, "Actual Loops": 1, "Output": ["v.id", "v.postid", "v.votetypeid", "v.creationdate", "v.userid", "v.bountyamount"], "Filter": "((v.creationdate >= '2010-07-20 00:00:00'::timestamp without time zone) AND (v.votetypeid = 2))", "Rows Removed by Filter": 15905}]}]}, {"Node Type": "Materialize", "Parent Relationship": "Inner", "Parallel Aware": false, "Startup Cost": 1331.81, "Total Cost": 2751.28, "Plan Rows": 4552, "Plan Width": 12, "Actual Startup Time": 0.0, "Actual Total Time": 0.0, "Actual Rows": 0, "Actual Loops": 0, "Output": ["c.userid", "p.owneruserid", "u.id"], "Plans": [{"Node Type": "Nested Loop", "Parent Relationship": "Outer", "Parallel Aware": false, "Join Type": "Inner", "Startup Cost": 1331.81, "Total Cost": 2739.9, "Plan Rows": 4552, "Plan Width": 12, "Actual Startup Time": 0.0, "Actual Total Time": 0.0, "Actual Rows": 0, "Actual Loops": 0, "Output": ["c.userid", "p.owneruserid", "u.id"], "Inner Unique": false, "Plans": [{"Node Type": "Merge Join", "Parent Relationship": "Outer", "Parallel Aware": false, "Join Type": "Inner", "Startup Cost": 1331.52, "Total Cost": 2000.2, "Plan Rows": 828, "Plan Width": 8, "Actual Startup Time": 0.0, "Actual Total Time": 0.0, "Actual Rows": 0, "Actual Loops": 0, "Output": ["p.owneruserid", "u.id"], "Inner Unique": false, "Merge Cond": "(u.id = p.owneruserid)", "Plans": [{"Node Type": "Index Scan", "Parent Relationship": "Outer", "Parallel Aware": false, "Scan Direction": "Forward", "Index Name": "users_pkey", "Relation Name": "users", "Schema": "public", "Alias": "u", "Startup Cost": 0.29, "Total Cost": 621.32, "Plan Rows": 13979, "Plan Width": 4, "Actual Startup Time": 0.0, "Actual Total Time": 0.0, "Actual Rows": 0, "Actual Loops": 0, "Output": ["u.id", "u.reputation", "u.creationdate", "u.views", "u.upvotes", "u.downvotes"], "Filter": "((u.reputation >= 1) AND (u.reputation <= 4022) AND (u.upvotes <= 20))", "Rows Removed by Filter": 0}, {"Node Type": "Sort", "Parent Relationship": "Inner", "Parallel Aware": false, "Startup Cost": 1331.23, "Total Cost": 1333.5, "Plan Rows": 908, "Plan Width": 4, "Actual Startup Time": 0.0, "Actual Total Time": 0.0, "Actual Rows": 0, "Actual Loops": 0, "Output": ["p.owneruserid"], "Sort Key": ["p.owneruserid"], "Plans": [{"Node Type": "Seq Scan", "Parent Relationship": "Outer", "Parallel Aware": false, "Relation Name": "posts", "Schema": "public", "Alias": "p", "Startup Cost": 0.0, "Total Cost": 1286.62, "Plan Rows": 908, "Plan Width": 4, "Actual Startup Time": 0.0, "Actual Total Time": 0.0, "Actual Rows": 0, "Actual Loops": 0, "Output": ["p.owneruserid"], "Filter": "((p.viewcount >= 0) AND (p.viewcount <= 2638) AND (p.answercount <= 4) AND (p.favoritecount >= 0) AND (p.favoritecount <= 5))", "Rows Removed by Filter": 0}]}]}, {"Node Type": "Index Scan", "Parent Relationship": "Inner", "Parallel Aware": false, "Scan Direction": "Forward", "Index Name": "idx_comments_userid", "Relation Name": "comments", "Schema": "public", "Alias": "c", "Startup Cost": 0.29, "Total Cost": 0.86, "Plan Rows": 3, "Plan Width": 4, "Actual Startup Time": 0.0, "Actual Total Time": 0.0, "Actual Rows": 0, "Actual Loops": 0, "Output": ["c.id", "c.postid", "c.score", "c.creationdate", "c.userid"], "Index Cond": "(c.userid = u.id)", "Rows Removed by Index Recheck": 0, "Filter": "(c.score = 1)", "Rows Removed by Filter": 0}]}]}]}]}, "Planning Time": 2.898, "Triggers": [], "Execution Time": 8.689}]#####[{"Plan": {"Node Type": "Aggregate", "Strategy": "Plain", "Partial Mode": "Simple", "Parallel Aware": false, "Startup Cost": 152842.42, "Total Cost": 152842.43, "Plan Rows": 1, "Plan Width": 8, "Actual Startup Time": 17.216, "Actual Total Time": 17.222, "Actual Rows": 1, "Actual Loops": 1, "Output": ["count(*)"], "Plans": [{"Node Type": "Merge Join", "Parent Relationship": "Outer", "Parallel Aware": false, "Join Type": "Inner", "Startup Cost": 4233.02, "Total Cost": 8292.85, "Plan Rows": 57819827, "Plan Width": 0, "Actual Startup Time": 17.211, "Actual Total Time": 17.216, "Actual Rows": 0, "Actual Loops": 1, "Inner Unique": false, "Merge Cond": "(c.userid = u.id)", "Plans": [{"Node Type": "Sort", "Parent Relationship": "Outer", "Parallel Aware": false, "Startup Cost": 2356.28, "Total Cost": 2385.22, "Plan Rows": 11576, "Plan Width": 4, "Actual Startup Time": 9.009, "Actual Total Time": 9.011, "Actual Rows": 1, "Actual Loops": 1, "Output": ["c.userid"], "Sort Key": ["c.userid"], "Sort Method": "quicksort", "Sort Space Used": 918, "Sort Space Type": "Memory", "Plans": [{"Node Type": "Seq Scan", "Parent Relationship": "Outer", "Parallel Aware": false, "Relation Name": "comments", "Schema": "public", "Alias": "c", "Startup Cost": 0.0, "Total Cost": 1574.96, "Plan Rows": 11576, "Plan Width": 4, "Actual Startup Time": 0.007, "Actual Total Time": 7.347, "Actual Rows": 11485, "Actual Loops": 1, "Output": ["c.userid"], "Filter": "(c.score = 1)", "Rows Removed by Filter": 67872}]}, {"Node Type": "Materialize", "Parent Relationship": "Inner", "Parallel Aware": false, "Startup Cost": 1876.36, "Total Cost": 3027.45, "Plan Rows": 283917, "Plan Width": 16, "Actual Startup Time": 8.201, "Actual Total Time": 8.205, "Actual Rows": 0, "Actual Loops": 1, "Output": ["p.owneruserid", "v.userid", "b.userid", "u.id"], "Plans": [{"Node Type": "Merge Join", "Parent Relationship": "Outer", "Parallel Aware": false, "Join Type": "Inner", "Startup Cost": 1876.36, "Total Cost": 2317.66, "Plan Rows": 283917, "Plan Width": 16, "Actual Startup Time": 8.2, "Actual Total Time": 8.203, "Actual Rows": 0, "Actual Loops": 1, "Output": ["p.owneruserid", "v.userid", "b.userid", "u.id"], "Inner Unique": false, "Merge Cond": "(v.userid = u.id)", "Plans": [{"Node Type": "Merge Join", "Parent Relationship": "Outer", "Parallel Aware": false, "Join Type": "Inner", "Startup Cost": 1.13, "Total Cost": 3970.75, "Plan Rows": 209670, "Plan Width": 8, "Actual Startup Time": 8.2, "Actual Total Time": 8.2, "Actual Rows": 0, "Actual Loops": 1, "Output": ["v.userid", "b.userid"], "Inner Unique": false, "Merge Cond": "(b.userid = v.userid)", "Plans": [{"Node Type": "Index Only Scan", "Parent Relationship": "Outer", "Parallel Aware": false, "Scan Direction": "Forward", "Index Name": "idx_badges_userid", "Relation Name": "badges", "Schema": "public", "Alias": "b", "Startup Cost": 0.29, "Total Cost": 713.65, "Plan Rows": 32624, "Plan Width": 4, "Actual Startup Time": 0.009, "Actual Total Time": 0.009, "Actual Rows": 1, "Actual Loops": 1, "Output": ["b.userid"], "Heap Fetches": 0}, {"Node Type": "Materialize", "Parent Relationship": "Inner", "Parallel Aware": false, "Startup Cost": 0.29, "Total Cost": 7064.59, "Plan Rows": 133543, "Plan Width": 4, "Actual Startup Time": 8.189, "Actual Total Time": 8.189, "Actual Rows": 1, "Actual Loops": 1, "Output": ["v.id", "v.postid", "v.votetypeid", "v.creationdate", "v.userid", "v.bountyamount"], "Plans": [{"Node Type": "Index Scan", "Parent Relationship": "Outer", "Parallel Aware": false, "Scan Direction": "Forward", "Index Name": "idx_votes_userid", "Relation Name": "votes", "Schema": "public", "Alias": "v", "Startup Cost": 0.29, "Total Cost": 6730.74, "Plan Rows": 133543, "Plan Width": 4, "Actual Startup Time": 8.188, "Actual Total Time": 8.188, "Actual Rows": 1, "Actual Loops": 1, "Output": ["v.id", "v.postid", "v.votetypeid", "v.creationdate", "v.userid", "v.bountyamount"], "Filter": "((v.creationdate >= '2010-07-20 00:00:00'::timestamp without time zone) AND (v.votetypeid = 2))", "Rows Removed by Filter": 15905}]}]}, {"Node Type": "Sort", "Parent Relationship": "Inner", "Parallel Aware": false, "Startup Cost": 1875.23, "Total Cost": 1877.3, "Plan Rows": 828, "Plan Width": 8, "Actual Startup Time": 0.0, "Actual Total Time": 0.0, "Actual Rows": 0, "Actual Loops": 0, "Output": ["p.owneruserid", "u.id"], "Sort Key": ["p.owneruserid"], "Plans": [{"Node Type": "Hash Join", "Parent Relationship": "Outer", "Parallel Aware": false, "Join Type": "Inner", "Startup Cost": 546.1, "Total Cost": 1835.1, "Plan Rows": 828, "Plan Width": 8, "Actual Startup Time": 0.0, "Actual Total Time": 0.0, "Actual Rows": 0, "Actual Loops": 0, "Output": ["p.owneruserid", "u.id"], "Inner Unique": true, "Hash Cond": "(p.owneruserid = u.id)", "Plans": [{"Node Type": "Seq Scan", "Parent Relationship": "Outer", "Parallel Aware": false, "Relation Name": "posts", "Schema": "public", "Alias": "p", "Startup Cost": 0.0, "Total Cost": 1286.62, "Plan Rows": 908, "Plan Width": 4, "Actual Startup Time": 0.0, "Actual Total Time": 0.0, "Actual Rows": 0, "Actual Loops": 0, "Output": ["p.id", "p.posttypeid", "p.creationdate", "p.score", "p.viewcount", "p.owneruserid", "p.answercount", "p.commentcount", "p.favoritecount", "p.lasteditoruserid"], "Filter": "((p.viewcount >= 0) AND (p.viewcount <= 2638) AND (p.answercount <= 4) AND (p.favoritecount >= 0) AND (p.favoritecount <= 5))", "Rows Removed by Filter": 0}, {"Node Type": "Hash", "Parent Relationship": "Inner", "Parallel Aware": false, "Startup Cost": 371.36, "Total Cost": 371.36, "Plan Rows": 13979, "Plan Width": 4, "Actual Startup Time": 0.0, "Actual Total Time": 0.0, "Actual Rows": 0, "Actual Loops": 0, "Output": ["u.id"], "Plans": [{"Node Type": "Seq Scan", "Parent Relationship": "Outer", "Parallel Aware": false, "Relation Name": "users", "Schema": "public", "Alias": "u", "Startup Cost": 0.0, "Total Cost": 371.36, "Plan Rows": 13979, "Plan Width": 4, "Actual Startup Time": 0.0, "Actual Total Time": 0.0, "Actual Rows": 0, "Actual Loops": 0, "Output": ["u.id"], "Filter": "((u.reputation >= 1) AND (u.reputation <= 4022) AND (u.upvotes <= 20))", "Rows Removed by Filter": 0}]}]}]}]}]}]}]}, "Planning Time": 3.058, "Triggers": [], "Execution Time": 17.399}]
[{"Plan": {"Node Type": "Aggregate", "Strategy": "Plain", "Partial Mode": "Simple", "Parallel Aware": false, "Startup Cost": 2865.9, "Total Cost": 2865.91, "Plan Rows": 1, "Plan Width": 8, "Actual Startup Time": 32.161, "Actual Total Time": 32.166, "Actual Rows": 1, "Actual Loops": 1, "Output": ["count(*)"], "Plans": [{"Node Type": "Hash Join", "Parent Relationship": "Outer", "Parallel Aware": false, "Join Type": "Inner", "Startup Cost": 2172.31, "Total Cost": 2845.73, "Plan Rows": 8071, "Plan Width": 0, "Actual Startup Time": 17.412, "Actual Total Time": 28.257, "Actual Rows": 115933, "Actual Loops": 1, "Inner Unique": false, "Hash Cond": "(b.userid = u.id)", "Plans": [{"Node Type": "Seq Scan", "Parent Relationship": "Outer", "Parallel Aware": false, "Relation Name": "badges", "Schema": "public", "Alias": "b", "Startup Cost": 0.0, "Total Cost": 503.24, "Plan Rows": 32624, "Plan Width": 4, "Actual Startup Time": 0.009, "Actual Total Time": 1.686, "Actual Rows": 32624, "Actual Loops": 1, "Output": ["b.id", "b.userid", "b.date"]}, {"Node Type": "Hash", "Parent Relationship": "Inner", "Parallel Aware": false, "Startup Cost": 2144.93, "Total Cost": 2144.93, "Plan Rows": 2190, "Plan Width": 8, "Actual Startup Time": 17.075, "Actual Total Time": 17.078, "Actual Rows": 13084, "Actual Loops": 1, "Output": ["p.lasteditoruserid", "u.id"], "Hash Buckets": 16384, "Original Hash Buckets": 4096, "Hash Batches": 1, "Original Hash Batches": 1, "Peak Memory Usage": 640, "Plans": [{"Node Type": "Nested Loop", "Parent Relationship": "Outer", "Parallel Aware": false, "Join Type": "Inner", "Startup Cost": 1274.91, "Total Cost": 2144.93, "Plan Rows": 2190, "Plan Width": 8, "Actual Startup Time": 6.744, "Actual Total Time": 15.707, "Actual Rows": 13084, "Actual Loops": 1, "Output": ["p.lasteditoruserid", "u.id"], "Inner Unique": false, "Join Filter": "(p.id = v.postid)", "Rows Removed by Join Filter": 0, "Plans": [{"Node Type": "Nested Loop", "Parent Relationship": "Outer", "Parallel Aware": false, "Join Type": "Inner", "Startup Cost": 1274.61, "Total Cost": 1877.04, "Plan Rows": 549, "Plan Width": 20, "Actual Startup Time": 6.716, "Actual Total Time": 12.714, "Actual Rows": 1049, "Actual Loops": 1, "Output": ["c.postid", "p.id", "p.lasteditoruserid", "pl.relatedpostid", "u.id"], "Inner Unique": false, "Plans": [{"Node Type": "Nested Loop", "Parent Relationship": "Outer", "Parallel Aware": false, "Join Type": "Inner", "Startup Cost": 1274.32, "Total Cost": 1629.97, "Plan Rows": 301, "Plan Width": 16, "Actual Startup Time": 6.677, "Actual Total Time": 10.959, "Actual Rows": 282, "Actual Loops": 1, "Output": ["p.id", "p.lasteditoruserid", "pl.relatedpostid", "u.id"], "Inner Unique": true, "Plans": [{"Node Type": "Hash Join", "Parent Relationship": "Outer", "Parallel Aware": false, "Join Type": "Inner", "Startup Cost": 1274.03, "Total Cost": 1361.01, "Plan Rows": 673, "Plan Width": 12, "Actual Startup Time": 6.534, "Actual Total Time": 7.646, "Actual Rows": 2887, "Actual Loops": 1, "Output": ["p.id", "p.lasteditoruserid", "pl.relatedpostid"], "Inner Unique": true, "Hash Cond": "(pl.relatedpostid = p.id)", "Plans": [{"Node Type": "Seq Scan", "Parent Relationship": "Outer", "Parallel Aware": false, "Relation Name": "postlinks", "Schema": "public", "Alias": "pl", "Startup Cost": 0.0, "Total Cost": 76.91, "Plan Rows": 3833, "Plan Width": 4, "Actual Startup Time": 0.007, "Actual Total Time": 0.544, "Actual Rows": 3833, "Actual Loops": 1, "Output": ["pl.id", "pl.creationdate", "pl.postid", "pl.relatedpostid", "pl.linktypeid"], "Filter": "(pl.linktypeid = 1)", "Rows Removed by Filter": 0}, {"Node Type": "Hash", "Parent Relationship": "Inner", "Parallel Aware": false, "Startup Cost": 1183.66, "Total Cost": 1183.66, "Plan Rows": 7230, "Plan Width": 8, "Actual Startup Time": 6.498, "Actual Total Time": 6.499, "Actual Rows": 7277, "Actual Loops": 1, "Output": ["p.id", "p.lasteditoruserid"], "Hash Buckets": 8192, "Original Hash Buckets": 8192, "Hash Batches": 1, "Original Hash Batches": 1, "Peak Memory Usage": 342, "Plans": [{"Node Type": "Seq Scan", "Parent Relationship": "Outer", "Parallel Aware": false, "Relation Name": "posts", "Schema": "public", "Alias": "p", "Startup Cost": 0.0, "Total Cost": 1183.66, "Plan Rows": 7230, "Plan Width": 8, "Actual Startup Time": 0.128, "Actual Total Time": 5.748, "Actual Rows": 7277, "Actual Loops": 1, "Output": ["p.id", "p.lasteditoruserid"], "Filter": "((p.commentcount >= 0) AND (p.commentcount <= 28) AND (p.favoritecount >= 0) AND (p.creationdate >= '2010-07-29 08:15:59'::timestamp without time zone))", "Rows Removed by Filter": 33906}]}]}, {"Node Type": "Index Scan", "Parent Relationship": "Inner", "Parallel Aware": false, "Scan Direction": "Forward", "Index Name": "users_pkey", "Relation Name": "users", "Schema": "public", "Alias": "u", "Startup Cost": 0.29, "Total Cost": 0.4, "Plan Rows": 1, "Plan Width": 4, "Actual Startup Time": 0.001, "Actual Total Time": 0.001, "Actual Rows": 0, "Actual Loops": 2887, "Output": ["u.id", "u.reputation", "u.creationdate", "u.views", "u.upvotes", "u.downvotes"], "Index Cond": "(u.id = p.lasteditoruserid)", "Rows Removed by Index Recheck": 0, "Filter": "((u.views >= 0) AND (u.downvotes >= 0) AND (u.downvotes <= 1) AND (u.creationdate >= '2010-09-28 10:02:53'::timestamp without time zone) AND (u.creationdate <= '2014-08-19 22:32:44'::timestamp without time zone))", "Rows Removed by Filter": 1}]}, {"Node Type": "Index Scan", "Parent Relationship": "Inner", "Parallel Aware": false, "Scan Direction": "Forward", "Index Name": "idx_comments_postid", "Relation Name": "comments", "Schema": "public", "Alias": "c", "Startup Cost": 0.29, "Total Cost": 0.78, "Plan Rows": 4, "Plan Width": 4, "Actual Startup Time": 0.004, "Actual Total Time": 0.006, "Actual Rows": 4, "Actual Loops": 282, "Output": ["c.id", "c.postid", "c.score", "c.creationdate", "c.userid"], "Index Cond": "(c.postid = p.id)", "Rows Removed by Index Recheck": 0, "Filter": "((c.creationdate >= '2010-10-13 17:59:45'::timestamp without time zone) AND (c.creationdate <= '2014-09-04 17:58:02'::timestamp without time zone))", "Rows Removed by Filter": 0}]}, {"Node Type": "Index Only Scan", "Parent Relationship": "Inner", "Parallel Aware": false, "Scan Direction": "Forward", "Index Name": "idx_votes_postid", "Relation Name": "votes", "Schema": "public", "Alias": "v", "Startup Cost": 0.29, "Total Cost": 0.41, "Plan Rows": 6, "Plan Width": 4, "Actual Startup Time": 0.001, "Actual Total Time": 0.002, "Actual Rows": 12, "Actual Loops": 1049, "Output": ["v.postid"], "Index Cond": "(v.postid = c.postid)", "Rows Removed by Index Recheck": 0, "Heap Fetches": 0}]}]}]}]}, "Planning Time": 3.295, "Triggers": [], "Execution Time": 32.273}]#####[{"Plan": {"Node Type": "Aggregate", "Strategy": "Plain", "Partial Mode": "Simple", "Parallel Aware": false, "Startup Cost": 2431.34, "Total Cost": 2431.35, "Plan Rows": 1, "Plan Width": 8, "Actual Startup Time": 42.074, "Actual Total Time": 42.078, "Actual Rows": 1, "Actual Loops": 1, "Output": ["count(*)"], "Plans": [{"Node Type": "Nested Loop", "Parent Relationship": "Outer", "Parallel Aware": false, "Join Type": "Inner", "Startup Cost": 1275.19, "Total Cost": 2229.57, "Plan Rows": 80710, "Plan Width": 0, "Actual Startup Time": 6.691, "Actual Total Time": 37.974, "Actual Rows": 115933, "Actual Loops": 1, "Inner Unique": false, "Plans": [{"Node Type": "Nested Loop", "Parent Relationship": "Outer", "Parallel Aware": false, "Join Type": "Inner", "Startup Cost": 1274.91, "Total Cost": 2144.93, "Plan Rows": 219, "Plan Width": 8, "Actual Startup Time": 6.678, "Actual Total Time": 15.989, "Actual Rows": 13084, "Actual Loops": 1, "Output": ["p.lasteditoruserid", "u.id"], "Inner Unique": false, "Join Filter": "(p.id = v.postid)", "Rows Removed by Join Filter": 0, "Plans": [{"Node Type": "Nested Loop", "Parent Relationship": "Outer", "Parallel Aware": false, "Join Type": "Inner", "Startup Cost": 1274.61, "Total Cost": 1877.04, "Plan Rows": 549, "Plan Width": 20, "Actual Startup Time": 6.662, "Actual Total Time": 12.672, "Actual Rows": 1049, "Actual Loops": 1, "Output": ["c.postid", "p.id", "p.lasteditoruserid", "pl.relatedpostid", "u.id"], "Inner Unique": false, "Plans": [{"Node Type": "Nested Loop", "Parent Relationship": "Outer", "Parallel Aware": false, "Join Type": "Inner", "Startup Cost": 1274.32, "Total Cost": 1629.97, "Plan Rows": 301, "Plan Width": 16, "Actual Startup Time": 6.624, "Actual Total Time": 10.93, "Actual Rows": 282, "Actual Loops": 1, "Output": ["p.id", "p.lasteditoruserid", "pl.relatedpostid", "u.id"], "Inner Unique": true, "Plans": [{"Node Type": "Hash Join", "Parent Relationship": "Outer", "Parallel Aware": false, "Join Type": "Inner", "Startup Cost": 1274.03, "Total Cost": 1361.01, "Plan Rows": 673, "Plan Width": 12, "Actual Startup Time": 6.499, "Actual Total Time": 7.622, "Actual Rows": 2887, "Actual Loops": 1, "Output": ["p.id", "p.lasteditoruserid", "pl.relatedpostid"], "Inner Unique": true, "Hash Cond": "(pl.relatedpostid = p.id)", "Plans": [{"Node Type": "Seq Scan", "Parent Relationship": "Outer", "Parallel Aware": false, "Relation Name": "postlinks", "Schema": "public", "Alias": "pl", "Startup Cost": 0.0, "Total Cost": 76.91, "Plan Rows": 3833, "Plan Width": 4, "Actual Startup Time": 0.01, "Actual Total Time": 0.545, "Actual Rows": 3833, "Actual Loops": 1, "Output": ["pl.id", "pl.creationdate", "pl.postid", "pl.relatedpostid", "pl.linktypeid"], "Filter": "(pl.linktypeid = 1)", "Rows Removed by Filter": 0}, {"Node Type": "Hash", "Parent Relationship": "Inner", "Parallel Aware": false, "Startup Cost": 1183.66, "Total Cost": 1183.66, "Plan Rows": 7230, "Plan Width": 8, "Actual Startup Time": 6.435, "Actual Total Time": 6.436, "Actual Rows": 7277, "Actual Loops": 1, "Output": ["p.id", "p.lasteditoruserid"], "Hash Buckets": 8192, "Original Hash Buckets": 8192, "Hash Batches": 1, "Original Hash Batches": 1, "Peak Memory Usage": 342, "Plans": [{"Node Type": "Seq Scan", "Parent Relationship": "Outer", "Parallel Aware": false, "Relation Name": "posts", "Schema": "public", "Alias": "p", "Startup Cost": 0.0, "Total Cost": 1183.66, "Plan Rows": 7230, "Plan Width": 8, "Actual Startup Time": 0.123, "Actual Total Time": 5.691, "Actual Rows": 7277, "Actual Loops": 1, "Output": ["p.id", "p.lasteditoruserid"], "Filter": "((p.commentcount >= 0) AND (p.commentcount <= 28) AND (p.favoritecount >= 0) AND (p.creationdate >= '2010-07-29 08:15:59'::timestamp without time zone))", "Rows Removed by Filter": 33906}]}]}, {"Node Type": "Index Scan", "Parent Relationship": "Inner", "Parallel Aware": false, "Scan Direction": "Forward", "Index Name": "users_pkey", "Relation Name": "users", "Schema": "public", "Alias": "u", "Startup Cost": 0.29, "Total Cost": 0.4, "Plan Rows": 1, "Plan Width": 4, "Actual Startup Time": 0.001, "Actual Total Time": 0.001, "Actual Rows": 0, "Actual Loops": 2887, "Output": ["u.id", "u.reputation", "u.creationdate", "u.views", "u.upvotes", "u.downvotes"], "Index Cond": "(u.id = p.lasteditoruserid)", "Rows Removed by Index Recheck": 0, "Filter": "((u.views >= 0) AND (u.downvotes >= 0) AND (u.downvotes <= 1) AND (u.creationdate >= '2010-09-28 10:02:53'::timestamp without time zone) AND (u.creationdate <= '2014-08-19 22:32:44'::timestamp without time zone))", "Rows Removed by Filter": 1}]}, {"Node Type": "Index Scan", "Parent Relationship": "Inner", "Parallel Aware": false, "Scan Direction": "Forward", "Index Name": "idx_comments_postid", "Relation Name": "comments", "Schema": "public", "Alias": "c", "Startup Cost": 0.29, "Total Cost": 0.78, "Plan Rows": 4, "Plan Width": 4, "Actual Startup Time": 0.004, "Actual Total Time": 0.006, "Actual Rows": 4, "Actual Loops": 282, "Output": ["c.id", "c.postid", "c.score", "c.creationdate", "c.userid"], "Index Cond": "(c.postid = p.id)", "Rows Removed by Index Recheck": 0, "Filter": "((c.creationdate >= '2010-10-13 17:59:45'::timestamp without time zone) AND (c.creationdate <= '2014-09-04 17:58:02'::timestamp without time zone))", "Rows Removed by Filter": 0}]}, {"Node Type": "Index Only Scan", "Parent Relationship": "Inner", "Parallel Aware": false, "Scan Direction": "Forward", "Index Name": "idx_votes_postid", "Relation Name": "votes", "Schema": "public", "Alias": "v", "Startup Cost": 0.29, "Total Cost": 0.41, "Plan Rows": 6, "Plan Width": 4, "Actual Startup Time": 0.001, "Actual Total Time": 0.002, "Actual Rows": 12, "Actual Loops": 1049, "Output": ["v.postid"], "Index Cond": "(v.postid = c.postid)", "Rows Removed by Index Recheck": 0, "Heap Fetches": 0}]}, {"Node Type": "Index Only Scan", "Parent Relationship": "Inner", "Parallel Aware": false, "Scan Direction": "Forward", "Index Name": "idx_badges_userid", "Relation Name": "badges", "Schema": "public", "Alias": "b", "Startup Cost": 0.29, "Total Cost": 0.36, "Plan Rows": 3, "Plan Width": 4, "Actual Startup Time": 0.001, "Actual Total Time": 0.001, "Actual Rows": 9, "Actual Loops": 13084, "Output": ["b.userid"], "Index Cond": "(b.userid = u.id)", "Rows Removed by Index Recheck": 0, "Heap Fetches": 0}]}]}, "Planning Time": 3.259, "Triggers": [], "Execution Time": 42.167}]#####[{"Plan": {"Node Type": "Aggregate", "Strategy": "Plain", "Partial Mode": "Simple", "Parallel Aware": false, "Startup Cost": 4362.01, "Total Cost": 4362.02, "Plan Rows": 1, "Plan Width": 8, "Actual Startup Time": 68.471, "Actual Total Time": 68.478, "Actual Rows": 1, "Actual Loops": 1, "Output": ["count(*)"], "Plans": [{"Node Type": "Hash Join", "Parent Relationship": "Outer", "Parallel Aware": false, "Join Type": "Inner", "Startup Cost": 2850.91, "Total Cost": 4160.23, "Plan Rows": 80710, "Plan Width": 0, "Actual Startup Time": 19.592, "Actual Total Time": 64.526, "Actual Rows": 115933, "Actual Loops": 1, "Inner Unique": false, "Hash Cond": "(p.lasteditoruserid = u.id)", "Plans": [{"Node Type": "Nested Loop", "Parent Relationship": "Outer", "Parallel Aware": false, "Join Type": "Inner", "Startup Cost": 1274.62, "Total Cost": 2511.67, "Plan Rows": 4889, "Plan Width": 4, "Actual Startup Time": 6.38, "Actual Total Time": 38.717, "Actual Rows": 132184, "Actual Loops": 1, "Output": ["p.lasteditoruserid"], "Inner Unique": false, "Join Filter": "(p.id = v.postid)", "Rows Removed by Join Filter": 0, "Plans": [{"Node Type": "Nested Loop", "Parent Relationship": "Outer", "Parallel Aware": false, "Join Type": "Inner", "Startup Cost": 1274.33, "Total Cost": 1913.43, "Plan Rows": 1226, "Plan Width": 16, "Actual Startup Time": 6.351, "Actual Total Time": 16.044, "Actual Rows": 7220, "Actual Loops": 1, "Output": ["c.postid", "p.id", "p.lasteditoruserid", "pl.relatedpostid"], "Inner Unique": false, "Plans": [{"Node Type": "Hash Join", "Parent Relationship": "Outer", "Parallel Aware": false, "Join Type": "Inner", "Startup Cost": 1274.03, "Total Cost": 1361.01, "Plan Rows": 673, "Plan Width": 12, "Actual Startup Time": 6.318, "Actual Total Time": 7.618, "Actual Rows": 2887, "Actual Loops": 1, "Output": ["p.id", "p.lasteditoruserid", "pl.relatedpostid"], "Inner Unique": true, "Hash Cond": "(pl.relatedpostid = p.id)", "Plans": [{"Node Type": "Seq Scan", "Parent Relationship": "Outer", "Parallel Aware": false, "Relation Name": "postlinks", "Schema": "public", "Alias": "pl", "Startup Cost": 0.0, "Total Cost": 76.91, "Plan Rows": 3833, "Plan Width": 4, "Actual Startup Time": 0.007, "Actual Total Time": 0.627, "Actual Rows": 3833, "Actual Loops": 1, "Output": ["pl.id", "pl.creationdate", "pl.postid", "pl.relatedpostid", "pl.linktypeid"], "Filter": "(pl.linktypeid = 1)", "Rows Removed by Filter": 0}, {"Node Type": "Hash", "Parent Relationship": "Inner", "Parallel Aware": false, "Startup Cost": 1183.66, "Total Cost": 1183.66, "Plan Rows": 7230, "Plan Width": 8, "Actual Startup Time": 6.28, "Actual Total Time": 6.281, "Actual Rows": 7277, "Actual Loops": 1, "Output": ["p.id", "p.lasteditoruserid"], "Hash Buckets": 8192, "Original Hash Buckets": 8192, "Hash Batches": 1, "Original Hash Batches": 1, "Peak Memory Usage": 342, "Plans": [{"Node Type": "Seq Scan", "Parent Relationship": "Outer", "Parallel Aware": false, "Relation Name": "posts", "Schema": "public", "Alias": "p", "Startup Cost": 0.0, "Total Cost": 1183.66, "Plan Rows": 7230, "Plan Width": 8, "Actual Startup Time": 0.116, "Actual Total Time": 5.504, "Actual Rows": 7277, "Actual Loops": 1, "Output": ["p.id", "p.lasteditoruserid"], "Filter": "((p.commentcount >= 0) AND (p.commentcount <= 28) AND (p.favoritecount >= 0) AND (p.creationdate >= '2010-07-29 08:15:59'::timestamp without time zone))", "Rows Removed by Filter": 33906}]}]}, {"Node Type": "Index Scan", "Parent Relationship": "Inner", "Parallel Aware": false, "Scan Direction": "Forward", "Index Name": "idx_comments_postid", "Relation Name": "comments", "Schema": "public", "Alias": "c", "Startup Cost": 0.29, "Total Cost": 0.78, "Plan Rows": 4, "Plan Width": 4, "Actual Startup Time": 0.002, "Actual Total Time": 0.003, "Actual Rows": 3, "Actual Loops": 2887, "Output": ["c.id", "c.postid", "c.score", "c.creationdate", "c.userid"], "Index Cond": "(c.postid = p.id)", "Rows Removed by Index Recheck": 0, "Filter": "((c.creationdate >= '2010-10-13 17:59:45'::timestamp without time zone) AND (c.creationdate <= '2014-09-04 17:58:02'::timestamp without time zone))", "Rows Removed by Filter": 0}]}, {"Node Type": "Index Only Scan", "Parent Relationship": "Inner", "Parallel Aware": false, "Scan Direction": "Forward", "Index Name": "idx_votes_postid", "Relation Name": "votes", "Schema": "public", "Alias": "v", "Startup Cost": 0.29, "Total Cost": 0.41, "Plan Rows": 6, "Plan Width": 4, "Actual Startup Time": 0.001, "Actual Total Time": 0.002, "Actual Rows": 18, "Actual Loops": 7220, "Output": ["v.postid"], "Index Cond": "(v.postid = c.postid)", "Rows Removed by Index Recheck": 0, "Heap Fetches": 0}]}, {"Node Type": "Hash", "Parent Relationship": "Inner", "Parallel Aware": false, "Startup Cost": 1204.94, "Total Cost": 1204.94, "Plan Rows": 29708, "Plan Width": 8, "Actual Startup Time": 12.69, "Actual Total Time": 12.692, "Actual Rows": 21900, "Actual Loops": 1, "Output": ["b.userid", "u.id"], "Hash Buckets": 32768, "Original Hash Buckets": 32768, "Hash Batches": 1, "Original Hash Batches": 1, "Peak Memory Usage": 1112, "Plans": [{"Node Type": "Hash Join", "Parent Relationship": "Outer", "Parallel Aware": false, "Join Type": "Inner", "Startup Cost": 616.04, "Total Cost": 1204.94, "Plan Rows": 29708, "Plan Width": 8, "Actual Startup Time": 3.91, "Actual Total Time": 10.373, "Actual Rows": 21900, "Actual Loops": 1, "Output": ["b.userid", "u.id"], "Inner Unique": true, "Hash Cond": "(b.userid = u.id)", "Plans": [{"Node Type": "Seq Scan", "Parent Relationship": "Outer", "Parallel Aware": false, "Relation Name": "badges", "Schema": "public", "Alias": "b", "Startup Cost": 0.0, "Total Cost": 503.24, "Plan Rows": 32624, "Plan Width": 4, "Actual Startup Time": 0.009, "Actual Total Time": 2.04, "Actual Rows": 32624, "Actual Loops": 1, "Output": ["b.id", "b.userid", "b.date"]}, {"Node Type": "Hash", "Parent Relationship": "Inner", "Parallel Aware": false, "Startup Cost": 446.04, "Total Cost": 446.04, "Plan Rows": 13600, "Plan Width": 4, "Actual Startup Time": 3.536, "Actual Total Time": 3.537, "Actual Rows": 13663, "Actual Loops": 1, "Output": ["u.id"], "Hash Buckets": 16384, "Original Hash Buckets": 16384, "Hash Batches": 1, "Original Hash Batches": 1, "Peak Memory Usage": 609, "Plans": [{"Node Type": "Seq Scan", "Parent Relationship": "Outer", "Parallel Aware": false, "Relation Name": "users", "Schema": "public", "Alias": "u", "Startup Cost": 0.0, "Total Cost": 446.04, "Plan Rows": 13600, "Plan Width": 4, "Actual Startup Time": 0.118, "Actual Total Time": 2.273, "Actual Rows": 13663, "Actual Loops": 1, "Output": ["u.id"], "Filter": "((u.views >= 0) AND (u.downvotes >= 0) AND (u.downvotes <= 1) AND (u.creationdate >= '2010-09-28 10:02:53'::timestamp without time zone) AND (u.creationdate <= '2014-08-19 22:32:44'::timestamp without time zone))", "Rows Removed by Filter": 1272}]}]}]}]}]}, "Planning Time": 3.438, "Triggers": [], "Execution Time": 68.611}]
[{"Plan": {"Node Type": "Aggregate", "Strategy": "Plain", "Partial Mode": "Simple", "Parallel Aware": false, "Startup Cost": 8130.69, "Total Cost": 8130.7, "Plan Rows": 1, "Plan Width": 8, "Actual Startup Time": 31.898, "Actual Total Time": 31.903, "Actual Rows": 1, "Actual Loops": 1, "Output": ["count(*)"], "Plans": [{"Node Type": "Hash Join", "Parent Relationship": "Outer", "Parallel Aware": false, "Join Type": "Inner", "Startup Cost": 3533.06, "Total Cost": 7100.55, "Plan Rows": 412056, "Plan Width": 0, "Actual Startup Time": 17.367, "Actual Total Time": 31.199, "Actual Rows": 17722, "Actual Loops": 1, "Inner Unique": false, "Hash Cond": "(ph.userid = u.id)", "Plans": [{"Node Type": "Seq Scan", "Parent Relationship": "Outer", "Parallel Aware": false, "Relation Name": "posthistory", "Schema": "public", "Alias": "ph", "Startup Cost": 0.0, "Total Cost": 2572.93, "Plan Rows": 28456, "Plan Width": 4, "Actual Startup Time": 0.013, "Actual Total Time": 10.71, "Actual Rows": 28443, "Actual Loops": 1, "Output": ["ph.id", "ph.posthistorytypeid", "ph.postid", "ph.creationdate", "ph.userid"], "Filter": "(ph.posthistorytypeid = 5)", "Rows Removed by Filter": 101551}, {"Node Type": "Hash", "Parent Relationship": "Inner", "Parallel Aware": false, "Startup Cost": 2947.86, "Total Cost": 2947.86, "Plan Rows": 46816, "Plan Width": 12, "Actual Startup Time": 17.138, "Actual Total Time": 17.142, "Actual Rows": 9071, "Actual Loops": 1, "Output": ["p.owneruserid", "u.id", "b.userid"], "Hash Buckets": 65536, "Original Hash Buckets": 65536, "Hash Batches": 1, "Original Hash Batches": 1, "Peak Memory Usage": 902, "Plans": [{"Node Type": "Hash Join", "Parent Relationship": "Outer", "Parallel Aware": false, "Join Type": "Inner", "Startup Cost": 1813.34, "Total Cost": 2947.86, "Plan Rows": 46816, "Plan Width": 12, "Actual Startup Time": 11.052, "Actual Total Time": 16.125, "Actual Rows": 9071, "Actual Loops": 1, "Output": ["p.owneruserid", "u.id", "b.userid"], "Inner Unique": false, "Hash Cond": "(b.userid = u.id)", "Plans": [{"Node Type": "Seq Scan", "Parent Relationship": "Outer", "Parallel Aware": false, "Relation Name": "badges", "Schema": "public", "Alias": "b", "Startup Cost": 0.0, "Total Cost": 503.24, "Plan Rows": 32624, "Plan Width": 4, "Actual Startup Time": 0.007, "Actual Total Time": 1.714, "Actual Rows": 32624, "Actual Loops": 1, "Output": ["b.id", "b.userid", "b.date"]}, {"Node Type": "Hash", "Parent Relationship": "Inner", "Parallel Aware": false, "Startup Cost": 1545.44, "Total Cost": 1545.44, "Plan Rows": 21432, "Plan Width": 8, "Actual Startup Time": 10.958, "Actual Total Time": 10.961, "Actual Rows": 2817, "Actual Loops": 1, "Output": ["p.owneruserid", "u.id"], "Hash Buckets": 32768, "Original Hash Buckets": 32768, "Hash Batches": 1, "Original Hash Batches": 1, "Peak Memory Usage": 367, "Plans": [{"Node Type": "Hash Join", "Parent Relationship": "Outer", "Parallel Aware": false, "Join Type": "Inner", "Startup Cost": 504.45, "Total Cost": 1545.44, "Plan Rows": 21432, "Plan Width": 8, "Actual Startup Time": 3.286, "Actual Total Time": 10.63, "Actual Rows": 2817, "Actual Loops": 1, "Output": ["p.owneruserid", "u.id"], "Inner Unique": true, "Hash Cond": "(p.owneruserid = u.id)", "Plans": [{"Node Type": "Seq Scan", "Parent Relationship": "Outer", "Parallel Aware": false, "Relation Name": "posts", "Schema": "public", "Alias": "p", "Startup Cost": 0.0, "Total Cost": 977.75, "Plan Rows": 24085, "Plan Width": 4, "Actual Startup Time": 0.009, "Actual Total Time": 5.385, "Actual Rows": 24075, "Actual Loops": 1, "Output": ["p.id", "p.posttypeid", "p.creationdate", "p.score", "p.viewcount", "p.owneruserid", "p.answercount", "p.commentcount", "p.favoritecount", "p.lasteditoruserid"], "Filter": "((p.score >= '-1'::integer) AND (p.posttypeid = 2))", "Rows Removed by Filter": 17108}, {"Node Type": "Hash", "Parent Relationship": "Inner", "Parallel Aware": false, "Startup Cost": 334.02, "Total Cost": 334.02, "Plan Rows": 13634, "Plan Width": 4, "Actual Startup Time": 3.23, "Actual Total Time": 3.23, "Actual Rows": 13635, "Actual Loops": 1, "Output": ["u.id"], "Hash Buckets": 16384, "Original Hash Buckets": 16384, "Hash Batches": 1, "Original Hash Batches": 1, "Peak Memory Usage": 608, "Plans": [{"Node Type": "Seq Scan", "Parent Relationship": "Outer", "Parallel Aware": false, "Relation Name": "users", "Schema": "public", "Alias": "u", "Startup Cost": 0.0, "Total Cost": 334.02, "Plan Rows": 13634, "Plan Width": 4, "Actual Startup Time": 0.008, "Actual Total Time": 2.02, "Actual Rows": 13635, "Actual Loops": 1, "Output": ["u.id"], "Filter": "((u.views <= 22) AND (u.creationdate <= '2014-08-24 11:49:57'::timestamp without time zone))", "Rows Removed by Filter": 1300}]}]}]}]}]}]}]}, "Planning Time": 1.494, "Triggers": [], "Execution Time": 32.039}]#####[{"Plan": {"Node Type": "Aggregate", "Strategy": "Plain", "Partial Mode": "Simple", "Parallel Aware": false, "Startup Cost": 36780.65, "Total Cost": 36780.66, "Plan Rows": 1, "Plan Width": 8, "Actual Startup Time": 195.138, "Actual Total Time": 195.144, "Actual Rows": 1, "Actual Loops": 1, "Output": ["count(*)"], "Plans": [{"Node Type": "Hash Join", "Parent Relationship": "Outer", "Parallel Aware": false, "Join Type": "Inner", "Startup Cost": 3449.69, "Total Cost": 26479.25, "Plan Rows": 4120563, "Plan Width": 0, "Actual Startup Time": 18.672, "Actual Total Time": 194.488, "Actual Rows": 17722, "Actual Loops": 1, "Inner Unique": false, "Hash Cond": "(p.owneruserid = u.id)", "Plans": [{"Node Type": "Nested Loop", "Parent Relationship": "Outer", "Parallel Aware": false, "Join Type": "Inner", "Startup Cost": 0.29, "Total Cost": 10113.19, "Plan Rows": 629349, "Plan Width": 8, "Actual Startup Time": 0.021, "Actual Total Time": 132.918, "Actual Rows": 1018160, "Actual Loops": 1, "Output": ["p.owneruserid", "b.userid"], "Inner Unique": false, "Plans": [{"Node Type": "Seq Scan", "Parent Relationship": "Outer", "Parallel Aware": false, "Relation Name": "posts", "Schema": "public", "Alias": "p", "Startup Cost": 0.0, "Total Cost": 977.75, "Plan Rows": 24085, "Plan Width": 4, "Actual Startup Time": 0.012, "Actual Total Time": 5.571, "Actual Rows": 24075, "Actual Loops": 1, "Output": ["p.id", "p.posttypeid", "p.creationdate", "p.score", "p.viewcount", "p.owneruserid", "p.answercount", "p.commentcount", "p.favoritecount", "p.lasteditoruserid"], "Filter": "((p.score >= '-1'::integer) AND (p.posttypeid = 2))", "Rows Removed by Filter": 17108}, {"Node Type": "Index Only Scan", "Parent Relationship": "Inner", "Parallel Aware": false, "Scan Direction": "Forward", "Index Name": "idx_badges_userid", "Relation Name": "badges", "Schema": "public", "Alias": "b", "Startup Cost": 0.29, "Total Cost": 0.35, "Plan Rows": 3, "Plan Width": 4, "Actual Startup Time": 0.001, "Actual Total Time": 0.003, "Actual Rows": 42, "Actual Loops": 24075, "Output": ["b.userid"], "Index Cond": "(b.userid = p.owneruserid)", "Rows Removed by Index Recheck": 0, "Heap Fetches": 0}]}, {"Node Type": "Hash", "Parent Relationship": "Inner", "Parallel Aware": false, "Startup Cost": 3152.09, "Total Cost": 3152.09, "Plan Rows": 23785, "Plan Width": 8, "Actual Startup Time": 17.312, "Actual Total Time": 17.315, "Actual Rows": 4273, "Actual Loops": 1, "Output": ["ph.userid", "u.id"], "Hash Buckets": 32768, "Original Hash Buckets": 32768, "Hash Batches": 1, "Original Hash Batches": 1, "Peak Memory Usage": 423, "Plans": [{"Node Type": "Hash Join", "Parent Relationship": "Outer", "Parallel Aware": false, "Join Type": "Inner", "Startup Cost": 504.45, "Total Cost": 3152.09, "Plan Rows": 23785, "Plan Width": 8, "Actual Startup Time": 3.344, "Actual Total Time": 16.77, "Actual Rows": 4273, "Actual Loops": 1, "Output": ["ph.userid", "u.id"], "Inner Unique": true, "Hash Cond": "(ph.userid = u.id)", "Plans": [{"Node Type": "Seq Scan", "Parent Relationship": "Outer", "Parallel Aware": false, "Relation Name": "posthistory", "Schema": "public", "Alias": "ph", "Startup Cost": 0.0, "Total Cost": 2572.93, "Plan Rows": 28456, "Plan Width": 4, "Actual Startup Time": 0.01, "Actual Total Time": 10.876, "Actual Rows": 28443, "Actual Loops": 1, "Output": ["ph.id", "ph.posthistorytypeid", "ph.postid", "ph.creationdate", "ph.userid"], "Filter": "(ph.posthistorytypeid = 5)", "Rows Removed by Filter": 101551}, {"Node Type": "Hash", "Parent Relationship": "Inner", "Parallel Aware": false, "Startup Cost": 334.02, "Total Cost": 334.02, "Plan Rows": 13634, "Plan Width": 4, "Actual Startup Time": 3.256, "Actual Total Time": 3.257, "Actual Rows": 13635, "Actual Loops": 1, "Output": ["u.id"], "Hash Buckets": 16384, "Original Hash Buckets": 16384, "Hash Batches": 1, "Original Hash Batches": 1, "Peak Memory Usage": 608, "Plans": [{"Node Type": "Seq Scan", "Parent Relationship": "Outer", "Parallel Aware": false, "Relation Name": "users", "Schema": "public", "Alias": "u", "Startup Cost": 0.0, "Total Cost": 334.02, "Plan Rows": 13634, "Plan Width": 4, "Actual Startup Time": 0.009, "Actual Total Time": 2.005, "Actual Rows": 13635, "Actual Loops": 1, "Output": ["u.id"], "Filter": "((u.views <= 22) AND (u.creationdate <= '2014-08-24 11:49:57'::timestamp without time zone))", "Rows Removed by Filter": 1300}]}]}]}]}]}, "Planning Time": 1.919, "Triggers": [], "Execution Time": 195.252}]#####[{"Plan": {"Node Type": "Aggregate", "Strategy": "Plain", "Partial Mode": "Simple", "Parallel Aware": false, "Startup Cost": 31018.49, "Total Cost": 31018.5, "Plan Rows": 1, "Plan Width": 8, "Actual Startup Time": 42.916, "Actual Total Time": 42.92, "Actual Rows": 1, "Actual Loops": 1, "Output": ["count(*)"], "Plans": [{"Node Type": "Merge Join", "Parent Relationship": "Outer", "Parallel Aware": false, "Join Type": "Inner", "Startup Cost": 4881.61, "Total Cost": 20717.09, "Plan Rows": 4120563, "Plan Width": 0, "Actual Startup Time": 18.173, "Actual Total Time": 42.179, "Actual Rows": 17722, "Actual Loops": 1, "Inner Unique": false, "Merge Cond": "(p.owneruserid = u.id)", "Plans": [{"Node Type": "Index Scan", "Parent Relationship": "Outer", "Parallel Aware": false, "Scan Direction": "Forward", "Index Name": "idx_posts_owneruserid", "Relation Name": "posts", "Schema": "public", "Alias": "p", "Startup Cost": 0.29, "Total Cost": 2007.11, "Plan Rows": 24085, "Plan Width": 4, "Actual Startup Time": 0.261, "Actual Total Time": 13.117, "Actual Rows": 23522, "Actual Loops": 1, "Output": ["p.id", "p.posttypeid", "p.creationdate", "p.score", "p.viewcount", "p.owneruserid", "p.answercount", "p.commentcount", "p.favoritecount", "p.lasteditoruserid"], "Filter": "((p.score >= '-1'::integer) AND (p.posttypeid = 2))", "Rows Removed by Filter": 16504}, {"Node Type": "Materialize", "Parent Relationship": "Inner", "Parallel Aware": false, "Startup Cost": 4881.32, "Total Cost": 7753.51, "Plan Rows": 519560, "Plan Width": 12, "Actual Startup Time": 17.65, "Actual Total Time": 25.746, "Actual Rows": 27187, "Actual Loops": 1, "Output": ["ph.userid", "u.id", "b.userid"], "Plans": [{"Node Type": "Merge Join", "Parent Relationship": "Outer", "Parallel Aware": false, "Join Type": "Inner", "Startup Cost": 4881.32, "Total Cost": 6454.61, "Plan Rows": 519560, "Plan Width": 12, "Actual Startup Time": 17.648, "Actual Total Time": 23.297, "Actual Rows": 16246, "Actual Loops": 1, "Output": ["ph.userid", "u.id", "b.userid"], "Inner Unique": false, "Merge Cond": "(b.userid = u.id)", "Plans": [{"Node Type": "Index Only Scan", "Parent Relationship": "Outer", "Parallel Aware": false, "Scan Direction": "Forward", "Index Name": "idx_badges_userid", "Relation Name": "badges", "Schema": "public", "Alias": "b", "Startup Cost": 0.29, "Total Cost": 713.65, "Plan Rows": 32624, "Plan Width": 4, "Actual Startup Time": 0.011, "Actual Total Time": 2.202, "Actual Rows": 32623, "Actual Loops": 1, "Output": ["b.userid"], "Heap Fetches": 0}, {"Node Type": "Sort", "Parent Relationship": "Inner", "Parallel Aware": false, "Startup Cost": 4881.0, "Total Cost": 4940.46, "Plan Rows": 23785, "Plan Width": 8, "Actual Startup Time": 17.588, "Actual Total Time": 18.234, "Actual Rows": 16554, "Actual Loops": 1, "Output": ["ph.userid", "u.id"], "Sort Key": ["ph.userid"], "Sort Method": "quicksort", "Sort Space Used": 393, "Sort Space Type": "Memory", "Plans": [{"Node Type": "Hash Join", "Parent Relationship": "Outer", "Parallel Aware": false, "Join Type": "Inner", "Startup Cost": 504.45, "Total Cost": 3152.09, "Plan Rows": 23785, "Plan Width": 8, "Actual Startup Time": 3.285, "Actual Total Time": 16.774, "Actual Rows": 4273, "Actual Loops": 1, "Output": ["ph.userid", "u.id"], "Inner Unique": true, "Hash Cond": "(ph.userid = u.id)", "Plans": [{"Node Type": "Seq Scan", "Parent Relationship": "Outer", "Parallel Aware": false, "Relation Name": "posthistory", "Schema": "public", "Alias": "ph", "Startup Cost": 0.0, "Total Cost": 2572.93, "Plan Rows": 28456, "Plan Width": 4, "Actual Startup Time": 0.011, "Actual Total Time": 10.997, "Actual Rows": 28443, "Actual Loops": 1, "Output": ["ph.id", "ph.posthistorytypeid", "ph.postid", "ph.creationdate", "ph.userid"], "Filter": "(ph.posthistorytypeid = 5)", "Rows Removed by Filter": 101551}, {"Node Type": "Hash", "Parent Relationship": "Inner", "Parallel Aware": false, "Startup Cost": 334.02, "Total Cost": 334.02, "Plan Rows": 13634, "Plan Width": 4, "Actual Startup Time": 3.185, "Actual Total Time": 3.185, "Actual Rows": 13635, "Actual Loops": 1, "Output": ["u.id"], "Hash Buckets": 16384, "Original Hash Buckets": 16384, "Hash Batches": 1, "Original Hash Batches": 1, "Peak Memory Usage": 608, "Plans": [{"Node Type": "Seq Scan", "Parent Relationship": "Outer", "Parallel Aware": false, "Relation Name": "users", "Schema": "public", "Alias": "u", "Startup Cost": 0.0, "Total Cost": 334.02, "Plan Rows": 13634, "Plan Width": 4, "Actual Startup Time": 0.008, "Actual Total Time": 1.975, "Actual Rows": 13635, "Actual Loops": 1, "Output": ["u.id"], "Filter": "((u.views <= 22) AND (u.creationdate <= '2014-08-24 11:49:57'::timestamp without time zone))", "Rows Removed by Filter": 1300}]}]}]}]}]}]}]}, "Planning Time": 1.761, "Triggers": [], "Execution Time": 43.031}]
[{"Plan": {"Node Type": "Aggregate", "Strategy": "Plain", "Partial Mode": "Simple", "Parallel Aware": false, "Startup Cost": 10810.04, "Total Cost": 10810.05, "Plan Rows": 1, "Plan Width": 8, "Actual Startup Time": 25.437, "Actual Total Time": 25.442, "Actual Rows": 1, "Actual Loops": 1, "Output": ["count(*)"], "Plans": [{"Node Type": "Hash Join", "Parent Relationship": "Outer", "Parallel Aware": false, "Join Type": "Inner", "Startup Cost": 2305.54, "Total Cost": 6144.92, "Plan Rows": 1866049, "Plan Width": 0, "Actual Startup Time": 25.431, "Actual Total Time": 25.435, "Actual Rows": 0, "Actual Loops": 1, "Inner Unique": false, "Hash Cond": "(c.userid = u.id)", "Plans": [{"Node Type": "Seq Scan", "Parent Relationship": "Outer", "Parallel Aware": false, "Relation Name": "comments", "Schema": "public", "Alias": "c", "Startup Cost": 0.0, "Total Cost": 1574.96, "Plan Rows": 79349, "Plan Width": 4, "Actual Startup Time": 0.007, "Actual Total Time": 0.008, "Actual Rows": 1, "Actual Loops": 1, "Output": ["c.id", "c.postid", "c.score", "c.creationdate", "c.userid"], "Filter": "(c.creationdate <= '2014-09-11 13:04:27'::timestamp without time zone)", "Rows Removed by Filter": 0}, {"Node Type": "Hash", "Parent Relationship": "Inner", "Parallel Aware": false, "Startup Cost": 1854.31, "Total Cost": 1854.31, "Plan Rows": 36099, "Plan Width": 16, "Actual Startup Time": 25.239, "Actual Total Time": 25.24, "Actual Rows": 0, "Actual Loops": 1, "Output": ["ph.userid", "b.userid", "v.userid", "u.id"], "Hash Buckets": 65536, "Original Hash Buckets": 65536, "Hash Batches": 1, "Original Hash Batches": 1, "Peak Memory Usage": 512, "Plans": [{"Node Type": "Nested Loop", "Parent Relationship": "Outer", "Parallel Aware": false, "Join Type": "Inner", "Startup Cost": 1.16, "Total Cost": 1854.31, "Plan Rows": 36099, "Plan Width": 16, "Actual Startup Time": 25.238, "Actual Total Time": 25.239, "Actual Rows": 0, "Actual Loops": 1, "Output": ["ph.userid", "b.userid", "v.userid", "u.id"], "Inner Unique": false, "Join Filter": "(u.id = ph.userid)", "Rows Removed by Join Filter": 0, "Plans": [{"Node Type": "Nested Loop", "Parent Relationship": "Outer", "Parallel Aware": false, "Join Type": "Inner", "Startup Cost": 0.87, "Total Cost": 1162.6, "Plan Rows": 768, "Plan Width": 12, "Actual Startup Time": 25.238, "Actual Total Time": 25.239, "Actual Rows": 0, "Actual Loops": 1, "Output": ["b.userid", "v.userid", "u.id"], "Inner Unique": false, "Plans": [{"Node Type": "Merge Join", "Parent Relationship": "Outer", "Parallel Aware": false, "Join Type": "Inner", "Startup Cost": 0.58, "Total Cost": 1144.89, "Plan Rows": 46, "Plan Width": 8, "Actual Startup Time": 25.238, "Actual Total Time": 25.238, "Actual Rows": 0, "Actual Loops": 1, "Output": ["v.userid", "u.id"], "Inner Unique": true, "Merge Cond": "(v.userid = u.id)", "Plans": [{"Node Type": "Index Scan", "Parent Relationship": "Outer", "Parallel Aware": false, "Scan Direction": "Forward", "Index Name": "idx_votes_userid", "Relation Name": "votes", "Schema": "public", "Alias": "v", "Startup Cost": 0.29, "Total Cost": 7551.9, "Plan Rows": 489, "Plan Width": 4, "Actual Startup Time": 25.237, "Actual Total Time": 25.237, "Actual Rows": 0, "Actual Loops": 1, "Output": ["v.id", "v.postid", "v.votetypeid", "v.creationdate", "v.userid", "v.bountyamount"], "Filter": "((v.bountyamount >= 0) AND (v.bountyamount <= 100) AND (v.creationdate <= '2014-09-08 00:00:00'::timestamp without time zone) AND (v.votetypeid = 2))", "Rows Removed by Filter": 164233}, {"Node Type": "Index Only Scan", "Parent Relationship": "Inner", "Parallel Aware": false, "Scan Direction": "Forward", "Index Name": "users_pkey", "Relation Name": "users", "Schema": "public", "Alias": "u", "Startup Cost": 0.29, "Total Cost": 396.31, "Plan Rows": 14935, "Plan Width": 4, "Actual Startup Time": 0.0, "Actual Total Time": 0.0, "Actual Rows": 0, "Actual Loops": 0, "Output": ["u.id"], "Heap Fetches": 0}]}, {"Node Type": "Index Only Scan", "Parent Relationship": "Inner", "Parallel Aware": false, "Scan Direction": "Forward", "Index Name": "idx_badges_userid", "Relation Name": "badges", "Schema": "public", "Alias": "b", "Startup Cost": 0.29, "Total Cost": 0.35, "Plan Rows": 3, "Plan Width": 4, "Actual Startup Time": 0.0, "Actual Total Time": 0.0, "Actual Rows": 0, "Actual Loops": 0, "Output": ["b.userid"], "Index Cond": "(b.userid = u.id)", "Rows Removed by Index Recheck": 0, "Heap Fetches": 0}]}, {"Node Type": "Index Scan", "Parent Relationship": "Inner", "Parallel Aware": false, "Scan Direction": "Forward", "Index Name": "idx_posthistory_userid", "Relation Name": "posthistory", "Schema": "public", "Alias": "ph", "Startup Cost": 0.29, "Total Cost": 0.83, "Plan Rows": 6, "Plan Width": 4, "Actual Startup Time": 0.0, "Actual Total Time": 0.0, "Actual Rows": 0, "Actual Loops": 0, "Output": ["ph.id", "ph.posthistorytypeid", "ph.postid", "ph.creationdate", "ph.userid"], "Index Cond": "(ph.userid = b.userid)", "Rows Removed by Index Recheck": 0, "Filter": "(ph.posthistorytypeid = 2)", "Rows Removed by Filter": 0}]}]}]}]}, "Planning Time": 3.162, "Triggers": [], "Execution Time": 25.582}]#####[{"Plan": {"Node Type": "Aggregate", "Strategy": "Plain", "Partial Mode": "Simple", "Parallel Aware": false, "Startup Cost": 54223.85, "Total Cost": 54223.86, "Plan Rows": 1, "Plan Width": 8, "Actual Startup Time": 24.472, "Actual Total Time": 24.478, "Actual Rows": 1, "Actual Loops": 1, "Output": ["count(*)"], "Plans": [{"Node Type": "Hash Join", "Parent Relationship": "Outer", "Parallel Aware": false, "Join Type": "Inner", "Startup Cost": 3196.1, "Total Cost": 7572.61, "Plan Rows": 18660493, "Plan Width": 0, "Actual Startup Time": 24.466, "Actual Total Time": 24.472, "Actual Rows": 0, "Actual Loops": 1, "Inner Unique": false, "Hash Cond": "(b.userid = u.id)", "Plans": [{"Node Type": "Nested Loop", "Parent Relationship": "Outer", "Parallel Aware": false, "Join Type": "Inner", "Startup Cost": 0.88, "Total Cost": 2193.86, "Plan Rows": 36099, "Plan Width": 12, "Actual Startup Time": 24.465, "Actual Total Time": 24.468, "Actual Rows": 0, "Actual Loops": 1, "Output": ["ph.userid", "b.userid", "v.userid"], "Inner Unique": false, "Plans": [{"Node Type": "Merge Join", "Parent Relationship": "Outer", "Parallel Aware": false, "Join Type": "Inner", "Startup Cost": 0.58, "Total Cost": 1513.67, "Plan Rows": 768, "Plan Width": 8, "Actual Startup Time": 24.465, "Actual Total Time": 24.468, "Actual Rows": 0, "Actual Loops": 1, "Output": ["b.userid", "v.userid"], "Inner Unique": false, "Merge Cond": "(v.userid = b.userid)", "Plans": [{"Node Type": "Index Scan", "Parent Relationship": "Outer", "Parallel Aware": false, "Scan Direction": "Forward", "Index Name": "idx_votes_userid", "Relation Name": "votes", "Schema": "public", "Alias": "v", "Startup Cost": 0.29, "Total Cost": 7551.9, "Plan Rows": 489, "Plan Width": 4, "Actual Startup Time": 24.464, "Actual Total Time": 24.466, "Actual Rows": 0, "Actual Loops": 1, "Output": ["v.id", "v.postid", "v.votetypeid", "v.creationdate", "v.userid", "v.bountyamount"], "Filter": "((v.bountyamount >= 0) AND (v.bountyamount <= 100) AND (v.creationdate <= '2014-09-08 00:00:00'::timestamp without time zone) AND (v.votetypeid = 2))", "Rows Removed by Filter": 164233}, {"Node Type": "Index Only Scan", "Parent Relationship": "Inner", "Parallel Aware": false, "Scan Direction": "Forward", "Index Name": "idx_badges_userid", "Relation Name": "badges", "Schema": "public", "Alias": "b", "Startup Cost": 0.29, "Total Cost": 713.65, "Plan Rows": 32624, "Plan Width": 4, "Actual Startup Time": 0.0, "Actual Total Time": 0.0, "Actual Rows": 0, "Actual Loops": 0, "Output": ["b.userid"], "Heap Fetches": 0}]}, {"Node Type": "Index Scan", "Parent Relationship": "Inner", "Parallel Aware": false, "Scan Direction": "Forward", "Index Name": "idx_posthistory_userid", "Relation Name": "posthistory", "Schema": "public", "Alias": "ph", "Startup Cost": 0.29, "Total Cost": 0.83, "Plan Rows": 6, "Plan Width": 4, "Actual Startup Time": 0.0, "Actual Total Time": 0.0, "Actual Rows": 0, "Actual Loops": 0, "Output": ["ph.id", "ph.posthistorytypeid", "ph.postid", "ph.creationdate", "ph.userid"], "Index Cond": "(ph.userid = b.userid)", "Rows Removed by Index Recheck": 0, "Filter": "(ph.posthistorytypeid = 2)", "Rows Removed by Filter": 0}]}, {"Node Type": "Hash", "Parent Relationship": "Inner", "Parallel Aware": false, "Startup Cost": 2229.35, "Total Cost": 2229.35, "Plan Rows": 77270, "Plan Width": 8, "Actual Startup Time": 0.0, "Actual Total Time": 0.0, "Actual Rows": 0, "Actual Loops": 0, "Output": ["c.userid", "u.id"], "Plans": [{"Node Type": "Hash Join", "Parent Relationship": "Outer", "Parallel Aware": false, "Join Type": "Inner", "Startup Cost": 446.04, "Total Cost": 2229.35, "Plan Rows": 77270, "Plan Width": 8, "Actual Startup Time": 0.0, "Actual Total Time": 0.0, "Actual Rows": 0, "Actual Loops": 0, "Output": ["c.userid", "u.id"], "Inner Unique": true, "Hash Cond": "(c.userid = u.id)", "Plans": [{"Node Type": "Seq Scan", "Parent Relationship": "Outer", "Parallel Aware": false, "Relation Name": "comments", "Schema": "public", "Alias": "c", "Startup Cost": 0.0, "Total Cost": 1574.96, "Plan Rows": 79349, "Plan Width": 4, "Actual Startup Time": 0.0, "Actual Total Time": 0.0, "Actual Rows": 0, "Actual Loops": 0, "Output": ["c.id", "c.postid", "c.score", "c.creationdate", "c.userid"], "Filter": "(c.creationdate <= '2014-09-11 13:04:27'::timestamp without time zone)", "Rows Removed by Filter": 0}, {"Node Type": "Hash", "Parent Relationship": "Inner", "Parallel Aware": false, "Startup Cost": 259.35, "Total Cost": 259.35, "Plan Rows": 14935, "Plan Width": 4, "Actual Startup Time": 0.0, "Actual Total Time": 0.0, "Actual Rows": 0, "Actual Loops": 0, "Output": ["u.id"], "Plans": [{"Node Type": "Seq Scan", "Parent Relationship": "Outer", "Parallel Aware": false, "Relation Name": "users", "Schema": "public", "Alias": "u", "Startup Cost": 0.0, "Total Cost": 259.35, "Plan Rows": 14935, "Plan Width": 4, "Actual Startup Time": 0.0, "Actual Total Time": 0.0, "Actual Rows": 0, "Actual Loops": 0, "Output": ["u.id"]}]}]}]}]}]}, "Planning Time": 3.135, "Triggers": [], "Execution Time": 24.574}]#####[{"Plan": {"Node Type": "Aggregate", "Strategy": "Plain", "Partial Mode": "Simple", "Parallel Aware": false, "Startup Cost": 48578.71, "Total Cost": 48578.72, "Plan Rows": 1, "Plan Width": 8, "Actual Startup Time": 24.576, "Actual Total Time": 24.579, "Actual Rows": 1, "Actual Loops": 1, "Output": ["count(*)"], "Plans": [{"Node Type": "Nested Loop", "Parent Relationship": "Outer", "Parallel Aware": false, "Join Type": "Inner", "Startup Cost": 1.45, "Total Cost": 1927.48, "Plan Rows": 18660493, "Plan Width": 0, "Actual Startup Time": 24.57, "Actual Total Time": 24.572, "Actual Rows": 0, "Actual Loops": 1, "Inner Unique": false, "Join Filter": "(u.id = ph.userid)", "Rows Removed by Join Filter": 0, "Plans": [{"Node Type": "Nested Loop", "Parent Relationship": "Outer", "Parallel Aware": false, "Join Type": "Inner", "Startup Cost": 1.16, "Total Cost": 1126.61, "Plan Rows": 974, "Plan Width": 16, "Actual Startup Time": 24.569, "Actual Total Time": 24.572, "Actual Rows": 0, "Actual Loops": 1, "Output": ["c.userid", "b.userid", "v.userid", "u.id"], "Inner Unique": false, "Join Filter": "(u.id = b.userid)", "Rows Removed by Join Filter": 0, "Plans": [{"Node Type": "Merge Join", "Parent Relationship": "Outer", "Parallel Aware": false, "Join Type": "Inner", "Startup Cost": 0.87, "Total Cost": 872.17, "Plan Rows": 669, "Plan Width": 12, "Actual Startup Time": 24.569, "Actual Total Time": 24.571, "Actual Rows": 0, "Actual Loops": 1, "Output": ["c.userid", "v.userid", "u.id"], "Inner Unique": true, "Merge Cond": "(v.userid = u.id)", "Plans": [{"Node Type": "Merge Join", "Parent Relationship": "Outer", "Parallel Aware": false, "Join Type": "Inner", "Startup Cost": 0.59, "Total Cost": 4542.29, "Plan Rows": 7073, "Plan Width": 8, "Actual Startup Time": 24.569, "Actual Total Time": 24.571, "Actual Rows": 0, "Actual Loops": 1, "Output": ["c.userid", "v.userid"], "Inner Unique": false, "Merge Cond": "(v.userid = c.userid)", "Plans": [{"Node Type": "Index Scan", "Parent Relationship": "Outer", "Parallel Aware": false, "Scan Direction": "Forward", "Index Name": "idx_votes_userid", "Relation Name": "votes", "Schema": "public", "Alias": "v", "Startup Cost": 0.29, "Total Cost": 7551.9, "Plan Rows": 489, "Plan Width": 4, "Actual Startup Time": 24.568, "Actual Total Time": 24.57, "Actual Rows": 0, "Actual Loops": 1, "Output": ["v.id", "v.postid", "v.votetypeid", "v.creationdate", "v.userid", "v.bountyamount"], "Filter": "((v.bountyamount >= 0) AND (v.bountyamount <= 100) AND (v.creationdate <= '2014-09-08 00:00:00'::timestamp without time zone) AND (v.votetypeid = 2))", "Rows Removed by Filter": 164233}, {"Node Type": "Index Scan", "Parent Relationship": "Inner", "Parallel Aware": false, "Scan Direction": "Forward", "Index Name": "idx_comments_userid", "Relation Name": "comments", "Schema": "public", "Alias": "c", "Startup Cost": 0.29, "Total Cost": 3562.4, "Plan Rows": 79349, "Plan Width": 4, "Actual Startup Time": 0.0, "Actual Total Time": 0.0, "Actual Rows": 0, "Actual Loops": 0, "Output": ["c.id", "c.postid", "c.score", "c.creationdate", "c.userid"], "Filter": "(c.creationdate <= '2014-09-11 13:04:27'::timestamp without time zone)", "Rows Removed by Filter": 0}]}, {"Node Type": "Index Only Scan", "Parent Relationship": "Inner", "Parallel Aware": false, "Scan Direction": "Forward", "Index Name": "users_pkey", "Relation Name": "users", "Schema": "public", "Alias": "u", "Startup Cost": 0.29, "Total Cost": 396.31, "Plan Rows": 14935, "Plan Width": 4, "Actual Startup Time": 0.0, "Actual Total Time": 0.0, "Actual Rows": 0, "Actual Loops": 0, "Output": ["u.id"], "Heap Fetches": 0}]}, {"Node Type": "Index Only Scan", "Parent Relationship": "Inner", "Parallel Aware": false, "Scan Direction": "Forward", "Index Name": "idx_badges_userid", "Relation Name": "badges", "Schema": "public", "Alias": "b", "Startup Cost": 0.29, "Total Cost": 0.34, "Plan Rows": 3, "Plan Width": 4, "Actual Startup Time": 0.0, "Actual Total Time": 0.0, "Actual Rows": 0, "Actual Loops": 0, "Output": ["b.userid"], "Index Cond": "(b.userid = c.userid)", "Rows Removed by Index Recheck": 0, "Heap Fetches": 0}]}, {"Node Type": "Index Scan", "Parent Relationship": "Inner", "Parallel Aware": false, "Scan Direction": "Forward", "Index Name": "idx_posthistory_userid", "Relation Name": "posthistory", "Schema": "public", "Alias": "ph", "Startup Cost": 0.29, "Total Cost": 0.75, "Plan Rows": 6, "Plan Width": 4, "Actual Startup Time": 0.0, "Actual Total Time": 0.0, "Actual Rows": 0, "Actual Loops": 0, "Output": ["ph.id", "ph.posthistorytypeid", "ph.postid", "ph.creationdate", "ph.userid"], "Index Cond": "(ph.userid = c.userid)", "Rows Removed by Index Recheck": 0, "Filter": "(ph.posthistorytypeid = 2)", "Rows Removed by Filter": 0}]}]}, "Planning Time": 3.145, "Triggers": [], "Execution Time": 24.671}]
[{"Plan": {"Node Type": "Aggregate", "Strategy": "Plain", "Partial Mode": "Simple", "Parallel Aware": false, "Startup Cost": 103708.99, "Total Cost": 103709.0, "Plan Rows": 1, "Plan Width": 8, "Actual Startup Time": 89.153, "Actual Total Time": 89.159, "Actual Rows": 1, "Actual Loops": 1, "Output": ["count(*)"], "Plans": [{"Node Type": "Hash Join", "Parent Relationship": "Outer", "Parallel Aware": false, "Join Type": "Inner", "Startup Cost": 9307.92, "Total Cost": 33042.08, "Plan Rows": 28266766, "Plan Width": 0, "Actual Startup Time": 31.595, "Actual Total Time": 74.19, "Actual Rows": 445999, "Actual Loops": 1, "Inner Unique": false, "Hash Cond": "(c.userid = u.id)", "Plans": [{"Node Type": "Seq Scan", "Parent Relationship": "Outer", "Parallel Aware": false, "Relation Name": "comments", "Schema": "public", "Alias": "c", "Startup Cost": 0.0, "Total Cost": 1773.36, "Plan Rows": 78561, "Plan Width": 4, "Actual Startup Time": 0.055, "Actual Total Time": 9.418, "Actual Rows": 78833, "Actual Loops": 1, "Output": ["c.id", "c.postid", "c.score", "c.creationdate", "c.userid"], "Filter": "((c.creationdate >= '2010-07-26 20:21:15'::timestamp without time zone) AND (c.creationdate <= '2014-09-10 21:04:18'::timestamp without time zone))", "Rows Removed by Filter": 524}, {"Node Type": "Hash", "Parent Relationship": "Inner", "Parallel Aware": false, "Startup Cost": 4643.83, "Total Cost": 4643.83, "Plan Rows": 373127, "Plan Width": 12, "Actual Startup Time": 30.173, "Actual Total Time": 30.177, "Actual Rows": 33689, "Actual Loops": 1, "Output": ["ph.userid", "b.userid", "u.id"], "Hash Buckets": 524288, "Original Hash Buckets": 524288, "Hash Batches": 1, "Original Hash Batches": 1, "Peak Memory Usage": 5544, "Plans": [{"Node Type": "Hash Join", "Parent Relationship": "Outer", "Parallel Aware": false, "Join Type": "Inner", "Startup Cost": 3643.17, "Total Cost": 4643.83, "Plan Rows": 373127, "Plan Width": 12, "Actual Startup Time": 18.35, "Actual Total Time": 26.374, "Actual Rows": 33689, "Actual Loops": 1, "Output": ["ph.userid", "b.userid", "u.id"], "Inner Unique": false, "Hash Cond": "(b.userid = u.id)", "Plans": [{"Node Type": "Seq Scan", "Parent Relationship": "Outer", "Parallel Aware": false, "Relation Name": "badges", "Schema": "public", "Alias": "b", "Startup Cost": 0.0, "Total Cost": 666.36, "Plan Rows": 31169, "Plan Width": 4, "Actual Startup Time": 0.111, "Actual Total Time": 3.491, "Actual Rows": 31149, "Actual Loops": 1, "Output": ["b.id", "b.userid", "b.date"], "Filter": "((b.date >= '2010-08-19 03:24:21'::timestamp without time zone) AND (b.date <= '2014-09-05 18:37:48'::timestamp without time zone))", "Rows Removed by Filter": 1475}, {"Node Type": "Hash", "Parent Relationship": "Inner", "Parallel Aware": false, "Startup Cost": 3512.94, "Total Cost": 3512.94, "Plan Rows": 10418, "Plan Width": 8, "Actual Startup Time": 18.188, "Actual Total Time": 18.191, "Actual Rows": 9206, "Actual Loops": 1, "Output": ["ph.userid", "u.id"], "Hash Buckets": 16384, "Original Hash Buckets": 16384, "Hash Batches": 1, "Original Hash Batches": 1, "Peak Memory Usage": 488, "Plans": [{"Node Type": "Hash Join", "Parent Relationship": "Outer", "Parallel Aware": false, "Join Type": "Inner", "Startup Cost": 583.04, "Total Cost": 3512.94, "Plan Rows": 10418, "Plan Width": 8, "Actual Startup Time": 6.474, "Actual Total Time": 17.131, "Actual Rows": 9206, "Actual Loops": 1, "Output": ["ph.userid", "u.id"], "Inner Unique": true, "Hash Cond": "(ph.userid = u.id)", "Plans": [{"Node Type": "Seq Scan", "Parent Relationship": "Outer", "Parallel Aware": false, "Relation Name": "posthistory", "Schema": "public", "Alias": "ph", "Startup Cost": 0.0, "Total Cost": 2897.91, "Plan Rows": 12184, "Plan Width": 4, "Actual Startup Time": 2.931, "Actual Total Time": 11.868, "Actual Rows": 12526, "Actual Loops": 1, "Output": ["ph.id", "ph.posthistorytypeid", "ph.postid", "ph.creationdate", "ph.userid"], "Filter": "((ph.creationdate >= '2011-07-14 16:35:28'::timestamp without time zone) AND (ph.posthistorytypeid = 1))", "Rows Removed by Filter": 117468}, {"Node Type": "Hash", "Parent Relationship": "Inner", "Parallel Aware": false, "Startup Cost": 408.7, "Total Cost": 408.7, "Plan Rows": 13947, "Plan Width": 4, "Actual Startup Time": 3.487, "Actual Total Time": 3.488, "Actual Rows": 14219, "Actual Loops": 1, "Output": ["u.id"], "Hash Buckets": 16384, "Original Hash Buckets": 16384, "Hash Batches": 1, "Original Hash Batches": 1, "Peak Memory Usage": 628, "Plans": [{"Node Type": "Seq Scan", "Parent Relationship": "Outer", "Parallel Aware": false, "Relation Name": "users", "Schema": "public", "Alias": "u", "Startup Cost": 0.0, "Total Cost": 408.7, "Plan Rows": 13947, "Plan Width": 4, "Actual Startup Time": 0.009, "Actual Total Time": 2.202, "Actual Rows": 14219, "Actual Loops": 1, "Output": ["u.id"], "Filter": "((u.views >= 0) AND (u.views <= 75) AND (u.downvotes <= 0) AND (u.upvotes >= 0))", "Rows Removed by Filter": 716}]}]}]}]}]}]}]}, "Planning Time": 1.709, "Triggers": [], "Execution Time": 89.627}]#####[{"Plan": {"Node Type": "Aggregate", "Strategy": "Plain", "Partial Mode": "Simple", "Parallel Aware": false, "Startup Cost": 741577.02, "Total Cost": 741577.03, "Plan Rows": 1, "Plan Width": 8, "Actual Startup Time": 126.902, "Actual Total Time": 126.908, "Actual Rows": 1, "Actual Loops": 1, "Output": ["count(*)"], "Plans": [{"Node Type": "Hash Join", "Parent Relationship": "Outer", "Parallel Aware": false, "Join Type": "Inner", "Startup Cost": 3455.98, "Total Cost": 34907.86, "Plan Rows": 282667663, "Plan Width": 0, "Actual Startup Time": 25.409, "Actual Total Time": 111.403, "Actual Rows": 445999, "Actual Loops": 1, "Inner Unique": false, "Hash Cond": "(ph.userid = u.id)", "Plans": [{"Node Type": "Nested Loop", "Parent Relationship": "Outer", "Parallel Aware": false, "Join Type": "Inner", "Startup Cost": 0.29, "Total Cost": 8520.75, "Plan Rows": 436390, "Plan Width": 8, "Actual Startup Time": 2.943, "Actual Total Time": 56.233, "Actual Rows": 91412, "Actual Loops": 1, "Output": ["ph.userid", "b.userid"], "Inner Unique": false, "Plans": [{"Node Type": "Seq Scan", "Parent Relationship": "Outer", "Parallel Aware": false, "Relation Name": "posthistory", "Schema": "public", "Alias": "ph", "Startup Cost": 0.0, "Total Cost": 2897.91, "Plan Rows": 12184, "Plan Width": 4, "Actual Startup Time": 2.918, "Actual Total Time": 12.279, "Actual Rows": 12526, "Actual Loops": 1, "Output": ["ph.id", "ph.posthistorytypeid", "ph.postid", "ph.creationdate", "ph.userid"], "Filter": "((ph.creationdate >= '2011-07-14 16:35:28'::timestamp without time zone) AND (ph.posthistorytypeid = 1))", "Rows Removed by Filter": 117468}, {"Node Type": "Index Scan", "Parent Relationship": "Inner", "Parallel Aware": false, "Scan Direction": "Forward", "Index Name": "idx_badges_userid", "Relation Name": "badges", "Schema": "public", "Alias": "b", "Startup Cost": 0.29, "Total Cost": 0.43, "Plan Rows": 3, "Plan Width": 4, "Actual Startup Time": 0.001, "Actual Total Time": 0.003, "Actual Rows": 7, "Actual Loops": 12526, "Output": ["b.id", "b.userid", "b.date"], "Index Cond": "(b.userid = ph.userid)", "Rows Removed by Index Recheck": 0, "Filter": "((b.date >= '2010-08-19 03:24:21'::timestamp without time zone) AND (b.date <= '2014-09-05 18:37:48'::timestamp without time zone))", "Rows Removed by Filter": 0}]}, {"Node Type": "Hash", "Parent Relationship": "Inner", "Parallel Aware": false, "Startup Cost": 2562.67, "Total Cost": 2562.67, "Plan Rows": 71442, "Plan Width": 8, "Actual Startup Time": 22.111, "Actual Total Time": 22.115, "Actual Rows": 20216, "Actual Loops": 1, "Output": ["c.userid", "u.id"], "Hash Buckets": 131072, "Original Hash Buckets": 131072, "Hash Batches": 1, "Original Hash Batches": 1, "Peak Memory Usage": 1814, "Plans": [{"Node Type": "Hash Join", "Parent Relationship": "Outer", "Parallel Aware": false, "Join Type": "Inner", "Startup Cost": 583.04, "Total Cost": 2562.67, "Plan Rows": 71442, "Plan Width": 8, "Actual Startup Time": 3.585, "Actual Total Time": 19.948, "Actual Rows": 20216, "Actual Loops": 1, "Output": ["c.userid", "u.id"], "Inner Unique": true, "Hash Cond": "(c.userid = u.id)", "Plans": [{"Node Type": "Seq Scan", "Parent Relationship": "Outer", "Parallel Aware": false, "Relation Name": "comments", "Schema": "public", "Alias": "c", "Startup Cost": 0.0, "Total Cost": 1773.36, "Plan Rows": 78561, "Plan Width": 4, "Actual Startup Time": 0.047, "Actual Total Time": 9.618, "Actual Rows": 78833, "Actual Loops": 1, "Output": ["c.id", "c.postid", "c.score", "c.creationdate", "c.userid"], "Filter": "((c.creationdate >= '2010-07-26 20:21:15'::timestamp without time zone) AND (c.creationdate <= '2014-09-10 21:04:18'::timestamp without time zone))", "Rows Removed by Filter": 524}, {"Node Type": "Hash", "Parent Relationship": "Inner", "Parallel Aware": false, "Startup Cost": 408.7, "Total Cost": 408.7, "Plan Rows": 13947, "Plan Width": 4, "Actual Startup Time": 3.485, "Actual Total Time": 3.486, "Actual Rows": 14219, "Actual Loops": 1, "Output": ["u.id"], "Hash Buckets": 16384, "Original Hash Buckets": 16384, "Hash Batches": 1, "Original Hash Batches": 1, "Peak Memory Usage": 628, "Plans": [{"Node Type": "Seq Scan", "Parent Relationship": "Outer", "Parallel Aware": false, "Relation Name": "users", "Schema": "public", "Alias": "u", "Startup Cost": 0.0, "Total Cost": 408.7, "Plan Rows": 13947, "Plan Width": 4, "Actual Startup Time": 0.009, "Actual Total Time": 2.214, "Actual Rows": 14219, "Actual Loops": 1, "Output": ["u.id"], "Filter": "((u.views >= 0) AND (u.views <= 75) AND (u.downvotes <= 0) AND (u.upvotes >= 0))", "Rows Removed by Filter": 716}]}]}]}]}]}, "Planning Time": 2.024, "Triggers": [], "Execution Time": 127.103}]#####[{"Plan": {"Node Type": "Aggregate", "Strategy": "Plain", "Partial Mode": "Simple", "Parallel Aware": false, "Startup Cost": 773631.58, "Total Cost": 773631.59, "Plan Rows": 1, "Plan Width": 8, "Actual Startup Time": 99.76, "Actual Total Time": 99.766, "Actual Rows": 1, "Actual Loops": 1, "Output": ["count(*)"], "Plans": [{"Node Type": "Hash Join", "Parent Relationship": "Outer", "Parallel Aware": false, "Join Type": "Inner", "Startup Cost": 43228.26, "Total Cost": 66962.42, "Plan Rows": 282667663, "Plan Width": 0, "Actual Startup Time": 42.522, "Actual Total Time": 84.769, "Actual Rows": 445999, "Actual Loops": 1, "Inner Unique": false, "Hash Cond": "(c.userid = u.id)", "Plans": [{"Node Type": "Seq Scan", "Parent Relationship": "Outer", "Parallel Aware": false, "Relation Name": "comments", "Schema": "public", "Alias": "c", "Startup Cost": 0.0, "Total Cost": 1773.36, "Plan Rows": 78561, "Plan Width": 4, "Actual Startup Time": 0.052, "Actual Total Time": 9.368, "Actual Rows": 78833, "Actual Loops": 1, "Output": ["c.id", "c.postid", "c.score", "c.creationdate", "c.userid"], "Filter": "((c.creationdate >= '2010-07-26 20:21:15'::timestamp without time zone) AND (c.creationdate <= '2014-09-10 21:04:18'::timestamp without time zone))", "Rows Removed by Filter": 524}, {"Node Type": "Hash", "Parent Relationship": "Inner", "Parallel Aware": false, "Startup Cost": 38564.18, "Total Cost": 38564.18, "Plan Rows": 373127, "Plan Width": 12, "Actual Startup Time": 41.112, "Actual Total Time": 41.114, "Actual Rows": 33689, "Actual Loops": 1, "Output": ["ph.userid", "b.userid", "u.id"], "Hash Buckets": 524288, "Original Hash Buckets": 524288, "Hash Batches": 1, "Original Hash Batches": 1, "Peak Memory Usage": 5544, "Plans": [{"Node Type": "Merge Join", "Parent Relationship": "Outer", "Parallel Aware": false, "Join Type": "Inner", "Startup Cost": 3726.39, "Total Cost": 38564.18, "Plan Rows": 373127, "Plan Width": 12, "Actual Startup Time": 14.733, "Actual Total Time": 37.099, "Actual Rows": 33689, "Actual Loops": 1, "Output": ["ph.userid", "b.userid", "u.id"], "Inner Unique": false, "Merge Cond": "(b.userid = u.id)", "Plans": [{"Node Type": "Index Scan", "Parent Relationship": "Outer", "Parallel Aware": false, "Scan Direction": "Forward", "Index Name": "idx_badges_userid", "Relation Name": "badges", "Schema": "public", "Alias": "b", "Startup Cost": 0.29, "Total Cost": 1341.8, "Plan Rows": 31169, "Plan Width": 4, "Actual Startup Time": 0.021, "Actual Total Time": 9.527, "Actual Rows": 31149, "Actual Loops": 1, "Output": ["b.id", "b.userid", "b.date"], "Filter": "((b.date >= '2010-08-19 03:24:21'::timestamp without time zone) AND (b.date <= '2014-09-05 18:37:48'::timestamp without time zone))", "Rows Removed by Filter": 1475}, {"Node Type": "Materialize", "Parent Relationship": "Inner", "Parallel Aware": false, "Startup Cost": 3725.04, "Total Cost": 7182.65, "Plan Rows": 1041800, "Plan Width": 8, "Actual Startup Time": 14.179, "Actual Total Time": 22.495, "Actual Rows": 34166, "Actual Loops": 1, "Output": ["ph.userid", "u.id"], "Plans": [{"Node Type": "Merge Join", "Parent Relationship": "Outer", "Parallel Aware": false, "Join Type": "Inner", "Startup Cost": 3725.04, "Total Cost": 4578.15, "Plan Rows": 1041800, "Plan Width": 8, "Actual Startup Time": 14.177, "Actual Total Time": 20.253, "Actual Rows": 9206, "Actual Loops": 1, "Output": ["ph.userid", "u.id"], "Inner Unique": false, "Merge Cond": "(u.id = ph.userid)", "Plans": [{"Node Type": "Index Scan", "Parent Relationship": "Outer", "Parallel Aware": false, "Scan Direction": "Forward", "Index Name": "users_pkey", "Relation Name": "users", "Schema": "public", "Alias": "u", "Startup Cost": 0.29, "Total Cost": 658.66, "Plan Rows": 13947, "Plan Width": 4, "Actual Startup Time": 0.016, "Actual Total Time": 3.258, "Actual Rows": 14219, "Actual Loops": 1, "Output": ["u.id", "u.reputation", "u.creationdate", "u.views", "u.upvotes", "u.downvotes"], "Filter": "((u.views >= 0) AND (u.views <= 75) AND (u.downvotes <= 0) AND (u.upvotes >= 0))", "Rows Removed by Filter": 716}, {"Node Type": "Sort", "Parent Relationship": "Inner", "Parallel Aware": false, "Startup Cost": 3724.76, "Total Cost": 3755.22, "Plan Rows": 12184, "Plan Width": 4, "Actual Startup Time": 14.147, "Actual Total Time": 14.994, "Actual Rows": 12332, "Actual Loops": 1, "Output": ["ph.userid"], "Sort Key": ["ph.userid"], "Sort Method": "quicksort", "Sort Space Used": 969, "Sort Space Type": "Memory", "Plans": [{"Node Type": "Seq Scan", "Parent Relationship": "Outer", "Parallel Aware": false, "Relation Name": "posthistory", "Schema": "public", "Alias": "ph", "Startup Cost": 0.0, "Total Cost": 2897.91, "Plan Rows": 12184, "Plan Width": 4, "Actual Startup Time": 2.907, "Actual Total Time": 11.912, "Actual Rows": 12526, "Actual Loops": 1, "Output": ["ph.userid"], "Filter": "((ph.creationdate >= '2011-07-14 16:35:28'::timestamp without time zone) AND (ph.posthistorytypeid = 1))", "Rows Removed by Filter": 117468}]}]}]}]}]}]}]}, "Planning Time": 1.696, "Triggers": [], "Execution Time": 100.299}]
[{"Plan": {"Node Type": "Aggregate", "Strategy": "Plain", "Partial Mode": "Simple", "Parallel Aware": false, "Startup Cost": 6223.04, "Total Cost": 6223.05, "Plan Rows": 1, "Plan Width": 8, "Actual Startup Time": 285.837, "Actual Total Time": 285.845, "Actual Rows": 1, "Actual Loops": 1, "Output": ["count(*)"], "Plans": [{"Node Type": "Hash Join", "Parent Relationship": "Outer", "Parallel Aware": false, "Join Type": "Inner", "Startup Cost": 2671.89, "Total Cost": 6081.37, "Plan Rows": 56670, "Plan Width": 0, "Actual Startup Time": 42.496, "Actual Total Time": 203.977, "Actual Rows": 2416042, "Actual Loops": 1, "Inner Unique": false, "Hash Cond": "(ph.userid = u.id)", "Plans": [{"Node Type": "Seq Scan", "Parent Relationship": "Outer", "Parallel Aware": false, "Relation Name": "posthistory", "Schema": "public", "Alias": "ph", "Startup Cost": 0.0, "Total Cost": 3222.9, "Plan Rows": 14852, "Plan Width": 4, "Actual Startup Time": 1.136, "Actual Total Time": 12.809, "Actual Rows": 15104, "Actual Loops": 1, "Output": ["ph.id", "ph.posthistorytypeid", "ph.postid", "ph.creationdate", "ph.userid"], "Filter": "((ph.creationdate >= '2010-12-13 02:47:06'::timestamp without time zone) AND (ph.creationdate <= '2014-08-14 01:17:55'::timestamp without time zone) AND (ph.posthistorytypeid = 1))", "Rows Removed by Filter": 114890}, {"Node Type": "Hash", "Parent Relationship": "Inner", "Parallel Aware": false, "Startup Cost": 2517.69, "Total Cost": 2517.69, "Plan Rows": 12336, "Plan Width": 12, "Actual Startup Time": 41.294, "Actual Total Time": 41.299, "Actual Rows": 126505, "Actual Loops": 1, "Output": ["p.owneruserid", "u.id", "b.userid"], "Hash Buckets": 131072, "Original Hash Buckets": 16384, "Hash Batches": 1, "Original Hash Batches": 1, "Peak Memory Usage": 6460, "Plans": [{"Node Type": "Hash Join", "Parent Relationship": "Outer", "Parallel Aware": false, "Join Type": "Inner", "Startup Cost": 1687.2, "Total Cost": 2517.69, "Plan Rows": 12336, "Plan Width": 12, "Actual Startup Time": 12.539, "Actual Total Time": 27.604, "Actual Rows": 126505, "Actual Loops": 1, "Output": ["p.owneruserid", "u.id", "b.userid"], "Inner Unique": false, "Hash Cond": "(b.userid = u.id)", "Plans": [{"Node Type": "Seq Scan", "Parent Relationship": "Outer", "Parallel Aware": false, "Relation Name": "badges", "Schema": "public", "Alias": "b", "Startup Cost": 0.0, "Total Cost": 584.8, "Plan Rows": 32621, "Plan Width": 4, "Actual Startup Time": 0.022, "Actual Total Time": 3.6, "Actual Rows": 32624, "Actual Loops": 1, "Output": ["b.id", "b.userid", "b.date"], "Filter": "(b.date <= '2014-09-12 12:51:25'::timestamp without time zone)", "Rows Removed by Filter": 0}, {"Node Type": "Hash", "Parent Relationship": "Inner", "Parallel Aware": false, "Startup Cost": 1616.6, "Total Cost": 1616.6, "Plan Rows": 5648, "Plan Width": 8, "Actual Startup Time": 12.496, "Actual Total Time": 12.5, "Actual Rows": 14449, "Actual Loops": 1, "Output": ["p.owneruserid", "u.id"], "Hash Buckets": 16384, "Original Hash Buckets": 8192, "Hash Batches": 1, "Original Hash Batches": 1, "Peak Memory Usage": 693, "Plans": [{"Node Type": "Hash Join", "Parent Relationship": "Outer", "Parallel Aware": false, "Join Type": "Inner", "Startup Cost": 520.69, "Total Cost": 1616.6, "Plan Rows": 5648, "Plan Width": 8, "Actual Startup Time": 3.464, "Actual Total Time": 10.96, "Actual Rows": 14449, "Actual Loops": 1, "Output": ["p.owneruserid", "u.id"], "Inner Unique": true, "Hash Cond": "(p.owneruserid = u.id)", "Plans": [{"Node Type": "Seq Scan", "Parent Relationship": "Outer", "Parallel Aware": false, "Relation Name": "posts", "Schema": "public", "Alias": "p", "Startup Cost": 0.0, "Total Cost": 1080.7, "Plan Rows": 5795, "Plan Width": 4, "Actual Startup Time": 0.01, "Actual Total Time": 5.562, "Actual Rows": 14925, "Actual Loops": 1, "Output": ["p.id", "p.posttypeid", "p.creationdate", "p.score", "p.viewcount", "p.owneruserid", "p.answercount", "p.commentcount", "p.favoritecount", "p.lasteditoruserid"], "Filter": "((p.score <= 18) AND (p.viewcount <= 6149) AND (p.answercount <= 3))", "Rows Removed by Filter": 26258}, {"Node Type": "Hash", "Parent Relationship": "Inner", "Parallel Aware": false, "Startup Cost": 334.02, "Total Cost": 334.02, "Plan Rows": 14933, "Plan Width": 4, "Actual Startup Time": 3.406, "Actual Total Time": 3.408, "Actual Rows": 14935, "Actual Loops": 1, "Output": ["u.id"], "Hash Buckets": 16384, "Original Hash Buckets": 16384, "Hash Batches": 1, "Original Hash Batches": 1, "Peak Memory Usage": 654, "Plans": [{"Node Type": "Seq Scan", "Parent Relationship": "Outer", "Parallel Aware": false, "Relation Name": "users", "Schema": "public", "Alias": "u", "Startup Cost": 0.0, "Total Cost": 334.02, "Plan Rows": 14933, "Plan Width": 4, "Actual Startup Time": 0.007, "Actual Total Time": 2.097, "Actual Rows": 14935, "Actual Loops": 1, "Output": ["u.id"], "Filter": "((u.downvotes >= 0) AND (u.creationdate <= '2014-08-24 21:01:38'::timestamp without time zone))", "Rows Removed by Filter": 0}]}]}]}]}]}]}]}, "Planning Time": 1.498, "Triggers": [], "Execution Time": 286.063}]#####[{"Plan": {"Node Type": "Aggregate", "Strategy": "Plain", "Partial Mode": "Simple", "Parallel Aware": false, "Startup Cost": 5106.63, "Total Cost": 5106.64, "Plan Rows": 1, "Plan Width": 8, "Actual Startup Time": 7105.533, "Actual Total Time": 7105.54, "Actual Rows": 1, "Actual Loops": 1, "Output": ["count(*)"], "Plans": [{"Node Type": "Nested Loop", "Parent Relationship": "Outer", "Parallel Aware": false, "Join Type": "Inner", "Startup Cost": 1687.49, "Total Cost": 3689.86, "Plan Rows": 566708, "Plan Width": 0, "Actual Startup Time": 13.047, "Actual Total Time": 7014.398, "Actual Rows": 2416042, "Actual Loops": 1, "Inner Unique": false, "Join Filter": "(u.id = ph.userid)", "Rows Removed by Join Filter": 0, "Plans": [{"Node Type": "Hash Join", "Parent Relationship": "Outer", "Parallel Aware": false, "Join Type": "Inner", "Startup Cost": 1687.2, "Total Cost": 2517.69, "Plan Rows": 1233, "Plan Width": 12, "Actual Startup Time": 12.642, "Actual Total Time": 40.546, "Actual Rows": 126505, "Actual Loops": 1, "Output": ["p.owneruserid", "u.id", "b.userid"], "Inner Unique": false, "Hash Cond": "(b.userid = u.id)", "Plans": [{"Node Type": "Seq Scan", "Parent Relationship": "Outer", "Parallel Aware": false, "Relation Name": "badges", "Schema": "public", "Alias": "b", "Startup Cost": 0.0, "Total Cost": 584.8, "Plan Rows": 32621, "Plan Width": 4, "Actual Startup Time": 0.01, "Actual Total Time": 4.916, "Actual Rows": 32624, "Actual Loops": 1, "Output": ["b.id", "b.userid", "b.date"], "Filter": "(b.date <= '2014-09-12 12:51:25'::timestamp without time zone)", "Rows Removed by Filter": 0}, {"Node Type": "Hash", "Parent Relationship": "Inner", "Parallel Aware": false, "Startup Cost": 1616.6, "Total Cost": 1616.6, "Plan Rows": 5648, "Plan Width": 8, "Actual Startup Time": 12.593, "Actual Total Time": 12.597, "Actual Rows": 14449, "Actual Loops": 1, "Output": ["p.owneruserid", "u.id"], "Hash Buckets": 16384, "Original Hash Buckets": 8192, "Hash Batches": 1, "Original Hash Batches": 1, "Peak Memory Usage": 693, "Plans": [{"Node Type": "Hash Join", "Parent Relationship": "Outer", "Parallel Aware": false, "Join Type": "Inner", "Startup Cost": 520.69, "Total Cost": 1616.6, "Plan Rows": 5648, "Plan Width": 8, "Actual Startup Time": 3.496, "Actual Total Time": 11.041, "Actual Rows": 14449, "Actual Loops": 1, "Output": ["p.owneruserid", "u.id"], "Inner Unique": true, "Hash Cond": "(p.owneruserid = u.id)", "Plans": [{"Node Type": "Seq Scan", "Parent Relationship": "Outer", "Parallel Aware": false, "Relation Name": "posts", "Schema": "public", "Alias": "p", "Startup Cost": 0.0, "Total Cost": 1080.7, "Plan Rows": 5795, "Plan Width": 4, "Actual Startup Time": 0.01, "Actual Total Time": 5.587, "Actual Rows": 14925, "Actual Loops": 1, "Output": ["p.id", "p.posttypeid", "p.creationdate", "p.score", "p.viewcount", "p.owneruserid", "p.answercount", "p.commentcount", "p.favoritecount", "p.lasteditoruserid"], "Filter": "((p.score <= 18) AND (p.viewcount <= 6149) AND (p.answercount <= 3))", "Rows Removed by Filter": 26258}, {"Node Type": "Hash", "Parent Relationship": "Inner", "Parallel Aware": false, "Startup Cost": 334.02, "Total Cost": 334.02, "Plan Rows": 14933, "Plan Width": 4, "Actual Startup Time": 3.436, "Actual Total Time": 3.437, "Actual Rows": 14935, "Actual Loops": 1, "Output": ["u.id"], "Hash Buckets": 16384, "Original Hash Buckets": 16384, "Hash Batches": 1, "Original Hash Batches": 1, "Peak Memory Usage": 654, "Plans": [{"Node Type": "Seq Scan", "Parent Relationship": "Outer", "Parallel Aware": false, "Relation Name": "users", "Schema": "public", "Alias": "u", "Startup Cost": 0.0, "Total Cost": 334.02, "Plan Rows": 14933, "Plan Width": 4, "Actual Startup Time": 0.009, "Actual Total Time": 2.113, "Actual Rows": 14935, "Actual Loops": 1, "Output": ["u.id"], "Filter": "((u.downvotes >= 0) AND (u.creationdate <= '2014-08-24 21:01:38'::timestamp without time zone))", "Rows Removed by Filter": 0}]}]}]}]}, {"Node Type": "Index Scan", "Parent Relationship": "Inner", "Parallel Aware": false, "Scan Direction": "Forward", "Index Name": "idx_posthistory_userid", "Relation Name": "posthistory", "Schema": "public", "Alias": "ph", "Startup Cost": 0.29, "Total Cost": 0.93, "Plan Rows": 2, "Plan Width": 4, "Actual Startup Time": 0.015, "Actual Total Time": 0.054, "Actual Rows": 19, "Actual Loops": 126505, "Output": ["ph.id", "ph.posthistorytypeid", "ph.postid", "ph.creationdate", "ph.userid"], "Index Cond": "(ph.userid = b.userid)", "Rows Removed by Index Recheck": 0, "Filter": "((ph.creationdate >= '2010-12-13 02:47:06'::timestamp without time zone) AND (ph.creationdate <= '2014-08-14 01:17:55'::timestamp without time zone) AND (ph.posthistorytypeid = 1))", "Rows Removed by Filter": 321}]}]}, "Planning Time": 1.551, "Triggers": [], "Execution Time": 7105.644}]#####[{"Plan": {"Node Type": "Aggregate", "Strategy": "Plain", "Partial Mode": "Simple", "Parallel Aware": false, "Startup Cost": 11481.1, "Total Cost": 11481.11, "Plan Rows": 1, "Plan Width": 8, "Actual Startup Time": 327.531, "Actual Total Time": 327.538, "Actual Rows": 1, "Actual Loops": 1, "Output": ["count(*)"], "Plans": [{"Node Type": "Hash Join", "Parent Relationship": "Outer", "Parallel Aware": false, "Join Type": "Inner", "Startup Cost": 3952.83, "Total Cost": 10064.33, "Plan Rows": 566708, "Plan Width": 0, "Actual Startup Time": 20.145, "Actual Total Time": 239.069, "Actual Rows": 2416042, "Actual Loops": 1, "Inner Unique": false, "Hash Cond": "(p.owneruserid = u.id)", "Plans": [{"Node Type": "Nested Loop", "Parent Relationship": "Outer", "Parallel Aware": false, "Join Type": "Inner", "Startup Cost": 0.29, "Total Cost": 4200.32, "Plan Rows": 151411, "Plan Width": 8, "Actual Startup Time": 0.026, "Actual Total Time": 63.554, "Actual Rows": 126505, "Actual Loops": 1, "Output": ["p.owneruserid", "b.userid"], "Inner Unique": false, "Plans": [{"Node Type": "Seq Scan", "Parent Relationship": "Outer", "Parallel Aware": false, "Relation Name": "posts", "Schema": "public", "Alias": "p", "Startup Cost": 0.0, "Total Cost": 1080.7, "Plan Rows": 5795, "Plan Width": 4, "Actual Startup Time": 0.012, "Actual Total Time": 6.193, "Actual Rows": 14925, "Actual Loops": 1, "Output": ["p.id", "p.posttypeid", "p.creationdate", "p.score", "p.viewcount", "p.owneruserid", "p.answercount", "p.commentcount", "p.favoritecount", "p.lasteditoruserid"], "Filter": "((p.score <= 18) AND (p.viewcount <= 6149) AND (p.answercount <= 3))", "Rows Removed by Filter": 26258}, {"Node Type": "Index Scan", "Parent Relationship": "Inner", "Parallel Aware": false, "Scan Direction": "Forward", "Index Name": "idx_badges_userid", "Relation Name": "badges", "Schema": "public", "Alias": "b", "Startup Cost": 0.29, "Total Cost": 0.51, "Plan Rows": 3, "Plan Width": 4, "Actual Startup Time": 0.001, "Actual Total Time": 0.003, "Actual Rows": 8, "Actual Loops": 14925, "Output": ["b.id", "b.userid", "b.date"], "Index Cond": "(b.userid = p.owneruserid)", "Rows Removed by Index Recheck": 0, "Filter": "(b.date <= '2014-09-12 12:51:25'::timestamp without time zone)", "Rows Removed by Filter": 0}]}, {"Node Type": "Hash", "Parent Relationship": "Inner", "Parallel Aware": false, "Startup Cost": 3782.58, "Total Cost": 3782.58, "Plan Rows": 13597, "Plan Width": 8, "Actual Startup Time": 20.057, "Actual Total Time": 20.061, "Actual Rows": 14687, "Actual Loops": 1, "Output": ["ph.userid", "u.id"], "Hash Buckets": 16384, "Original Hash Buckets": 16384, "Hash Batches": 1, "Original Hash Batches": 1, "Peak Memory Usage": 702, "Plans": [{"Node Type": "Hash Join", "Parent Relationship": "Outer", "Parallel Aware": false, "Join Type": "Inner", "Startup Cost": 520.69, "Total Cost": 3782.58, "Plan Rows": 13597, "Plan Width": 8, "Actual Startup Time": 4.628, "Actual Total Time": 18.419, "Actual Rows": 14687, "Actual Loops": 1, "Output": ["ph.userid", "u.id"], "Inner Unique": true, "Hash Cond": "(ph.userid = u.id)", "Plans": [{"Node Type": "Seq Scan", "Parent Relationship": "Outer", "Parallel Aware": false, "Relation Name": "posthistory", "Schema": "public", "Alias": "ph", "Startup Cost": 0.0, "Total Cost": 3222.9, "Plan Rows": 14852, "Plan Width": 4, "Actual Startup Time": 1.084, "Actual Total Time": 12.562, "Actual Rows": 15104, "Actual Loops": 1, "Output": ["ph.id", "ph.posthistorytypeid", "ph.postid", "ph.creationdate", "ph.userid"], "Filter": "((ph.creationdate >= '2010-12-13 02:47:06'::timestamp without time zone) AND (ph.creationdate <= '2014-08-14 01:17:55'::timestamp without time zone) AND (ph.posthistorytypeid = 1))", "Rows Removed by Filter": 114890}, {"Node Type": "Hash", "Parent Relationship": "Inner", "Parallel Aware": false, "Startup Cost": 334.02, "Total Cost": 334.02, "Plan Rows": 14933, "Plan Width": 4, "Actual Startup Time": 3.49, "Actual Total Time": 3.491, "Actual Rows": 14935, "Actual Loops": 1, "Output": ["u.id"], "Hash Buckets": 16384, "Original Hash Buckets": 16384, "Hash Batches": 1, "Original Hash Batches": 1, "Peak Memory Usage": 654, "Plans": [{"Node Type": "Seq Scan", "Parent Relationship": "Outer", "Parallel Aware": false, "Relation Name": "users", "Schema": "public", "Alias": "u", "Startup Cost": 0.0, "Total Cost": 334.02, "Plan Rows": 14933, "Plan Width": 4, "Actual Startup Time": 0.008, "Actual Total Time": 2.094, "Actual Rows": 14935, "Actual Loops": 1, "Output": ["u.id"], "Filter": "((u.downvotes >= 0) AND (u.creationdate <= '2014-08-24 21:01:38'::timestamp without time zone))", "Rows Removed by Filter": 0}]}]}]}]}]}, "Planning Time": 2.887, "Triggers": [], "Execution Time": 327.642}]
[{"Plan": {"Node Type": "Aggregate", "Strategy": "Plain", "Partial Mode": "Simple", "Parallel Aware": false, "Startup Cost": 3150.39, "Total Cost": 3150.4, "Plan Rows": 1, "Plan Width": 8, "Actual Startup Time": 69.086, "Actual Total Time": 69.091, "Actual Rows": 1, "Actual Loops": 1, "Output": ["count(*)"], "Plans": [{"Node Type": "Merge Join", "Parent Relationship": "Outer", "Parallel Aware": false, "Join Type": "Inner", "Startup Cost": 2208.5, "Total Cost": 2695.58, "Plan Rows": 181926, "Plan Width": 0, "Actual Startup Time": 63.987, "Actual Total Time": 68.642, "Actual Rows": 13227, "Actual Loops": 1, "Inner Unique": false, "Merge Cond": "(v.userid = u.id)", "Plans": [{"Node Type": "Merge Join", "Parent Relationship": "Outer", "Parallel Aware": false, "Join Type": "Inner", "Startup Cost": 0.94, "Total Cost": 4207.11, "Plan Rows": 257855, "Plan Width": 8, "Actual Startup Time": 0.034, "Actual Total Time": 45.121, "Actual Rows": 360495, "Actual Loops": 1, "Output": ["v.userid", "b.userid"], "Inner Unique": false, "Merge Cond": "(b.userid = v.userid)", "Plans": [{"Node Type": "Index Only Scan", "Parent Relationship": "Outer", "Parallel Aware": false, "Scan Direction": "Forward", "Index Name": "idx_badges_userid", "Relation Name": "badges", "Schema": "public", "Alias": "b", "Startup Cost": 0.29, "Total Cost": 713.65, "Plan Rows": 32624, "Plan Width": 4, "Actual Startup Time": 0.015, "Actual Total Time": 2.227, "Actual Rows": 32624, "Actual Loops": 1, "Output": ["b.userid"], "Heap Fetches": 0}, {"Node Type": "Materialize", "Parent Relationship": "Inner", "Parallel Aware": false, "Startup Cost": 0.29, "Total Cost": 3458.37, "Plan Rows": 164233, "Plan Width": 4, "Actual Startup Time": 0.014, "Actual Total Time": 13.108, "Actual Rows": 361570, "Actual Loops": 1, "Output": ["v.userid"], "Plans": [{"Node Type": "Index Only Scan", "Parent Relationship": "Outer", "Parallel Aware": false, "Scan Direction": "Forward", "Index Name": "idx_votes_userid", "Relation Name": "votes", "Schema": "public", "Alias": "v", "Startup Cost": 0.29, "Total Cost": 3047.79, "Plan Rows": 164233, "Plan Width": 4, "Actual Startup Time": 0.011, "Actual Total Time": 0.986, "Actual Rows": 15603, "Actual Loops": 1, "Output": ["v.userid"], "Heap Fetches": 0}]}]}, {"Node Type": "Sort", "Parent Relationship": "Inner", "Parallel Aware": false, "Startup Cost": 2207.55, "Total Cost": 2210.46, "Plan Rows": 1165, "Plan Width": 8, "Actual Startup Time": 9.22, "Actual Total Time": 9.634, "Actual Rows": 13294, "Actual Loops": 1, "Output": ["c.userid", "u.id"], "Sort Key": ["c.userid"], "Sort Method": "quicksort", "Sort Space Used": 30, "Sort Space Type": "Memory", "Plans": [{"Node Type": "Hash Join", "Parent Relationship": "Outer", "Parallel Aware": false, "Join Type": "Inner", "Startup Cost": 366.46, "Total Cost": 2148.22, "Plan Rows": 1165, "Plan Width": 8, "Actual Startup Time": 6.854, "Actual Total Time": 9.187, "Actual Rows": 119, "Actual Loops": 1, "Output": ["c.userid", "u.id"], "Inner Unique": true, "Hash Cond": "(c.userid = u.id)", "Plans": [{"Node Type": "Seq Scan", "Parent Relationship": "Outer", "Parallel Aware": false, "Relation Name": "comments", "Schema": "public", "Alias": "c", "Startup Cost": 0.0, "Total Cost": 1773.36, "Plan Rows": 3200, "Plan Width": 4, "Actual Startup Time": 1.84, "Actual Total Time": 6.919, "Actual Rows": 3143, "Actual Loops": 1, "Output": ["c.id", "c.postid", "c.score", "c.creationdate", "c.userid"], "Filter": "((c.creationdate >= '2011-07-20 23:17:28'::timestamp without time zone) AND (c.score = 2))", "Rows Removed by Filter": 76214}, {"Node Type": "Hash", "Parent Relationship": "Inner", "Parallel Aware": false, "Startup Cost": 296.69, "Total Cost": 296.69, "Plan Rows": 5582, "Plan Width": 4, "Actual Startup Time": 1.987, "Actual Total Time": 1.988, "Actual Rows": 5591, "Actual Loops": 1, "Output": ["u.id"], "Hash Buckets": 8192, "Original Hash Buckets": 8192, "Hash Batches": 1, "Original Hash Batches": 1, "Peak Memory Usage": 261, "Plans": [{"Node Type": "Seq Scan", "Parent Relationship": "Outer", "Parallel Aware": false, "Relation Name": "users", "Schema": "public", "Alias": "u", "Startup Cost": 0.0, "Total Cost": 296.69, "Plan Rows": 5582, "Plan Width": 4, "Actual Startup Time": 0.795, "Actual Total Time": 1.494, "Actual Rows": 5591, "Actual Loops": 1, "Output": ["u.id"], "Filter": "(u.creationdate >= '2012-06-20 01:27:29'::timestamp without time zone)", "Rows Removed by Filter": 9344}]}]}]}]}]}, "Planning Time": 1.568, "Triggers": [], "Execution Time": 69.179}]#####[{"Plan": {"Node Type": "Aggregate", "Strategy": "Plain", "Partial Mode": "Simple", "Parallel Aware": false, "Startup Cost": 6341.5, "Total Cost": 6341.51, "Plan Rows": 1, "Plan Width": 8, "Actual Startup Time": 140.338, "Actual Total Time": 140.341, "Actual Rows": 1, "Actual Loops": 1, "Output": ["count(*)"], "Plans": [{"Node Type": "Nested Loop", "Parent Relationship": "Outer", "Parallel Aware": false, "Join Type": "Inner", "Startup Cost": 1.52, "Total Cost": 1793.33, "Plan Rows": 1819267, "Plan Width": 0, "Actual Startup Time": 56.832, "Actual Total Time": 139.621, "Actual Rows": 13227, "Actual Loops": 1, "Inner Unique": false, "Join Filter": "(u.id = c.userid)", "Rows Removed by Join Filter": 0, "Plans": [{"Node Type": "Merge Join", "Parent Relationship": "Outer", "Parallel Aware": false, "Join Type": "Inner", "Startup Cost": 1.23, "Total Cost": 1111.22, "Plan Rows": 911, "Plan Width": 12, "Actual Startup Time": 55.545, "Actual Total Time": 60.935, "Actual Rows": 12648, "Actual Loops": 1, "Output": ["v.userid", "b.userid", "u.id"], "Inner Unique": true, "Merge Cond": "(v.userid = u.id)", "Plans": [{"Node Type": "Merge Join", "Parent Relationship": "Outer", "Parallel Aware": false, "Join Type": "Inner", "Startup Cost": 0.94, "Total Cost": 4207.11, "Plan Rows": 257855, "Plan Width": 8, "Actual Startup Time": 0.035, "Actual Total Time": 45.587, "Actual Rows": 360495, "Actual Loops": 1, "Output": ["v.userid", "b.userid"], "Inner Unique": false, "Merge Cond": "(b.userid = v.userid)", "Plans": [{"Node Type": "Index Only Scan", "Parent Relationship": "Outer", "Parallel Aware": false, "Scan Direction": "Forward", "Index Name": "idx_badges_userid", "Relation Name": "badges", "Schema": "public", "Alias": "b", "Startup Cost": 0.29, "Total Cost": 713.65, "Plan Rows": 32624, "Plan Width": 4, "Actual Startup Time": 0.013, "Actual Total Time": 2.289, "Actual Rows": 32624, "Actual Loops": 1, "Output": ["b.userid"], "Heap Fetches": 0}, {"Node Type": "Materialize", "Parent Relationship": "Inner", "Parallel Aware": false, "Startup Cost": 0.29, "Total Cost": 3458.37, "Plan Rows": 164233, "Plan Width": 4, "Actual Startup Time": 0.017, "Actual Total Time": 13.579, "Actual Rows": 361570, "Actual Loops": 1, "Output": ["v.userid"], "Plans": [{"Node Type": "Index Only Scan", "Parent Relationship": "Outer", "Parallel Aware": false, "Scan Direction": "Forward", "Index Name": "idx_votes_userid", "Relation Name": "votes", "Schema": "public", "Alias": "v", "Startup Cost": 0.29, "Total Cost": 3047.79, "Plan Rows": 164233, "Plan Width": 4, "Actual Startup Time": 0.013, "Actual Total Time": 1.03, "Actual Rows": 15603, "Actual Loops": 1, "Output": ["v.userid"], "Heap Fetches": 0}]}]}, {"Node Type": "Index Scan", "Parent Relationship": "Inner", "Parallel Aware": false, "Scan Direction": "Forward", "Index Name": "users_pkey", "Relation Name": "users", "Schema": "public", "Alias": "u", "Startup Cost": 0.29, "Total Cost": 546.65, "Plan Rows": 5582, "Plan Width": 4, "Actual Startup Time": 1.438, "Actual Total Time": 2.394, "Actual Rows": 5590, "Actual Loops": 1, "Output": ["u.id", "u.reputation", "u.creationdate", "u.views", "u.upvotes", "u.downvotes"], "Filter": "(u.creationdate >= '2012-06-20 01:27:29'::timestamp without time zone)", "Rows Removed by Filter": 9343}]}, {"Node Type": "Index Scan", "Parent Relationship": "Inner", "Parallel Aware": false, "Scan Direction": "Forward", "Index Name": "idx_comments_userid", "Relation Name": "comments", "Schema": "public", "Alias": "c", "Startup Cost": 0.29, "Total Cost": 0.74, "Plan Rows": 1, "Plan Width": 4, "Actual Startup Time": 0.004, "Actual Total Time": 0.006, "Actual Rows": 1, "Actual Loops": 12648, "Output": ["c.id", "c.postid", "c.score", "c.creationdate", "c.userid"], "Index Cond": "(c.userid = v.userid)", "Rows Removed by Index Recheck": 0, "Filter": "((c.creationdate >= '2011-07-20 23:17:28'::timestamp without time zone) AND (c.score = 2))", "Rows Removed by Filter": 33}]}]}, "Planning Time": 1.753, "Triggers": [], "Execution Time": 140.421}]#####[{"Plan": {"Node Type": "Aggregate", "Strategy": "Plain", "Partial Mode": "Simple", "Parallel Aware": false, "Startup Cost": 10842.79, "Total Cost": 10842.8, "Plan Rows": 1, "Plan Width": 8, "Actual Startup Time": 17.161, "Actual Total Time": 17.163, "Actual Rows": 1, "Actual Loops": 1, "Output": ["count(*)"], "Plans": [{"Node Type": "Merge Join", "Parent Relationship": "Outer", "Parallel Aware": false, "Join Type": "Inner", "Startup Cost": 1961.17, "Total Cost": 6294.62, "Plan Rows": 1819267, "Plan Width": 0, "Actual Startup Time": 13.043, "Actual Total Time": 16.719, "Actual Rows": 13227, "Actual Loops": 1, "Inner Unique": false, "Merge Cond": "(b.userid = u.id)", "Plans": [{"Node Type": "Index Only Scan", "Parent Relationship": "Outer", "Parallel Aware": false, "Scan Direction": "Forward", "Index Name": "idx_badges_userid", "Relation Name": "badges", "Schema": "public", "Alias": "b", "Startup Cost": 0.29, "Total Cost": 713.65, "Plan Rows": 32624, "Plan Width": 4, "Actual Startup Time": 0.013, "Actual Total Time": 2.088, "Actual Rows": 32624, "Actual Loops": 1, "Output": ["b.userid"], "Heap Fetches": 0}, {"Node Type": "Materialize", "Parent Relationship": "Inner", "Parallel Aware": false, "Startup Cost": 1960.44, "Total Cost": 4464.16, "Plan Rows": 34868, "Plan Width": 12, "Actual Startup Time": 10.532, "Actual Total Time": 12.444, "Actual Rows": 13227, "Actual Loops": 1, "Output": ["c.userid", "v.userid", "u.id"], "Plans": [{"Node Type": "Merge Join", "Parent Relationship": "Outer", "Parallel Aware": false, "Join Type": "Inner", "Startup Cost": 1960.44, "Total Cost": 4376.99, "Plan Rows": 34868, "Plan Width": 12, "Actual Startup Time": 10.528, "Actual Total Time": 11.924, "Actual Rows": 1036, "Actual Loops": 1, "Output": ["c.userid", "v.userid", "u.id"], "Inner Unique": false, "Merge Cond": "(u.id = v.userid)", "Plans": [{"Node Type": "Merge Join", "Parent Relationship": "Outer", "Parallel Aware": false, "Join Type": "Inner", "Startup Cost": 1960.14, "Total Cost": 2547.49, "Plan Rows": 116500, "Plan Width": 8, "Actual Startup Time": 9.222, "Actual Total Time": 10.323, "Actual Rows": 119, "Actual Loops": 1, "Output": ["c.userid", "u.id"], "Inner Unique": false, "Merge Cond": "(u.id = c.userid)", "Plans": [{"Node Type": "Index Scan", "Parent Relationship": "Outer", "Parallel Aware": false, "Scan Direction": "Forward", "Index Name": "users_pkey", "Relation Name": "users", "Schema": "public", "Alias": "u", "Startup Cost": 0.29, "Total Cost": 546.65, "Plan Rows": 5582, "Plan Width": 4, "Actual Startup Time": 1.441, "Actual Total Time": 2.349, "Actual Rows": 5591, "Actual Loops": 1, "Output": ["u.id", "u.reputation", "u.creationdate", "u.views", "u.upvotes", "u.downvotes"], "Filter": "(u.creationdate >= '2012-06-20 01:27:29'::timestamp without time zone)", "Rows Removed by Filter": 9344}, {"Node Type": "Sort", "Parent Relationship": "Inner", "Parallel Aware": false, "Startup Cost": 1959.66, "Total Cost": 1967.66, "Plan Rows": 3200, "Plan Width": 4, "Actual Startup Time": 7.522, "Actual Total Time": 7.636, "Actual Rows": 3042, "Actual Loops": 1, "Output": ["c.userid"], "Sort Key": ["c.userid"], "Sort Method": "quicksort", "Sort Space Used": 242, "Sort Space Type": "Memory", "Plans": [{"Node Type": "Seq Scan", "Parent Relationship": "Outer", "Parallel Aware": false, "Relation Name": "comments", "Schema": "public", "Alias": "c", "Startup Cost": 0.0, "Total Cost": 1773.36, "Plan Rows": 3200, "Plan Width": 4, "Actual Startup Time": 1.816, "Actual Total Time": 7.054, "Actual Rows": 3143, "Actual Loops": 1, "Output": ["c.userid"], "Filter": "((c.creationdate >= '2011-07-20 23:17:28'::timestamp without time zone) AND (c.score = 2))", "Rows Removed by Filter": 76214}]}]}, {"Node Type": "Index Only Scan", "Parent Relationship": "Inner", "Parallel Aware": false, "Scan Direction": "Forward", "Index Name": "idx_votes_userid", "Relation Name": "votes", "Schema": "public", "Alias": "v", "Startup Cost": 0.29, "Total Cost": 3047.79, "Plan Rows": 164233, "Plan Width": 4, "Actual Startup Time": 0.009, "Actual Total Time": 0.992, "Actual Rows": 16063, "Actual Loops": 1, "Output": ["v.userid"], "Heap Fetches": 0}]}]}]}]}, "Planning Time": 2.089, "Triggers": [], "Execution Time": 17.252}]
[{"Plan": {"Node Type": "Aggregate", "Strategy": "Plain", "Partial Mode": "Simple", "Parallel Aware": false, "Startup Cost": 3855.23, "Total Cost": 3855.24, "Plan Rows": 1, "Plan Width": 8, "Actual Startup Time": 66.162, "Actual Total Time": 66.167, "Actual Rows": 1, "Actual Loops": 1, "Output": ["count(*)"], "Plans": [{"Node Type": "Nested Loop", "Parent Relationship": "Outer", "Parallel Aware": false, "Join Type": "Inner", "Startup Cost": 1373.55, "Total Cost": 3853.53, "Plan Rows": 677, "Plan Width": 0, "Actual Startup Time": 7.323, "Actual Total Time": 63.393, "Actual Rows": 68801, "Actual Loops": 1, "Inner Unique": false, "Join Filter": "(p.id = v.postid)", "Rows Removed by Join Filter": 0, "Plans": [{"Node Type": "Nested Loop", "Parent Relationship": "Outer", "Parallel Aware": false, "Join Type": "Inner", "Startup Cost": 1373.26, "Total Cost": 2908.44, "Plan Rows": 1700, "Plan Width": 16, "Actual Startup Time": 7.301, "Actual Total Time": 29.896, "Actual Rows": 12860, "Actual Loops": 1, "Output": ["c.postid", "p.id", "pl.postid", "ph.postid"], "Inner Unique": false, "Join Filter": "(p.id = c.postid)", "Rows Removed by Join Filter": 0, "Plans": [{"Node Type": "Nested Loop", "Parent Relationship": "Outer", "Parallel Aware": false, "Join Type": "Inner", "Startup Cost": 1372.96, "Total Cost": 2437.41, "Plan Rows": 882, "Plan Width": 12, "Actual Startup Time": 7.289, "Actual Total Time": 20.133, "Actual Rows": 3554, "Actual Loops": 1, "Output": ["p.id", "pl.postid", "ph.postid"], "Inner Unique": false, "Plans": [{"Node Type": "Hash Join", "Parent Relationship": "Outer", "Parallel Aware": false, "Join Type": "Inner", "Startup Cost": 1372.67, "Total Cost": 1450.06, "Plan Rows": 1407, "Plan Width": 8, "Actual Startup Time": 7.232, "Actual Total Time": 8.515, "Actual Rows": 3252, "Actual Loops": 1, "Output": ["p.id", "pl.postid"], "Inner Unique": true, "Hash Cond": "(pl.postid = p.id)", "Plans": [{"Node Type": "Seq Scan", "Parent Relationship": "Outer", "Parallel Aware": false, "Relation Name": "postlinks", "Schema": "public", "Alias": "pl", "Startup Cost": 0.0, "Total Cost": 67.33, "Plan Rows": 3833, "Plan Width": 4, "Actual Startup Time": 0.007, "Actual Total Time": 0.243, "Actual Rows": 3833, "Actual Loops": 1, "Output": ["pl.id", "pl.creationdate", "pl.postid", "pl.relatedpostid", "pl.linktypeid"]}, {"Node Type": "Hash", "Parent Relationship": "Inner", "Parallel Aware": false, "Startup Cost": 1183.66, "Total Cost": 1183.66, "Plan Rows": 15121, "Plan Width": 4, "Actual Startup Time": 7.155, "Actual Total Time": 7.155, "Actual Rows": 15161, "Actual Loops": 1, "Output": ["p.id"], "Hash Buckets": 16384, "Original Hash Buckets": 16384, "Hash Batches": 1, "Original Hash Batches": 1, "Peak Memory Usage": 662, "Plans": [{"Node Type": "Seq Scan", "Parent Relationship": "Outer", "Parallel Aware": false, "Relation Name": "posts", "Schema": "public", "Alias": "p", "Startup Cost": 0.0, "Total Cost": 1183.66, "Plan Rows": 15121, "Plan Width": 4, "Actual Startup Time": 0.01, "Actual Total Time": 5.74, "Actual Rows": 15161, "Actual Loops": 1, "Output": ["p.id"], "Filter": "((p.viewcount >= 0) AND (p.viewcount <= 3055) AND (p.commentcount >= 0) AND (p.commentcount <= 14))", "Rows Removed by Filter": 26022}]}]}, {"Node Type": "Index Scan", "Parent Relationship": "Inner", "Parallel Aware": false, "Scan Direction": "Forward", "Index Name": "idx_posthistory_postid", "Relation Name": "posthistory", "Schema": "public", "Alias": "ph", "Startup Cost": 0.29, "Total Cost": 0.69, "Plan Rows": 1, "Plan Width": 4, "Actual Startup Time": 0.003, "Actual Total Time": 0.003, "Actual Rows": 1, "Actual Loops": 3252, "Output": ["ph.id", "ph.posthistorytypeid", "ph.postid", "ph.creationdate", "ph.userid"], "Index Cond": "(ph.postid = p.id)", "Rows Removed by Index Recheck": 0, "Filter": "((ph.creationdate >= '2010-12-02 11:33:03'::timestamp without time zone) AND (ph.posthistorytypeid = 5))", "Rows Removed by Filter": 5}]}, {"Node Type": "Index Scan", "Parent Relationship": "Inner", "Parallel Aware": false, "Scan Direction": "Forward", "Index Name": "idx_comments_postid", "Relation Name": "comments", "Schema": "public", "Alias": "c", "Startup Cost": 0.29, "Total Cost": 0.48, "Plan Rows": 4, "Plan Width": 4, "Actual Startup Time": 0.001, "Actual Total Time": 0.002, "Actual Rows": 4, "Actual Loops": 3554, "Output": ["c.id", "c.postid", "c.score", "c.creationdate", "c.userid"], "Index Cond": "(c.postid = ph.postid)", "Rows Removed by Index Recheck": 0, "Filter": "(c.creationdate <= '2014-09-10 15:17:42'::timestamp without time zone)", "Rows Removed by Filter": 0}]}, {"Node Type": "Index Scan", "Parent Relationship": "Inner", "Parallel Aware": false, "Scan Direction": "Forward", "Index Name": "idx_votes_postid", "Relation Name": "votes", "Schema": "public", "Alias": "v", "Startup Cost": 0.29, "Total Cost": 0.48, "Plan Rows": 6, "Plan Width": 4, "Actual Startup Time": 0.001, "Actual Total Time": 0.002, "Actual Rows": 5, "Actual Loops": 12860, "Output": ["v.id", "v.postid", "v.votetypeid", "v.creationdate", "v.userid", "v.bountyamount"], "Index Cond": "(v.postid = c.postid)", "Rows Removed by Index Recheck": 0, "Filter": "(v.creationdate <= '2014-09-12 00:00:00'::timestamp without time zone)", "Rows Removed by Filter": 0}]}]}, "Planning Time": 3.065, "Triggers": [], "Execution Time": 66.269}]#####[{"Plan": {"Node Type": "Aggregate", "Strategy": "Plain", "Partial Mode": "Simple", "Parallel Aware": false, "Startup Cost": 9389.1, "Total Cost": 9389.11, "Plan Rows": 1, "Plan Width": 8, "Actual Startup Time": 69.479, "Actual Total Time": 69.485, "Actual Rows": 1, "Actual Loops": 1, "Output": ["count(*)"], "Plans": [{"Node Type": "Hash Join", "Parent Relationship": "Outer", "Parallel Aware": false, "Join Type": "Inner", "Startup Cost": 3635.66, "Total Cost": 9372.15, "Plan Rows": 6779, "Plan Width": 0, "Actual Startup Time": 29.581, "Actual Total Time": 66.82, "Actual Rows": 68801, "Actual Loops": 1, "Inner Unique": false, "Hash Cond": "(pl.postid = p.id)", "Plans": [{"Node Type": "Nested Loop", "Parent Relationship": "Outer", "Parallel Aware": false, "Join Type": "Inner", "Startup Cost": 115.54, "Total Cost": 5596.3, "Plan Rows": 21179, "Plan Width": 12, "Actual Startup Time": 1.938, "Actual Total Time": 32.855, "Actual Rows": 28028, "Actual Loops": 1, "Output": ["pl.postid", "ph.postid", "v.postid"], "Inner Unique": false, "Join Filter": "(pl.postid = v.postid)", "Rows Removed by Join Filter": 0, "Plans": [{"Node Type": "Hash Join", "Parent Relationship": "Outer", "Parallel Aware": false, "Join Type": "Inner", "Startup Cost": 115.24, "Total Cost": 3368.05, "Plan Rows": 3217, "Plan Width": 8, "Actual Startup Time": 1.919, "Actual Total Time": 15.34, "Actual Rows": 4220, "Actual Loops": 1, "Output": ["pl.postid", "ph.postid"], "Inner Unique": false, "Hash Cond": "(ph.postid = pl.postid)", "Plans": [{"Node Type": "Seq Scan", "Parent Relationship": "Outer", "Parallel Aware": false, "Relation Name": "posthistory", "Schema": "public", "Alias": "ph", "Startup Cost": 0.0, "Total Cost": 2897.91, "Plan Rows": 25818, "Plan Width": 4, "Actual Startup Time": 1.082, "Actual Total Time": 12.042, "Actual Rows": 25870, "Actual Loops": 1, "Output": ["ph.id", "ph.posthistorytypeid", "ph.postid", "ph.creationdate", "ph.userid"], "Filter": "((ph.creationdate >= '2010-12-02 11:33:03'::timestamp without time zone) AND (ph.posthistorytypeid = 5))", "Rows Removed by Filter": 104124}, {"Node Type": "Hash", "Parent Relationship": "Inner", "Parallel Aware": false, "Startup Cost": 67.33, "Total Cost": 67.33, "Plan Rows": 3833, "Plan Width": 4, "Actual Startup Time": 0.801, "Actual Total Time": 0.801, "Actual Rows": 3833, "Actual Loops": 1, "Output": ["pl.postid"], "Hash Buckets": 4096, "Original Hash Buckets": 4096, "Hash Batches": 1, "Original Hash Batches": 1, "Peak Memory Usage": 167, "Plans": [{"Node Type": "Seq Scan", "Parent Relationship": "Outer", "Parallel Aware": false, "Relation Name": "postlinks", "Schema": "public", "Alias": "pl", "Startup Cost": 0.0, "Total Cost": 67.33, "Plan Rows": 3833, "Plan Width": 4, "Actual Startup Time": 0.006, "Actual Total Time": 0.461, "Actual Rows": 3833, "Actual Loops": 1, "Output": ["pl.postid"]}]}]}, {"Node Type": "Index Scan", "Parent Relationship": "Inner", "Parallel Aware": false, "Scan Direction": "Forward", "Index Name": "idx_votes_postid", "Relation Name": "votes", "Schema": "public", "Alias": "v", "Startup Cost": 0.29, "Total Cost": 0.62, "Plan Rows": 6, "Plan Width": 4, "Actual Startup Time": 0.001, "Actual Total Time": 0.004, "Actual Rows": 7, "Actual Loops": 4220, "Output": ["v.id", "v.postid", "v.votetypeid", "v.creationdate", "v.userid", "v.bountyamount"], "Index Cond": "(v.postid = ph.postid)", "Rows Removed by Index Recheck": 0, "Filter": "(v.creationdate <= '2014-09-12 00:00:00'::timestamp without time zone)", "Rows Removed by Filter": 0}]}, {"Node Type": "Hash", "Parent Relationship": "Inner", "Parallel Aware": false, "Startup Cost": 3155.95, "Total Cost": 3155.95, "Plan Rows": 29134, "Plan Width": 8, "Actual Startup Time": 27.547, "Actual Total Time": 27.548, "Actual Rows": 32705, "Actual Loops": 1, "Output": ["c.postid", "p.id"], "Hash Buckets": 32768, "Original Hash Buckets": 32768, "Hash Batches": 1, "Original Hash Batches": 1, "Peak Memory Usage": 1534, "Plans": [{"Node Type": "Hash Join", "Parent Relationship": "Outer", "Parallel Aware": false, "Join Type": "Inner", "Startup Cost": 1372.67, "Total Cost": 3155.95, "Plan Rows": 29134, "Plan Width": 8, "Actual Startup Time": 7.155, "Actual Total Time": 24.049, "Actual Rows": 32705, "Actual Loops": 1, "Output": ["c.postid", "p.id"], "Inner Unique": true, "Hash Cond": "(c.postid = p.id)", "Plans": [{"Node Type": "Seq Scan", "Parent Relationship": "Outer", "Parallel Aware": false, "Relation Name": "comments", "Schema": "public", "Alias": "c", "Startup Cost": 0.0, "Total Cost": 1574.96, "Plan Rows": 79349, "Plan Width": 4, "Actual Startup Time": 0.005, "Actual Total Time": 9.387, "Actual Rows": 79357, "Actual Loops": 1, "Output": ["c.id", "c.postid", "c.score", "c.creationdate", "c.userid"], "Filter": "(c.creationdate <= '2014-09-10 15:17:42'::timestamp without time zone)", "Rows Removed by Filter": 0}, {"Node Type": "Hash", "Parent Relationship": "Inner", "Parallel Aware": false, "Startup Cost": 1183.66, "Total Cost": 1183.66, "Plan Rows": 15121, "Plan Width": 4, "Actual Startup Time": 7.097, "Actual Total Time": 7.098, "Actual Rows": 15161, "Actual Loops": 1, "Output": ["p.id"], "Hash Buckets": 16384, "Original Hash Buckets": 16384, "Hash Batches": 1, "Original Hash Batches": 1, "Peak Memory Usage": 662, "Plans": [{"Node Type": "Seq Scan", "Parent Relationship": "Outer", "Parallel Aware": false, "Relation Name": "posts", "Schema": "public", "Alias": "p", "Startup Cost": 0.0, "Total Cost": 1183.66, "Plan Rows": 15121, "Plan Width": 4, "Actual Startup Time": 0.007, "Actual Total Time": 5.637, "Actual Rows": 15161, "Actual Loops": 1, "Output": ["p.id"], "Filter": "((p.viewcount >= 0) AND (p.viewcount <= 3055) AND (p.commentcount >= 0) AND (p.commentcount <= 14))", "Rows Removed by Filter": 26022}]}]}]}]}]}, "Planning Time": 4.038, "Triggers": [], "Execution Time": 69.606}]#####[{"Plan": {"Node Type": "Aggregate", "Strategy": "Plain", "Partial Mode": "Simple", "Parallel Aware": false, "Startup Cost": 6154.25, "Total Cost": 6154.26, "Plan Rows": 1, "Plan Width": 8, "Actual Startup Time": 55.498, "Actual Total Time": 55.505, "Actual Rows": 1, "Actual Loops": 1, "Output": ["count(*)"], "Plans": [{"Node Type": "Hash Join", "Parent Relationship": "Outer", "Parallel Aware": false, "Join Type": "Inner", "Startup Cost": 3487.95, "Total Cost": 6137.3, "Plan Rows": 6779, "Plan Width": 0, "Actual Startup Time": 35.416, "Actual Total Time": 53.057, "Actual Rows": 68801, "Actual Loops": 1, "Inner Unique": false, "Hash Cond": "(c.postid = p.id)", "Plans": [{"Node Type": "Seq Scan", "Parent Relationship": "Outer", "Parallel Aware": false, "Relation Name": "comments", "Schema": "public", "Alias": "c", "Startup Cost": 0.0, "Total Cost": 1574.96, "Plan Rows": 79349, "Plan Width": 4, "Actual Startup Time": 0.007, "Actual Total Time": 8.837, "Actual Rows": 79357, "Actual Loops": 1, "Output": ["c.id", "c.postid", "c.score", "c.creationdate", "c.userid"], "Filter": "(c.creationdate <= '2014-09-10 15:17:42'::timestamp without time zone)", "Rows Removed by Filter": 0}, {"Node Type": "Hash", "Parent Relationship": "Inner", "Parallel Aware": false, "Startup Cost": 3048.33, "Total Cost": 3048.33, "Plan Rows": 35170, "Plan Width": 16, "Actual Startup Time": 35.17, "Actual Total Time": 35.174, "Actual Rows": 17463, "Actual Loops": 1, "Output": ["p.id", "pl.postid", "ph.postid", "v.postid"], "Hash Buckets": 65536, "Original Hash Buckets": 65536, "Hash Batches": 1, "Original Hash Batches": 1, "Peak Memory Usage": 1331, "Plans": [{"Node Type": "Nested Loop", "Parent Relationship": "Outer", "Parallel Aware": false, "Join Type": "Inner", "Startup Cost": 1373.26, "Total Cost": 3048.33, "Plan Rows": 35170, "Plan Width": 16, "Actual Startup Time": 7.243, "Actual Total Time": 32.96, "Actual Rows": 17463, "Actual Loops": 1, "Output": ["p.id", "pl.postid", "ph.postid", "v.postid"], "Inner Unique": false, "Join Filter": "(p.id = v.postid)", "Rows Removed by Join Filter": 0, "Plans": [{"Node Type": "Nested Loop", "Parent Relationship": "Outer", "Parallel Aware": false, "Join Type": "Inner", "Startup Cost": 1372.96, "Total Cost": 2437.41, "Plan Rows": 882, "Plan Width": 12, "Actual Startup Time": 7.227, "Actual Total Time": 19.88, "Actual Rows": 3554, "Actual Loops": 1, "Output": ["p.id", "pl.postid", "ph.postid"], "Inner Unique": false, "Plans": [{"Node Type": "Hash Join", "Parent Relationship": "Outer", "Parallel Aware": false, "Join Type": "Inner", "Startup Cost": 1372.67, "Total Cost": 1450.06, "Plan Rows": 1407, "Plan Width": 8, "Actual Startup Time": 7.198, "Actual Total Time": 8.485, "Actual Rows": 3252, "Actual Loops": 1, "Output": ["p.id", "pl.postid"], "Inner Unique": true, "Hash Cond": "(pl.postid = p.id)", "Plans": [{"Node Type": "Seq Scan", "Parent Relationship": "Outer", "Parallel Aware": false, "Relation Name": "postlinks", "Schema": "public", "Alias": "pl", "Startup Cost": 0.0, "Total Cost": 67.33, "Plan Rows": 3833, "Plan Width": 4, "Actual Startup Time": 0.005, "Actual Total Time": 0.252, "Actual Rows": 3833, "Actual Loops": 1, "Output": ["pl.id", "pl.creationdate", "pl.postid", "pl.relatedpostid", "pl.linktypeid"]}, {"Node Type": "Hash", "Parent Relationship": "Inner", "Parallel Aware": false, "Startup Cost": 1183.66, "Total Cost": 1183.66, "Plan Rows": 15121, "Plan Width": 4, "Actual Startup Time": 7.141, "Actual Total Time": 7.142, "Actual Rows": 15161, "Actual Loops": 1, "Output": ["p.id"], "Hash Buckets": 16384, "Original Hash Buckets": 16384, "Hash Batches": 1, "Original Hash Batches": 1, "Peak Memory Usage": 662, "Plans": [{"Node Type": "Seq Scan", "Parent Relationship": "Outer", "Parallel Aware": false, "Relation Name": "posts", "Schema": "public", "Alias": "p", "Startup Cost": 0.0, "Total Cost": 1183.66, "Plan Rows": 15121, "Plan Width": 4, "Actual Startup Time": 0.008, "Actual Total Time": 5.722, "Actual Rows": 15161, "Actual Loops": 1, "Output": ["p.id"], "Filter": "((p.viewcount >= 0) AND (p.viewcount <= 3055) AND (p.commentcount >= 0) AND (p.commentcount <= 14))", "Rows Removed by Filter": 26022}]}]}, {"Node Type": "Index Scan", "Parent Relationship": "Inner", "Parallel Aware": false, "Scan Direction": "Forward", "Index Name": "idx_posthistory_postid", "Relation Name": "posthistory", "Schema": "public", "Alias": "ph", "Startup Cost": 0.29, "Total Cost": 0.69, "Plan Rows": 1, "Plan Width": 4, "Actual Startup Time": 0.003, "Actual Total Time": 0.003, "Actual Rows": 1, "Actual Loops": 3252, "Output": ["ph.id", "ph.posthistorytypeid", "ph.postid", "ph.creationdate", "ph.userid"], "Index Cond": "(ph.postid = p.id)", "Rows Removed by Index Recheck": 0, "Filter": "((ph.creationdate >= '2010-12-02 11:33:03'::timestamp without time zone) AND (ph.posthistorytypeid = 5))", "Rows Removed by Filter": 5}]}, {"Node Type": "Index Scan", "Parent Relationship": "Inner", "Parallel Aware": false, "Scan Direction": "Forward", "Index Name": "idx_votes_postid", "Relation Name": "votes", "Schema": "public", "Alias": "v", "Startup Cost": 0.29, "Total Cost": 0.62, "Plan Rows": 6, "Plan Width": 4, "Actual Startup Time": 0.001, "Actual Total Time": 0.003, "Actual Rows": 5, "Actual Loops": 3554, "Output": ["v.id", "v.postid", "v.votetypeid", "v.creationdate", "v.userid", "v.bountyamount"], "Index Cond": "(v.postid = ph.postid)", "Rows Removed by Index Recheck": 0, "Filter": "(v.creationdate <= '2014-09-12 00:00:00'::timestamp without time zone)", "Rows Removed by Filter": 0}]}]}]}]}, "Planning Time": 4.04, "Triggers": [], "Execution Time": 55.642}]
[{"Plan": {"Node Type": "Aggregate", "Strategy": "Plain", "Partial Mode": "Simple", "Parallel Aware": false, "Startup Cost": 2730.39, "Total Cost": 2730.4, "Plan Rows": 1, "Plan Width": 8, "Actual Startup Time": 43.777, "Actual Total Time": 43.783, "Actual Rows": 1, "Actual Loops": 1, "Output": ["count(*)"], "Plans": [{"Node Type": "Nested Loop", "Parent Relationship": "Outer", "Parallel Aware": false, "Join Type": "Inner", "Startup Cost": 1479.67, "Total Cost": 2730.11, "Plan Rows": 111, "Plan Width": 0, "Actual Startup Time": 8.016, "Actual Total Time": 43.056, "Actual Rows": 15758, "Actual Loops": 1, "Inner Unique": false, "Join Filter": "(p.id = v.postid)", "Rows Removed by Join Filter": 0, "Plans": [{"Node Type": "Nested Loop", "Parent Relationship": "Outer", "Parallel Aware": false, "Join Type": "Inner", "Startup Cost": 1479.38, "Total Cost": 2530.7, "Plan Rows": 344, "Plan Width": 16, "Actual Startup Time": 7.996, "Actual Total Time": 28.582, "Actual Rows": 4768, "Actual Loops": 1, "Output": ["c.postid", "p.id", "pl.postid", "ph.postid"], "Inner Unique": false, "Join Filter": "(p.id = c.postid)", "Rows Removed by Join Filter": 0, "Plans": [{"Node Type": "Nested Loop", "Parent Relationship": "Outer", "Parallel Aware": false, "Join Type": "Inner", "Startup Cost": 1479.08, "Total Cost": 2392.68, "Plan Rows": 236, "Plan Width": 12, "Actual Startup Time": 7.977, "Actual Total Time": 21.811, "Actual Rows": 2192, "Actual Loops": 1, "Output": ["p.id", "pl.postid", "ph.postid"], "Inner Unique": false, "Plans": [{"Node Type": "Nested Loop", "Parent Relationship": "Outer", "Parallel Aware": false, "Join Type": "Inner", "Startup Cost": 1478.79, "Total Cost": 1987.29, "Plan Rows": 590, "Plan Width": 8, "Actual Startup Time": 7.956, "Actual Total Time": 12.877, "Actual Rows": 2192, "Actual Loops": 1, "Output": ["p.id", "pl.postid"], "Inner Unique": true, "Plans": [{"Node Type": "Hash Join", "Parent Relationship": "Outer", "Parallel Aware": false, "Join Type": "Inner", "Startup Cost": 1478.5, "Total Cost": 1573.45, "Plan Rows": 1200, "Plan Width": 12, "Actual Startup Time": 7.942, "Actual Total Time": 9.143, "Actual Rows": 2946, "Actual Loops": 1, "Output": ["p.id", "p.lasteditoruserid", "pl.postid"], "Inner Unique": true, "Hash Cond": "(pl.postid = p.id)", "Plans": [{"Node Type": "Seq Scan", "Parent Relationship": "Outer", "Parallel Aware": false, "Relation Name": "postlinks", "Schema": "public", "Alias": "pl", "Startup Cost": 0.0, "Total Cost": 86.5, "Plan Rows": 3218, "Plan Width": 4, "Actual Startup Time": 0.098, "Actual Total Time": 0.557, "Actual Rows": 3216, "Actual Loops": 1, "Output": ["pl.id", "pl.creationdate", "pl.postid", "pl.relatedpostid", "pl.linktypeid"], "Filter": "((pl.creationdate >= '2011-06-05 22:41:40'::timestamp without time zone) AND (pl.linktypeid = 1))", "Rows Removed by Filter": 617}, {"Node Type": "Hash", "Parent Relationship": "Inner", "Parallel Aware": false, "Startup Cost": 1286.62, "Total Cost": 1286.62, "Plan Rows": 15351, "Plan Width": 8, "Actual Startup Time": 7.773, "Actual Total Time": 7.773, "Actual Rows": 15583, "Actual Loops": 1, "Output": ["p.id", "p.lasteditoruserid"], "Hash Buckets": 16384, "Original Hash Buckets": 16384, "Hash Batches": 1, "Original Hash Batches": 1, "Peak Memory Usage": 721, "Plans": [{"Node Type": "Seq Scan", "Parent Relationship": "Outer", "Parallel Aware": false, "Relation Name": "posts", "Schema": "public", "Alias": "p", "Startup Cost": 0.0, "Total Cost": 1286.62, "Plan Rows": 15351, "Plan Width": 8, "Actual Startup Time": 0.142, "Actual Total Time": 6.186, "Actual Rows": 15583, "Actual Loops": 1, "Output": ["p.id", "p.lasteditoruserid"], "Filter": "((p.viewcount >= 0) AND (p.viewcount <= 5960) AND (p.commentcount <= 11) AND (p.creationdate >= '2010-08-02 19:16:14'::timestamp without time zone) AND (p.creationdate <= '2014-09-14 02:09:23'::timestamp without time zone))", "Rows Removed by Filter": 25600}]}]}, {"Node Type": "Index Scan", "Parent Relationship": "Inner", "Parallel Aware": false, "Scan Direction": "Forward", "Index Name": "users_pkey", "Relation Name": "users", "Schema": "public", "Alias": "u", "Startup Cost": 0.29, "Total Cost": 0.34, "Plan Rows": 1, "Plan Width": 4, "Actual Startup Time": 0.001, "Actual Total Time": 0.001, "Actual Rows": 1, "Actual Loops": 2946, "Output": ["u.id", "u.reputation", "u.creationdate", "u.views", "u.upvotes", "u.downvotes"], "Index Cond": "(u.id = p.lasteditoruserid)", "Rows Removed by Index Recheck": 0, "Filter": "(u.creationdate <= '2014-09-06 07:57:40'::timestamp without time zone)", "Rows Removed by Filter": 0}]}, {"Node Type": "Index Scan", "Parent Relationship": "Inner", "Parallel Aware": false, "Scan Direction": "Forward", "Index Name": "idx_posthistory_postid", "Relation Name": "posthistory", "Schema": "public", "Alias": "ph", "Startup Cost": 0.29, "Total Cost": 0.68, "Plan Rows": 1, "Plan Width": 4, "Actual Startup Time": 0.002, "Actual Total Time": 0.004, "Actual Rows": 1, "Actual Loops": 2192, "Output": ["ph.id", "ph.posthistorytypeid", "ph.postid", "ph.creationdate", "ph.userid"], "Index Cond": "(ph.postid = p.id)", "Rows Removed by Index Recheck": 0, "Filter": "(ph.posthistorytypeid = 1)", "Rows Removed by Filter": 5}]}, {"Node Type": "Index Scan", "Parent Relationship": "Inner", "Parallel Aware": false, "Scan Direction": "Forward", "Index Name": "idx_comments_postid", "Relation Name": "comments", "Schema": "public", "Alias": "c", "Startup Cost": 0.29, "Total Cost": 0.55, "Plan Rows": 3, "Plan Width": 4, "Actual Startup Time": 0.002, "Actual Total Time": 0.003, "Actual Rows": 2, "Actual Loops": 2192, "Output": ["c.id", "c.postid", "c.score", "c.creationdate", "c.userid"], "Index Cond": "(c.postid = ph.postid)", "Rows Removed by Index Recheck": 0, "Filter": "(c.score = 0)", "Rows Removed by Filter": 1}]}, {"Node Type": "Index Scan", "Parent Relationship": "Inner", "Parallel Aware": false, "Scan Direction": "Forward", "Index Name": "idx_votes_postid", "Relation Name": "votes", "Schema": "public", "Alias": "v", "Startup Cost": 0.29, "Total Cost": 0.52, "Plan Rows": 5, "Plan Width": 4, "Actual Startup Time": 0.001, "Actual Total Time": 0.003, "Actual Rows": 3, "Actual Loops": 4768, "Output": ["v.id", "v.postid", "v.votetypeid", "v.creationdate", "v.userid", "v.bountyamount"], "Index Cond": "(v.postid = c.postid)", "Rows Removed by Index Recheck": 0, "Filter": "((v.creationdate >= '2010-07-20 00:00:00'::timestamp without time zone) AND (v.votetypeid = 2))", "Rows Removed by Filter": 1}]}]}, "Planning Time": 6.172, "Triggers": [], "Execution Time": 43.887}]#####[{"Plan": {"Node Type": "Aggregate", "Strategy": "Plain", "Partial Mode": "Simple", "Parallel Aware": false, "Startup Cost": 4165.21, "Total Cost": 4165.22, "Plan Rows": 1, "Plan Width": 8, "Actual Startup Time": 57.336, "Actual Total Time": 57.342, "Actual Rows": 1, "Actual Loops": 1, "Output": ["count(*)"], "Plans": [{"Node Type": "Hash Join", "Parent Relationship": "Outer", "Parallel Aware": false, "Join Type": "Inner", "Startup Cost": 1962.75, "Total Cost": 4162.42, "Plan Rows": 1115, "Plan Width": 0, "Actual Startup Time": 17.685, "Actual Total Time": 56.634, "Actual Rows": 15758, "Actual Loops": 1, "Inner Unique": true, "Hash Cond": "(p.lasteditoruserid = u.id)", "Plans": [{"Node Type": "Nested Loop", "Parent Relationship": "Outer", "Parallel Aware": false, "Join Type": "Inner", "Startup Cost": 1479.38, "Total Cost": 3083.89, "Plan Rows": 226700, "Plan Width": 4, "Actual Startup Time": 11.141, "Actual Total Time": 47.946, "Actual Rows": 19578, "Actual Loops": 1, "Output": ["p.lasteditoruserid"], "Inner Unique": false, "Join Filter": "(p.id = v.postid)", "Rows Removed by Join Filter": 0, "Plans": [{"Node Type": "Nested Loop", "Parent Relationship": "Outer", "Parallel Aware": false, "Join Type": "Inner", "Startup Cost": 1479.09, "Total Cost": 2678.68, "Plan Rows": 699, "Plan Width": 20, "Actual Startup Time": 11.116, "Actual Total Time": 30.72, "Actual Rows": 5949, "Actual Loops": 1, "Output": ["c.postid", "p.id", "p.lasteditoruserid", "pl.postid", "ph.postid"], "Inner Unique": false, "Join Filter": "(p.id = c.postid)", "Rows Removed by Join Filter": 0, "Plans": [{"Node Type": "Nested Loop", "Parent Relationship": "Outer", "Parallel Aware": false, "Join Type": "Inner", "Startup Cost": 1478.8, "Total Cost": 2397.97, "Plan Rows": 480, "Plan Width": 16, "Actual Startup Time": 11.091, "Actual Total Time": 22.662, "Actual Rows": 2946, "Actual Loops": 1, "Output": ["p.id", "p.lasteditoruserid", "pl.postid", "ph.postid"], "Inner Unique": false, "Plans": [{"Node Type": "Hash Join", "Parent Relationship": "Outer", "Parallel Aware": false, "Join Type": "Inner", "Startup Cost": 1478.5, "Total Cost": 1573.45, "Plan Rows": 1200, "Plan Width": 12, "Actual Startup Time": 11.063, "Actual Total Time": 12.395, "Actual Rows": 2946, "Actual Loops": 1, "Output": ["p.id", "p.lasteditoruserid", "pl.postid"], "Inner Unique": true, "Hash Cond": "(pl.postid = p.id)", "Plans": [{"Node Type": "Seq Scan", "Parent Relationship": "Outer", "Parallel Aware": false, "Relation Name": "postlinks", "Schema": "public", "Alias": "pl", "Startup Cost": 0.0, "Total Cost": 86.5, "Plan Rows": 3218, "Plan Width": 4, "Actual Startup Time": 0.104, "Actual Total Time": 0.662, "Actual Rows": 3216, "Actual Loops": 1, "Output": ["pl.id", "pl.creationdate", "pl.postid", "pl.relatedpostid", "pl.linktypeid"], "Filter": "((pl.creationdate >= '2011-06-05 22:41:40'::timestamp without time zone) AND (pl.linktypeid = 1))", "Rows Removed by Filter": 617}, {"Node Type": "Hash", "Parent Relationship": "Inner", "Parallel Aware": false, "Startup Cost": 1286.62, "Total Cost": 1286.62, "Plan Rows": 15351, "Plan Width": 8, "Actual Startup Time": 10.868, "Actual Total Time": 10.869, "Actual Rows": 15583, "Actual Loops": 1, "Output": ["p.id", "p.lasteditoruserid"], "Hash Buckets": 16384, "Original Hash Buckets": 16384, "Hash Batches": 1, "Original Hash Batches": 1, "Peak Memory Usage": 721, "Plans": [{"Node Type": "Seq Scan", "Parent Relationship": "Outer", "Parallel Aware": false, "Relation Name": "posts", "Schema": "public", "Alias": "p", "Startup Cost": 0.0, "Total Cost": 1286.62, "Plan Rows": 15351, "Plan Width": 8, "Actual Startup Time": 0.236, "Actual Total Time": 8.665, "Actual Rows": 15583, "Actual Loops": 1, "Output": ["p.id", "p.lasteditoruserid"], "Filter": "((p.viewcount >= 0) AND (p.viewcount <= 5960) AND (p.commentcount <= 11) AND (p.creationdate >= '2010-08-02 19:16:14'::timestamp without time zone) AND (p.creationdate <= '2014-09-14 02:09:23'::timestamp without time zone))", "Rows Removed by Filter": 25600}]}]}, {"Node Type": "Index Scan", "Parent Relationship": "Inner", "Parallel Aware": false, "Scan Direction": "Forward", "Index Name": "idx_posthistory_postid", "Relation Name": "posthistory", "Schema": "public", "Alias": "ph", "Startup Cost": 0.29, "Total Cost": 0.68, "Plan Rows": 1, "Plan Width": 4, "Actual Startup Time": 0.002, "Actual Total Time": 0.003, "Actual Rows": 1, "Actual Loops": 2946, "Output": ["ph.id", "ph.posthistorytypeid", "ph.postid", "ph.creationdate", "ph.userid"], "Index Cond": "(ph.postid = p.id)", "Rows Removed by Index Recheck": 0, "Filter": "(ph.posthistorytypeid = 1)", "Rows Removed by Filter": 5}]}, {"Node Type": "Index Scan", "Parent Relationship": "Inner", "Parallel Aware": false, "Scan Direction": "Forward", "Index Name": "idx_comments_postid", "Relation Name": "comments", "Schema": "public", "Alias": "c", "Startup Cost": 0.29, "Total Cost": 0.55, "Plan Rows": 3, "Plan Width": 4, "Actual Startup Time": 0.002, "Actual Total Time": 0.002, "Actual Rows": 2, "Actual Loops": 2946, "Output": ["c.id", "c.postid", "c.score", "c.creationdate", "c.userid"], "Index Cond": "(c.postid = ph.postid)", "Rows Removed by Index Recheck": 0, "Filter": "(c.score = 0)", "Rows Removed by Filter": 1}]}, {"Node Type": "Index Scan", "Parent Relationship": "Inner", "Parallel Aware": false, "Scan Direction": "Forward", "Index Name": "idx_votes_postid", "Relation Name": "votes", "Schema": "public", "Alias": "v", "Startup Cost": 0.29, "Total Cost": 0.52, "Plan Rows": 5, "Plan Width": 4, "Actual Startup Time": 0.001, "Actual Total Time": 0.003, "Actual Rows": 3, "Actual Loops": 5949, "Output": ["v.id", "v.postid", "v.votetypeid", "v.creationdate", "v.userid", "v.bountyamount"], "Index Cond": "(v.postid = c.postid)", "Rows Removed by Index Recheck": 0, "Filter": "((v.creationdate >= '2010-07-20 00:00:00'::timestamp without time zone) AND (v.votetypeid = 2))", "Rows Removed by Filter": 1}]}, {"Node Type": "Hash", "Parent Relationship": "Inner", "Parallel Aware": false, "Startup Cost": 296.69, "Total Cost": 296.69, "Plan Rows": 14934, "Plan Width": 4, "Actual Startup Time": 6.318, "Actual Total Time": 6.318, "Actual Rows": 14935, "Actual Loops": 1, "Output": ["u.id"], "Hash Buckets": 16384, "Original Hash Buckets": 16384, "Hash Batches": 1, "Original Hash Batches": 1, "Peak Memory Usage": 654, "Plans": [{"Node Type": "Seq Scan", "Parent Relationship": "Outer", "Parallel Aware": false, "Relation Name": "users", "Schema": "public", "Alias": "u", "Startup Cost": 0.0, "Total Cost": 296.69, "Plan Rows": 14934, "Plan Width": 4, "Actual Startup Time": 0.027, "Actual Total Time": 3.609, "Actual Rows": 14935, "Actual Loops": 1, "Output": ["u.id"], "Filter": "(u.creationdate <= '2014-09-06 07:57:40'::timestamp without time zone)", "Rows Removed by Filter": 0}]}]}]}, "Planning Time": 4.011, "Triggers": [], "Execution Time": 57.59}]#####[{"Plan": {"Node Type": "Aggregate", "Strategy": "Plain", "Partial Mode": "Simple", "Parallel Aware": false, "Startup Cost": 2577.47, "Total Cost": 2577.48, "Plan Rows": 1, "Plan Width": 8, "Actual Startup Time": 48.679, "Actual Total Time": 48.685, "Actual Rows": 1, "Actual Loops": 1, "Output": ["count(*)"], "Plans": [{"Node Type": "Nested Loop", "Parent Relationship": "Outer", "Parallel Aware": false, "Join Type": "Inner", "Startup Cost": 1479.67, "Total Cost": 2574.68, "Plan Rows": 1115, "Plan Width": 0, "Actual Startup Time": 9.558, "Actual Total Time": 47.938, "Actual Rows": 15758, "Actual Loops": 1, "Inner Unique": false, "Join Filter": "(p.id = v.postid)", "Rows Removed by Join Filter": 0, "Plans": [{"Node Type": "Nested Loop", "Parent Relationship": "Outer", "Parallel Aware": false, "Join Type": "Inner", "Startup Cost": 1479.38, "Total Cost": 2375.26, "Plan Rows": 344, "Plan Width": 16, "Actual Startup Time": 9.542, "Actual Total Time": 33.763, "Actual Rows": 4768, "Actual Loops": 1, "Output": ["c.postid", "p.id", "pl.postid", "ph.postid"], "Inner Unique": false, "Join Filter": "(p.id = ph.postid)", "Rows Removed by Join Filter": 0, "Plans": [{"Node Type": "Nested Loop", "Parent Relationship": "Outer", "Parallel Aware": false, "Join Type": "Inner", "Startup Cost": 1479.08, "Total Cost": 2335.45, "Plan Rows": 86, "Plan Width": 12, "Actual Startup Time": 9.527, "Actual Total Time": 20.817, "Actual Rows": 4768, "Actual Loops": 1, "Output": ["c.postid", "p.id", "pl.postid"], "Inner Unique": false, "Plans": [{"Node Type": "Nested Loop", "Parent Relationship": "Outer", "Parallel Aware": false, "Join Type": "Inner", "Startup Cost": 1478.79, "Total Cost": 1987.29, "Plan Rows": 590, "Plan Width": 8, "Actual Startup Time": 9.512, "Actual Total Time": 14.365, "Actual Rows": 2192, "Actual Loops": 1, "Output": ["p.id", "pl.postid"], "Inner Unique": true, "Plans": [{"Node Type": "Hash Join", "Parent Relationship": "Outer", "Parallel Aware": false, "Join Type": "Inner", "Startup Cost": 1478.5, "Total Cost": 1573.45, "Plan Rows": 1200, "Plan Width": 12, "Actual Startup Time": 9.495, "Actual Total Time": 10.7, "Actual Rows": 2946, "Actual Loops": 1, "Output": ["p.id", "p.lasteditoruserid", "pl.postid"], "Inner Unique": true, "Hash Cond": "(pl.postid = p.id)", "Plans": [{"Node Type": "Seq Scan", "Parent Relationship": "Outer", "Parallel Aware": false, "Relation Name": "postlinks", "Schema": "public", "Alias": "pl", "Startup Cost": 0.0, "Total Cost": 86.5, "Plan Rows": 3218, "Plan Width": 4, "Actual Startup Time": 0.085, "Actual Total Time": 0.603, "Actual Rows": 3216, "Actual Loops": 1, "Output": ["pl.id", "pl.creationdate", "pl.postid", "pl.relatedpostid", "pl.linktypeid"], "Filter": "((pl.creationdate >= '2011-06-05 22:41:40'::timestamp without time zone) AND (pl.linktypeid = 1))", "Rows Removed by Filter": 617}, {"Node Type": "Hash", "Parent Relationship": "Inner", "Parallel Aware": false, "Startup Cost": 1286.62, "Total Cost": 1286.62, "Plan Rows": 15351, "Plan Width": 8, "Actual Startup Time": 9.313, "Actual Total Time": 9.313, "Actual Rows": 15583, "Actual Loops": 1, "Output": ["p.id", "p.lasteditoruserid"], "Hash Buckets": 16384, "Original Hash Buckets": 16384, "Hash Batches": 1, "Original Hash Batches": 1, "Peak Memory Usage": 721, "Plans": [{"Node Type": "Seq Scan", "Parent Relationship": "Outer", "Parallel Aware": false, "Relation Name": "posts", "Schema": "public", "Alias": "p", "Startup Cost": 0.0, "Total Cost": 1286.62, "Plan Rows": 15351, "Plan Width": 8, "Actual Startup Time": 0.186, "Actual Total Time": 7.372, "Actual Rows": 15583, "Actual Loops": 1, "Output": ["p.id", "p.lasteditoruserid"], "Filter": "((p.viewcount >= 0) AND (p.viewcount <= 5960) AND (p.commentcount <= 11) AND (p.creationdate >= '2010-08-02 19:16:14'::timestamp without time zone) AND (p.creationdate <= '2014-09-14 02:09:23'::timestamp without time zone))", "Rows Removed by Filter": 25600}]}]}, {"Node Type": "Index Scan", "Parent Relationship": "Inner", "Parallel Aware": false, "Scan Direction": "Forward", "Index Name": "users_pkey", "Relation Name": "users", "Schema": "public", "Alias": "u", "Startup Cost": 0.29, "Total Cost": 0.34, "Plan Rows": 1, "Plan Width": 4, "Actual Startup Time": 0.001, "Actual Total Time": 0.001, "Actual Rows": 1, "Actual Loops": 2946, "Output": ["u.id", "u.reputation", "u.creationdate", "u.views", "u.upvotes", "u.downvotes"], "Index Cond": "(u.id = p.lasteditoruserid)", "Rows Removed by Index Recheck": 0, "Filter": "(u.creationdate <= '2014-09-06 07:57:40'::timestamp without time zone)", "Rows Removed by Filter": 0}]}, {"Node Type": "Index Scan", "Parent Relationship": "Inner", "Parallel Aware": false, "Scan Direction": "Forward", "Index Name": "idx_comments_postid", "Relation Name": "comments", "Schema": "public", "Alias": "c", "Startup Cost": 0.29, "Total Cost": 0.56, "Plan Rows": 3, "Plan Width": 4, "Actual Startup Time": 0.002, "Actual Total Time": 0.003, "Actual Rows": 2, "Actual Loops": 2192, "Output": ["c.id", "c.postid", "c.score", "c.creationdate", "c.userid"], "Index Cond": "(c.postid = p.id)", "Rows Removed by Index Recheck": 0, "Filter": "(c.score = 0)", "Rows Removed by Filter": 1}]}, {"Node Type": "Index Scan", "Parent Relationship": "Inner", "Parallel Aware": false, "Scan Direction": "Forward", "Index Name": "idx_posthistory_postid", "Relation Name": "posthistory", "Schema": "public", "Alias": "ph", "Startup Cost": 0.29, "Total Cost": 0.45, "Plan Rows": 1, "Plan Width": 4, "Actual Startup Time": 0.001, "Actual Total Time": 0.002, "Actual Rows": 1, "Actual Loops": 4768, "Output": ["ph.id", "ph.posthistorytypeid", "ph.postid", "ph.creationdate", "ph.userid"], "Index Cond": "(ph.postid = c.postid)", "Rows Removed by Index Recheck": 0, "Filter": "(ph.posthistorytypeid = 1)", "Rows Removed by Filter": 6}]}, {"Node Type": "Index Scan", "Parent Relationship": "Inner", "Parallel Aware": false, "Scan Direction": "Forward", "Index Name": "idx_votes_postid", "Relation Name": "votes", "Schema": "public", "Alias": "v", "Startup Cost": 0.29, "Total Cost": 0.52, "Plan Rows": 5, "Plan Width": 4, "Actual Startup Time": 0.001, "Actual Total Time": 0.003, "Actual Rows": 3, "Actual Loops": 4768, "Output": ["v.id", "v.postid", "v.votetypeid", "v.creationdate", "v.userid", "v.bountyamount"], "Index Cond": "(v.postid = c.postid)", "Rows Removed by Index Recheck": 0, "Filter": "((v.creationdate >= '2010-07-20 00:00:00'::timestamp without time zone) AND (v.votetypeid = 2))", "Rows Removed by Filter": 1}]}]}, "Planning Time": 3.538, "Triggers": [], "Execution Time": 48.814}]