[{"Plan": {"Node Type": "Aggregate", "Strategy": "Plain", "Partial Mode": "Simple", "Parallel Aware": false, "Startup Cost": 58953.31, "Total Cost": 58953.32, "Plan Rows": 1, "Plan Width": 8, "Actual Startup Time": 48.995, "Actual Total Time": 49.008, "Actual Rows": 1, "Actual Loops": 1, "Output": ["count(*)"], "Plans": [{"Node Type": "Hash Join", "Parent Relationship": "Outer", "Parallel Aware": false, "Join Type": "Inner", "Startup Cost": 2997.24, "Total Cost": 20341.45, "Plan Rows": 15444741, "Plan Width": 0, "Actual Startup Time": 48.98, "Actual Total Time": 48.991, "Actual Rows": 0, "Actual Loops": 1, "Inner Unique": false, "Hash Cond": "(ph.userid = u.id)", "Plans": [{"Node Type": "Nested Loop", "Parent Relationship": "Outer", "Parallel Aware": false, "Join Type": "Inner", "Startup Cost": 0.29, "Total Cost": 4972.53, "Plan Rows": 220433, "Plan Width": 8, "Actual Startup Time": 48.978, "Actual Total Time": 48.982, "Actual Rows": 0, "Actual Loops": 1, "Output": ["ph.userid", "b.userid"], "Inner Unique": false, "Plans": [{"Node Type": "Seq Scan", "Parent Relationship": "Outer", "Parallel Aware": false, "Relation Name": "posthistory", "Schema": "public", "Alias": "ph", "Startup Cost": 0.0, "Total Cost": 2572.93, "Plan Rows": 5880, "Plan Width": 4, "Actual Startup Time": 2.061, "Actual Total Time": 46.696, "Actual Rows": 5913, "Actual Loops": 1, "Output": ["ph.id", "ph.posthistorytypeid", "ph.postid", "ph.creationdate", "ph.userid"], "Filter": "(ph.posthistorytypeid = 25)", "Rows Removed by Filter": 124081}, {"Node Type": "Index Only Scan", "Parent Relationship": "Inner", "Parallel Aware": false, "Scan Direction": "Forward", "Index Name": "idx_badges_userid", "Relation Name": "badges", "Schema": "public", "Alias": "b", "Startup Cost": 0.29, "Total Cost": 0.38, "Plan Rows": 3, "Plan Width": 4, "Actual Startup Time": 0.0, "Actual Total Time": 0.0, "Actual Rows": 0, "Actual Loops": 5913, "Output": ["b.userid"], "Index Cond": "(b.userid = ph.userid)", "Rows Removed by Index Recheck": 0, "Heap Fetches": 0}]}, {"Node Type": "Hash", "Parent Relationship": "Inner", "Parallel Aware": false, "Startup Cost": 2030.98, "Total Cost": 2030.98, "Plan Rows": 77278, "Plan Width": 8, "Actual Startup Time": 0.0, "Actual Total Time": 0.0, "Actual Rows": 0, "Actual Loops": 0, "Output": ["c.userid", "u.id"], "Plans": [{"Node Type": "Hash Join", "Parent Relationship": "Outer", "Parallel Aware": false, "Join Type": "Inner", "Startup Cost": 446.04, "Total Cost": 2030.98, "Plan Rows": 77278, "Plan Width": 8, "Actual Startup Time": 0.0, "Actual Total Time": 0.0, "Actual Rows": 0, "Actual Loops": 0, "Output": ["c.userid", "u.id"], "Inner Unique": true, "Hash Cond": "(c.userid = u.id)", "Plans": [{"Node Type": "Seq Scan", "Parent Relationship": "Outer", "Parallel Aware": false, "Relation Name": "comments", "Schema": "public", "Alias": "c", "Startup Cost": 0.0, "Total Cost": 1376.57, "Plan Rows": 79357, "Plan Width": 4, "Actual Startup Time": 0.0, "Actual Total Time": 0.0, "Actual Rows": 0, "Actual Loops": 0, "Output": ["c.id", "c.postid", "c.score", "c.creationdate", "c.userid"]}, {"Node Type": "Hash", "Parent Relationship": "Inner", "Parallel Aware": false, "Startup Cost": 259.35, "Total Cost": 259.35, "Plan Rows": 14935, "Plan Width": 4, "Actual Startup Time": 0.0, "Actual Total Time": 0.0, "Actual Rows": 0, "Actual Loops": 0, "Output": ["u.id"], "Plans": [{"Node Type": "Seq Scan", "Parent Relationship": "Outer", "Parallel Aware": false, "Relation Name": "users", "Schema": "public", "Alias": "u", "Startup Cost": 0.0, "Total Cost": 259.35, "Plan Rows": 14935, "Plan Width": 4, "Actual Startup Time": 0.0, "Actual Total Time": 0.0, "Actual Rows": 0, "Actual Loops": 0, "Output": ["u.id"]}]}]}]}]}]}, "Planning Time": 4.119, "Triggers": [], "Execution Time": 49.167}]#####[{"Plan": {"Node Type": "Aggregate", "Strategy": "Plain", "Partial Mode": "Simple", "Parallel Aware": false, "Startup Cost": 393033.32, "Total Cost": 393033.33, "Plan Rows": 1, "Plan Width": 8, "Actual Startup Time": 46.0, "Actual Total Time": 46.011, "Actual Rows": 1, "Actual Loops": 1, "Output": ["count(*)"], "Plans": [{"Node Type": "Hash Join", "Parent Relationship": "Outer", "Parallel Aware": false, "Join Type": "Inner", "Startup Cost": 4097.16, "Total Cost": 6914.79, "Plan Rows": 154447413, "Plan Width": 0, "Actual Startup Time": 45.984, "Actual Total Time": 45.994, "Actual Rows": 0, "Actual Loops": 1, "Inner Unique": false, "Hash Cond": "(c.userid = u.id)", "Plans": [{"Node Type": "Seq Scan", "Parent Relationship": "Outer", "Parallel Aware": false, "Relation Name": "comments", "Schema": "public", "Alias": "c", "Startup Cost": 0.0, "Total Cost": 1376.57, "Plan Rows": 79357, "Plan Width": 4, "Actual Startup Time": 0.024, "Actual Total Time": 0.026, "Actual Rows": 1, "Actual Loops": 1, "Output": ["c.id", "c.postid", "c.score", "c.creationdate", "c.userid"]}, {"Node Type": "Hash", "Parent Relationship": "Inner", "Parallel Aware": false, "Startup Cost": 3844.89, "Total Cost": 3844.89, "Plan Rows": 20182, "Plan Width": 12, "Actual Startup Time": 45.691, "Actual Total Time": 45.697, "Actual Rows": 0, "Actual Loops": 1, "Output": ["ph.userid", "b.userid", "u.id"], "Hash Buckets": 32768, "Original Hash Buckets": 32768, "Hash Batches": 1, "Original Hash Batches": 1, "Peak Memory Usage": 256, "Plans": [{"Node Type": "Hash Join", "Parent Relationship": "Outer", "Parallel Aware": false, "Join Type": "Inner", "Startup Cost": 3101.7, "Total Cost": 3844.89, "Plan Rows": 20182, "Plan Width": 12, "Actual Startup Time": 45.69, "Actual Total Time": 45.696, "Actual Rows": 0, "Actual Loops": 1, "Output": ["ph.userid", "b.userid", "u.id"], "Inner Unique": false, "Hash Cond": "(b.userid = u.id)", "Plans": [{"Node Type": "Seq Scan", "Parent Relationship": "Outer", "Parallel Aware": false, "Relation Name": "badges", "Schema": "public", "Alias": "b", "Startup Cost": 0.0, "Total Cost": 503.24, "Plan Rows": 32624, "Plan Width": 4, "Actual Startup Time": 0.014, "Actual Total Time": 0.014, "Actual Rows": 1, "Actual Loops": 1, "Output": ["b.id", "b.userid", "b.date"]}, {"Node Type": "Hash", "Parent Relationship": "Inner", "Parallel Aware": false, "Startup Cost": 3034.4, "Total Cost": 3034.4, "Plan Rows": 5384, "Plan Width": 8, "Actual Startup Time": 45.623, "Actual Total Time": 45.628, "Actual Rows": 0, "Actual Loops": 1, "Output": ["ph.userid", "u.id"], "Hash Buckets": 8192, "Original Hash Buckets": 8192, "Hash Batches": 1, "Original Hash Batches": 1, "Peak Memory Usage": 64, "Plans": [{"Node Type": "Hash Join", "Parent Relationship": "Outer", "Parallel Aware": false, "Join Type": "Inner", "Startup Cost": 446.04, "Total Cost": 3034.4, "Plan Rows": 5384, "Plan Width": 8, "Actual Startup Time": 45.622, "Actual Total Time": 45.626, "Actual Rows": 0, "Actual Loops": 1, "Output": ["ph.userid", "u.id"], "Inner Unique": true, "Hash Cond": "(ph.userid = u.id)", "Plans": [{"Node Type": "Seq Scan", "Parent Relationship": "Outer", "Parallel Aware": false, "Relation Name": "posthistory", "Schema": "public", "Alias": "ph", "Startup Cost": 0.0, "Total Cost": 2572.93, "Plan Rows": 5880, "Plan Width": 4, "Actual Startup Time": 5.843, "Actual Total Time": 26.284, "Actual Rows": 5913, "Actual Loops": 1, "Output": ["ph.id", "ph.posthistorytypeid", "ph.postid", "ph.creationdate", "ph.userid"], "Filter": "(ph.posthistorytypeid = 25)", "Rows Removed by Filter": 124081}, {"Node Type": "Hash", "Parent Relationship": "Inner", "Parallel Aware": false, "Startup Cost": 259.35, "Total Cost": 259.35, "Plan Rows": 14935, "Plan Width": 4, "Actual Startup Time": 18.594, "Actual Total Time": 18.596, "Actual Rows": 14935, "Actual Loops": 1, "Output": ["u.id"], "Hash Buckets": 16384, "Original Hash Buckets": 16384, "Hash Batches": 1, "Original Hash Batches": 1, "Peak Memory Usage": 654, "Plans": [{"Node Type": "Seq Scan", "Parent Relationship": "Outer", "Parallel Aware": false, "Relation Name": "users", "Schema": "public", "Alias": "u", "Startup Cost": 0.0, "Total Cost": 259.35, "Plan Rows": 14935, "Plan Width": 4, "Actual Startup Time": 0.021, "Actual Total Time": 12.441, "Actual Rows": 14935, "Actual Loops": 1, "Output": ["u.id"]}]}]}]}]}]}]}]}, "Planning Time": 4.116, "Triggers": [], "Execution Time": 46.323}]#####[{"Plan": {"Node Type": "Aggregate", "Strategy": "Plain", "Partial Mode": "Simple", "Parallel Aware": false, "Startup Cost": 391653.49, "Total Cost": 391653.5, "Plan Rows": 1, "Plan Width": 8, "Actual Startup Time": 18.244, "Actual Total Time": 18.254, "Actual Rows": 1, "Actual Loops": 1, "Output": ["count(*)"], "Plans": [{"Node Type": "Nested Loop", "Parent Relationship": "Outer", "Parallel Aware": false, "Join Type": "Inner", "Startup Cost": 3101.99, "Total Cost": 5534.96, "Plan Rows": 154447413, "Plan Width": 0, "Actual Startup Time": 18.231, "Actual Total Time": 18.241, "Actual Rows": 0, "Actual Loops": 1, "Inner Unique": false, "Plans": [{"Node Type": "Hash Join", "Parent Relationship": "Outer", "Parallel Aware": false, "Join Type": "Inner", "Startup Cost": 3101.7, "Total Cost": 3844.89, "Plan Rows": 2018, "Plan Width": 12, "Actual Startup Time": 18.23, "Actual Total Time": 18.238, "Actual Rows": 0, "Actual Loops": 1, "Output": ["ph.userid", "b.userid", "u.id"], "Inner Unique": false, "Hash Cond": "(b.userid = u.id)", "Plans": [{"Node Type": "Seq Scan", "Parent Relationship": "Outer", "Parallel Aware": false, "Relation Name": "badges", "Schema": "public", "Alias": "b", "Startup Cost": 0.0, "Total Cost": 503.24, "Plan Rows": 32624, "Plan Width": 4, "Actual Startup Time": 0.015, "Actual Total Time": 0.019, "Actual Rows": 1, "Actual Loops": 1, "Output": ["b.id", "b.userid", "b.date"]}, {"Node Type": "Hash", "Parent Relationship": "Inner", "Parallel Aware": false, "Startup Cost": 3034.4, "Total Cost": 3034.4, "Plan Rows": 5384, "Plan Width": 8, "Actual Startup Time": 18.155, "Actual Total Time": 18.16, "Actual Rows": 0, "Actual Loops": 1, "Output": ["ph.userid", "u.id"], "Hash Buckets": 8192, "Original Hash Buckets": 8192, "Hash Batches": 1, "Original Hash Batches": 1, "Peak Memory Usage": 64, "Plans": [{"Node Type": "Hash Join", "Parent Relationship": "Outer", "Parallel Aware": false, "Join Type": "Inner", "Startup Cost": 446.04, "Total Cost": 3034.4, "Plan Rows": 5384, "Plan Width": 8, "Actual Startup Time": 18.154, "Actual Total Time": 18.158, "Actual Rows": 0, "Actual Loops": 1, "Output": ["ph.userid", "u.id"], "Inner Unique": true, "Hash Cond": "(ph.userid = u.id)", "Plans": [{"Node Type": "Seq Scan", "Parent Relationship": "Outer", "Parallel Aware": false, "Relation Name": "posthistory", "Schema": "public", "Alias": "ph", "Startup Cost": 0.0, "Total Cost": 2572.93, "Plan Rows": 5880, "Plan Width": 4, "Actual Startup Time": 1.736, "Actual Total Time": 13.271, "Actual Rows": 5913, "Actual Loops": 1, "Output": ["ph.id", "ph.posthistorytypeid", "ph.postid", "ph.creationdate", "ph.userid"], "Filter": "(ph.posthistorytypeid = 25)", "Rows Removed by Filter": 124081}, {"Node Type": "Hash", "Parent Relationship": "Inner", "Parallel Aware": false, "Startup Cost": 259.35, "Total Cost": 259.35, "Plan Rows": 14935, "Plan Width": 4, "Actual Startup Time": 4.496, "Actual Total Time": 4.498, "Actual Rows": 14935, "Actual Loops": 1, "Output": ["u.id"], "Hash Buckets": 16384, "Original Hash Buckets": 16384, "Hash Batches": 1, "Original Hash Batches": 1, "Peak Memory Usage": 654, "Plans": [{"Node Type": "Seq Scan", "Parent Relationship": "Outer", "Parallel Aware": false, "Relation Name": "users", "Schema": "public", "Alias": "u", "Startup Cost": 0.0, "Total Cost": 259.35, "Plan Rows": 14935, "Plan Width": 4, "Actual Startup Time": 0.012, "Actual Total Time": 2.527, "Actual Rows": 14935, "Actual Loops": 1, "Output": ["u.id"]}]}]}]}]}, {"Node Type": "Index Only Scan", "Parent Relationship": "Inner", "Parallel Aware": false, "Scan Direction": "Forward", "Index Name": "idx_comments_userid", "Relation Name": "comments", "Schema": "public", "Alias": "c", "Startup Cost": 0.29, "Total Cost": 0.65, "Plan Rows": 19, "Plan Width": 4, "Actual Startup Time": 0.0, "Actual Total Time": 0.0, "Actual Rows": 0, "Actual Loops": 0, "Output": ["c.userid"], "Index Cond": "(c.userid = u.id)", "Rows Removed by Index Recheck": 0, "Heap Fetches": 0}]}]}, "Planning Time": 4.127, "Triggers": [], "Execution Time": 18.433}]